NOW DOING s=0.09!
===============================================
              PySCF DHF interface              
===============================================

Timing report
....integral reading:       0.4806025 s

===============================================
            Relativistic CASCI(3,8)            
===============================================
Will now allocate 0.050 MB memory for the CASCI Hamiltonian!
Time taken for 1-RDM build:        0.0057025 s
Time taken for 1-RDM build:        0.0056784 s
Time taken for 1-RDM build:        0.0056489 s
Time taken for 1-RDM build:        0.0056646 s
Time taken for 1-RDM build:        0.0056643 s
Time taken for 1-RDM build:        0.0056775 s
Time taken for 2-RDM build:        0.0253627 s
Time taken for 2-RDM build:        0.0231168 s
Time taken for 2-RDM build:        0.0232112 s
Time taken for 2-RDM build:        0.0231593 s
Time taken for 2-RDM build:        0.0231755 s
Time taken for 2-RDM build:        0.0231364 s
Time taken for 3-RDM build:        0.0650456 s
Time taken for 3-RDM build:        0.0649414 s
Time taken for 3-RDM build:        0.0643382 s
Time taken for 3-RDM build:        0.0643322 s
Time taken for 3-RDM build:        0.0643582 s
Time taken for 3-RDM build:        0.0643926 s
E_frzc:                          -21.9899228 Eh
E_cas:                            -2.5754278 Eh
E_nuc:                             0.0000000 Eh
E_casci:                         -24.5653104 Eh
E0 (from RDM):                   -24.5653104 Eh
Ecorr:                            -0.2764703 Eh

Timing summary
... Hamil build:                    0.0167105 s
... Hamil diag:                     0.0005705 s
... RDM build:                      1.6780252 s
State     Energy / Eh         Splitting / Eh      Splitting / cm-1    Splitting / meV     
0         -2.4565351e+01      +0.0000000e+00      +0.0000000e+00      +0.0000000e+00      
1         -2.4565351e+01      +1.6292141e-09      +3.5757116e-04      +4.4333195e-05      
2         -2.4565290e+01      +6.0370290e-05      +1.3249747e+01      +1.6427601e+00      
3         -2.4565290e+01      +8.2750518e-10      +1.8161639e-04      +2.2517574e-05      
4         -2.4565290e+01      +8.6880192e-10      +1.9067998e-04      +2.3641316e-05      
5         -2.4565290e+01      +1.8699744e-09      +4.1041194e-04      +5.0884619e-05      
Total time taken:                   1.7995086 s
===============================================

===============================================
            Relativistic DSRG-MRPT2            
===============================================
-----------------------------------------------
        DSRG-MRPT2 reference relaxation        
-----------------------------------------------
Iter                          Energy              Delta E   
   -Eref  -24.5653104       
   -Ecorr -0.0558249       
<Psi^(0)|Hbar^(0)|Psi^(0)>    -24.6211353         -2.46211e+01
   -Erelax-0.0001396       
<Psi^(0)|Hbar^(1)|Psi^(0)>    -24.6212749         -1.39600e-04
   -Eref  -24.5651672       
   -Ecorr -0.0560848       
<Psi^(1)|Hbar^(1)|Psi^(1)>    -24.6212520         2.29286e-05
   -Erelax-0.0000000       
<Psi^(1)|Hbar^(2)|Psi^(1)>    -24.6212520         -3.31010e-10
   -Eref  -24.5651668       
   -Ecorr -0.0560852       
<Psi^(2)|Hbar^(2)|Psi^(2)>    -24.6212519         3.41325e-08
   -Erelax-0.0000000       
<Psi^(2)|Hbar^(3)|Psi^(2)>    -24.6212519         0.00000e+00
   -Eref  -24.5651668       
   -Ecorr -0.0560852       
<Psi^(3)|Hbar^(3)|Psi^(3)>    -24.6212519         4.98801e-11
   -Erelax0.0000000       
<Psi^(3)|Hbar^(4)|Psi^(3)>    -24.6212519         3.55271e-15
Unrelaxed DSRG-MRPT2 energy:               -24.6211353 Eh
Unrelaxed DSRG-MRPT2 E_corr:                -0.0558249 Eh
Partially relaxed DSRG-MRPT2 energy:       -24.6212749 Eh
Partially relaxed DSRG-MRPT2 E_corr:        -0.0559645 Eh
Relaxed DSRG-MRPT2 energy:                 -24.6212520 Eh
Relaxed DSRG-MRPT2 E_corr:                  -0.0560848 Eh
Fully relaxed DSRG-MRPT2 energy:           -24.6212519 Eh
Fully relaxed DSRG-MRPT2 E_corr:            -0.0560852 Eh
State     Energy / Eh         Splitting / Eh      Splitting / cm-1    Splitting / meV     
0         -2.4621295e+01      +0.0000000e+00      +0.0000000e+00      +0.0000000e+00      
1         -2.4621295e+01      +1.0839685e-09      +2.3790358e-04      +2.9496299e-05      
2         -2.4621230e+01      +6.4621376e-05      +1.4182753e+01      +1.7584380e+00      
3         -2.4621230e+01      +5.5550942e-10      +1.2192022e-04      +1.5116188e-05      
4         -2.4621230e+01      +5.6712324e-10      +1.2446916e-04      +1.5432217e-05      
5         -2.4621230e+01      +1.2446080e-09      +2.7315987e-04      +3.3867524e-05      
Time taken:                       16.3674448 s
===============================================
===============================================
              PySCF DHF interface              
===============================================

Timing report
....integral reading:       0.4802506 s

===============================================
            Relativistic CASCI(4,8)            
===============================================
Will now allocate 0.078 MB memory for the CASCI Hamiltonian!
Time taken for 1-RDM build:        0.0082488 s
Time taken for 1-RDM build:        0.0080581 s
Time taken for 1-RDM build:        0.0080628 s
Time taken for 1-RDM build:        0.0080452 s
Time taken for 1-RDM build:        0.0080438 s
Time taken for 1-RDM build:        0.0080433 s
Time taken for 1-RDM build:        0.0080864 s
Time taken for 1-RDM build:        0.0080681 s
Time taken for 1-RDM build:        0.0080669 s
Time taken for 2-RDM build:        0.0356948 s
Time taken for 2-RDM build:        0.0345416 s
Time taken for 2-RDM build:        0.0345259 s
Time taken for 2-RDM build:        0.0345137 s
Time taken for 2-RDM build:        0.0345824 s
Time taken for 2-RDM build:        0.0345528 s
Time taken for 2-RDM build:        0.0345404 s
Time taken for 2-RDM build:        0.0345228 s
Time taken for 2-RDM build:        0.0345156 s
Time taken for 3-RDM build:        0.1518111 s
Time taken for 3-RDM build:        0.1508098 s
Time taken for 3-RDM build:        0.1508017 s
Time taken for 3-RDM build:        0.1507251 s
Time taken for 3-RDM build:        0.1506910 s
Time taken for 3-RDM build:        0.1505911 s
Time taken for 3-RDM build:        0.1502888 s
Time taken for 3-RDM build:        0.1504290 s
Time taken for 3-RDM build:        0.1504781 s
E_frzc:                          -32.3709352 Eh
E_cas:                            -5.3467114 Eh
E_nuc:                             0.0000000 Eh
E_casci:                         -37.7175257 Eh
E0 (from RDM):                   -37.7175257 Eh
Ecorr:                            -0.4429083 Eh

Timing summary
... Hamil build:                    0.0255527 s
... Hamil diag:                     0.0009909 s
... RDM build:                      2.8420532 s
State     Energy / Eh         Splitting / Eh      Splitting / cm-1    Splitting / meV     
0         -3.7717647e+01      +0.0000000e+00      +0.0000000e+00      +0.0000000e+00      
1         -3.7717578e+01      +6.8056777e-05      +1.4936736e+01      +1.8519201e+00      
2         -3.7717578e+01      +1.0789947e-09      +2.3681196e-04      +2.9360955e-05      
3         -3.7717578e+01      +1.2285639e-09      +2.6963861e-04      +3.3430943e-05      
4         -3.7717470e+01      +1.0852195e-04      +2.3817815e+01      +2.9530341e+00      
5         -3.7717470e+01      +3.7324810e-10      +8.1918488e-05      +1.0156603e-05      
6         -3.7717470e+01      +9.5213437e-10      +2.0896934e-04      +2.5908908e-05      
7         -3.7717470e+01      +4.4995119e-10      +9.8752870e-05      +1.2243801e-05      
8         -3.7717470e+01      +5.6218852e-10      +1.2338612e-04      +1.5297936e-05      
Total time taken:                   2.9727767 s
===============================================

===============================================
            Relativistic DSRG-MRPT2            
===============================================
-----------------------------------------------
        DSRG-MRPT2 reference relaxation        
-----------------------------------------------
Iter                          Energy              Delta E   
   -Eref  -37.7175257       
   -Ecorr -0.0892496       
<Psi^(0)|Hbar^(0)|Psi^(0)>    -37.8067753         -3.78068e+01
   -Erelax-0.0000533       
<Psi^(0)|Hbar^(1)|Psi^(0)>    -37.8068286         -5.33132e-05
   -Eref  -37.7174708       
   -Ecorr -0.0893846       
<Psi^(1)|Hbar^(1)|Psi^(1)>    -37.8068554         -2.67405e-05
   -Erelax-0.0000000       
<Psi^(1)|Hbar^(2)|Psi^(1)>    -37.8068554         -1.13111e-10
   -Eref  -37.7174710       
   -Ecorr -0.0893844       
<Psi^(2)|Hbar^(2)|Psi^(2)>    -37.8068553         3.78901e-08
   -Erelax-0.0000000       
<Psi^(2)|Hbar^(3)|Psi^(2)>    -37.8068553         0.00000e+00
   -Eref  -37.7174710       
   -Ecorr -0.0893844       
<Psi^(3)|Hbar^(3)|Psi^(3)>    -37.8068553         -4.87645e-11
   -Erelax-0.0000000       
<Psi^(3)|Hbar^(4)|Psi^(3)>    -37.8068553         -7.10543e-15
Unrelaxed DSRG-MRPT2 energy:               -37.8067753 Eh
Unrelaxed DSRG-MRPT2 E_corr:                -0.0892496 Eh
Partially relaxed DSRG-MRPT2 energy:       -37.8068286 Eh
Partially relaxed DSRG-MRPT2 E_corr:        -0.0893029 Eh
Relaxed DSRG-MRPT2 energy:                 -37.8068554 Eh
Relaxed DSRG-MRPT2 E_corr:                  -0.0893846 Eh
Fully relaxed DSRG-MRPT2 energy:           -37.8068553 Eh
Fully relaxed DSRG-MRPT2 E_corr:            -0.0893844 Eh
State     Energy / Eh         Splitting / Eh      Splitting / cm-1    Splitting / meV     
0         -3.7806990e+01      +0.0000000e+00      +0.0000000e+00      +0.0000000e+00      
1         -3.7806915e+01      +7.4231673e-05      +1.6291969e+01      +2.0199477e+00      
2         -3.7806915e+01      +5.9991123e-10      +1.3166530e-04      +1.6324424e-05      
3         -3.7806915e+01      +6.6239636e-10      +1.4537920e-04      +1.8024732e-05      
4         -3.7806792e+01      +1.2294624e-04      +2.6983581e+01      +3.3455393e+00      
5         -3.7806792e+01      +2.0307311e-10      +4.4569397e-05      +5.5259035e-06      
6         -3.7806792e+01      +4.3698378e-10      +9.5906854e-05      +1.1890940e-05      
7         -3.7806792e+01      +2.8926905e-10      +6.3487218e-05      +7.8714156e-06      
8         -3.7806792e+01      +2.4326141e-10      +5.3389708e-05      +6.6194833e-06      
Time taken:                       19.9347270 s
===============================================
===============================================
              PySCF DHF interface              
===============================================

Timing report
....integral reading:       0.4873209 s

===============================================
            Relativistic CASCI(5,8)            
===============================================
Will now allocate 0.050 MB memory for the CASCI Hamiltonian!
Time taken for 1-RDM build:        0.0057082 s
Time taken for 1-RDM build:        0.0056868 s
Time taken for 1-RDM build:        0.0056667 s
Time taken for 1-RDM build:        0.0056536 s
Time taken for 1-RDM build:        0.0056899 s
Time taken for 1-RDM build:        0.0056915 s
Time taken for 1-RDM build:        0.0056744 s
Time taken for 1-RDM build:        0.0056536 s
Time taken for 1-RDM build:        0.0056434 s
Time taken for 1-RDM build:        0.0056872 s
Time taken for 1-RDM build:        0.0056548 s
Time taken for 1-RDM build:        0.0056882 s
Time taken for 1-RDM build:        0.0056694 s
Time taken for 1-RDM build:        0.0056636 s
Time taken for 2-RDM build:        0.0274239 s
Time taken for 2-RDM build:        0.0253069 s
Time taken for 2-RDM build:        0.0253193 s
Time taken for 2-RDM build:        0.0252726 s
Time taken for 2-RDM build:        0.0253561 s
Time taken for 2-RDM build:        0.0252590 s
Time taken for 2-RDM build:        0.0252805 s
Time taken for 2-RDM build:        0.0252874 s
Time taken for 2-RDM build:        0.0252895 s
Time taken for 2-RDM build:        0.0252490 s
Time taken for 2-RDM build:        0.0252953 s
Time taken for 2-RDM build:        0.0253124 s
Time taken for 2-RDM build:        0.0252552 s
Time taken for 2-RDM build:        0.0252414 s
Time taken for 3-RDM build:        0.1492445 s
Time taken for 3-RDM build:        0.1477478 s
Time taken for 3-RDM build:        0.1479909 s
Time taken for 3-RDM build:        0.1478417 s
Time taken for 3-RDM build:        0.1477175 s
Time taken for 3-RDM build:        0.1477842 s
Time taken for 3-RDM build:        0.1479962 s
Time taken for 3-RDM build:        0.1480398 s
Time taken for 3-RDM build:        0.1481342 s
Time taken for 3-RDM build:        0.1484699 s
Time taken for 3-RDM build:        0.1480806 s
Time taken for 3-RDM build:        0.1481640 s
Time taken for 3-RDM build:        0.1480696 s
Time taken for 3-RDM build:        0.1479287 s
E_frzc:                          -44.7567199 Eh
E_cas:                            -9.6666253 Eh
E_nuc:                             0.0000000 Eh
E_casci:                         -54.3487687 Eh
E0 (from RDM):                   -54.3487687 Eh
Ecorr:                            -0.4454114 Eh

Timing summary
... Hamil build:                    0.0209243 s
... Hamil diag:                     0.0004811 s
... RDM build:                      3.6392248 s
State     Energy / Eh         Splitting / Eh      Splitting / cm-1    Splitting / meV     
0         -5.4423345e+01      +0.0000000e+00      +0.0000000e+00      +0.0000000e+00      
1         -5.4423345e+01      +1.0766144e-09      +2.3628954e-04      +2.9296183e-05      
2         -5.4423345e+01      +1.0765220e-09      +2.3626926e-04      +2.9293669e-05      
3         -5.4423345e+01      +1.0763941e-09      +2.3624119e-04      +2.9290189e-05      
4         -5.4318958e+01      +1.0438692e-01      +2.2910281e+04      +2.8405142e+03      
5         -5.4318958e+01      +1.1012489e-09      +2.4169619e-04      +2.9966522e-05      
6         -5.4318958e+01      +1.1371313e-09      +2.4957147e-04      +3.0942933e-05      
7         -5.4318958e+01      +5.9976912e-10      +1.3163411e-04      +1.6320557e-05      
8         -5.4318958e+01      +1.1947563e-09      +2.6221870e-04      +3.2510990e-05      
9         -5.4318958e+01      +1.3782895e-09      +3.0249957e-04      +3.7505185e-05      
10        -5.4318908e+01      +5.0508872e-05      +1.1085416e+01      +1.3744171e+00      
11        -5.4318908e+01      +3.9502694e-09      +8.6698392e-04      +1.0749236e-04      
12        -5.4318908e+01      +3.0347778e-09      +6.6605673e-04      +8.2580549e-05      
13        -5.4318908e+01      +2.9868943e-09      +6.5554752e-04      +8.1277572e-05      
Total time taken:                   3.7647281 s
===============================================

===============================================
            Relativistic DSRG-MRPT2            
===============================================
-----------------------------------------------
        DSRG-MRPT2 reference relaxation        
-----------------------------------------------
Iter                          Energy              Delta E   
   -Eref  -54.3487687       
   -Ecorr -0.1427281       
<Psi^(0)|Hbar^(0)|Psi^(0)>    -54.4914967         -5.44915e+01
   -Erelax-0.0000000       
<Psi^(0)|Hbar^(1)|Psi^(0)>    -54.4914968         -1.91712e-08
   -Eref  -54.3487687       
   -Ecorr -0.1427281       
<Psi^(1)|Hbar^(1)|Psi^(1)>    -54.4914968         -1.90526e-08
   -Erelax-0.0000000       
<Psi^(1)|Hbar^(2)|Psi^(1)>    -54.4914968         -4.52616e-12
   -Eref  -54.3487687       
   -Ecorr -0.1427281       
<Psi^(2)|Hbar^(2)|Psi^(2)>    -54.4914968         3.00140e-10
   -Erelax-0.0000000       
<Psi^(2)|Hbar^(3)|Psi^(2)>    -54.4914968         -1.42109e-14
Unrelaxed DSRG-MRPT2 energy:               -54.4914967 Eh
Unrelaxed DSRG-MRPT2 E_corr:                -0.1427281 Eh
Partially relaxed DSRG-MRPT2 energy:       -54.4914968 Eh
Partially relaxed DSRG-MRPT2 E_corr:        -0.1427281 Eh
Relaxed DSRG-MRPT2 energy:                 -54.4914968 Eh
Relaxed DSRG-MRPT2 E_corr:                  -0.1427281 Eh
Fully relaxed DSRG-MRPT2 energy:           -54.4914968 Eh
Fully relaxed DSRG-MRPT2 E_corr:            -0.1427281 Eh
State     Energy / Eh         Splitting / Eh      Splitting / cm-1    Splitting / meV     
0         -5.4558237e+01      +0.0000000e+00      +0.0000000e+00      +0.0000000e+00      
1         -5.4558237e+01      +7.9387519e-10      +1.7423546e-04      +2.1602454e-05      
2         -5.4558237e+01      +7.9383966e-10      +1.7422767e-04      +2.1601488e-05      
3         -5.4558237e+01      +7.9377571e-10      +1.7421363e-04      +2.1599748e-05      
4         -5.4464819e+01      +9.3417915e-02      +2.0502862e+04      +2.5420321e+03      
5         -5.4464819e+01      +5.2533267e-10      +1.1529719e-04      +1.4295037e-05      
6         -5.4464819e+01      +4.2228976e-10      +9.2681889e-05      +1.1491095e-05      
7         -5.4464819e+01      +3.0699709e-10      +6.7378074e-05      +8.3538204e-06      
8         -5.4464819e+01      +3.8568260e-10      +8.4647545e-05      +1.0494963e-05      
9         -5.4464819e+01      +4.5478998e-10      +9.9814863e-05      +1.2375472e-05      
10        -5.4464774e+01      +4.4342692e-05      +9.7320959e+00      +1.2066267e+00      
11        -5.4464774e+01      +1.3178791e-09      +2.8924104e-04      +3.5861335e-05      
12        -5.4464774e+01      +1.0534862e-09      +2.3121349e-04      +2.8666833e-05      
13        -5.4464774e+01      +1.0117134e-09      +2.2204542e-04      +2.7530136e-05      
Time taken:                       15.4018266 s
===============================================
===============================================
              PySCF DHF interface              
===============================================

Timing report
....integral reading:       0.4813519 s

===============================================
            Relativistic CASCI(6,8)            
===============================================
Will now allocate 0.013 MB memory for the CASCI Hamiltonian!
Time taken for 1-RDM build:        0.0022118 s
Time taken for 1-RDM build:        0.0021896 s
Time taken for 1-RDM build:        0.0021839 s
Time taken for 1-RDM build:        0.0021977 s
Time taken for 1-RDM build:        0.0021842 s
Time taken for 1-RDM build:        0.0021863 s
Time taken for 1-RDM build:        0.0021946 s
Time taken for 1-RDM build:        0.0021892 s
Time taken for 1-RDM build:        0.0021794 s
Time taken for 2-RDM build:        0.0090158 s
Time taken for 2-RDM build:        0.0091531 s
Time taken for 2-RDM build:        0.0090806 s
Time taken for 2-RDM build:        0.0085251 s
Time taken for 2-RDM build:        0.0085194 s
Time taken for 2-RDM build:        0.0085301 s
Time taken for 2-RDM build:        0.0085118 s
Time taken for 2-RDM build:        0.0085316 s
Time taken for 2-RDM build:        0.0085213 s
Time taken for 3-RDM build:        0.0677028 s
Time taken for 3-RDM build:        0.0660799 s
Time taken for 3-RDM build:        0.0660534 s
Time taken for 3-RDM build:        0.0660572 s
Time taken for 3-RDM build:        0.0660646 s
Time taken for 3-RDM build:        0.0659492 s
Time taken for 3-RDM build:        0.0660465 s
Time taken for 3-RDM build:        0.0660038 s
Time taken for 3-RDM build:        0.0659776 s
E_frzc:                          -59.1480236 Eh
E_cas:                           -15.7034833 Eh
E_nuc:                             0.0000000 Eh
E_casci:                         -74.8511626 Eh
E0 (from RDM):                   -74.8511626 Eh
Ecorr:                            -0.3302227 Eh

Timing summary
... Hamil build:                    0.0085528 s
... Hamil diag:                     0.0002320 s
... RDM build:                      1.7882931 s
State     Energy / Eh         Splitting / Eh      Splitting / cm-1    Splitting / meV     
0         -7.4851507e+01      +0.0000000e+00      +0.0000000e+00      +0.0000000e+00      
1         -7.4851507e+01      +6.1121170e-09      +1.3414546e-03      +1.6631926e-04      
2         -7.4851507e+01      +6.8041430e-09      +1.4933368e-03      +1.8515025e-04      
3         -7.4851507e+01      +7.2887332e-09      +1.5996920e-03      +1.9833663e-04      
4         -7.4851507e+01      +9.8174127e-09      +2.1546730e-03      +2.6714553e-04      
5         -7.4850809e+01      +6.9818897e-04      +1.5323477e+02      +1.8998699e+01      
6         -7.4850809e+01      +7.3982136e-09      +1.6237202e-03      +2.0131574e-04      
7         -7.4850809e+01      +7.5923197e-09      +1.6663215e-03      +2.0659764e-04      
8         -7.4850503e+01      +3.0523771e-04      +6.6991933e+01      +8.3059451e+00      
Total time taken:                   1.9012043 s
===============================================

===============================================
            Relativistic DSRG-MRPT2            
===============================================
-----------------------------------------------
        DSRG-MRPT2 reference relaxation        
-----------------------------------------------
Iter                          Energy              Delta E   
   -Eref  -74.8511626       
   -Ecorr -0.1981400       
<Psi^(0)|Hbar^(0)|Psi^(0)>    -75.0493026         -7.50493e+01
   -Erelax-0.0000000       
<Psi^(0)|Hbar^(1)|Psi^(0)>    -75.0493026         -6.56716e-09
   -Eref  -74.8511626       
   -Ecorr -0.1981400       
<Psi^(1)|Hbar^(1)|Psi^(1)>    -75.0493026         1.24988e-08
   -Erelax-0.0000000       
<Psi^(1)|Hbar^(2)|Psi^(1)>    -75.0493026         -4.06146e-11
   -Eref  -74.8511626       
   -Ecorr -0.1981400       
<Psi^(2)|Hbar^(2)|Psi^(2)>    -75.0493026         -1.58019e-09
   -Erelax-0.0000000       
<Psi^(2)|Hbar^(3)|Psi^(2)>    -75.0493026         -5.11591e-13
Unrelaxed DSRG-MRPT2 energy:               -75.0493026 Eh
Unrelaxed DSRG-MRPT2 E_corr:                -0.1981400 Eh
Partially relaxed DSRG-MRPT2 energy:       -75.0493026 Eh
Partially relaxed DSRG-MRPT2 E_corr:        -0.1981400 Eh
Relaxed DSRG-MRPT2 energy:                 -75.0493026 Eh
Relaxed DSRG-MRPT2 E_corr:                  -0.1981400 Eh
Fully relaxed DSRG-MRPT2 energy:           -75.0493026 Eh
Fully relaxed DSRG-MRPT2 E_corr:            -0.1981400 Eh
State     Energy / Eh         Splitting / Eh      Splitting / cm-1    Splitting / meV     
0         -7.5049621e+01      +0.0000000e+00      +0.0000000e+00      +0.0000000e+00      
1         -7.5049621e+01      +4.8908362e-09      +1.0734145e-03      +1.3308649e-04      
2         -7.5049621e+01      +4.8509605e-09      +1.0646628e-03      +1.3200142e-04      
3         -7.5049621e+01      +5.7282534e-09      +1.2572063e-03      +1.5587379e-04      
4         -7.5049621e+01      +6.8704509e-09      +1.5078897e-03      +1.8695458e-04      
5         -7.5048974e+01      +6.4750509e-04      +1.4211094e+02      +1.7619519e+01      
6         -7.5048974e+01      +5.6893867e-09      +1.2486760e-03      +1.5481617e-04      
7         -7.5048974e+01      +5.4456422e-09      +1.1951803e-03      +1.4818354e-04      
8         -7.5048696e+01      +2.7761009e-04      +6.0928371e+01      +7.5541589e+00      
Time taken:                       11.8256679 s
===============================================
===============================================
              PySCF DHF interface              
===============================================

Timing report
....integral reading:       0.4815340 s

===============================================
            Relativistic CASCI(7,8)            
===============================================
Will now allocate 0.001 MB memory for the CASCI Hamiltonian!
Time taken for 1-RDM build:        0.0003738 s
Time taken for 1-RDM build:        0.0003622 s
Time taken for 1-RDM build:        0.0003629 s
Time taken for 1-RDM build:        0.0003593 s
Time taken for 1-RDM build:        0.0003626 s
Time taken for 1-RDM build:        0.0003595 s
Time taken for 2-RDM build:        0.0011845 s
Time taken for 2-RDM build:        0.0011430 s
Time taken for 2-RDM build:        0.0011356 s
Time taken for 2-RDM build:        0.0011296 s
Time taken for 2-RDM build:        0.0011356 s
Time taken for 2-RDM build:        0.0011308 s
Time taken for 3-RDM build:        0.0174394 s
Time taken for 3-RDM build:        0.0123341 s
Time taken for 3-RDM build:        0.0123649 s
Time taken for 3-RDM build:        0.0123382 s
Time taken for 3-RDM build:        0.0123405 s
Time taken for 3-RDM build:        0.0123720 s
E_frzc:                          -75.5478008 Eh
E_cas:                           -23.9325131 Eh
E_nuc:                             0.0000000 Eh
E_casci:                         -99.4797328 Eh
E0 (from RDM):                   -99.4797328 Eh
Ecorr:                            -0.1043819 Eh

Timing summary
... Hamil build:                    0.0016890 s
... Hamil diag:                     0.0000765 s
... RDM build:                      1.1841533 s
State     Energy / Eh         Splitting / Eh      Splitting / cm-1    Splitting / meV     
0         -9.9480314e+01      +0.0000000e+00      +0.0000000e+00      +0.0000000e+00      
1         -9.9480314e+01      +2.4031038e-08      +5.2742033e-03      +6.5391818e-04      
2         -9.9480314e+01      +6.9549486e-09      +1.5264348e-03      +1.8925388e-04      
3         -9.9480314e+01      +2.1663141e-08      +4.7545098e-03      +5.8948436e-04      
4         -9.9478571e+01      +1.7431739e-03      +3.8258245e+02      +4.7434202e+01      
5         -9.9478571e+01      +1.6993980e-08      +3.7297474e-03      +4.6242996e-04      
Total time taken:                   1.2875543 s
===============================================

===============================================
            Relativistic DSRG-MRPT2            
===============================================
-----------------------------------------------
        DSRG-MRPT2 reference relaxation        
-----------------------------------------------
Iter                          Energy              Delta E   
   -Eref  -99.4797328       
   -Ecorr -0.2609165       
<Psi^(0)|Hbar^(0)|Psi^(0)>    -99.7406492         -9.97406e+01
   -Erelax-0.0000000       
<Psi^(0)|Hbar^(1)|Psi^(0)>    -99.7406492         -1.42109e-14
   -Eref  -99.4797328       
   -Ecorr -0.2609165       
<Psi^(1)|Hbar^(1)|Psi^(1)>    -99.7406492         1.42109e-14
   -Erelax-0.0000000       
<Psi^(1)|Hbar^(2)|Psi^(1)>    -99.7406492         -1.42109e-14
Unrelaxed DSRG-MRPT2 energy:               -99.7406492 Eh
Unrelaxed DSRG-MRPT2 E_corr:                -0.2609165 Eh
Partially relaxed DSRG-MRPT2 energy:       -99.7406492 Eh
Partially relaxed DSRG-MRPT2 E_corr:        -0.2609165 Eh
Relaxed DSRG-MRPT2 energy:                 -99.7406492 Eh
Relaxed DSRG-MRPT2 E_corr:                  -0.2609165 Eh
Fully relaxed DSRG-MRPT2 energy:           -99.7406492 Eh
Fully relaxed DSRG-MRPT2 E_corr:            -0.2609165 Eh
State     Energy / Eh         Splitting / Eh      Splitting / cm-1    Splitting / meV     
0         -9.9741233e+01      +0.0000000e+00      +0.0000000e+00      +0.0000000e+00      
1         -9.9741233e+01      +1.1482143e-08      +2.5200391e-03      +3.1244518e-04      
2         -9.9741233e+01      +6.4585493e-09      +1.4174877e-03      +1.7574616e-04      
3         -9.9741233e+01      +8.4374108e-09      +1.8517976e-03      +2.2959375e-04      
4         -9.9739482e+01      +1.7511775e-03      +3.8433903e+02      +4.7651990e+01      
5         -9.9739482e+01      +1.0399816e-08      +2.2824958e-03      +2.8299355e-04      
Time taken:                        6.2158761 s
===============================================
===============================================
              PySCF DHF interface              
===============================================

Timing report
....integral reading:       1.8451502 s

===============================================
            Relativistic CASCI(3,8)            
===============================================
Will now allocate 0.050 MB memory for the CASCI Hamiltonian!
Time taken for 1-RDM build:        0.0056779 s
Time taken for 1-RDM build:        0.0056453 s
Time taken for 1-RDM build:        0.0056598 s
Time taken for 1-RDM build:        0.0056469 s
Time taken for 1-RDM build:        0.0056527 s
Time taken for 1-RDM build:        0.0056293 s
Time taken for 2-RDM build:        0.0231555 s
Time taken for 2-RDM build:        0.0230691 s
Time taken for 2-RDM build:        0.0231073 s
Time taken for 2-RDM build:        0.0230091 s
Time taken for 2-RDM build:        0.0230730 s
Time taken for 2-RDM build:        0.0230532 s
Time taken for 3-RDM build:        0.0652344 s
Time taken for 3-RDM build:        0.0642369 s
Time taken for 3-RDM build:        0.0642037 s
Time taken for 3-RDM build:        0.0641730 s
Time taken for 3-RDM build:        0.0642853 s
Time taken for 3-RDM build:        0.0641608 s
E_frzc:                         -240.4061812 Eh
E_cas:                            -1.8986420 Eh
E_nuc:                             0.0000000 Eh
E_casci:                        -242.3045291 Eh
E0 (from RDM):                  -242.3045291 Eh
Ecorr:                            -0.1899047 Eh

Timing summary
... Hamil build:                    0.0165820 s
... Hamil diag:                     0.0004673 s
... RDM build:                      3.6308661 s
State     Energy / Eh         Splitting / Eh      Splitting / cm-1    Splitting / meV     
0         -2.4230482e+02      +0.0000000e+00      +0.0000000e+00      +0.0000000e+00      
1         -2.4230482e+02      +1.0992665e-09      +2.4126110e-04      +2.9912578e-05      
2         -2.4230438e+02      +4.4107881e-04      +9.6805609e+01      +1.2002372e+01      
3         -2.4230438e+02      +1.0805650e-09      +2.3715660e-04      +2.9403685e-05      
4         -2.4230438e+02      +8.9775654e-10      +1.9703478e-04      +2.4429211e-05      
5         -2.4230438e+02      +3.6629899e-10      +8.0393336e-05      +9.9675080e-06      
Total time taken:                   3.9649267 s
===============================================

===============================================
            Relativistic DSRG-MRPT2            
===============================================
-----------------------------------------------
        DSRG-MRPT2 reference relaxation        
-----------------------------------------------
Iter                          Energy              Delta E   
   -Eref  -242.3045291       
   -Ecorr -0.1825740       
<Psi^(0)|Hbar^(0)|Psi^(0)>    -242.4871031        -2.42487e+02
   -Erelax-0.0000653       
<Psi^(0)|Hbar^(1)|Psi^(0)>    -242.4871685        -6.53372e-05
   -Eref  -242.3044639       
   -Ecorr -0.1827015       
<Psi^(1)|Hbar^(1)|Psi^(1)>    -242.4871654        3.07710e-06
   -Erelax-0.0000000       
<Psi^(1)|Hbar^(2)|Psi^(1)>    -242.4871654        -7.85576e-11
   -Eref  -242.3044637       
   -Ecorr -0.1827017       
<Psi^(2)|Hbar^(2)|Psi^(2)>    -242.4871654        3.26531e-09
   -Erelax0.0000000       
<Psi^(2)|Hbar^(3)|Psi^(2)>    -242.4871654        0.00000e+00
Unrelaxed DSRG-MRPT2 energy:              -242.4871031 Eh
Unrelaxed DSRG-MRPT2 E_corr:                -0.1825740 Eh
Partially relaxed DSRG-MRPT2 energy:      -242.4871685 Eh
Partially relaxed DSRG-MRPT2 E_corr:        -0.1826394 Eh
Relaxed DSRG-MRPT2 energy:                -242.4871654 Eh
Relaxed DSRG-MRPT2 E_corr:                  -0.1827015 Eh
Fully relaxed DSRG-MRPT2 energy:          -242.4871654 Eh
Fully relaxed DSRG-MRPT2 E_corr:            -0.1827017 Eh
State     Energy / Eh         Splitting / Eh      Splitting / cm-1    Splitting / meV     
0         -2.4248748e+02      +0.0000000e+00      +0.0000000e+00      +0.0000000e+00      
1         -2.4248748e+02      +9.6358121e-10      +2.1148163e-04      +2.6220393e-05      
2         -2.4248701e+02      +4.6971672e-04      +1.0309090e+02      +1.2781649e+01      
3         -2.4248701e+02      +9.3939434e-10      +2.0617323e-04      +2.5562234e-05      
4         -2.4248701e+02      +7.6096285e-10      +1.6701204e-04      +2.0706864e-05      
5         -2.4248701e+02      +3.2213165e-10      +7.0699726e-05      +8.7656530e-06      
Time taken:                       48.7946935 s
===============================================
===============================================
              PySCF DHF interface              
===============================================

Timing report
....integral reading:       1.8523331 s

===============================================
            Relativistic CASCI(4,8)            
===============================================
Will now allocate 0.078 MB memory for the CASCI Hamiltonian!
Time taken for 1-RDM build:        0.0082927 s
Time taken for 1-RDM build:        0.0087137 s
Time taken for 1-RDM build:        0.0082917 s
Time taken for 1-RDM build:        0.0080729 s
Time taken for 1-RDM build:        0.0080514 s
Time taken for 1-RDM build:        0.0081012 s
Time taken for 1-RDM build:        0.0080843 s
Time taken for 1-RDM build:        0.0086653 s
Time taken for 1-RDM build:        0.0083246 s
Time taken for 2-RDM build:        0.0346286 s
Time taken for 2-RDM build:        0.0345974 s
Time taken for 2-RDM build:        0.0345969 s
Time taken for 2-RDM build:        0.0344961 s
Time taken for 2-RDM build:        0.0345907 s
Time taken for 2-RDM build:        0.0345564 s
Time taken for 2-RDM build:        0.0345321 s
Time taken for 2-RDM build:        0.0345764 s
Time taken for 2-RDM build:        0.0345161 s
Time taken for 3-RDM build:        0.1517162 s
Time taken for 3-RDM build:        0.1505463 s
Time taken for 3-RDM build:        0.1504717 s
Time taken for 3-RDM build:        0.1505413 s
Time taken for 3-RDM build:        0.1503184 s
Time taken for 3-RDM build:        0.1502197 s
Time taken for 3-RDM build:        0.1502895 s
Time taken for 3-RDM build:        0.1502950 s
Time taken for 3-RDM build:        0.1502998 s
E_frzc:                         -285.7423197 Eh
E_cas:                            -3.6921024 Eh
E_nuc:                             0.0000000 Eh
E_casci:                        -289.4337768 Eh
E0 (from RDM):                  -289.4337768 Eh
Ecorr:                            -0.2329780 Eh

Timing summary
... Hamil build:                    0.0255060 s
... Hamil diag:                     0.0009954 s
... RDM build:                      5.0108287 s
State     Energy / Eh         Splitting / Eh      Splitting / cm-1    Splitting / meV     
0         -2.8943442e+02      +0.0000000e+00      +0.0000000e+00      +0.0000000e+00      
1         -2.8943409e+02      +3.3211201e-04      +7.2890160e+01      +9.0372324e+00      
2         -2.8943409e+02      +8.1735152e-10      +1.7938792e-04      +2.2241278e-05      
3         -2.8943409e+02      +8.9210062e-10      +1.9579345e-04      +2.4275306e-05      
4         -2.8943346e+02      +6.3005266e-04      +1.3828057e+02      +1.7144614e+01      
5         -2.8943346e+02      +2.5920599e-10      +5.6889139e-05      +7.0533576e-06      
6         -2.8943346e+02      +7.8654239e-10      +1.7262610e-04      +2.1402919e-05      
7         -2.8943346e+02      +6.1896799e-10      +1.3584777e-04      +1.6842985e-05      
8         -2.8943346e+02      +4.2439297e-10      +9.3143489e-05      +1.1548326e-05      
Total time taken:                   5.3328226 s
===============================================

===============================================
            Relativistic DSRG-MRPT2            
===============================================
-----------------------------------------------
        DSRG-MRPT2 reference relaxation        
-----------------------------------------------
Iter                          Energy              Delta E   
   -Eref  -289.4337768       
   -Ecorr -0.1951249       
<Psi^(0)|Hbar^(0)|Psi^(0)>    -289.6289017        -2.89629e+02
   -Erelax-0.0000499       
<Psi^(0)|Hbar^(1)|Psi^(0)>    -289.6289516        -4.98935e-05
   -Eref  -289.4337271       
   -Ecorr -0.1952325       
<Psi^(1)|Hbar^(1)|Psi^(1)>    -289.6289596        -8.02370e-06
   -Erelax-0.0000000       
<Psi^(1)|Hbar^(2)|Psi^(1)>    -289.6289596        -1.09139e-11
   -Eref  -289.4337271       
   -Ecorr -0.1952325       
<Psi^(2)|Hbar^(2)|Psi^(2)>    -289.6289596        -2.09866e-10
   -Erelax-0.0000000       
<Psi^(2)|Hbar^(3)|Psi^(2)>    -289.6289596        0.00000e+00
Unrelaxed DSRG-MRPT2 energy:              -289.6289017 Eh
Unrelaxed DSRG-MRPT2 E_corr:                -0.1951249 Eh
Partially relaxed DSRG-MRPT2 energy:      -289.6289516 Eh
Partially relaxed DSRG-MRPT2 E_corr:        -0.1951748 Eh
Relaxed DSRG-MRPT2 energy:                -289.6289596 Eh
Relaxed DSRG-MRPT2 E_corr:                  -0.1952325 Eh
Fully relaxed DSRG-MRPT2 energy:          -289.6289596 Eh
Fully relaxed DSRG-MRPT2 E_corr:            -0.1952325 Eh
State     Energy / Eh         Splitting / Eh      Splitting / cm-1    Splitting / meV     
0         -2.8962964e+02      +0.0000000e+00      +0.0000000e+00      +0.0000000e+00      
1         -2.8962929e+02      +3.5139832e-04      +7.7123016e+01      +9.5620399e+00      
2         -2.8962929e+02      +6.8541794e-10      +1.5043185e-04      +1.8651181e-05      
3         -2.8962929e+02      +7.2600415e-10      +1.5933949e-04      +1.9755588e-05      
4         -2.8962863e+02      +6.6483053e-04      +1.4591343e+02      +1.8090969e+01      
5         -2.8962863e+02      +2.4328983e-10      +5.3395946e-05      +6.6202567e-06      
6         -2.8962863e+02      +6.3693051e-10      +1.3979009e-04      +1.7331770e-05      
7         -2.8962863e+02      +5.4870952e-10      +1.2042782e-04      +1.4931154e-05      
8         -2.8962863e+02      +3.3389824e-10      +7.3282193e-05      +9.0858383e-06      
Time taken:                       51.3118904 s
===============================================
===============================================
              PySCF DHF interface              
===============================================

Timing report
....integral reading:       1.8377178 s

===============================================
            Relativistic CASCI(5,8)            
===============================================
Will now allocate 0.050 MB memory for the CASCI Hamiltonian!
Time taken for 1-RDM build:        0.0056973 s
Time taken for 1-RDM build:        0.0056827 s
Time taken for 1-RDM build:        0.0056648 s
Time taken for 1-RDM build:        0.0056622 s
Time taken for 1-RDM build:        0.0056500 s
Time taken for 1-RDM build:        0.0056667 s
Time taken for 1-RDM build:        0.0056465 s
Time taken for 1-RDM build:        0.0056689 s
Time taken for 1-RDM build:        0.0056756 s
Time taken for 1-RDM build:        0.0056579 s
Time taken for 1-RDM build:        0.0056717 s
Time taken for 1-RDM build:        0.0056884 s
Time taken for 1-RDM build:        0.0056684 s
Time taken for 1-RDM build:        0.0056646 s
Time taken for 2-RDM build:        0.0253603 s
Time taken for 2-RDM build:        0.0252652 s
Time taken for 2-RDM build:        0.0252740 s
Time taken for 2-RDM build:        0.0253229 s
Time taken for 2-RDM build:        0.0252416 s
Time taken for 2-RDM build:        0.0253026 s
Time taken for 2-RDM build:        0.0252745 s
Time taken for 2-RDM build:        0.0253108 s
Time taken for 2-RDM build:        0.0252914 s
Time taken for 2-RDM build:        0.0252995 s
Time taken for 2-RDM build:        0.0252986 s
Time taken for 2-RDM build:        0.0252533 s
Time taken for 2-RDM build:        0.0252335 s
Time taken for 2-RDM build:        0.0253394 s
Time taken for 3-RDM build:        0.1492333 s
Time taken for 3-RDM build:        0.1478899 s
Time taken for 3-RDM build:        0.1478684 s
Time taken for 3-RDM build:        0.1477237 s
Time taken for 3-RDM build:        0.1477401 s
Time taken for 3-RDM build:        0.1476519 s
Time taken for 3-RDM build:        0.1477873 s
Time taken for 3-RDM build:        0.1477625 s
Time taken for 3-RDM build:        0.1478283 s
Time taken for 3-RDM build:        0.1495430 s
Time taken for 3-RDM build:        0.1499238 s
Time taken for 3-RDM build:        0.1476984 s
Time taken for 3-RDM build:        0.1475821 s
Time taken for 3-RDM build:        0.1477044 s
E_frzc:                         -335.1272672 Eh
E_cas:                            -6.3636403 Eh
E_nuc:                             0.0000000 Eh
E_casci:                        -341.4410664 Eh
E0 (from RDM):                  -341.4410664 Eh
Ecorr:                            -0.2138107 Eh

Timing summary
... Hamil build:                    0.0207310 s
... Hamil diag:                     0.0004795 s
... RDM build:                      5.5523505 s
State     Energy / Eh         Splitting / Eh      Splitting / cm-1    Splitting / meV     
0         -3.4149091e+02      +0.0000000e+00      +0.0000000e+00      +0.0000000e+00      
1         -3.4149091e+02      +3.2849812e-10      +7.2097003e-05      +8.9388933e-06      
2         -3.4149091e+02      +3.2838443e-10      +7.2072051e-05      +8.9357998e-06      
3         -3.4149091e+02      +3.2798653e-10      +7.1984722e-05      +8.9249722e-06      
4         -3.4142117e+02      +6.9735531e-02      +1.5305180e+04      +1.8976014e+03      
5         -3.4142117e+02      +1.5667183e-09      +3.4385492e-04      +4.2632597e-05      
6         -3.4142117e+02      +1.3034196e-09      +2.8606753e-04      +3.5467871e-05      
7         -3.4142117e+02      +1.7383286e-09      +3.8151902e-04      +4.7302353e-05      
8         -3.4142110e+02      +6.9890622e-05      +1.5339218e+01      +1.9018216e+00      
9         -3.4142110e+02      +9.2740038e-10      +2.0354085e-04      +2.5235862e-05      
10        -3.4142110e+02      +9.6150643e-10      +2.1102627e-04      +2.6163935e-05      
11        -3.4142110e+02      +7.5050366e-10      +1.6471651e-04      +2.0422255e-05      
12        -3.4142110e+02      +9.6383701e-10      +2.1153777e-04      +2.6227353e-05      
13        -3.4142110e+02      +1.9558115e-09      +4.2925101e-04      +5.3220367e-05      
Total time taken:                   5.8885307 s
===============================================

===============================================
            Relativistic DSRG-MRPT2            
===============================================
-----------------------------------------------
        DSRG-MRPT2 reference relaxation        
-----------------------------------------------
Iter                          Energy              Delta E   
   -Eref  -341.4410664       
   -Ecorr -0.2212765       
<Psi^(0)|Hbar^(0)|Psi^(0)>    -341.6623429        -3.41662e+02
   -Erelax-0.0000001       
<Psi^(0)|Hbar^(1)|Psi^(0)>    -341.6623430        -1.18889e-07
   -Eref  -341.4410663       
   -Ecorr -0.2212767       
<Psi^(1)|Hbar^(1)|Psi^(1)>    -341.6623430        -2.53356e-08
   -Erelax-0.0000000       
<Psi^(1)|Hbar^(2)|Psi^(1)>    -341.6623430        -6.25278e-13
   -Eref  -341.4410663       
   -Ecorr -0.2212767       
<Psi^(2)|Hbar^(2)|Psi^(2)>    -341.6623430        2.00657e-11
   -Erelax-0.0000000       
<Psi^(2)|Hbar^(3)|Psi^(2)>    -341.6623430        0.00000e+00
Unrelaxed DSRG-MRPT2 energy:              -341.6623429 Eh
Unrelaxed DSRG-MRPT2 E_corr:                -0.2212765 Eh
Partially relaxed DSRG-MRPT2 energy:      -341.6623430 Eh
Partially relaxed DSRG-MRPT2 E_corr:        -0.2212766 Eh
Relaxed DSRG-MRPT2 energy:                -341.6623430 Eh
Relaxed DSRG-MRPT2 E_corr:                  -0.2212767 Eh
Fully relaxed DSRG-MRPT2 energy:          -341.6623430 Eh
Fully relaxed DSRG-MRPT2 E_corr:            -0.2212767 Eh
State     Energy / Eh         Splitting / Eh      Splitting / cm-1    Splitting / meV     
0         -3.4170830e+02      +0.0000000e+00      +0.0000000e+00      +0.0000000e+00      
1         -3.4170830e+02      +2.6471980e-10      +5.8099281e-05      +7.2033961e-06      
2         -3.4170830e+02      +2.6432190e-10      +5.8011951e-05      +7.1925686e-06      
3         -3.4170830e+02      +2.6449243e-10      +5.8049378e-05      +7.1972090e-06      
4         -3.4164400e+02      +6.4295082e-02      +1.4111139e+04      +1.7495591e+03      
5         -3.4164400e+02      +1.1619932e-09      +2.5502802e-04      +3.1619460e-05      
6         -3.4164400e+02      +9.6542863e-10      +2.1188709e-04      +2.6270664e-05      
7         -3.4164400e+02      +1.2809664e-09      +2.8113964e-04      +3.4856889e-05      
8         -3.4164393e+02      +6.6561093e-05      +1.4608471e+01      +1.8112205e+00      
9         -3.4164393e+02      +6.5148242e-10      +1.4298386e-04      +1.7727748e-05      
10        -3.4164393e+02      +6.3630523e-10      +1.3965286e-04      +1.7314756e-05      
11        -3.4164393e+02      +5.7713123e-10      +1.2666566e-04      +1.5704548e-05      
12        -3.4164393e+02      +7.0184569e-10      +1.5403732e-04      +1.9098203e-05      
13        -3.4164393e+02      +1.3033628e-09      +2.8605506e-04      +3.5466324e-05      
Time taken:                       53.2698703 s
===============================================
===============================================
              PySCF DHF interface              
===============================================

Timing report
....integral reading:       1.9234536 s

===============================================
            Relativistic CASCI(6,8)            
===============================================
Will now allocate 0.013 MB memory for the CASCI Hamiltonian!
Time taken for 1-RDM build:        0.0022340 s
Time taken for 1-RDM build:        0.0022008 s
Time taken for 1-RDM build:        0.0021973 s
Time taken for 1-RDM build:        0.0022013 s
Time taken for 1-RDM build:        0.0022030 s
Time taken for 1-RDM build:        0.0021966 s
Time taken for 1-RDM build:        0.0022023 s
Time taken for 1-RDM build:        0.0021844 s
Time taken for 1-RDM build:        0.0021975 s
Time taken for 2-RDM build:        0.0090814 s
Time taken for 2-RDM build:        0.0085833 s
Time taken for 2-RDM build:        0.0085685 s
Time taken for 2-RDM build:        0.0086102 s
Time taken for 2-RDM build:        0.0085549 s
Time taken for 2-RDM build:        0.0085807 s
Time taken for 2-RDM build:        0.0085666 s
Time taken for 2-RDM build:        0.0085897 s
Time taken for 2-RDM build:        0.0085912 s
Time taken for 3-RDM build:        0.0712028 s
Time taken for 3-RDM build:        0.0663369 s
Time taken for 3-RDM build:        0.0659218 s
Time taken for 3-RDM build:        0.0659695 s
Time taken for 3-RDM build:        0.0660226 s
Time taken for 3-RDM build:        0.0660579 s
Time taken for 3-RDM build:        0.0660825 s
Time taken for 3-RDM build:        0.0660744 s
Time taken for 3-RDM build:        0.0660346 s
E_frzc:                         -388.5675376 Eh
E_cas:                            -9.9659359 Eh
E_nuc:                             0.0000000 Eh
E_casci:                        -398.5325748 Eh
E0 (from RDM):                  -398.5325748 Eh
Ecorr:                            -0.1603097 Eh

Timing summary
... Hamil build:                    0.0090382 s
... Hamil diag:                     0.0004928 s
... RDM build:                      3.7457149 s
State     Energy / Eh         Splitting / Eh      Splitting / cm-1    Splitting / meV     
0         -3.9853347e+02      +0.0000000e+00      +0.0000000e+00      +0.0000000e+00      
1         -3.9853347e+02      +5.6296585e-09      +1.2355672e-03      +1.5319088e-04      
2         -3.9853347e+02      +5.9783360e-09      +1.3120931e-03      +1.6267889e-04      
3         -3.9853347e+02      +5.6479053e-09      +1.2395719e-03      +1.5368740e-04      
4         -3.9853347e+02      +5.6580234e-09      +1.2417926e-03      +1.5396273e-04      
5         -3.9853166e+02      +1.8163270e-03      +3.9863770e+02      +4.9424800e+01      
6         -3.9853166e+02      +3.5533390e-09      +7.7986775e-04      +9.6691324e-05      
7         -3.9853166e+02      +3.5755079e-09      +7.8473327e-04      +9.7294572e-05      
8         -3.9853083e+02      +8.2294816e-04      +1.8061624e+02      +2.2393571e+01      
Total time taken:                   4.0687981 s
===============================================

===============================================
            Relativistic DSRG-MRPT2            
===============================================
-----------------------------------------------
        DSRG-MRPT2 reference relaxation        
-----------------------------------------------
Iter                          Energy              Delta E   
   -Eref  -398.5325748       
   -Ecorr -0.2547002       
<Psi^(0)|Hbar^(0)|Psi^(0)>    -398.7872751        -3.98787e+02
   -Erelax-0.0000002       
<Psi^(0)|Hbar^(1)|Psi^(0)>    -398.7872753        -2.17529e-07
   -Eref  -398.5325746       
   -Ecorr -0.2547008       
<Psi^(1)|Hbar^(1)|Psi^(1)>    -398.7872754        -9.85986e-08
   -Erelax-0.0000000       
<Psi^(1)|Hbar^(2)|Psi^(1)>    -398.7872754        -5.90035e-11
   -Eref  -398.5325746       
   -Ecorr -0.2547008       
<Psi^(2)|Hbar^(2)|Psi^(2)>    -398.7872754        1.64488e-09
   -Erelax-0.0000000       
<Psi^(2)|Hbar^(3)|Psi^(2)>    -398.7872754        -5.68434e-14
Unrelaxed DSRG-MRPT2 energy:              -398.7872751 Eh
Unrelaxed DSRG-MRPT2 E_corr:                -0.2547002 Eh
Partially relaxed DSRG-MRPT2 energy:      -398.7872753 Eh
Partially relaxed DSRG-MRPT2 E_corr:        -0.2547004 Eh
Relaxed DSRG-MRPT2 energy:                -398.7872754 Eh
Relaxed DSRG-MRPT2 E_corr:                  -0.2547008 Eh
Fully relaxed DSRG-MRPT2 energy:          -398.7872754 Eh
Fully relaxed DSRG-MRPT2 E_corr:            -0.2547008 Eh
State     Energy / Eh         Splitting / Eh      Splitting / cm-1    Splitting / meV     
0         -3.9878820e+02      +0.0000000e+00      +0.0000000e+00      +0.0000000e+00      
1         -3.9878820e+02      +3.7273935e-09      +8.1806831e-04      +1.0142759e-04      
2         -3.9878820e+02      +3.8164103e-09      +8.3760524e-04      +1.0384986e-04      
3         -3.9878820e+02      +3.6564529e-09      +8.0249865e-04      +9.9497199e-05      
4         -3.9878820e+02      +3.6544066e-09      +8.0204953e-04      +9.9441515e-05      
5         -3.9878633e+02      +1.8670145e-03      +4.0976232e+02      +5.0804077e+01      
6         -3.9878633e+02      +2.1161668e-09      +4.6444492e-04      +5.7583859e-05      
7         -3.9878633e+02      +2.1679512e-09      +4.7581028e-04      +5.8992984e-05      
8         -3.9878549e+02      +8.4319343e-04      +1.8505957e+02      +2.2944473e+01      
Time taken:                       49.8704515 s
===============================================
===============================================
              PySCF DHF interface              
===============================================

Timing report
....integral reading:       1.8269598 s

===============================================
            Relativistic CASCI(7,8)            
===============================================
Will now allocate 0.001 MB memory for the CASCI Hamiltonian!
Time taken for 1-RDM build:        0.0003791 s
Time taken for 1-RDM build:        0.0003650 s
Time taken for 1-RDM build:        0.0003669 s
Time taken for 1-RDM build:        0.0003664 s
Time taken for 1-RDM build:        0.0003633 s
Time taken for 1-RDM build:        0.0003669 s
Time taken for 2-RDM build:        0.0010350 s
Time taken for 2-RDM build:        0.0010009 s
Time taken for 2-RDM build:        0.0009909 s
Time taken for 2-RDM build:        0.0009942 s
Time taken for 2-RDM build:        0.0009918 s
Time taken for 2-RDM build:        0.0009861 s
Time taken for 3-RDM build:        0.0133405 s
Time taken for 3-RDM build:        0.0123639 s
Time taken for 3-RDM build:        0.0123472 s
Time taken for 3-RDM build:        0.0123413 s
Time taken for 3-RDM build:        0.0123882 s
Time taken for 3-RDM build:        0.0123529 s
E_frzc:                         -446.0682972 Eh
E_cas:                           -14.7582517 Eh
E_nuc:                             0.0000000 Eh
E_casci:                        -460.8252020 Eh
E0 (from RDM):                  -460.8252020 Eh
Ecorr:                             0.0013470 Eh

Timing summary
... Hamil build:                    0.0017581 s
... Hamil diag:                     0.0000651 s
... RDM build:                      3.1203735 s
State     Energy / Eh         Splitting / Eh      Splitting / cm-1    Splitting / meV     
0         -4.6082655e+02      +0.0000000e+00      +0.0000000e+00      +0.0000000e+00      
1         -4.6082655e+02      +1.2022326e-08      +2.6385956e-03      +3.2714432e-04      
2         -4.6082655e+02      +5.7600573e-09      +1.2641864e-03      +1.5673922e-04      
3         -4.6082655e+02      +1.1622035e-08      +2.5507418e-03      +3.1625183e-04      
4         -4.6082251e+02      +4.0408198e-03      +8.8685742e+02      +1.0995636e+02      
5         -4.6082251e+02      +2.0031848e-08      +4.3964825e-03      +5.4509461e-04      
Total time taken:                   3.4360576 s
===============================================

===============================================
            Relativistic DSRG-MRPT2            
===============================================
-----------------------------------------------
        DSRG-MRPT2 reference relaxation        
-----------------------------------------------
Iter                          Energy              Delta E   
   -Eref  -460.8252020       
   -Ecorr -0.3008197       
<Psi^(0)|Hbar^(0)|Psi^(0)>    -461.1260216        -4.61126e+02
   -Erelax-0.0000000       
<Psi^(0)|Hbar^(1)|Psi^(0)>    -461.1260216        0.00000e+00
   -Eref  -460.8252020       
   -Ecorr -0.3008197       
<Psi^(1)|Hbar^(1)|Psi^(1)>    -461.1260216        -1.70530e-13
   -Erelax0.0000000       
<Psi^(1)|Hbar^(2)|Psi^(1)>    -461.1260216        0.00000e+00
Unrelaxed DSRG-MRPT2 energy:              -461.1260216 Eh
Unrelaxed DSRG-MRPT2 E_corr:                -0.3008197 Eh
Partially relaxed DSRG-MRPT2 energy:      -461.1260216 Eh
Partially relaxed DSRG-MRPT2 E_corr:        -0.3008197 Eh
Relaxed DSRG-MRPT2 energy:                -461.1260216 Eh
Relaxed DSRG-MRPT2 E_corr:                  -0.3008197 Eh
Fully relaxed DSRG-MRPT2 energy:          -461.1260216 Eh
Fully relaxed DSRG-MRPT2 E_corr:            -0.3008197 Eh
State     Energy / Eh         Splitting / Eh      Splitting / cm-1    Splitting / meV     
0         -4.6112741e+02      +0.0000000e+00      +0.0000000e+00      +0.0000000e+00      
1         -4.6112741e+02      +6.8752684e-09      +1.5089470e-03      +1.8708567e-04      
2         -4.6112741e+02      +4.1189310e-09      +9.0400085e-04      +1.1208187e-04      
3         -4.6112741e+02      +6.7236670e-09      +1.4756743e-03      +1.8296038e-04      
4         -4.6112324e+02      +4.1746325e-03      +9.1622591e+02      +1.1359759e+02      
5         -4.6112324e+02      +1.2106341e-08      +2.6570347e-03      +3.2943047e-04      
Time taken:                       29.1992292 s
===============================================
===============================================
              PySCF DHF interface              
===============================================

Timing report
....integral reading:      22.8144152 s

===============================================
            Relativistic CASCI(3,8)            
===============================================
Will now allocate 0.050 MB memory for the CASCI Hamiltonian!
Time taken for 1-RDM build:        0.0056667 s
Time taken for 1-RDM build:        0.0056796 s
Time taken for 1-RDM build:        0.0056393 s
Time taken for 1-RDM build:        0.0056670 s
Time taken for 1-RDM build:        0.0056713 s
Time taken for 1-RDM build:        0.0056503 s
Time taken for 2-RDM build:        0.0233612 s
Time taken for 2-RDM build:        0.0231788 s
Time taken for 2-RDM build:        0.0231986 s
Time taken for 2-RDM build:        0.0232167 s
Time taken for 2-RDM build:        0.0231907 s
Time taken for 2-RDM build:        0.0231798 s
Time taken for 3-RDM build:        0.0653141 s
Time taken for 3-RDM build:        0.0643871 s
Time taken for 3-RDM build:        0.0644355 s
Time taken for 3-RDM build:        0.0642724 s
Time taken for 3-RDM build:        0.0644059 s
Time taken for 3-RDM build:        0.0642583 s
E_frzc:                        -1939.7138290 Eh
E_cas:                            -2.0100161 Eh
E_nuc:                             0.0000000 Eh
E_casci:                       -1941.7217616 Eh
E0 (from RDM):                 -1941.7217616 Eh
Ecorr:                            -0.1944870 Eh

Timing summary
... Hamil build:                    0.0167305 s
... Hamil diag:                     0.0005355 s
... RDM build:                     41.4076116 s
State     Energy / Eh         Splitting / Eh      Splitting / cm-1    Splitting / meV     
0         -1.9417238e+03      +0.0000000e+00      +0.0000000e+00      +0.0000000e+00      
1         -1.9417238e+03      +1.0702479e-09      +2.3489226e-04      +2.9122942e-05      
2         -1.9417207e+03      +3.1252750e-03      +6.8591858e+02      +8.5043106e+01      
3         -1.9417207e+03      +1.1004886e-09      +2.4152933e-04      +2.9945834e-05      
4         -1.9417207e+03      +9.5178621e-10      +2.0889293e-04      +2.5899434e-05      
5         -1.9417207e+03      +6.4619599e-10      +1.4182362e-04      +1.7583897e-05      
Total time taken:                  45.0777323 s
===============================================

===============================================
            Relativistic DSRG-MRPT2            
===============================================
-----------------------------------------------
        DSRG-MRPT2 reference relaxation        
-----------------------------------------------
Iter                          Energy              Delta E   
   -Eref  -1941.7217616       
   -Ecorr -0.9293656       
<Psi^(0)|Hbar^(0)|Psi^(0)>    -1942.6511272       -1.94265e+03
   -Erelax-0.0001085       
<Psi^(0)|Hbar^(1)|Psi^(0)>    -1942.6512357       -1.08509e-04
   -Eref  -1941.7216539       
   -Ecorr -0.9295834       
<Psi^(1)|Hbar^(1)|Psi^(1)>    -1942.6512373       -1.59889e-06
   -Erelax-0.0000000       
<Psi^(1)|Hbar^(2)|Psi^(1)>    -1942.6512373       -2.27374e-11
   -Eref  -1941.7216538       
   -Ecorr -0.9295835       
<Psi^(2)|Hbar^(2)|Psi^(2)>    -1942.6512373       -7.56700e-10
   -Erelax-0.0000000       
<Psi^(2)|Hbar^(3)|Psi^(2)>    -1942.6512373       0.00000e+00
Unrelaxed DSRG-MRPT2 energy:             -1942.6511272 Eh
Unrelaxed DSRG-MRPT2 E_corr:                -0.9293656 Eh
Partially relaxed DSRG-MRPT2 energy:     -1942.6512357 Eh
Partially relaxed DSRG-MRPT2 E_corr:        -0.9294741 Eh
Relaxed DSRG-MRPT2 energy:               -1942.6512373 Eh
Relaxed DSRG-MRPT2 E_corr:                  -0.9295834 Eh
Fully relaxed DSRG-MRPT2 energy:         -1942.6512373 Eh
Fully relaxed DSRG-MRPT2 E_corr:            -0.9295835 Eh
State     Energy / Eh         Splitting / Eh      Splitting / cm-1    Splitting / meV     
0         -1.9426535e+03      +0.0000000e+00      +0.0000000e+00      +0.0000000e+00      
1         -1.9426535e+03      +8.5083229e-10      +1.8673610e-04      +2.3152337e-05      
2         -1.9426501e+03      +3.4453241e-03      +7.5616124e+02      +9.3752090e+01      
3         -1.9426501e+03      +8.6151886e-10      +1.8908153e-04      +2.3443133e-05      
4         -1.9426501e+03      +7.4214768e-10      +1.6288259e-04      +2.0194877e-05      
5         -1.9426501e+03      +5.2273208e-10      +1.1472643e-04      +1.4224271e-05      
Time taken:                      656.7524078 s
===============================================
===============================================
              PySCF DHF interface              
===============================================

Timing report
....integral reading:      24.1619554 s

===============================================
            Relativistic CASCI(4,8)            
===============================================
Will now allocate 0.078 MB memory for the CASCI Hamiltonian!
Time taken for 1-RDM build:        0.0096979 s
Time taken for 1-RDM build:        0.0094266 s
Time taken for 1-RDM build:        0.0093081 s
Time taken for 1-RDM build:        0.0089371 s
Time taken for 1-RDM build:        0.0092876 s
Time taken for 1-RDM build:        0.0092745 s
Time taken for 1-RDM build:        0.0093172 s
Time taken for 1-RDM build:        0.0092838 s
Time taken for 1-RDM build:        0.0092759 s
Time taken for 2-RDM build:        0.0347939 s
Time taken for 2-RDM build:        0.0347273 s
Time taken for 2-RDM build:        0.0351951 s
Time taken for 2-RDM build:        0.0364137 s
Time taken for 2-RDM build:        0.0346808 s
Time taken for 2-RDM build:        0.0346911 s
Time taken for 2-RDM build:        0.0347030 s
Time taken for 2-RDM build:        0.0346830 s
Time taken for 2-RDM build:        0.0347145 s
Time taken for 3-RDM build:        0.1546223 s
Time taken for 3-RDM build:        0.1515858 s
Time taken for 3-RDM build:        0.1510897 s
Time taken for 3-RDM build:        0.1512077 s
Time taken for 3-RDM build:        0.1511066 s
Time taken for 3-RDM build:        0.1512301 s
Time taken for 3-RDM build:        0.1510553 s
Time taken for 3-RDM build:        0.1510031 s
Time taken for 3-RDM build:        0.1509888 s
E_frzc:                        -2092.8592106 Eh
E_cas:                            -3.6862998 Eh
E_nuc:                             0.0000000 Eh
E_casci:                       -2096.5413860 Eh
E0 (from RDM):                 -2096.5413860 Eh
Ecorr:                            -0.2153364 Eh

Timing summary
... Hamil build:                    0.0258603 s
... Hamil diag:                     0.0010870 s
... RDM build:                     44.1560421 s
State     Energy / Eh         Splitting / Eh      Splitting / cm-1    Splitting / meV     
0         -2.0965455e+03      +0.0000000e+00      +0.0000000e+00      +0.0000000e+00      
1         -2.0965432e+03      +2.3344184e-03      +5.1234561e+02      +6.3522789e+01      
2         -2.0965432e+03      +6.4164851e-10      +1.4082557e-04      +1.7460154e-05      
3         -2.0965432e+03      +5.3205440e-10      +1.1677244e-04      +1.4477945e-05      
4         -2.0965395e+03      +3.6890520e-03      +8.0965333e+02      +1.0038427e+02      
5         -2.0965395e+03      +9.3723429e-10      +2.0569915e-04      +2.5503456e-05      
6         -2.0965395e+03      +1.0586518e-09      +2.3234722e-04      +2.8807397e-05      
7         -2.0965395e+03      +1.1709744e-09      +2.5699918e-04      +3.1863852e-05      
8         -2.0965395e+03      +1.0372787e-09      +2.2765636e-04      +2.8225805e-05      
Total time taken:                  47.8233740 s
===============================================

===============================================
            Relativistic DSRG-MRPT2            
===============================================
-----------------------------------------------
        DSRG-MRPT2 reference relaxation        
-----------------------------------------------
Iter                          Energy              Delta E   
   -Eref  -2096.5413860       
   -Ecorr -0.9190551       
<Psi^(0)|Hbar^(0)|Psi^(0)>    -2097.4604411       -2.09746e+03
   -Erelax-0.0000601       
<Psi^(0)|Hbar^(1)|Psi^(0)>    -2097.4605012       -6.00763e-05
   -Eref  -2096.5413261       
   -Ecorr -0.9191848       
<Psi^(1)|Hbar^(1)|Psi^(1)>    -2097.4605109       -9.70445e-06
   -Erelax-0.0000000       
<Psi^(1)|Hbar^(2)|Psi^(1)>    -2097.4605109       -2.30557e-10
   -Eref  -2096.5413261       
   -Ecorr -0.9191848       
<Psi^(2)|Hbar^(2)|Psi^(2)>    -2097.4605109       -2.40107e-10
   -Erelax-0.0000000       
<Psi^(2)|Hbar^(3)|Psi^(2)>    -2097.4605109       0.00000e+00
Unrelaxed DSRG-MRPT2 energy:             -2097.4604411 Eh
Unrelaxed DSRG-MRPT2 E_corr:                -0.9190551 Eh
Partially relaxed DSRG-MRPT2 energy:     -2097.4605012 Eh
Partially relaxed DSRG-MRPT2 E_corr:        -0.9191152 Eh
Relaxed DSRG-MRPT2 energy:               -2097.4605109 Eh
Relaxed DSRG-MRPT2 E_corr:                  -0.9191848 Eh
Fully relaxed DSRG-MRPT2 energy:         -2097.4605109 Eh
Fully relaxed DSRG-MRPT2 E_corr:            -0.9191848 Eh
State     Energy / Eh         Splitting / Eh      Splitting / cm-1    Splitting / meV     
0         -2.0974649e+03      +0.0000000e+00      +0.0000000e+00      +0.0000000e+00      
1         -2.0974624e+03      +2.4998026e-03      +5.4864325e+02      +6.8023125e+01      
2         -2.0974624e+03      +5.1068128e-10      +1.1208158e-04      +1.3896352e-05      
3         -2.0974624e+03      +4.5565685e-10      +1.0000512e-04      +1.2399060e-05      
4         -2.0974585e+03      +3.8842600e-03      +8.5249652e+02      +1.0569615e+02      
5         -2.0974585e+03      +6.8985173e-10      +1.5140495e-04      +1.8771831e-05      
6         -2.0974585e+03      +7.8944140e-10      +1.7326236e-04      +2.1481805e-05      
7         -2.0974585e+03      +8.4037310e-10      +1.8444058e-04      +2.2867728e-05      
8         -2.0974585e+03      +7.2805051e-10      +1.5978862e-04      +1.9811273e-05      
Time taken:                      651.7354283 s
===============================================
===============================================
              PySCF DHF interface              
===============================================

Timing report
....integral reading:      24.0846562 s

===============================================
            Relativistic CASCI(5,8)            
===============================================
Will now allocate 0.050 MB memory for the CASCI Hamiltonian!
Time taken for 1-RDM build:        0.0057173 s
Time taken for 1-RDM build:        0.0056801 s
Time taken for 1-RDM build:        0.0056763 s
Time taken for 1-RDM build:        0.0056794 s
Time taken for 1-RDM build:        0.0056422 s
Time taken for 1-RDM build:        0.0056677 s
Time taken for 1-RDM build:        0.0056808 s
Time taken for 1-RDM build:        0.0056572 s
Time taken for 1-RDM build:        0.0056744 s
Time taken for 1-RDM build:        0.0056322 s
Time taken for 1-RDM build:        0.0056639 s
Time taken for 1-RDM build:        0.0056653 s
Time taken for 1-RDM build:        0.0056643 s
Time taken for 1-RDM build:        0.0056586 s
Time taken for 2-RDM build:        0.0253913 s
Time taken for 2-RDM build:        0.0253673 s
Time taken for 2-RDM build:        0.0253859 s
Time taken for 2-RDM build:        0.0253494 s
Time taken for 2-RDM build:        0.0253165 s
Time taken for 2-RDM build:        0.0253613 s
Time taken for 2-RDM build:        0.0253167 s
Time taken for 2-RDM build:        0.0254188 s
Time taken for 2-RDM build:        0.0253708 s
Time taken for 2-RDM build:        0.0253377 s
Time taken for 2-RDM build:        0.0253346 s
Time taken for 2-RDM build:        0.0253403 s
Time taken for 2-RDM build:        0.0253603 s
Time taken for 2-RDM build:        0.0253642 s
Time taken for 3-RDM build:        0.1498554 s
Time taken for 3-RDM build:        0.1484153 s
Time taken for 3-RDM build:        0.1483555 s
Time taken for 3-RDM build:        0.1483035 s
Time taken for 3-RDM build:        0.1483068 s
Time taken for 3-RDM build:        0.1485074 s
Time taken for 3-RDM build:        0.1487706 s
Time taken for 3-RDM build:        0.1484165 s
Time taken for 3-RDM build:        0.1482956 s
Time taken for 3-RDM build:        0.1484237 s
Time taken for 3-RDM build:        0.1484413 s
Time taken for 3-RDM build:        0.1484110 s
Time taken for 3-RDM build:        0.1484971 s
Time taken for 3-RDM build:        0.1481810 s
E_frzc:                        -2252.3726240 Eh
E_cas:                            -6.0718308 Eh
E_nuc:                             0.0000000 Eh
E_casci:                       -2258.3972569 Eh
E0 (from RDM):                 -2258.3972569 Eh
Ecorr:                            -0.0178409 Eh

Timing summary
... Hamil build:                    0.0209324 s
... Hamil diag:                     0.0005701 s
... RDM build:                     44.4181376 s
State     Energy / Eh         Splitting / Eh      Splitting / cm-1    Splitting / meV     
0         -2.2584445e+03      +0.0000000e+00      +0.0000000e+00      +0.0000000e+00      
1         -2.2584445e+03      +5.2432370e-10      +1.1507575e-04      +1.4267581e-05      
2         -2.2584445e+03      +5.2705218e-10      +1.1567458e-04      +1.4341827e-05      
3         -2.2584445e+03      +5.1386451e-10      +1.1278022e-04      +1.3982972e-05      
4         -2.2583793e+03      +6.5107933e-02      +1.4289540e+04      +1.7716780e+03      
5         -2.2583793e+03      +9.2859409e-10      +2.0380284e-04      +2.5268344e-05      
6         -2.2583793e+03      +1.1159500e-09      +2.4492271e-04      +3.0366561e-05      
7         -2.2583793e+03      +5.1250026e-10      +1.1248081e-04      +1.3945849e-05      
8         -2.2583777e+03      +1.6153755e-03      +3.5453394e+02      +4.3956628e+01      
9         -2.2583777e+03      +7.5033313e-10      +1.6467909e-04      +2.0417614e-05      
10        -2.2583777e+03      +4.8839865e-10      +1.0719111e-04      +1.3290011e-05      
11        -2.2583777e+03      +1.4611032e-09      +3.2067509e-04      +3.9758663e-05      
12        -2.2583777e+03      +1.6329977e-09      +3.5840157e-04      +4.4436153e-05      
13        -2.2583777e+03      +6.3982952e-10      +1.4042635e-04      +1.7410656e-05      
Total time taken:                  48.0787549 s
===============================================

===============================================
            Relativistic DSRG-MRPT2            
===============================================
-----------------------------------------------
        DSRG-MRPT2 reference relaxation        
-----------------------------------------------
Iter                          Energy              Delta E   
   -Eref  -2258.3972569       
   -Ecorr -0.9226445       
<Psi^(0)|Hbar^(0)|Psi^(0)>    -2259.3199014       -2.25932e+03
   -Erelax-0.0000022       
<Psi^(0)|Hbar^(1)|Psi^(0)>    -2259.3199036       -2.21643e-06
   -Eref  -2258.3972547       
   -Ecorr -0.9226494       
<Psi^(1)|Hbar^(1)|Psi^(1)>    -2259.3199040       -4.28807e-07
   -Erelax-0.0000000       
<Psi^(1)|Hbar^(2)|Psi^(1)>    -2259.3199040       -5.91172e-12
   -Eref  -2258.3972547       
   -Ecorr -0.9226494       
<Psi^(2)|Hbar^(2)|Psi^(2)>    -2259.3199040       9.54969e-11
   -Erelax-0.0000000       
<Psi^(2)|Hbar^(3)|Psi^(2)>    -2259.3199040       0.00000e+00
Unrelaxed DSRG-MRPT2 energy:             -2259.3199014 Eh
Unrelaxed DSRG-MRPT2 E_corr:                -0.9226445 Eh
Partially relaxed DSRG-MRPT2 energy:     -2259.3199036 Eh
Partially relaxed DSRG-MRPT2 E_corr:        -0.9226467 Eh
Relaxed DSRG-MRPT2 energy:               -2259.3199040 Eh
Relaxed DSRG-MRPT2 E_corr:                  -0.9226494 Eh
Fully relaxed DSRG-MRPT2 energy:         -2259.3199040 Eh
Fully relaxed DSRG-MRPT2 E_corr:            -0.9226494 Eh
State     Energy / Eh         Splitting / Eh      Splitting / cm-1    Splitting / meV     
0         -2.2593639e+03      +0.0000000e+00      +0.0000000e+00      +0.0000000e+00      
1         -2.2593639e+03      +3.0968295e-10      +6.7967550e-05      +8.4269062e-06      
2         -2.2593639e+03      +3.2559910e-10      +7.1460743e-05      +8.8600071e-06      
3         -2.2593639e+03      +3.0559022e-10      +6.7069300e-05      +8.3155374e-06      
4         -2.2593033e+03      +6.0550113e-02      +1.3289214e+04      +1.6476533e+03      
5         -2.2593033e+03      +6.0299499e-10      +1.3234210e-04      +1.6408337e-05      
6         -2.2593033e+03      +6.1754690e-10      +1.3553588e-04      +1.6804315e-05      
7         -2.2593033e+03      +3.8471626e-10      +8.4435459e-05      +1.0468668e-05      
8         -2.2593017e+03      +1.6351448e-03      +3.5887279e+02      +4.4494576e+01      
9         -2.2593017e+03      +5.5433702e-10      +1.2166291e-04      +1.5084286e-05      
10        -2.2593017e+03      +3.1741365e-10      +6.9664244e-05      +8.6372695e-06      
11        -2.2593017e+03      +9.7043085e-10      +2.1298495e-04      +2.6406781e-05      
12        -2.2593017e+03      +1.1709744e-09      +2.5699918e-04      +3.1863852e-05      
13        -2.2593017e+03      +4.4883564e-10      +9.8508035e-05      +1.2213446e-05      
Time taken:                      663.4316351 s
===============================================
===============================================
              PySCF DHF interface              
===============================================

Timing report
....integral reading:      23.9765203 s

===============================================
            Relativistic CASCI(6,8)            
===============================================
Will now allocate 0.013 MB memory for the CASCI Hamiltonian!
Time taken for 1-RDM build:        0.0022156 s
Time taken for 1-RDM build:        0.0021963 s
Time taken for 1-RDM build:        0.0021985 s
Time taken for 1-RDM build:        0.0021985 s
Time taken for 1-RDM build:        0.0021923 s
Time taken for 1-RDM build:        0.0021844 s
Time taken for 1-RDM build:        0.0021889 s
Time taken for 1-RDM build:        0.0021937 s
Time taken for 1-RDM build:        0.0021858 s
Time taken for 2-RDM build:        0.0085962 s
Time taken for 2-RDM build:        0.0085833 s
Time taken for 2-RDM build:        0.0085435 s
Time taken for 2-RDM build:        0.0085618 s
Time taken for 2-RDM build:        0.0085678 s
Time taken for 2-RDM build:        0.0085287 s
Time taken for 2-RDM build:        0.0085430 s
Time taken for 2-RDM build:        0.0085871 s
Time taken for 2-RDM build:        0.0085678 s
Time taken for 3-RDM build:        0.0683494 s
Time taken for 3-RDM build:        0.0661776 s
Time taken for 3-RDM build:        0.0661976 s
Time taken for 3-RDM build:        0.0662017 s
Time taken for 3-RDM build:        0.0662045 s
Time taken for 3-RDM build:        0.0662458 s
Time taken for 3-RDM build:        0.0661902 s
Time taken for 3-RDM build:        0.0663414 s
Time taken for 3-RDM build:        0.0662012 s
E_frzc:                        -2418.2608262 Eh
E_cas:                            -9.1774708 Eh
E_nuc:                             0.0000000 Eh
E_casci:                       -2427.4340589 Eh
E0 (from RDM):                 -2427.4340589 Eh
Ecorr:                            -0.1372548 Eh

Timing summary
... Hamil build:                    0.0087292 s
... Hamil diag:                     0.0002975 s
... RDM build:                     42.7827330 s
State     Energy / Eh         Splitting / Eh      Splitting / cm-1    Splitting / meV     
0         -2.4274383e+03      +0.0000000e+00      +0.0000000e+00      +0.0000000e+00      
1         -2.4274383e+03      +1.9413164e-09      +4.2606971e-04      +5.2825936e-05      
2         -2.4274383e+03      +8.9721652e-10      +1.9691626e-04      +2.4414517e-05      
3         -2.4274383e+03      +1.1737029e-09      +2.5759801e-04      +3.1938098e-05      
4         -2.4274383e+03      +1.8349056e-09      +4.0271522e-04      +4.9930347e-05      
5         -2.4274294e+03      +8.8831576e-03      +1.9496277e+03      +2.4172315e+02      
6         -2.4274294e+03      +4.1914063e-09      +9.1990735e-04      +1.1405403e-04      
7         -2.4274294e+03      +4.1027306e-09      +9.0044528e-04      +1.1164104e-04      
8         -2.4274268e+03      +2.6102260e-03      +5.7287839e+02      +7.1027902e+01      
Total time taken:                  46.4519653 s
===============================================

===============================================
            Relativistic DSRG-MRPT2            
===============================================
-----------------------------------------------
        DSRG-MRPT2 reference relaxation        
-----------------------------------------------
Iter                          Energy              Delta E   
   -Eref  -2427.4340589       
   -Ecorr -0.9328540       
<Psi^(0)|Hbar^(0)|Psi^(0)>    -2428.3669128       -2.42837e+03
   -Erelax-0.0000031       
<Psi^(0)|Hbar^(1)|Psi^(0)>    -2428.3669159       -3.07070e-06
   -Eref  -2427.4340556       
   -Ecorr -0.9328615       
<Psi^(1)|Hbar^(1)|Psi^(1)>    -2428.3669171       -1.20670e-06
   -Erelax-0.0000000       
<Psi^(1)|Hbar^(2)|Psi^(1)>    -2428.3669171       -4.33374e-10
   -Eref  -2427.4340557       
   -Ecorr -0.9328614       
<Psi^(2)|Hbar^(2)|Psi^(2)>    -2428.3669171       1.38798e-08
   -Erelax-0.0000000       
<Psi^(2)|Hbar^(3)|Psi^(2)>    -2428.3669171       0.00000e+00
   -Eref  -2427.4340557       
   -Ecorr -0.9328614       
<Psi^(3)|Hbar^(3)|Psi^(3)>    -2428.3669171       -1.98270e-10
   -Erelax0.0000000       
<Psi^(3)|Hbar^(4)|Psi^(3)>    -2428.3669171       0.00000e+00
Unrelaxed DSRG-MRPT2 energy:             -2428.3669128 Eh
Unrelaxed DSRG-MRPT2 E_corr:                -0.9328540 Eh
Partially relaxed DSRG-MRPT2 energy:     -2428.3669159 Eh
Partially relaxed DSRG-MRPT2 E_corr:        -0.9328570 Eh
Relaxed DSRG-MRPT2 energy:               -2428.3669171 Eh
Relaxed DSRG-MRPT2 E_corr:                  -0.9328615 Eh
Fully relaxed DSRG-MRPT2 energy:         -2428.3669171 Eh
Fully relaxed DSRG-MRPT2 E_corr:            -0.9328614 Eh
State     Energy / Eh         Splitting / Eh      Splitting / cm-1    Splitting / meV     
0         -2.4283713e+03      +0.0000000e+00      +0.0000000e+00      +0.0000000e+00      
1         -2.4283713e+03      +1.1673364e-09      +2.5620074e-04      +3.1764858e-05      
2         -2.4283713e+03      +7.9671736e-10      +1.7485925e-04      +2.1679794e-05      
3         -2.4283713e+03      +9.4723873e-10      +2.0789487e-04      +2.5775691e-05      
4         -2.4283713e+03      +1.1027623e-09      +2.4202835e-04      +3.0007706e-05      
5         -2.4283621e+03      +9.1591783e-03      +2.0102073e+03      +2.4923406e+02      
6         -2.4283621e+03      +2.9876901e-09      +6.5572218e-04      +8.1299227e-05      
7         -2.4283621e+03      +2.9385774e-09      +6.4494318e-04      +7.9962802e-05      
8         -2.4283595e+03      +2.6326932e-03      +5.7780936e+02      +7.1639264e+01      
Time taken:                      906.3912852 s
===============================================
===============================================
              PySCF DHF interface              
===============================================

Timing report
....integral reading:      23.9179132 s

===============================================
            Relativistic CASCI(7,8)            
===============================================
Will now allocate 0.001 MB memory for the CASCI Hamiltonian!
Time taken for 1-RDM build:        0.0003779 s
Time taken for 1-RDM build:        0.0003664 s
Time taken for 1-RDM build:        0.0003619 s
Time taken for 1-RDM build:        0.0003633 s
Time taken for 1-RDM build:        0.0003607 s
Time taken for 1-RDM build:        0.0003629 s
Time taken for 2-RDM build:        0.0010426 s
Time taken for 2-RDM build:        0.0010009 s
Time taken for 2-RDM build:        0.0009978 s
Time taken for 2-RDM build:        0.0009959 s
Time taken for 2-RDM build:        0.0009899 s
Time taken for 2-RDM build:        0.0009921 s
Time taken for 3-RDM build:        0.0145502 s
Time taken for 3-RDM build:        0.0133157 s
Time taken for 3-RDM build:        0.0124350 s
Time taken for 3-RDM build:        0.0124011 s
Time taken for 3-RDM build:        0.0124166 s
Time taken for 3-RDM build:        0.0123880 s
E_frzc:                        -2590.5378304 Eh
E_cas:                           -13.1880855 Eh
E_nuc:                             0.0000000 Eh
E_casci:                       -2603.7203212 Eh
E0 (from RDM):                 -2603.7203212 Eh
Ecorr:                            -0.0318830 Eh

Timing summary
... Hamil build:                    0.0019002 s
... Hamil diag:                     0.0001032 s
... RDM build:                     42.6287622 s
State     Energy / Eh         Splitting / Eh      Splitting / cm-1    Splitting / meV     
0         -2.6037259e+03      +0.0000000e+00      +0.0000000e+00      +0.0000000e+00      
1         -2.6037259e+03      +9.2413757e-09      +2.0282475e-03      +2.5147076e-04      
2         -2.6037259e+03      +1.8784249e-08      +4.1226661e-03      +5.1114569e-04      
3         -2.6037259e+03      +9.8884811e-09      +2.1702707e-03      +2.6907941e-04      
4         -2.6037091e+03      +1.6783801e-02      +3.6836186e+03      +4.5671072e+02      
5         -2.6037091e+03      +7.4087438e-09      +1.6260313e-03      +2.0160228e-04      
Total time taken:                  46.2734873 s
===============================================

===============================================
            Relativistic DSRG-MRPT2            
===============================================
-----------------------------------------------
        DSRG-MRPT2 reference relaxation        
-----------------------------------------------
Iter                          Energy              Delta E   
   -Eref  -2603.7203212       
   -Ecorr -0.9559045       
<Psi^(0)|Hbar^(0)|Psi^(0)>    -2604.6762257       -2.60468e+03
   -Erelax0.0000000       
<Psi^(0)|Hbar^(1)|Psi^(0)>    -2604.6762257       0.00000e+00
   -Eref  -2603.7203212       
   -Ecorr -0.9559045       
<Psi^(1)|Hbar^(1)|Psi^(1)>    -2604.6762257       9.09495e-13
   -Erelax0.0000000       
<Psi^(1)|Hbar^(2)|Psi^(1)>    -2604.6762257       0.00000e+00
Unrelaxed DSRG-MRPT2 energy:             -2604.6762257 Eh
Unrelaxed DSRG-MRPT2 E_corr:                -0.9559045 Eh
Partially relaxed DSRG-MRPT2 energy:     -2604.6762257 Eh
Partially relaxed DSRG-MRPT2 E_corr:        -0.9559045 Eh
Relaxed DSRG-MRPT2 energy:               -2604.6762257 Eh
Relaxed DSRG-MRPT2 E_corr:                  -0.9559045 Eh
Fully relaxed DSRG-MRPT2 energy:         -2604.6762257 Eh
Fully relaxed DSRG-MRPT2 E_corr:            -0.9559045 Eh
State     Energy / Eh         Splitting / Eh      Splitting / cm-1    Splitting / meV     
0         -2.6046820e+03      +0.0000000e+00      +0.0000000e+00      +0.0000000e+00      
1         -2.6046820e+03      +6.0831553e-09      +1.3350983e-03      +1.6553117e-04      
2         -2.6046820e+03      +1.2019882e-08      +2.6380591e-03      +3.2707780e-04      
3         -2.6046820e+03      +6.3951120e-09      +1.4035648e-03      +1.7401994e-04      
4         -2.6046647e+03      +1.7257658e-02      +3.7876181e+03      +4.6960502e+02      
5         -2.6046647e+03      +5.1682036e-09      +1.1342896e-03      +1.4063405e-04      
Time taken:                      394.1816986 s
===============================================
