NOW DOING s=0.96!
===============================================
              PySCF DHF interface              
===============================================

Timing report
....integral reading:       0.4994617 s

===============================================
            Relativistic CASCI(3,8)            
===============================================
Will now allocate 0.050 MB memory for the CASCI Hamiltonian!
Time taken for 1-RDM build:        0.0057178 s
Time taken for 1-RDM build:        0.0056672 s
Time taken for 1-RDM build:        0.0056736 s
Time taken for 1-RDM build:        0.0056868 s
Time taken for 1-RDM build:        0.0056648 s
Time taken for 1-RDM build:        0.0056770 s
Time taken for 2-RDM build:        0.0242395 s
Time taken for 2-RDM build:        0.0233233 s
Time taken for 2-RDM build:        0.0232811 s
Time taken for 2-RDM build:        0.0232947 s
Time taken for 2-RDM build:        0.0233116 s
Time taken for 2-RDM build:        0.0235980 s
Time taken for 3-RDM build:        0.0664263 s
Time taken for 3-RDM build:        0.0653877 s
Time taken for 3-RDM build:        0.0646651 s
Time taken for 3-RDM build:        0.0647545 s
Time taken for 3-RDM build:        0.0650365 s
Time taken for 3-RDM build:        0.0652068 s
E_frzc:                          -21.9899228 Eh
E_cas:                            -2.5754278 Eh
E_nuc:                             0.0000000 Eh
E_casci:                         -24.5653104 Eh
E0 (from RDM):                   -24.5653104 Eh
Ecorr:                            -0.2764703 Eh

Timing summary
... Hamil build:                    0.0168934 s
... Hamil diag:                     0.0005927 s
... RDM build:                      1.7387574 s
State     Energy / Eh         Splitting / Eh      Splitting / cm-1    Splitting / meV     
0         -2.4565351e+01      +0.0000000e+00      +0.0000000e+00      +0.0000000e+00      
1         -2.4565351e+01      +1.6292141e-09      +3.5757116e-04      +4.4333195e-05      
2         -2.4565290e+01      +6.0370290e-05      +1.3249747e+01      +1.6427601e+00      
3         -2.4565290e+01      +8.2750518e-10      +1.8161639e-04      +2.2517574e-05      
4         -2.4565290e+01      +8.6880192e-10      +1.9067998e-04      +2.3641316e-05      
5         -2.4565290e+01      +1.8699744e-09      +4.1041194e-04      +5.0884619e-05      
Total time taken:                   1.8602111 s
===============================================

===============================================
            Relativistic DSRG-MRPT2            
===============================================
-----------------------------------------------
        DSRG-MRPT2 reference relaxation        
-----------------------------------------------
Iter                          Energy              Delta E   
   -Eref  -24.5653104       
   -Ecorr -0.0719864       
<Psi^(0)|Hbar^(0)|Psi^(0)>    -24.6372968         -2.46373e+01
   -Erelax-0.0002938       
<Psi^(0)|Hbar^(1)|Psi^(0)>    -24.6375906         -2.93796e-04
   -Eref  -24.5650027       
   -Ecorr -0.0725220       
<Psi^(1)|Hbar^(1)|Psi^(1)>    -24.6375247         6.58398e-05
   -Erelax-0.0000000       
<Psi^(1)|Hbar^(2)|Psi^(1)>    -24.6375248         -3.91955e-08
   -Eref  -24.5650098       
   -Ecorr -0.0725156       
<Psi^(2)|Hbar^(2)|Psi^(2)>    -24.6375254         -6.04227e-07
   -Erelax-0.0000000       
<Psi^(2)|Hbar^(3)|Psi^(2)>    -24.6375254         -5.06972e-12
   -Eref  -24.5650097       
   -Ecorr -0.0725157       
<Psi^(3)|Hbar^(3)|Psi^(3)>    -24.6375254         6.88687e-09
   -Erelax-0.0000000       
<Psi^(3)|Hbar^(4)|Psi^(3)>    -24.6375254         -3.55271e-15
Unrelaxed DSRG-MRPT2 energy:               -24.6372968 Eh
Unrelaxed DSRG-MRPT2 E_corr:                -0.0719864 Eh
Partially relaxed DSRG-MRPT2 energy:       -24.6375906 Eh
Partially relaxed DSRG-MRPT2 E_corr:        -0.0722802 Eh
Relaxed DSRG-MRPT2 energy:                 -24.6375247 Eh
Relaxed DSRG-MRPT2 E_corr:                  -0.0725220 Eh
Fully relaxed DSRG-MRPT2 energy:           -24.6375254 Eh
Fully relaxed DSRG-MRPT2 E_corr:            -0.0725157 Eh
State     Energy / Eh         Splitting / Eh      Splitting / cm-1    Splitting / meV     
0         -2.4637568e+01      +0.0000000e+00      +0.0000000e+00      +0.0000000e+00      
1         -2.4637568e+01      +4.7634074e-10      +1.0454471e-04      +1.2961898e-05      
2         -2.4637504e+01      +6.3751995e-05      +1.3991945e+01      +1.7347810e+00      
3         -2.4637504e+01      +3.8840398e-10      +8.5244819e-05      +1.0569016e-05      
4         -2.4637504e+01      +3.3264058e-10      +7.3006169e-05      +9.0516156e-06      
5         -2.4637504e+01      +4.8497384e-10      +1.0643945e-04      +1.3196817e-05      
Time taken:                       16.9572155 s
===============================================
===============================================
              PySCF DHF interface              
===============================================

Timing report
....integral reading:       0.5010421 s

===============================================
            Relativistic CASCI(4,8)            
===============================================
Will now allocate 0.078 MB memory for the CASCI Hamiltonian!
Time taken for 1-RDM build:        0.0098619 s
Time taken for 1-RDM build:        0.0095491 s
Time taken for 1-RDM build:        0.0095303 s
Time taken for 1-RDM build:        0.0095515 s
Time taken for 1-RDM build:        0.0096233 s
Time taken for 1-RDM build:        0.0095937 s
Time taken for 1-RDM build:        0.0095680 s
Time taken for 1-RDM build:        0.0095606 s
Time taken for 1-RDM build:        0.0095797 s
Time taken for 2-RDM build:        0.0359335 s
Time taken for 2-RDM build:        0.0349109 s
Time taken for 2-RDM build:        0.0348060 s
Time taken for 2-RDM build:        0.0349319 s
Time taken for 2-RDM build:        0.0348387 s
Time taken for 2-RDM build:        0.0349262 s
Time taken for 2-RDM build:        0.0349185 s
Time taken for 2-RDM build:        0.0348902 s
Time taken for 2-RDM build:        0.0348299 s
Time taken for 3-RDM build:        0.1531641 s
Time taken for 3-RDM build:        0.1515605 s
Time taken for 3-RDM build:        0.1512179 s
Time taken for 3-RDM build:        0.1511695 s
Time taken for 3-RDM build:        0.1512103 s
Time taken for 3-RDM build:        0.1514189 s
Time taken for 3-RDM build:        0.1516469 s
Time taken for 3-RDM build:        0.1512482 s
Time taken for 3-RDM build:        0.1514745 s
E_frzc:                          -32.3709352 Eh
E_cas:                            -5.3467114 Eh
E_nuc:                             0.0000000 Eh
E_casci:                         -37.7175257 Eh
E0 (from RDM):                   -37.7175257 Eh
Ecorr:                            -0.4429083 Eh

Timing summary
... Hamil build:                    0.0257907 s
... Hamil diag:                     0.0009782 s
... RDM build:                      2.9216187 s
State     Energy / Eh         Splitting / Eh      Splitting / cm-1    Splitting / meV     
0         -3.7717647e+01      +0.0000000e+00      +0.0000000e+00      +0.0000000e+00      
1         -3.7717578e+01      +6.8056777e-05      +1.4936736e+01      +1.8519201e+00      
2         -3.7717578e+01      +1.0789947e-09      +2.3681196e-04      +2.9360955e-05      
3         -3.7717578e+01      +1.2285639e-09      +2.6963861e-04      +3.3430943e-05      
4         -3.7717470e+01      +1.0852195e-04      +2.3817815e+01      +2.9530341e+00      
5         -3.7717470e+01      +3.7324810e-10      +8.1918488e-05      +1.0156603e-05      
6         -3.7717470e+01      +9.5213437e-10      +2.0896934e-04      +2.5908908e-05      
7         -3.7717470e+01      +4.4995119e-10      +9.8752870e-05      +1.2243801e-05      
8         -3.7717470e+01      +5.6218852e-10      +1.2338612e-04      +1.5297936e-05      
Total time taken:                   3.0508056 s
===============================================

===============================================
            Relativistic DSRG-MRPT2            
===============================================
-----------------------------------------------
        DSRG-MRPT2 reference relaxation        
-----------------------------------------------
Iter                          Energy              Delta E   
   -Eref  -37.7175257       
   -Ecorr -0.1143775       
<Psi^(0)|Hbar^(0)|Psi^(0)>    -37.8319032         -3.78319e+01
   -Erelax-0.0000015       
<Psi^(0)|Hbar^(1)|Psi^(0)>    -37.8319047         -1.53286e-06
   -Eref  -37.7175240       
   -Ecorr -0.1143527       
<Psi^(1)|Hbar^(1)|Psi^(1)>    -37.8318768         2.79698e-05
   -Erelax-0.0000000       
<Psi^(1)|Hbar^(2)|Psi^(1)>    -37.8318768         -1.11023e-09
   -Eref  -37.7175241       
   -Ecorr -0.1143531       
<Psi^(2)|Hbar^(2)|Psi^(2)>    -37.8318772         -4.53124e-07
   -Erelax-0.0000000       
<Psi^(2)|Hbar^(3)|Psi^(2)>    -37.8318772         -2.40377e-11
   -Eref  -37.7175241       
   -Ecorr -0.1143531       
<Psi^(3)|Hbar^(3)|Psi^(3)>    -37.8318772         9.20848e-09
   -Erelax-0.0000000       
<Psi^(3)|Hbar^(4)|Psi^(3)>    -37.8318772         -8.17124e-13
Unrelaxed DSRG-MRPT2 energy:               -37.8319032 Eh
Unrelaxed DSRG-MRPT2 E_corr:                -0.1143775 Eh
Partially relaxed DSRG-MRPT2 energy:       -37.8319047 Eh
Partially relaxed DSRG-MRPT2 E_corr:        -0.1143790 Eh
Relaxed DSRG-MRPT2 energy:                 -37.8318768 Eh
Relaxed DSRG-MRPT2 E_corr:                  -0.1143527 Eh
Fully relaxed DSRG-MRPT2 energy:           -37.8318772 Eh
Fully relaxed DSRG-MRPT2 E_corr:            -0.1143531 Eh
State     Energy / Eh         Splitting / Eh      Splitting / cm-1    Splitting / meV     
0         -3.7832041e+01      +0.0000000e+00      +0.0000000e+00      +0.0000000e+00      
1         -3.7831953e+01      +8.8473971e-05      +1.9417792e+01      +2.4075005e+00      
2         -3.7831953e+01      +1.5621282e-10      +3.4284751e-05      +4.2507694e-06      
3         -3.7831953e+01      +1.6876811e-10      +3.7040319e-05      +4.5924164e-06      
4         -3.7831799e+01      +1.5394078e-04      +3.3786097e+01      +4.1889441e+00      
5         -3.7831799e+01      +7.8912876e-11      +1.7319374e-05      +2.1473298e-06      
6         -3.7831799e+01      +6.6350481e-11      +1.4562247e-05      +1.8054894e-06      
7         -3.7831799e+01      +1.3297807e-10      +2.9185313e-05      +3.6185194e-06      
8         -3.7831799e+01      +3.1853631e-11      +6.9910638e-06      +8.6678186e-07      
Time taken:                       20.6170509 s
===============================================
===============================================
              PySCF DHF interface              
===============================================

Timing report
....integral reading:       0.5036592 s

===============================================
            Relativistic CASCI(5,8)            
===============================================
Will now allocate 0.050 MB memory for the CASCI Hamiltonian!
Time taken for 1-RDM build:        0.0057223 s
Time taken for 1-RDM build:        0.0057075 s
Time taken for 1-RDM build:        0.0056949 s
Time taken for 1-RDM build:        0.0057158 s
Time taken for 1-RDM build:        0.0061719 s
Time taken for 1-RDM build:        0.0059235 s
Time taken for 1-RDM build:        0.0057001 s
Time taken for 1-RDM build:        0.0056722 s
Time taken for 1-RDM build:        0.0056903 s
Time taken for 1-RDM build:        0.0057173 s
Time taken for 1-RDM build:        0.0056908 s
Time taken for 1-RDM build:        0.0056479 s
Time taken for 1-RDM build:        0.0056973 s
Time taken for 1-RDM build:        0.0056965 s
Time taken for 2-RDM build:        0.0264008 s
Time taken for 2-RDM build:        0.0255570 s
Time taken for 2-RDM build:        0.0254967 s
Time taken for 2-RDM build:        0.0255198 s
Time taken for 2-RDM build:        0.0254893 s
Time taken for 2-RDM build:        0.0254695 s
Time taken for 2-RDM build:        0.0254748 s
Time taken for 2-RDM build:        0.0255070 s
Time taken for 2-RDM build:        0.0255179 s
Time taken for 2-RDM build:        0.0254931 s
Time taken for 2-RDM build:        0.0255384 s
Time taken for 2-RDM build:        0.0254986 s
Time taken for 2-RDM build:        0.0255239 s
Time taken for 2-RDM build:        0.0254891 s
Time taken for 3-RDM build:        0.1503801 s
Time taken for 3-RDM build:        0.1564760 s
Time taken for 3-RDM build:        0.1523912 s
Time taken for 3-RDM build:        0.1507354 s
Time taken for 3-RDM build:        0.1486809 s
Time taken for 3-RDM build:        0.1487041 s
Time taken for 3-RDM build:        0.1486104 s
Time taken for 3-RDM build:        0.1487641 s
Time taken for 3-RDM build:        0.1489303 s
Time taken for 3-RDM build:        0.1489179 s
Time taken for 3-RDM build:        0.1498892 s
Time taken for 3-RDM build:        0.1487598 s
Time taken for 3-RDM build:        0.1489704 s
Time taken for 3-RDM build:        0.1486127 s
E_frzc:                          -44.7567199 Eh
E_cas:                            -9.6666253 Eh
E_nuc:                             0.0000000 Eh
E_casci:                         -54.3487687 Eh
E0 (from RDM):                   -54.3487687 Eh
Ecorr:                            -0.4454114 Eh

Timing summary
... Hamil build:                    0.0210075 s
... Hamil diag:                     0.0004830 s
... RDM build:                      3.7334347 s
State     Energy / Eh         Splitting / Eh      Splitting / cm-1    Splitting / meV     
0         -5.4423345e+01      +0.0000000e+00      +0.0000000e+00      +0.0000000e+00      
1         -5.4423345e+01      +1.0766144e-09      +2.3628954e-04      +2.9296183e-05      
2         -5.4423345e+01      +1.0765220e-09      +2.3626926e-04      +2.9293669e-05      
3         -5.4423345e+01      +1.0763941e-09      +2.3624119e-04      +2.9290189e-05      
4         -5.4318958e+01      +1.0438692e-01      +2.2910281e+04      +2.8405142e+03      
5         -5.4318958e+01      +1.1012489e-09      +2.4169619e-04      +2.9966522e-05      
6         -5.4318958e+01      +1.1371313e-09      +2.4957147e-04      +3.0942933e-05      
7         -5.4318958e+01      +5.9976912e-10      +1.3163411e-04      +1.6320557e-05      
8         -5.4318958e+01      +1.1947563e-09      +2.6221870e-04      +3.2510990e-05      
9         -5.4318958e+01      +1.3782895e-09      +3.0249957e-04      +3.7505185e-05      
10        -5.4318908e+01      +5.0508872e-05      +1.1085416e+01      +1.3744171e+00      
11        -5.4318908e+01      +3.9502694e-09      +8.6698392e-04      +1.0749236e-04      
12        -5.4318908e+01      +3.0347778e-09      +6.6605673e-04      +8.2580549e-05      
13        -5.4318908e+01      +2.9868943e-09      +6.5554752e-04      +8.1277572e-05      
Total time taken:                   3.8590448 s
===============================================

===============================================
            Relativistic DSRG-MRPT2            
===============================================
-----------------------------------------------
        DSRG-MRPT2 reference relaxation        
-----------------------------------------------
Iter                          Energy              Delta E   
   -Eref  -54.3487687       
   -Ecorr -0.1684680       
<Psi^(0)|Hbar^(0)|Psi^(0)>    -54.5172366         -5.45172e+01
   -Erelax-0.0000000       
<Psi^(0)|Hbar^(1)|Psi^(0)>    -54.5172367         -2.78636e-08
   -Eref  -54.3487687       
   -Ecorr -0.1684681       
<Psi^(1)|Hbar^(1)|Psi^(1)>    -54.5172367         -3.94985e-08
   -Erelax-0.0000000       
<Psi^(1)|Hbar^(2)|Psi^(1)>    -54.5172367         -2.35275e-10
   -Eref  -54.3487687       
   -Ecorr -0.1684680       
<Psi^(2)|Hbar^(2)|Psi^(2)>    -54.5172367         8.70274e-09
   -Erelax-0.0000000       
<Psi^(2)|Hbar^(3)|Psi^(2)>    -54.5172367         -5.74119e-12
Unrelaxed DSRG-MRPT2 energy:               -54.5172366 Eh
Unrelaxed DSRG-MRPT2 E_corr:                -0.1684680 Eh
Partially relaxed DSRG-MRPT2 energy:       -54.5172367 Eh
Partially relaxed DSRG-MRPT2 E_corr:        -0.1684680 Eh
Relaxed DSRG-MRPT2 energy:                 -54.5172367 Eh
Relaxed DSRG-MRPT2 E_corr:                  -0.1684681 Eh
Fully relaxed DSRG-MRPT2 energy:           -54.5172367 Eh
Fully relaxed DSRG-MRPT2 E_corr:            -0.1684680 Eh
State     Energy / Eh         Splitting / Eh      Splitting / cm-1    Splitting / meV     
0         -5.4582993e+01      +0.0000000e+00      +0.0000000e+00      +0.0000000e+00      
1         -5.4582993e+01      +2.7301894e-10      +5.9920731e-05      +7.4292273e-06      
2         -5.4582993e+01      +2.7306157e-10      +5.9930088e-05      +7.4303874e-06      
3         -5.4582993e+01      +2.7304736e-10      +5.9926969e-05      +7.4300007e-06      
4         -5.4490940e+01      +9.2052363e-02      +2.0203158e+04      +2.5048736e+03      
5         -5.4490940e+01      +1.2367707e-10      +2.7143979e-05      +3.3654261e-06      
6         -5.4490940e+01      +8.1584517e-11      +1.7905732e-05      +2.2200288e-06      
7         -5.4490940e+01      +1.0362555e-10      +2.2743180e-05      +2.8197963e-06      
8         -5.4490940e+01      +5.3546501e-11      +1.1752098e-05      +1.4570752e-06      
9         -5.4490940e+01      +1.3444890e-10      +2.9508122e-05      +3.6585426e-06      
10        -5.4490926e+01      +1.4516021e-05      +3.1858983e+00      +3.9500123e-01      
11        -5.4490926e+01      +4.4610715e-10      +9.7909202e-05      +1.2139200e-05      
12        -5.4490926e+01      +1.7911361e-10      +3.9310894e-05      +4.8739320e-06      
13        -5.4490926e+01      +2.4033397e-10      +5.2747210e-05      +6.5398237e-06      
Time taken:                       16.5708480 s
===============================================
===============================================
              PySCF DHF interface              
===============================================

Timing report
....integral reading:       0.5147381 s

===============================================
            Relativistic CASCI(6,8)            
===============================================
Will now allocate 0.013 MB memory for the CASCI Hamiltonian!
Time taken for 1-RDM build:        0.0022142 s
Time taken for 1-RDM build:        0.0022016 s
Time taken for 1-RDM build:        0.0021966 s
Time taken for 1-RDM build:        0.0021896 s
Time taken for 1-RDM build:        0.0022001 s
Time taken for 1-RDM build:        0.0021927 s
Time taken for 1-RDM build:        0.0021935 s
Time taken for 1-RDM build:        0.0021913 s
Time taken for 1-RDM build:        0.0021811 s
Time taken for 2-RDM build:        0.0093517 s
Time taken for 2-RDM build:        0.0086155 s
Time taken for 2-RDM build:        0.0086102 s
Time taken for 2-RDM build:        0.0086505 s
Time taken for 2-RDM build:        0.0086124 s
Time taken for 2-RDM build:        0.0086102 s
Time taken for 2-RDM build:        0.0086386 s
Time taken for 2-RDM build:        0.0086193 s
Time taken for 2-RDM build:        0.0086043 s
Time taken for 3-RDM build:        0.0679197 s
Time taken for 3-RDM build:        0.0662689 s
Time taken for 3-RDM build:        0.0661628 s
Time taken for 3-RDM build:        0.0663066 s
Time taken for 3-RDM build:        0.0661490 s
Time taken for 3-RDM build:        0.0662966 s
Time taken for 3-RDM build:        0.0662186 s
Time taken for 3-RDM build:        0.0663688 s
Time taken for 3-RDM build:        0.0667100 s
E_frzc:                          -59.1480236 Eh
E_cas:                           -15.7034833 Eh
E_nuc:                             0.0000000 Eh
E_casci:                         -74.8511626 Eh
E0 (from RDM):                   -74.8511626 Eh
Ecorr:                            -0.3302227 Eh

Timing summary
... Hamil build:                    0.0086229 s
... Hamil diag:                     0.0002327 s
... RDM build:                      1.8663023 s
State     Energy / Eh         Splitting / Eh      Splitting / cm-1    Splitting / meV     
0         -7.4851507e+01      +0.0000000e+00      +0.0000000e+00      +0.0000000e+00      
1         -7.4851507e+01      +6.1121170e-09      +1.3414546e-03      +1.6631926e-04      
2         -7.4851507e+01      +6.8041430e-09      +1.4933368e-03      +1.8515025e-04      
3         -7.4851507e+01      +7.2887332e-09      +1.5996920e-03      +1.9833663e-04      
4         -7.4851507e+01      +9.8174127e-09      +2.1546730e-03      +2.6714553e-04      
5         -7.4850809e+01      +6.9818897e-04      +1.5323477e+02      +1.8998699e+01      
6         -7.4850809e+01      +7.3982136e-09      +1.6237202e-03      +2.0131574e-04      
7         -7.4850809e+01      +7.5923197e-09      +1.6663215e-03      +2.0659764e-04      
8         -7.4850503e+01      +3.0523771e-04      +6.6991933e+01      +8.3059451e+00      
Total time taken:                   1.9792883 s
===============================================

===============================================
            Relativistic DSRG-MRPT2            
===============================================
-----------------------------------------------
        DSRG-MRPT2 reference relaxation        
-----------------------------------------------
Iter                          Energy              Delta E   
   -Eref  -74.8511626       
   -Ecorr -0.2159600       
<Psi^(0)|Hbar^(0)|Psi^(0)>    -75.0671227         -7.50671e+01
   -Erelax-0.0000003       
<Psi^(0)|Hbar^(1)|Psi^(0)>    -75.0671230         -2.78128e-07
   -Eref  -74.8511624       
   -Ecorr -0.2159600       
<Psi^(1)|Hbar^(1)|Psi^(1)>    -75.0671224         5.52441e-07
   -Erelax-0.0000000       
<Psi^(1)|Hbar^(2)|Psi^(1)>    -75.0671225         -3.47075e-08
   -Eref  -74.8511625       
   -Ecorr -0.2159600       
<Psi^(2)|Hbar^(2)|Psi^(2)>    -75.0671226         -1.24279e-07
   -Erelax-0.0000000       
<Psi^(2)|Hbar^(3)|Psi^(2)>    -75.0671226         -4.43185e-09
   -Eref  -74.8511625       
   -Ecorr -0.2159600       
<Psi^(3)|Hbar^(3)|Psi^(3)>    -75.0671225         5.33543e-08
   -Erelax-0.0000000       
<Psi^(3)|Hbar^(4)|Psi^(3)>    -75.0671225         -5.66189e-10
   -Eref  -74.8511625       
   -Ecorr -0.2159600       
<Psi^(4)|Hbar^(4)|Psi^(4)>    -75.0671225         -1.79278e-08
   -Erelax-0.0000000       
<Psi^(4)|Hbar^(5)|Psi^(4)>    -75.0671225         -7.22906e-11
   -Eref  -74.8511625       
   -Ecorr -0.2159600       
<Psi^(5)|Hbar^(5)|Psi^(5)>    -75.0671225         6.55314e-09
   -Erelax-0.0000000       
<Psi^(5)|Hbar^(6)|Psi^(5)>    -75.0671225         -9.22284e-12
Unrelaxed DSRG-MRPT2 energy:               -75.0671227 Eh
Unrelaxed DSRG-MRPT2 E_corr:                -0.2159600 Eh
Partially relaxed DSRG-MRPT2 energy:       -75.0671230 Eh
Partially relaxed DSRG-MRPT2 E_corr:        -0.2159603 Eh
Relaxed DSRG-MRPT2 energy:                 -75.0671224 Eh
Relaxed DSRG-MRPT2 E_corr:                  -0.2159600 Eh
Fully relaxed DSRG-MRPT2 energy:           -75.0671225 Eh
Fully relaxed DSRG-MRPT2 E_corr:            -0.2159600 Eh
State     Energy / Eh         Splitting / Eh      Splitting / cm-1    Splitting / meV     
0         -7.5067382e+01      +0.0000000e+00      +0.0000000e+00      +0.0000000e+00      
1         -7.5067382e+01      +1.9100241e-09      +4.1920184e-04      +5.1974429e-05      
2         -7.5067382e+01      +1.3871784e-09      +3.0445046e-04      +3.7747064e-05      
3         -7.5067382e+01      +2.1443327e-09      +4.7062663e-04      +5.8350293e-05      
4         -7.5067382e+01      +2.4657396e-09      +5.4116729e-04      +6.7096224e-05      
5         -7.5066852e+01      +5.3002818e-04      +1.1632774e+02      +1.4422808e+01      
6         -7.5066852e+01      +2.0661162e-09      +4.5346008e-04      +5.6221911e-05      
7         -7.5066852e+01      +1.7521984e-09      +3.8456309e-04      +4.7679769e-05      
8         -7.5066638e+01      +2.1376302e-04      +4.6915560e+01      +5.8167908e+00      
Time taken:                       28.3827307 s
===============================================
===============================================
              PySCF DHF interface              
===============================================

Timing report
....integral reading:       0.5170579 s

===============================================
            Relativistic CASCI(7,8)            
===============================================
Will now allocate 0.001 MB memory for the CASCI Hamiltonian!
Time taken for 1-RDM build:        0.0003793 s
Time taken for 1-RDM build:        0.0003686 s
Time taken for 1-RDM build:        0.0003700 s
Time taken for 1-RDM build:        0.0003662 s
Time taken for 1-RDM build:        0.0003641 s
Time taken for 1-RDM build:        0.0003645 s
Time taken for 2-RDM build:        0.0013309 s
Time taken for 2-RDM build:        0.0012536 s
Time taken for 2-RDM build:        0.0012507 s
Time taken for 2-RDM build:        0.0010281 s
Time taken for 2-RDM build:        0.0010002 s
Time taken for 2-RDM build:        0.0010030 s
Time taken for 3-RDM build:        0.0138488 s
Time taken for 3-RDM build:        0.0123613 s
Time taken for 3-RDM build:        0.0123630 s
Time taken for 3-RDM build:        0.0123658 s
Time taken for 3-RDM build:        0.0123568 s
Time taken for 3-RDM build:        0.0123532 s
E_frzc:                          -75.5478008 Eh
E_cas:                           -23.9325131 Eh
E_nuc:                             0.0000000 Eh
E_casci:                         -99.4797328 Eh
E0 (from RDM):                   -99.4797328 Eh
Ecorr:                            -0.1043819 Eh

Timing summary
... Hamil build:                    0.0017400 s
... Hamil diag:                     0.0000861 s
... RDM build:                      1.2644262 s
State     Energy / Eh         Splitting / Eh      Splitting / cm-1    Splitting / meV     
0         -9.9480314e+01      +0.0000000e+00      +0.0000000e+00      +0.0000000e+00      
1         -9.9480314e+01      +2.4031038e-08      +5.2742033e-03      +6.5391818e-04      
2         -9.9480314e+01      +6.9549486e-09      +1.5264348e-03      +1.8925388e-04      
3         -9.9480314e+01      +2.1663141e-08      +4.7545098e-03      +5.8948436e-04      
4         -9.9478571e+01      +1.7431739e-03      +3.8258245e+02      +4.7434202e+01      
5         -9.9478571e+01      +1.6993980e-08      +3.7297474e-03      +4.6242996e-04      
Total time taken:                   1.3703406 s
===============================================

===============================================
            Relativistic DSRG-MRPT2            
===============================================
-----------------------------------------------
        DSRG-MRPT2 reference relaxation        
-----------------------------------------------
Iter                          Energy              Delta E   
   -Eref  -99.4797328       
   -Ecorr -0.2701776       
<Psi^(0)|Hbar^(0)|Psi^(0)>    -99.7499104         -9.97499e+01
   -Erelax0.0000000       
<Psi^(0)|Hbar^(1)|Psi^(0)>    -99.7499104         1.42109e-14
   -Eref  -99.4797328       
   -Ecorr -0.2701776       
<Psi^(1)|Hbar^(1)|Psi^(1)>    -99.7499104         0.00000e+00
   -Erelax0.0000000       
<Psi^(1)|Hbar^(2)|Psi^(1)>    -99.7499104         1.42109e-14
Unrelaxed DSRG-MRPT2 energy:               -99.7499104 Eh
Unrelaxed DSRG-MRPT2 E_corr:                -0.2701776 Eh
Partially relaxed DSRG-MRPT2 energy:       -99.7499104 Eh
Partially relaxed DSRG-MRPT2 E_corr:        -0.2701776 Eh
Relaxed DSRG-MRPT2 energy:                 -99.7499104 Eh
Relaxed DSRG-MRPT2 E_corr:                  -0.2701776 Eh
Fully relaxed DSRG-MRPT2 energy:           -99.7499104 Eh
Fully relaxed DSRG-MRPT2 E_corr:            -0.2701776 Eh
State     Energy / Eh         Splitting / Eh      Splitting / cm-1    Splitting / meV     
0         -9.9750488e+01      +0.0000000e+00      +0.0000000e+00      +0.0000000e+00      
1         -9.9750488e+01      +4.3146997e-09      +9.4696712e-04      +1.1740902e-04      
2         -9.9750488e+01      +5.2107225e-09      +1.1436214e-03      +1.4179105e-04      
3         -9.9750488e+01      +2.4431301e-09      +5.3620508e-04      +6.6480989e-05      
4         -9.9748755e+01      +1.7329562e-03      +3.8033992e+02      +4.7156162e+01      
5         -9.9748755e+01      +5.3362896e-09      +1.1711802e-03      +1.4520791e-04      
Time taken:                        6.5505755 s
===============================================
===============================================
              PySCF DHF interface              
===============================================

Timing report
....integral reading:       1.9108319 s

===============================================
            Relativistic CASCI(3,8)            
===============================================
Will now allocate 0.050 MB memory for the CASCI Hamiltonian!
Time taken for 1-RDM build:        0.0056388 s
Time taken for 1-RDM build:        0.0056489 s
Time taken for 1-RDM build:        0.0056803 s
Time taken for 1-RDM build:        0.0056546 s
Time taken for 1-RDM build:        0.0056860 s
Time taken for 1-RDM build:        0.0056288 s
Time taken for 2-RDM build:        0.0234506 s
Time taken for 2-RDM build:        0.0241339 s
Time taken for 2-RDM build:        0.0231218 s
Time taken for 2-RDM build:        0.0231445 s
Time taken for 2-RDM build:        0.0232034 s
Time taken for 2-RDM build:        0.0232058 s
Time taken for 3-RDM build:        0.0651853 s
Time taken for 3-RDM build:        0.0642672 s
Time taken for 3-RDM build:        0.0642755 s
Time taken for 3-RDM build:        0.0641217 s
Time taken for 3-RDM build:        0.0642209 s
Time taken for 3-RDM build:        0.0642009 s
E_frzc:                         -240.4061812 Eh
E_cas:                            -1.8986420 Eh
E_nuc:                             0.0000000 Eh
E_casci:                        -242.3045291 Eh
E0 (from RDM):                  -242.3045291 Eh
Ecorr:                            -0.1899047 Eh

Timing summary
... Hamil build:                    0.0165734 s
... Hamil diag:                     0.0004995 s
... RDM build:                      4.0160565 s
State     Energy / Eh         Splitting / Eh      Splitting / cm-1    Splitting / meV     
0         -2.4230482e+02      +0.0000000e+00      +0.0000000e+00      +0.0000000e+00      
1         -2.4230482e+02      +1.0992665e-09      +2.4126110e-04      +2.9912578e-05      
2         -2.4230438e+02      +4.4107881e-04      +9.6805609e+01      +1.2002372e+01      
3         -2.4230438e+02      +1.0805650e-09      +2.3715660e-04      +2.9403685e-05      
4         -2.4230438e+02      +8.9775654e-10      +1.9703478e-04      +2.4429211e-05      
5         -2.4230438e+02      +3.6629899e-10      +8.0393336e-05      +9.9675080e-06      
Total time taken:                   4.3534763 s
===============================================

===============================================
            Relativistic DSRG-MRPT2            
===============================================
-----------------------------------------------
        DSRG-MRPT2 reference relaxation        
-----------------------------------------------
Iter                          Energy              Delta E   
   -Eref  -242.3045291       
   -Ecorr -0.2003546       
<Psi^(0)|Hbar^(0)|Psi^(0)>    -242.5048837        -2.42505e+02
   -Erelax-0.0003717       
<Psi^(0)|Hbar^(1)|Psi^(0)>    -242.5052555        -3.71728e-04
   -Eref  -242.3041575       
   -Ecorr -0.2009981       
<Psi^(1)|Hbar^(1)|Psi^(1)>    -242.5051557        9.98201e-05
   -Erelax-0.0000000       
<Psi^(1)|Hbar^(2)|Psi^(1)>    -242.5051557        -3.34296e-10
   -Eref  -242.3041582       
   -Ecorr -0.2009975       
<Psi^(2)|Hbar^(2)|Psi^(2)>    -242.5051557        -8.41767e-08
   -Erelax-0.0000000       
<Psi^(2)|Hbar^(3)|Psi^(2)>    -242.5051557        0.00000e+00
   -Eref  -242.3041582       
   -Ecorr -0.2009975       
<Psi^(3)|Hbar^(3)|Psi^(3)>    -242.5051557        8.98979e-11
   -Erelax-0.0000000       
<Psi^(3)|Hbar^(4)|Psi^(3)>    -242.5051557        0.00000e+00
Unrelaxed DSRG-MRPT2 energy:              -242.5048837 Eh
Unrelaxed DSRG-MRPT2 E_corr:                -0.2003546 Eh
Partially relaxed DSRG-MRPT2 energy:      -242.5052555 Eh
Partially relaxed DSRG-MRPT2 E_corr:        -0.2007264 Eh
Relaxed DSRG-MRPT2 energy:                -242.5051557 Eh
Relaxed DSRG-MRPT2 E_corr:                  -0.2009981 Eh
Fully relaxed DSRG-MRPT2 energy:          -242.5051557 Eh
Fully relaxed DSRG-MRPT2 E_corr:            -0.2009975 Eh
State     Energy / Eh         Splitting / Eh      Splitting / cm-1    Splitting / meV     
0         -2.4250549e+02      +0.0000000e+00      +0.0000000e+00      +0.0000000e+00      
1         -2.4250549e+02      +5.1340976e-10      +1.1268042e-04      +1.3970598e-05      
2         -2.4250499e+02      +5.0194373e-04      +1.1016392e+02      +1.3658591e+01      
3         -2.4250499e+02      +4.8802917e-10      +1.0711002e-04      +1.3279957e-05      
4         -2.4250499e+02      +3.9239012e-10      +8.6119676e-05      +1.0677484e-05      
5         -2.4250499e+02      +2.0719426e-10      +4.5473884e-05      +5.6380457e-06      
Time taken:                       71.9646268 s
===============================================
===============================================
              PySCF DHF interface              
===============================================

Timing report
....integral reading:       1.9382899 s

===============================================
            Relativistic CASCI(4,8)            
===============================================
Will now allocate 0.078 MB memory for the CASCI Hamiltonian!
Time taken for 1-RDM build:        0.0098751 s
Time taken for 1-RDM build:        0.0095515 s
Time taken for 1-RDM build:        0.0095479 s
Time taken for 1-RDM build:        0.0095737 s
Time taken for 1-RDM build:        0.0097530 s
Time taken for 1-RDM build:        0.0095568 s
Time taken for 1-RDM build:        0.0095477 s
Time taken for 1-RDM build:        0.0095589 s
Time taken for 1-RDM build:        0.0095665 s
Time taken for 2-RDM build:        0.0348434 s
Time taken for 2-RDM build:        0.0348294 s
Time taken for 2-RDM build:        0.0347691 s
Time taken for 2-RDM build:        0.0348291 s
Time taken for 2-RDM build:        0.0347238 s
Time taken for 2-RDM build:        0.0349004 s
Time taken for 2-RDM build:        0.0347991 s
Time taken for 2-RDM build:        0.0348537 s
Time taken for 2-RDM build:        0.0347393 s
Time taken for 3-RDM build:        0.1521728 s
Time taken for 3-RDM build:        0.1510484 s
Time taken for 3-RDM build:        0.1510360 s
Time taken for 3-RDM build:        0.1508439 s
Time taken for 3-RDM build:        0.1510899 s
Time taken for 3-RDM build:        0.1510103 s
Time taken for 3-RDM build:        0.1512566 s
Time taken for 3-RDM build:        0.1513834 s
Time taken for 3-RDM build:        0.1512430 s
E_frzc:                         -285.7423197 Eh
E_cas:                            -3.6921024 Eh
E_nuc:                             0.0000000 Eh
E_casci:                        -289.4337768 Eh
E0 (from RDM):                  -289.4337768 Eh
Ecorr:                            -0.2329780 Eh

Timing summary
... Hamil build:                    0.0258129 s
... Hamil diag:                     0.0009975 s
... RDM build:                      5.1316288 s
State     Energy / Eh         Splitting / Eh      Splitting / cm-1    Splitting / meV     
0         -2.8943442e+02      +0.0000000e+00      +0.0000000e+00      +0.0000000e+00      
1         -2.8943409e+02      +3.3211201e-04      +7.2890160e+01      +9.0372324e+00      
2         -2.8943409e+02      +8.1735152e-10      +1.7938792e-04      +2.2241278e-05      
3         -2.8943409e+02      +8.9210062e-10      +1.9579345e-04      +2.4275306e-05      
4         -2.8943346e+02      +6.3005266e-04      +1.3828057e+02      +1.7144614e+01      
5         -2.8943346e+02      +2.5920599e-10      +5.6889139e-05      +7.0533576e-06      
6         -2.8943346e+02      +7.8654239e-10      +1.7262610e-04      +2.1402919e-05      
7         -2.8943346e+02      +6.1896799e-10      +1.3584777e-04      +1.6842985e-05      
8         -2.8943346e+02      +4.2439297e-10      +9.3143489e-05      +1.1548326e-05      
Total time taken:                   5.4777446 s
===============================================

===============================================
            Relativistic DSRG-MRPT2            
===============================================
-----------------------------------------------
        DSRG-MRPT2 reference relaxation        
-----------------------------------------------
Iter                          Energy              Delta E   
   -Eref  -289.4337768       
   -Ecorr -0.2304995       
<Psi^(0)|Hbar^(0)|Psi^(0)>    -289.6642763        -2.89664e+02
   -Erelax-0.0000977       
<Psi^(0)|Hbar^(1)|Psi^(0)>    -289.6643741        -9.77455e-05
   -Eref  -289.4336775       
   -Ecorr -0.2307373       
<Psi^(1)|Hbar^(1)|Psi^(1)>    -289.6644147        -4.06260e-05
   -Erelax-0.0000000       
<Psi^(1)|Hbar^(2)|Psi^(1)>    -289.6644147        -2.03539e-09
   -Eref  -289.4336780       
   -Ecorr -0.2307365       
<Psi^(2)|Hbar^(2)|Psi^(2)>    -289.6644146        1.53844e-07
   -Erelax-0.0000000       
<Psi^(2)|Hbar^(3)|Psi^(2)>    -289.6644146        -2.84217e-12
   -Eref  -289.4336780       
   -Ecorr -0.2307365       
<Psi^(3)|Hbar^(3)|Psi^(3)>    -289.6644146        5.35465e-10
   -Erelax-0.0000000       
<Psi^(3)|Hbar^(4)|Psi^(3)>    -289.6644146        0.00000e+00
Unrelaxed DSRG-MRPT2 energy:              -289.6642763 Eh
Unrelaxed DSRG-MRPT2 E_corr:                -0.2304995 Eh
Partially relaxed DSRG-MRPT2 energy:      -289.6643741 Eh
Partially relaxed DSRG-MRPT2 E_corr:        -0.2305973 Eh
Relaxed DSRG-MRPT2 energy:                -289.6644147 Eh
Relaxed DSRG-MRPT2 E_corr:                  -0.2307373 Eh
Fully relaxed DSRG-MRPT2 energy:          -289.6644146 Eh
Fully relaxed DSRG-MRPT2 E_corr:            -0.2307365 Eh
State     Energy / Eh         Splitting / Eh      Splitting / cm-1    Splitting / meV     
0         -2.8966513e+02      +0.0000000e+00      +0.0000000e+00      +0.0000000e+00      
1         -2.8966476e+02      +3.6906141e-04      +8.0999617e+01      +1.0042677e+01      
2         -2.8966476e+02      +2.6227553e-10      +5.7562826e-05      +7.1368842e-06      
3         -2.8966476e+02      +2.6489033e-10      +5.8136708e-05      +7.2080365e-06      
4         -2.8966406e+02      +6.9877856e-04      +1.5336417e+02      +1.9014742e+01      
5         -2.8966406e+02      +1.1419843e-10      +2.5063658e-05      +3.1074990e-06      
6         -2.8966406e+02      +2.2936320e-10      +5.0339402e-05      +6.2412934e-06      
7         -2.8966406e+02      +2.2816948e-10      +5.0077413e-05      +6.2088108e-06      
8         -2.8966406e+02      +1.1289103e-10      +2.4776717e-05      +3.0719229e-06      
Time taken:                       75.6637318 s
===============================================
===============================================
              PySCF DHF interface              
===============================================

Timing report
....integral reading:       1.9420829 s

===============================================
            Relativistic CASCI(5,8)            
===============================================
Will now allocate 0.050 MB memory for the CASCI Hamiltonian!
Time taken for 1-RDM build:        0.0057507 s
Time taken for 1-RDM build:        0.0057456 s
Time taken for 1-RDM build:        0.0057502 s
Time taken for 1-RDM build:        0.0057325 s
Time taken for 1-RDM build:        0.0057347 s
Time taken for 1-RDM build:        0.0057282 s
Time taken for 1-RDM build:        0.0057020 s
Time taken for 1-RDM build:        0.0057421 s
Time taken for 1-RDM build:        0.0057380 s
Time taken for 1-RDM build:        0.0057206 s
Time taken for 1-RDM build:        0.0057101 s
Time taken for 1-RDM build:        0.0057638 s
Time taken for 1-RDM build:        0.0057497 s
Time taken for 1-RDM build:        0.0057638 s
Time taken for 2-RDM build:        0.0255859 s
Time taken for 2-RDM build:        0.0255699 s
Time taken for 2-RDM build:        0.0254741 s
Time taken for 2-RDM build:        0.0256255 s
Time taken for 2-RDM build:        0.0262859 s
Time taken for 2-RDM build:        0.0255094 s
Time taken for 2-RDM build:        0.0254595 s
Time taken for 2-RDM build:        0.0254498 s
Time taken for 2-RDM build:        0.0254679 s
Time taken for 2-RDM build:        0.0255256 s
Time taken for 2-RDM build:        0.0255134 s
Time taken for 2-RDM build:        0.0254769 s
Time taken for 2-RDM build:        0.0255024 s
Time taken for 2-RDM build:        0.0255172 s
Time taken for 3-RDM build:        0.1502202 s
Time taken for 3-RDM build:        0.1485724 s
Time taken for 3-RDM build:        0.1484163 s
Time taken for 3-RDM build:        0.1485941 s
Time taken for 3-RDM build:        0.1488905 s
Time taken for 3-RDM build:        0.1491075 s
Time taken for 3-RDM build:        0.1489336 s
Time taken for 3-RDM build:        0.1487584 s
Time taken for 3-RDM build:        0.1486709 s
Time taken for 3-RDM build:        0.1488838 s
Time taken for 3-RDM build:        0.1484945 s
Time taken for 3-RDM build:        0.1497252 s
Time taken for 3-RDM build:        0.1485484 s
Time taken for 3-RDM build:        0.1484280 s
E_frzc:                         -335.1272672 Eh
E_cas:                            -6.3636403 Eh
E_nuc:                             0.0000000 Eh
E_casci:                        -341.4410664 Eh
E0 (from RDM):                  -341.4410664 Eh
Ecorr:                            -0.2138107 Eh

Timing summary
... Hamil build:                    0.0208914 s
... Hamil diag:                     0.0005584 s
... RDM build:                      5.8977263 s
State     Energy / Eh         Splitting / Eh      Splitting / cm-1    Splitting / meV     
0         -3.4149091e+02      +0.0000000e+00      +0.0000000e+00      +0.0000000e+00      
1         -3.4149091e+02      +3.2849812e-10      +7.2097003e-05      +8.9388933e-06      
2         -3.4149091e+02      +3.2838443e-10      +7.2072051e-05      +8.9357998e-06      
3         -3.4149091e+02      +3.2798653e-10      +7.1984722e-05      +8.9249722e-06      
4         -3.4142117e+02      +6.9735531e-02      +1.5305180e+04      +1.8976014e+03      
5         -3.4142117e+02      +1.5667183e-09      +3.4385492e-04      +4.2632597e-05      
6         -3.4142117e+02      +1.3034196e-09      +2.8606753e-04      +3.5467871e-05      
7         -3.4142117e+02      +1.7383286e-09      +3.8151902e-04      +4.7302353e-05      
8         -3.4142110e+02      +6.9890622e-05      +1.5339218e+01      +1.9018216e+00      
9         -3.4142110e+02      +9.2740038e-10      +2.0354085e-04      +2.5235862e-05      
10        -3.4142110e+02      +9.6150643e-10      +2.1102627e-04      +2.6163935e-05      
11        -3.4142110e+02      +7.5050366e-10      +1.6471651e-04      +2.0422255e-05      
12        -3.4142110e+02      +9.6383701e-10      +2.1153777e-04      +2.6227353e-05      
13        -3.4142110e+02      +1.9558115e-09      +4.2925101e-04      +5.3220367e-05      
Total time taken:                   6.2376637 s
===============================================

===============================================
            Relativistic DSRG-MRPT2            
===============================================
-----------------------------------------------
        DSRG-MRPT2 reference relaxation        
-----------------------------------------------
Iter                          Energy              Delta E   
   -Eref  -341.4410664       
   -Ecorr -0.2765112       
<Psi^(0)|Hbar^(0)|Psi^(0)>    -341.7175776        -3.41718e+02
   -Erelax-0.0000024       
<Psi^(0)|Hbar^(1)|Psi^(0)>    -341.7175800        -2.39495e-06
   -Eref  -341.4410646       
   -Ecorr -0.2765168       
<Psi^(1)|Hbar^(1)|Psi^(1)>    -341.7175814        -1.41351e-06
   -Erelax-0.0000000       
<Psi^(1)|Hbar^(2)|Psi^(1)>    -341.7175815        -1.65300e-08
   -Eref  -341.4410649       
   -Ecorr -0.2765165       
<Psi^(2)|Hbar^(2)|Psi^(2)>    -341.7175813        1.20307e-07
   -Erelax-0.0000000       
<Psi^(2)|Hbar^(3)|Psi^(2)>    -341.7175813        -1.38641e-10
   -Eref  -341.4410649       
   -Ecorr -0.2765165       
<Psi^(3)|Hbar^(3)|Psi^(3)>    -341.7175814        -1.10057e-08
   -Erelax-0.0000000       
<Psi^(3)|Hbar^(4)|Psi^(3)>    -341.7175814        -1.19371e-12
   -Eref  -341.4410649       
   -Ecorr -0.2765165       
<Psi^(4)|Hbar^(4)|Psi^(4)>    -341.7175814        1.00852e-09
   -Erelax-0.0000000       
<Psi^(4)|Hbar^(5)|Psi^(4)>    -341.7175814        0.00000e+00
Unrelaxed DSRG-MRPT2 energy:              -341.7175776 Eh
Unrelaxed DSRG-MRPT2 E_corr:                -0.2765112 Eh
Partially relaxed DSRG-MRPT2 energy:      -341.7175800 Eh
Partially relaxed DSRG-MRPT2 E_corr:        -0.2765136 Eh
Relaxed DSRG-MRPT2 energy:                -341.7175814 Eh
Relaxed DSRG-MRPT2 E_corr:                  -0.2765168 Eh
Fully relaxed DSRG-MRPT2 energy:          -341.7175814 Eh
Fully relaxed DSRG-MRPT2 E_corr:            -0.2765165 Eh
State     Energy / Eh         Splitting / Eh      Splitting / cm-1    Splitting / meV     
0         -3.4175831e+02      +0.0000000e+00      +0.0000000e+00      +0.0000000e+00      
1         -3.4175831e+02      +1.6348167e-10      +3.5880080e-05      +4.4485650e-06      
2         -3.4175831e+02      +1.6342483e-10      +3.5867604e-05      +4.4470182e-06      
3         -3.4175831e+02      +1.6348167e-10      +3.5880080e-05      +4.4485650e-06      
4         -3.4170134e+02      +5.6970837e-02      +1.2503653e+04      +1.5502562e+03      
5         -3.4170134e+02      +2.1401547e-10      +4.6970967e-05      +5.8236604e-06      
6         -3.4170134e+02      +1.7462298e-10      +3.8325315e-05      +4.7517357e-06      
7         -3.4170134e+02      +2.6039970e-10      +5.7151128e-05      +7.0858402e-06      
8         -3.4170126e+02      +7.8915330e-05      +1.7319913e+01      +2.1473965e+00      
9         -3.4170126e+02      +1.6183321e-10      +3.5518285e-05      +4.4037081e-06      
10        -3.4170126e+02      +1.7877255e-10      +3.9236040e-05      +4.8646513e-06      
11        -3.4170126e+02      +9.4132702e-11      +2.0659740e-05      +2.5614825e-06      
12        -3.4170126e+02      +9.8623332e-11      +2.1645319e-05      +2.6836788e-06      
13        -3.4170126e+02      +4.2047077e-10      +9.2282667e-05      +1.1441598e-05      
Time taken:                      100.3687749 s
===============================================
===============================================
              PySCF DHF interface              
===============================================

Timing report
....integral reading:       1.9387560 s

===============================================
            Relativistic CASCI(6,8)            
===============================================
Will now allocate 0.013 MB memory for the CASCI Hamiltonian!
Time taken for 1-RDM build:        0.0022287 s
Time taken for 1-RDM build:        0.0021846 s
Time taken for 1-RDM build:        0.0021861 s
Time taken for 1-RDM build:        0.0021927 s
Time taken for 1-RDM build:        0.0021770 s
Time taken for 1-RDM build:        0.0021846 s
Time taken for 1-RDM build:        0.0021758 s
Time taken for 1-RDM build:        0.0021908 s
Time taken for 1-RDM build:        0.0021918 s
Time taken for 2-RDM build:        0.0086753 s
Time taken for 2-RDM build:        0.0085831 s
Time taken for 2-RDM build:        0.0086019 s
Time taken for 2-RDM build:        0.0085912 s
Time taken for 2-RDM build:        0.0085833 s
Time taken for 2-RDM build:        0.0086024 s
Time taken for 2-RDM build:        0.0085719 s
Time taken for 2-RDM build:        0.0085950 s
Time taken for 2-RDM build:        0.0086057 s
Time taken for 3-RDM build:        0.0680602 s
Time taken for 3-RDM build:        0.0662696 s
Time taken for 3-RDM build:        0.0663624 s
Time taken for 3-RDM build:        0.0675521 s
Time taken for 3-RDM build:        0.0665250 s
Time taken for 3-RDM build:        0.0664685 s
Time taken for 3-RDM build:        0.0663722 s
Time taken for 3-RDM build:        0.0663788 s
Time taken for 3-RDM build:        0.0663147 s
E_frzc:                         -388.5675376 Eh
E_cas:                            -9.9659359 Eh
E_nuc:                             0.0000000 Eh
E_casci:                        -398.5325748 Eh
E0 (from RDM):                  -398.5325748 Eh
Ecorr:                            -0.1603097 Eh

Timing summary
... Hamil build:                    0.0088665 s
... Hamil diag:                     0.0002897 s
... RDM build:                      4.0702884 s
State     Energy / Eh         Splitting / Eh      Splitting / cm-1    Splitting / meV     
0         -3.9853347e+02      +0.0000000e+00      +0.0000000e+00      +0.0000000e+00      
1         -3.9853347e+02      +5.6296585e-09      +1.2355672e-03      +1.5319088e-04      
2         -3.9853347e+02      +5.9783360e-09      +1.3120931e-03      +1.6267889e-04      
3         -3.9853347e+02      +5.6479053e-09      +1.2395719e-03      +1.5368740e-04      
4         -3.9853347e+02      +5.6580234e-09      +1.2417926e-03      +1.5396273e-04      
5         -3.9853166e+02      +1.8163270e-03      +3.9863770e+02      +4.9424800e+01      
6         -3.9853166e+02      +3.5533390e-09      +7.7986775e-04      +9.6691324e-05      
7         -3.9853166e+02      +3.5755079e-09      +7.8473327e-04      +9.7294572e-05      
8         -3.9853083e+02      +8.2294816e-04      +1.8061624e+02      +2.2393571e+01      
Total time taken:                   4.3988755 s
===============================================

===============================================
            Relativistic DSRG-MRPT2            
===============================================
-----------------------------------------------
        DSRG-MRPT2 reference relaxation        
-----------------------------------------------
Iter                          Energy              Delta E   
   -Eref  -398.5325748       
   -Ecorr -0.3130270       
<Psi^(0)|Hbar^(0)|Psi^(0)>    -398.8456018        -3.98846e+02
   -Erelax-0.0000006       
<Psi^(0)|Hbar^(1)|Psi^(0)>    -398.8456024        -5.61655e-07
   -Eref  -398.5325743       
   -Ecorr -0.3130275       
<Psi^(1)|Hbar^(1)|Psi^(1)>    -398.8456018        5.73206e-07
   -Erelax-0.0000000       
<Psi^(1)|Hbar^(2)|Psi^(1)>    -398.8456018        -1.43461e-08
   -Eref  -398.5325744       
   -Ecorr -0.3130275       
<Psi^(2)|Hbar^(2)|Psi^(2)>    -398.8456019        -9.79920e-08
   -Erelax-0.0000000       
<Psi^(2)|Hbar^(3)|Psi^(2)>    -398.8456019        -5.27564e-10
   -Eref  -398.5325744       
   -Ecorr -0.3130275       
<Psi^(3)|Hbar^(3)|Psi^(3)>    -398.8456019        1.96491e-08
   -Erelax-0.0000000       
<Psi^(3)|Hbar^(4)|Psi^(3)>    -398.8456019        -1.93836e-11
   -Eref  -398.5325744       
   -Ecorr -0.3130275       
<Psi^(4)|Hbar^(4)|Psi^(4)>    -398.8456019        -3.73711e-09
   -Erelax-0.0000000       
<Psi^(4)|Hbar^(5)|Psi^(4)>    -398.8456019        -7.38964e-13
Unrelaxed DSRG-MRPT2 energy:              -398.8456018 Eh
Unrelaxed DSRG-MRPT2 E_corr:                -0.3130270 Eh
Partially relaxed DSRG-MRPT2 energy:      -398.8456024 Eh
Partially relaxed DSRG-MRPT2 E_corr:        -0.3130275 Eh
Relaxed DSRG-MRPT2 energy:                -398.8456018 Eh
Relaxed DSRG-MRPT2 E_corr:                  -0.3130275 Eh
Fully relaxed DSRG-MRPT2 energy:          -398.8456019 Eh
Fully relaxed DSRG-MRPT2 E_corr:            -0.3130275 Eh
State     Energy / Eh         Splitting / Eh      Splitting / cm-1    Splitting / meV     
0         -3.9884633e+02      +0.0000000e+00      +0.0000000e+00      +0.0000000e+00      
1         -3.9884633e+02      +1.1555699e-09      +2.5361827e-04      +3.1444673e-05      
2         -3.9884633e+02      +2.4272140e-10      +5.3271189e-05      +6.6047888e-06      
3         -3.9884633e+02      +2.6915359e-10      +5.9072384e-05      +7.3240457e-06      
4         -3.9884633e+02      +8.6743057e-10      +1.9037900e-04      +2.3603999e-05      
5         -3.9884486e+02      +1.4730858e-03      +3.2330497e+02      +4.0084726e+01      
6         -3.9884486e+02      +3.7090331e-10      +8.1403866e-05      +1.0092798e-05      
7         -3.9884486e+02      +5.0090421e-10      +1.0993577e-04      +1.3630304e-05      
8         -3.9884418e+02      +6.7489730e-04      +1.4812284e+02      +1.8364900e+01      
Time taken:                       93.0962079 s
===============================================
===============================================
              PySCF DHF interface              
===============================================

Timing report
....integral reading:       1.9367723 s

===============================================
            Relativistic CASCI(7,8)            
===============================================
Will now allocate 0.001 MB memory for the CASCI Hamiltonian!
Time taken for 1-RDM build:        0.0003736 s
Time taken for 1-RDM build:        0.0003648 s
Time taken for 1-RDM build:        0.0003653 s
Time taken for 1-RDM build:        0.0003614 s
Time taken for 1-RDM build:        0.0003650 s
Time taken for 1-RDM build:        0.0003650 s
Time taken for 2-RDM build:        0.0010731 s
Time taken for 2-RDM build:        0.0010068 s
Time taken for 2-RDM build:        0.0010014 s
Time taken for 2-RDM build:        0.0009973 s
Time taken for 2-RDM build:        0.0009995 s
Time taken for 2-RDM build:        0.0009937 s
Time taken for 3-RDM build:        0.0136731 s
Time taken for 3-RDM build:        0.0123460 s
Time taken for 3-RDM build:        0.0123332 s
Time taken for 3-RDM build:        0.0123324 s
Time taken for 3-RDM build:        0.0123434 s
Time taken for 3-RDM build:        0.0123312 s
E_frzc:                         -446.0682972 Eh
E_cas:                           -14.7582517 Eh
E_nuc:                             0.0000000 Eh
E_casci:                        -460.8252020 Eh
E0 (from RDM):                  -460.8252020 Eh
Ecorr:                             0.0013470 Eh

Timing summary
... Hamil build:                    0.0017638 s
... Hamil diag:                     0.0001059 s
... RDM build:                      3.4579191 s
State     Energy / Eh         Splitting / Eh      Splitting / cm-1    Splitting / meV     
0         -4.6082655e+02      +0.0000000e+00      +0.0000000e+00      +0.0000000e+00      
1         -4.6082655e+02      +1.2022326e-08      +2.6385956e-03      +3.2714432e-04      
2         -4.6082655e+02      +5.7600573e-09      +1.2641864e-03      +1.5673922e-04      
3         -4.6082655e+02      +1.1622035e-08      +2.5507418e-03      +3.1625183e-04      
4         -4.6082251e+02      +4.0408198e-03      +8.8685742e+02      +1.0995636e+02      
5         -4.6082251e+02      +2.0031848e-08      +4.3964825e-03      +5.4509461e-04      
Total time taken:                   3.7790525 s
===============================================

===============================================
            Relativistic DSRG-MRPT2            
===============================================
-----------------------------------------------
        DSRG-MRPT2 reference relaxation        
-----------------------------------------------
Iter                          Energy              Delta E   
   -Eref  -460.8252020       
   -Ecorr -0.3517162       
<Psi^(0)|Hbar^(0)|Psi^(0)>    -461.1769181        -4.61177e+02
   -Erelax0.0000000       
<Psi^(0)|Hbar^(1)|Psi^(0)>    -461.1769181        0.00000e+00
   -Eref  -460.8252020       
   -Ecorr -0.3517162       
<Psi^(1)|Hbar^(1)|Psi^(1)>    -461.1769181        -2.84217e-13
   -Erelax-0.0000000       
<Psi^(1)|Hbar^(2)|Psi^(1)>    -461.1769181        0.00000e+00
Unrelaxed DSRG-MRPT2 energy:              -461.1769181 Eh
Unrelaxed DSRG-MRPT2 E_corr:                -0.3517162 Eh
Partially relaxed DSRG-MRPT2 energy:      -461.1769181 Eh
Partially relaxed DSRG-MRPT2 E_corr:        -0.3517162 Eh
Relaxed DSRG-MRPT2 energy:                -461.1769181 Eh
Relaxed DSRG-MRPT2 E_corr:                  -0.3517162 Eh
Fully relaxed DSRG-MRPT2 energy:          -461.1769181 Eh
Fully relaxed DSRG-MRPT2 E_corr:            -0.3517162 Eh
State     Energy / Eh         Splitting / Eh      Splitting / cm-1    Splitting / meV     
0         -4.6117824e+02      +0.0000000e+00      +0.0000000e+00      +0.0000000e+00      
1         -4.6117824e+02      +1.4431407e-09      +3.1673278e-04      +3.9269878e-05      
2         -4.6117824e+02      +1.2601618e-09      +2.7657353e-04      +3.4290764e-05      
3         -4.6117824e+02      +1.2718715e-09      +2.7914353e-04      +3.4609403e-05      
4         -4.6117428e+02      +3.9647047e-03      +8.7015211e+02      +1.0788516e+02      
5         -4.6117427e+02      +2.4417659e-09      +5.3590567e-04      +6.6443866e-05      
Time taken:                       30.6237786 s
===============================================
===============================================
              PySCF DHF interface              
===============================================

Timing report
....integral reading:      24.6083500 s

===============================================
            Relativistic CASCI(3,8)            
===============================================
Will now allocate 0.050 MB memory for the CASCI Hamiltonian!
Time taken for 1-RDM build:        0.0056703 s
Time taken for 1-RDM build:        0.0056636 s
Time taken for 1-RDM build:        0.0056512 s
Time taken for 1-RDM build:        0.0056303 s
Time taken for 1-RDM build:        0.0056443 s
Time taken for 1-RDM build:        0.0064027 s
Time taken for 2-RDM build:        0.0232558 s
Time taken for 2-RDM build:        0.0231183 s
Time taken for 2-RDM build:        0.0231416 s
Time taken for 2-RDM build:        0.0230978 s
Time taken for 2-RDM build:        0.0231931 s
Time taken for 2-RDM build:        0.0231628 s
Time taken for 3-RDM build:        0.0654585 s
Time taken for 3-RDM build:        0.0643296 s
Time taken for 3-RDM build:        0.0649300 s
Time taken for 3-RDM build:        0.0643566 s
Time taken for 3-RDM build:        0.0644741 s
Time taken for 3-RDM build:        0.0644603 s
E_frzc:                        -1939.7138290 Eh
E_cas:                            -2.0100161 Eh
E_nuc:                             0.0000000 Eh
E_casci:                       -1941.7217616 Eh
E0 (from RDM):                 -1941.7217616 Eh
Ecorr:                            -0.1944870 Eh

Timing summary
... Hamil build:                    0.0170403 s
... Hamil diag:                     0.0005565 s
... RDM build:                     49.2746191 s
State     Energy / Eh         Splitting / Eh      Splitting / cm-1    Splitting / meV     
0         -1.9417238e+03      +0.0000000e+00      +0.0000000e+00      +0.0000000e+00      
1         -1.9417238e+03      +1.0702479e-09      +2.3489226e-04      +2.9122942e-05      
2         -1.9417207e+03      +3.1252750e-03      +6.8591858e+02      +8.5043106e+01      
3         -1.9417207e+03      +1.1004886e-09      +2.4152933e-04      +2.9945834e-05      
4         -1.9417207e+03      +9.5178621e-10      +2.0889293e-04      +2.5899434e-05      
5         -1.9417207e+03      +6.4619599e-10      +1.4182362e-04      +1.7583897e-05      
Total time taken:                  52.9569290 s
===============================================

===============================================
            Relativistic DSRG-MRPT2            
===============================================
-----------------------------------------------
        DSRG-MRPT2 reference relaxation        
-----------------------------------------------
Iter                          Energy              Delta E   
   -Eref  -1941.7217616       
   -Ecorr -0.9524795       
<Psi^(0)|Hbar^(0)|Psi^(0)>    -1942.6742411       -1.94267e+03
   -Erelax-0.0003522       
<Psi^(0)|Hbar^(1)|Psi^(0)>    -1942.6745933       -3.52197e-04
   -Eref  -1941.7214099       
   -Ecorr -0.9531290       
<Psi^(1)|Hbar^(1)|Psi^(1)>    -1942.6745389       5.43600e-05
   -Erelax-0.0000000       
<Psi^(1)|Hbar^(2)|Psi^(1)>    -1942.6745389       -1.88220e-09
   -Eref  -1941.7214115       
   -Ecorr -0.9531275       
<Psi^(2)|Hbar^(2)|Psi^(2)>    -1942.6745390       -1.03913e-07
   -Erelax-0.0000000       
<Psi^(2)|Hbar^(3)|Psi^(2)>    -1942.6745390       0.00000e+00
   -Eref  -1941.7214115       
   -Ecorr -0.9531275       
<Psi^(3)|Hbar^(3)|Psi^(3)>    -1942.6745390       2.40561e-10
   -Erelax-0.0000000       
<Psi^(3)|Hbar^(4)|Psi^(3)>    -1942.6745390       0.00000e+00
Unrelaxed DSRG-MRPT2 energy:             -1942.6742411 Eh
Unrelaxed DSRG-MRPT2 E_corr:                -0.9524795 Eh
Partially relaxed DSRG-MRPT2 energy:     -1942.6745933 Eh
Partially relaxed DSRG-MRPT2 E_corr:        -0.9528317 Eh
Relaxed DSRG-MRPT2 energy:               -1942.6745389 Eh
Relaxed DSRG-MRPT2 E_corr:                  -0.9531290 Eh
Fully relaxed DSRG-MRPT2 energy:         -1942.6745390 Eh
Fully relaxed DSRG-MRPT2 E_corr:            -0.9531275 Eh
State     Energy / Eh         Splitting / Eh      Splitting / cm-1    Splitting / meV     
0         -1.9426769e+03      +0.0000000e+00      +0.0000000e+00      +0.0000000e+00      
1         -1.9426769e+03      +4.2314241e-10      +9.2869024e-05      +1.1514297e-05      
2         -1.9426733e+03      +3.5856249e-03      +7.8695369e+02      +9.7569869e+01      
3         -1.9426733e+03      +4.3519321e-10      +9.5513870e-05      +1.1842216e-05      
4         -1.9426733e+03      +4.0836312e-10      +8.9625345e-05      +1.1112132e-05      
5         -1.9426733e+03      +2.7262104e-10      +5.9833401e-05      +7.4183998e-06      
Time taken:                      969.8924975 s
===============================================
===============================================
              PySCF DHF interface              
===============================================

Timing report
....integral reading:      24.2466402 s

===============================================
            Relativistic CASCI(4,8)            
===============================================
Will now allocate 0.078 MB memory for the CASCI Hamiltonian!
Time taken for 1-RDM build:        0.0099030 s
Time taken for 1-RDM build:        0.0095344 s
Time taken for 1-RDM build:        0.0095348 s
Time taken for 1-RDM build:        0.0094945 s
Time taken for 1-RDM build:        0.0095448 s
Time taken for 1-RDM build:        0.0095303 s
Time taken for 1-RDM build:        0.0095563 s
Time taken for 1-RDM build:        0.0095358 s
Time taken for 1-RDM build:        0.0095260 s
Time taken for 2-RDM build:        0.0348768 s
Time taken for 2-RDM build:        0.0347998 s
Time taken for 2-RDM build:        0.0347927 s
Time taken for 2-RDM build:        0.0348170 s
Time taken for 2-RDM build:        0.0348451 s
Time taken for 2-RDM build:        0.0347502 s
Time taken for 2-RDM build:        0.0348308 s
Time taken for 2-RDM build:        0.0365674 s
Time taken for 2-RDM build:        0.0347912 s
Time taken for 3-RDM build:        0.1526098 s
Time taken for 3-RDM build:        0.1516004 s
Time taken for 3-RDM build:        0.1517985 s
Time taken for 3-RDM build:        0.1516752 s
Time taken for 3-RDM build:        0.1518021 s
Time taken for 3-RDM build:        0.1515272 s
Time taken for 3-RDM build:        0.1517971 s
Time taken for 3-RDM build:        0.1517398 s
Time taken for 3-RDM build:        0.1518142 s
E_frzc:                        -2092.8592106 Eh
E_cas:                            -3.6862998 Eh
E_nuc:                             0.0000000 Eh
E_casci:                       -2096.5413860 Eh
E0 (from RDM):                 -2096.5413860 Eh
Ecorr:                            -0.2153364 Eh

Timing summary
... Hamil build:                    0.0259490 s
... Hamil diag:                     0.0010650 s
... RDM build:                     51.7651968 s
State     Energy / Eh         Splitting / Eh      Splitting / cm-1    Splitting / meV     
0         -2.0965455e+03      +0.0000000e+00      +0.0000000e+00      +0.0000000e+00      
1         -2.0965432e+03      +2.3344184e-03      +5.1234561e+02      +6.3522789e+01      
2         -2.0965432e+03      +6.4164851e-10      +1.4082557e-04      +1.7460154e-05      
3         -2.0965432e+03      +5.3205440e-10      +1.1677244e-04      +1.4477945e-05      
4         -2.0965395e+03      +3.6890520e-03      +8.0965333e+02      +1.0038427e+02      
5         -2.0965395e+03      +9.3723429e-10      +2.0569915e-04      +2.5503456e-05      
6         -2.0965395e+03      +1.0586518e-09      +2.3234722e-04      +2.8807397e-05      
7         -2.0965395e+03      +1.1709744e-09      +2.5699918e-04      +3.1863852e-05      
8         -2.0965395e+03      +1.0372787e-09      +2.2765636e-04      +2.8225805e-05      
Total time taken:                  55.4454148 s
===============================================

===============================================
            Relativistic DSRG-MRPT2            
===============================================
-----------------------------------------------
        DSRG-MRPT2 reference relaxation        
-----------------------------------------------
Iter                          Energy              Delta E   
   -Eref  -2096.5413860       
   -Ecorr -0.9513703       
<Psi^(0)|Hbar^(0)|Psi^(0)>    -2097.4927562       -2.09749e+03
   -Erelax-0.0000996       
<Psi^(0)|Hbar^(1)|Psi^(0)>    -2097.4928558       -9.96184e-05
   -Eref  -2096.5412814       
   -Ecorr -0.9515990       
<Psi^(1)|Hbar^(1)|Psi^(1)>    -2097.4928804       -2.45867e-05
   -Erelax-0.0000000       
<Psi^(1)|Hbar^(2)|Psi^(1)>    -2097.4928804       -1.49466e-08
   -Eref  -2096.5412807       
   -Ecorr -0.9515994       
<Psi^(2)|Hbar^(2)|Psi^(2)>    -2097.4928801       3.65882e-07
   -Erelax-0.0000000       
<Psi^(2)|Hbar^(3)|Psi^(2)>    -2097.4928801       -1.68257e-11
   -Eref  -2096.5412806       
   -Ecorr -0.9515994       
<Psi^(3)|Hbar^(3)|Psi^(3)>    -2097.4928801       9.99307e-09
   -Erelax-0.0000000       
<Psi^(3)|Hbar^(4)|Psi^(3)>    -2097.4928801       0.00000e+00
Unrelaxed DSRG-MRPT2 energy:             -2097.4927562 Eh
Unrelaxed DSRG-MRPT2 E_corr:                -0.9513703 Eh
Partially relaxed DSRG-MRPT2 energy:     -2097.4928558 Eh
Partially relaxed DSRG-MRPT2 E_corr:        -0.9514699 Eh
Relaxed DSRG-MRPT2 energy:               -2097.4928804 Eh
Relaxed DSRG-MRPT2 E_corr:                  -0.9515990 Eh
Fully relaxed DSRG-MRPT2 energy:         -2097.4928801 Eh
Fully relaxed DSRG-MRPT2 E_corr:            -0.9515994 Eh
State     Energy / Eh         Splitting / Eh      Splitting / cm-1    Splitting / meV     
0         -2.0974973e+03      +0.0000000e+00      +0.0000000e+00      +0.0000000e+00      
1         -2.0974948e+03      +2.5249737e-03      +5.5416766e+02      +6.8708065e+01      
2         -2.0974948e+03      +1.5506885e-10      +3.4033678e-05      +4.2196403e-06      
3         -2.0974948e+03      +1.4642865e-10      +3.2137373e-05      +3.9845283e-06      
4         -2.0974909e+03      +3.9209003e-03      +8.6053814e+02      +1.0669318e+02      
5         -2.0974909e+03      +2.0463631e-10      +4.4912478e-05      +5.5684402e-06      
6         -2.0974909e+03      +2.3874236e-10      +5.2397891e-05      +6.4965136e-06      
7         -2.0974909e+03      +2.3464963e-10      +5.1499641e-05      +6.3851448e-06      
8         -2.0974909e+03      +2.0008883e-10      +4.3914423e-05      +5.4446971e-06      
Time taken:                      976.8933666 s
===============================================
===============================================
              PySCF DHF interface              
===============================================

Timing report
....integral reading:      24.2343566 s

===============================================
            Relativistic CASCI(5,8)            
===============================================
Will now allocate 0.050 MB memory for the CASCI Hamiltonian!
Time taken for 1-RDM build:        0.0056517 s
Time taken for 1-RDM build:        0.0056553 s
Time taken for 1-RDM build:        0.0056555 s
Time taken for 1-RDM build:        0.0056148 s
Time taken for 1-RDM build:        0.0056527 s
Time taken for 1-RDM build:        0.0056295 s
Time taken for 1-RDM build:        0.0056176 s
Time taken for 1-RDM build:        0.0056593 s
Time taken for 1-RDM build:        0.0056674 s
Time taken for 1-RDM build:        0.0056608 s
Time taken for 1-RDM build:        0.0056372 s
Time taken for 1-RDM build:        0.0056615 s
Time taken for 1-RDM build:        0.0056310 s
Time taken for 1-RDM build:        0.0056546 s
Time taken for 2-RDM build:        0.0253763 s
Time taken for 2-RDM build:        0.0253334 s
Time taken for 2-RDM build:        0.0252719 s
Time taken for 2-RDM build:        0.0253186 s
Time taken for 2-RDM build:        0.0253165 s
Time taken for 2-RDM build:        0.0253344 s
Time taken for 2-RDM build:        0.0253296 s
Time taken for 2-RDM build:        0.0253329 s
Time taken for 2-RDM build:        0.0252807 s
Time taken for 2-RDM build:        0.0253320 s
Time taken for 2-RDM build:        0.0253110 s
Time taken for 2-RDM build:        0.0253026 s
Time taken for 2-RDM build:        0.0253427 s
Time taken for 2-RDM build:        0.0252972 s
Time taken for 3-RDM build:        0.1509738 s
Time taken for 3-RDM build:        0.1486199 s
Time taken for 3-RDM build:        0.1486483 s
Time taken for 3-RDM build:        0.1487601 s
Time taken for 3-RDM build:        0.1484489 s
Time taken for 3-RDM build:        0.1485798 s
Time taken for 3-RDM build:        0.1486187 s
Time taken for 3-RDM build:        0.1485498 s
Time taken for 3-RDM build:        0.1491313 s
Time taken for 3-RDM build:        0.1486449 s
Time taken for 3-RDM build:        0.1486039 s
Time taken for 3-RDM build:        0.1488557 s
Time taken for 3-RDM build:        0.1486144 s
Time taken for 3-RDM build:        0.1496596 s
E_frzc:                        -2252.3726240 Eh
E_cas:                            -6.0718308 Eh
E_nuc:                             0.0000000 Eh
E_casci:                       -2258.3972569 Eh
E0 (from RDM):                 -2258.3972569 Eh
Ecorr:                            -0.0178409 Eh

Timing summary
... Hamil build:                    0.0208600 s
... Hamil diag:                     0.0005429 s
... RDM build:                     50.6181769 s
State     Energy / Eh         Splitting / Eh      Splitting / cm-1    Splitting / meV     
0         -2.2584445e+03      +0.0000000e+00      +0.0000000e+00      +0.0000000e+00      
1         -2.2584445e+03      +5.2432370e-10      +1.1507575e-04      +1.4267581e-05      
2         -2.2584445e+03      +5.2705218e-10      +1.1567458e-04      +1.4341827e-05      
3         -2.2584445e+03      +5.1386451e-10      +1.1278022e-04      +1.3982972e-05      
4         -2.2583793e+03      +6.5107933e-02      +1.4289540e+04      +1.7716780e+03      
5         -2.2583793e+03      +9.2859409e-10      +2.0380284e-04      +2.5268344e-05      
6         -2.2583793e+03      +1.1159500e-09      +2.4492271e-04      +3.0366561e-05      
7         -2.2583793e+03      +5.1250026e-10      +1.1248081e-04      +1.3945849e-05      
8         -2.2583777e+03      +1.6153755e-03      +3.5453394e+02      +4.3956628e+01      
9         -2.2583777e+03      +7.5033313e-10      +1.6467909e-04      +2.0417614e-05      
10        -2.2583777e+03      +4.8839865e-10      +1.0719111e-04      +1.3290011e-05      
11        -2.2583777e+03      +1.4611032e-09      +3.2067509e-04      +3.9758663e-05      
12        -2.2583777e+03      +1.6329977e-09      +3.5840157e-04      +4.4436153e-05      
13        -2.2583777e+03      +6.3982952e-10      +1.4042635e-04      +1.7410656e-05      
Total time taken:                  54.2946591 s
===============================================

===============================================
            Relativistic DSRG-MRPT2            
===============================================
-----------------------------------------------
        DSRG-MRPT2 reference relaxation        
-----------------------------------------------
Iter                          Energy              Delta E   
   -Eref  -2258.3972569       
   -Ecorr -0.9692761       
<Psi^(0)|Hbar^(0)|Psi^(0)>    -2259.3665329       -2.25937e+03
   -Erelax-0.0000322       
<Psi^(0)|Hbar^(1)|Psi^(0)>    -2259.3665651       -3.22039e-05
   -Eref  -2258.3972306       
   -Ecorr -0.9693498       
<Psi^(1)|Hbar^(1)|Psi^(1)>    -2259.3665804       -1.52787e-05
   -Erelax-0.0000001       
<Psi^(1)|Hbar^(2)|Psi^(1)>    -2259.3665805       -1.18022e-07
   -Eref  -2258.3972333       
   -Ecorr -0.9693463       
<Psi^(2)|Hbar^(2)|Psi^(2)>    -2259.3665795       1.00072e-06
   -Erelax-0.0000000       
<Psi^(2)|Hbar^(3)|Psi^(2)>    -2259.3665795       -5.70253e-10
   -Eref  -2258.3972331       
   -Ecorr -0.9693465       
<Psi^(3)|Hbar^(3)|Psi^(3)>    -2259.3665796       -6.93444e-08
   -Erelax-0.0000000       
<Psi^(3)|Hbar^(4)|Psi^(3)>    -2259.3665796       -2.72848e-12
   -Eref  -2258.3972331       
   -Ecorr -0.9693465       
<Psi^(4)|Hbar^(4)|Psi^(4)>    -2259.3665796       4.82123e-09
   -Erelax-0.0000000       
<Psi^(4)|Hbar^(5)|Psi^(4)>    -2259.3665796       0.00000e+00
Unrelaxed DSRG-MRPT2 energy:             -2259.3665329 Eh
Unrelaxed DSRG-MRPT2 E_corr:                -0.9692761 Eh
Partially relaxed DSRG-MRPT2 energy:     -2259.3665651 Eh
Partially relaxed DSRG-MRPT2 E_corr:        -0.9693083 Eh
Relaxed DSRG-MRPT2 energy:               -2259.3665804 Eh
Relaxed DSRG-MRPT2 E_corr:                  -0.9693498 Eh
Fully relaxed DSRG-MRPT2 energy:         -2259.3665796 Eh
Fully relaxed DSRG-MRPT2 E_corr:            -0.9693465 Eh
State     Energy / Eh         Splitting / Eh      Splitting / cm-1    Splitting / meV     
0         -2.2594055e+03      +0.0000000e+00      +0.0000000e+00      +0.0000000e+00      
1         -2.2594055e+03      +1.2687451e-10      +2.7845736e-05      +3.4524329e-06      
2         -2.2594055e+03      +1.3233148e-10      +2.9043402e-05      +3.6009247e-06      
3         -2.2594055e+03      +1.2778401e-10      +2.8045347e-05      +3.4771816e-06      
4         -2.2593518e+03      +5.3640841e-02      +1.1772804e+04      +1.4596423e+03      
5         -2.2593518e+03      +1.1868906e-10      +2.6049237e-05      +3.2296953e-06      
6         -2.2593518e+03      +2.4829205e-10      +5.4493807e-05      +6.7563741e-06      
7         -2.2593518e+03      +9.3677954e-11      +2.0559934e-05      +2.5491082e-06      
8         -2.2593505e+03      +1.2973760e-03      +2.8474113e+02      +3.5303417e+01      
9         -2.2593505e+03      +9.8225428e-11      +2.1557989e-05      +2.6728513e-06      
10        -2.2593505e+03      +1.8508217e-10      +4.0620841e-05      +5.0363448e-06      
11        -2.2593505e+03      +1.6370905e-10      +3.5929982e-05      +4.4547522e-06      
12        -2.2593505e+03      +2.2055247e-10      +4.8405671e-05      +6.0015411e-06      
13        -2.2593505e+03      +1.2960300e-10      +2.8444569e-05      +3.5266788e-06      
Time taken:                     1269.2393873 s
===============================================
===============================================
              PySCF DHF interface              
===============================================

Timing report
....integral reading:      24.2785840 s

===============================================
            Relativistic CASCI(6,8)            
===============================================
Will now allocate 0.013 MB memory for the CASCI Hamiltonian!
Time taken for 1-RDM build:        0.0022161 s
Time taken for 1-RDM build:        0.0021815 s
Time taken for 1-RDM build:        0.0021751 s
Time taken for 1-RDM build:        0.0021744 s
Time taken for 1-RDM build:        0.0021818 s
Time taken for 1-RDM build:        0.0021670 s
Time taken for 1-RDM build:        0.0021777 s
Time taken for 1-RDM build:        0.0021691 s
Time taken for 1-RDM build:        0.0021610 s
Time taken for 2-RDM build:        0.0086434 s
Time taken for 2-RDM build:        0.0085931 s
Time taken for 2-RDM build:        0.0085878 s
Time taken for 2-RDM build:        0.0085807 s
Time taken for 2-RDM build:        0.0085487 s
Time taken for 2-RDM build:        0.0085680 s
Time taken for 2-RDM build:        0.0085762 s
Time taken for 2-RDM build:        0.0085700 s
Time taken for 2-RDM build:        0.0085943 s
Time taken for 3-RDM build:        0.0681682 s
Time taken for 3-RDM build:        0.0664816 s
Time taken for 3-RDM build:        0.0663559 s
Time taken for 3-RDM build:        0.0664251 s
Time taken for 3-RDM build:        0.0663848 s
Time taken for 3-RDM build:        0.0665176 s
Time taken for 3-RDM build:        0.0664873 s
Time taken for 3-RDM build:        0.0664556 s
Time taken for 3-RDM build:        0.0665576 s
E_frzc:                        -2418.2608262 Eh
E_cas:                            -9.1774708 Eh
E_nuc:                             0.0000000 Eh
E_casci:                       -2427.4340589 Eh
E0 (from RDM):                 -2427.4340589 Eh
Ecorr:                            -0.1372548 Eh

Timing summary
... Hamil build:                    0.0087347 s
... Hamil diag:                     0.0002751 s
... RDM build:                     49.2175620 s
State     Energy / Eh         Splitting / Eh      Splitting / cm-1    Splitting / meV     
0         -2.4274383e+03      +0.0000000e+00      +0.0000000e+00      +0.0000000e+00      
1         -2.4274383e+03      +1.9413164e-09      +4.2606971e-04      +5.2825936e-05      
2         -2.4274383e+03      +8.9721652e-10      +1.9691626e-04      +2.4414517e-05      
3         -2.4274383e+03      +1.1737029e-09      +2.5759801e-04      +3.1938098e-05      
4         -2.4274383e+03      +1.8349056e-09      +4.0271522e-04      +4.9930347e-05      
5         -2.4274294e+03      +8.8831576e-03      +1.9496277e+03      +2.4172315e+02      
6         -2.4274294e+03      +4.1914063e-09      +9.1990735e-04      +1.1405403e-04      
7         -2.4274294e+03      +4.1027306e-09      +9.0044528e-04      +1.1164104e-04      
8         -2.4274268e+03      +2.6102260e-03      +5.7287839e+02      +7.1027902e+01      
Total time taken:                  52.8848643 s
===============================================

===============================================
            Relativistic DSRG-MRPT2            
===============================================
-----------------------------------------------
        DSRG-MRPT2 reference relaxation        
-----------------------------------------------
Iter                          Energy              Delta E   
   -Eref  -2427.4340589       
   -Ecorr -0.9836764       
<Psi^(0)|Hbar^(0)|Psi^(0)>    -2428.4177353       -2.42842e+03
   -Erelax-0.0000074       
<Psi^(0)|Hbar^(1)|Psi^(0)>    -2428.4177427       -7.37342e-06
   -Eref  -2427.4340521       
   -Ecorr -0.9836859       
<Psi^(1)|Hbar^(1)|Psi^(1)>    -2428.4177380       4.66185e-06
   -Erelax-0.0000001       
<Psi^(1)|Hbar^(2)|Psi^(1)>    -2428.4177381       -6.46282e-08
   -Eref  -2427.4340529       
   -Ecorr -0.9836858       
<Psi^(2)|Hbar^(2)|Psi^(2)>    -2428.4177387       -6.61418e-07
   -Erelax-0.0000000       
<Psi^(2)|Hbar^(3)|Psi^(2)>    -2428.4177387       -1.15415e-09
   -Eref  -2427.4340528       
   -Ecorr -0.9836858       
<Psi^(3)|Hbar^(3)|Psi^(3)>    -2428.4177386       9.01346e-08
   -Erelax-0.0000000       
<Psi^(3)|Hbar^(4)|Psi^(3)>    -2428.4177386       -2.04636e-11
   -Eref  -2427.4340528       
   -Ecorr -0.9836858       
<Psi^(4)|Hbar^(4)|Psi^(4)>    -2428.4177387       -1.20158e-08
   -Erelax-0.0000000       
<Psi^(4)|Hbar^(5)|Psi^(4)>    -2428.4177387       -4.54747e-13
   -Eref  -2427.4340528       
   -Ecorr -0.9836858       
<Psi^(5)|Hbar^(5)|Psi^(5)>    -2428.4177387       1.60844e-09
   -Erelax-0.0000000       
<Psi^(5)|Hbar^(6)|Psi^(5)>    -2428.4177387       0.00000e+00
Unrelaxed DSRG-MRPT2 energy:             -2428.4177353 Eh
Unrelaxed DSRG-MRPT2 E_corr:                -0.9836764 Eh
Partially relaxed DSRG-MRPT2 energy:     -2428.4177427 Eh
Partially relaxed DSRG-MRPT2 E_corr:        -0.9836838 Eh
Relaxed DSRG-MRPT2 energy:               -2428.4177380 Eh
Relaxed DSRG-MRPT2 E_corr:                  -0.9836859 Eh
Fully relaxed DSRG-MRPT2 energy:         -2428.4177387 Eh
Fully relaxed DSRG-MRPT2 E_corr:            -0.9836858 Eh
State     Energy / Eh         Splitting / Eh      Splitting / cm-1    Splitting / meV     
0         -2.4284213e+03      +0.0000000e+00      +0.0000000e+00      +0.0000000e+00      
1         -2.4284213e+03      +3.2196112e-10      +7.0662299e-05      +8.7610126e-06      
2         -2.4284213e+03      +3.5879566e-10      +7.8746545e-05      +9.7633319e-06      
3         -2.4284213e+03      +3.5652192e-10      +7.8247517e-05      +9.7014603e-06      
4         -2.4284213e+03      +2.9149305e-10      +6.3975330e-05      +7.9319337e-06      
5         -2.4284138e+03      +7.5027588e-03      +1.6466652e+03      +2.0416056e+02      
6         -2.4284138e+03      +5.8889782e-10      +1.2924813e-04      +1.6024734e-05      
7         -2.4284138e+03      +5.3341864e-10      +1.1707186e-04      +1.4515068e-05      
8         -2.4284114e+03      +2.3982921e-03      +5.2636428e+02      +6.5260884e+01      
Time taken:                     1514.1956146 s
===============================================
===============================================
              PySCF DHF interface              
===============================================

Timing report
....integral reading:      24.1483102 s

===============================================
            Relativistic CASCI(7,8)            
===============================================
Will now allocate 0.001 MB memory for the CASCI Hamiltonian!
Time taken for 1-RDM build:        0.0003712 s
Time taken for 1-RDM build:        0.0003595 s
Time taken for 1-RDM build:        0.0003588 s
Time taken for 1-RDM build:        0.0003574 s
Time taken for 1-RDM build:        0.0003588 s
Time taken for 1-RDM build:        0.0003583 s
Time taken for 2-RDM build:        0.0010600 s
Time taken for 2-RDM build:        0.0010006 s
Time taken for 2-RDM build:        0.0009940 s
Time taken for 2-RDM build:        0.0010006 s
Time taken for 2-RDM build:        0.0010035 s
Time taken for 2-RDM build:        0.0010037 s
Time taken for 3-RDM build:        0.0140913 s
Time taken for 3-RDM build:        0.0123408 s
Time taken for 3-RDM build:        0.0123317 s
Time taken for 3-RDM build:        0.0123231 s
Time taken for 3-RDM build:        0.0123053 s
Time taken for 3-RDM build:        0.0123208 s
E_frzc:                        -2590.5378304 Eh
E_cas:                           -13.1880855 Eh
E_nuc:                             0.0000000 Eh
E_casci:                       -2603.7203212 Eh
E0 (from RDM):                 -2603.7203212 Eh
Ecorr:                            -0.0318830 Eh

Timing summary
... Hamil build:                    0.0019059 s
... Hamil diag:                     0.0000968 s
... RDM build:                     47.8721611 s
State     Energy / Eh         Splitting / Eh      Splitting / cm-1    Splitting / meV     
0         -2.6037259e+03      +0.0000000e+00      +0.0000000e+00      +0.0000000e+00      
1         -2.6037259e+03      +9.2413757e-09      +2.0282475e-03      +2.5147076e-04      
2         -2.6037259e+03      +1.8784249e-08      +4.1226661e-03      +5.1114569e-04      
3         -2.6037259e+03      +9.8884811e-09      +2.1702707e-03      +2.6907941e-04      
4         -2.6037091e+03      +1.6783801e-02      +3.6836186e+03      +4.5671072e+02      
5         -2.6037091e+03      +7.4087438e-09      +1.6260313e-03      +2.0160228e-04      
Total time taken:                  51.5243268 s
===============================================

===============================================
            Relativistic DSRG-MRPT2            
===============================================
-----------------------------------------------
        DSRG-MRPT2 reference relaxation        
-----------------------------------------------
Iter                          Energy              Delta E   
   -Eref  -2603.7203212       
   -Ecorr -1.0046054       
<Psi^(0)|Hbar^(0)|Psi^(0)>    -2604.7249266       -2.60472e+03
   -Erelax-0.0000000       
<Psi^(0)|Hbar^(1)|Psi^(0)>    -2604.7249266       0.00000e+00
   -Eref  -2603.7203212       
   -Ecorr -1.0046054       
<Psi^(1)|Hbar^(1)|Psi^(1)>    -2604.7249266       1.81899e-12
   -Erelax-0.0000000       
<Psi^(1)|Hbar^(2)|Psi^(1)>    -2604.7249266       0.00000e+00
Unrelaxed DSRG-MRPT2 energy:             -2604.7249266 Eh
Unrelaxed DSRG-MRPT2 E_corr:                -1.0046054 Eh
Partially relaxed DSRG-MRPT2 energy:     -2604.7249266 Eh
Partially relaxed DSRG-MRPT2 E_corr:        -1.0046054 Eh
Relaxed DSRG-MRPT2 energy:               -2604.7249266 Eh
Relaxed DSRG-MRPT2 E_corr:                  -1.0046054 Eh
Fully relaxed DSRG-MRPT2 energy:         -2604.7249266 Eh
Fully relaxed DSRG-MRPT2 E_corr:            -1.0046054 Eh
State     Energy / Eh         Splitting / Eh      Splitting / cm-1    Splitting / meV     
0         -2.6047304e+03      +0.0000000e+00      +0.0000000e+00      +0.0000000e+00      
1         -2.6047304e+03      +1.2305463e-09      +2.7007370e-04      +3.3484887e-05      
2         -2.6047304e+03      +2.3132998e-09      +5.0771061e-04      +6.2948123e-05      
3         -2.6047304e+03      +1.9299478e-09      +4.2357457e-04      +5.2516578e-05      
4         -2.6047140e+03      +1.6321837e-02      +3.5822291e+03      +4.4414002e+02      
5         -2.6047140e+03      +1.7271304e-09      +3.7906131e-04      +4.6997635e-05      
Time taken:                      418.2939587 s
===============================================
