NOW DOING s=0.86!
===============================================
              PySCF DHF interface              
===============================================

Timing report
....integral reading:       0.4946985 s

===============================================
            Relativistic CASCI(3,8)            
===============================================
Will now allocate 0.050 MB memory for the CASCI Hamiltonian!
Time taken for 1-RDM build:        0.0057120 s
Time taken for 1-RDM build:        0.0057096 s
Time taken for 1-RDM build:        0.0056672 s
Time taken for 1-RDM build:        0.0056903 s
Time taken for 1-RDM build:        0.0056601 s
Time taken for 1-RDM build:        0.0056460 s
Time taken for 2-RDM build:        0.0241551 s
Time taken for 2-RDM build:        0.0232842 s
Time taken for 2-RDM build:        0.0232446 s
Time taken for 2-RDM build:        0.0232139 s
Time taken for 2-RDM build:        0.0232561 s
Time taken for 2-RDM build:        0.0232673 s
Time taken for 3-RDM build:        0.0655525 s
Time taken for 3-RDM build:        0.0656068 s
Time taken for 3-RDM build:        0.0646396 s
Time taken for 3-RDM build:        0.0646913 s
Time taken for 3-RDM build:        0.0646522 s
Time taken for 3-RDM build:        0.0646155 s
E_frzc:                          -21.9899228 Eh
E_cas:                            -2.5754278 Eh
E_nuc:                             0.0000000 Eh
E_casci:                         -24.5653104 Eh
E0 (from RDM):                   -24.5653104 Eh
Ecorr:                            -0.2764703 Eh

Timing summary
... Hamil build:                    0.0170784 s
... Hamil diag:                     0.0005984 s
... RDM build:                      1.7459576 s
State     Energy / Eh         Splitting / Eh      Splitting / cm-1    Splitting / meV     
0         -2.4565351e+01      +0.0000000e+00      +0.0000000e+00      +0.0000000e+00      
1         -2.4565351e+01      +1.6292141e-09      +3.5757116e-04      +4.4333195e-05      
2         -2.4565290e+01      +6.0370290e-05      +1.3249747e+01      +1.6427601e+00      
3         -2.4565290e+01      +8.2750518e-10      +1.8161639e-04      +2.2517574e-05      
4         -2.4565290e+01      +8.6880192e-10      +1.9067998e-04      +2.3641316e-05      
5         -2.4565290e+01      +1.8699744e-09      +4.1041194e-04      +5.0884619e-05      
Total time taken:                   1.8666945 s
===============================================

===============================================
            Relativistic DSRG-MRPT2            
===============================================
-----------------------------------------------
        DSRG-MRPT2 reference relaxation        
-----------------------------------------------
Iter                          Energy              Delta E   
   -Eref  -24.5653104       
   -Ecorr -0.0715142       
<Psi^(0)|Hbar^(0)|Psi^(0)>    -24.6368246         -2.46368e+01
   -Erelax-0.0002960       
<Psi^(0)|Hbar^(1)|Psi^(0)>    -24.6371206         -2.96020e-04
   -Eref  -24.5650010       
   -Ecorr -0.0720503       
<Psi^(1)|Hbar^(1)|Psi^(1)>    -24.6370513         6.92877e-05
   -Erelax-0.0000000       
<Psi^(1)|Hbar^(2)|Psi^(1)>    -24.6370513         -2.99808e-08
   -Eref  -24.5650072       
   -Ecorr -0.0720447       
<Psi^(2)|Hbar^(2)|Psi^(2)>    -24.6370519         -5.69348e-07
   -Erelax-0.0000000       
<Psi^(2)|Hbar^(3)|Psi^(2)>    -24.6370519         -2.94875e-12
   -Eref  -24.5650071       
   -Ecorr -0.0720448       
<Psi^(3)|Hbar^(3)|Psi^(3)>    -24.6370519         5.66019e-09
   -Erelax0.0000000       
<Psi^(3)|Hbar^(4)|Psi^(3)>    -24.6370519         3.55271e-15
Unrelaxed DSRG-MRPT2 energy:               -24.6368246 Eh
Unrelaxed DSRG-MRPT2 E_corr:                -0.0715142 Eh
Partially relaxed DSRG-MRPT2 energy:       -24.6371206 Eh
Partially relaxed DSRG-MRPT2 E_corr:        -0.0718102 Eh
Relaxed DSRG-MRPT2 energy:                 -24.6370513 Eh
Relaxed DSRG-MRPT2 E_corr:                  -0.0720503 Eh
Fully relaxed DSRG-MRPT2 energy:           -24.6370519 Eh
Fully relaxed DSRG-MRPT2 E_corr:            -0.0720448 Eh
State     Energy / Eh         Splitting / Eh      Splitting / cm-1    Splitting / meV     
0         -2.4637094e+01      +0.0000000e+00      +0.0000000e+00      +0.0000000e+00      
1         -2.4637094e+01      +5.1230842e-10      +1.1243870e-04      +1.3940629e-05      
2         -2.4637031e+01      +6.3861807e-05      +1.4016046e+01      +1.7377691e+00      
3         -2.4637031e+01      +4.0721559e-10      +8.9373492e-05      +1.1080906e-05      
4         -2.4637031e+01      +3.5192471e-10      +7.7238546e-05      +9.5763637e-06      
5         -2.4637031e+01      +5.2780535e-10      +1.1583988e-04      +1.4362322e-05      
Time taken:                       16.8283491 s
===============================================
===============================================
              PySCF DHF interface              
===============================================

Timing report
....integral reading:       0.4995055 s

===============================================
            Relativistic CASCI(4,8)            
===============================================
Will now allocate 0.078 MB memory for the CASCI Hamiltonian!
Time taken for 1-RDM build:        0.0098913 s
Time taken for 1-RDM build:        0.0096006 s
Time taken for 1-RDM build:        0.0095954 s
Time taken for 1-RDM build:        0.0095944 s
Time taken for 1-RDM build:        0.0095522 s
Time taken for 1-RDM build:        0.0095756 s
Time taken for 1-RDM build:        0.0095954 s
Time taken for 1-RDM build:        0.0096071 s
Time taken for 1-RDM build:        0.0096250 s
Time taken for 2-RDM build:        0.0356522 s
Time taken for 2-RDM build:        0.0348020 s
Time taken for 2-RDM build:        0.0348012 s
Time taken for 2-RDM build:        0.0348153 s
Time taken for 2-RDM build:        0.0347531 s
Time taken for 2-RDM build:        0.0347764 s
Time taken for 2-RDM build:        0.0348060 s
Time taken for 2-RDM build:        0.0347819 s
Time taken for 2-RDM build:        0.0347114 s
Time taken for 3-RDM build:        0.1527896 s
Time taken for 3-RDM build:        0.1516078 s
Time taken for 3-RDM build:        0.1515658 s
Time taken for 3-RDM build:        0.1516945 s
Time taken for 3-RDM build:        0.1516678 s
Time taken for 3-RDM build:        0.1517184 s
Time taken for 3-RDM build:        0.1515031 s
Time taken for 3-RDM build:        0.1513913 s
Time taken for 3-RDM build:        0.1514180 s
E_frzc:                          -32.3709352 Eh
E_cas:                            -5.3467114 Eh
E_nuc:                             0.0000000 Eh
E_casci:                         -37.7175257 Eh
E0 (from RDM):                   -37.7175257 Eh
Ecorr:                            -0.4429083 Eh

Timing summary
... Hamil build:                    0.0261178 s
... Hamil diag:                     0.0009859 s
... RDM build:                      2.9195094 s
State     Energy / Eh         Splitting / Eh      Splitting / cm-1    Splitting / meV     
0         -3.7717647e+01      +0.0000000e+00      +0.0000000e+00      +0.0000000e+00      
1         -3.7717578e+01      +6.8056777e-05      +1.4936736e+01      +1.8519201e+00      
2         -3.7717578e+01      +1.0789947e-09      +2.3681196e-04      +2.9360955e-05      
3         -3.7717578e+01      +1.2285639e-09      +2.6963861e-04      +3.3430943e-05      
4         -3.7717470e+01      +1.0852195e-04      +2.3817815e+01      +2.9530341e+00      
5         -3.7717470e+01      +3.7324810e-10      +8.1918488e-05      +1.0156603e-05      
6         -3.7717470e+01      +9.5213437e-10      +2.0896934e-04      +2.5908908e-05      
7         -3.7717470e+01      +4.4995119e-10      +9.8752870e-05      +1.2243801e-05      
8         -3.7717470e+01      +5.6218852e-10      +1.2338612e-04      +1.5297936e-05      
Total time taken:                   3.0503538 s
===============================================

===============================================
            Relativistic DSRG-MRPT2            
===============================================
-----------------------------------------------
        DSRG-MRPT2 reference relaxation        
-----------------------------------------------
Iter                          Energy              Delta E   
   -Eref  -37.7175257       
   -Ecorr -0.1141194       
<Psi^(0)|Hbar^(0)|Psi^(0)>    -37.8316451         -3.78316e+01
   -Erelax-0.0000000       
<Psi^(0)|Hbar^(1)|Psi^(0)>    -37.8316452         -2.92222e-08
   -Eref  -37.7175257       
   -Ecorr -0.1141173       
<Psi^(1)|Hbar^(1)|Psi^(1)>    -37.8316430         2.15664e-06
   -Erelax-0.0000000       
<Psi^(1)|Hbar^(2)|Psi^(1)>    -37.8316430         -5.29312e-10
   -Eref  -37.7175257       
   -Ecorr -0.1141174       
<Psi^(2)|Hbar^(2)|Psi^(2)>    -37.8316430         -2.53394e-08
   -Erelax-0.0000000       
<Psi^(2)|Hbar^(3)|Psi^(2)>    -37.8316430         -1.52198e-11
   -Eref  -37.7175257       
   -Ecorr -0.1141174       
<Psi^(3)|Hbar^(3)|Psi^(3)>    -37.8316430         1.60576e-09
   -Erelax-0.0000000       
<Psi^(3)|Hbar^(4)|Psi^(3)>    -37.8316430         -4.40536e-13
Unrelaxed DSRG-MRPT2 energy:               -37.8316451 Eh
Unrelaxed DSRG-MRPT2 E_corr:                -0.1141194 Eh
Partially relaxed DSRG-MRPT2 energy:       -37.8316452 Eh
Partially relaxed DSRG-MRPT2 E_corr:        -0.1141194 Eh
Relaxed DSRG-MRPT2 energy:                 -37.8316430 Eh
Relaxed DSRG-MRPT2 E_corr:                  -0.1141173 Eh
Fully relaxed DSRG-MRPT2 energy:           -37.8316430 Eh
Fully relaxed DSRG-MRPT2 E_corr:            -0.1141174 Eh
State     Energy / Eh         Splitting / Eh      Splitting / cm-1    Splitting / meV     
0         -3.7831803e+01      +0.0000000e+00      +0.0000000e+00      +0.0000000e+00      
1         -3.7831717e+01      +8.6644531e-05      +1.9016276e+01      +2.3577189e+00      
2         -3.7831717e+01      +1.5683099e-10      +3.4420424e-05      +4.2675907e-06      
3         -3.7831717e+01      +1.7419666e-10      +3.8231747e-05      +4.7401347e-06      
4         -3.7831567e+01      +1.5008325e-04      +3.2939465e+01      +4.0839751e+00      
5         -3.7831567e+01      +7.4855677e-11      +1.6428922e-05      +2.0369277e-06      
6         -3.7831567e+01      +7.2120088e-11      +1.5828530e-05      +1.9624885e-06      
7         -3.7831567e+01      +1.2349233e-10      +2.7103433e-05      +3.3603990e-06      
8         -3.7831567e+01      +3.4390268e-11      +7.5477914e-06      +9.3580732e-07      
Time taken:                       20.5041437 s
===============================================
===============================================
              PySCF DHF interface              
===============================================

Timing report
....integral reading:       0.4991219 s

===============================================
            Relativistic CASCI(5,8)            
===============================================
Will now allocate 0.050 MB memory for the CASCI Hamiltonian!
Time taken for 1-RDM build:        0.0057340 s
Time taken for 1-RDM build:        0.0057042 s
Time taken for 1-RDM build:        0.0057030 s
Time taken for 1-RDM build:        0.0057118 s
Time taken for 1-RDM build:        0.0057371 s
Time taken for 1-RDM build:        0.0057158 s
Time taken for 1-RDM build:        0.0057256 s
Time taken for 1-RDM build:        0.0056984 s
Time taken for 1-RDM build:        0.0057104 s
Time taken for 1-RDM build:        0.0056882 s
Time taken for 1-RDM build:        0.0056889 s
Time taken for 1-RDM build:        0.0057104 s
Time taken for 1-RDM build:        0.0056987 s
Time taken for 1-RDM build:        0.0057008 s
Time taken for 2-RDM build:        0.0261815 s
Time taken for 2-RDM build:        0.0254619 s
Time taken for 2-RDM build:        0.0253901 s
Time taken for 2-RDM build:        0.0253863 s
Time taken for 2-RDM build:        0.0254204 s
Time taken for 2-RDM build:        0.0254567 s
Time taken for 2-RDM build:        0.0254028 s
Time taken for 2-RDM build:        0.0253780 s
Time taken for 2-RDM build:        0.0253730 s
Time taken for 2-RDM build:        0.0253906 s
Time taken for 2-RDM build:        0.0254021 s
Time taken for 2-RDM build:        0.0253525 s
Time taken for 2-RDM build:        0.0253890 s
Time taken for 2-RDM build:        0.0254300 s
Time taken for 3-RDM build:        0.1505065 s
Time taken for 3-RDM build:        0.1489675 s
Time taken for 3-RDM build:        0.1489589 s
Time taken for 3-RDM build:        0.1489768 s
Time taken for 3-RDM build:        0.1491892 s
Time taken for 3-RDM build:        0.1488891 s
Time taken for 3-RDM build:        0.1488056 s
Time taken for 3-RDM build:        0.1491165 s
Time taken for 3-RDM build:        0.1488869 s
Time taken for 3-RDM build:        0.1489463 s
Time taken for 3-RDM build:        0.1488371 s
Time taken for 3-RDM build:        0.1488974 s
Time taken for 3-RDM build:        0.1490393 s
Time taken for 3-RDM build:        0.1488085 s
E_frzc:                          -44.7567199 Eh
E_cas:                            -9.6666253 Eh
E_nuc:                             0.0000000 Eh
E_casci:                         -54.3487687 Eh
E0 (from RDM):                   -54.3487687 Eh
Ecorr:                            -0.4454114 Eh

Timing summary
... Hamil build:                    0.0210438 s
... Hamil diag:                     0.0004807 s
... RDM build:                      3.6804159 s
State     Energy / Eh         Splitting / Eh      Splitting / cm-1    Splitting / meV     
0         -5.4423345e+01      +0.0000000e+00      +0.0000000e+00      +0.0000000e+00      
1         -5.4423345e+01      +1.0766144e-09      +2.3628954e-04      +2.9296183e-05      
2         -5.4423345e+01      +1.0765220e-09      +2.3626926e-04      +2.9293669e-05      
3         -5.4423345e+01      +1.0763941e-09      +2.3624119e-04      +2.9290189e-05      
4         -5.4318958e+01      +1.0438692e-01      +2.2910281e+04      +2.8405142e+03      
5         -5.4318958e+01      +1.1012489e-09      +2.4169619e-04      +2.9966522e-05      
6         -5.4318958e+01      +1.1371313e-09      +2.4957147e-04      +3.0942933e-05      
7         -5.4318958e+01      +5.9976912e-10      +1.3163411e-04      +1.6320557e-05      
8         -5.4318958e+01      +1.1947563e-09      +2.6221870e-04      +3.2510990e-05      
9         -5.4318958e+01      +1.3782895e-09      +3.0249957e-04      +3.7505185e-05      
10        -5.4318908e+01      +5.0508872e-05      +1.1085416e+01      +1.3744171e+00      
11        -5.4318908e+01      +3.9502694e-09      +8.6698392e-04      +1.0749236e-04      
12        -5.4318908e+01      +3.0347778e-09      +6.6605673e-04      +8.2580549e-05      
13        -5.4318908e+01      +2.9868943e-09      +6.5554752e-04      +8.1277572e-05      
Total time taken:                   3.8045616 s
===============================================

===============================================
            Relativistic DSRG-MRPT2            
===============================================
-----------------------------------------------
        DSRG-MRPT2 reference relaxation        
-----------------------------------------------
Iter                          Energy              Delta E   
   -Eref  -54.3487687       
   -Ecorr -0.1683979       
<Psi^(0)|Hbar^(0)|Psi^(0)>    -54.5171666         -5.45172e+01
   -Erelax-0.0000000       
<Psi^(0)|Hbar^(1)|Psi^(0)>    -54.5171666         -2.78467e-08
   -Eref  -54.3487687       
   -Ecorr -0.1683980       
<Psi^(1)|Hbar^(1)|Psi^(1)>    -54.5171666         -4.60505e-08
   -Erelax-0.0000000       
<Psi^(1)|Hbar^(2)|Psi^(1)>    -54.5171666         -2.40192e-10
   -Eref  -54.3487687       
   -Ecorr -0.1683980       
<Psi^(2)|Hbar^(2)|Psi^(2)>    -54.5171666         8.40293e-09
   -Erelax-0.0000000       
<Psi^(2)|Hbar^(3)|Psi^(2)>    -54.5171666         -5.06617e-12
Unrelaxed DSRG-MRPT2 energy:               -54.5171666 Eh
Unrelaxed DSRG-MRPT2 E_corr:                -0.1683979 Eh
Partially relaxed DSRG-MRPT2 energy:       -54.5171666 Eh
Partially relaxed DSRG-MRPT2 E_corr:        -0.1683979 Eh
Relaxed DSRG-MRPT2 energy:                 -54.5171666 Eh
Relaxed DSRG-MRPT2 E_corr:                  -0.1683980 Eh
Fully relaxed DSRG-MRPT2 energy:           -54.5171666 Eh
Fully relaxed DSRG-MRPT2 E_corr:            -0.1683980 Eh
State     Energy / Eh         Splitting / Eh      Splitting / cm-1    Splitting / meV     
0         -5.4582911e+01      +0.0000000e+00      +0.0000000e+00      +0.0000000e+00      
1         -5.4582911e+01      +2.8487079e-10      +6.2521912e-05      +7.7517328e-06      
2         -5.4582911e+01      +2.8488500e-10      +6.2525031e-05      +7.7521195e-06      
3         -5.4582911e+01      +2.8487790e-10      +6.2523471e-05      +7.7519262e-06      
4         -5.4490875e+01      +9.2036057e-02      +2.0199580e+04      +2.5044299e+03      
5         -5.4490875e+01      +1.2919799e-10      +2.8355680e-05      +3.5156579e-06      
6         -5.4490875e+01      +8.1008977e-11      +1.7779415e-05      +2.2043676e-06      
7         -5.4490875e+01      +1.0420109e-10      +2.2869496e-05      +2.8354575e-06      
8         -5.4490875e+01      +5.7603700e-11      +1.2642551e-05      +1.5674773e-06      
9         -5.4490875e+01      +1.3312729e-10      +2.9218062e-05      +3.6225797e-06      
10        -5.4490859e+01      +1.6621762e-05      +3.6480551e+00      +4.5230140e-01      
11        -5.4490859e+01      +4.5886139e-10      +1.0070843e-04      +1.2486260e-05      
12        -5.4490859e+01      +1.8474822e-10      +4.0547547e-05      +5.0272574e-06      
13        -5.4490859e+01      +2.5053026e-10      +5.4985037e-05      +6.8172790e-06      
Time taken:                       15.8244619 s
===============================================
===============================================
              PySCF DHF interface              
===============================================

Timing report
....integral reading:       0.4986994 s

===============================================
            Relativistic CASCI(6,8)            
===============================================
Will now allocate 0.013 MB memory for the CASCI Hamiltonian!
Time taken for 1-RDM build:        0.0022159 s
Time taken for 1-RDM build:        0.0022030 s
Time taken for 1-RDM build:        0.0021932 s
Time taken for 1-RDM build:        0.0021982 s
Time taken for 1-RDM build:        0.0021946 s
Time taken for 1-RDM build:        0.0022054 s
Time taken for 1-RDM build:        0.0021989 s
Time taken for 1-RDM build:        0.0021961 s
Time taken for 1-RDM build:        0.0022128 s
Time taken for 2-RDM build:        0.0095000 s
Time taken for 2-RDM build:        0.0085955 s
Time taken for 2-RDM build:        0.0086279 s
Time taken for 2-RDM build:        0.0085826 s
Time taken for 2-RDM build:        0.0085735 s
Time taken for 2-RDM build:        0.0085850 s
Time taken for 2-RDM build:        0.0086195 s
Time taken for 2-RDM build:        0.0085804 s
Time taken for 2-RDM build:        0.0085816 s
Time taken for 3-RDM build:        0.0682809 s
Time taken for 3-RDM build:        0.0665755 s
Time taken for 3-RDM build:        0.0665355 s
Time taken for 3-RDM build:        0.0666156 s
Time taken for 3-RDM build:        0.0664854 s
Time taken for 3-RDM build:        0.0665123 s
Time taken for 3-RDM build:        0.0664001 s
Time taken for 3-RDM build:        0.0665138 s
Time taken for 3-RDM build:        0.0665326 s
E_frzc:                          -59.1480236 Eh
E_cas:                           -15.7034833 Eh
E_nuc:                             0.0000000 Eh
E_casci:                         -74.8511626 Eh
E0 (from RDM):                   -74.8511626 Eh
Ecorr:                            -0.3302227 Eh

Timing summary
... Hamil build:                    0.0086322 s
... Hamil diag:                     0.0002315 s
... RDM build:                      1.8521719 s
State     Energy / Eh         Splitting / Eh      Splitting / cm-1    Splitting / meV     
0         -7.4851507e+01      +0.0000000e+00      +0.0000000e+00      +0.0000000e+00      
1         -7.4851507e+01      +6.1121170e-09      +1.3414546e-03      +1.6631926e-04      
2         -7.4851507e+01      +6.8041430e-09      +1.4933368e-03      +1.8515025e-04      
3         -7.4851507e+01      +7.2887332e-09      +1.5996920e-03      +1.9833663e-04      
4         -7.4851507e+01      +9.8174127e-09      +2.1546730e-03      +2.6714553e-04      
5         -7.4850809e+01      +6.9818897e-04      +1.5323477e+02      +1.8998699e+01      
6         -7.4850809e+01      +7.3982136e-09      +1.6237202e-03      +2.0131574e-04      
7         -7.4850809e+01      +7.5923197e-09      +1.6663215e-03      +2.0659764e-04      
8         -7.4850503e+01      +3.0523771e-04      +6.6991933e+01      +8.3059451e+00      
Total time taken:                   1.9643111 s
===============================================

===============================================
            Relativistic DSRG-MRPT2            
===============================================
-----------------------------------------------
        DSRG-MRPT2 reference relaxation        
-----------------------------------------------
Iter                          Energy              Delta E   
   -Eref  -74.8511626       
   -Ecorr -0.2159038       
<Psi^(0)|Hbar^(0)|Psi^(0)>    -75.0670664         -7.50671e+01
   -Erelax-0.0000003       
<Psi^(0)|Hbar^(1)|Psi^(0)>    -75.0670667         -2.61391e-07
   -Eref  -74.8511624       
   -Ecorr -0.2159038       
<Psi^(1)|Hbar^(1)|Psi^(1)>    -75.0670662         5.20418e-07
   -Erelax-0.0000000       
<Psi^(1)|Hbar^(2)|Psi^(1)>    -75.0670662         -3.11277e-08
   -Eref  -74.8511625       
   -Ecorr -0.2159038       
<Psi^(2)|Hbar^(2)|Psi^(2)>    -75.0670663         -1.16210e-07
   -Erelax-0.0000000       
<Psi^(2)|Hbar^(3)|Psi^(2)>    -75.0670663         -3.79488e-09
   -Eref  -74.8511625       
   -Ecorr -0.2159038       
<Psi^(3)|Hbar^(3)|Psi^(3)>    -75.0670663         4.82260e-08
   -Erelax-0.0000000       
<Psi^(3)|Hbar^(4)|Psi^(3)>    -75.0670663         -4.62904e-10
   -Eref  -74.8511625       
   -Ecorr -0.2159038       
<Psi^(4)|Hbar^(4)|Psi^(4)>    -75.0670663         -1.59097e-08
   -Erelax-0.0000000       
<Psi^(4)|Hbar^(5)|Psi^(4)>    -75.0670663         -5.64881e-11
   -Eref  -74.8511625       
   -Ecorr -0.2159038       
<Psi^(5)|Hbar^(5)|Psi^(5)>    -75.0670663         5.66969e-09
   -Erelax-0.0000000       
<Psi^(5)|Hbar^(6)|Psi^(5)>    -75.0670663         -6.89226e-12
Unrelaxed DSRG-MRPT2 energy:               -75.0670664 Eh
Unrelaxed DSRG-MRPT2 E_corr:                -0.2159038 Eh
Partially relaxed DSRG-MRPT2 energy:       -75.0670667 Eh
Partially relaxed DSRG-MRPT2 E_corr:        -0.2159040 Eh
Relaxed DSRG-MRPT2 energy:                 -75.0670662 Eh
Relaxed DSRG-MRPT2 E_corr:                  -0.2159038 Eh
Fully relaxed DSRG-MRPT2 energy:           -75.0670663 Eh
Fully relaxed DSRG-MRPT2 E_corr:            -0.2159038 Eh
State     Energy / Eh         Splitting / Eh      Splitting / cm-1    Splitting / meV     
0         -7.5067327e+01      +0.0000000e+00      +0.0000000e+00      +0.0000000e+00      
1         -7.5067327e+01      +1.9844038e-09      +4.3552628e-04      +5.3998402e-05      
2         -7.5067327e+01      +1.4352253e-09      +3.1499554e-04      +3.9054488e-05      
3         -7.5067327e+01      +2.2288162e-09      +4.8916862e-04      +6.0649208e-05      
4         -7.5067327e+01      +2.5726763e-09      +5.6463718e-04      +7.0006121e-05      
5         -7.5066794e+01      +5.3289359e-04      +1.1695662e+02      +1.4500780e+01      
6         -7.5066794e+01      +2.1485249e-09      +4.7154671e-04      +5.8464369e-05      
7         -7.5066794e+01      +1.8247874e-09      +4.0049455e-04      +4.9655019e-05      
8         -7.5066579e+01      +2.1540887e-04      +4.7276782e+01      +5.8615767e+00      
Time taken:                       27.7729797 s
===============================================
===============================================
              PySCF DHF interface              
===============================================

Timing report
....integral reading:       0.4991159 s

===============================================
            Relativistic CASCI(7,8)            
===============================================
Will now allocate 0.001 MB memory for the CASCI Hamiltonian!
Time taken for 1-RDM build:        0.0003767 s
Time taken for 1-RDM build:        0.0003669 s
Time taken for 1-RDM build:        0.0003705 s
Time taken for 1-RDM build:        0.0003653 s
Time taken for 1-RDM build:        0.0003676 s
Time taken for 1-RDM build:        0.0003619 s
Time taken for 2-RDM build:        0.0013137 s
Time taken for 2-RDM build:        0.0012589 s
Time taken for 2-RDM build:        0.0011511 s
Time taken for 2-RDM build:        0.0009980 s
Time taken for 2-RDM build:        0.0009999 s
Time taken for 2-RDM build:        0.0010011 s
Time taken for 3-RDM build:        0.0139351 s
Time taken for 3-RDM build:        0.0124235 s
Time taken for 3-RDM build:        0.0123968 s
Time taken for 3-RDM build:        0.0124278 s
Time taken for 3-RDM build:        0.0123847 s
Time taken for 3-RDM build:        0.0123677 s
E_frzc:                          -75.5478008 Eh
E_cas:                           -23.9325131 Eh
E_nuc:                             0.0000000 Eh
E_casci:                         -99.4797328 Eh
E0 (from RDM):                   -99.4797328 Eh
Ecorr:                            -0.1043819 Eh

Timing summary
... Hamil build:                    0.0017407 s
... Hamil diag:                     0.0000834 s
... RDM build:                      1.2388127 s
State     Energy / Eh         Splitting / Eh      Splitting / cm-1    Splitting / meV     
0         -9.9480314e+01      +0.0000000e+00      +0.0000000e+00      +0.0000000e+00      
1         -9.9480314e+01      +2.4031038e-08      +5.2742033e-03      +6.5391818e-04      
2         -9.9480314e+01      +6.9549486e-09      +1.5264348e-03      +1.8925388e-04      
3         -9.9480314e+01      +2.1663141e-08      +4.7545098e-03      +5.8948436e-04      
4         -9.9478571e+01      +1.7431739e-03      +3.8258245e+02      +4.7434202e+01      
5         -9.9478571e+01      +1.6993980e-08      +3.7297474e-03      +4.6242996e-04      
Total time taken:                   1.3446186 s
===============================================

===============================================
            Relativistic DSRG-MRPT2            
===============================================
-----------------------------------------------
        DSRG-MRPT2 reference relaxation        
-----------------------------------------------
Iter                          Energy              Delta E   
   -Eref  -99.4797328       
   -Ecorr -0.2701670       
<Psi^(0)|Hbar^(0)|Psi^(0)>    -99.7498998         -9.97499e+01
   -Erelax-0.0000000       
<Psi^(0)|Hbar^(1)|Psi^(0)>    -99.7498998         0.00000e+00
   -Eref  -99.4797328       
   -Ecorr -0.2701670       
<Psi^(1)|Hbar^(1)|Psi^(1)>    -99.7498998         1.42109e-14
   -Erelax-0.0000000       
<Psi^(1)|Hbar^(2)|Psi^(1)>    -99.7498998         0.00000e+00
Unrelaxed DSRG-MRPT2 energy:               -99.7498998 Eh
Unrelaxed DSRG-MRPT2 E_corr:                -0.2701670 Eh
Partially relaxed DSRG-MRPT2 energy:       -99.7498998 Eh
Partially relaxed DSRG-MRPT2 E_corr:        -0.2701670 Eh
Relaxed DSRG-MRPT2 energy:                 -99.7498998 Eh
Relaxed DSRG-MRPT2 E_corr:                  -0.2701670 Eh
Fully relaxed DSRG-MRPT2 energy:           -99.7498998 Eh
Fully relaxed DSRG-MRPT2 E_corr:            -0.2701670 Eh
State     Energy / Eh         Splitting / Eh      Splitting / cm-1    Splitting / meV     
0         -9.9750477e+01      +0.0000000e+00      +0.0000000e+00      +0.0000000e+00      
1         -9.9750477e+01      +4.3634572e-09      +9.5766814e-04      +1.1873577e-04      
2         -9.9750477e+01      +5.2262124e-09      +1.1470210e-03      +1.4221255e-04      
3         -9.9750477e+01      +2.4670186e-09      +5.4144799e-04      +6.7131027e-05      
4         -9.9748745e+01      +1.7326536e-03      +3.8027352e+02      +4.7147930e+01      
5         -9.9748745e+01      +5.3760516e-09      +1.1799069e-03      +1.4628989e-04      
Time taken:                        6.4796991 s
===============================================
===============================================
              PySCF DHF interface              
===============================================

Timing report
....integral reading:       1.9866745 s

===============================================
            Relativistic CASCI(3,8)            
===============================================
Will now allocate 0.050 MB memory for the CASCI Hamiltonian!
Time taken for 1-RDM build:        0.0056620 s
Time taken for 1-RDM build:        0.0056145 s
Time taken for 1-RDM build:        0.0056427 s
Time taken for 1-RDM build:        0.0056324 s
Time taken for 1-RDM build:        0.0056412 s
Time taken for 1-RDM build:        0.0056298 s
Time taken for 2-RDM build:        0.0230799 s
Time taken for 2-RDM build:        0.0229785 s
Time taken for 2-RDM build:        0.0229592 s
Time taken for 2-RDM build:        0.0229805 s
Time taken for 2-RDM build:        0.0229087 s
Time taken for 2-RDM build:        0.0229900 s
Time taken for 3-RDM build:        0.0652459 s
Time taken for 3-RDM build:        0.0641470 s
Time taken for 3-RDM build:        0.0640020 s
Time taken for 3-RDM build:        0.0639927 s
Time taken for 3-RDM build:        0.0641792 s
Time taken for 3-RDM build:        0.0640733 s
E_frzc:                         -240.4061812 Eh
E_cas:                            -1.8986420 Eh
E_nuc:                             0.0000000 Eh
E_casci:                        -242.3045291 Eh
E0 (from RDM):                  -242.3045291 Eh
Ecorr:                            -0.1899047 Eh

Timing summary
... Hamil build:                    0.0168099 s
... Hamil diag:                     0.0005362 s
... RDM build:                      3.9188263 s
State     Energy / Eh         Splitting / Eh      Splitting / cm-1    Splitting / meV     
0         -2.4230482e+02      +0.0000000e+00      +0.0000000e+00      +0.0000000e+00      
1         -2.4230482e+02      +1.0992665e-09      +2.4126110e-04      +2.9912578e-05      
2         -2.4230438e+02      +4.4107881e-04      +9.6805609e+01      +1.2002372e+01      
3         -2.4230438e+02      +1.0805650e-09      +2.3715660e-04      +2.9403685e-05      
4         -2.4230438e+02      +8.9775654e-10      +1.9703478e-04      +2.4429211e-05      
5         -2.4230438e+02      +3.6629899e-10      +8.0393336e-05      +9.9675080e-06      
Total time taken:                   4.2582996 s
===============================================

===============================================
            Relativistic DSRG-MRPT2            
===============================================
-----------------------------------------------
        DSRG-MRPT2 reference relaxation        
-----------------------------------------------
Iter                          Energy              Delta E   
   -Eref  -242.3045291       
   -Ecorr -0.1995493       
<Psi^(0)|Hbar^(0)|Psi^(0)>    -242.5040784        -2.42504e+02
   -Erelax-0.0003604       
<Psi^(0)|Hbar^(1)|Psi^(0)>    -242.5044389        -3.60432e-04
   -Eref  -242.3041692       
   -Ecorr -0.2001764       
<Psi^(1)|Hbar^(1)|Psi^(1)>    -242.5043455        9.33251e-05
   -Erelax-0.0000000       
<Psi^(1)|Hbar^(2)|Psi^(1)>    -242.5043455        -8.76810e-11
   -Eref  -242.3041695       
   -Ecorr -0.2001761       
<Psi^(2)|Hbar^(2)|Psi^(2)>    -242.5043456        -4.11044e-08
   -Erelax-0.0000000       
<Psi^(2)|Hbar^(3)|Psi^(2)>    -242.5043456        0.00000e+00
   -Eref  -242.3041695       
   -Ecorr -0.2001761       
<Psi^(3)|Hbar^(3)|Psi^(3)>    -242.5043456        2.56648e-11
   -Erelax-0.0000000       
<Psi^(3)|Hbar^(4)|Psi^(3)>    -242.5043456        0.00000e+00
Unrelaxed DSRG-MRPT2 energy:              -242.5040784 Eh
Unrelaxed DSRG-MRPT2 E_corr:                -0.1995493 Eh
Partially relaxed DSRG-MRPT2 energy:      -242.5044389 Eh
Partially relaxed DSRG-MRPT2 E_corr:        -0.1999098 Eh
Relaxed DSRG-MRPT2 energy:                -242.5043455 Eh
Relaxed DSRG-MRPT2 E_corr:                  -0.2001764 Eh
Fully relaxed DSRG-MRPT2 energy:          -242.5043456 Eh
Fully relaxed DSRG-MRPT2 E_corr:            -0.2001761 Eh
State     Energy / Eh         Splitting / Eh      Splitting / cm-1    Splitting / meV     
0         -2.4250468e+02      +0.0000000e+00      +0.0000000e+00      +0.0000000e+00      
1         -2.4250468e+02      +5.4168936e-10      +1.1888707e-04      +1.4740125e-05      
2         -2.4250418e+02      +5.0151622e-04      +1.1007009e+02      +1.3646958e+01      
3         -2.4250418e+02      +5.1539928e-10      +1.1311707e-04      +1.4024735e-05      
4         -2.4250418e+02      +4.1325166e-10      +9.0698254e-05      +1.1245156e-05      
5         -2.4250418e+02      +2.1472601e-10      +4.7126913e-05      +5.8429953e-06      
Time taken:                       70.9535804 s
===============================================
===============================================
              PySCF DHF interface              
===============================================

Timing report
....integral reading:       1.9305401 s

===============================================
            Relativistic CASCI(4,8)            
===============================================
Will now allocate 0.078 MB memory for the CASCI Hamiltonian!
Time taken for 1-RDM build:        0.0099294 s
Time taken for 1-RDM build:        0.0096128 s
Time taken for 1-RDM build:        0.0096638 s
Time taken for 1-RDM build:        0.0096719 s
Time taken for 1-RDM build:        0.0096591 s
Time taken for 1-RDM build:        0.0096612 s
Time taken for 1-RDM build:        0.0096536 s
Time taken for 1-RDM build:        0.0096383 s
Time taken for 1-RDM build:        0.0096569 s
Time taken for 2-RDM build:        0.0348630 s
Time taken for 2-RDM build:        0.0347347 s
Time taken for 2-RDM build:        0.0348465 s
Time taken for 2-RDM build:        0.0347641 s
Time taken for 2-RDM build:        0.0348761 s
Time taken for 2-RDM build:        0.0347562 s
Time taken for 2-RDM build:        0.0348923 s
Time taken for 2-RDM build:        0.0347326 s
Time taken for 2-RDM build:        0.0348892 s
Time taken for 3-RDM build:        0.1526406 s
Time taken for 3-RDM build:        0.1516001 s
Time taken for 3-RDM build:        0.1513953 s
Time taken for 3-RDM build:        0.1516001 s
Time taken for 3-RDM build:        0.1515095 s
Time taken for 3-RDM build:        0.1515169 s
Time taken for 3-RDM build:        0.1513658 s
Time taken for 3-RDM build:        0.1515093 s
Time taken for 3-RDM build:        0.1515067 s
E_frzc:                         -285.7423197 Eh
E_cas:                            -3.6921024 Eh
E_nuc:                             0.0000000 Eh
E_casci:                        -289.4337768 Eh
E0 (from RDM):                  -289.4337768 Eh
Ecorr:                            -0.2329780 Eh

Timing summary
... Hamil build:                    0.0262284 s
... Hamil diag:                     0.0010886 s
... RDM build:                      5.1142292 s
State     Energy / Eh         Splitting / Eh      Splitting / cm-1    Splitting / meV     
0         -2.8943442e+02      +0.0000000e+00      +0.0000000e+00      +0.0000000e+00      
1         -2.8943409e+02      +3.3211201e-04      +7.2890160e+01      +9.0372324e+00      
2         -2.8943409e+02      +8.1735152e-10      +1.7938792e-04      +2.2241278e-05      
3         -2.8943409e+02      +8.9210062e-10      +1.9579345e-04      +2.4275306e-05      
4         -2.8943346e+02      +6.3005266e-04      +1.3828057e+02      +1.7144614e+01      
5         -2.8943346e+02      +2.5920599e-10      +5.6889139e-05      +7.0533576e-06      
6         -2.8943346e+02      +7.8654239e-10      +1.7262610e-04      +2.1402919e-05      
7         -2.8943346e+02      +6.1896799e-10      +1.3584777e-04      +1.6842985e-05      
8         -2.8943346e+02      +4.2439297e-10      +9.3143489e-05      +1.1548326e-05      
Total time taken:                   5.4609890 s
===============================================

===============================================
            Relativistic DSRG-MRPT2            
===============================================
-----------------------------------------------
        DSRG-MRPT2 reference relaxation        
-----------------------------------------------
Iter                          Energy              Delta E   
   -Eref  -289.4337768       
   -Ecorr -0.2291873       
<Psi^(0)|Hbar^(0)|Psi^(0)>    -289.6629641        -2.89663e+02
   -Erelax-0.0001015       
<Psi^(0)|Hbar^(1)|Psi^(0)>    -289.6630655        -1.01488e-04
   -Eref  -289.4336740       
   -Ecorr -0.2294296       
<Psi^(1)|Hbar^(1)|Psi^(1)>    -289.6631035        -3.79980e-05
   -Erelax-0.0000000       
<Psi^(1)|Hbar^(2)|Psi^(1)>    -289.6631035        -1.68058e-09
   -Eref  -289.4336745       
   -Ecorr -0.2294289       
<Psi^(2)|Hbar^(2)|Psi^(2)>    -289.6631034        1.26987e-07
   -Erelax-0.0000000       
<Psi^(2)|Hbar^(3)|Psi^(2)>    -289.6631034        -2.16005e-12
   -Eref  -289.4336745       
   -Ecorr -0.2294289       
<Psi^(3)|Hbar^(3)|Psi^(3)>    -289.6631034        4.25189e-10
   -Erelax-0.0000000       
<Psi^(3)|Hbar^(4)|Psi^(3)>    -289.6631034        0.00000e+00
Unrelaxed DSRG-MRPT2 energy:              -289.6629641 Eh
Unrelaxed DSRG-MRPT2 E_corr:                -0.2291873 Eh
Partially relaxed DSRG-MRPT2 energy:      -289.6630655 Eh
Partially relaxed DSRG-MRPT2 E_corr:        -0.2292887 Eh
Relaxed DSRG-MRPT2 energy:                -289.6631035 Eh
Relaxed DSRG-MRPT2 E_corr:                  -0.2294296 Eh
Fully relaxed DSRG-MRPT2 energy:          -289.6631034 Eh
Fully relaxed DSRG-MRPT2 E_corr:            -0.2294289 Eh
State     Energy / Eh         Splitting / Eh      Splitting / cm-1    Splitting / meV     
0         -2.8966382e+02      +0.0000000e+00      +0.0000000e+00      +0.0000000e+00      
1         -2.8966345e+02      +3.6807981e-04      +8.0784179e+01      +1.0015966e+01      
2         -2.8966345e+02      +2.8398972e-10      +6.2328539e-05      +7.7277576e-06      
3         -2.8966345e+02      +2.8842351e-10      +6.3301643e-05      +7.8484071e-06      
4         -2.8966275e+02      +6.9681089e-04      +1.5293231e+02      +1.8961199e+01      
5         -2.8966275e+02      +1.2096280e-10      +2.6548265e-05      +3.2915669e-06      
6         -2.8966275e+02      +2.4999736e-10      +5.4868077e-05      +6.8027778e-06      
7         -2.8966275e+02      +2.4510882e-10      +5.3795168e-05      +6.6697540e-06      
8         -2.8966275e+02      +1.2363444e-10      +2.7134622e-05      +3.3642660e-06      
Time taken:                       74.7887645 s
===============================================
===============================================
              PySCF DHF interface              
===============================================

Timing report
....integral reading:       1.9343247 s

===============================================
            Relativistic CASCI(5,8)            
===============================================
Will now allocate 0.050 MB memory for the CASCI Hamiltonian!
Time taken for 1-RDM build:        0.0057006 s
Time taken for 1-RDM build:        0.0056863 s
Time taken for 1-RDM build:        0.0056815 s
Time taken for 1-RDM build:        0.0056789 s
Time taken for 1-RDM build:        0.0056856 s
Time taken for 1-RDM build:        0.0056870 s
Time taken for 1-RDM build:        0.0056806 s
Time taken for 1-RDM build:        0.0056620 s
Time taken for 1-RDM build:        0.0056741 s
Time taken for 1-RDM build:        0.0056748 s
Time taken for 1-RDM build:        0.0056751 s
Time taken for 1-RDM build:        0.0056884 s
Time taken for 1-RDM build:        0.0057008 s
Time taken for 1-RDM build:        0.0056787 s
Time taken for 2-RDM build:        0.0253506 s
Time taken for 2-RDM build:        0.0253315 s
Time taken for 2-RDM build:        0.0252781 s
Time taken for 2-RDM build:        0.0253232 s
Time taken for 2-RDM build:        0.0253196 s
Time taken for 2-RDM build:        0.0253305 s
Time taken for 2-RDM build:        0.0252914 s
Time taken for 2-RDM build:        0.0252931 s
Time taken for 2-RDM build:        0.0253592 s
Time taken for 2-RDM build:        0.0253255 s
Time taken for 2-RDM build:        0.0253651 s
Time taken for 2-RDM build:        0.0253942 s
Time taken for 2-RDM build:        0.0253582 s
Time taken for 2-RDM build:        0.0253315 s
Time taken for 3-RDM build:        0.1502125 s
Time taken for 3-RDM build:        0.1491077 s
Time taken for 3-RDM build:        0.1489220 s
Time taken for 3-RDM build:        0.1493101 s
Time taken for 3-RDM build:        0.1501856 s
Time taken for 3-RDM build:        0.1496451 s
Time taken for 3-RDM build:        0.1495147 s
Time taken for 3-RDM build:        0.1501839 s
Time taken for 3-RDM build:        0.1493084 s
Time taken for 3-RDM build:        0.1493580 s
Time taken for 3-RDM build:        0.1490781 s
Time taken for 3-RDM build:        0.1489053 s
Time taken for 3-RDM build:        0.1488576 s
Time taken for 3-RDM build:        0.1488750 s
E_frzc:                         -335.1272672 Eh
E_cas:                            -6.3636403 Eh
E_nuc:                             0.0000000 Eh
E_casci:                        -341.4410664 Eh
E0 (from RDM):                  -341.4410664 Eh
Ecorr:                            -0.2138107 Eh

Timing summary
... Hamil build:                    0.0210452 s
... Hamil diag:                     0.0005085 s
... RDM build:                      5.8877089 s
State     Energy / Eh         Splitting / Eh      Splitting / cm-1    Splitting / meV     
0         -3.4149091e+02      +0.0000000e+00      +0.0000000e+00      +0.0000000e+00      
1         -3.4149091e+02      +3.2849812e-10      +7.2097003e-05      +8.9388933e-06      
2         -3.4149091e+02      +3.2838443e-10      +7.2072051e-05      +8.9357998e-06      
3         -3.4149091e+02      +3.2798653e-10      +7.1984722e-05      +8.9249722e-06      
4         -3.4142117e+02      +6.9735531e-02      +1.5305180e+04      +1.8976014e+03      
5         -3.4142117e+02      +1.5667183e-09      +3.4385492e-04      +4.2632597e-05      
6         -3.4142117e+02      +1.3034196e-09      +2.8606753e-04      +3.5467871e-05      
7         -3.4142117e+02      +1.7383286e-09      +3.8151902e-04      +4.7302353e-05      
8         -3.4142110e+02      +6.9890622e-05      +1.5339218e+01      +1.9018216e+00      
9         -3.4142110e+02      +9.2740038e-10      +2.0354085e-04      +2.5235862e-05      
10        -3.4142110e+02      +9.6150643e-10      +2.1102627e-04      +2.6163935e-05      
11        -3.4142110e+02      +7.5050366e-10      +1.6471651e-04      +2.0422255e-05      
12        -3.4142110e+02      +9.6383701e-10      +2.1153777e-04      +2.6227353e-05      
13        -3.4142110e+02      +1.9558115e-09      +4.2925101e-04      +5.3220367e-05      
Total time taken:                   6.2282171 s
===============================================

===============================================
            Relativistic DSRG-MRPT2            
===============================================
-----------------------------------------------
        DSRG-MRPT2 reference relaxation        
-----------------------------------------------
Iter                          Energy              Delta E   
   -Eref  -341.4410664       
   -Ecorr -0.2752531       
<Psi^(0)|Hbar^(0)|Psi^(0)>    -341.7163195        -3.41716e+02
   -Erelax-0.0000022       
<Psi^(0)|Hbar^(1)|Psi^(0)>    -341.7163217        -2.21930e-06
   -Eref  -341.4410647       
   -Ecorr -0.2752583       
<Psi^(1)|Hbar^(1)|Psi^(1)>    -341.7163230        -1.31520e-06
   -Erelax-0.0000000       
<Psi^(1)|Hbar^(2)|Psi^(1)>    -341.7163230        -1.23674e-08
   -Eref  -341.4410650       
   -Ecorr -0.2752580       
<Psi^(2)|Hbar^(2)|Psi^(2)>    -341.7163229        1.00291e-07
   -Erelax-0.0000000       
<Psi^(2)|Hbar^(3)|Psi^(2)>    -341.7163229        -8.49809e-11
   -Eref  -341.4410649       
   -Ecorr -0.2752580       
<Psi^(3)|Hbar^(3)|Psi^(3)>    -341.7163229        -8.31204e-09
   -Erelax-0.0000000       
<Psi^(3)|Hbar^(4)|Psi^(3)>    -341.7163229        -5.68434e-13
Unrelaxed DSRG-MRPT2 energy:              -341.7163195 Eh
Unrelaxed DSRG-MRPT2 E_corr:                -0.2752531 Eh
Partially relaxed DSRG-MRPT2 energy:      -341.7163217 Eh
Partially relaxed DSRG-MRPT2 E_corr:        -0.2752553 Eh
Relaxed DSRG-MRPT2 energy:                -341.7163230 Eh
Relaxed DSRG-MRPT2 E_corr:                  -0.2752583 Eh
Fully relaxed DSRG-MRPT2 energy:          -341.7163229 Eh
Fully relaxed DSRG-MRPT2 E_corr:            -0.2752580 Eh
State     Energy / Eh         Splitting / Eh      Splitting / cm-1    Splitting / meV     
0         -3.4175714e+02      +0.0000000e+00      +0.0000000e+00      +0.0000000e+00      
1         -3.4175714e+02      +1.6956392e-10      +3.7214978e-05      +4.6140714e-06      
2         -3.4175714e+02      +1.6945023e-10      +3.7190027e-05      +4.6109779e-06      
3         -3.4175714e+02      +1.6956392e-10      +3.7214978e-05      +4.6140714e-06      
4         -3.4170004e+02      +5.7103496e-02      +1.2532769e+04      +1.5538660e+03      
5         -3.4170004e+02      +2.4169822e-10      +5.3046627e-05      +6.5769466e-06      
6         -3.4170004e+02      +1.9645086e-10      +4.3115979e-05      +5.3457026e-06      
7         -3.4170004e+02      +2.8990144e-10      +6.3626010e-05      +7.8886237e-06      
8         -3.4169996e+02      +7.6773585e-05      +1.6849854e+01      +2.0891167e+00      
9         -3.4169996e+02      +1.7803359e-10      +3.9073856e-05      +4.8445430e-06      
10        -3.4169996e+02      +1.9679192e-10      +4.3190833e-05      +5.3549833e-06      
11        -3.4169996e+02      +7.3328010e-11      +1.6093638e-05      +1.9953577e-06      
12        -3.4169996e+02      +1.3318413e-10      +2.9230538e-05      +3.6241265e-06      
13        -3.4169996e+02      +4.3593218e-10      +9.5676054e-05      +1.1862324e-05      
Time taken:                       77.1368802 s
===============================================
===============================================
              PySCF DHF interface              
===============================================

Timing report
....integral reading:       1.9312601 s

===============================================
            Relativistic CASCI(6,8)            
===============================================
Will now allocate 0.013 MB memory for the CASCI Hamiltonian!
Time taken for 1-RDM build:        0.0022242 s
Time taken for 1-RDM build:        0.0021966 s
Time taken for 1-RDM build:        0.0021834 s
Time taken for 1-RDM build:        0.0021827 s
Time taken for 1-RDM build:        0.0021966 s
Time taken for 1-RDM build:        0.0021796 s
Time taken for 1-RDM build:        0.0021822 s
Time taken for 1-RDM build:        0.0021775 s
Time taken for 1-RDM build:        0.0021873 s
Time taken for 2-RDM build:        0.0086305 s
Time taken for 2-RDM build:        0.0085547 s
Time taken for 2-RDM build:        0.0085707 s
Time taken for 2-RDM build:        0.0085561 s
Time taken for 2-RDM build:        0.0085597 s
Time taken for 2-RDM build:        0.0085268 s
Time taken for 2-RDM build:        0.0085793 s
Time taken for 2-RDM build:        0.0085135 s
Time taken for 2-RDM build:        0.0085475 s
Time taken for 3-RDM build:        0.0678377 s
Time taken for 3-RDM build:        0.0663984 s
Time taken for 3-RDM build:        0.0662913 s
Time taken for 3-RDM build:        0.0663497 s
Time taken for 3-RDM build:        0.0670402 s
Time taken for 3-RDM build:        0.0663555 s
Time taken for 3-RDM build:        0.0665345 s
Time taken for 3-RDM build:        0.0663202 s
Time taken for 3-RDM build:        0.0662057 s
E_frzc:                         -388.5675376 Eh
E_cas:                            -9.9659359 Eh
E_nuc:                             0.0000000 Eh
E_casci:                        -398.5325748 Eh
E0 (from RDM):                  -398.5325748 Eh
Ecorr:                            -0.1603097 Eh

Timing summary
... Hamil build:                    0.0087485 s
... Hamil diag:                     0.0002785 s
... RDM build:                      4.0512414 s
State     Energy / Eh         Splitting / Eh      Splitting / cm-1    Splitting / meV     
0         -3.9853347e+02      +0.0000000e+00      +0.0000000e+00      +0.0000000e+00      
1         -3.9853347e+02      +5.6296585e-09      +1.2355672e-03      +1.5319088e-04      
2         -3.9853347e+02      +5.9783360e-09      +1.3120931e-03      +1.6267889e-04      
3         -3.9853347e+02      +5.6479053e-09      +1.2395719e-03      +1.5368740e-04      
4         -3.9853347e+02      +5.6580234e-09      +1.2417926e-03      +1.5396273e-04      
5         -3.9853166e+02      +1.8163270e-03      +3.9863770e+02      +4.9424800e+01      
6         -3.9853166e+02      +3.5533390e-09      +7.7986775e-04      +9.6691324e-05      
7         -3.9853166e+02      +3.5755079e-09      +7.8473327e-04      +9.7294572e-05      
8         -3.9853083e+02      +8.2294816e-04      +1.8061624e+02      +2.2393571e+01      
Total time taken:                   4.3794470 s
===============================================

===============================================
            Relativistic DSRG-MRPT2            
===============================================
-----------------------------------------------
        DSRG-MRPT2 reference relaxation        
-----------------------------------------------
Iter                          Energy              Delta E   
   -Eref  -398.5325748       
   -Ecorr -0.3124683       
<Psi^(0)|Hbar^(0)|Psi^(0)>    -398.8450431        -3.98845e+02
   -Erelax-0.0000005       
<Psi^(0)|Hbar^(1)|Psi^(0)>    -398.8450436        -4.79856e-07
   -Eref  -398.5325744       
   -Ecorr -0.3124688       
<Psi^(1)|Hbar^(1)|Psi^(1)>    -398.8450432        4.42813e-07
   -Erelax-0.0000000       
<Psi^(1)|Hbar^(2)|Psi^(1)>    -398.8450432        -1.01896e-08
   -Eref  -398.5325745       
   -Ecorr -0.3124688       
<Psi^(2)|Hbar^(2)|Psi^(2)>    -398.8450433        -7.49622e-08
   -Erelax-0.0000000       
<Psi^(2)|Hbar^(3)|Psi^(2)>    -398.8450433        -3.37025e-10
   -Eref  -398.5325745       
   -Ecorr -0.3124688       
<Psi^(3)|Hbar^(3)|Psi^(3)>    -398.8450433        1.41733e-08
   -Erelax-0.0000000       
<Psi^(3)|Hbar^(4)|Psi^(3)>    -398.8450433        -1.11413e-11
   -Eref  -398.5325745       
   -Ecorr -0.3124688       
<Psi^(4)|Hbar^(4)|Psi^(4)>    -398.8450433        -2.56011e-09
   -Erelax-0.0000000       
<Psi^(4)|Hbar^(5)|Psi^(4)>    -398.8450433        -3.41061e-13
Unrelaxed DSRG-MRPT2 energy:              -398.8450431 Eh
Unrelaxed DSRG-MRPT2 E_corr:                -0.3124683 Eh
Partially relaxed DSRG-MRPT2 energy:      -398.8450436 Eh
Partially relaxed DSRG-MRPT2 E_corr:        -0.3124688 Eh
Relaxed DSRG-MRPT2 energy:                -398.8450432 Eh
Relaxed DSRG-MRPT2 E_corr:                  -0.3124688 Eh
Fully relaxed DSRG-MRPT2 energy:          -398.8450433 Eh
Fully relaxed DSRG-MRPT2 E_corr:            -0.3124688 Eh
State     Energy / Eh         Splitting / Eh      Splitting / cm-1    Splitting / meV     
0         -3.9884578e+02      +0.0000000e+00      +0.0000000e+00      +0.0000000e+00      
1         -3.9884578e+02      +1.2332748e-09      +2.7067253e-04      +3.3559133e-05      
2         -3.9884578e+02      +2.5920599e-10      +5.6889139e-05      +7.0533576e-06      
3         -3.9884578e+02      +2.8683189e-10      +6.2952323e-05      +7.8050970e-06      
4         -3.9884578e+02      +9.3018571e-10      +2.0415216e-04      +2.5311654e-05      
5         -3.9884429e+02      +1.4912872e-03      +3.2729970e+02      +4.0580010e+01      
6         -3.9884429e+02      +3.8062353e-10      +8.3537209e-05      +1.0357299e-05      
7         -3.9884429e+02      +5.2489213e-10      +1.1520051e-04      +1.4283049e-05      
8         -3.9884361e+02      +6.8307061e-04      +1.4991667e+02      +1.8587307e+01      
Time taken:                       92.0054662 s
===============================================
===============================================
              PySCF DHF interface              
===============================================

Timing report
....integral reading:       1.9355643 s

===============================================
            Relativistic CASCI(7,8)            
===============================================
Will now allocate 0.001 MB memory for the CASCI Hamiltonian!
Time taken for 1-RDM build:        0.0003788 s
Time taken for 1-RDM build:        0.0003664 s
Time taken for 1-RDM build:        0.0003638 s
Time taken for 1-RDM build:        0.0003633 s
Time taken for 1-RDM build:        0.0003617 s
Time taken for 1-RDM build:        0.0003650 s
Time taken for 2-RDM build:        0.0010769 s
Time taken for 2-RDM build:        0.0010061 s
Time taken for 2-RDM build:        0.0010059 s
Time taken for 2-RDM build:        0.0009975 s
Time taken for 2-RDM build:        0.0010023 s
Time taken for 2-RDM build:        0.0010049 s
Time taken for 3-RDM build:        0.0139258 s
Time taken for 3-RDM build:        0.0124645 s
Time taken for 3-RDM build:        0.0124290 s
Time taken for 3-RDM build:        0.0124259 s
Time taken for 3-RDM build:        0.0124347 s
Time taken for 3-RDM build:        0.0124238 s
E_frzc:                         -446.0682972 Eh
E_cas:                           -14.7582517 Eh
E_nuc:                             0.0000000 Eh
E_casci:                        -460.8252020 Eh
E0 (from RDM):                  -460.8252020 Eh
Ecorr:                             0.0013470 Eh

Timing summary
... Hamil build:                    0.0018353 s
... Hamil diag:                     0.0001056 s
... RDM build:                      3.4355624 s
State     Energy / Eh         Splitting / Eh      Splitting / cm-1    Splitting / meV     
0         -4.6082655e+02      +0.0000000e+00      +0.0000000e+00      +0.0000000e+00      
1         -4.6082655e+02      +1.2022326e-08      +2.6385956e-03      +3.2714432e-04      
2         -4.6082655e+02      +5.7600573e-09      +1.2641864e-03      +1.5673922e-04      
3         -4.6082655e+02      +1.1622035e-08      +2.5507418e-03      +3.1625183e-04      
4         -4.6082251e+02      +4.0408198e-03      +8.8685742e+02      +1.0995636e+02      
5         -4.6082251e+02      +2.0031848e-08      +4.3964825e-03      +5.4509461e-04      
Total time taken:                   3.7573133 s
===============================================

===============================================
            Relativistic DSRG-MRPT2            
===============================================
-----------------------------------------------
        DSRG-MRPT2 reference relaxation        
-----------------------------------------------
Iter                          Energy              Delta E   
   -Eref  -460.8252020       
   -Ecorr -0.3516071       
<Psi^(0)|Hbar^(0)|Psi^(0)>    -461.1768090        -4.61177e+02
   -Erelax0.0000000       
<Psi^(0)|Hbar^(1)|Psi^(0)>    -461.1768090        0.00000e+00
   -Eref  -460.8252020       
   -Ecorr -0.3516071       
<Psi^(1)|Hbar^(1)|Psi^(1)>    -461.1768090        -1.70530e-13
   -Erelax-0.0000000       
<Psi^(1)|Hbar^(2)|Psi^(1)>    -461.1768090        0.00000e+00
Unrelaxed DSRG-MRPT2 energy:              -461.1768090 Eh
Unrelaxed DSRG-MRPT2 E_corr:                -0.3516071 Eh
Partially relaxed DSRG-MRPT2 energy:      -461.1768090 Eh
Partially relaxed DSRG-MRPT2 E_corr:        -0.3516071 Eh
Relaxed DSRG-MRPT2 energy:                -461.1768090 Eh
Relaxed DSRG-MRPT2 E_corr:                  -0.3516071 Eh
Fully relaxed DSRG-MRPT2 energy:          -461.1768090 Eh
Fully relaxed DSRG-MRPT2 E_corr:            -0.3516071 Eh
State     Energy / Eh         Splitting / Eh      Splitting / cm-1    Splitting / meV     
0         -4.6117813e+02      +0.0000000e+00      +0.0000000e+00      +0.0000000e+00      
1         -4.6117813e+02      +1.4902639e-09      +3.2707512e-04      +4.0552166e-05      
2         -4.6117813e+02      +1.2996111e-09      +2.8523166e-04      +3.5364236e-05      
3         -4.6117813e+02      +1.3016006e-09      +2.8566831e-04      +3.5418373e-05      
4         -4.6117416e+02      +3.9661785e-03      +8.7047556e+02      +1.0792527e+02      
5         -4.6117416e+02      +2.5161739e-09      +5.5223634e-04      +6.8468613e-05      
Time taken:                       30.2417657 s
===============================================
===============================================
              PySCF DHF interface              
===============================================

Timing report
....integral reading:      24.3044968 s

===============================================
            Relativistic CASCI(3,8)            
===============================================
Will now allocate 0.050 MB memory for the CASCI Hamiltonian!
Time taken for 1-RDM build:        0.0056913 s
Time taken for 1-RDM build:        0.0056295 s
Time taken for 1-RDM build:        0.0056643 s
Time taken for 1-RDM build:        0.0056429 s
Time taken for 1-RDM build:        0.0056458 s
Time taken for 1-RDM build:        0.0056436 s
Time taken for 2-RDM build:        0.0230331 s
Time taken for 2-RDM build:        0.0229907 s
Time taken for 2-RDM build:        0.0229943 s
Time taken for 2-RDM build:        0.0230432 s
Time taken for 2-RDM build:        0.0230501 s
Time taken for 2-RDM build:        0.0229766 s
Time taken for 3-RDM build:        0.0651650 s
Time taken for 3-RDM build:        0.0642109 s
Time taken for 3-RDM build:        0.0642684 s
Time taken for 3-RDM build:        0.0641546 s
Time taken for 3-RDM build:        0.0642152 s
Time taken for 3-RDM build:        0.0643051 s
E_frzc:                        -1939.7138290 Eh
E_cas:                            -2.0100161 Eh
E_nuc:                             0.0000000 Eh
E_casci:                       -1941.7217616 Eh
E0 (from RDM):                 -1941.7217616 Eh
Ecorr:                            -0.1944870 Eh

Timing summary
... Hamil build:                    0.0171964 s
... Hamil diag:                     0.0005801 s
... RDM build:                     47.9103522 s
State     Energy / Eh         Splitting / Eh      Splitting / cm-1    Splitting / meV     
0         -1.9417238e+03      +0.0000000e+00      +0.0000000e+00      +0.0000000e+00      
1         -1.9417238e+03      +1.0702479e-09      +2.3489226e-04      +2.9122942e-05      
2         -1.9417207e+03      +3.1252750e-03      +6.8591858e+02      +8.5043106e+01      
3         -1.9417207e+03      +1.1004886e-09      +2.4152933e-04      +2.9945834e-05      
4         -1.9417207e+03      +9.5178621e-10      +2.0889293e-04      +2.5899434e-05      
5         -1.9417207e+03      +6.4619599e-10      +1.4182362e-04      +1.7583897e-05      
Total time taken:                  51.5752187 s
===============================================

===============================================
            Relativistic DSRG-MRPT2            
===============================================
-----------------------------------------------
        DSRG-MRPT2 reference relaxation        
-----------------------------------------------
Iter                          Energy              Delta E   
   -Eref  -1941.7217616       
   -Ecorr -0.9518260       
<Psi^(0)|Hbar^(0)|Psi^(0)>    -1942.6735876       -1.94267e+03
   -Erelax-0.0003484       
<Psi^(0)|Hbar^(1)|Psi^(0)>    -1942.6739360       -3.48375e-04
   -Eref  -1941.7214142       
   -Ecorr -0.9524689       
<Psi^(1)|Hbar^(1)|Psi^(1)>    -1942.6738831       5.28915e-05
   -Erelax-0.0000000       
<Psi^(1)|Hbar^(2)|Psi^(1)>    -1942.6738831       -1.25806e-09
   -Eref  -1941.7214155       
   -Ecorr -0.9524677       
<Psi^(2)|Hbar^(2)|Psi^(2)>    -1942.6738832       -8.38029e-08
   -Erelax-0.0000000       
<Psi^(2)|Hbar^(3)|Psi^(2)>    -1942.6738832       0.00000e+00
   -Eref  -1941.7214155       
   -Ecorr -0.9524677       
<Psi^(3)|Hbar^(3)|Psi^(3)>    -1942.6738832       1.61890e-10
   -Erelax0.0000000       
<Psi^(3)|Hbar^(4)|Psi^(3)>    -1942.6738832       0.00000e+00
Unrelaxed DSRG-MRPT2 energy:             -1942.6735876 Eh
Unrelaxed DSRG-MRPT2 E_corr:                -0.9518260 Eh
Partially relaxed DSRG-MRPT2 energy:     -1942.6739360 Eh
Partially relaxed DSRG-MRPT2 E_corr:        -0.9521744 Eh
Relaxed DSRG-MRPT2 energy:               -1942.6738831 Eh
Relaxed DSRG-MRPT2 E_corr:                  -0.9524689 Eh
Fully relaxed DSRG-MRPT2 energy:         -1942.6738832 Eh
Fully relaxed DSRG-MRPT2 E_corr:            -0.9524677 Eh
State     Energy / Eh         Splitting / Eh      Splitting / cm-1    Splitting / meV     
0         -1.9426763e+03      +0.0000000e+00      +0.0000000e+00      +0.0000000e+00      
1         -1.9426763e+03      +4.4633452e-10      +9.7959105e-05      +1.2145387e-05      
2         -1.9426727e+03      +3.5865750e-03      +7.8716222e+02      +9.7595723e+01      
3         -1.9426727e+03      +4.5770321e-10      +1.0045424e-04      +1.2454745e-05      
4         -1.9426727e+03      +4.2655302e-10      +9.3617565e-05      +1.1607104e-05      
5         -1.9426727e+03      +2.8830982e-10      +6.3276691e-05      +7.8453136e-06      
Time taken:                      956.7060905 s
===============================================
===============================================
              PySCF DHF interface              
===============================================

Timing report
....integral reading:      24.3209321 s

===============================================
            Relativistic CASCI(4,8)            
===============================================
Will now allocate 0.078 MB memory for the CASCI Hamiltonian!
Time taken for 1-RDM build:        0.0097873 s
Time taken for 1-RDM build:        0.0095005 s
Time taken for 1-RDM build:        0.0095017 s
Time taken for 1-RDM build:        0.0095055 s
Time taken for 1-RDM build:        0.0097127 s
Time taken for 1-RDM build:        0.0094926 s
Time taken for 1-RDM build:        0.0095026 s
Time taken for 1-RDM build:        0.0095093 s
Time taken for 1-RDM build:        0.0094802 s
Time taken for 2-RDM build:        0.0345957 s
Time taken for 2-RDM build:        0.0344980 s
Time taken for 2-RDM build:        0.0343997 s
Time taken for 2-RDM build:        0.0344300 s
Time taken for 2-RDM build:        0.0345356 s
Time taken for 2-RDM build:        0.0344844 s
Time taken for 2-RDM build:        0.0344989 s
Time taken for 2-RDM build:        0.0344799 s
Time taken for 2-RDM build:        0.0344515 s
Time taken for 3-RDM build:        0.1519661 s
Time taken for 3-RDM build:        0.1508577 s
Time taken for 3-RDM build:        0.1508563 s
Time taken for 3-RDM build:        0.1508374 s
Time taken for 3-RDM build:        0.1508183 s
Time taken for 3-RDM build:        0.1509759 s
Time taken for 3-RDM build:        0.1508474 s
Time taken for 3-RDM build:        0.1508274 s
Time taken for 3-RDM build:        0.1508021 s
E_frzc:                        -2092.8592106 Eh
E_cas:                            -3.6862998 Eh
E_nuc:                             0.0000000 Eh
E_casci:                       -2096.5413860 Eh
E0 (from RDM):                 -2096.5413860 Eh
Ecorr:                            -0.2153364 Eh

Timing summary
... Hamil build:                    0.0260665 s
... Hamil diag:                     0.0011051 s
... RDM build:                     49.0775216 s
State     Energy / Eh         Splitting / Eh      Splitting / cm-1    Splitting / meV     
0         -2.0965455e+03      +0.0000000e+00      +0.0000000e+00      +0.0000000e+00      
1         -2.0965432e+03      +2.3344184e-03      +5.1234561e+02      +6.3522789e+01      
2         -2.0965432e+03      +6.4164851e-10      +1.4082557e-04      +1.7460154e-05      
3         -2.0965432e+03      +5.3205440e-10      +1.1677244e-04      +1.4477945e-05      
4         -2.0965395e+03      +3.6890520e-03      +8.0965333e+02      +1.0038427e+02      
5         -2.0965395e+03      +9.3723429e-10      +2.0569915e-04      +2.5503456e-05      
6         -2.0965395e+03      +1.0586518e-09      +2.3234722e-04      +2.8807397e-05      
7         -2.0965395e+03      +1.1709744e-09      +2.5699918e-04      +3.1863852e-05      
8         -2.0965395e+03      +1.0372787e-09      +2.2765636e-04      +2.8225805e-05      
Total time taken:                  52.7706690 s
===============================================

===============================================
            Relativistic DSRG-MRPT2            
===============================================
-----------------------------------------------
        DSRG-MRPT2 reference relaxation        
-----------------------------------------------
Iter                          Energy              Delta E   
   -Eref  -2096.5413860       
   -Ecorr -0.9503735       
<Psi^(0)|Hbar^(0)|Psi^(0)>    -2097.4917594       -2.09749e+03
   -Erelax-0.0001015       
<Psi^(0)|Hbar^(1)|Psi^(0)>    -2097.4918610       -1.01544e-04
   -Eref  -2096.5412800       
   -Ecorr -0.9506047       
<Psi^(1)|Hbar^(1)|Psi^(1)>    -2097.4918847       -2.37345e-05
   -Erelax-0.0000000       
<Psi^(1)|Hbar^(2)|Psi^(1)>    -2097.4918847       -1.23141e-08
   -Eref  -2096.5412794       
   -Ecorr -0.9506050       
<Psi^(2)|Hbar^(2)|Psi^(2)>    -2097.4918844       2.95062e-07
   -Erelax-0.0000000       
<Psi^(2)|Hbar^(3)|Psi^(2)>    -2097.4918844       -1.22782e-11
   -Eref  -2096.5412794       
   -Ecorr -0.9506051       
<Psi^(3)|Hbar^(3)|Psi^(3)>    -2097.4918844       7.49560e-09
   -Erelax-0.0000000       
<Psi^(3)|Hbar^(4)|Psi^(3)>    -2097.4918844       0.00000e+00
Unrelaxed DSRG-MRPT2 energy:             -2097.4917594 Eh
Unrelaxed DSRG-MRPT2 E_corr:                -0.9503735 Eh
Partially relaxed DSRG-MRPT2 energy:     -2097.4918610 Eh
Partially relaxed DSRG-MRPT2 E_corr:        -0.9504750 Eh
Relaxed DSRG-MRPT2 energy:               -2097.4918847 Eh
Relaxed DSRG-MRPT2 E_corr:                  -0.9506047 Eh
Fully relaxed DSRG-MRPT2 energy:         -2097.4918844 Eh
Fully relaxed DSRG-MRPT2 E_corr:            -0.9506051 Eh
State     Energy / Eh         Splitting / Eh      Splitting / cm-1    Splitting / meV     
0         -2.0974963e+03      +0.0000000e+00      +0.0000000e+00      +0.0000000e+00      
1         -2.0974938e+03      +2.5221958e-03      +5.5355799e+02      +6.8632476e+01      
2         -2.0974938e+03      +1.7189450e-10      +3.7726481e-05      +4.6774898e-06      
3         -2.0974938e+03      +1.6189006e-10      +3.5530760e-05      +4.4052549e-06      
4         -2.0974899e+03      +3.9158672e-03      +8.5943351e+02      +1.0655623e+02      
5         -2.0974899e+03      +2.2509994e-10      +4.9403726e-05      +6.1252842e-06      
6         -2.0974899e+03      +2.6238922e-10      +5.7587777e-05      +7.1399778e-06      
7         -2.0974899e+03      +2.5966074e-10      +5.6988944e-05      +7.0657319e-06      
8         -2.0974899e+03      +2.2191671e-10      +4.8705087e-05      +6.0386641e-06      
Time taken:                      958.9544191 s
===============================================
===============================================
              PySCF DHF interface              
===============================================

Timing report
....integral reading:      24.2738206 s

===============================================
            Relativistic CASCI(5,8)            
===============================================
Will now allocate 0.050 MB memory for the CASCI Hamiltonian!
Time taken for 1-RDM build:        0.0056729 s
Time taken for 1-RDM build:        0.0056574 s
Time taken for 1-RDM build:        0.0056603 s
Time taken for 1-RDM build:        0.0056686 s
Time taken for 1-RDM build:        0.0056736 s
Time taken for 1-RDM build:        0.0056577 s
Time taken for 1-RDM build:        0.0056579 s
Time taken for 1-RDM build:        0.0056512 s
Time taken for 1-RDM build:        0.0056708 s
Time taken for 1-RDM build:        0.0056605 s
Time taken for 1-RDM build:        0.0056775 s
Time taken for 1-RDM build:        0.0056438 s
Time taken for 1-RDM build:        0.0056746 s
Time taken for 1-RDM build:        0.0056479 s
Time taken for 2-RDM build:        0.0253494 s
Time taken for 2-RDM build:        0.0254841 s
Time taken for 2-RDM build:        0.0252402 s
Time taken for 2-RDM build:        0.0254216 s
Time taken for 2-RDM build:        0.0252676 s
Time taken for 2-RDM build:        0.0253968 s
Time taken for 2-RDM build:        0.0252793 s
Time taken for 2-RDM build:        0.0254278 s
Time taken for 2-RDM build:        0.0252807 s
Time taken for 2-RDM build:        0.0254154 s
Time taken for 2-RDM build:        0.0252447 s
Time taken for 2-RDM build:        0.0254560 s
Time taken for 2-RDM build:        0.0253060 s
Time taken for 2-RDM build:        0.0253992 s
Time taken for 3-RDM build:        0.1495407 s
Time taken for 3-RDM build:        0.1485145 s
Time taken for 3-RDM build:        0.1481197 s
Time taken for 3-RDM build:        0.1483457 s
Time taken for 3-RDM build:        0.1483068 s
Time taken for 3-RDM build:        0.1486249 s
Time taken for 3-RDM build:        0.1484036 s
Time taken for 3-RDM build:        0.1485283 s
Time taken for 3-RDM build:        0.1483071 s
Time taken for 3-RDM build:        0.1485820 s
Time taken for 3-RDM build:        0.1484084 s
Time taken for 3-RDM build:        0.1486089 s
Time taken for 3-RDM build:        0.1486304 s
Time taken for 3-RDM build:        0.1484947 s
E_frzc:                        -2252.3726240 Eh
E_cas:                            -6.0718308 Eh
E_nuc:                             0.0000000 Eh
E_casci:                       -2258.3972569 Eh
E0 (from RDM):                 -2258.3972569 Eh
Ecorr:                            -0.0178409 Eh

Timing summary
... Hamil build:                    0.0213201 s
... Hamil diag:                     0.0005550 s
... RDM build:                     49.8668799 s
State     Energy / Eh         Splitting / Eh      Splitting / cm-1    Splitting / meV     
0         -2.2584445e+03      +0.0000000e+00      +0.0000000e+00      +0.0000000e+00      
1         -2.2584445e+03      +5.2432370e-10      +1.1507575e-04      +1.4267581e-05      
2         -2.2584445e+03      +5.2705218e-10      +1.1567458e-04      +1.4341827e-05      
3         -2.2584445e+03      +5.1386451e-10      +1.1278022e-04      +1.3982972e-05      
4         -2.2583793e+03      +6.5107933e-02      +1.4289540e+04      +1.7716780e+03      
5         -2.2583793e+03      +9.2859409e-10      +2.0380284e-04      +2.5268344e-05      
6         -2.2583793e+03      +1.1159500e-09      +2.4492271e-04      +3.0366561e-05      
7         -2.2583793e+03      +5.1250026e-10      +1.1248081e-04      +1.3945849e-05      
8         -2.2583777e+03      +1.6153755e-03      +3.5453394e+02      +4.3956628e+01      
9         -2.2583777e+03      +7.5033313e-10      +1.6467909e-04      +2.0417614e-05      
10        -2.2583777e+03      +4.8839865e-10      +1.0719111e-04      +1.3290011e-05      
11        -2.2583777e+03      +1.4611032e-09      +3.2067509e-04      +3.9758663e-05      
12        -2.2583777e+03      +1.6329977e-09      +3.5840157e-04      +4.4436153e-05      
13        -2.2583777e+03      +6.3982952e-10      +1.4042635e-04      +1.7410656e-05      
Total time taken:                  53.5282283 s
===============================================

===============================================
            Relativistic DSRG-MRPT2            
===============================================
-----------------------------------------------
        DSRG-MRPT2 reference relaxation        
-----------------------------------------------
Iter                          Energy              Delta E   
   -Eref  -2258.3972569       
   -Ecorr -0.9681808       
<Psi^(0)|Hbar^(0)|Psi^(0)>    -2259.3654376       -2.25937e+03
   -Erelax-0.0000300       
<Psi^(0)|Hbar^(1)|Psi^(0)>    -2259.3654676       -2.99934e-05
   -Eref  -2258.3972324       
   -Ecorr -0.9682495       
<Psi^(1)|Hbar^(1)|Psi^(1)>    -2259.3654818       -1.42205e-05
   -Erelax-0.0000001       
<Psi^(1)|Hbar^(2)|Psi^(1)>    -2259.3654819       -8.84552e-08
   -Eref  -2258.3972346       
   -Ecorr -0.9682465       
<Psi^(2)|Hbar^(2)|Psi^(2)>    -2259.3654811       8.33139e-07
   -Erelax-0.0000000       
<Psi^(2)|Hbar^(3)|Psi^(2)>    -2259.3654811       -3.51065e-10
   -Eref  -2258.3972345       
   -Ecorr -0.9682467       
<Psi^(3)|Hbar^(3)|Psi^(3)>    -2259.3654812       -5.23673e-08
   -Erelax-0.0000000       
<Psi^(3)|Hbar^(4)|Psi^(3)>    -2259.3654812       -1.36424e-12
   -Eref  -2258.3972345       
   -Ecorr -0.9682467       
<Psi^(4)|Hbar^(4)|Psi^(4)>    -2259.3654812       3.30101e-09
   -Erelax0.0000000       
<Psi^(4)|Hbar^(5)|Psi^(4)>    -2259.3654812       0.00000e+00
Unrelaxed DSRG-MRPT2 energy:             -2259.3654376 Eh
Unrelaxed DSRG-MRPT2 E_corr:                -0.9681808 Eh
Partially relaxed DSRG-MRPT2 energy:     -2259.3654676 Eh
Partially relaxed DSRG-MRPT2 E_corr:        -0.9682108 Eh
Relaxed DSRG-MRPT2 energy:               -2259.3654818 Eh
Relaxed DSRG-MRPT2 E_corr:                  -0.9682495 Eh
Fully relaxed DSRG-MRPT2 energy:         -2259.3654812 Eh
Fully relaxed DSRG-MRPT2 E_corr:            -0.9682467 Eh
State     Energy / Eh         Splitting / Eh      Splitting / cm-1    Splitting / meV     
0         -2.2594045e+03      +0.0000000e+00      +0.0000000e+00      +0.0000000e+00      
1         -2.2594045e+03      +1.3324097e-10      +2.9243013e-05      +3.6256733e-06      
2         -2.2594045e+03      +1.3960744e-10      +3.0640291e-05      +3.7989137e-06      
3         -2.2594045e+03      +1.3415047e-10      +2.9442624e-05      +3.6504219e-06      
4         -2.2593507e+03      +5.3787600e-02      +1.1805014e+04      +1.4636358e+03      
5         -2.2593507e+03      +1.3142198e-10      +2.8843791e-05      +3.5761761e-06      
6         -2.2593507e+03      +2.4601832e-10      +5.3994779e-05      +6.6945026e-06      
7         -2.2593507e+03      +1.0413714e-10      +2.2855461e-05      +2.8337174e-06      
8         -2.2593494e+03      +1.3036902e-03      +2.8612692e+02      +3.5475234e+01      
9         -2.2593494e+03      +1.1095835e-10      +2.4352544e-05      +3.0193320e-06      
10        -2.2593494e+03      +1.8007995e-10      +3.9522981e-05      +4.9002274e-06      
11        -2.2593494e+03      +1.7507773e-10      +3.8425120e-05      +4.7641100e-06      
12        -2.2593494e+03      +2.5829650e-10      +5.6689528e-05      +7.0286090e-06      
13        -2.2593494e+03      +1.3233148e-10      +2.9043402e-05      +3.6009247e-06      
Time taken:                     1236.1089494 s
===============================================
===============================================
              PySCF DHF interface              
===============================================

Timing report
....integral reading:      24.3235052 s

===============================================
            Relativistic CASCI(6,8)            
===============================================
Will now allocate 0.013 MB memory for the CASCI Hamiltonian!
Time taken for 1-RDM build:        0.0022018 s
Time taken for 1-RDM build:        0.0021851 s
Time taken for 1-RDM build:        0.0021882 s
Time taken for 1-RDM build:        0.0021708 s
Time taken for 1-RDM build:        0.0021904 s
Time taken for 1-RDM build:        0.0021837 s
Time taken for 1-RDM build:        0.0021882 s
Time taken for 1-RDM build:        0.0021825 s
Time taken for 1-RDM build:        0.0021815 s
Time taken for 2-RDM build:        0.0086503 s
Time taken for 2-RDM build:        0.0085731 s
Time taken for 2-RDM build:        0.0085440 s
Time taken for 2-RDM build:        0.0085504 s
Time taken for 2-RDM build:        0.0085666 s
Time taken for 2-RDM build:        0.0085661 s
Time taken for 2-RDM build:        0.0085466 s
Time taken for 2-RDM build:        0.0085638 s
Time taken for 2-RDM build:        0.0085425 s
Time taken for 3-RDM build:        0.0688598 s
Time taken for 3-RDM build:        0.0667682 s
Time taken for 3-RDM build:        0.0668428 s
Time taken for 3-RDM build:        0.0668654 s
Time taken for 3-RDM build:        0.0669181 s
Time taken for 3-RDM build:        0.0668130 s
Time taken for 3-RDM build:        0.0668702 s
Time taken for 3-RDM build:        0.0668793 s
Time taken for 3-RDM build:        0.0668356 s
E_frzc:                        -2418.2608262 Eh
E_cas:                            -9.1774708 Eh
E_nuc:                             0.0000000 Eh
E_casci:                       -2427.4340589 Eh
E0 (from RDM):                 -2427.4340589 Eh
Ecorr:                            -0.1372548 Eh

Timing summary
... Hamil build:                    0.0088117 s
... Hamil diag:                     0.0002849 s
... RDM build:                     48.0941892 s
State     Energy / Eh         Splitting / Eh      Splitting / cm-1    Splitting / meV     
0         -2.4274383e+03      +0.0000000e+00      +0.0000000e+00      +0.0000000e+00      
1         -2.4274383e+03      +1.9413164e-09      +4.2606971e-04      +5.2825936e-05      
2         -2.4274383e+03      +8.9721652e-10      +1.9691626e-04      +2.4414517e-05      
3         -2.4274383e+03      +1.1737029e-09      +2.5759801e-04      +3.1938098e-05      
4         -2.4274383e+03      +1.8349056e-09      +4.0271522e-04      +4.9930347e-05      
5         -2.4274294e+03      +8.8831576e-03      +1.9496277e+03      +2.4172315e+02      
6         -2.4274294e+03      +4.1914063e-09      +9.1990735e-04      +1.1405403e-04      
7         -2.4274294e+03      +4.1027306e-09      +9.0044528e-04      +1.1164104e-04      
8         -2.4274268e+03      +2.6102260e-03      +5.7287839e+02      +7.1027902e+01      
Total time taken:                  51.7536371 s
===============================================

===============================================
            Relativistic DSRG-MRPT2            
===============================================
-----------------------------------------------
        DSRG-MRPT2 reference relaxation        
-----------------------------------------------
Iter                          Energy              Delta E   
   -Eref  -2427.4340589       
   -Ecorr -0.9829909       
<Psi^(0)|Hbar^(0)|Psi^(0)>    -2428.4170498       -2.42842e+03
   -Erelax-0.0000064       
<Psi^(0)|Hbar^(1)|Psi^(0)>    -2428.4170562       -6.40408e-06
   -Eref  -2427.4340530       
   -Ecorr -0.9829999       
<Psi^(1)|Hbar^(1)|Psi^(1)>    -2428.4170529       3.26930e-06
   -Erelax-0.0000000       
<Psi^(1)|Hbar^(2)|Psi^(1)>    -2428.4170529       -4.20969e-08
   -Eref  -2427.4340535       
   -Ecorr -0.9829999       
<Psi^(2)|Hbar^(2)|Psi^(2)>    -2428.4170534       -4.73975e-07
   -Erelax-0.0000000       
<Psi^(2)|Hbar^(3)|Psi^(2)>    -2428.4170534       -6.64841e-10
   -Eref  -2427.4340535       
   -Ecorr -0.9829999       
<Psi^(3)|Hbar^(3)|Psi^(3)>    -2428.4170533       6.05542e-08
   -Erelax-0.0000000       
<Psi^(3)|Hbar^(4)|Psi^(3)>    -2428.4170533       -1.04592e-11
   -Eref  -2427.4340535       
   -Ecorr -0.9829999       
<Psi^(4)|Hbar^(4)|Psi^(4)>    -2428.4170534       -7.59428e-09
   -Erelax-0.0000000       
<Psi^(4)|Hbar^(5)|Psi^(4)>    -2428.4170534       0.00000e+00
Unrelaxed DSRG-MRPT2 energy:             -2428.4170498 Eh
Unrelaxed DSRG-MRPT2 E_corr:                -0.9829909 Eh
Partially relaxed DSRG-MRPT2 energy:     -2428.4170562 Eh
Partially relaxed DSRG-MRPT2 E_corr:        -0.9829973 Eh
Relaxed DSRG-MRPT2 energy:               -2428.4170529 Eh
Relaxed DSRG-MRPT2 E_corr:                  -0.9829999 Eh
Fully relaxed DSRG-MRPT2 energy:         -2428.4170534 Eh
Fully relaxed DSRG-MRPT2 E_corr:            -0.9829999 Eh
State     Energy / Eh         Splitting / Eh      Splitting / cm-1    Splitting / meV     
0         -2.4284207e+03      +0.0000000e+00      +0.0000000e+00      +0.0000000e+00      
1         -2.4284207e+03      +3.3514880e-10      +7.3556658e-05      +9.1198677e-06      
2         -2.4284207e+03      +3.7061909e-10      +8.1341488e-05      +1.0085064e-05      
3         -2.4284207e+03      +3.7243808e-10      +8.1740710e-05      +1.0134561e-05      
4         -2.4284207e+03      +3.0195224e-10      +6.6270856e-05      +8.2165429e-06      
5         -2.4284131e+03      +7.5951371e-03      +1.6669399e+03      +2.0667431e+02      
6         -2.4284131e+03      +6.3528205e-10      +1.3942829e-04      +1.7286913e-05      
7         -2.4284131e+03      +5.7752914e-10      +1.2675299e-04      +1.5715376e-05      
8         -2.4284107e+03      +2.4198201e-03      +5.3108912e+02      +6.5846690e+01      
Time taken:                     1230.3910313 s
===============================================
===============================================
              PySCF DHF interface              
===============================================

Timing report
....integral reading:      24.2630162 s

===============================================
            Relativistic CASCI(7,8)            
===============================================
Will now allocate 0.001 MB memory for the CASCI Hamiltonian!
Time taken for 1-RDM build:        0.0003734 s
Time taken for 1-RDM build:        0.0003633 s
Time taken for 1-RDM build:        0.0003638 s
Time taken for 1-RDM build:        0.0003607 s
Time taken for 1-RDM build:        0.0003636 s
Time taken for 1-RDM build:        0.0003655 s
Time taken for 2-RDM build:        0.0010691 s
Time taken for 2-RDM build:        0.0010042 s
Time taken for 2-RDM build:        0.0009980 s
Time taken for 2-RDM build:        0.0009971 s
Time taken for 2-RDM build:        0.0009995 s
Time taken for 2-RDM build:        0.0010018 s
Time taken for 3-RDM build:        0.0136399 s
Time taken for 3-RDM build:        0.0123804 s
Time taken for 3-RDM build:        0.0123584 s
Time taken for 3-RDM build:        0.0124090 s
Time taken for 3-RDM build:        0.0123732 s
Time taken for 3-RDM build:        0.0123765 s
E_frzc:                        -2590.5378304 Eh
E_cas:                           -13.1880855 Eh
E_nuc:                             0.0000000 Eh
E_casci:                       -2603.7203212 Eh
E0 (from RDM):                 -2603.7203212 Eh
Ecorr:                            -0.0318830 Eh

Timing summary
... Hamil build:                    0.0019550 s
... Hamil diag:                     0.0001094 s
... RDM build:                     47.4699275 s
State     Energy / Eh         Splitting / Eh      Splitting / cm-1    Splitting / meV     
0         -2.6037259e+03      +0.0000000e+00      +0.0000000e+00      +0.0000000e+00      
1         -2.6037259e+03      +9.2413757e-09      +2.0282475e-03      +2.5147076e-04      
2         -2.6037259e+03      +1.8784249e-08      +4.1226661e-03      +5.1114569e-04      
3         -2.6037259e+03      +9.8884811e-09      +2.1702707e-03      +2.6907941e-04      
4         -2.6037091e+03      +1.6783801e-02      +3.6836186e+03      +4.5671072e+02      
5         -2.6037091e+03      +7.4087438e-09      +1.6260313e-03      +2.0160228e-04      
Total time taken:                  51.1188428 s
===============================================

===============================================
            Relativistic DSRG-MRPT2            
===============================================
-----------------------------------------------
        DSRG-MRPT2 reference relaxation        
-----------------------------------------------
Iter                          Energy              Delta E   
   -Eref  -2603.7203212       
   -Ecorr -1.0043668       
<Psi^(0)|Hbar^(0)|Psi^(0)>    -2604.7246880       -2.60472e+03
   -Erelax-0.0000000       
<Psi^(0)|Hbar^(1)|Psi^(0)>    -2604.7246880       0.00000e+00
   -Eref  -2603.7203212       
   -Ecorr -1.0043668       
<Psi^(1)|Hbar^(1)|Psi^(1)>    -2604.7246880       -4.54747e-13
   -Erelax-0.0000000       
<Psi^(1)|Hbar^(2)|Psi^(1)>    -2604.7246880       0.00000e+00
Unrelaxed DSRG-MRPT2 energy:             -2604.7246880 Eh
Unrelaxed DSRG-MRPT2 E_corr:                -1.0043668 Eh
Partially relaxed DSRG-MRPT2 energy:     -2604.7246880 Eh
Partially relaxed DSRG-MRPT2 E_corr:        -1.0043668 Eh
Relaxed DSRG-MRPT2 energy:               -2604.7246880 Eh
Relaxed DSRG-MRPT2 E_corr:                  -1.0043668 Eh
Fully relaxed DSRG-MRPT2 energy:         -2604.7246880 Eh
Fully relaxed DSRG-MRPT2 E_corr:            -1.0043668 Eh
State     Energy / Eh         Splitting / Eh      Splitting / cm-1    Splitting / meV     
0         -2.6047301e+03      +0.0000000e+00      +0.0000000e+00      +0.0000000e+00      
1         -2.6047301e+03      +1.2732926e-09      +2.7945542e-04      +3.4648073e-05      
2         -2.6047301e+03      +2.3974280e-09      +5.2617463e-04      +6.5237371e-05      
3         -2.6047301e+03      +2.0177140e-09      +4.4283703e-04      +5.4904821e-05      
4         -2.6047138e+03      +1.6336132e-02      +3.5853666e+03      +4.4452901e+02      
5         -2.6047138e+03      +1.7980710e-09      +3.9463097e-04      +4.8928028e-05      
Time taken:                      411.4221663 s
===============================================
