NOW DOING s=1e-09!
===============================================
              PySCF DHF interface              
===============================================

Timing report
....integral reading:       0.5023086 s

===============================================
            Relativistic CASCI(3,8)            
===============================================
Will now allocate 0.050 MB memory for the CASCI Hamiltonian!
Time taken for 1-RDM build:        0.0057254 s
Time taken for 1-RDM build:        0.0056717 s
Time taken for 1-RDM build:        0.0056615 s
Time taken for 1-RDM build:        0.0056651 s
Time taken for 1-RDM build:        0.0056422 s
Time taken for 1-RDM build:        0.0056219 s
Time taken for 2-RDM build:        0.0256162 s
Time taken for 2-RDM build:        0.0231736 s
Time taken for 2-RDM build:        0.0231340 s
Time taken for 2-RDM build:        0.0232155 s
Time taken for 2-RDM build:        0.0231812 s
Time taken for 2-RDM build:        0.0231843 s
Time taken for 3-RDM build:        0.0652182 s
Time taken for 3-RDM build:        0.0653582 s
Time taken for 3-RDM build:        0.0643363 s
Time taken for 3-RDM build:        0.0643981 s
Time taken for 3-RDM build:        0.0644839 s
Time taken for 3-RDM build:        0.0644162 s
E_frzc:                          -21.9899228 Eh
E_cas:                            -2.5754278 Eh
E_nuc:                             0.0000000 Eh
E_casci:                         -24.5653104 Eh
E0 (from RDM):                   -24.5653104 Eh
Ecorr:                            -0.2764703 Eh

Timing summary
... Hamil build:                    0.0167348 s
... Hamil diag:                     0.0005634 s
... RDM build:                      1.7091787 s
State     Energy / Eh         Splitting / Eh      Splitting / cm-1    Splitting / meV     
0         -2.4565351e+01      +0.0000000e+00      +0.0000000e+00      +0.0000000e+00      
1         -2.4565351e+01      +1.6292141e-09      +3.5757116e-04      +4.4333195e-05      
2         -2.4565290e+01      +6.0370290e-05      +1.3249747e+01      +1.6427601e+00      
3         -2.4565290e+01      +8.2750518e-10      +1.8161639e-04      +2.2517574e-05      
4         -2.4565290e+01      +8.6880192e-10      +1.9067998e-04      +2.3641316e-05      
5         -2.4565290e+01      +1.8699744e-09      +4.1041194e-04      +5.0884619e-05      
Total time taken:                   1.8295722 s
===============================================

===============================================
            Relativistic DSRG-MRPT2            
===============================================
-----------------------------------------------
        DSRG-MRPT2 reference relaxation        
-----------------------------------------------
Iter                          Energy              Delta E   
   -Eref  -24.5653104       
   -Ecorr -0.0000005       
<Psi^(0)|Hbar^(0)|Psi^(0)>    -24.5653108         -2.45653e+01
   -Erelax-0.0000000       
<Psi^(0)|Hbar^(1)|Psi^(0)>    -24.5653108         -3.55271e-15
   -Eref  -24.5653104       
   -Ecorr -0.0000005       
<Psi^(1)|Hbar^(1)|Psi^(1)>    -24.5653108         0.00000e+00
   -Erelax0.0000000       
<Psi^(1)|Hbar^(2)|Psi^(1)>    -24.5653108         0.00000e+00
Unrelaxed DSRG-MRPT2 energy:               -24.5653108 Eh
Unrelaxed DSRG-MRPT2 E_corr:                -0.0000005 Eh
Partially relaxed DSRG-MRPT2 energy:       -24.5653108 Eh
Partially relaxed DSRG-MRPT2 E_corr:        -0.0000005 Eh
Relaxed DSRG-MRPT2 energy:                 -24.5653108 Eh
Relaxed DSRG-MRPT2 E_corr:                  -0.0000005 Eh
Fully relaxed DSRG-MRPT2 energy:           -24.5653108 Eh
Fully relaxed DSRG-MRPT2 E_corr:            -0.0000005 Eh
State     Energy / Eh         Splitting / Eh      Splitting / cm-1    Splitting / meV     
0         -2.4565351e+01      +0.0000000e+00      +0.0000000e+00      +0.0000000e+00      
1         -2.4565351e+01      +1.6292176e-09      +3.5757194e-04      +4.4333292e-05      
2         -2.4565291e+01      +6.0370293e-05      +1.3249748e+01      +1.6427601e+00      
3         -2.4565291e+01      +8.2750518e-10      +1.8161639e-04      +2.2517574e-05      
4         -2.4565291e+01      +8.6880192e-10      +1.9067998e-04      +2.3641316e-05      
5         -2.4565291e+01      +1.8699708e-09      +4.1041116e-04      +5.0884523e-05      
Time taken:                        6.5461152 s
===============================================
===============================================
              PySCF DHF interface              
===============================================

Timing report
....integral reading:       0.5059271 s

===============================================
            Relativistic CASCI(4,8)            
===============================================
Will now allocate 0.078 MB memory for the CASCI Hamiltonian!
Time taken for 1-RDM build:        0.0082331 s
Time taken for 1-RDM build:        0.0080650 s
Time taken for 1-RDM build:        0.0080502 s
Time taken for 1-RDM build:        0.0080290 s
Time taken for 1-RDM build:        0.0080564 s
Time taken for 1-RDM build:        0.0080361 s
Time taken for 1-RDM build:        0.0080457 s
Time taken for 1-RDM build:        0.0080688 s
Time taken for 1-RDM build:        0.0080588 s
Time taken for 2-RDM build:        0.0359700 s
Time taken for 2-RDM build:        0.0347805 s
Time taken for 2-RDM build:        0.0348160 s
Time taken for 2-RDM build:        0.0347774 s
Time taken for 2-RDM build:        0.0346787 s
Time taken for 2-RDM build:        0.0346434 s
Time taken for 2-RDM build:        0.0347352 s
Time taken for 2-RDM build:        0.0347683 s
Time taken for 2-RDM build:        0.0347230 s
Time taken for 3-RDM build:        0.1530266 s
Time taken for 3-RDM build:        0.1532724 s
Time taken for 3-RDM build:        0.1514442 s
Time taken for 3-RDM build:        0.1512399 s
Time taken for 3-RDM build:        0.1521776 s
Time taken for 3-RDM build:        0.1516650 s
Time taken for 3-RDM build:        0.1514342 s
Time taken for 3-RDM build:        0.1512976 s
Time taken for 3-RDM build:        0.1516438 s
E_frzc:                          -32.3709352 Eh
E_cas:                            -5.3467114 Eh
E_nuc:                             0.0000000 Eh
E_casci:                         -37.7175257 Eh
E0 (from RDM):                   -37.7175257 Eh
Ecorr:                            -0.4429083 Eh

Timing summary
... Hamil build:                    0.0256417 s
... Hamil diag:                     0.0009639 s
... RDM build:                      2.8716416 s
State     Energy / Eh         Splitting / Eh      Splitting / cm-1    Splitting / meV     
0         -3.7717647e+01      +0.0000000e+00      +0.0000000e+00      +0.0000000e+00      
1         -3.7717578e+01      +6.8056777e-05      +1.4936736e+01      +1.8519201e+00      
2         -3.7717578e+01      +1.0789947e-09      +2.3681196e-04      +2.9360955e-05      
3         -3.7717578e+01      +1.2285639e-09      +2.6963861e-04      +3.3430943e-05      
4         -3.7717470e+01      +1.0852195e-04      +2.3817815e+01      +2.9530341e+00      
5         -3.7717470e+01      +3.7324810e-10      +8.1918488e-05      +1.0156603e-05      
6         -3.7717470e+01      +9.5213437e-10      +2.0896934e-04      +2.5908908e-05      
7         -3.7717470e+01      +4.4995119e-10      +9.8752870e-05      +1.2243801e-05      
8         -3.7717470e+01      +5.6218852e-10      +1.2338612e-04      +1.5297936e-05      
Total time taken:                   3.0025582 s
===============================================

===============================================
            Relativistic DSRG-MRPT2            
===============================================
-----------------------------------------------
        DSRG-MRPT2 reference relaxation        
-----------------------------------------------
Iter                          Energy              Delta E   
   -Eref  -37.7175257       
   -Ecorr -0.0000010       
<Psi^(0)|Hbar^(0)|Psi^(0)>    -37.7175267         -3.77175e+01
   -Erelax0.0000000       
<Psi^(0)|Hbar^(1)|Psi^(0)>    -37.7175267         7.10543e-15
   -Eref  -37.7175257       
   -Ecorr -0.0000010       
<Psi^(1)|Hbar^(1)|Psi^(1)>    -37.7175267         0.00000e+00
   -Erelax-0.0000000       
<Psi^(1)|Hbar^(2)|Psi^(1)>    -37.7175267         0.00000e+00
Unrelaxed DSRG-MRPT2 energy:               -37.7175267 Eh
Unrelaxed DSRG-MRPT2 E_corr:                -0.0000010 Eh
Partially relaxed DSRG-MRPT2 energy:       -37.7175267 Eh
Partially relaxed DSRG-MRPT2 E_corr:        -0.0000010 Eh
Relaxed DSRG-MRPT2 energy:                 -37.7175267 Eh
Relaxed DSRG-MRPT2 E_corr:                  -0.0000010 Eh
Fully relaxed DSRG-MRPT2 energy:           -37.7175267 Eh
Fully relaxed DSRG-MRPT2 E_corr:            -0.0000010 Eh
State     Energy / Eh         Splitting / Eh      Splitting / cm-1    Splitting / meV     
0         -3.7717648e+01      +0.0000000e+00      +0.0000000e+00      +0.0000000e+00      
1         -3.7717579e+01      +6.8056781e-05      +1.4936737e+01      +1.8519202e+00      
2         -3.7717579e+01      +1.0789876e-09      +2.3681040e-04      +2.9360761e-05      
3         -3.7717579e+01      +1.2285710e-09      +2.6964017e-04      +3.3431136e-05      
4         -3.7717471e+01      +1.0852196e-04      +2.3817817e+01      +2.9530343e+00      
5         -3.7717471e+01      +3.7324810e-10      +8.1918488e-05      +1.0156603e-05      
6         -3.7717471e+01      +9.5214148e-10      +2.0897090e-04      +2.5909102e-05      
7         -3.7717471e+01      +4.4994408e-10      +9.8751311e-05      +1.2243608e-05      
8         -3.7717471e+01      +5.6219562e-10      +1.2338768e-04      +1.5298129e-05      
Time taken:                        7.7686460 s
===============================================
===============================================
              PySCF DHF interface              
===============================================

Timing report
....integral reading:       0.5052836 s

===============================================
            Relativistic CASCI(5,8)            
===============================================
Will now allocate 0.050 MB memory for the CASCI Hamiltonian!
Time taken for 1-RDM build:        0.0056705 s
Time taken for 1-RDM build:        0.0056753 s
Time taken for 1-RDM build:        0.0056920 s
Time taken for 1-RDM build:        0.0056584 s
Time taken for 1-RDM build:        0.0056822 s
Time taken for 1-RDM build:        0.0056756 s
Time taken for 1-RDM build:        0.0056489 s
Time taken for 1-RDM build:        0.0056739 s
Time taken for 1-RDM build:        0.0056596 s
Time taken for 1-RDM build:        0.0063820 s
Time taken for 1-RDM build:        0.0066757 s
Time taken for 1-RDM build:        0.0056558 s
Time taken for 1-RDM build:        0.0056515 s
Time taken for 1-RDM build:        0.0056279 s
Time taken for 2-RDM build:        0.0269620 s
Time taken for 2-RDM build:        0.0253472 s
Time taken for 2-RDM build:        0.0252938 s
Time taken for 2-RDM build:        0.0253325 s
Time taken for 2-RDM build:        0.0253091 s
Time taken for 2-RDM build:        0.0253782 s
Time taken for 2-RDM build:        0.0253146 s
Time taken for 2-RDM build:        0.0253224 s
Time taken for 2-RDM build:        0.0253050 s
Time taken for 2-RDM build:        0.0253546 s
Time taken for 2-RDM build:        0.0253084 s
Time taken for 2-RDM build:        0.0254023 s
Time taken for 2-RDM build:        0.0253382 s
Time taken for 2-RDM build:        0.0253766 s
Time taken for 3-RDM build:        0.1497638 s
Time taken for 3-RDM build:        0.1484663 s
Time taken for 3-RDM build:        0.1485686 s
Time taken for 3-RDM build:        0.1483233 s
Time taken for 3-RDM build:        0.1482806 s
Time taken for 3-RDM build:        0.1486013 s
Time taken for 3-RDM build:        0.1484284 s
Time taken for 3-RDM build:        0.1485400 s
Time taken for 3-RDM build:        0.1485341 s
Time taken for 3-RDM build:        0.1486430 s
Time taken for 3-RDM build:        0.1481018 s
Time taken for 3-RDM build:        0.1482198 s
Time taken for 3-RDM build:        0.1481974 s
Time taken for 3-RDM build:        0.1481786 s
E_frzc:                          -44.7567199 Eh
E_cas:                            -9.6666253 Eh
E_nuc:                             0.0000000 Eh
E_casci:                         -54.3487687 Eh
E0 (from RDM):                   -54.3487687 Eh
Ecorr:                            -0.4454114 Eh

Timing summary
... Hamil build:                    0.0207222 s
... Hamil diag:                     0.0004716 s
... RDM build:                      3.6276548 s
State     Energy / Eh         Splitting / Eh      Splitting / cm-1    Splitting / meV     
0         -5.4423345e+01      +0.0000000e+00      +0.0000000e+00      +0.0000000e+00      
1         -5.4423345e+01      +1.0766144e-09      +2.3628954e-04      +2.9296183e-05      
2         -5.4423345e+01      +1.0765220e-09      +2.3626926e-04      +2.9293669e-05      
3         -5.4423345e+01      +1.0763941e-09      +2.3624119e-04      +2.9290189e-05      
4         -5.4318958e+01      +1.0438692e-01      +2.2910281e+04      +2.8405142e+03      
5         -5.4318958e+01      +1.1012489e-09      +2.4169619e-04      +2.9966522e-05      
6         -5.4318958e+01      +1.1371313e-09      +2.4957147e-04      +3.0942933e-05      
7         -5.4318958e+01      +5.9976912e-10      +1.3163411e-04      +1.6320557e-05      
8         -5.4318958e+01      +1.1947563e-09      +2.6221870e-04      +3.2510990e-05      
9         -5.4318958e+01      +1.3782895e-09      +3.0249957e-04      +3.7505185e-05      
10        -5.4318908e+01      +5.0508872e-05      +1.1085416e+01      +1.3744171e+00      
11        -5.4318908e+01      +3.9502694e-09      +8.6698392e-04      +1.0749236e-04      
12        -5.4318908e+01      +3.0347778e-09      +6.6605673e-04      +8.2580549e-05      
13        -5.4318908e+01      +2.9868943e-09      +6.5554752e-04      +8.1277572e-05      
Total time taken:                   3.7526865 s
===============================================

===============================================
            Relativistic DSRG-MRPT2            
===============================================
-----------------------------------------------
        DSRG-MRPT2 reference relaxation        
-----------------------------------------------
Iter                          Energy              Delta E   
   -Eref  -54.3487687       
   -Ecorr -0.0000019       
<Psi^(0)|Hbar^(0)|Psi^(0)>    -54.3487706         -5.43488e+01
   -Erelax-0.0000000       
<Psi^(0)|Hbar^(1)|Psi^(0)>    -54.3487706         -2.13163e-14
   -Eref  -54.3487687       
   -Ecorr -0.0000019       
<Psi^(1)|Hbar^(1)|Psi^(1)>    -54.3487706         2.13163e-14
   -Erelax-0.0000000       
<Psi^(1)|Hbar^(2)|Psi^(1)>    -54.3487706         -3.55271e-14
Unrelaxed DSRG-MRPT2 energy:               -54.3487706 Eh
Unrelaxed DSRG-MRPT2 E_corr:                -0.0000019 Eh
Partially relaxed DSRG-MRPT2 energy:       -54.3487706 Eh
Partially relaxed DSRG-MRPT2 E_corr:        -0.0000019 Eh
Relaxed DSRG-MRPT2 energy:                 -54.3487706 Eh
Relaxed DSRG-MRPT2 E_corr:                  -0.0000019 Eh
Fully relaxed DSRG-MRPT2 energy:           -54.3487706 Eh
Fully relaxed DSRG-MRPT2 E_corr:            -0.0000019 Eh
State     Energy / Eh         Splitting / Eh      Splitting / cm-1    Splitting / meV     
0         -5.4423347e+01      +0.0000000e+00      +0.0000000e+00      +0.0000000e+00      
1         -5.4423347e+01      +1.0766144e-09      +2.3628954e-04      +2.9296183e-05      
2         -5.4423347e+01      +1.0765291e-09      +2.3627082e-04      +2.9293863e-05      
3         -5.4423347e+01      +1.0764012e-09      +2.3624275e-04      +2.9290382e-05      
4         -5.4318960e+01      +1.0438692e-01      +2.2910281e+04      +2.8405142e+03      
5         -5.4318960e+01      +1.1012560e-09      +2.4169775e-04      +2.9966716e-05      
6         -5.4318960e+01      +1.1371171e-09      +2.4956835e-04      +3.0942546e-05      
7         -5.4318960e+01      +5.9977623e-10      +1.3163567e-04      +1.6320750e-05      
8         -5.4318960e+01      +1.1947563e-09      +2.6221870e-04      +3.2510990e-05      
9         -5.4318960e+01      +1.3782895e-09      +3.0249957e-04      +3.7505185e-05      
10        -5.4318910e+01      +5.0508870e-05      +1.1085416e+01      +1.3744170e+00      
11        -5.4318910e+01      +3.9502694e-09      +8.6698392e-04      +1.0749236e-04      
12        -5.4318910e+01      +3.0347849e-09      +6.6605829e-04      +8.2580742e-05      
13        -5.4318910e+01      +2.9868872e-09      +6.5554596e-04      +8.1277379e-05      
Time taken:                        8.5197856 s
===============================================
===============================================
              PySCF DHF interface              
===============================================

Timing report
....integral reading:       0.5057189 s

===============================================
            Relativistic CASCI(6,8)            
===============================================
Will now allocate 0.013 MB memory for the CASCI Hamiltonian!
Time taken for 1-RDM build:        0.0022166 s
Time taken for 1-RDM build:        0.0021980 s
Time taken for 1-RDM build:        0.0021913 s
Time taken for 1-RDM build:        0.0021884 s
Time taken for 1-RDM build:        0.0021834 s
Time taken for 1-RDM build:        0.0021982 s
Time taken for 1-RDM build:        0.0021913 s
Time taken for 1-RDM build:        0.0021918 s
Time taken for 1-RDM build:        0.0021842 s
Time taken for 2-RDM build:        0.0090806 s
Time taken for 2-RDM build:        0.0096240 s
Time taken for 2-RDM build:        0.0089920 s
Time taken for 2-RDM build:        0.0085902 s
Time taken for 2-RDM build:        0.0085728 s
Time taken for 2-RDM build:        0.0085917 s
Time taken for 2-RDM build:        0.0085573 s
Time taken for 2-RDM build:        0.0085702 s
Time taken for 2-RDM build:        0.0085745 s
Time taken for 3-RDM build:        0.0680661 s
Time taken for 3-RDM build:        0.0663600 s
Time taken for 3-RDM build:        0.0664413 s
Time taken for 3-RDM build:        0.0663967 s
Time taken for 3-RDM build:        0.0665822 s
Time taken for 3-RDM build:        0.0665066 s
Time taken for 3-RDM build:        0.0663013 s
Time taken for 3-RDM build:        0.0664074 s
Time taken for 3-RDM build:        0.0662842 s
E_frzc:                          -59.1480236 Eh
E_cas:                           -15.7034833 Eh
E_nuc:                             0.0000000 Eh
E_casci:                         -74.8511626 Eh
E0 (from RDM):                   -74.8511626 Eh
Ecorr:                            -0.3302227 Eh

Timing summary
... Hamil build:                    0.0086586 s
... Hamil diag:                     0.0002756 s
... RDM build:                      1.8104122 s
State     Energy / Eh         Splitting / Eh      Splitting / cm-1    Splitting / meV     
0         -7.4851507e+01      +0.0000000e+00      +0.0000000e+00      +0.0000000e+00      
1         -7.4851507e+01      +6.1121170e-09      +1.3414546e-03      +1.6631926e-04      
2         -7.4851507e+01      +6.8041430e-09      +1.4933368e-03      +1.8515025e-04      
3         -7.4851507e+01      +7.2887332e-09      +1.5996920e-03      +1.9833663e-04      
4         -7.4851507e+01      +9.8174127e-09      +2.1546730e-03      +2.6714553e-04      
5         -7.4850809e+01      +6.9818897e-04      +1.5323477e+02      +1.8998699e+01      
6         -7.4850809e+01      +7.3982136e-09      +1.6237202e-03      +2.0131574e-04      
7         -7.4850809e+01      +7.5923197e-09      +1.6663215e-03      +2.0659764e-04      
8         -7.4850503e+01      +3.0523771e-04      +6.6991933e+01      +8.3059451e+00      
Total time taken:                   1.9231749 s
===============================================

===============================================
            Relativistic DSRG-MRPT2            
===============================================
-----------------------------------------------
        DSRG-MRPT2 reference relaxation        
-----------------------------------------------
Iter                          Energy              Delta E   
   -Eref  -74.8511626       
   -Ecorr -0.0000033       
<Psi^(0)|Hbar^(0)|Psi^(0)>    -74.8511660         -7.48512e+01
   -Erelax0.0000000       
<Psi^(0)|Hbar^(1)|Psi^(0)>    -74.8511660         2.84217e-14
   -Eref  -74.8511626       
   -Ecorr -0.0000033       
<Psi^(1)|Hbar^(1)|Psi^(1)>    -74.8511660         -2.84217e-14
   -Erelax0.0000000       
<Psi^(1)|Hbar^(2)|Psi^(1)>    -74.8511660         1.42109e-14
Unrelaxed DSRG-MRPT2 energy:               -74.8511660 Eh
Unrelaxed DSRG-MRPT2 E_corr:                -0.0000033 Eh
Partially relaxed DSRG-MRPT2 energy:       -74.8511660 Eh
Partially relaxed DSRG-MRPT2 E_corr:        -0.0000033 Eh
Relaxed DSRG-MRPT2 energy:                 -74.8511660 Eh
Relaxed DSRG-MRPT2 E_corr:                  -0.0000033 Eh
Fully relaxed DSRG-MRPT2 energy:           -74.8511660 Eh
Fully relaxed DSRG-MRPT2 E_corr:            -0.0000033 Eh
State     Energy / Eh         Splitting / Eh      Splitting / cm-1    Splitting / meV     
0         -7.4851510e+01      +0.0000000e+00      +0.0000000e+00      +0.0000000e+00      
1         -7.4851510e+01      +6.1121028e-09      +1.3414515e-03      +1.6631887e-04      
2         -7.4851510e+01      +6.8041430e-09      +1.4933368e-03      +1.8515025e-04      
3         -7.4851510e+01      +7.2887474e-09      +1.5996951e-03      +1.9833701e-04      
4         -7.4851510e+01      +9.8173984e-09      +2.1546699e-03      +2.6714515e-04      
5         -7.4850812e+01      +6.9818904e-04      +1.5323478e+02      +1.8998701e+01      
6         -7.4850812e+01      +7.3982278e-09      +1.6237233e-03      +2.0131613e-04      
7         -7.4850812e+01      +7.5923197e-09      +1.6663215e-03      +2.0659764e-04      
8         -7.4850507e+01      +3.0523775e-04      +6.6991942e+01      +8.3059461e+00      
Time taken:                        6.6488299 s
===============================================
===============================================
              PySCF DHF interface              
===============================================

Timing report
....integral reading:       0.5063522 s

===============================================
            Relativistic CASCI(7,8)            
===============================================
Will now allocate 0.001 MB memory for the CASCI Hamiltonian!
Time taken for 1-RDM build:        0.0003760 s
Time taken for 1-RDM build:        0.0003684 s
Time taken for 1-RDM build:        0.0003626 s
Time taken for 1-RDM build:        0.0003586 s
Time taken for 1-RDM build:        0.0003626 s
Time taken for 1-RDM build:        0.0003619 s
Time taken for 2-RDM build:        0.0011117 s
Time taken for 2-RDM build:        0.0010610 s
Time taken for 2-RDM build:        0.0010552 s
Time taken for 2-RDM build:        0.0010579 s
Time taken for 2-RDM build:        0.0010526 s
Time taken for 2-RDM build:        0.0010526 s
Time taken for 3-RDM build:        0.0165091 s
Time taken for 3-RDM build:        0.0123670 s
Time taken for 3-RDM build:        0.0123308 s
Time taken for 3-RDM build:        0.0124171 s
Time taken for 3-RDM build:        0.0130572 s
Time taken for 3-RDM build:        0.0123315 s
E_frzc:                          -75.5478008 Eh
E_cas:                           -23.9325131 Eh
E_nuc:                             0.0000000 Eh
E_casci:                         -99.4797328 Eh
E0 (from RDM):                   -99.4797328 Eh
Ecorr:                            -0.1043819 Eh

Timing summary
... Hamil build:                    0.0017667 s
... Hamil diag:                     0.0000780 s
... RDM build:                      1.1985166 s
State     Energy / Eh         Splitting / Eh      Splitting / cm-1    Splitting / meV     
0         -9.9480314e+01      +0.0000000e+00      +0.0000000e+00      +0.0000000e+00      
1         -9.9480314e+01      +2.4031038e-08      +5.2742033e-03      +6.5391818e-04      
2         -9.9480314e+01      +6.9549486e-09      +1.5264348e-03      +1.8925388e-04      
3         -9.9480314e+01      +2.1663141e-08      +4.7545098e-03      +5.8948436e-04      
4         -9.9478571e+01      +1.7431739e-03      +3.8258245e+02      +4.7434202e+01      
5         -9.9478571e+01      +1.6993980e-08      +3.7297474e-03      +4.6242996e-04      
Total time taken:                   1.3034773 s
===============================================

===============================================
            Relativistic DSRG-MRPT2            
===============================================
-----------------------------------------------
        DSRG-MRPT2 reference relaxation        
-----------------------------------------------
Iter                          Energy              Delta E   
   -Eref  -99.4797328       
   -Ecorr -0.0000054       
<Psi^(0)|Hbar^(0)|Psi^(0)>    -99.4797382         -9.94797e+01
   -Erelax0.0000000       
<Psi^(0)|Hbar^(1)|Psi^(0)>    -99.4797382         1.42109e-14
   -Eref  -99.4797328       
   -Ecorr -0.0000054       
<Psi^(1)|Hbar^(1)|Psi^(1)>    -99.4797382         0.00000e+00
   -Erelax0.0000000       
<Psi^(1)|Hbar^(2)|Psi^(1)>    -99.4797382         1.42109e-14
Unrelaxed DSRG-MRPT2 energy:               -99.4797382 Eh
Unrelaxed DSRG-MRPT2 E_corr:                -0.0000054 Eh
Partially relaxed DSRG-MRPT2 energy:       -99.4797382 Eh
Partially relaxed DSRG-MRPT2 E_corr:        -0.0000054 Eh
Relaxed DSRG-MRPT2 energy:                 -99.4797382 Eh
Relaxed DSRG-MRPT2 E_corr:                  -0.0000054 Eh
Fully relaxed DSRG-MRPT2 energy:           -99.4797382 Eh
Fully relaxed DSRG-MRPT2 E_corr:            -0.0000054 Eh
State     Energy / Eh         Splitting / Eh      Splitting / cm-1    Splitting / meV     
0         -9.9480319e+01      +0.0000000e+00      +0.0000000e+00      +0.0000000e+00      
1         -9.9480319e+01      +2.4031038e-08      +5.2742033e-03      +6.5391818e-04      
2         -9.9480319e+01      +6.9549486e-09      +1.5264348e-03      +1.8925388e-04      
3         -9.9480319e+01      +2.1663169e-08      +4.7545160e-03      +5.8948514e-04      
4         -9.9478576e+01      +1.7431742e-03      +3.8258251e+02      +4.7434209e+01      
5         -9.9478576e+01      +1.6993965e-08      +3.7297443e-03      +4.6242957e-04      
Time taken:                        6.0151782 s
===============================================
===============================================
              PySCF DHF interface              
===============================================

Timing report
....integral reading:       1.8412378 s

===============================================
            Relativistic CASCI(3,8)            
===============================================
Will now allocate 0.050 MB memory for the CASCI Hamiltonian!
Time taken for 1-RDM build:        0.0056024 s
Time taken for 1-RDM build:        0.0056272 s
Time taken for 1-RDM build:        0.0055945 s
Time taken for 1-RDM build:        0.0055888 s
Time taken for 1-RDM build:        0.0055902 s
Time taken for 1-RDM build:        0.0055976 s
Time taken for 2-RDM build:        0.0228763 s
Time taken for 2-RDM build:        0.0229285 s
Time taken for 2-RDM build:        0.0228314 s
Time taken for 2-RDM build:        0.0229201 s
Time taken for 2-RDM build:        0.0229008 s
Time taken for 2-RDM build:        0.0229135 s
Time taken for 3-RDM build:        0.0647697 s
Time taken for 3-RDM build:        0.0640025 s
Time taken for 3-RDM build:        0.0639637 s
Time taken for 3-RDM build:        0.0640948 s
Time taken for 3-RDM build:        0.0638967 s
Time taken for 3-RDM build:        0.0640414 s
E_frzc:                         -240.4061812 Eh
E_cas:                            -1.8986420 Eh
E_nuc:                             0.0000000 Eh
E_casci:                        -242.3045291 Eh
E0 (from RDM):                  -242.3045291 Eh
Ecorr:                            -0.1899047 Eh

Timing summary
... Hamil build:                    0.0166023 s
... Hamil diag:                     0.0005052 s
... RDM build:                      3.7452869 s
State     Energy / Eh         Splitting / Eh      Splitting / cm-1    Splitting / meV     
0         -2.4230482e+02      +0.0000000e+00      +0.0000000e+00      +0.0000000e+00      
1         -2.4230482e+02      +1.0992665e-09      +2.4126110e-04      +2.9912578e-05      
2         -2.4230438e+02      +4.4107881e-04      +9.6805609e+01      +1.2002372e+01      
3         -2.4230438e+02      +1.0805650e-09      +2.3715660e-04      +2.9403685e-05      
4         -2.4230438e+02      +8.9775654e-10      +1.9703478e-04      +2.4429211e-05      
5         -2.4230438e+02      +3.6629899e-10      +8.0393336e-05      +9.9675080e-06      
Total time taken:                   4.0797803 s
===============================================

===============================================
            Relativistic DSRG-MRPT2            
===============================================
-----------------------------------------------
        DSRG-MRPT2 reference relaxation        
-----------------------------------------------
Iter                          Energy              Delta E   
   -Eref  -242.3045291       
   -Ecorr -0.0000430       
<Psi^(0)|Hbar^(0)|Psi^(0)>    -242.3045721        -2.42305e+02
   -Erelax-0.0000000       
<Psi^(0)|Hbar^(1)|Psi^(0)>    -242.3045721        0.00000e+00
   -Eref  -242.3045291       
   -Ecorr -0.0000430       
<Psi^(1)|Hbar^(1)|Psi^(1)>    -242.3045721        -1.13687e-13
   -Erelax-0.0000000       
<Psi^(1)|Hbar^(2)|Psi^(1)>    -242.3045721        0.00000e+00
Unrelaxed DSRG-MRPT2 energy:              -242.3045721 Eh
Unrelaxed DSRG-MRPT2 E_corr:                -0.0000430 Eh
Partially relaxed DSRG-MRPT2 energy:      -242.3045721 Eh
Partially relaxed DSRG-MRPT2 E_corr:        -0.0000430 Eh
Relaxed DSRG-MRPT2 energy:                -242.3045721 Eh
Relaxed DSRG-MRPT2 E_corr:                  -0.0000430 Eh
Fully relaxed DSRG-MRPT2 energy:          -242.3045721 Eh
Fully relaxed DSRG-MRPT2 E_corr:            -0.0000430 Eh
State     Energy / Eh         Splitting / Eh      Splitting / cm-1    Splitting / meV     
0         -2.4230487e+02      +0.0000000e+00      +0.0000000e+00      +0.0000000e+00      
1         -2.4230487e+02      +1.0992665e-09      +2.4126110e-04      +2.9912578e-05      
2         -2.4230443e+02      +4.4107913e-04      +9.6805678e+01      +1.2002380e+01      
3         -2.4230443e+02      +1.0805650e-09      +2.3715660e-04      +2.9403685e-05      
4         -2.4230443e+02      +8.9775654e-10      +1.9703478e-04      +2.4429211e-05      
5         -2.4230443e+02      +3.6629899e-10      +8.0393336e-05      +9.9675080e-06      
Time taken:                       27.8918760 s
===============================================
===============================================
              PySCF DHF interface              
===============================================

Timing report
....integral reading:       1.9527423 s

===============================================
            Relativistic CASCI(4,8)            
===============================================
Will now allocate 0.078 MB memory for the CASCI Hamiltonian!
Time taken for 1-RDM build:        0.0083358 s
Time taken for 1-RDM build:        0.0081289 s
Time taken for 1-RDM build:        0.0081425 s
Time taken for 1-RDM build:        0.0081093 s
Time taken for 1-RDM build:        0.0080996 s
Time taken for 1-RDM build:        0.0081086 s
Time taken for 1-RDM build:        0.0080938 s
Time taken for 1-RDM build:        0.0081141 s
Time taken for 1-RDM build:        0.0081143 s
Time taken for 2-RDM build:        0.0347443 s
Time taken for 2-RDM build:        0.0345957 s
Time taken for 2-RDM build:        0.0347352 s
Time taken for 2-RDM build:        0.0366683 s
Time taken for 2-RDM build:        0.0347037 s
Time taken for 2-RDM build:        0.0347190 s
Time taken for 2-RDM build:        0.0346258 s
Time taken for 2-RDM build:        0.0346434 s
Time taken for 2-RDM build:        0.0346806 s
Time taken for 3-RDM build:        0.1523924 s
Time taken for 3-RDM build:        0.1509535 s
Time taken for 3-RDM build:        0.1508491 s
Time taken for 3-RDM build:        0.1507685 s
Time taken for 3-RDM build:        0.1504083 s
Time taken for 3-RDM build:        0.1507070 s
Time taken for 3-RDM build:        0.1506681 s
Time taken for 3-RDM build:        0.1507540 s
Time taken for 3-RDM build:        0.1508722 s
E_frzc:                         -285.7423197 Eh
E_cas:                            -3.6921024 Eh
E_nuc:                             0.0000000 Eh
E_casci:                        -289.4337768 Eh
E0 (from RDM):                  -289.4337768 Eh
Ecorr:                            -0.2329780 Eh

Timing summary
... Hamil build:                    0.0255222 s
... Hamil diag:                     0.0009484 s
... RDM build:                      4.9568996 s
State     Energy / Eh         Splitting / Eh      Splitting / cm-1    Splitting / meV     
0         -2.8943442e+02      +0.0000000e+00      +0.0000000e+00      +0.0000000e+00      
1         -2.8943409e+02      +3.3211201e-04      +7.2890160e+01      +9.0372324e+00      
2         -2.8943409e+02      +8.1735152e-10      +1.7938792e-04      +2.2241278e-05      
3         -2.8943409e+02      +8.9210062e-10      +1.9579345e-04      +2.4275306e-05      
4         -2.8943346e+02      +6.3005266e-04      +1.3828057e+02      +1.7144614e+01      
5         -2.8943346e+02      +2.5920599e-10      +5.6889139e-05      +7.0533576e-06      
6         -2.8943346e+02      +7.8654239e-10      +1.7262610e-04      +2.1402919e-05      
7         -2.8943346e+02      +6.1896799e-10      +1.3584777e-04      +1.6842985e-05      
8         -2.8943346e+02      +4.2439297e-10      +9.3143489e-05      +1.1548326e-05      
Total time taken:                   5.2997379 s
===============================================

===============================================
            Relativistic DSRG-MRPT2            
===============================================
-----------------------------------------------
        DSRG-MRPT2 reference relaxation        
-----------------------------------------------
Iter                          Energy              Delta E   
   -Eref  -289.4337768       
   -Ecorr -0.0000575       
<Psi^(0)|Hbar^(0)|Psi^(0)>    -289.4338343        -2.89434e+02
   -Erelax-0.0000000       
<Psi^(0)|Hbar^(1)|Psi^(0)>    -289.4338343        0.00000e+00
   -Eref  -289.4337768       
   -Ecorr -0.0000575       
<Psi^(1)|Hbar^(1)|Psi^(1)>    -289.4338343        5.68434e-14
   -Erelax-0.0000000       
<Psi^(1)|Hbar^(2)|Psi^(1)>    -289.4338343        0.00000e+00
Unrelaxed DSRG-MRPT2 energy:              -289.4338343 Eh
Unrelaxed DSRG-MRPT2 E_corr:                -0.0000575 Eh
Partially relaxed DSRG-MRPT2 energy:      -289.4338343 Eh
Partially relaxed DSRG-MRPT2 E_corr:        -0.0000575 Eh
Relaxed DSRG-MRPT2 energy:                -289.4338343 Eh
Relaxed DSRG-MRPT2 E_corr:                  -0.0000575 Eh
Fully relaxed DSRG-MRPT2 energy:          -289.4338343 Eh
Fully relaxed DSRG-MRPT2 E_corr:            -0.0000575 Eh
State     Energy / Eh         Splitting / Eh      Splitting / cm-1    Splitting / meV     
0         -2.8943448e+02      +0.0000000e+00      +0.0000000e+00      +0.0000000e+00      
1         -2.8943415e+02      +3.3211224e-04      +7.2890211e+01      +9.0372387e+00      
2         -2.8943415e+02      +8.1729468e-10      +1.7937545e-04      +2.2239732e-05      
3         -2.8943415e+02      +8.9210062e-10      +1.9579345e-04      +2.4275306e-05      
4         -2.8943352e+02      +6.3005309e-04      +1.3828067e+02      +1.7144626e+01      
5         -2.8943352e+02      +2.5914915e-10      +5.6876663e-05      +7.0518108e-06      
6         -2.8943352e+02      +7.8654239e-10      +1.7262610e-04      +2.1402919e-05      
7         -2.8943352e+02      +6.1896799e-10      +1.3584777e-04      +1.6842985e-05      
8         -2.8943352e+02      +4.2439297e-10      +9.3143489e-05      +1.1548326e-05      
Time taken:                       28.9886618 s
===============================================
===============================================
              PySCF DHF interface              
===============================================

Timing report
....integral reading:       1.9550433 s

===============================================
            Relativistic CASCI(5,8)            
===============================================
Will now allocate 0.050 MB memory for the CASCI Hamiltonian!
Time taken for 1-RDM build:        0.0057175 s
Time taken for 1-RDM build:        0.0057249 s
Time taken for 1-RDM build:        0.0057113 s
Time taken for 1-RDM build:        0.0057180 s
Time taken for 1-RDM build:        0.0057082 s
Time taken for 1-RDM build:        0.0057302 s
Time taken for 1-RDM build:        0.0056880 s
Time taken for 1-RDM build:        0.0057094 s
Time taken for 1-RDM build:        0.0056832 s
Time taken for 1-RDM build:        0.0057220 s
Time taken for 1-RDM build:        0.0057125 s
Time taken for 1-RDM build:        0.0057316 s
Time taken for 1-RDM build:        0.0056918 s
Time taken for 1-RDM build:        0.0057077 s
Time taken for 2-RDM build:        0.0252690 s
Time taken for 2-RDM build:        0.0252690 s
Time taken for 2-RDM build:        0.0251591 s
Time taken for 2-RDM build:        0.0252445 s
Time taken for 2-RDM build:        0.0252190 s
Time taken for 2-RDM build:        0.0252905 s
Time taken for 2-RDM build:        0.0252874 s
Time taken for 2-RDM build:        0.0252728 s
Time taken for 2-RDM build:        0.0252826 s
Time taken for 2-RDM build:        0.0253446 s
Time taken for 2-RDM build:        0.0252964 s
Time taken for 2-RDM build:        0.0253205 s
Time taken for 2-RDM build:        0.0252631 s
Time taken for 2-RDM build:        0.0252891 s
Time taken for 3-RDM build:        0.1490092 s
Time taken for 3-RDM build:        0.1488533 s
Time taken for 3-RDM build:        0.1475594 s
Time taken for 3-RDM build:        0.1475892 s
Time taken for 3-RDM build:        0.1476109 s
Time taken for 3-RDM build:        0.1478026 s
Time taken for 3-RDM build:        0.1479142 s
Time taken for 3-RDM build:        0.1477575 s
Time taken for 3-RDM build:        0.1478508 s
Time taken for 3-RDM build:        0.1473141 s
Time taken for 3-RDM build:        0.1477296 s
Time taken for 3-RDM build:        0.1476707 s
Time taken for 3-RDM build:        0.1474347 s
Time taken for 3-RDM build:        0.1472352 s
E_frzc:                         -335.1272672 Eh
E_cas:                            -6.3636403 Eh
E_nuc:                             0.0000000 Eh
E_casci:                        -341.4410664 Eh
E0 (from RDM):                  -341.4410664 Eh
Ecorr:                            -0.2138107 Eh

Timing summary
... Hamil build:                    0.0205071 s
... Hamil diag:                     0.0004699 s
... RDM build:                      5.6885908 s
State     Energy / Eh         Splitting / Eh      Splitting / cm-1    Splitting / meV     
0         -3.4149091e+02      +0.0000000e+00      +0.0000000e+00      +0.0000000e+00      
1         -3.4149091e+02      +3.2849812e-10      +7.2097003e-05      +8.9388933e-06      
2         -3.4149091e+02      +3.2838443e-10      +7.2072051e-05      +8.9357998e-06      
3         -3.4149091e+02      +3.2798653e-10      +7.1984722e-05      +8.9249722e-06      
4         -3.4142117e+02      +6.9735531e-02      +1.5305180e+04      +1.8976014e+03      
5         -3.4142117e+02      +1.5667183e-09      +3.4385492e-04      +4.2632597e-05      
6         -3.4142117e+02      +1.3034196e-09      +2.8606753e-04      +3.5467871e-05      
7         -3.4142117e+02      +1.7383286e-09      +3.8151902e-04      +4.7302353e-05      
8         -3.4142110e+02      +6.9890622e-05      +1.5339218e+01      +1.9018216e+00      
9         -3.4142110e+02      +9.2740038e-10      +2.0354085e-04      +2.5235862e-05      
10        -3.4142110e+02      +9.6150643e-10      +2.1102627e-04      +2.6163935e-05      
11        -3.4142110e+02      +7.5050366e-10      +1.6471651e-04      +2.0422255e-05      
12        -3.4142110e+02      +9.6383701e-10      +2.1153777e-04      +2.6227353e-05      
13        -3.4142110e+02      +1.9558115e-09      +4.2925101e-04      +5.3220367e-05      
Total time taken:                   6.0238380 s
===============================================

===============================================
            Relativistic DSRG-MRPT2            
===============================================
-----------------------------------------------
        DSRG-MRPT2 reference relaxation        
-----------------------------------------------
Iter                          Energy              Delta E   
   -Eref  -341.4410664       
   -Ecorr -0.0000747       
<Psi^(0)|Hbar^(0)|Psi^(0)>    -341.4411411        -3.41441e+02
   -Erelax-0.0000000       
<Psi^(0)|Hbar^(1)|Psi^(0)>    -341.4411411        0.00000e+00
   -Eref  -341.4410664       
   -Ecorr -0.0000747       
<Psi^(1)|Hbar^(1)|Psi^(1)>    -341.4411411        -1.70530e-13
   -Erelax-0.0000000       
<Psi^(1)|Hbar^(2)|Psi^(1)>    -341.4411411        0.00000e+00
Unrelaxed DSRG-MRPT2 energy:              -341.4411411 Eh
Unrelaxed DSRG-MRPT2 E_corr:                -0.0000747 Eh
Partially relaxed DSRG-MRPT2 energy:      -341.4411411 Eh
Partially relaxed DSRG-MRPT2 E_corr:        -0.0000747 Eh
Relaxed DSRG-MRPT2 energy:                -341.4411411 Eh
Relaxed DSRG-MRPT2 E_corr:                  -0.0000747 Eh
Fully relaxed DSRG-MRPT2 energy:          -341.4411411 Eh
Fully relaxed DSRG-MRPT2 E_corr:            -0.0000747 Eh
State     Energy / Eh         Splitting / Eh      Splitting / cm-1    Splitting / meV     
0         -3.4149098e+02      +0.0000000e+00      +0.0000000e+00      +0.0000000e+00      
1         -3.4149098e+02      +3.2849812e-10      +7.2097003e-05      +8.9388933e-06      
2         -3.4149098e+02      +3.2838443e-10      +7.2072051e-05      +8.9357998e-06      
3         -3.4149098e+02      +3.2798653e-10      +7.1984722e-05      +8.9249722e-06      
4         -3.4142125e+02      +6.9735531e-02      +1.5305180e+04      +1.8976014e+03      
5         -3.4142125e+02      +1.5667183e-09      +3.4385492e-04      +4.2632597e-05      
6         -3.4142125e+02      +1.3034196e-09      +2.8606753e-04      +3.5467871e-05      
7         -3.4142125e+02      +1.7383286e-09      +3.8151902e-04      +4.7302353e-05      
8         -3.4142118e+02      +6.9890673e-05      +1.5339230e+01      +1.9018230e+00      
9         -3.4142118e+02      +9.2745722e-10      +2.0355333e-04      +2.5237409e-05      
10        -3.4142118e+02      +9.6150643e-10      +2.1102627e-04      +2.6163935e-05      
11        -3.4142118e+02      +7.5050366e-10      +1.6471651e-04      +2.0422255e-05      
12        -3.4142118e+02      +9.6383701e-10      +2.1153777e-04      +2.6227353e-05      
13        -3.4142118e+02      +1.9558115e-09      +4.2925101e-04      +5.3220367e-05      
Time taken:                       29.7027941 s
===============================================
===============================================
              PySCF DHF interface              
===============================================

Timing report
....integral reading:       1.9592590 s

===============================================
            Relativistic CASCI(6,8)            
===============================================
Will now allocate 0.013 MB memory for the CASCI Hamiltonian!
Time taken for 1-RDM build:        0.0022283 s
Time taken for 1-RDM build:        0.0022261 s
Time taken for 1-RDM build:        0.0022161 s
Time taken for 1-RDM build:        0.0022173 s
Time taken for 1-RDM build:        0.0022087 s
Time taken for 1-RDM build:        0.0022233 s
Time taken for 1-RDM build:        0.0022221 s
Time taken for 1-RDM build:        0.0022142 s
Time taken for 1-RDM build:        0.0021987 s
Time taken for 2-RDM build:        0.0085912 s
Time taken for 2-RDM build:        0.0085433 s
Time taken for 2-RDM build:        0.0085402 s
Time taken for 2-RDM build:        0.0085537 s
Time taken for 2-RDM build:        0.0085406 s
Time taken for 2-RDM build:        0.0085402 s
Time taken for 2-RDM build:        0.0085433 s
Time taken for 2-RDM build:        0.0085416 s
Time taken for 2-RDM build:        0.0085325 s
Time taken for 3-RDM build:        0.0675728 s
Time taken for 3-RDM build:        0.0659645 s
Time taken for 3-RDM build:        0.0659971 s
Time taken for 3-RDM build:        0.0659389 s
Time taken for 3-RDM build:        0.0658360 s
Time taken for 3-RDM build:        0.0659413 s
Time taken for 3-RDM build:        0.0658665 s
Time taken for 3-RDM build:        0.0658121 s
Time taken for 3-RDM build:        0.0657682 s
E_frzc:                         -388.5675376 Eh
E_cas:                            -9.9659359 Eh
E_nuc:                             0.0000000 Eh
E_casci:                        -398.5325748 Eh
E0 (from RDM):                  -398.5325748 Eh
Ecorr:                            -0.1603097 Eh

Timing summary
... Hamil build:                    0.0085382 s
... Hamil diag:                     0.0002389 s
... RDM build:                      3.7928369 s
State     Energy / Eh         Splitting / Eh      Splitting / cm-1    Splitting / meV     
0         -3.9853347e+02      +0.0000000e+00      +0.0000000e+00      +0.0000000e+00      
1         -3.9853347e+02      +5.6296585e-09      +1.2355672e-03      +1.5319088e-04      
2         -3.9853347e+02      +5.9783360e-09      +1.3120931e-03      +1.6267889e-04      
3         -3.9853347e+02      +5.6479053e-09      +1.2395719e-03      +1.5368740e-04      
4         -3.9853347e+02      +5.6580234e-09      +1.2417926e-03      +1.5396273e-04      
5         -3.9853166e+02      +1.8163270e-03      +3.9863770e+02      +4.9424800e+01      
6         -3.9853166e+02      +3.5533390e-09      +7.7986775e-04      +9.6691324e-05      
7         -3.9853166e+02      +3.5755079e-09      +7.8473327e-04      +9.7294572e-05      
8         -3.9853083e+02      +8.2294816e-04      +1.8061624e+02      +2.2393571e+01      
Total time taken:                   4.1189494 s
===============================================

===============================================
            Relativistic DSRG-MRPT2            
===============================================
-----------------------------------------------
        DSRG-MRPT2 reference relaxation        
-----------------------------------------------
Iter                          Energy              Delta E   
   -Eref  -398.5325748       
   -Ecorr -0.0000977       
<Psi^(0)|Hbar^(0)|Psi^(0)>    -398.5326725        -3.98533e+02
   -Erelax0.0000000       
<Psi^(0)|Hbar^(1)|Psi^(0)>    -398.5326725        0.00000e+00
   -Eref  -398.5325748       
   -Ecorr -0.0000977       
<Psi^(1)|Hbar^(1)|Psi^(1)>    -398.5326725        -5.68434e-14
   -Erelax-0.0000000       
<Psi^(1)|Hbar^(2)|Psi^(1)>    -398.5326725        0.00000e+00
Unrelaxed DSRG-MRPT2 energy:              -398.5326725 Eh
Unrelaxed DSRG-MRPT2 E_corr:                -0.0000977 Eh
Partially relaxed DSRG-MRPT2 energy:      -398.5326725 Eh
Partially relaxed DSRG-MRPT2 E_corr:        -0.0000977 Eh
Relaxed DSRG-MRPT2 energy:                -398.5326725 Eh
Relaxed DSRG-MRPT2 E_corr:                  -0.0000977 Eh
Fully relaxed DSRG-MRPT2 energy:          -398.5326725 Eh
Fully relaxed DSRG-MRPT2 E_corr:            -0.0000977 Eh
State     Energy / Eh         Splitting / Eh      Splitting / cm-1    Splitting / meV     
0         -3.9853357e+02      +0.0000000e+00      +0.0000000e+00      +0.0000000e+00      
1         -3.9853357e+02      +5.6296585e-09      +1.2355672e-03      +1.5319088e-04      
2         -3.9853357e+02      +5.9783360e-09      +1.3120931e-03      +1.6267889e-04      
3         -3.9853357e+02      +5.6479053e-09      +1.2395719e-03      +1.5368740e-04      
4         -3.9853357e+02      +5.6580234e-09      +1.2417926e-03      +1.5396273e-04      
5         -3.9853175e+02      +1.8163286e-03      +3.9863804e+02      +4.9424841e+01      
6         -3.9853175e+02      +3.5533390e-09      +7.7986775e-04      +9.6691324e-05      
7         -3.9853175e+02      +3.5755079e-09      +7.8473327e-04      +9.7294572e-05      
8         -3.9853093e+02      +8.2294880e-04      +1.8061638e+02      +2.2393588e+01      
Time taken:                       27.7958376 s
===============================================
===============================================
              PySCF DHF interface              
===============================================

Timing report
....integral reading:       1.9554300 s

===============================================
            Relativistic CASCI(7,8)            
===============================================
Will now allocate 0.001 MB memory for the CASCI Hamiltonian!
Time taken for 1-RDM build:        0.0003772 s
Time taken for 1-RDM build:        0.0003674 s
Time taken for 1-RDM build:        0.0003712 s
Time taken for 1-RDM build:        0.0003688 s
Time taken for 1-RDM build:        0.0003664 s
Time taken for 1-RDM build:        0.0003655 s
Time taken for 2-RDM build:        0.0010395 s
Time taken for 2-RDM build:        0.0010006 s
Time taken for 2-RDM build:        0.0010011 s
Time taken for 2-RDM build:        0.0009999 s
Time taken for 2-RDM build:        0.0009863 s
Time taken for 2-RDM build:        0.0009980 s
Time taken for 3-RDM build:        0.0138209 s
Time taken for 3-RDM build:        0.0123119 s
Time taken for 3-RDM build:        0.0123293 s
Time taken for 3-RDM build:        0.0123167 s
Time taken for 3-RDM build:        0.0123105 s
Time taken for 3-RDM build:        0.0123081 s
E_frzc:                         -446.0682972 Eh
E_cas:                           -14.7582517 Eh
E_nuc:                             0.0000000 Eh
E_casci:                        -460.8252020 Eh
E0 (from RDM):                  -460.8252020 Eh
Ecorr:                             0.0013470 Eh

Timing summary
... Hamil build:                    0.0017223 s
... Hamil diag:                     0.0000622 s
... RDM build:                      3.2600734 s
State     Energy / Eh         Splitting / Eh      Splitting / cm-1    Splitting / meV     
0         -4.6082655e+02      +0.0000000e+00      +0.0000000e+00      +0.0000000e+00      
1         -4.6082655e+02      +1.2022326e-08      +2.6385956e-03      +3.2714432e-04      
2         -4.6082655e+02      +5.7600573e-09      +1.2641864e-03      +1.5673922e-04      
3         -4.6082655e+02      +1.1622035e-08      +2.5507418e-03      +3.1625183e-04      
4         -4.6082251e+02      +4.0408198e-03      +8.8685742e+02      +1.0995636e+02      
5         -4.6082251e+02      +2.0031848e-08      +4.3964825e-03      +5.4509461e-04      
Total time taken:                   3.5761755 s
===============================================

===============================================
            Relativistic DSRG-MRPT2            
===============================================
-----------------------------------------------
        DSRG-MRPT2 reference relaxation        
-----------------------------------------------
Iter                          Energy              Delta E   
   -Eref  -460.8252020       
   -Ecorr -0.0001265       
<Psi^(0)|Hbar^(0)|Psi^(0)>    -460.8253285        -4.60825e+02
   -Erelax-0.0000000       
<Psi^(0)|Hbar^(1)|Psi^(0)>    -460.8253285        0.00000e+00
   -Eref  -460.8252020       
   -Ecorr -0.0001265       
<Psi^(1)|Hbar^(1)|Psi^(1)>    -460.8253285        0.00000e+00
   -Erelax0.0000000       
<Psi^(1)|Hbar^(2)|Psi^(1)>    -460.8253285        0.00000e+00
Unrelaxed DSRG-MRPT2 energy:              -460.8253285 Eh
Unrelaxed DSRG-MRPT2 E_corr:                -0.0001265 Eh
Partially relaxed DSRG-MRPT2 energy:      -460.8253285 Eh
Partially relaxed DSRG-MRPT2 E_corr:        -0.0001265 Eh
Relaxed DSRG-MRPT2 energy:                -460.8253285 Eh
Relaxed DSRG-MRPT2 E_corr:                  -0.0001265 Eh
Fully relaxed DSRG-MRPT2 energy:          -460.8253285 Eh
Fully relaxed DSRG-MRPT2 E_corr:            -0.0001265 Eh
State     Energy / Eh         Splitting / Eh      Splitting / cm-1    Splitting / meV     
0         -4.6082668e+02      +0.0000000e+00      +0.0000000e+00      +0.0000000e+00      
1         -4.6082668e+02      +1.2022326e-08      +2.6385956e-03      +3.2714432e-04      
2         -4.6082668e+02      +5.7600573e-09      +1.2641864e-03      +1.5673922e-04      
3         -4.6082668e+02      +1.1622035e-08      +2.5507418e-03      +3.1625183e-04      
4         -4.6082263e+02      +4.0408236e-03      +8.8685827e+02      +1.0995646e+02      
5         -4.6082263e+02      +2.0031848e-08      +4.3964825e-03      +5.4509461e-04      
Time taken:                       27.2881229 s
===============================================
===============================================
              PySCF DHF interface              
===============================================

Timing report
....integral reading:      24.4608974 s

===============================================
            Relativistic CASCI(3,8)            
===============================================
Will now allocate 0.050 MB memory for the CASCI Hamiltonian!
Time taken for 1-RDM build:        0.0057001 s
Time taken for 1-RDM build:        0.0056672 s
Time taken for 1-RDM build:        0.0056577 s
Time taken for 1-RDM build:        0.0056424 s
Time taken for 1-RDM build:        0.0056794 s
Time taken for 1-RDM build:        0.0056715 s
Time taken for 2-RDM build:        0.0229831 s
Time taken for 2-RDM build:        0.0229752 s
Time taken for 2-RDM build:        0.0229223 s
Time taken for 2-RDM build:        0.0229104 s
Time taken for 2-RDM build:        0.0228918 s
Time taken for 2-RDM build:        0.0229633 s
Time taken for 3-RDM build:        0.0649128 s
Time taken for 3-RDM build:        0.0638847 s
Time taken for 3-RDM build:        0.0639009 s
Time taken for 3-RDM build:        0.0637667 s
Time taken for 3-RDM build:        0.0639071 s
Time taken for 3-RDM build:        0.0639095 s
E_frzc:                        -1939.7138290 Eh
E_cas:                            -2.0100161 Eh
E_nuc:                             0.0000000 Eh
E_casci:                       -1941.7217616 Eh
E0 (from RDM):                 -1941.7217616 Eh
Ecorr:                            -0.1944870 Eh

Timing summary
... Hamil build:                    0.0165486 s
... Hamil diag:                     0.0006154 s
... RDM build:                     43.3487015 s
State     Energy / Eh         Splitting / Eh      Splitting / cm-1    Splitting / meV     
0         -1.9417238e+03      +0.0000000e+00      +0.0000000e+00      +0.0000000e+00      
1         -1.9417238e+03      +1.0702479e-09      +2.3489226e-04      +2.9122942e-05      
2         -1.9417207e+03      +3.1252750e-03      +6.8591858e+02      +8.5043106e+01      
3         -1.9417207e+03      +1.1004886e-09      +2.4152933e-04      +2.9945834e-05      
4         -1.9417207e+03      +9.5178621e-10      +2.0889293e-04      +2.5899434e-05      
5         -1.9417207e+03      +6.4619599e-10      +1.4182362e-04      +1.7583897e-05      
Total time taken:                  47.0105844 s
===============================================

===============================================
            Relativistic DSRG-MRPT2            
===============================================
-----------------------------------------------
        DSRG-MRPT2 reference relaxation        
-----------------------------------------------
Iter                          Energy              Delta E   
   -Eref  -1941.7217616       
   -Ecorr -0.0018597       
<Psi^(0)|Hbar^(0)|Psi^(0)>    -1941.7236213       -1.94172e+03
   -Erelax-0.0000000       
<Psi^(0)|Hbar^(1)|Psi^(0)>    -1941.7236213       -2.27374e-13
   -Eref  -1941.7217616       
   -Ecorr -0.0018597       
<Psi^(1)|Hbar^(1)|Psi^(1)>    -1941.7236213       0.00000e+00
   -Erelax-0.0000000       
<Psi^(1)|Hbar^(2)|Psi^(1)>    -1941.7236213       0.00000e+00
Unrelaxed DSRG-MRPT2 energy:             -1941.7236213 Eh
Unrelaxed DSRG-MRPT2 E_corr:                -0.0018597 Eh
Partially relaxed DSRG-MRPT2 energy:     -1941.7236213 Eh
Partially relaxed DSRG-MRPT2 E_corr:        -0.0018597 Eh
Relaxed DSRG-MRPT2 energy:               -1941.7236213 Eh
Relaxed DSRG-MRPT2 E_corr:                  -0.0018597 Eh
Fully relaxed DSRG-MRPT2 energy:         -1941.7236213 Eh
Fully relaxed DSRG-MRPT2 E_corr:            -0.0018597 Eh
State     Energy / Eh         Splitting / Eh      Splitting / cm-1    Splitting / meV     
0         -1.9417257e+03      +0.0000000e+00      +0.0000000e+00      +0.0000000e+00      
1         -1.9417257e+03      +1.0702479e-09      +2.3489226e-04      +2.9122942e-05      
2         -1.9417226e+03      +3.1252989e-03      +6.8592383e+02      +8.5043757e+01      
3         -1.9417226e+03      +1.1004886e-09      +2.4152933e-04      +2.9945834e-05      
4         -1.9417226e+03      +9.5155883e-10      +2.0884302e-04      +2.5893247e-05      
5         -1.9417226e+03      +6.4642336e-10      +1.4187353e-04      +1.7590084e-05      
Time taken:                      358.2246771 s
===============================================
===============================================
              PySCF DHF interface              
===============================================

Timing report
....integral reading:      24.4690297 s

===============================================
            Relativistic CASCI(4,8)            
===============================================
Will now allocate 0.078 MB memory for the CASCI Hamiltonian!
Time taken for 1-RDM build:        0.0083432 s
Time taken for 1-RDM build:        0.0082116 s
Time taken for 1-RDM build:        0.0081806 s
Time taken for 1-RDM build:        0.0081758 s
Time taken for 1-RDM build:        0.0081913 s
Time taken for 1-RDM build:        0.0081508 s
Time taken for 1-RDM build:        0.0081520 s
Time taken for 1-RDM build:        0.0081377 s
Time taken for 1-RDM build:        0.0081539 s
Time taken for 2-RDM build:        0.0347733 s
Time taken for 2-RDM build:        0.0346715 s
Time taken for 2-RDM build:        0.0364404 s
Time taken for 2-RDM build:        0.0346885 s
Time taken for 2-RDM build:        0.0347760 s
Time taken for 2-RDM build:        0.0347264 s
Time taken for 2-RDM build:        0.0346992 s
Time taken for 2-RDM build:        0.0346911 s
Time taken for 2-RDM build:        0.0347457 s
Time taken for 3-RDM build:        0.1535256 s
Time taken for 3-RDM build:        0.1509466 s
Time taken for 3-RDM build:        0.1508286 s
Time taken for 3-RDM build:        0.1506052 s
Time taken for 3-RDM build:        0.1507928 s
Time taken for 3-RDM build:        0.1509037 s
Time taken for 3-RDM build:        0.1509039 s
Time taken for 3-RDM build:        0.1510186 s
Time taken for 3-RDM build:        0.1507788 s
E_frzc:                        -2092.8592106 Eh
E_cas:                            -3.6862998 Eh
E_nuc:                             0.0000000 Eh
E_casci:                       -2096.5413860 Eh
E0 (from RDM):                 -2096.5413860 Eh
Ecorr:                            -0.2153364 Eh

Timing summary
... Hamil build:                    0.0259373 s
... Hamil diag:                     0.0010722 s
... RDM build:                     44.3247201 s
State     Energy / Eh         Splitting / Eh      Splitting / cm-1    Splitting / meV     
0         -2.0965455e+03      +0.0000000e+00      +0.0000000e+00      +0.0000000e+00      
1         -2.0965432e+03      +2.3344184e-03      +5.1234561e+02      +6.3522789e+01      
2         -2.0965432e+03      +6.4164851e-10      +1.4082557e-04      +1.7460154e-05      
3         -2.0965432e+03      +5.3205440e-10      +1.1677244e-04      +1.4477945e-05      
4         -2.0965395e+03      +3.6890520e-03      +8.0965333e+02      +1.0038427e+02      
5         -2.0965395e+03      +9.3723429e-10      +2.0569915e-04      +2.5503456e-05      
6         -2.0965395e+03      +1.0586518e-09      +2.3234722e-04      +2.8807397e-05      
7         -2.0965395e+03      +1.1709744e-09      +2.5699918e-04      +3.1863852e-05      
8         -2.0965395e+03      +1.0372787e-09      +2.2765636e-04      +2.8225805e-05      
Total time taken:                  47.9925628 s
===============================================

===============================================
            Relativistic DSRG-MRPT2            
===============================================
-----------------------------------------------
        DSRG-MRPT2 reference relaxation        
-----------------------------------------------
Iter                          Energy              Delta E   
   -Eref  -2096.5413860       
   -Ecorr -0.0021035       
<Psi^(0)|Hbar^(0)|Psi^(0)>    -2096.5434895       -2.09654e+03
   -Erelax-0.0000000       
<Psi^(0)|Hbar^(1)|Psi^(0)>    -2096.5434895       0.00000e+00
   -Eref  -2096.5413860       
   -Ecorr -0.0021035       
<Psi^(1)|Hbar^(1)|Psi^(1)>    -2096.5434895       4.54747e-13
   -Erelax-0.0000000       
<Psi^(1)|Hbar^(2)|Psi^(1)>    -2096.5434895       0.00000e+00
Unrelaxed DSRG-MRPT2 energy:             -2096.5434895 Eh
Unrelaxed DSRG-MRPT2 E_corr:                -0.0021035 Eh
Partially relaxed DSRG-MRPT2 energy:     -2096.5434895 Eh
Partially relaxed DSRG-MRPT2 E_corr:        -0.0021035 Eh
Relaxed DSRG-MRPT2 energy:               -2096.5434895 Eh
Relaxed DSRG-MRPT2 E_corr:                  -0.0021035 Eh
Fully relaxed DSRG-MRPT2 energy:         -2096.5434895 Eh
Fully relaxed DSRG-MRPT2 E_corr:            -0.0021035 Eh
State     Energy / Eh         Splitting / Eh      Splitting / cm-1    Splitting / meV     
0         -2.0965476e+03      +0.0000000e+00      +0.0000000e+00      +0.0000000e+00      
1         -2.0965453e+03      +2.3344354e-03      +5.1234934e+02      +6.3523253e+01      
2         -2.0965453e+03      +6.4164851e-10      +1.4082557e-04      +1.7460154e-05      
3         -2.0965453e+03      +5.3159965e-10      +1.1667264e-04      +1.4465570e-05      
4         -2.0965416e+03      +3.6890747e-03      +8.0965830e+02      +1.0038488e+02      
5         -2.0965416e+03      +9.3677954e-10      +2.0559934e-04      +2.5491082e-05      
6         -2.0965416e+03      +1.0591066e-09      +2.3244702e-04      +2.8819772e-05      
7         -2.0965416e+03      +1.1709744e-09      +2.5699918e-04      +3.1863852e-05      
8         -2.0965416e+03      +1.0372787e-09      +2.2765636e-04      +2.8225805e-05      
Time taken:                      358.5767059 s
===============================================
===============================================
              PySCF DHF interface              
===============================================

Timing report
....integral reading:      23.5653322 s

===============================================
            Relativistic CASCI(5,8)            
===============================================
Will now allocate 0.050 MB memory for the CASCI Hamiltonian!
Time taken for 1-RDM build:        0.0057397 s
Time taken for 1-RDM build:        0.0057192 s
Time taken for 1-RDM build:        0.0057049 s
Time taken for 1-RDM build:        0.0057173 s
Time taken for 1-RDM build:        0.0057161 s
Time taken for 1-RDM build:        0.0057151 s
Time taken for 1-RDM build:        0.0056932 s
Time taken for 1-RDM build:        0.0057247 s
Time taken for 1-RDM build:        0.0056937 s
Time taken for 1-RDM build:        0.0057199 s
Time taken for 1-RDM build:        0.0056953 s
Time taken for 1-RDM build:        0.0057104 s
Time taken for 1-RDM build:        0.0056808 s
Time taken for 1-RDM build:        0.0057001 s
Time taken for 2-RDM build:        0.0253892 s
Time taken for 2-RDM build:        0.0252783 s
Time taken for 2-RDM build:        0.0252562 s
Time taken for 2-RDM build:        0.0252717 s
Time taken for 2-RDM build:        0.0252767 s
Time taken for 2-RDM build:        0.0252707 s
Time taken for 2-RDM build:        0.0252931 s
Time taken for 2-RDM build:        0.0252657 s
Time taken for 2-RDM build:        0.0253358 s
Time taken for 2-RDM build:        0.0252774 s
Time taken for 2-RDM build:        0.0253191 s
Time taken for 2-RDM build:        0.0252862 s
Time taken for 2-RDM build:        0.0252750 s
Time taken for 2-RDM build:        0.0253155 s
Time taken for 3-RDM build:        0.1493268 s
Time taken for 3-RDM build:        0.1481795 s
Time taken for 3-RDM build:        0.1481545 s
Time taken for 3-RDM build:        0.1480086 s
Time taken for 3-RDM build:        0.1480248 s
Time taken for 3-RDM build:        0.1480567 s
Time taken for 3-RDM build:        0.1480482 s
Time taken for 3-RDM build:        0.1479919 s
Time taken for 3-RDM build:        0.1481311 s
Time taken for 3-RDM build:        0.1482508 s
Time taken for 3-RDM build:        0.1479318 s
Time taken for 3-RDM build:        0.1480198 s
Time taken for 3-RDM build:        0.1480124 s
Time taken for 3-RDM build:        0.1478994 s
E_frzc:                        -2252.3726240 Eh
E_cas:                            -6.0718308 Eh
E_nuc:                             0.0000000 Eh
E_casci:                       -2258.3972569 Eh
E0 (from RDM):                 -2258.3972569 Eh
Ecorr:                            -0.0178409 Eh

Timing summary
... Hamil build:                    0.0208516 s
... Hamil diag:                     0.0006318 s
... RDM build:                     43.9937468 s
State     Energy / Eh         Splitting / Eh      Splitting / cm-1    Splitting / meV     
0         -2.2584445e+03      +0.0000000e+00      +0.0000000e+00      +0.0000000e+00      
1         -2.2584445e+03      +5.2432370e-10      +1.1507575e-04      +1.4267581e-05      
2         -2.2584445e+03      +5.2705218e-10      +1.1567458e-04      +1.4341827e-05      
3         -2.2584445e+03      +5.1386451e-10      +1.1278022e-04      +1.3982972e-05      
4         -2.2583793e+03      +6.5107933e-02      +1.4289540e+04      +1.7716780e+03      
5         -2.2583793e+03      +9.2859409e-10      +2.0380284e-04      +2.5268344e-05      
6         -2.2583793e+03      +1.1159500e-09      +2.4492271e-04      +3.0366561e-05      
7         -2.2583793e+03      +5.1250026e-10      +1.1248081e-04      +1.3945849e-05      
8         -2.2583777e+03      +1.6153755e-03      +3.5453394e+02      +4.3956628e+01      
9         -2.2583777e+03      +7.5033313e-10      +1.6467909e-04      +2.0417614e-05      
10        -2.2583777e+03      +4.8839865e-10      +1.0719111e-04      +1.3290011e-05      
11        -2.2583777e+03      +1.4611032e-09      +3.2067509e-04      +3.9758663e-05      
12        -2.2583777e+03      +1.6329977e-09      +3.5840157e-04      +4.4436153e-05      
13        -2.2583777e+03      +6.3982952e-10      +1.4042635e-04      +1.7410656e-05      
Total time taken:                  47.6612103 s
===============================================

===============================================
            Relativistic DSRG-MRPT2            
===============================================
-----------------------------------------------
        DSRG-MRPT2 reference relaxation        
-----------------------------------------------
Iter                          Energy              Delta E   
   -Eref  -2258.3972569       
   -Ecorr -0.0023786       
<Psi^(0)|Hbar^(0)|Psi^(0)>    -2258.3996355       -2.25840e+03
   -Erelax-0.0000000       
<Psi^(0)|Hbar^(1)|Psi^(0)>    -2258.3996355       0.00000e+00
   -Eref  -2258.3972569       
   -Ecorr -0.0023786       
<Psi^(1)|Hbar^(1)|Psi^(1)>    -2258.3996355       9.09495e-13
   -Erelax-0.0000000       
<Psi^(1)|Hbar^(2)|Psi^(1)>    -2258.3996355       0.00000e+00
Unrelaxed DSRG-MRPT2 energy:             -2258.3996355 Eh
Unrelaxed DSRG-MRPT2 E_corr:                -0.0023786 Eh
Partially relaxed DSRG-MRPT2 energy:     -2258.3996355 Eh
Partially relaxed DSRG-MRPT2 E_corr:        -0.0023786 Eh
Relaxed DSRG-MRPT2 energy:               -2258.3996355 Eh
Relaxed DSRG-MRPT2 E_corr:                  -0.0023786 Eh
Fully relaxed DSRG-MRPT2 energy:         -2258.3996355 Eh
Fully relaxed DSRG-MRPT2 E_corr:            -0.0023786 Eh
State     Energy / Eh         Splitting / Eh      Splitting / cm-1    Splitting / meV     
0         -2.2584468e+03      +0.0000000e+00      +0.0000000e+00      +0.0000000e+00      
1         -2.2584468e+03      +5.2432370e-10      +1.1507575e-04      +1.4267581e-05      
2         -2.2584468e+03      +5.2705218e-10      +1.1567458e-04      +1.4341827e-05      
3         -2.2584468e+03      +5.1340976e-10      +1.1268042e-04      +1.3970598e-05      
4         -2.2583817e+03      +6.5107922e-02      +1.4289537e+04      +1.7716776e+03      
5         -2.2583817e+03      +9.2904884e-10      +2.0390265e-04      +2.5280719e-05      
6         -2.2583817e+03      +1.1154953e-09      +2.4482291e-04      +3.0354186e-05      
7         -2.2583817e+03      +5.1250026e-10      +1.1248081e-04      +1.3945849e-05      
8         -2.2583801e+03      +1.6153915e-03      +3.5453745e+02      +4.3957062e+01      
9         -2.2583801e+03      +7.5033313e-10      +1.6467909e-04      +2.0417614e-05      
10        -2.2583801e+03      +4.8839865e-10      +1.0719111e-04      +1.3290011e-05      
11        -2.2583801e+03      +1.4606485e-09      +3.2057529e-04      +3.9746289e-05      
12        -2.2583801e+03      +1.6334525e-09      +3.5850138e-04      +4.4448527e-05      
13        -2.2583801e+03      +6.3982952e-10      +1.4042635e-04      +1.7410656e-05      
Time taken:                      360.5005350 s
===============================================
===============================================
              PySCF DHF interface              
===============================================

Timing report
....integral reading:      24.4476907 s

===============================================
            Relativistic CASCI(6,8)            
===============================================
Will now allocate 0.013 MB memory for the CASCI Hamiltonian!
Time taken for 1-RDM build:        0.0022273 s
Time taken for 1-RDM build:        0.0021987 s
Time taken for 1-RDM build:        0.0022106 s
Time taken for 1-RDM build:        0.0022151 s
Time taken for 1-RDM build:        0.0022035 s
Time taken for 1-RDM build:        0.0021932 s
Time taken for 1-RDM build:        0.0021887 s
Time taken for 1-RDM build:        0.0021944 s
Time taken for 1-RDM build:        0.0021942 s
Time taken for 2-RDM build:        0.0086148 s
Time taken for 2-RDM build:        0.0085533 s
Time taken for 2-RDM build:        0.0085599 s
Time taken for 2-RDM build:        0.0085158 s
Time taken for 2-RDM build:        0.0085111 s
Time taken for 2-RDM build:        0.0085511 s
Time taken for 2-RDM build:        0.0085366 s
Time taken for 2-RDM build:        0.0085096 s
Time taken for 2-RDM build:        0.0085390 s
Time taken for 3-RDM build:        0.0679221 s
Time taken for 3-RDM build:        0.0660512 s
Time taken for 3-RDM build:        0.0660496 s
Time taken for 3-RDM build:        0.0660300 s
Time taken for 3-RDM build:        0.0660937 s
Time taken for 3-RDM build:        0.0660877 s
Time taken for 3-RDM build:        0.0660667 s
Time taken for 3-RDM build:        0.0661678 s
Time taken for 3-RDM build:        0.0660739 s
E_frzc:                        -2418.2608262 Eh
E_cas:                            -9.1774708 Eh
E_nuc:                             0.0000000 Eh
E_casci:                       -2427.4340589 Eh
E0 (from RDM):                 -2427.4340589 Eh
Ecorr:                            -0.1372548 Eh

Timing summary
... Hamil build:                    0.0086992 s
... Hamil diag:                     0.0002789 s
... RDM build:                     43.5201378 s
State     Energy / Eh         Splitting / Eh      Splitting / cm-1    Splitting / meV     
0         -2.4274383e+03      +0.0000000e+00      +0.0000000e+00      +0.0000000e+00      
1         -2.4274383e+03      +1.9413164e-09      +4.2606971e-04      +5.2825936e-05      
2         -2.4274383e+03      +8.9721652e-10      +1.9691626e-04      +2.4414517e-05      
3         -2.4274383e+03      +1.1737029e-09      +2.5759801e-04      +3.1938098e-05      
4         -2.4274383e+03      +1.8349056e-09      +4.0271522e-04      +4.9930347e-05      
5         -2.4274294e+03      +8.8831576e-03      +1.9496277e+03      +2.4172315e+02      
6         -2.4274294e+03      +4.1914063e-09      +9.1990735e-04      +1.1405403e-04      
7         -2.4274294e+03      +4.1027306e-09      +9.0044528e-04      +1.1164104e-04      
8         -2.4274268e+03      +2.6102260e-03      +5.7287839e+02      +7.1027902e+01      
Total time taken:                  47.1758506 s
===============================================

===============================================
            Relativistic DSRG-MRPT2            
===============================================
-----------------------------------------------
        DSRG-MRPT2 reference relaxation        
-----------------------------------------------
Iter                          Energy              Delta E   
   -Eref  -2427.4340589       
   -Ecorr -0.0026801       
<Psi^(0)|Hbar^(0)|Psi^(0)>    -2427.4367390       -2.42744e+03
   -Erelax-0.0000000       
<Psi^(0)|Hbar^(1)|Psi^(0)>    -2427.4367390       0.00000e+00
   -Eref  -2427.4340589       
   -Ecorr -0.0026801       
<Psi^(1)|Hbar^(1)|Psi^(1)>    -2427.4367390       4.54747e-13
   -Erelax-0.0000000       
<Psi^(1)|Hbar^(2)|Psi^(1)>    -2427.4367390       0.00000e+00
Unrelaxed DSRG-MRPT2 energy:             -2427.4367390 Eh
Unrelaxed DSRG-MRPT2 E_corr:                -0.0026801 Eh
Partially relaxed DSRG-MRPT2 energy:     -2427.4367390 Eh
Partially relaxed DSRG-MRPT2 E_corr:        -0.0026801 Eh
Relaxed DSRG-MRPT2 energy:               -2427.4367390 Eh
Relaxed DSRG-MRPT2 E_corr:                  -0.0026801 Eh
Fully relaxed DSRG-MRPT2 energy:         -2427.4367390 Eh
Fully relaxed DSRG-MRPT2 E_corr:            -0.0026801 Eh
State     Energy / Eh         Splitting / Eh      Splitting / cm-1    Splitting / meV     
0         -2.4274410e+03      +0.0000000e+00      +0.0000000e+00      +0.0000000e+00      
1         -2.4274410e+03      +1.9408617e-09      +4.2596990e-04      +5.2813562e-05      
2         -2.4274410e+03      +8.9721652e-10      +1.9691626e-04      +2.4414517e-05      
3         -2.4274410e+03      +1.1741577e-09      +2.5769782e-04      +3.1950473e-05      
4         -2.4274410e+03      +1.8344508e-09      +4.0261541e-04      +4.9917973e-05      
5         -2.4274321e+03      +8.8832281e-03      +1.9496432e+03      +2.4172506e+02      
6         -2.4274321e+03      +4.1914063e-09      +9.1990735e-04      +1.1405403e-04      
7         -2.4274321e+03      +4.1027306e-09      +9.0044528e-04      +1.1164104e-04      
8         -2.4274295e+03      +2.6102347e-03      +5.7288029e+02      +7.1028138e+01      
Time taken:                      358.8082726 s
===============================================
===============================================
              PySCF DHF interface              
===============================================

Timing report
....integral reading:      24.4673951 s

===============================================
            Relativistic CASCI(7,8)            
===============================================
Will now allocate 0.001 MB memory for the CASCI Hamiltonian!
Time taken for 1-RDM build:        0.0003815 s
Time taken for 1-RDM build:        0.0003681 s
Time taken for 1-RDM build:        0.0003684 s
Time taken for 1-RDM build:        0.0003648 s
Time taken for 1-RDM build:        0.0003681 s
Time taken for 1-RDM build:        0.0003679 s
Time taken for 2-RDM build:        0.0010576 s
Time taken for 2-RDM build:        0.0010006 s
Time taken for 2-RDM build:        0.0009985 s
Time taken for 2-RDM build:        0.0009983 s
Time taken for 2-RDM build:        0.0009975 s
Time taken for 2-RDM build:        0.0009904 s
Time taken for 3-RDM build:        0.0142798 s
Time taken for 3-RDM build:        0.0123317 s
Time taken for 3-RDM build:        0.0123806 s
Time taken for 3-RDM build:        0.0123279 s
Time taken for 3-RDM build:        0.0123253 s
Time taken for 3-RDM build:        0.0123343 s
E_frzc:                        -2590.5378304 Eh
E_cas:                           -13.1880855 Eh
E_nuc:                             0.0000000 Eh
E_casci:                       -2603.7203212 Eh
E0 (from RDM):                 -2603.7203212 Eh
Ecorr:                            -0.0318830 Eh

Timing summary
... Hamil build:                    0.0018709 s
... Hamil diag:                     0.0000956 s
... RDM build:                     42.9188528 s
State     Energy / Eh         Splitting / Eh      Splitting / cm-1    Splitting / meV     
0         -2.6037259e+03      +0.0000000e+00      +0.0000000e+00      +0.0000000e+00      
1         -2.6037259e+03      +9.2413757e-09      +2.0282475e-03      +2.5147076e-04      
2         -2.6037259e+03      +1.8784249e-08      +4.1226661e-03      +5.1114569e-04      
3         -2.6037259e+03      +9.8884811e-09      +2.1702707e-03      +2.6907941e-04      
4         -2.6037091e+03      +1.6783801e-02      +3.6836186e+03      +4.5671072e+02      
5         -2.6037091e+03      +7.4087438e-09      +1.6260313e-03      +2.0160228e-04      
Total time taken:                  46.5919762 s
===============================================

===============================================
            Relativistic DSRG-MRPT2            
===============================================
-----------------------------------------------
        DSRG-MRPT2 reference relaxation        
-----------------------------------------------
Iter                          Energy              Delta E   
   -Eref  -2603.7203212       
   -Ecorr -0.0030089       
<Psi^(0)|Hbar^(0)|Psi^(0)>    -2603.7233302       -2.60372e+03
   -Erelax0.0000000       
<Psi^(0)|Hbar^(1)|Psi^(0)>    -2603.7233302       0.00000e+00
   -Eref  -2603.7203212       
   -Ecorr -0.0030089       
<Psi^(1)|Hbar^(1)|Psi^(1)>    -2603.7233302       4.54747e-13
   -Erelax-0.0000000       
<Psi^(1)|Hbar^(2)|Psi^(1)>    -2603.7233302       0.00000e+00
Unrelaxed DSRG-MRPT2 energy:             -2603.7233302 Eh
Unrelaxed DSRG-MRPT2 E_corr:                -0.0030089 Eh
Partially relaxed DSRG-MRPT2 energy:     -2603.7233302 Eh
Partially relaxed DSRG-MRPT2 E_corr:        -0.0030089 Eh
Relaxed DSRG-MRPT2 energy:               -2603.7233302 Eh
Relaxed DSRG-MRPT2 E_corr:                  -0.0030089 Eh
Fully relaxed DSRG-MRPT2 energy:         -2603.7233302 Eh
Fully relaxed DSRG-MRPT2 E_corr:            -0.0030089 Eh
State     Energy / Eh         Splitting / Eh      Splitting / cm-1    Splitting / meV     
0         -2.6037289e+03      +0.0000000e+00      +0.0000000e+00      +0.0000000e+00      
1         -2.6037289e+03      +9.2413757e-09      +2.0282475e-03      +2.5147076e-04      
2         -2.6037289e+03      +1.8784704e-08      +4.1227659e-03      +5.1115806e-04      
3         -2.6037289e+03      +9.8884811e-09      +2.1702707e-03      +2.6907941e-04      
4         -2.6037121e+03      +1.6783936e-02      +3.6836482e+03      +4.5671439e+02      
5         -2.6037121e+03      +7.4087438e-09      +1.6260313e-03      +2.0160228e-04      
Time taken:                      359.5145440 s
===============================================
