NOW DOING s=0.18!
===============================================
              PySCF DHF interface              
===============================================

Timing report
....integral reading:       0.4873226 s

===============================================
            Relativistic CASCI(3,8)            
===============================================
Will now allocate 0.050 MB memory for the CASCI Hamiltonian!
Time taken for 1-RDM build:        0.0057228 s
Time taken for 1-RDM build:        0.0056992 s
Time taken for 1-RDM build:        0.0057158 s
Time taken for 1-RDM build:        0.0056925 s
Time taken for 1-RDM build:        0.0057213 s
Time taken for 1-RDM build:        0.0057166 s
Time taken for 2-RDM build:        0.0242538 s
Time taken for 2-RDM build:        0.0235016 s
Time taken for 2-RDM build:        0.0234678 s
Time taken for 2-RDM build:        0.0234799 s
Time taken for 2-RDM build:        0.0234797 s
Time taken for 2-RDM build:        0.0235012 s
Time taken for 3-RDM build:        0.0654697 s
Time taken for 3-RDM build:        0.0655513 s
Time taken for 3-RDM build:        0.0646522 s
Time taken for 3-RDM build:        0.0646796 s
Time taken for 3-RDM build:        0.0645568 s
Time taken for 3-RDM build:        0.0646510 s
E_frzc:                          -21.9899228 Eh
E_cas:                            -2.5754278 Eh
E_nuc:                             0.0000000 Eh
E_casci:                         -24.5653104 Eh
E0 (from RDM):                   -24.5653104 Eh
Ecorr:                            -0.2764703 Eh

Timing summary
... Hamil build:                    0.0167513 s
... Hamil diag:                     0.0005791 s
... RDM build:                      1.7100310 s
State     Energy / Eh         Splitting / Eh      Splitting / cm-1    Splitting / meV     
0         -2.4565351e+01      +0.0000000e+00      +0.0000000e+00      +0.0000000e+00      
1         -2.4565351e+01      +1.6292141e-09      +3.5757116e-04      +4.4333195e-05      
2         -2.4565290e+01      +6.0370290e-05      +1.3249747e+01      +1.6427601e+00      
3         -2.4565290e+01      +8.2750518e-10      +1.8161639e-04      +2.2517574e-05      
4         -2.4565290e+01      +8.6880192e-10      +1.9067998e-04      +2.3641316e-05      
5         -2.4565290e+01      +1.8699744e-09      +4.1041194e-04      +5.0884619e-05      
Total time taken:                   1.8312287 s
===============================================

===============================================
            Relativistic DSRG-MRPT2            
===============================================
-----------------------------------------------
        DSRG-MRPT2 reference relaxation        
-----------------------------------------------
Iter                          Energy              Delta E   
   -Eref  -24.5653104       
   -Ecorr -0.0612138       
<Psi^(0)|Hbar^(0)|Psi^(0)>    -24.6265242         -2.46265e+01
   -Erelax-0.0002012       
<Psi^(0)|Hbar^(1)|Psi^(0)>    -24.6267254         -2.01190e-04
   -Eref  -24.5651031       
   -Ecorr -0.0615802       
<Psi^(1)|Hbar^(1)|Psi^(1)>    -24.6266833         4.20439e-05
   -Erelax-0.0000000       
<Psi^(1)|Hbar^(2)|Psi^(1)>    -24.6266833         -9.24878e-11
   -Eref  -24.5651029       
   -Ecorr -0.0615804       
<Psi^(2)|Hbar^(2)|Psi^(2)>    -24.6266833         2.68865e-08
   -Erelax0.0000000       
<Psi^(2)|Hbar^(3)|Psi^(2)>    -24.6266833         0.00000e+00
   -Eref  -24.5651029       
   -Ecorr -0.0615804       
<Psi^(3)|Hbar^(3)|Psi^(3)>    -24.6266833         1.55005e-11
   -Erelax0.0000000       
<Psi^(3)|Hbar^(4)|Psi^(3)>    -24.6266833         3.55271e-15
Unrelaxed DSRG-MRPT2 energy:               -24.6265242 Eh
Unrelaxed DSRG-MRPT2 E_corr:                -0.0612138 Eh
Partially relaxed DSRG-MRPT2 energy:       -24.6267254 Eh
Partially relaxed DSRG-MRPT2 E_corr:        -0.0614150 Eh
Relaxed DSRG-MRPT2 energy:                 -24.6266833 Eh
Relaxed DSRG-MRPT2 E_corr:                  -0.0615802 Eh
Fully relaxed DSRG-MRPT2 energy:           -24.6266833 Eh
Fully relaxed DSRG-MRPT2 E_corr:            -0.0615804 Eh
State     Energy / Eh         Splitting / Eh      Splitting / cm-1    Splitting / meV     
0         -2.4626727e+01      +0.0000000e+00      +0.0000000e+00      +0.0000000e+00      
1         -2.4626727e+01      +9.0814112e-10      +1.9931394e-04      +2.4711790e-05      
2         -2.4626662e+01      +6.4959045e-05      +1.4256862e+01      +1.7676265e+00      
3         -2.4626662e+01      +5.0990323e-10      +1.1191082e-04      +1.3875180e-05      
4         -2.4626662e+01      +4.7395332e-10      +1.0402073e-04      +1.2896933e-05      
5         -2.4626662e+01      +1.0503385e-09      +2.3052265e-04      +2.8581180e-05      
Time taken:                       16.4820960 s
===============================================
===============================================
              PySCF DHF interface              
===============================================

Timing report
....integral reading:       0.4914904 s

===============================================
            Relativistic CASCI(4,8)            
===============================================
Will now allocate 0.078 MB memory for the CASCI Hamiltonian!
Time taken for 1-RDM build:        0.0098958 s
Time taken for 1-RDM build:        0.0095527 s
Time taken for 1-RDM build:        0.0095823 s
Time taken for 1-RDM build:        0.0095823 s
Time taken for 1-RDM build:        0.0095720 s
Time taken for 1-RDM build:        0.0095747 s
Time taken for 1-RDM build:        0.0096188 s
Time taken for 1-RDM build:        0.0095572 s
Time taken for 1-RDM build:        0.0095882 s
Time taken for 2-RDM build:        0.0358920 s
Time taken for 2-RDM build:        0.0349503 s
Time taken for 2-RDM build:        0.0348439 s
Time taken for 2-RDM build:        0.0348437 s
Time taken for 2-RDM build:        0.0348637 s
Time taken for 2-RDM build:        0.0348547 s
Time taken for 2-RDM build:        0.0347786 s
Time taken for 2-RDM build:        0.0349085 s
Time taken for 2-RDM build:        0.0348372 s
Time taken for 3-RDM build:        0.1526611 s
Time taken for 3-RDM build:        0.1511595 s
Time taken for 3-RDM build:        0.1510665 s
Time taken for 3-RDM build:        0.1511106 s
Time taken for 3-RDM build:        0.1509094 s
Time taken for 3-RDM build:        0.1509635 s
Time taken for 3-RDM build:        0.1513350 s
Time taken for 3-RDM build:        0.1511440 s
Time taken for 3-RDM build:        0.1515360 s
E_frzc:                          -32.3709352 Eh
E_cas:                            -5.3467114 Eh
E_nuc:                             0.0000000 Eh
E_casci:                         -37.7175257 Eh
E0 (from RDM):                   -37.7175257 Eh
Ecorr:                            -0.4429083 Eh

Timing summary
... Hamil build:                    0.0254948 s
... Hamil diag:                     0.0010188 s
... RDM build:                      2.8928392 s
State     Energy / Eh         Splitting / Eh      Splitting / cm-1    Splitting / meV     
0         -3.7717647e+01      +0.0000000e+00      +0.0000000e+00      +0.0000000e+00      
1         -3.7717578e+01      +6.8056777e-05      +1.4936736e+01      +1.8519201e+00      
2         -3.7717578e+01      +1.0789947e-09      +2.3681196e-04      +2.9360955e-05      
3         -3.7717578e+01      +1.2285639e-09      +2.6963861e-04      +3.3430943e-05      
4         -3.7717470e+01      +1.0852195e-04      +2.3817815e+01      +2.9530341e+00      
5         -3.7717470e+01      +3.7324810e-10      +8.1918488e-05      +1.0156603e-05      
6         -3.7717470e+01      +9.5213437e-10      +2.0896934e-04      +2.5908908e-05      
7         -3.7717470e+01      +4.4995119e-10      +9.8752870e-05      +1.2243801e-05      
8         -3.7717470e+01      +5.6218852e-10      +1.2338612e-04      +1.5297936e-05      
Total time taken:                   3.0228410 s
===============================================

===============================================
            Relativistic DSRG-MRPT2            
===============================================
-----------------------------------------------
        DSRG-MRPT2 reference relaxation        
-----------------------------------------------
Iter                          Energy              Delta E   
   -Eref  -37.7175257       
   -Ecorr -0.0994839       
<Psi^(0)|Hbar^(0)|Psi^(0)>    -37.8170096         -3.78170e+01
   -Erelax-0.0000481       
<Psi^(0)|Hbar^(1)|Psi^(0)>    -37.8170577         -4.81194e-05
   -Eref  -37.7174756       
   -Ecorr -0.0996277       
<Psi^(1)|Hbar^(1)|Psi^(1)>    -37.8171034         -4.56228e-05
   -Erelax-0.0000000       
<Psi^(1)|Hbar^(2)|Psi^(1)>    -37.8171034         -5.91861e-10
   -Eref  -37.7174760       
   -Ecorr -0.0996272       
<Psi^(2)|Hbar^(2)|Psi^(2)>    -37.8171032         1.57084e-07
   -Erelax-0.0000000       
<Psi^(2)|Hbar^(3)|Psi^(2)>    -37.8171032         -1.27898e-13
   -Eref  -37.7174760       
   -Ecorr -0.0996272       
<Psi^(3)|Hbar^(3)|Psi^(3)>    -37.8171032         -5.05146e-10
   -Erelax-0.0000000       
<Psi^(3)|Hbar^(4)|Psi^(3)>    -37.8171032         0.00000e+00
Unrelaxed DSRG-MRPT2 energy:               -37.8170096 Eh
Unrelaxed DSRG-MRPT2 E_corr:                -0.0994839 Eh
Partially relaxed DSRG-MRPT2 energy:       -37.8170577 Eh
Partially relaxed DSRG-MRPT2 E_corr:        -0.0995320 Eh
Relaxed DSRG-MRPT2 energy:                 -37.8171034 Eh
Relaxed DSRG-MRPT2 E_corr:                  -0.0996277 Eh
Fully relaxed DSRG-MRPT2 energy:           -37.8171032 Eh
Fully relaxed DSRG-MRPT2 E_corr:            -0.0996272 Eh
State     Energy / Eh         Splitting / Eh      Splitting / cm-1    Splitting / meV     
0         -3.7817242e+01      +0.0000000e+00      +0.0000000e+00      +0.0000000e+00      
1         -3.7817166e+01      +7.6290205e-05      +1.6743765e+01      +2.0759632e+00      
2         -3.7817166e+01      +4.3991832e-10      +9.6550911e-05      +1.1970793e-05      
3         -3.7817166e+01      +4.9587356e-10      +1.0883167e-04      +1.3493413e-05      
4         -3.7817038e+01      +1.2755731e-04      +2.7995594e+01      +3.4710129e+00      
5         -3.7817038e+01      +1.4706103e-10      +3.2276165e-05      +4.0017364e-06      
6         -3.7817038e+01      +3.2276404e-10      +7.0838518e-05      +8.7828610e-06      
7         -3.7817038e+01      +2.0811797e-10      +4.5676614e-05      +5.6631810e-06      
8         -3.7817038e+01      +1.6942181e-10      +3.7183789e-05      +4.6102045e-06      
Time taken:                       20.1055248 s
===============================================
===============================================
              PySCF DHF interface              
===============================================

Timing report
....integral reading:       0.4929395 s

===============================================
            Relativistic CASCI(5,8)            
===============================================
Will now allocate 0.050 MB memory for the CASCI Hamiltonian!
Time taken for 1-RDM build:        0.0056925 s
Time taken for 1-RDM build:        0.0056806 s
Time taken for 1-RDM build:        0.0056646 s
Time taken for 1-RDM build:        0.0056818 s
Time taken for 1-RDM build:        0.0056670 s
Time taken for 1-RDM build:        0.0056822 s
Time taken for 1-RDM build:        0.0056589 s
Time taken for 1-RDM build:        0.0056853 s
Time taken for 1-RDM build:        0.0056758 s
Time taken for 1-RDM build:        0.0056863 s
Time taken for 1-RDM build:        0.0056820 s
Time taken for 1-RDM build:        0.0056930 s
Time taken for 1-RDM build:        0.0056763 s
Time taken for 1-RDM build:        0.0056639 s
Time taken for 2-RDM build:        0.0264964 s
Time taken for 2-RDM build:        0.0254247 s
Time taken for 2-RDM build:        0.0254388 s
Time taken for 2-RDM build:        0.0254533 s
Time taken for 2-RDM build:        0.0254571 s
Time taken for 2-RDM build:        0.0253611 s
Time taken for 2-RDM build:        0.0254335 s
Time taken for 2-RDM build:        0.0266750 s
Time taken for 2-RDM build:        0.0254416 s
Time taken for 2-RDM build:        0.0254138 s
Time taken for 2-RDM build:        0.0254674 s
Time taken for 2-RDM build:        0.0254390 s
Time taken for 2-RDM build:        0.0254872 s
Time taken for 2-RDM build:        0.0254488 s
Time taken for 3-RDM build:        0.1501040 s
Time taken for 3-RDM build:        0.1487415 s
Time taken for 3-RDM build:        0.1489348 s
Time taken for 3-RDM build:        0.1490469 s
Time taken for 3-RDM build:        0.1491499 s
Time taken for 3-RDM build:        0.1489203 s
Time taken for 3-RDM build:        0.1490548 s
Time taken for 3-RDM build:        0.1490138 s
Time taken for 3-RDM build:        0.1498976 s
Time taken for 3-RDM build:        0.1491094 s
Time taken for 3-RDM build:        0.1486094 s
Time taken for 3-RDM build:        0.1486154 s
Time taken for 3-RDM build:        0.1485522 s
Time taken for 3-RDM build:        0.1484561 s
E_frzc:                          -44.7567199 Eh
E_cas:                            -9.6666253 Eh
E_nuc:                             0.0000000 Eh
E_casci:                         -54.3487687 Eh
E0 (from RDM):                   -54.3487687 Eh
Ecorr:                            -0.4454114 Eh

Timing summary
... Hamil build:                    0.0207269 s
... Hamil diag:                     0.0004745 s
... RDM build:                      3.6558566 s
State     Energy / Eh         Splitting / Eh      Splitting / cm-1    Splitting / meV     
0         -5.4423345e+01      +0.0000000e+00      +0.0000000e+00      +0.0000000e+00      
1         -5.4423345e+01      +1.0766144e-09      +2.3628954e-04      +2.9296183e-05      
2         -5.4423345e+01      +1.0765220e-09      +2.3626926e-04      +2.9293669e-05      
3         -5.4423345e+01      +1.0763941e-09      +2.3624119e-04      +2.9290189e-05      
4         -5.4318958e+01      +1.0438692e-01      +2.2910281e+04      +2.8405142e+03      
5         -5.4318958e+01      +1.1012489e-09      +2.4169619e-04      +2.9966522e-05      
6         -5.4318958e+01      +1.1371313e-09      +2.4957147e-04      +3.0942933e-05      
7         -5.4318958e+01      +5.9976912e-10      +1.3163411e-04      +1.6320557e-05      
8         -5.4318958e+01      +1.1947563e-09      +2.6221870e-04      +3.2510990e-05      
9         -5.4318958e+01      +1.3782895e-09      +3.0249957e-04      +3.7505185e-05      
10        -5.4318908e+01      +5.0508872e-05      +1.1085416e+01      +1.3744171e+00      
11        -5.4318908e+01      +3.9502694e-09      +8.6698392e-04      +1.0749236e-04      
12        -5.4318908e+01      +3.0347778e-09      +6.6605673e-04      +8.2580549e-05      
13        -5.4318908e+01      +2.9868943e-09      +6.5554752e-04      +8.1277572e-05      
Total time taken:                   3.7802076 s
===============================================

===============================================
            Relativistic DSRG-MRPT2            
===============================================
-----------------------------------------------
        DSRG-MRPT2 reference relaxation        
-----------------------------------------------
Iter                          Energy              Delta E   
   -Eref  -54.3487687       
   -Ecorr -0.1573482       
<Psi^(0)|Hbar^(0)|Psi^(0)>    -54.5061168         -5.45061e+01
   -Erelax-0.0000000       
<Psi^(0)|Hbar^(1)|Psi^(0)>    -54.5061169         -3.45084e-08
   -Eref  -54.3487686       
   -Ecorr -0.1573483       
<Psi^(1)|Hbar^(1)|Psi^(1)>    -54.5061169         -4.38347e-08
   -Erelax-0.0000000       
<Psi^(1)|Hbar^(2)|Psi^(1)>    -54.5061169         -4.92335e-11
   -Eref  -54.3487687       
   -Ecorr -0.1573483       
<Psi^(2)|Hbar^(2)|Psi^(2)>    -54.5061169         1.66963e-09
   -Erelax-0.0000000       
<Psi^(2)|Hbar^(3)|Psi^(2)>    -54.5061169         -9.94760e-14
Unrelaxed DSRG-MRPT2 energy:               -54.5061168 Eh
Unrelaxed DSRG-MRPT2 E_corr:                -0.1573482 Eh
Partially relaxed DSRG-MRPT2 energy:       -54.5061169 Eh
Partially relaxed DSRG-MRPT2 E_corr:        -0.1573482 Eh
Relaxed DSRG-MRPT2 energy:                 -54.5061169 Eh
Relaxed DSRG-MRPT2 E_corr:                  -0.1573483 Eh
Fully relaxed DSRG-MRPT2 energy:           -54.5061169 Eh
Fully relaxed DSRG-MRPT2 E_corr:            -0.1573483 Eh
State     Energy / Eh         Splitting / Eh      Splitting / cm-1    Splitting / meV     
0         -5.4572150e+01      +0.0000000e+00      +0.0000000e+00      +0.0000000e+00      
1         -5.4572150e+01      +6.2486549e-10      +1.3714212e-04      +1.7003464e-05      
2         -5.4572150e+01      +6.2482286e-10      +1.3713277e-04      +1.7002304e-05      
3         -5.4572150e+01      +6.2478023e-10      +1.3712341e-04      +1.7001144e-05      
4         -5.4479720e+01      +9.2430024e-02      +2.0286045e+04      +2.5151503e+03      
5         -5.4479720e+01      +3.1789682e-10      +6.9770287e-05      +8.6504172e-06      
6         -5.4479720e+01      +2.6435032e-10      +5.8018189e-05      +7.1933420e-06      
7         -5.4479720e+01      +1.6588331e-10      +3.6407177e-05      +4.5139169e-06      
8         -5.4479720e+01      +2.0207835e-10      +4.4351072e-05      +5.4988347e-06      
9         -5.4479720e+01      +2.5751490e-10      +5.6517987e-05      +7.0073406e-06      
10        -5.4479680e+01      +3.9907181e-05      +8.7586139e+00      +1.0859302e+00      
11        -5.4479680e+01      +8.8002139e-10      +1.9314237e-04      +2.3946613e-05      
12        -5.4479680e+01      +5.9256422e-10      +1.3005281e-04      +1.6124501e-05      
13        -5.4479680e+01      +5.7603700e-10      +1.2642551e-04      +1.5674773e-05      
Time taken:                       15.6736288 s
===============================================
===============================================
              PySCF DHF interface              
===============================================

Timing report
....integral reading:       0.4900510 s

===============================================
            Relativistic CASCI(6,8)            
===============================================
Will now allocate 0.013 MB memory for the CASCI Hamiltonian!
Time taken for 1-RDM build:        0.0022185 s
Time taken for 1-RDM build:        0.0021999 s
Time taken for 1-RDM build:        0.0021918 s
Time taken for 1-RDM build:        0.0022080 s
Time taken for 1-RDM build:        0.0021994 s
Time taken for 1-RDM build:        0.0021961 s
Time taken for 1-RDM build:        0.0022051 s
Time taken for 1-RDM build:        0.0022013 s
Time taken for 1-RDM build:        0.0022039 s
Time taken for 2-RDM build:        0.0093544 s
Time taken for 2-RDM build:        0.0086486 s
Time taken for 2-RDM build:        0.0086107 s
Time taken for 2-RDM build:        0.0086296 s
Time taken for 2-RDM build:        0.0085795 s
Time taken for 2-RDM build:        0.0086300 s
Time taken for 2-RDM build:        0.0086212 s
Time taken for 2-RDM build:        0.0086267 s
Time taken for 2-RDM build:        0.0085866 s
Time taken for 3-RDM build:        0.0681088 s
Time taken for 3-RDM build:        0.0664325 s
Time taken for 3-RDM build:        0.0664876 s
Time taken for 3-RDM build:        0.0664549 s
Time taken for 3-RDM build:        0.0664992 s
Time taken for 3-RDM build:        0.0665276 s
Time taken for 3-RDM build:        0.0666687 s
Time taken for 3-RDM build:        0.0668871 s
Time taken for 3-RDM build:        0.0669558 s
E_frzc:                          -59.1480236 Eh
E_cas:                           -15.7034833 Eh
E_nuc:                             0.0000000 Eh
E_casci:                         -74.8511626 Eh
E0 (from RDM):                   -74.8511626 Eh
Ecorr:                            -0.3302227 Eh

Timing summary
... Hamil build:                    0.0085418 s
... Hamil diag:                     0.0002441 s
... RDM build:                      1.8309824 s
State     Energy / Eh         Splitting / Eh      Splitting / cm-1    Splitting / meV     
0         -7.4851507e+01      +0.0000000e+00      +0.0000000e+00      +0.0000000e+00      
1         -7.4851507e+01      +6.1121170e-09      +1.3414546e-03      +1.6631926e-04      
2         -7.4851507e+01      +6.8041430e-09      +1.4933368e-03      +1.8515025e-04      
3         -7.4851507e+01      +7.2887332e-09      +1.5996920e-03      +1.9833663e-04      
4         -7.4851507e+01      +9.8174127e-09      +2.1546730e-03      +2.6714553e-04      
5         -7.4850809e+01      +6.9818897e-04      +1.5323477e+02      +1.8998699e+01      
6         -7.4850809e+01      +7.3982136e-09      +1.6237202e-03      +2.0131574e-04      
7         -7.4850809e+01      +7.5923197e-09      +1.6663215e-03      +2.0659764e-04      
8         -7.4850503e+01      +3.0523771e-04      +6.6991933e+01      +8.3059451e+00      
Total time taken:                   1.9416745 s
===============================================

===============================================
            Relativistic DSRG-MRPT2            
===============================================
-----------------------------------------------
        DSRG-MRPT2 reference relaxation        
-----------------------------------------------
Iter                          Energy              Delta E   
   -Eref  -74.8511626       
   -Ecorr -0.2100777       
<Psi^(0)|Hbar^(0)|Psi^(0)>    -75.0612403         -7.50612e+01
   -Erelax-0.0000000       
<Psi^(0)|Hbar^(1)|Psi^(0)>    -75.0612403         -3.55458e-08
   -Eref  -74.8511626       
   -Ecorr -0.2100776       
<Psi^(1)|Hbar^(1)|Psi^(1)>    -75.0612403         7.55311e-08
   -Erelax-0.0000000       
<Psi^(1)|Hbar^(2)|Psi^(1)>    -75.0612403         -1.01971e-09
   -Eref  -74.8511626       
   -Ecorr -0.2100777       
<Psi^(2)|Hbar^(2)|Psi^(2)>    -75.0612403         -1.19069e-08
   -Erelax-0.0000000       
<Psi^(2)|Hbar^(3)|Psi^(2)>    -75.0612403         -3.30260e-11
   -Eref  -74.8511626       
   -Ecorr -0.2100776       
<Psi^(3)|Hbar^(3)|Psi^(3)>    -75.0612403         2.20494e-09
   -Erelax-0.0000000       
<Psi^(3)|Hbar^(4)|Psi^(3)>    -75.0612403         -1.10845e-12
Unrelaxed DSRG-MRPT2 energy:               -75.0612403 Eh
Unrelaxed DSRG-MRPT2 E_corr:                -0.2100777 Eh
Partially relaxed DSRG-MRPT2 energy:       -75.0612403 Eh
Partially relaxed DSRG-MRPT2 E_corr:        -0.2100777 Eh
Relaxed DSRG-MRPT2 energy:                 -75.0612403 Eh
Relaxed DSRG-MRPT2 E_corr:                  -0.2100776 Eh
Fully relaxed DSRG-MRPT2 energy:           -75.0612403 Eh
Fully relaxed DSRG-MRPT2 E_corr:            -0.2100776 Eh
State     Energy / Eh         Splitting / Eh      Splitting / cm-1    Splitting / meV     
0         -7.5061540e+01      +0.0000000e+00      +0.0000000e+00      +0.0000000e+00      
1         -7.5061540e+01      +3.8174477e-09      +8.3783292e-04      +1.0387809e-04      
2         -7.5061540e+01      +3.2665497e-09      +7.1692479e-04      +8.8887387e-05      
3         -7.5061540e+01      +4.4213664e-09      +9.7037775e-04      +1.2031156e-04      
4         -7.5061540e+01      +5.3355080e-09      +1.1710087e-03      +1.4518664e-04      
5         -7.5060930e+01      +6.0903675e-04      +1.3366812e+02      +1.6572742e+01      
6         -7.5060930e+01      +4.3177408e-09      +9.4763457e-04      +1.1749177e-04      
7         -7.5060930e+01      +3.9848373e-09      +8.7457070e-04      +1.0843300e-04      
8         -7.5060673e+01      +2.5727420e-04      +5.6465159e+01      +7.0007908e+00      
Time taken:                       17.0712755 s
===============================================
===============================================
              PySCF DHF interface              
===============================================

Timing report
....integral reading:       0.4963202 s

===============================================
            Relativistic CASCI(7,8)            
===============================================
Will now allocate 0.001 MB memory for the CASCI Hamiltonian!
Time taken for 1-RDM build:        0.0003784 s
Time taken for 1-RDM build:        0.0003664 s
Time taken for 1-RDM build:        0.0003669 s
Time taken for 1-RDM build:        0.0003624 s
Time taken for 1-RDM build:        0.0003617 s
Time taken for 1-RDM build:        0.0003653 s
Time taken for 2-RDM build:        0.0013018 s
Time taken for 2-RDM build:        0.0012684 s
Time taken for 2-RDM build:        0.0012467 s
Time taken for 2-RDM build:        0.0012484 s
Time taken for 2-RDM build:        0.0010324 s
Time taken for 2-RDM build:        0.0010242 s
Time taken for 3-RDM build:        0.0139539 s
Time taken for 3-RDM build:        0.0124359 s
Time taken for 3-RDM build:        0.0123932 s
Time taken for 3-RDM build:        0.0123966 s
Time taken for 3-RDM build:        0.0124061 s
Time taken for 3-RDM build:        0.0124178 s
E_frzc:                          -75.5478008 Eh
E_cas:                           -23.9325131 Eh
E_nuc:                             0.0000000 Eh
E_casci:                         -99.4797328 Eh
E0 (from RDM):                   -99.4797328 Eh
Ecorr:                            -0.1043819 Eh

Timing summary
... Hamil build:                    0.0016675 s
... Hamil diag:                     0.0000782 s
... RDM build:                      1.2097092 s
State     Energy / Eh         Splitting / Eh      Splitting / cm-1    Splitting / meV     
0         -9.9480314e+01      +0.0000000e+00      +0.0000000e+00      +0.0000000e+00      
1         -9.9480314e+01      +2.4031038e-08      +5.2742033e-03      +6.5391818e-04      
2         -9.9480314e+01      +6.9549486e-09      +1.5264348e-03      +1.8925388e-04      
3         -9.9480314e+01      +2.1663141e-08      +4.7545098e-03      +5.8948436e-04      
4         -9.9478571e+01      +1.7431739e-03      +3.8258245e+02      +4.7434202e+01      
5         -9.9478571e+01      +1.6993980e-08      +3.7297474e-03      +4.6242996e-04      
Total time taken:                   1.3148603 s
===============================================

===============================================
            Relativistic DSRG-MRPT2            
===============================================
-----------------------------------------------
        DSRG-MRPT2 reference relaxation        
-----------------------------------------------
Iter                          Energy              Delta E   
   -Eref  -99.4797328       
   -Ecorr -0.2681818       
<Psi^(0)|Hbar^(0)|Psi^(0)>    -99.7479146         -9.97479e+01
   -Erelax-0.0000000       
<Psi^(0)|Hbar^(1)|Psi^(0)>    -99.7479146         0.00000e+00
   -Eref  -99.4797328       
   -Ecorr -0.2681818       
<Psi^(1)|Hbar^(1)|Psi^(1)>    -99.7479146         2.84217e-14
   -Erelax-0.0000000       
<Psi^(1)|Hbar^(2)|Psi^(1)>    -99.7479146         0.00000e+00
Unrelaxed DSRG-MRPT2 energy:               -99.7479146 Eh
Unrelaxed DSRG-MRPT2 E_corr:                -0.2681818 Eh
Partially relaxed DSRG-MRPT2 energy:       -99.7479146 Eh
Partially relaxed DSRG-MRPT2 E_corr:        -0.2681818 Eh
Relaxed DSRG-MRPT2 energy:                 -99.7479146 Eh
Relaxed DSRG-MRPT2 E_corr:                  -0.2681818 Eh
Fully relaxed DSRG-MRPT2 energy:           -99.7479146 Eh
Fully relaxed DSRG-MRPT2 E_corr:            -0.2681818 Eh
State     Energy / Eh         Splitting / Eh      Splitting / cm-1    Splitting / meV     
0         -9.9748494e+01      +0.0000000e+00      +0.0000000e+00      +0.0000000e+00      
1         -9.9748494e+01      +8.0814999e-09      +1.7736842e-03      +2.1990892e-04      
2         -9.9748494e+01      +6.0540515e-09      +1.3287107e-03      +1.6473921e-04      
3         -9.9748494e+01      +5.0820574e-09      +1.1153827e-03      +1.3828989e-04      
4         -9.9746757e+01      +1.7369792e-03      +3.8122287e+02      +4.7265635e+01      
5         -9.9746757e+01      +8.1793274e-09      +1.7951549e-03      +2.2257094e-04      
Time taken:                        6.2600420 s
===============================================
===============================================
              PySCF DHF interface              
===============================================

Timing report
....integral reading:       1.8987021 s

===============================================
            Relativistic CASCI(3,8)            
===============================================
Will now allocate 0.050 MB memory for the CASCI Hamiltonian!
Time taken for 1-RDM build:        0.0056486 s
Time taken for 1-RDM build:        0.0056620 s
Time taken for 1-RDM build:        0.0056226 s
Time taken for 1-RDM build:        0.0056515 s
Time taken for 1-RDM build:        0.0056624 s
Time taken for 1-RDM build:        0.0056448 s
Time taken for 2-RDM build:        0.0231051 s
Time taken for 2-RDM build:        0.0231071 s
Time taken for 2-RDM build:        0.0230675 s
Time taken for 2-RDM build:        0.0230694 s
Time taken for 2-RDM build:        0.0230801 s
Time taken for 2-RDM build:        0.0230739 s
Time taken for 3-RDM build:        0.0651479 s
Time taken for 3-RDM build:        0.0641215 s
Time taken for 3-RDM build:        0.0641501 s
Time taken for 3-RDM build:        0.0641360 s
Time taken for 3-RDM build:        0.0641282 s
Time taken for 3-RDM build:        0.0650189 s
E_frzc:                         -240.4061812 Eh
E_cas:                            -1.8986420 Eh
E_nuc:                             0.0000000 Eh
E_casci:                        -242.3045291 Eh
E0 (from RDM):                  -242.3045291 Eh
Ecorr:                            -0.1899047 Eh

Timing summary
... Hamil build:                    0.0164824 s
... Hamil diag:                     0.0004728 s
... RDM build:                      3.8617353 s
State     Energy / Eh         Splitting / Eh      Splitting / cm-1    Splitting / meV     
0         -2.4230482e+02      +0.0000000e+00      +0.0000000e+00      +0.0000000e+00      
1         -2.4230482e+02      +1.0992665e-09      +2.4126110e-04      +2.9912578e-05      
2         -2.4230438e+02      +4.4107881e-04      +9.6805609e+01      +1.2002372e+01      
3         -2.4230438e+02      +1.0805650e-09      +2.3715660e-04      +2.9403685e-05      
4         -2.4230438e+02      +8.9775654e-10      +1.9703478e-04      +2.4429211e-05      
5         -2.4230438e+02      +3.6629899e-10      +8.0393336e-05      +9.9675080e-06      
Total time taken:                   4.1979411 s
===============================================

===============================================
            Relativistic DSRG-MRPT2            
===============================================
-----------------------------------------------
        DSRG-MRPT2 reference relaxation        
-----------------------------------------------
Iter                          Energy              Delta E   
   -Eref  -242.3045291       
   -Ecorr -0.1871112       
<Psi^(0)|Hbar^(0)|Psi^(0)>    -242.4916403        -2.42492e+02
   -Erelax-0.0001337       
<Psi^(0)|Hbar^(1)|Psi^(0)>    -242.4917740        -1.33661e-04
   -Eref  -242.3043957       
   -Ecorr -0.1873647       
<Psi^(1)|Hbar^(1)|Psi^(1)>    -242.4917604        1.35666e-05
   -Erelax-0.0000000       
<Psi^(1)|Hbar^(2)|Psi^(1)>    -242.4917604        -2.67221e-10
   -Eref  -242.3043953       
   -Ecorr -0.1873651       
<Psi^(2)|Hbar^(2)|Psi^(2)>    -242.4917604        1.82523e-08
   -Erelax-0.0000000       
<Psi^(2)|Hbar^(3)|Psi^(2)>    -242.4917604        0.00000e+00
   -Eref  -242.3043953       
   -Ecorr -0.1873651       
<Psi^(3)|Hbar^(3)|Psi^(3)>    -242.4917604        2.41016e-11
   -Erelax-0.0000000       
<Psi^(3)|Hbar^(4)|Psi^(3)>    -242.4917604        0.00000e+00
Unrelaxed DSRG-MRPT2 energy:              -242.4916403 Eh
Unrelaxed DSRG-MRPT2 E_corr:                -0.1871112 Eh
Partially relaxed DSRG-MRPT2 energy:      -242.4917740 Eh
Partially relaxed DSRG-MRPT2 E_corr:        -0.1872449 Eh
Relaxed DSRG-MRPT2 energy:                -242.4917604 Eh
Relaxed DSRG-MRPT2 E_corr:                  -0.1873647 Eh
Fully relaxed DSRG-MRPT2 energy:          -242.4917604 Eh
Fully relaxed DSRG-MRPT2 E_corr:            -0.1873651 Eh
State     Energy / Eh         Splitting / Eh      Splitting / cm-1    Splitting / meV     
0         -2.4249208e+02      +0.0000000e+00      +0.0000000e+00      +0.0000000e+00      
1         -2.4249208e+02      +8.7510443e-10      +1.9206322e-04      +2.3812816e-05      
2         -2.4249160e+02      +4.8081323e-04      +1.0552631e+02      +1.3083601e+01      
3         -2.4249160e+02      +8.4776275e-10      +1.8606242e-04      +2.3068810e-05      
4         -2.4249160e+02      +6.8072836e-10      +1.4940261e-04      +1.8523571e-05      
5         -2.4249160e+02      +2.9811531e-10      +6.5428747e-05      +8.1121347e-06      
Time taken:                       70.1409707 s
===============================================
===============================================
              PySCF DHF interface              
===============================================

Timing report
....integral reading:       1.8938951 s

===============================================
            Relativistic CASCI(4,8)            
===============================================
Will now allocate 0.078 MB memory for the CASCI Hamiltonian!
Time taken for 1-RDM build:        0.0099394 s
Time taken for 1-RDM build:        0.0096042 s
Time taken for 1-RDM build:        0.0096126 s
Time taken for 1-RDM build:        0.0095968 s
Time taken for 1-RDM build:        0.0096104 s
Time taken for 1-RDM build:        0.0096087 s
Time taken for 1-RDM build:        0.0095809 s
Time taken for 1-RDM build:        0.0096240 s
Time taken for 1-RDM build:        0.0096223 s
Time taken for 2-RDM build:        0.0348103 s
Time taken for 2-RDM build:        0.0347872 s
Time taken for 2-RDM build:        0.0347736 s
Time taken for 2-RDM build:        0.0347884 s
Time taken for 2-RDM build:        0.0347583 s
Time taken for 2-RDM build:        0.0347250 s
Time taken for 2-RDM build:        0.0348101 s
Time taken for 2-RDM build:        0.0347769 s
Time taken for 2-RDM build:        0.0347488 s
Time taken for 3-RDM build:        0.1523986 s
Time taken for 3-RDM build:        0.1510792 s
Time taken for 3-RDM build:        0.1514227 s
Time taken for 3-RDM build:        0.1513431 s
Time taken for 3-RDM build:        0.1510403 s
Time taken for 3-RDM build:        0.1509562 s
Time taken for 3-RDM build:        0.1512496 s
Time taken for 3-RDM build:        0.1511250 s
Time taken for 3-RDM build:        0.1508594 s
E_frzc:                         -285.7423197 Eh
E_cas:                            -3.6921024 Eh
E_nuc:                             0.0000000 Eh
E_casci:                        -289.4337768 Eh
E0 (from RDM):                  -289.4337768 Eh
Ecorr:                            -0.2329780 Eh

Timing summary
... Hamil build:                    0.0259652 s
... Hamil diag:                     0.0010788 s
... RDM build:                      5.0606217 s
State     Energy / Eh         Splitting / Eh      Splitting / cm-1    Splitting / meV     
0         -2.8943442e+02      +0.0000000e+00      +0.0000000e+00      +0.0000000e+00      
1         -2.8943409e+02      +3.3211201e-04      +7.2890160e+01      +9.0372324e+00      
2         -2.8943409e+02      +8.1735152e-10      +1.7938792e-04      +2.2241278e-05      
3         -2.8943409e+02      +8.9210062e-10      +1.9579345e-04      +2.4275306e-05      
4         -2.8943346e+02      +6.3005266e-04      +1.3828057e+02      +1.7144614e+01      
5         -2.8943346e+02      +2.5920599e-10      +5.6889139e-05      +7.0533576e-06      
6         -2.8943346e+02      +7.8654239e-10      +1.7262610e-04      +2.1402919e-05      
7         -2.8943346e+02      +6.1896799e-10      +1.3584777e-04      +1.6842985e-05      
8         -2.8943346e+02      +4.2439297e-10      +9.3143489e-05      +1.1548326e-05      
Total time taken:                   5.4081175 s
===============================================

===============================================
            Relativistic DSRG-MRPT2            
===============================================
-----------------------------------------------
        DSRG-MRPT2 reference relaxation        
-----------------------------------------------
Iter                          Energy              Delta E   
   -Eref  -289.4337768       
   -Ecorr -0.2052765       
<Psi^(0)|Hbar^(0)|Psi^(0)>    -289.6390533        -2.89639e+02
   -Erelax-0.0000808       
<Psi^(0)|Hbar^(1)|Psi^(0)>    -289.6391341        -8.07921e-05
   -Eref  -289.4336963       
   -Ecorr -0.2054516       
<Psi^(1)|Hbar^(1)|Psi^(1)>    -289.6391479        -1.38453e-05
   -Erelax-0.0000000       
<Psi^(1)|Hbar^(2)|Psi^(1)>    -289.6391479        -5.87761e-11
   -Eref  -289.4336964       
   -Ecorr -0.2054515       
<Psi^(2)|Hbar^(2)|Psi^(2)>    -289.6391479        3.79407e-09
   -Erelax-0.0000000       
<Psi^(2)|Hbar^(3)|Psi^(2)>    -289.6391479        0.00000e+00
Unrelaxed DSRG-MRPT2 energy:              -289.6390533 Eh
Unrelaxed DSRG-MRPT2 E_corr:                -0.2052765 Eh
Partially relaxed DSRG-MRPT2 energy:      -289.6391341 Eh
Partially relaxed DSRG-MRPT2 E_corr:        -0.2053573 Eh
Relaxed DSRG-MRPT2 energy:                -289.6391479 Eh
Relaxed DSRG-MRPT2 E_corr:                  -0.2054516 Eh
Fully relaxed DSRG-MRPT2 energy:          -289.6391479 Eh
Fully relaxed DSRG-MRPT2 E_corr:            -0.2054515 Eh
State     Energy / Eh         Splitting / Eh      Splitting / cm-1    Splitting / meV     
0         -2.8963984e+02      +0.0000000e+00      +0.0000000e+00      +0.0000000e+00      
1         -2.8963948e+02      +3.5729258e-04      +7.8416657e+01      +9.7224310e+00      
2         -2.8963948e+02      +5.9554850e-10      +1.3070779e-04      +1.6205708e-05      
3         -2.8963948e+02      +6.2431127e-10      +1.3702048e-04      +1.6988383e-05      
4         -2.8963881e+02      +6.7566258e-04      +1.4829080e+02      +1.8385724e+01      
5         -2.8963881e+02      +2.1981350e-10      +4.8243487e-05      +5.9814329e-06      
6         -2.8963881e+02      +5.4723159e-10      +1.2010345e-04      +1.4890937e-05      
7         -2.8963881e+02      +4.8595439e-10      +1.0665466e-04      +1.3223499e-05      
8         -2.8963881e+02      +2.8251179e-10      +6.2004171e-05      +7.6875411e-06      
Time taken:                       52.7759483 s
===============================================
===============================================
              PySCF DHF interface              
===============================================

Timing report
....integral reading:       1.8996823 s

===============================================
            Relativistic CASCI(5,8)            
===============================================
Will now allocate 0.050 MB memory for the CASCI Hamiltonian!
Time taken for 1-RDM build:        0.0057180 s
Time taken for 1-RDM build:        0.0057170 s
Time taken for 1-RDM build:        0.0057108 s
Time taken for 1-RDM build:        0.0057099 s
Time taken for 1-RDM build:        0.0057197 s
Time taken for 1-RDM build:        0.0057335 s
Time taken for 1-RDM build:        0.0057220 s
Time taken for 1-RDM build:        0.0057156 s
Time taken for 1-RDM build:        0.0057149 s
Time taken for 1-RDM build:        0.0056839 s
Time taken for 1-RDM build:        0.0056794 s
Time taken for 1-RDM build:        0.0057008 s
Time taken for 1-RDM build:        0.0056889 s
Time taken for 1-RDM build:        0.0056977 s
Time taken for 2-RDM build:        0.0255141 s
Time taken for 2-RDM build:        0.0254488 s
Time taken for 2-RDM build:        0.0254879 s
Time taken for 2-RDM build:        0.0254304 s
Time taken for 2-RDM build:        0.0254393 s
Time taken for 2-RDM build:        0.0255058 s
Time taken for 2-RDM build:        0.0254529 s
Time taken for 2-RDM build:        0.0254655 s
Time taken for 2-RDM build:        0.0254607 s
Time taken for 2-RDM build:        0.0254216 s
Time taken for 2-RDM build:        0.0254576 s
Time taken for 2-RDM build:        0.0254478 s
Time taken for 2-RDM build:        0.0254748 s
Time taken for 2-RDM build:        0.0254858 s
Time taken for 3-RDM build:        0.1508043 s
Time taken for 3-RDM build:        0.1482656 s
Time taken for 3-RDM build:        0.1525264 s
Time taken for 3-RDM build:        0.1536407 s
Time taken for 3-RDM build:        0.1484475 s
Time taken for 3-RDM build:        0.1484463 s
Time taken for 3-RDM build:        0.1483698 s
Time taken for 3-RDM build:        0.1483490 s
Time taken for 3-RDM build:        0.1507022 s
Time taken for 3-RDM build:        0.1485245 s
Time taken for 3-RDM build:        0.1485476 s
Time taken for 3-RDM build:        0.1486516 s
Time taken for 3-RDM build:        0.1488795 s
Time taken for 3-RDM build:        0.1487164 s
E_frzc:                         -335.1272672 Eh
E_cas:                            -6.3636403 Eh
E_nuc:                             0.0000000 Eh
E_casci:                        -341.4410664 Eh
E0 (from RDM):                  -341.4410664 Eh
Ecorr:                            -0.2138107 Eh

Timing summary
... Hamil build:                    0.0212102 s
... Hamil diag:                     0.0005209 s
... RDM build:                      5.8292263 s
State     Energy / Eh         Splitting / Eh      Splitting / cm-1    Splitting / meV     
0         -3.4149091e+02      +0.0000000e+00      +0.0000000e+00      +0.0000000e+00      
1         -3.4149091e+02      +3.2849812e-10      +7.2097003e-05      +8.9388933e-06      
2         -3.4149091e+02      +3.2838443e-10      +7.2072051e-05      +8.9357998e-06      
3         -3.4149091e+02      +3.2798653e-10      +7.1984722e-05      +8.9249722e-06      
4         -3.4142117e+02      +6.9735531e-02      +1.5305180e+04      +1.8976014e+03      
5         -3.4142117e+02      +1.5667183e-09      +3.4385492e-04      +4.2632597e-05      
6         -3.4142117e+02      +1.3034196e-09      +2.8606753e-04      +3.5467871e-05      
7         -3.4142117e+02      +1.7383286e-09      +3.8151902e-04      +4.7302353e-05      
8         -3.4142110e+02      +6.9890622e-05      +1.5339218e+01      +1.9018216e+00      
9         -3.4142110e+02      +9.2740038e-10      +2.0354085e-04      +2.5235862e-05      
10        -3.4142110e+02      +9.6150643e-10      +2.1102627e-04      +2.6163935e-05      
11        -3.4142110e+02      +7.5050366e-10      +1.6471651e-04      +2.0422255e-05      
12        -3.4142110e+02      +9.6383701e-10      +2.1153777e-04      +2.6227353e-05      
13        -3.4142110e+02      +1.9558115e-09      +4.2925101e-04      +5.3220367e-05      
Total time taken:                   6.1728809 s
===============================================

===============================================
            Relativistic DSRG-MRPT2            
===============================================
-----------------------------------------------
        DSRG-MRPT2 reference relaxation        
-----------------------------------------------
Iter                          Energy              Delta E   
   -Eref  -341.4410664       
   -Ecorr -0.2397142       
<Psi^(0)|Hbar^(0)|Psi^(0)>    -341.6807806        -3.41681e+02
   -Erelax-0.0000003       
<Psi^(0)|Hbar^(1)|Psi^(0)>    -341.6807809        -3.16236e-07
   -Eref  -341.4410661       
   -Ecorr -0.2397149       
<Psi^(1)|Hbar^(1)|Psi^(1)>    -341.6807810        -1.06006e-07
   -Erelax-0.0000000       
<Psi^(1)|Hbar^(2)|Psi^(1)>    -341.6807810        -3.01270e-12
   -Eref  -341.4410661       
   -Ecorr -0.2397149       
<Psi^(2)|Hbar^(2)|Psi^(2)>    -341.6807810        2.37605e-10
   -Erelax-0.0000000       
<Psi^(2)|Hbar^(3)|Psi^(2)>    -341.6807810        0.00000e+00
Unrelaxed DSRG-MRPT2 energy:              -341.6807806 Eh
Unrelaxed DSRG-MRPT2 E_corr:                -0.2397142 Eh
Partially relaxed DSRG-MRPT2 energy:      -341.6807809 Eh
Partially relaxed DSRG-MRPT2 E_corr:        -0.2397145 Eh
Relaxed DSRG-MRPT2 energy:                -341.6807810 Eh
Relaxed DSRG-MRPT2 E_corr:                  -0.2397149 Eh
Fully relaxed DSRG-MRPT2 energy:          -341.6807810 Eh
Fully relaxed DSRG-MRPT2 E_corr:            -0.2397149 Eh
State     Energy / Eh         Splitting / Eh      Splitting / cm-1    Splitting / meV     
0         -3.4172490e+02      +0.0000000e+00      +0.0000000e+00      +0.0000000e+00      
1         -3.4172490e+02      +2.4834890e-10      +5.4506282e-05      +6.7579209e-06      
2         -3.4172490e+02      +2.4795099e-10      +5.4418952e-05      +6.7470934e-06      
3         -3.4172490e+02      +2.4812152e-10      +5.4456380e-05      +6.7517338e-06      
4         -3.4166317e+02      +6.1725658e-02      +1.3547216e+04      +1.6796415e+03      
5         -3.4166317e+02      +9.0693675e-10      +1.9904961e-04      +2.4679018e-05      
6         -3.4166317e+02      +7.4692252e-10      +1.6393054e-04      +2.0324807e-05      
7         -3.4166317e+02      +9.9743147e-10      +2.1891090e-04      +2.7141506e-05      
8         -3.4166311e+02      +6.3906791e-05      +1.4025919e+01      +1.7389932e+00      
9         -3.4166311e+02      +5.0158633e-10      +1.1008547e-04      +1.3648866e-05      
10        -3.4166311e+02      +4.7037929e-10      +1.0323632e-04      +1.2799679e-05      
11        -3.4166311e+02      +4.6611603e-10      +1.0230064e-04      +1.2683669e-05      
12        -3.4166311e+02      +5.5132432e-10      +1.2100170e-04      +1.5002306e-05      
13        -3.4166311e+02      +9.6002850e-10      +2.1070190e-04      +2.6123719e-05      
Time taken:                       54.3549638 s
===============================================
===============================================
              PySCF DHF interface              
===============================================

Timing report
....integral reading:       1.9021475 s

===============================================
            Relativistic CASCI(6,8)            
===============================================
Will now allocate 0.013 MB memory for the CASCI Hamiltonian!
Time taken for 1-RDM build:        0.0022168 s
Time taken for 1-RDM build:        0.0022037 s
Time taken for 1-RDM build:        0.0021968 s
Time taken for 1-RDM build:        0.0021927 s
Time taken for 1-RDM build:        0.0021999 s
Time taken for 1-RDM build:        0.0022006 s
Time taken for 1-RDM build:        0.0021944 s
Time taken for 1-RDM build:        0.0021942 s
Time taken for 1-RDM build:        0.0021973 s
Time taken for 2-RDM build:        0.0086412 s
Time taken for 2-RDM build:        0.0085840 s
Time taken for 2-RDM build:        0.0085866 s
Time taken for 2-RDM build:        0.0085807 s
Time taken for 2-RDM build:        0.0085585 s
Time taken for 2-RDM build:        0.0085790 s
Time taken for 2-RDM build:        0.0085640 s
Time taken for 2-RDM build:        0.0085728 s
Time taken for 2-RDM build:        0.0085659 s
Time taken for 3-RDM build:        0.0689454 s
Time taken for 3-RDM build:        0.0663722 s
Time taken for 3-RDM build:        0.0663242 s
Time taken for 3-RDM build:        0.0662475 s
Time taken for 3-RDM build:        0.0663214 s
Time taken for 3-RDM build:        0.0663128 s
Time taken for 3-RDM build:        0.0662880 s
Time taken for 3-RDM build:        0.0662830 s
Time taken for 3-RDM build:        0.0662763 s
E_frzc:                         -388.5675376 Eh
E_cas:                            -9.9659359 Eh
E_nuc:                             0.0000000 Eh
E_casci:                        -398.5325748 Eh
E0 (from RDM):                  -398.5325748 Eh
Ecorr:                            -0.1603097 Eh

Timing summary
... Hamil build:                    0.0085948 s
... Hamil diag:                     0.0002589 s
... RDM build:                      3.9928575 s
State     Energy / Eh         Splitting / Eh      Splitting / cm-1    Splitting / meV     
0         -3.9853347e+02      +0.0000000e+00      +0.0000000e+00      +0.0000000e+00      
1         -3.9853347e+02      +5.6296585e-09      +1.2355672e-03      +1.5319088e-04      
2         -3.9853347e+02      +5.9783360e-09      +1.3120931e-03      +1.6267889e-04      
3         -3.9853347e+02      +5.6479053e-09      +1.2395719e-03      +1.5368740e-04      
4         -3.9853347e+02      +5.6580234e-09      +1.2417926e-03      +1.5396273e-04      
5         -3.9853166e+02      +1.8163270e-03      +3.9863770e+02      +4.9424800e+01      
6         -3.9853166e+02      +3.5533390e-09      +7.7986775e-04      +9.6691324e-05      
7         -3.9853166e+02      +3.5755079e-09      +7.8473327e-04      +9.7294572e-05      
8         -3.9853083e+02      +8.2294816e-04      +1.8061624e+02      +2.2393571e+01      
Total time taken:                   4.3235202 s
===============================================

===============================================
            Relativistic DSRG-MRPT2            
===============================================
-----------------------------------------------
        DSRG-MRPT2 reference relaxation        
-----------------------------------------------
Iter                          Energy              Delta E   
   -Eref  -398.5325748       
   -Ecorr -0.2788898       
<Psi^(0)|Hbar^(0)|Psi^(0)>    -398.8114646        -3.98811e+02
   -Erelax-0.0000002       
<Psi^(0)|Hbar^(1)|Psi^(0)>    -398.8114648        -2.05471e-07
   -Eref  -398.5325746       
   -Ecorr -0.2788903       
<Psi^(1)|Hbar^(1)|Psi^(1)>    -398.8114649        -1.06410e-07
   -Erelax-0.0000000       
<Psi^(1)|Hbar^(2)|Psi^(1)>    -398.8114649        -2.29136e-10
   -Eref  -398.5325746       
   -Ecorr -0.2788903       
<Psi^(2)|Hbar^(2)|Psi^(2)>    -398.8114649        3.95119e-09
   -Erelax-0.0000000       
<Psi^(2)|Hbar^(3)|Psi^(2)>    -398.8114649        -5.11591e-13
Unrelaxed DSRG-MRPT2 energy:              -398.8114646 Eh
Unrelaxed DSRG-MRPT2 E_corr:                -0.2788898 Eh
Partially relaxed DSRG-MRPT2 energy:      -398.8114648 Eh
Partially relaxed DSRG-MRPT2 E_corr:        -0.2788900 Eh
Relaxed DSRG-MRPT2 energy:                -398.8114649 Eh
Relaxed DSRG-MRPT2 E_corr:                  -0.2788903 Eh
Fully relaxed DSRG-MRPT2 energy:          -398.8114649 Eh
Fully relaxed DSRG-MRPT2 E_corr:            -0.2788903 Eh
State     Energy / Eh         Splitting / Eh      Splitting / cm-1    Splitting / meV     
0         -3.9881236e+02      +0.0000000e+00      +0.0000000e+00      +0.0000000e+00      
1         -3.9881236e+02      +2.7243345e-09      +5.9792231e-04      +7.4132954e-05      
2         -3.9881236e+02      +2.5262352e-09      +5.5444454e-04      +6.8742395e-05      
3         -3.9881236e+02      +2.3878215e-09      +5.2406624e-04      +6.4975963e-05      
4         -3.9881236e+02      +2.5952431e-09      +5.6959003e-04      +7.0620196e-05      
5         -3.9881055e+02      +1.8041399e-03      +3.9596295e+02      +4.9093172e+01      
6         -3.9881055e+02      +1.3614567e-09      +2.9880521e-04      +3.7047142e-05      
7         -3.9881055e+02      +1.4643433e-09      +3.2138621e-04      +3.9846830e-05      
8         -3.9880974e+02      +8.1782923e-04      +1.7949277e+02      +2.2254277e+01      
Time taken:                       50.6562831 s
===============================================
===============================================
              PySCF DHF interface              
===============================================

Timing report
....integral reading:       1.9013150 s

===============================================
            Relativistic CASCI(7,8)            
===============================================
Will now allocate 0.001 MB memory for the CASCI Hamiltonian!
Time taken for 1-RDM build:        0.0003755 s
Time taken for 1-RDM build:        0.0003672 s
Time taken for 1-RDM build:        0.0003703 s
Time taken for 1-RDM build:        0.0003664 s
Time taken for 1-RDM build:        0.0003676 s
Time taken for 1-RDM build:        0.0003667 s
Time taken for 2-RDM build:        0.0010452 s
Time taken for 2-RDM build:        0.0010037 s
Time taken for 2-RDM build:        0.0009975 s
Time taken for 2-RDM build:        0.0009997 s
Time taken for 2-RDM build:        0.0010071 s
Time taken for 2-RDM build:        0.0009999 s
Time taken for 3-RDM build:        0.0136175 s
Time taken for 3-RDM build:        0.0124800 s
Time taken for 3-RDM build:        0.0124557 s
Time taken for 3-RDM build:        0.0124624 s
Time taken for 3-RDM build:        0.0124500 s
Time taken for 3-RDM build:        0.0124226 s
E_frzc:                         -446.0682972 Eh
E_cas:                           -14.7582517 Eh
E_nuc:                             0.0000000 Eh
E_casci:                        -460.8252020 Eh
E0 (from RDM):                  -460.8252020 Eh
Ecorr:                             0.0013470 Eh

Timing summary
... Hamil build:                    0.0018964 s
... Hamil diag:                     0.0000947 s
... RDM build:                      3.3842444 s
State     Energy / Eh         Splitting / Eh      Splitting / cm-1    Splitting / meV     
0         -4.6082655e+02      +0.0000000e+00      +0.0000000e+00      +0.0000000e+00      
1         -4.6082655e+02      +1.2022326e-08      +2.6385956e-03      +3.2714432e-04      
2         -4.6082655e+02      +5.7600573e-09      +1.2641864e-03      +1.5673922e-04      
3         -4.6082655e+02      +1.1622035e-08      +2.5507418e-03      +3.1625183e-04      
4         -4.6082251e+02      +4.0408198e-03      +8.8685742e+02      +1.0995636e+02      
5         -4.6082251e+02      +2.0031848e-08      +4.3964825e-03      +5.4509461e-04      
Total time taken:                   3.7046881 s
===============================================

===============================================
            Relativistic DSRG-MRPT2            
===============================================
-----------------------------------------------
        DSRG-MRPT2 reference relaxation        
-----------------------------------------------
Iter                          Energy              Delta E   
   -Eref  -460.8252020       
   -Ecorr -0.3284888       
<Psi^(0)|Hbar^(0)|Psi^(0)>    -461.1536907        -4.61154e+02
   -Erelax-0.0000000       
<Psi^(0)|Hbar^(1)|Psi^(0)>    -461.1536907        0.00000e+00
   -Eref  -460.8252020       
   -Ecorr -0.3284888       
<Psi^(1)|Hbar^(1)|Psi^(1)>    -461.1536907        -1.13687e-13
   -Erelax-0.0000000       
<Psi^(1)|Hbar^(2)|Psi^(1)>    -461.1536907        0.00000e+00
Unrelaxed DSRG-MRPT2 energy:              -461.1536907 Eh
Unrelaxed DSRG-MRPT2 E_corr:                -0.3284888 Eh
Partially relaxed DSRG-MRPT2 energy:      -461.1536907 Eh
Partially relaxed DSRG-MRPT2 E_corr:        -0.3284888 Eh
Relaxed DSRG-MRPT2 energy:                -461.1536907 Eh
Relaxed DSRG-MRPT2 E_corr:                  -0.3284888 Eh
Fully relaxed DSRG-MRPT2 energy:          -461.1536907 Eh
Fully relaxed DSRG-MRPT2 E_corr:            -0.3284888 Eh
State     Energy / Eh         Splitting / Eh      Splitting / cm-1    Splitting / meV     
0         -4.6115506e+02      +0.0000000e+00      +0.0000000e+00      +0.0000000e+00      
1         -4.6115506e+02      +4.5237130e-09      +9.9284023e-04      +1.2309656e-04      
2         -4.6115506e+02      +3.0224214e-09      +6.6334482e-04      +8.2244315e-05      
3         -4.6115506e+02      +4.2941792e-09      +9.4246340e-04      +1.1685062e-04      
4         -4.6115095e+02      +4.1138969e-03      +9.0289599e+02      +1.1194489e+02      
5         -4.6115095e+02      +7.9712663e-09      +1.7494907e-03      +2.1690931e-04      
Time taken:                       29.7247498 s
===============================================
===============================================
              PySCF DHF interface              
===============================================

Timing report
....integral reading:      23.4950809 s

===============================================
            Relativistic CASCI(3,8)            
===============================================
Will now allocate 0.050 MB memory for the CASCI Hamiltonian!
Time taken for 1-RDM build:        0.0056751 s
Time taken for 1-RDM build:        0.0056629 s
Time taken for 1-RDM build:        0.0056460 s
Time taken for 1-RDM build:        0.0056431 s
Time taken for 1-RDM build:        0.0056493 s
Time taken for 1-RDM build:        0.0056515 s
Time taken for 2-RDM build:        0.0232549 s
Time taken for 2-RDM build:        0.0230942 s
Time taken for 2-RDM build:        0.0231094 s
Time taken for 2-RDM build:        0.0231974 s
Time taken for 2-RDM build:        0.0231082 s
Time taken for 2-RDM build:        0.0231569 s
Time taken for 3-RDM build:        0.0652728 s
Time taken for 3-RDM build:        0.0643442 s
Time taken for 3-RDM build:        0.0642679 s
Time taken for 3-RDM build:        0.0644081 s
Time taken for 3-RDM build:        0.0643494 s
Time taken for 3-RDM build:        0.0647113 s
E_frzc:                        -1939.7138290 Eh
E_cas:                            -2.0100161 Eh
E_nuc:                             0.0000000 Eh
E_casci:                       -1941.7217616 Eh
E0 (from RDM):                 -1941.7217616 Eh
Ecorr:                            -0.1944870 Eh

Timing summary
... Hamil build:                    0.0166740 s
... Hamil diag:                     0.0005100 s
... RDM build:                     46.9142897 s
State     Energy / Eh         Splitting / Eh      Splitting / cm-1    Splitting / meV     
0         -1.9417238e+03      +0.0000000e+00      +0.0000000e+00      +0.0000000e+00      
1         -1.9417238e+03      +1.0702479e-09      +2.3489226e-04      +2.9122942e-05      
2         -1.9417207e+03      +3.1252750e-03      +6.8591858e+02      +8.5043106e+01      
3         -1.9417207e+03      +1.1004886e-09      +2.4152933e-04      +2.9945834e-05      
4         -1.9417207e+03      +9.5178621e-10      +2.0889293e-04      +2.5899434e-05      
5         -1.9417207e+03      +6.4619599e-10      +1.4182362e-04      +1.7583897e-05      
Total time taken:                  50.6003904 s
===============================================

===============================================
            Relativistic DSRG-MRPT2            
===============================================
-----------------------------------------------
        DSRG-MRPT2 reference relaxation        
-----------------------------------------------
Iter                          Energy              Delta E   
   -Eref  -1941.7217616       
   -Ecorr -0.9385709       
<Psi^(0)|Hbar^(0)|Psi^(0)>    -1942.6603325       -1.94266e+03
   -Erelax-0.0001878       
<Psi^(0)|Hbar^(1)|Psi^(0)>    -1942.6605203       -1.87827e-04
   -Eref  -1941.7215751       
   -Ecorr -0.9389385       
<Psi^(1)|Hbar^(1)|Psi^(1)>    -1942.6605137       6.67358e-06
   -Erelax-0.0000000       
<Psi^(1)|Hbar^(2)|Psi^(1)>    -1942.6605137       -3.02407e-11
   -Eref  -1941.7215750       
   -Ecorr -0.9389387       
<Psi^(2)|Hbar^(2)|Psi^(2)>    -1942.6605137       2.33649e-09
   -Erelax0.0000000       
<Psi^(2)|Hbar^(3)|Psi^(2)>    -1942.6605137       0.00000e+00
Unrelaxed DSRG-MRPT2 energy:             -1942.6603325 Eh
Unrelaxed DSRG-MRPT2 E_corr:                -0.9385709 Eh
Partially relaxed DSRG-MRPT2 energy:     -1942.6605203 Eh
Partially relaxed DSRG-MRPT2 E_corr:        -0.9387587 Eh
Relaxed DSRG-MRPT2 energy:               -1942.6605137 Eh
Relaxed DSRG-MRPT2 E_corr:                  -0.9389385 Eh
Fully relaxed DSRG-MRPT2 energy:         -1942.6605137 Eh
Fully relaxed DSRG-MRPT2 E_corr:            -0.9389387 Eh
State     Energy / Eh         Splitting / Eh      Splitting / cm-1    Splitting / meV     
0         -1.9426629e+03      +0.0000000e+00      +0.0000000e+00      +0.0000000e+00      
1         -1.9426629e+03      +7.4669515e-10      +1.6388064e-04      +2.0318620e-05      
2         -1.9426593e+03      +3.5140597e-03      +7.7124696e+02      +9.5622482e+01      
3         -1.9426593e+03      +7.5465323e-10      +1.6562724e-04      +2.0535170e-05      
4         -1.9426593e+03      +6.5506356e-10      +1.4376983e-04      +1.7825196e-05      
5         -1.9426593e+03      +4.6361492e-10      +1.0175171e-04      +1.2615611e-05      
Time taken:                      669.4498835 s
===============================================
===============================================
              PySCF DHF interface              
===============================================

Timing report
....integral reading:      23.5115201 s

===============================================
            Relativistic CASCI(4,8)            
===============================================
Will now allocate 0.078 MB memory for the CASCI Hamiltonian!
Time taken for 1-RDM build:        0.0099893 s
Time taken for 1-RDM build:        0.0096400 s
Time taken for 1-RDM build:        0.0096381 s
Time taken for 1-RDM build:        0.0096316 s
Time taken for 1-RDM build:        0.0096338 s
Time taken for 1-RDM build:        0.0096276 s
Time taken for 1-RDM build:        0.0096810 s
Time taken for 1-RDM build:        0.0096343 s
Time taken for 1-RDM build:        0.0096054 s
Time taken for 2-RDM build:        0.0349481 s
Time taken for 2-RDM build:        0.0348532 s
Time taken for 2-RDM build:        0.0348473 s
Time taken for 2-RDM build:        0.0348423 s
Time taken for 2-RDM build:        0.0347767 s
Time taken for 2-RDM build:        0.0348072 s
Time taken for 2-RDM build:        0.0348396 s
Time taken for 2-RDM build:        0.0348432 s
Time taken for 2-RDM build:        0.0348430 s
Time taken for 3-RDM build:        0.1539755 s
Time taken for 3-RDM build:        0.1516597 s
Time taken for 3-RDM build:        0.1518347 s
Time taken for 3-RDM build:        0.1515536 s
Time taken for 3-RDM build:        0.1515505 s
Time taken for 3-RDM build:        0.1515765 s
Time taken for 3-RDM build:        0.1513565 s
Time taken for 3-RDM build:        0.1514580 s
Time taken for 3-RDM build:        0.1521313 s
E_frzc:                        -2092.8592106 Eh
E_cas:                            -3.6862998 Eh
E_nuc:                             0.0000000 Eh
E_casci:                       -2096.5413860 Eh
E0 (from RDM):                 -2096.5413860 Eh
Ecorr:                            -0.2153364 Eh

Timing summary
... Hamil build:                    0.0259488 s
... Hamil diag:                     0.0010903 s
... RDM build:                     48.0288010 s
State     Energy / Eh         Splitting / Eh      Splitting / cm-1    Splitting / meV     
0         -2.0965455e+03      +0.0000000e+00      +0.0000000e+00      +0.0000000e+00      
1         -2.0965432e+03      +2.3344184e-03      +5.1234561e+02      +6.3522789e+01      
2         -2.0965432e+03      +6.4164851e-10      +1.4082557e-04      +1.7460154e-05      
3         -2.0965432e+03      +5.3205440e-10      +1.1677244e-04      +1.4477945e-05      
4         -2.0965395e+03      +3.6890520e-03      +8.0965333e+02      +1.0038427e+02      
5         -2.0965395e+03      +9.3723429e-10      +2.0569915e-04      +2.5503456e-05      
6         -2.0965395e+03      +1.0586518e-09      +2.3234722e-04      +2.8807397e-05      
7         -2.0965395e+03      +1.1709744e-09      +2.5699918e-04      +3.1863852e-05      
8         -2.0965395e+03      +1.0372787e-09      +2.2765636e-04      +2.8225805e-05      
Total time taken:                  51.7081480 s
===============================================

===============================================
            Relativistic DSRG-MRPT2            
===============================================
-----------------------------------------------
        DSRG-MRPT2 reference relaxation        
-----------------------------------------------
Iter                          Energy              Delta E   
   -Eref  -2096.5413860       
   -Ecorr -0.9304367       
<Psi^(0)|Hbar^(0)|Psi^(0)>    -2097.4718227       -2.09747e+03
   -Erelax-0.0000862       
<Psi^(0)|Hbar^(1)|Psi^(0)>    -2097.4719088       -8.61641e-05
   -Eref  -2096.5412997       
   -Ecorr -0.9306231       
<Psi^(1)|Hbar^(1)|Psi^(1)>    -2097.4719228       -1.39634e-05
   -Erelax-0.0000000       
<Psi^(1)|Hbar^(2)|Psi^(1)>    -2097.4719228       -8.32642e-10
   -Eref  -2096.5412996       
   -Ecorr -0.9306232       
<Psi^(2)|Hbar^(2)|Psi^(2)>    -2097.4719228       9.08631e-09
   -Erelax-0.0000000       
<Psi^(2)|Hbar^(3)|Psi^(2)>    -2097.4719228       0.00000e+00
Unrelaxed DSRG-MRPT2 energy:             -2097.4718227 Eh
Unrelaxed DSRG-MRPT2 E_corr:                -0.9304367 Eh
Partially relaxed DSRG-MRPT2 energy:     -2097.4719088 Eh
Partially relaxed DSRG-MRPT2 E_corr:        -0.9305229 Eh
Relaxed DSRG-MRPT2 energy:               -2097.4719228 Eh
Relaxed DSRG-MRPT2 E_corr:                  -0.9306231 Eh
Fully relaxed DSRG-MRPT2 energy:         -2097.4719228 Eh
Fully relaxed DSRG-MRPT2 E_corr:            -0.9306232 Eh
State     Energy / Eh         Splitting / Eh      Splitting / cm-1    Splitting / meV     
0         -2.0974763e+03      +0.0000000e+00      +0.0000000e+00      +0.0000000e+00      
1         -2.0974738e+03      +2.5175123e-03      +5.5253009e+02      +6.8505033e+01      
2         -2.0974738e+03      +4.2609827e-10      +9.3517760e-05      +1.1594730e-05      
3         -2.0974738e+03      +3.9062797e-10      +8.5732930e-05      +1.0629534e-05      
4         -2.0974699e+03      +3.9024593e-03      +8.5649081e+02      +1.0619138e+02      
5         -2.0974699e+03      +5.6206773e-10      +1.2335961e-04      +1.5294649e-05      
6         -2.0974699e+03      +6.4756023e-10      +1.4212304e-04      +1.7621020e-05      
7         -2.0974699e+03      +6.7711881e-10      +1.4861040e-04      +1.8425350e-05      
8         -2.0974699e+03      +5.8298610e-10      +1.2795066e-04      +1.5863867e-05      
Time taken:                      671.9784214 s
===============================================
===============================================
              PySCF DHF interface              
===============================================

Timing report
....integral reading:      23.4968839 s

===============================================
            Relativistic CASCI(5,8)            
===============================================
Will now allocate 0.050 MB memory for the CASCI Hamiltonian!
Time taken for 1-RDM build:        0.0057364 s
Time taken for 1-RDM build:        0.0057039 s
Time taken for 1-RDM build:        0.0056908 s
Time taken for 1-RDM build:        0.0057178 s
Time taken for 1-RDM build:        0.0057111 s
Time taken for 1-RDM build:        0.0057242 s
Time taken for 1-RDM build:        0.0057218 s
Time taken for 1-RDM build:        0.0057073 s
Time taken for 1-RDM build:        0.0057166 s
Time taken for 1-RDM build:        0.0057254 s
Time taken for 1-RDM build:        0.0057166 s
Time taken for 1-RDM build:        0.0057290 s
Time taken for 1-RDM build:        0.0056987 s
Time taken for 1-RDM build:        0.0057156 s
Time taken for 2-RDM build:        0.0255103 s
Time taken for 2-RDM build:        0.0254836 s
Time taken for 2-RDM build:        0.0254855 s
Time taken for 2-RDM build:        0.0254841 s
Time taken for 2-RDM build:        0.0255184 s
Time taken for 2-RDM build:        0.0254798 s
Time taken for 2-RDM build:        0.0254548 s
Time taken for 2-RDM build:        0.0255003 s
Time taken for 2-RDM build:        0.0255136 s
Time taken for 2-RDM build:        0.0255010 s
Time taken for 2-RDM build:        0.0254803 s
Time taken for 2-RDM build:        0.0254912 s
Time taken for 2-RDM build:        0.0254900 s
Time taken for 2-RDM build:        0.0255370 s
Time taken for 3-RDM build:        0.1498342 s
Time taken for 3-RDM build:        0.1483808 s
Time taken for 3-RDM build:        0.1483626 s
Time taken for 3-RDM build:        0.1482868 s
Time taken for 3-RDM build:        0.1483495 s
Time taken for 3-RDM build:        0.1484339 s
Time taken for 3-RDM build:        0.1491663 s
Time taken for 3-RDM build:        0.1482127 s
Time taken for 3-RDM build:        0.1482596 s
Time taken for 3-RDM build:        0.1484673 s
Time taken for 3-RDM build:        0.1484680 s
Time taken for 3-RDM build:        0.1484287 s
Time taken for 3-RDM build:        0.1484830 s
Time taken for 3-RDM build:        0.1486120 s
E_frzc:                        -2252.3726240 Eh
E_cas:                            -6.0718308 Eh
E_nuc:                             0.0000000 Eh
E_casci:                       -2258.3972569 Eh
E0 (from RDM):                 -2258.3972569 Eh
Ecorr:                            -0.0178409 Eh

Timing summary
... Hamil build:                    0.0213521 s
... Hamil diag:                     0.0005105 s
... RDM build:                     48.7897086 s
State     Energy / Eh         Splitting / Eh      Splitting / cm-1    Splitting / meV     
0         -2.2584445e+03      +0.0000000e+00      +0.0000000e+00      +0.0000000e+00      
1         -2.2584445e+03      +5.2432370e-10      +1.1507575e-04      +1.4267581e-05      
2         -2.2584445e+03      +5.2705218e-10      +1.1567458e-04      +1.4341827e-05      
3         -2.2584445e+03      +5.1386451e-10      +1.1278022e-04      +1.3982972e-05      
4         -2.2583793e+03      +6.5107933e-02      +1.4289540e+04      +1.7716780e+03      
5         -2.2583793e+03      +9.2859409e-10      +2.0380284e-04      +2.5268344e-05      
6         -2.2583793e+03      +1.1159500e-09      +2.4492271e-04      +3.0366561e-05      
7         -2.2583793e+03      +5.1250026e-10      +1.1248081e-04      +1.3945849e-05      
8         -2.2583777e+03      +1.6153755e-03      +3.5453394e+02      +4.3956628e+01      
9         -2.2583777e+03      +7.5033313e-10      +1.6467909e-04      +2.0417614e-05      
10        -2.2583777e+03      +4.8839865e-10      +1.0719111e-04      +1.3290011e-05      
11        -2.2583777e+03      +1.4611032e-09      +3.2067509e-04      +3.9758663e-05      
12        -2.2583777e+03      +1.6329977e-09      +3.5840157e-04      +4.4436153e-05      
13        -2.2583777e+03      +6.3982952e-10      +1.4042635e-04      +1.7410656e-05      
Total time taken:                  52.4629378 s
===============================================

===============================================
            Relativistic DSRG-MRPT2            
===============================================
-----------------------------------------------
        DSRG-MRPT2 reference relaxation        
-----------------------------------------------
Iter                          Energy              Delta E   
   -Eref  -2258.3972569       
   -Ecorr -0.9392259       
<Psi^(0)|Hbar^(0)|Psi^(0)>    -2259.3364827       -2.25934e+03
   -Erelax-0.0000049       
<Psi^(0)|Hbar^(1)|Psi^(0)>    -2259.3364877       -4.91353e-06
   -Eref  -2258.3972524       
   -Ecorr -0.9392367       
<Psi^(1)|Hbar^(1)|Psi^(1)>    -2259.3364890       -1.38893e-06
   -Erelax-0.0000000       
<Psi^(1)|Hbar^(2)|Psi^(1)>    -2259.3364890       -9.09495e-11
   -Eref  -2258.3972524       
   -Ecorr -0.9392366       
<Psi^(2)|Hbar^(2)|Psi^(2)>    -2259.3364890       6.41057e-09
   -Erelax-0.0000000       
<Psi^(2)|Hbar^(3)|Psi^(2)>    -2259.3364890       0.00000e+00
Unrelaxed DSRG-MRPT2 energy:             -2259.3364827 Eh
Unrelaxed DSRG-MRPT2 E_corr:                -0.9392259 Eh
Partially relaxed DSRG-MRPT2 energy:     -2259.3364877 Eh
Partially relaxed DSRG-MRPT2 E_corr:        -0.9392308 Eh
Relaxed DSRG-MRPT2 energy:               -2259.3364890 Eh
Relaxed DSRG-MRPT2 E_corr:                  -0.9392367 Eh
Fully relaxed DSRG-MRPT2 energy:         -2259.3364890 Eh
Fully relaxed DSRG-MRPT2 E_corr:            -0.9392366 Eh
State     Energy / Eh         Splitting / Eh      Splitting / cm-1    Splitting / meV     
0         -2.2593788e+03      +0.0000000e+00      +0.0000000e+00      +0.0000000e+00      
1         -2.2593788e+03      +2.4647306e-10      +5.4094585e-05      +6.7068769e-06      
2         -2.2593788e+03      +2.6284397e-10      +5.7687583e-05      +7.1523521e-06      
3         -2.2593788e+03      +2.4465407e-10      +5.3695363e-05      +6.6573796e-06      
4         -2.2593205e+03      +5.8283851e-02      +1.2791827e+04      +1.5859851e+03      
5         -2.2593205e+03      +4.4610715e-10      +9.7909202e-05      +1.2139200e-05      
6         -2.2593205e+03      +4.1427484e-10      +9.0922816e-05      +1.1272998e-05      
7         -2.2593205e+03      +3.0695446e-10      +6.7368717e-05      +8.3526603e-06      
8         -2.2593190e+03      +1.5323267e-03      +3.3630684e+02      +4.1696754e+01      
9         -2.2593190e+03      +4.3746695e-10      +9.6012897e-05      +1.1904088e-05      
10        -2.2593190e+03      +2.2646418e-10      +4.9703142e-05      +6.1624072e-06      
11        -2.2593190e+03      +7.4169293e-10      +1.6278278e-04      +2.0182502e-05      
12        -2.2593190e+03      +9.0039975e-10      +1.9761490e-04      +2.4501137e-05      
13        -2.2593190e+03      +3.3287506e-10      +7.3057631e-05      +9.0579961e-06      
Time taken:                      677.2846649 s
===============================================
===============================================
              PySCF DHF interface              
===============================================

Timing report
....integral reading:      23.5022097 s

===============================================
            Relativistic CASCI(6,8)            
===============================================
Will now allocate 0.013 MB memory for the CASCI Hamiltonian!
Time taken for 1-RDM build:        0.0022268 s
Time taken for 1-RDM build:        0.0021961 s
Time taken for 1-RDM build:        0.0022063 s
Time taken for 1-RDM build:        0.0022104 s
Time taken for 1-RDM build:        0.0022118 s
Time taken for 1-RDM build:        0.0022061 s
Time taken for 1-RDM build:        0.0022004 s
Time taken for 1-RDM build:        0.0022080 s
Time taken for 1-RDM build:        0.0022006 s
Time taken for 2-RDM build:        0.0086315 s
Time taken for 2-RDM build:        0.0086036 s
Time taken for 2-RDM build:        0.0085890 s
Time taken for 2-RDM build:        0.0085838 s
Time taken for 2-RDM build:        0.0085685 s
Time taken for 2-RDM build:        0.0085881 s
Time taken for 2-RDM build:        0.0085537 s
Time taken for 2-RDM build:        0.0085845 s
Time taken for 2-RDM build:        0.0085804 s
Time taken for 3-RDM build:        0.0679357 s
Time taken for 3-RDM build:        0.0662010 s
Time taken for 3-RDM build:        0.0661359 s
Time taken for 3-RDM build:        0.0661328 s
Time taken for 3-RDM build:        0.0661302 s
Time taken for 3-RDM build:        0.0661557 s
Time taken for 3-RDM build:        0.0662098 s
Time taken for 3-RDM build:        0.0661428 s
Time taken for 3-RDM build:        0.0662174 s
E_frzc:                        -2418.2608262 Eh
E_cas:                            -9.1774708 Eh
E_nuc:                             0.0000000 Eh
E_casci:                       -2427.4340589 Eh
E0 (from RDM):                 -2427.4340589 Eh
Ecorr:                            -0.1372548 Eh

Timing summary
... Hamil build:                    0.0087976 s
... Hamil diag:                     0.0002625 s
... RDM build:                     46.9772391 s
State     Energy / Eh         Splitting / Eh      Splitting / cm-1    Splitting / meV     
0         -2.4274383e+03      +0.0000000e+00      +0.0000000e+00      +0.0000000e+00      
1         -2.4274383e+03      +1.9413164e-09      +4.2606971e-04      +5.2825936e-05      
2         -2.4274383e+03      +8.9721652e-10      +1.9691626e-04      +2.4414517e-05      
3         -2.4274383e+03      +1.1737029e-09      +2.5759801e-04      +3.1938098e-05      
4         -2.4274383e+03      +1.8349056e-09      +4.0271522e-04      +4.9930347e-05      
5         -2.4274294e+03      +8.8831576e-03      +1.9496277e+03      +2.4172315e+02      
6         -2.4274294e+03      +4.1914063e-09      +9.1990735e-04      +1.1405403e-04      
7         -2.4274294e+03      +4.1027306e-09      +9.0044528e-04      +1.1164104e-04      
8         -2.4274268e+03      +2.6102260e-03      +5.7287839e+02      +7.1027902e+01      
Total time taken:                  50.6446071 s
===============================================

===============================================
            Relativistic DSRG-MRPT2            
===============================================
-----------------------------------------------
        DSRG-MRPT2 reference relaxation        
-----------------------------------------------
Iter                          Energy              Delta E   
   -Eref  -2427.4340589       
   -Ecorr -0.9533019       
<Psi^(0)|Hbar^(0)|Psi^(0)>    -2428.3873608       -2.42839e+03
   -Erelax-0.0000032       
<Psi^(0)|Hbar^(1)|Psi^(0)>    -2428.3873640       -3.23134e-06
   -Eref  -2427.4340553       
   -Ecorr -0.9533100       
<Psi^(1)|Hbar^(1)|Psi^(1)>    -2428.3873653       -1.30687e-06
   -Erelax-0.0000000       
<Psi^(1)|Hbar^(2)|Psi^(1)>    -2428.3873653       -1.63800e-09
   -Eref  -2427.4340554       
   -Ecorr -0.9533099       
<Psi^(2)|Hbar^(2)|Psi^(2)>    -2428.3873653       3.05668e-08
   -Erelax-0.0000000       
<Psi^(2)|Hbar^(3)|Psi^(2)>    -2428.3873653       -1.81899e-12
   -Eref  -2427.4340554       
   -Ecorr -0.9533099       
<Psi^(3)|Hbar^(3)|Psi^(3)>    -2428.3873653       -9.99989e-10
   -Erelax0.0000000       
<Psi^(3)|Hbar^(4)|Psi^(3)>    -2428.3873653       0.00000e+00
Unrelaxed DSRG-MRPT2 energy:             -2428.3873608 Eh
Unrelaxed DSRG-MRPT2 E_corr:                -0.9533019 Eh
Partially relaxed DSRG-MRPT2 energy:     -2428.3873640 Eh
Partially relaxed DSRG-MRPT2 E_corr:        -0.9533052 Eh
Relaxed DSRG-MRPT2 energy:               -2428.3873653 Eh
Relaxed DSRG-MRPT2 E_corr:                  -0.9533100 Eh
Fully relaxed DSRG-MRPT2 energy:         -2428.3873653 Eh
Fully relaxed DSRG-MRPT2 E_corr:            -0.9533099 Eh
State     Energy / Eh         Splitting / Eh      Splitting / cm-1    Splitting / meV     
0         -2.4283916e+03      +0.0000000e+00      +0.0000000e+00      +0.0000000e+00      
1         -2.4283916e+03      +8.1718099e-10      +1.7935050e-04      +2.2236638e-05      
2         -2.4283916e+03      +6.6802386e-10      +1.4661429e-04      +1.8177864e-05      
3         -2.4283916e+03      +7.7443474e-10      +1.6996878e-04      +2.1073453e-05      
4         -2.4283916e+03      +7.5488060e-10      +1.6567714e-04      +2.0541357e-05      
5         -2.4283827e+03      +8.9086567e-03      +1.9552241e+03      +2.4241701e+02      
6         -2.4283827e+03      +2.2091626e-09      +4.8485515e-04      +6.0114406e-05      
7         -2.4283827e+03      +2.1541382e-09      +4.7277868e-04      +5.8617114e-05      
8         -2.4283801e+03      +2.6275097e-03      +5.7667173e+02      +7.1498216e+01      
Time taken:                      940.4309535 s
===============================================
===============================================
              PySCF DHF interface              
===============================================

Timing report
....integral reading:      23.4919577 s

===============================================
            Relativistic CASCI(7,8)            
===============================================
Will now allocate 0.001 MB memory for the CASCI Hamiltonian!
Time taken for 1-RDM build:        0.0003772 s
Time taken for 1-RDM build:        0.0003672 s
Time taken for 1-RDM build:        0.0003700 s
Time taken for 1-RDM build:        0.0003672 s
Time taken for 1-RDM build:        0.0003660 s
Time taken for 1-RDM build:        0.0003674 s
Time taken for 2-RDM build:        0.0010593 s
Time taken for 2-RDM build:        0.0010064 s
Time taken for 2-RDM build:        0.0010028 s
Time taken for 2-RDM build:        0.0010028 s
Time taken for 2-RDM build:        0.0010011 s
Time taken for 2-RDM build:        0.0010021 s
Time taken for 3-RDM build:        0.0138140 s
Time taken for 3-RDM build:        0.0123453 s
Time taken for 3-RDM build:        0.0123317 s
Time taken for 3-RDM build:        0.0123391 s
Time taken for 3-RDM build:        0.0123360 s
Time taken for 3-RDM build:        0.0123265 s
E_frzc:                        -2590.5378304 Eh
E_cas:                           -13.1880855 Eh
E_nuc:                             0.0000000 Eh
E_casci:                       -2603.7203212 Eh
E0 (from RDM):                 -2603.7203212 Eh
Ecorr:                            -0.0318830 Eh

Timing summary
... Hamil build:                    0.0019960 s
... Hamil diag:                     0.0000987 s
... RDM build:                     46.3802578 s
State     Energy / Eh         Splitting / Eh      Splitting / cm-1    Splitting / meV     
0         -2.6037259e+03      +0.0000000e+00      +0.0000000e+00      +0.0000000e+00      
1         -2.6037259e+03      +9.2413757e-09      +2.0282475e-03      +2.5147076e-04      
2         -2.6037259e+03      +1.8784249e-08      +4.1226661e-03      +5.1114569e-04      
3         -2.6037259e+03      +9.8884811e-09      +2.1702707e-03      +2.6907941e-04      
4         -2.6037091e+03      +1.6783801e-02      +3.6836186e+03      +4.5671072e+02      
5         -2.6037091e+03      +7.4087438e-09      +1.6260313e-03      +2.0160228e-04      
Total time taken:                  50.0274341 s
===============================================

===============================================
            Relativistic DSRG-MRPT2            
===============================================
-----------------------------------------------
        DSRG-MRPT2 reference relaxation        
-----------------------------------------------
Iter                          Energy              Delta E   
   -Eref  -2603.7203212       
   -Ecorr -0.9794156       
<Psi^(0)|Hbar^(0)|Psi^(0)>    -2604.6997369       -2.60470e+03
   -Erelax-0.0000000       
<Psi^(0)|Hbar^(1)|Psi^(0)>    -2604.6997369       0.00000e+00
   -Eref  -2603.7203212       
   -Ecorr -0.9794156       
<Psi^(1)|Hbar^(1)|Psi^(1)>    -2604.6997369       9.09495e-13
   -Erelax-0.0000000       
<Psi^(1)|Hbar^(2)|Psi^(1)>    -2604.6997369       0.00000e+00
Unrelaxed DSRG-MRPT2 energy:             -2604.6997369 Eh
Unrelaxed DSRG-MRPT2 E_corr:                -0.9794156 Eh
Partially relaxed DSRG-MRPT2 energy:     -2604.6997369 Eh
Partially relaxed DSRG-MRPT2 E_corr:        -0.9794156 Eh
Relaxed DSRG-MRPT2 energy:               -2604.6997369 Eh
Relaxed DSRG-MRPT2 E_corr:                  -0.9794156 Eh
Fully relaxed DSRG-MRPT2 energy:         -2604.6997369 Eh
Fully relaxed DSRG-MRPT2 E_corr:            -0.9794156 Eh
State     Energy / Eh         Splitting / Eh      Splitting / cm-1    Splitting / meV     
0         -2.6047054e+03      +0.0000000e+00      +0.0000000e+00      +0.0000000e+00      
1         -2.6047054e+03      +4.1263775e-09      +9.0563517e-04      +1.1228450e-04      
2         -2.6047054e+03      +8.2072802e-09      +1.8012898e-03      +2.2333158e-04      
3         -2.6047054e+03      +4.6566129e-09      +1.0220084e-03      +1.2671295e-04      
4         -2.6046884e+03      +1.7021076e-02      +3.7356944e+03      +4.6316730e+02      
5         -2.6046884e+03      +3.9462975e-09      +8.6611219e-04      +1.0738428e-04      
Time taken:                      405.3779066 s
===============================================
