NOW DOING s=1.2!
===============================================
              PySCF DHF interface              
===============================================

Timing report
....integral reading:       0.5005198 s

===============================================
            Relativistic CASCI(3,8)            
===============================================
Will now allocate 0.050 MB memory for the CASCI Hamiltonian!
Time taken for 1-RDM build:        0.0057075 s
Time taken for 1-RDM build:        0.0056565 s
Time taken for 1-RDM build:        0.0056891 s
Time taken for 1-RDM build:        0.0056603 s
Time taken for 1-RDM build:        0.0056486 s
Time taken for 1-RDM build:        0.0056522 s
Time taken for 2-RDM build:        0.0238583 s
Time taken for 2-RDM build:        0.0231338 s
Time taken for 2-RDM build:        0.0230548 s
Time taken for 2-RDM build:        0.0231140 s
Time taken for 2-RDM build:        0.0230005 s
Time taken for 2-RDM build:        0.0231812 s
Time taken for 3-RDM build:        0.0651026 s
Time taken for 3-RDM build:        0.0650656 s
Time taken for 3-RDM build:        0.0643423 s
Time taken for 3-RDM build:        0.0644403 s
Time taken for 3-RDM build:        0.0642374 s
Time taken for 3-RDM build:        0.0643804 s
E_frzc:                          -21.9899228 Eh
E_cas:                            -2.5754278 Eh
E_nuc:                             0.0000000 Eh
E_casci:                         -24.5653104 Eh
E0 (from RDM):                   -24.5653104 Eh
Ecorr:                            -0.2764703 Eh

Timing summary
... Hamil build:                    0.0166769 s
... Hamil diag:                     0.0005825 s
... RDM build:                      1.7433939 s
State     Energy / Eh         Splitting / Eh      Splitting / cm-1    Splitting / meV     
0         -2.4565351e+01      +0.0000000e+00      +0.0000000e+00      +0.0000000e+00      
1         -2.4565351e+01      +1.6292141e-09      +3.5757116e-04      +4.4333195e-05      
2         -2.4565290e+01      +6.0370290e-05      +1.3249747e+01      +1.6427601e+00      
3         -2.4565290e+01      +8.2750518e-10      +1.8161639e-04      +2.2517574e-05      
4         -2.4565290e+01      +8.6880192e-10      +1.9067998e-04      +2.3641316e-05      
5         -2.4565290e+01      +1.8699744e-09      +4.1041194e-04      +5.0884619e-05      
Total time taken:                   1.8633599 s
===============================================

===============================================
            Relativistic DSRG-MRPT2            
===============================================
-----------------------------------------------
        DSRG-MRPT2 reference relaxation        
-----------------------------------------------
Iter                          Energy              Delta E   
   -Eref  -24.5653104       
   -Ecorr -0.0727557       
<Psi^(0)|Hbar^(0)|Psi^(0)>    -24.6380661         -2.46381e+01
   -Erelax-0.0002805       
<Psi^(0)|Hbar^(1)|Psi^(0)>    -24.6383465         -2.80471e-04
   -Eref  -24.5650151       
   -Ecorr -0.0732802       
<Psi^(1)|Hbar^(1)|Psi^(1)>    -24.6382953         5.11937e-05
   -Erelax-0.0000001       
<Psi^(1)|Hbar^(2)|Psi^(1)>    -24.6382954         -6.41031e-08
   -Eref  -24.5650240       
   -Ecorr -0.0732720       
<Psi^(2)|Hbar^(2)|Psi^(2)>    -24.6382960         -5.51610e-07
   -Erelax-0.0000000       
<Psi^(2)|Hbar^(3)|Psi^(2)>    -24.6382960         -1.41149e-11
   -Eref  -24.5650238       
   -Ecorr -0.0732721       
<Psi^(3)|Hbar^(3)|Psi^(3)>    -24.6382959         8.23329e-09
   -Erelax-0.0000000       
<Psi^(3)|Hbar^(4)|Psi^(3)>    -24.6382959         -3.55271e-15
Unrelaxed DSRG-MRPT2 energy:               -24.6380661 Eh
Unrelaxed DSRG-MRPT2 E_corr:                -0.0727557 Eh
Partially relaxed DSRG-MRPT2 energy:       -24.6383465 Eh
Partially relaxed DSRG-MRPT2 E_corr:        -0.0730362 Eh
Relaxed DSRG-MRPT2 energy:                 -24.6382953 Eh
Relaxed DSRG-MRPT2 E_corr:                  -0.0732802 Eh
Fully relaxed DSRG-MRPT2 energy:           -24.6382959 Eh
Fully relaxed DSRG-MRPT2 E_corr:            -0.0732721 Eh
State     Energy / Eh         Splitting / Eh      Splitting / cm-1    Splitting / meV     
0         -2.4638338e+01      +0.0000000e+00      +0.0000000e+00      +0.0000000e+00      
1         -2.4638338e+01      +4.0127546e-10      +8.8069783e-05      +1.0919267e-05      
2         -2.4638275e+01      +6.3533963e-05      +1.3944093e+01      +1.7288480e+00      
3         -2.4638275e+01      +3.4455994e-10      +7.5622164e-05      +9.3759579e-06      
4         -2.4638275e+01      +2.8254021e-10      +6.2010409e-05      +7.6883145e-06      
5         -2.4638275e+01      +4.0205350e-10      +8.8240544e-05      +1.0940438e-05      
Time taken:                       16.8944814 s
===============================================
===============================================
              PySCF DHF interface              
===============================================

Timing report
....integral reading:       0.4986362 s

===============================================
            Relativistic CASCI(4,8)            
===============================================
Will now allocate 0.078 MB memory for the CASCI Hamiltonian!
Time taken for 1-RDM build:        0.0098195 s
Time taken for 1-RDM build:        0.0095282 s
Time taken for 1-RDM build:        0.0095084 s
Time taken for 1-RDM build:        0.0095091 s
Time taken for 1-RDM build:        0.0095282 s
Time taken for 1-RDM build:        0.0095243 s
Time taken for 1-RDM build:        0.0094988 s
Time taken for 1-RDM build:        0.0095208 s
Time taken for 1-RDM build:        0.0094993 s
Time taken for 2-RDM build:        0.0355937 s
Time taken for 2-RDM build:        0.0348573 s
Time taken for 2-RDM build:        0.0348370 s
Time taken for 2-RDM build:        0.0348651 s
Time taken for 2-RDM build:        0.0347984 s
Time taken for 2-RDM build:        0.0348854 s
Time taken for 2-RDM build:        0.0348470 s
Time taken for 2-RDM build:        0.0348709 s
Time taken for 2-RDM build:        0.0352404 s
Time taken for 3-RDM build:        0.1525381 s
Time taken for 3-RDM build:        0.1512883 s
Time taken for 3-RDM build:        0.1513231 s
Time taken for 3-RDM build:        0.1511593 s
Time taken for 3-RDM build:        0.1512887 s
Time taken for 3-RDM build:        0.1512473 s
Time taken for 3-RDM build:        0.1513648 s
Time taken for 3-RDM build:        0.1511545 s
Time taken for 3-RDM build:        0.1511638 s
E_frzc:                          -32.3709352 Eh
E_cas:                            -5.3467114 Eh
E_nuc:                             0.0000000 Eh
E_casci:                         -37.7175257 Eh
E0 (from RDM):                   -37.7175257 Eh
Ecorr:                            -0.4429083 Eh

Timing summary
... Hamil build:                    0.0257895 s
... Hamil diag:                     0.0009925 s
... RDM build:                      2.9234288 s
State     Energy / Eh         Splitting / Eh      Splitting / cm-1    Splitting / meV     
0         -3.7717647e+01      +0.0000000e+00      +0.0000000e+00      +0.0000000e+00      
1         -3.7717578e+01      +6.8056777e-05      +1.4936736e+01      +1.8519201e+00      
2         -3.7717578e+01      +1.0789947e-09      +2.3681196e-04      +2.9360955e-05      
3         -3.7717578e+01      +1.2285639e-09      +2.6963861e-04      +3.3430943e-05      
4         -3.7717470e+01      +1.0852195e-04      +2.3817815e+01      +2.9530341e+00      
5         -3.7717470e+01      +3.7324810e-10      +8.1918488e-05      +1.0156603e-05      
6         -3.7717470e+01      +9.5213437e-10      +2.0896934e-04      +2.5908908e-05      
7         -3.7717470e+01      +4.4995119e-10      +9.8752870e-05      +1.2243801e-05      
8         -3.7717470e+01      +5.6218852e-10      +1.2338612e-04      +1.5297936e-05      
Total time taken:                   3.0536273 s
===============================================

===============================================
            Relativistic DSRG-MRPT2            
===============================================
-----------------------------------------------
        DSRG-MRPT2 reference relaxation        
-----------------------------------------------
Iter                          Energy              Delta E   
   -Eref  -37.7175257       
   -Ecorr -0.1147238       
<Psi^(0)|Hbar^(0)|Psi^(0)>    -37.8322495         -3.78322e+01
   -Erelax-0.0000145       
<Psi^(0)|Hbar^(1)|Psi^(0)>    -37.8322641         -1.45492e-05
   -Eref  -37.7175092       
   -Ecorr -0.1146510       
<Psi^(1)|Hbar^(1)|Psi^(1)>    -37.8321602         1.03839e-04
   -Erelax-0.0000000       
<Psi^(1)|Hbar^(2)|Psi^(1)>    -37.8321602         -7.21435e-09
   -Eref  -37.7175099       
   -Ecorr -0.1146524       
<Psi^(2)|Hbar^(2)|Psi^(2)>    -37.8321623         -2.09170e-06
   -Erelax-0.0000000       
<Psi^(2)|Hbar^(3)|Psi^(2)>    -37.8321623         -6.35083e-11
   -Eref  -37.7175099       
   -Ecorr -0.1146524       
<Psi^(3)|Hbar^(3)|Psi^(3)>    -37.8321623         4.61419e-08
   -Erelax-0.0000000       
<Psi^(3)|Hbar^(4)|Psi^(3)>    -37.8321623         -2.98428e-12
   -Eref  -37.7175099       
   -Ecorr -0.1146524       
<Psi^(4)|Hbar^(4)|Psi^(4)>    -37.8321623         -1.86546e-10
   -Erelax-0.0000000       
<Psi^(4)|Hbar^(5)|Psi^(4)>    -37.8321623         -1.49214e-13
Unrelaxed DSRG-MRPT2 energy:               -37.8322495 Eh
Unrelaxed DSRG-MRPT2 E_corr:                -0.1147238 Eh
Partially relaxed DSRG-MRPT2 energy:       -37.8322641 Eh
Partially relaxed DSRG-MRPT2 E_corr:        -0.1147383 Eh
Relaxed DSRG-MRPT2 energy:                 -37.8321602 Eh
Relaxed DSRG-MRPT2 E_corr:                  -0.1146510 Eh
Fully relaxed DSRG-MRPT2 energy:           -37.8321623 Eh
Fully relaxed DSRG-MRPT2 E_corr:            -0.1146524 Eh
State     Energy / Eh         Splitting / Eh      Splitting / cm-1    Splitting / meV     
0         -3.7832336e+01      +0.0000000e+00      +0.0000000e+00      +0.0000000e+00      
1         -3.7832243e+01      +9.3141632e-05      +2.0442225e+01      +2.5345141e+00      
2         -3.7832243e+01      +1.5807444e-10      +3.4693330e-05      +4.3014267e-06      
3         -3.7832243e+01      +1.5739232e-10      +3.4543622e-05      +4.2828653e-06      
4         -3.7832079e+01      +1.6368666e-04      +3.5925070e+01      +4.4541431e+00      
5         -3.7832079e+01      +8.8114405e-11      +1.9338876e-05      +2.3977162e-06      
6         -3.7832079e+01      +5.7831073e-11      +1.2692453e-05      +1.5736644e-06      
7         -3.7832079e+01      +1.5490542e-10      +3.3997810e-05      +4.2151932e-06      
8         -3.7832079e+01      +2.8428815e-11      +6.2394036e-06      +7.7358782e-07      
Time taken:                       26.7439137 s
===============================================
===============================================
              PySCF DHF interface              
===============================================

Timing report
....integral reading:       0.4994187 s

===============================================
            Relativistic CASCI(5,8)            
===============================================
Will now allocate 0.050 MB memory for the CASCI Hamiltonian!
Time taken for 1-RDM build:        0.0056846 s
Time taken for 1-RDM build:        0.0056865 s
Time taken for 1-RDM build:        0.0056760 s
Time taken for 1-RDM build:        0.0056624 s
Time taken for 1-RDM build:        0.0056560 s
Time taken for 1-RDM build:        0.0056436 s
Time taken for 1-RDM build:        0.0056660 s
Time taken for 1-RDM build:        0.0056658 s
Time taken for 1-RDM build:        0.0056682 s
Time taken for 1-RDM build:        0.0056713 s
Time taken for 1-RDM build:        0.0056641 s
Time taken for 1-RDM build:        0.0056477 s
Time taken for 1-RDM build:        0.0056491 s
Time taken for 1-RDM build:        0.0056701 s
Time taken for 2-RDM build:        0.0262547 s
Time taken for 2-RDM build:        0.0253489 s
Time taken for 2-RDM build:        0.0253069 s
Time taken for 2-RDM build:        0.0253298 s
Time taken for 2-RDM build:        0.0253861 s
Time taken for 2-RDM build:        0.0253334 s
Time taken for 2-RDM build:        0.0253923 s
Time taken for 2-RDM build:        0.0253298 s
Time taken for 2-RDM build:        0.0253642 s
Time taken for 2-RDM build:        0.0253015 s
Time taken for 2-RDM build:        0.0253954 s
Time taken for 2-RDM build:        0.0252941 s
Time taken for 2-RDM build:        0.0253885 s
Time taken for 2-RDM build:        0.0252433 s
Time taken for 3-RDM build:        0.1495364 s
Time taken for 3-RDM build:        0.1480405 s
Time taken for 3-RDM build:        0.1481347 s
Time taken for 3-RDM build:        0.1479409 s
Time taken for 3-RDM build:        0.1481447 s
Time taken for 3-RDM build:        0.1481092 s
Time taken for 3-RDM build:        0.1558533 s
Time taken for 3-RDM build:        0.1504152 s
Time taken for 3-RDM build:        0.1493015 s
Time taken for 3-RDM build:        0.1500750 s
Time taken for 3-RDM build:        0.1484156 s
Time taken for 3-RDM build:        0.1482692 s
Time taken for 3-RDM build:        0.1481187 s
Time taken for 3-RDM build:        0.1480398 s
E_frzc:                          -44.7567199 Eh
E_cas:                            -9.6666253 Eh
E_nuc:                             0.0000000 Eh
E_casci:                         -54.3487687 Eh
E0 (from RDM):                   -54.3487687 Eh
Ecorr:                            -0.4454114 Eh

Timing summary
... Hamil build:                    0.0210004 s
... Hamil diag:                     0.0004702 s
... RDM build:                      3.6858156 s
State     Energy / Eh         Splitting / Eh      Splitting / cm-1    Splitting / meV     
0         -5.4423345e+01      +0.0000000e+00      +0.0000000e+00      +0.0000000e+00      
1         -5.4423345e+01      +1.0766144e-09      +2.3628954e-04      +2.9296183e-05      
2         -5.4423345e+01      +1.0765220e-09      +2.3626926e-04      +2.9293669e-05      
3         -5.4423345e+01      +1.0763941e-09      +2.3624119e-04      +2.9290189e-05      
4         -5.4318958e+01      +1.0438692e-01      +2.2910281e+04      +2.8405142e+03      
5         -5.4318958e+01      +1.1012489e-09      +2.4169619e-04      +2.9966522e-05      
6         -5.4318958e+01      +1.1371313e-09      +2.4957147e-04      +3.0942933e-05      
7         -5.4318958e+01      +5.9976912e-10      +1.3163411e-04      +1.6320557e-05      
8         -5.4318958e+01      +1.1947563e-09      +2.6221870e-04      +3.2510990e-05      
9         -5.4318958e+01      +1.3782895e-09      +3.0249957e-04      +3.7505185e-05      
10        -5.4318908e+01      +5.0508872e-05      +1.1085416e+01      +1.3744171e+00      
11        -5.4318908e+01      +3.9502694e-09      +8.6698392e-04      +1.0749236e-04      
12        -5.4318908e+01      +3.0347778e-09      +6.6605673e-04      +8.2580549e-05      
13        -5.4318908e+01      +2.9868943e-09      +6.5554752e-04      +8.1277572e-05      
Total time taken:                   3.8114681 s
===============================================

===============================================
            Relativistic DSRG-MRPT2            
===============================================
-----------------------------------------------
        DSRG-MRPT2 reference relaxation        
-----------------------------------------------
Iter                          Energy              Delta E   
   -Eref  -54.3487687       
   -Ecorr -0.1685598       
<Psi^(0)|Hbar^(0)|Psi^(0)>    -54.5173285         -5.45173e+01
   -Erelax-0.0000000       
<Psi^(0)|Hbar^(1)|Psi^(0)>    -54.5173285         -2.96695e-08
   -Eref  -54.3487686       
   -Ecorr -0.1685599       
<Psi^(1)|Hbar^(1)|Psi^(1)>    -54.5173286         -2.51290e-08
   -Erelax-0.0000000       
<Psi^(1)|Hbar^(2)|Psi^(1)>    -54.5173286         -2.31815e-10
   -Eref  -54.3487687       
   -Ecorr -0.1685599       
<Psi^(2)|Hbar^(2)|Psi^(2)>    -54.5173285         9.35632e-09
   -Erelax-0.0000000       
<Psi^(2)|Hbar^(3)|Psi^(2)>    -54.5173285         -7.60281e-12
Unrelaxed DSRG-MRPT2 energy:               -54.5173285 Eh
Unrelaxed DSRG-MRPT2 E_corr:                -0.1685598 Eh
Partially relaxed DSRG-MRPT2 energy:       -54.5173285 Eh
Partially relaxed DSRG-MRPT2 E_corr:        -0.1685599 Eh
Relaxed DSRG-MRPT2 energy:                 -54.5173286 Eh
Relaxed DSRG-MRPT2 E_corr:                  -0.1685599 Eh
Fully relaxed DSRG-MRPT2 energy:           -54.5173285 Eh
Fully relaxed DSRG-MRPT2 E_corr:            -0.1685599 Eh
State     Energy / Eh         Splitting / Eh      Splitting / cm-1    Splitting / meV     
0         -5.4583104e+01      +0.0000000e+00      +0.0000000e+00      +0.0000000e+00      
1         -5.4583104e+01      +2.5340796e-10      +5.5616619e-05      +6.8955851e-06      
2         -5.4583104e+01      +2.5342217e-10      +5.5619737e-05      +6.8959718e-06      
3         -5.4583104e+01      +2.5342928e-10      +5.5621297e-05      +6.8961652e-06      
4         -5.4491022e+01      +9.2081780e-02      +2.0209615e+04      +2.5056741e+03      
5         -5.4491022e+01      +1.1377921e-10      +2.4971650e-05      +3.0960914e-06      
6         -5.4491022e+01      +8.4533269e-11      +1.8552908e-05      +2.3002685e-06      
7         -5.4491022e+01      +9.9468878e-11      +2.1830895e-05      +2.7066873e-06      
8         -5.4491022e+01      +5.1983307e-11      +1.1409017e-05      +1.4145385e-06      
9         -5.4491022e+01      +1.3615420e-10      +2.9882392e-05      +3.7049462e-06      
10        -5.4491012e+01      +1.0473451e-05      +2.2986568e+00      +2.8499725e-01      
11        -5.4491012e+01      +4.2163606e-10      +9.2538418e-05      +1.1473307e-05      
12        -5.4491012e+01      +1.6932233e-10      +3.7161957e-05      +4.6074976e-06      
13        -5.4491012e+01      +2.1918112e-10      +4.8104695e-05      +5.9642248e-06      
Time taken:                       15.8563552 s
===============================================
===============================================
              PySCF DHF interface              
===============================================

Timing report
....integral reading:       0.4989645 s

===============================================
            Relativistic CASCI(6,8)            
===============================================
Will now allocate 0.013 MB memory for the CASCI Hamiltonian!
Time taken for 1-RDM build:        0.0022018 s
Time taken for 1-RDM build:        0.0021873 s
Time taken for 1-RDM build:        0.0021839 s
Time taken for 1-RDM build:        0.0021913 s
Time taken for 1-RDM build:        0.0021827 s
Time taken for 1-RDM build:        0.0021935 s
Time taken for 1-RDM build:        0.0021892 s
Time taken for 1-RDM build:        0.0021870 s
Time taken for 1-RDM build:        0.0021796 s
Time taken for 2-RDM build:        0.0092959 s
Time taken for 2-RDM build:        0.0085495 s
Time taken for 2-RDM build:        0.0085206 s
Time taken for 2-RDM build:        0.0085695 s
Time taken for 2-RDM build:        0.0085781 s
Time taken for 2-RDM build:        0.0085511 s
Time taken for 2-RDM build:        0.0085635 s
Time taken for 2-RDM build:        0.0085416 s
Time taken for 2-RDM build:        0.0085475 s
Time taken for 3-RDM build:        0.0677640 s
Time taken for 3-RDM build:        0.0660920 s
Time taken for 3-RDM build:        0.0662057 s
Time taken for 3-RDM build:        0.0661356 s
Time taken for 3-RDM build:        0.0661597 s
Time taken for 3-RDM build:        0.0661275 s
Time taken for 3-RDM build:        0.0661047 s
Time taken for 3-RDM build:        0.0661979 s
Time taken for 3-RDM build:        0.0661659 s
E_frzc:                          -59.1480236 Eh
E_cas:                           -15.7034833 Eh
E_nuc:                             0.0000000 Eh
E_casci:                         -74.8511626 Eh
E0 (from RDM):                   -74.8511626 Eh
Ecorr:                            -0.3302227 Eh

Timing summary
... Hamil build:                    0.0086780 s
... Hamil diag:                     0.0002296 s
... RDM build:                      1.8538575 s
State     Energy / Eh         Splitting / Eh      Splitting / cm-1    Splitting / meV     
0         -7.4851507e+01      +0.0000000e+00      +0.0000000e+00      +0.0000000e+00      
1         -7.4851507e+01      +6.1121170e-09      +1.3414546e-03      +1.6631926e-04      
2         -7.4851507e+01      +6.8041430e-09      +1.4933368e-03      +1.8515025e-04      
3         -7.4851507e+01      +7.2887332e-09      +1.5996920e-03      +1.9833663e-04      
4         -7.4851507e+01      +9.8174127e-09      +2.1546730e-03      +2.6714553e-04      
5         -7.4850809e+01      +6.9818897e-04      +1.5323477e+02      +1.8998699e+01      
6         -7.4850809e+01      +7.3982136e-09      +1.6237202e-03      +2.0131574e-04      
7         -7.4850809e+01      +7.5923197e-09      +1.6663215e-03      +2.0659764e-04      
8         -7.4850503e+01      +3.0523771e-04      +6.6991933e+01      +8.3059451e+00      
Total time taken:                   1.9656236 s
===============================================

===============================================
            Relativistic DSRG-MRPT2            
===============================================
-----------------------------------------------
        DSRG-MRPT2 reference relaxation        
-----------------------------------------------
Iter                          Energy              Delta E   
   -Eref  -74.8511626       
   -Ecorr -0.2160466       
<Psi^(0)|Hbar^(0)|Psi^(0)>    -75.0672093         -7.50672e+01
   -Erelax-0.0000003       
<Psi^(0)|Hbar^(1)|Psi^(0)>    -75.0672096         -3.06484e-07
   -Eref  -74.8511624       
   -Ecorr -0.2160466       
<Psi^(1)|Hbar^(1)|Psi^(1)>    -75.0672090         6.06803e-07
   -Erelax-0.0000000       
<Psi^(1)|Hbar^(2)|Psi^(1)>    -75.0672090         -4.12078e-08
   -Eref  -74.8511625       
   -Ecorr -0.2160466       
<Psi^(2)|Hbar^(2)|Psi^(2)>    -75.0672092         -1.38013e-07
   -Erelax-0.0000000       
<Psi^(2)|Hbar^(3)|Psi^(2)>    -75.0672092         -5.66554e-09
   -Eref  -74.8511625       
   -Ecorr -0.2160466       
<Psi^(3)|Hbar^(3)|Psi^(3)>    -75.0672091         6.26249e-08
   -Erelax-0.0000000       
<Psi^(3)|Hbar^(4)|Psi^(3)>    -75.0672091         -7.79295e-10
   -Eref  -74.8511625       
   -Ecorr -0.2160466       
<Psi^(4)|Hbar^(4)|Psi^(4)>    -75.0672091         -2.16521e-08
   -Erelax-0.0000000       
<Psi^(4)|Hbar^(5)|Psi^(4)>    -75.0672091         -1.07164e-10
   -Eref  -74.8511625       
   -Ecorr -0.2160466       
<Psi^(5)|Hbar^(5)|Psi^(5)>    -75.0672091         8.24620e-09
   -Erelax-0.0000000       
<Psi^(5)|Hbar^(6)|Psi^(5)>    -75.0672091         -1.47367e-11
Unrelaxed DSRG-MRPT2 energy:               -75.0672093 Eh
Unrelaxed DSRG-MRPT2 E_corr:                -0.2160466 Eh
Partially relaxed DSRG-MRPT2 energy:       -75.0672096 Eh
Partially relaxed DSRG-MRPT2 E_corr:        -0.2160470 Eh
Relaxed DSRG-MRPT2 energy:                 -75.0672090 Eh
Relaxed DSRG-MRPT2 E_corr:                  -0.2160466 Eh
Fully relaxed DSRG-MRPT2 energy:           -75.0672091 Eh
Fully relaxed DSRG-MRPT2 E_corr:            -0.2160466 Eh
State     Energy / Eh         Splitting / Eh      Splitting / cm-1    Splitting / meV     
0         -7.5067466e+01      +0.0000000e+00      +0.0000000e+00      +0.0000000e+00      
1         -7.5067466e+01      +1.7921025e-09      +3.9332103e-04      +4.8765615e-05      
2         -7.5067466e+01      +1.3123724e-09      +2.8803245e-04      +3.5711490e-05      
3         -7.5067466e+01      +2.0104096e-09      +4.4123391e-04      +5.4706058e-05      
4         -7.5067466e+01      +2.2971562e-09      +5.0416752e-04      +6.2508835e-05      
5         -7.5066941e+01      +5.2550701e-04      +1.1533546e+02      +1.4299781e+01      
6         -7.5066941e+01      +1.9350210e-09      +4.2468803e-04      +5.2654629e-05      
7         -7.5066941e+01      +1.6386821e-09      +3.5964914e-04      +4.4590832e-05      
8         -7.5066729e+01      +2.1115117e-04      +4.6342325e+01      +5.7457187e+00      
Time taken:                       27.9165852 s
===============================================
===============================================
              PySCF DHF interface              
===============================================

Timing report
....integral reading:       0.5153608 s

===============================================
            Relativistic CASCI(7,8)            
===============================================
Will now allocate 0.001 MB memory for the CASCI Hamiltonian!
Time taken for 1-RDM build:        0.0003722 s
Time taken for 1-RDM build:        0.0003643 s
Time taken for 1-RDM build:        0.0003603 s
Time taken for 1-RDM build:        0.0003581 s
Time taken for 1-RDM build:        0.0003617 s
Time taken for 1-RDM build:        0.0003624 s
Time taken for 2-RDM build:        0.0013144 s
Time taken for 2-RDM build:        0.0012476 s
Time taken for 2-RDM build:        0.0011523 s
Time taken for 2-RDM build:        0.0010035 s
Time taken for 2-RDM build:        0.0010018 s
Time taken for 2-RDM build:        0.0010018 s
Time taken for 3-RDM build:        0.0138419 s
Time taken for 3-RDM build:        0.0123711 s
Time taken for 3-RDM build:        0.0123410 s
Time taken for 3-RDM build:        0.0123770 s
Time taken for 3-RDM build:        0.0123467 s
Time taken for 3-RDM build:        0.0123575 s
E_frzc:                          -75.5478008 Eh
E_cas:                           -23.9325131 Eh
E_nuc:                             0.0000000 Eh
E_casci:                         -99.4797328 Eh
E0 (from RDM):                   -99.4797328 Eh
Ecorr:                            -0.1043819 Eh

Timing summary
... Hamil build:                    0.0019681 s
... Hamil diag:                     0.0001080 s
... RDM build:                      1.2470725 s
State     Energy / Eh         Splitting / Eh      Splitting / cm-1    Splitting / meV     
0         -9.9480314e+01      +0.0000000e+00      +0.0000000e+00      +0.0000000e+00      
1         -9.9480314e+01      +2.4031038e-08      +5.2742033e-03      +6.5391818e-04      
2         -9.9480314e+01      +6.9549486e-09      +1.5264348e-03      +1.8925388e-04      
3         -9.9480314e+01      +2.1663141e-08      +4.7545098e-03      +5.8948436e-04      
4         -9.9478571e+01      +1.7431739e-03      +3.8258245e+02      +4.7434202e+01      
5         -9.9478571e+01      +1.6993980e-08      +3.7297474e-03      +4.6242996e-04      
Total time taken:                   1.3516626 s
===============================================

===============================================
            Relativistic DSRG-MRPT2            
===============================================
-----------------------------------------------
        DSRG-MRPT2 reference relaxation        
-----------------------------------------------
Iter                          Energy              Delta E   
   -Eref  -99.4797328       
   -Ecorr -0.2701900       
<Psi^(0)|Hbar^(0)|Psi^(0)>    -99.7499228         -9.97499e+01
   -Erelax-0.0000000       
<Psi^(0)|Hbar^(1)|Psi^(0)>    -99.7499228         -1.42109e-14
   -Eref  -99.4797328       
   -Ecorr -0.2701900       
<Psi^(1)|Hbar^(1)|Psi^(1)>    -99.7499228         2.84217e-14
   -Erelax-0.0000000       
<Psi^(1)|Hbar^(2)|Psi^(1)>    -99.7499228         -2.84217e-14
Unrelaxed DSRG-MRPT2 energy:               -99.7499228 Eh
Unrelaxed DSRG-MRPT2 E_corr:                -0.2701900 Eh
Partially relaxed DSRG-MRPT2 energy:       -99.7499228 Eh
Partially relaxed DSRG-MRPT2 E_corr:        -0.2701900 Eh
Relaxed DSRG-MRPT2 energy:                 -99.7499228 Eh
Relaxed DSRG-MRPT2 E_corr:                  -0.2701900 Eh
Fully relaxed DSRG-MRPT2 energy:           -99.7499228 Eh
Fully relaxed DSRG-MRPT2 E_corr:            -0.2701900 Eh
State     Energy / Eh         Splitting / Eh      Splitting / cm-1    Splitting / meV     
0         -9.9750501e+01      +0.0000000e+00      +0.0000000e+00      +0.0000000e+00      
1         -9.9750501e+01      +4.2613664e-09      +9.3526181e-04      +1.1595774e-04      
2         -9.9750501e+01      +5.1915663e-09      +1.1394171e-03      +1.4126978e-04      
3         -9.9750501e+01      +2.4190854e-09      +5.3092787e-04      +6.5826697e-05      
4         -9.9748767e+01      +1.7334189e-03      +3.8044147e+02      +4.7168753e+01      
5         -9.9748767e+01      +5.2920370e-09      +1.1614679e-03      +1.4400373e-04      
Time taken:                        6.4910038 s
===============================================
===============================================
              PySCF DHF interface              
===============================================

Timing report
....integral reading:       1.9138889 s

===============================================
            Relativistic CASCI(3,8)            
===============================================
Will now allocate 0.050 MB memory for the CASCI Hamiltonian!
Time taken for 1-RDM build:        0.0056498 s
Time taken for 1-RDM build:        0.0055957 s
Time taken for 1-RDM build:        0.0056150 s
Time taken for 1-RDM build:        0.0056083 s
Time taken for 1-RDM build:        0.0056198 s
Time taken for 1-RDM build:        0.0055997 s
Time taken for 2-RDM build:        0.0230196 s
Time taken for 2-RDM build:        0.0230396 s
Time taken for 2-RDM build:        0.0229745 s
Time taken for 2-RDM build:        0.0229356 s
Time taken for 2-RDM build:        0.0229795 s
Time taken for 2-RDM build:        0.0230086 s
Time taken for 3-RDM build:        0.0650468 s
Time taken for 3-RDM build:        0.0642009 s
Time taken for 3-RDM build:        0.0640523 s
Time taken for 3-RDM build:        0.0641296 s
Time taken for 3-RDM build:        0.0641313 s
Time taken for 3-RDM build:        0.0642200 s
E_frzc:                         -240.4061812 Eh
E_cas:                            -1.8986420 Eh
E_nuc:                             0.0000000 Eh
E_casci:                        -242.3045291 Eh
E0 (from RDM):                  -242.3045291 Eh
Ecorr:                            -0.1899047 Eh

Timing summary
... Hamil build:                    0.0165908 s
... Hamil diag:                     0.0004795 s
... RDM build:                      4.0274107 s
State     Energy / Eh         Splitting / Eh      Splitting / cm-1    Splitting / meV     
0         -2.4230482e+02      +0.0000000e+00      +0.0000000e+00      +0.0000000e+00      
1         -2.4230482e+02      +1.0992665e-09      +2.4126110e-04      +2.9912578e-05      
2         -2.4230438e+02      +4.4107881e-04      +9.6805609e+01      +1.2002372e+01      
3         -2.4230438e+02      +1.0805650e-09      +2.3715660e-04      +2.9403685e-05      
4         -2.4230438e+02      +8.9775654e-10      +1.9703478e-04      +2.4429211e-05      
5         -2.4230438e+02      +3.6629899e-10      +8.0393336e-05      +9.9675080e-06      
Total time taken:                   4.3617637 s
===============================================

===============================================
            Relativistic DSRG-MRPT2            
===============================================
-----------------------------------------------
        DSRG-MRPT2 reference relaxation        
-----------------------------------------------
Iter                          Energy              Delta E   
   -Eref  -242.3045291       
   -Ecorr -0.2018914       
<Psi^(0)|Hbar^(0)|Psi^(0)>    -242.5064205        -2.42506e+02
   -Erelax-0.0003882       
<Psi^(0)|Hbar^(1)|Psi^(0)>    -242.5068088        -3.88232e-04
   -Eref  -242.3041400       
   -Ecorr -0.2025582       
<Psi^(1)|Hbar^(1)|Psi^(1)>    -242.5066982        1.10544e-04
   -Erelax-0.0000000       
<Psi^(1)|Hbar^(2)|Psi^(1)>    -242.5066982        -1.68438e-09
   -Eref  -242.3041416       
   -Ecorr -0.2025568       
<Psi^(2)|Hbar^(2)|Psi^(2)>    -242.5066984        -2.02401e-07
   -Erelax-0.0000000       
<Psi^(2)|Hbar^(3)|Psi^(2)>    -242.5066984        0.00000e+00
   -Eref  -242.3041416       
   -Ecorr -0.2025568       
<Psi^(3)|Hbar^(3)|Psi^(3)>    -242.5066984        4.36160e-10
   -Erelax0.0000000       
<Psi^(3)|Hbar^(4)|Psi^(3)>    -242.5066984        0.00000e+00
Unrelaxed DSRG-MRPT2 energy:              -242.5064205 Eh
Unrelaxed DSRG-MRPT2 E_corr:                -0.2018914 Eh
Partially relaxed DSRG-MRPT2 energy:      -242.5068088 Eh
Partially relaxed DSRG-MRPT2 E_corr:        -0.2022796 Eh
Relaxed DSRG-MRPT2 energy:                -242.5066982 Eh
Relaxed DSRG-MRPT2 E_corr:                  -0.2025582 Eh
Fully relaxed DSRG-MRPT2 energy:          -242.5066984 Eh
Fully relaxed DSRG-MRPT2 E_corr:            -0.2025568 Eh
State     Energy / Eh         Splitting / Eh      Splitting / cm-1    Splitting / meV     
0         -2.4250703e+02      +0.0000000e+00      +0.0000000e+00      +0.0000000e+00      
1         -2.4250703e+02      +4.5505999e-10      +9.9874123e-05      +1.2382819e-05      
2         -2.4250653e+02      +5.0227431e-04      +1.1023647e+02      +1.3667587e+01      
3         -2.4250653e+02      +4.3189630e-10      +9.4790280e-05      +1.1752502e-05      
4         -2.4250653e+02      +3.4984282e-10      +7.6781624e-05      +9.5197126e-06      
5         -2.4250653e+02      +1.9076651e-10      +4.1868410e-05      +5.1910237e-06      
Time taken:                       71.1229501 s
===============================================
===============================================
              PySCF DHF interface              
===============================================

Timing report
....integral reading:       1.9310806 s

===============================================
            Relativistic CASCI(4,8)            
===============================================
Will now allocate 0.078 MB memory for the CASCI Hamiltonian!
Time taken for 1-RDM build:        0.0098979 s
Time taken for 1-RDM build:        0.0095837 s
Time taken for 1-RDM build:        0.0095835 s
Time taken for 1-RDM build:        0.0095472 s
Time taken for 1-RDM build:        0.0095663 s
Time taken for 1-RDM build:        0.0095696 s
Time taken for 1-RDM build:        0.0095615 s
Time taken for 1-RDM build:        0.0095727 s
Time taken for 1-RDM build:        0.0095677 s
Time taken for 2-RDM build:        0.0348825 s
Time taken for 2-RDM build:        0.0347953 s
Time taken for 2-RDM build:        0.0348732 s
Time taken for 2-RDM build:        0.0348065 s
Time taken for 2-RDM build:        0.0348701 s
Time taken for 2-RDM build:        0.0348492 s
Time taken for 2-RDM build:        0.0348825 s
Time taken for 2-RDM build:        0.0347464 s
Time taken for 2-RDM build:        0.0348566 s
Time taken for 3-RDM build:        0.1540384 s
Time taken for 3-RDM build:        0.1516404 s
Time taken for 3-RDM build:        0.1517119 s
Time taken for 3-RDM build:        0.1517859 s
Time taken for 3-RDM build:        0.1516798 s
Time taken for 3-RDM build:        0.1516800 s
Time taken for 3-RDM build:        0.1517723 s
Time taken for 3-RDM build:        0.1517310 s
Time taken for 3-RDM build:        0.1518400 s
E_frzc:                         -285.7423197 Eh
E_cas:                            -3.6921024 Eh
E_nuc:                             0.0000000 Eh
E_casci:                        -289.4337768 Eh
E0 (from RDM):                  -289.4337768 Eh
Ecorr:                            -0.2329780 Eh

Timing summary
... Hamil build:                    0.0260112 s
... Hamil diag:                     0.0010257 s
... RDM build:                      5.1420536 s
State     Energy / Eh         Splitting / Eh      Splitting / cm-1    Splitting / meV     
0         -2.8943442e+02      +0.0000000e+00      +0.0000000e+00      +0.0000000e+00      
1         -2.8943409e+02      +3.3211201e-04      +7.2890160e+01      +9.0372324e+00      
2         -2.8943409e+02      +8.1735152e-10      +1.7938792e-04      +2.2241278e-05      
3         -2.8943409e+02      +8.9210062e-10      +1.9579345e-04      +2.4275306e-05      
4         -2.8943346e+02      +6.3005266e-04      +1.3828057e+02      +1.7144614e+01      
5         -2.8943346e+02      +2.5920599e-10      +5.6889139e-05      +7.0533576e-06      
6         -2.8943346e+02      +7.8654239e-10      +1.7262610e-04      +2.1402919e-05      
7         -2.8943346e+02      +6.1896799e-10      +1.3584777e-04      +1.6842985e-05      
8         -2.8943346e+02      +4.2439297e-10      +9.3143489e-05      +1.1548326e-05      
Total time taken:                   5.4873743 s
===============================================

===============================================
            Relativistic DSRG-MRPT2            
===============================================
-----------------------------------------------
        DSRG-MRPT2 reference relaxation        
-----------------------------------------------
Iter                          Energy              Delta E   
   -Eref  -289.4337768       
   -Ecorr -0.2328266       
<Psi^(0)|Hbar^(0)|Psi^(0)>    -289.6666034        -2.89667e+02
   -Erelax-0.0000886       
<Psi^(0)|Hbar^(1)|Psi^(0)>    -289.6666919        -8.85582e-05
   -Eref  -289.4336862       
   -Ecorr -0.2330523       
<Psi^(1)|Hbar^(1)|Psi^(1)>    -289.6667384        -4.65017e-05
   -Erelax-0.0000000       
<Psi^(1)|Hbar^(2)|Psi^(1)>    -289.6667384        -2.96529e-09
   -Eref  -289.4336868       
   -Ecorr -0.2330514       
<Psi^(2)|Hbar^(2)|Psi^(2)>    -289.6667382        2.25119e-07
   -Erelax-0.0000000       
<Psi^(2)|Hbar^(3)|Psi^(2)>    -289.6667382        -5.11591e-12
   -Eref  -289.4336868       
   -Ecorr -0.2330514       
<Psi^(3)|Hbar^(3)|Psi^(3)>    -289.6667382        8.43613e-10
   -Erelax-0.0000000       
<Psi^(3)|Hbar^(4)|Psi^(3)>    -289.6667382        0.00000e+00
Unrelaxed DSRG-MRPT2 energy:              -289.6666034 Eh
Unrelaxed DSRG-MRPT2 E_corr:                -0.2328266 Eh
Partially relaxed DSRG-MRPT2 energy:      -289.6666919 Eh
Partially relaxed DSRG-MRPT2 E_corr:        -0.2329151 Eh
Relaxed DSRG-MRPT2 energy:                -289.6667384 Eh
Relaxed DSRG-MRPT2 E_corr:                  -0.2330523 Eh
Fully relaxed DSRG-MRPT2 energy:          -289.6667382 Eh
Fully relaxed DSRG-MRPT2 E_corr:            -0.2330514 Eh
State     Energy / Eh         Splitting / Eh      Splitting / cm-1    Splitting / meV     
0         -2.8966746e+02      +0.0000000e+00      +0.0000000e+00      +0.0000000e+00      
1         -2.8966709e+02      +3.7156567e-04      +8.1549238e+01      +1.0110822e+01      
2         -2.8966709e+02      +2.2242830e-10      +4.8817368e-05      +6.0525852e-06      
3         -2.8966709e+02      +2.2123459e-10      +4.8555379e-05      +6.0201026e-06      
4         -2.8966638e+02      +7.0371296e-04      +1.5444714e+02      +1.9149014e+01      
5         -2.8966638e+02      +1.0248868e-10      +2.2493666e-05      +2.7888605e-06      
6         -2.8966638e+02      +1.9127810e-10      +4.1980691e-05      +5.2049448e-06      
7         -2.8966638e+02      +1.9741719e-10      +4.3328066e-05      +5.3719980e-06      
8         -2.8966638e+02      +9.2711616e-11      +2.0347848e-05      +2.5228128e-06      
Time taken:                       74.7058263 s
===============================================
===============================================
              PySCF DHF interface              
===============================================

Timing report
....integral reading:       1.9826818 s

===============================================
            Relativistic CASCI(5,8)            
===============================================
Will now allocate 0.050 MB memory for the CASCI Hamiltonian!
Time taken for 1-RDM build:        0.0056901 s
Time taken for 1-RDM build:        0.0056951 s
Time taken for 1-RDM build:        0.0056748 s
Time taken for 1-RDM build:        0.0056891 s
Time taken for 1-RDM build:        0.0056999 s
Time taken for 1-RDM build:        0.0056853 s
Time taken for 1-RDM build:        0.0056880 s
Time taken for 1-RDM build:        0.0057056 s
Time taken for 1-RDM build:        0.0056884 s
Time taken for 1-RDM build:        0.0057015 s
Time taken for 1-RDM build:        0.0056803 s
Time taken for 1-RDM build:        0.0056531 s
Time taken for 1-RDM build:        0.0056851 s
Time taken for 1-RDM build:        0.0056806 s
Time taken for 2-RDM build:        0.0254264 s
Time taken for 2-RDM build:        0.0254242 s
Time taken for 2-RDM build:        0.0253725 s
Time taken for 2-RDM build:        0.0254059 s
Time taken for 2-RDM build:        0.0254147 s
Time taken for 2-RDM build:        0.0253630 s
Time taken for 2-RDM build:        0.0254190 s
Time taken for 2-RDM build:        0.0254009 s
Time taken for 2-RDM build:        0.0253527 s
Time taken for 2-RDM build:        0.0253832 s
Time taken for 2-RDM build:        0.0254140 s
Time taken for 2-RDM build:        0.0254300 s
Time taken for 2-RDM build:        0.0254946 s
Time taken for 2-RDM build:        0.0255759 s
Time taken for 3-RDM build:        0.1497653 s
Time taken for 3-RDM build:        0.1481733 s
Time taken for 3-RDM build:        0.1482084 s
Time taken for 3-RDM build:        0.1496038 s
Time taken for 3-RDM build:        0.1484845 s
Time taken for 3-RDM build:        0.1482985 s
Time taken for 3-RDM build:        0.1482782 s
Time taken for 3-RDM build:        0.1483357 s
Time taken for 3-RDM build:        0.1514654 s
Time taken for 3-RDM build:        0.1552823 s
Time taken for 3-RDM build:        0.1502063 s
Time taken for 3-RDM build:        0.1481500 s
Time taken for 3-RDM build:        0.1481819 s
Time taken for 3-RDM build:        0.1481230 s
E_frzc:                         -335.1272672 Eh
E_cas:                            -6.3636403 Eh
E_nuc:                             0.0000000 Eh
E_casci:                        -341.4410664 Eh
E0 (from RDM):                  -341.4410664 Eh
Ecorr:                            -0.2138107 Eh

Timing summary
... Hamil build:                    0.0207551 s
... Hamil diag:                     0.0004933 s
... RDM build:                      5.9050770 s
State     Energy / Eh         Splitting / Eh      Splitting / cm-1    Splitting / meV     
0         -3.4149091e+02      +0.0000000e+00      +0.0000000e+00      +0.0000000e+00      
1         -3.4149091e+02      +3.2849812e-10      +7.2097003e-05      +8.9388933e-06      
2         -3.4149091e+02      +3.2838443e-10      +7.2072051e-05      +8.9357998e-06      
3         -3.4149091e+02      +3.2798653e-10      +7.1984722e-05      +8.9249722e-06      
4         -3.4142117e+02      +6.9735531e-02      +1.5305180e+04      +1.8976014e+03      
5         -3.4142117e+02      +1.5667183e-09      +3.4385492e-04      +4.2632597e-05      
6         -3.4142117e+02      +1.3034196e-09      +2.8606753e-04      +3.5467871e-05      
7         -3.4142117e+02      +1.7383286e-09      +3.8151902e-04      +4.7302353e-05      
8         -3.4142110e+02      +6.9890622e-05      +1.5339218e+01      +1.9018216e+00      
9         -3.4142110e+02      +9.2740038e-10      +2.0354085e-04      +2.5235862e-05      
10        -3.4142110e+02      +9.6150643e-10      +2.1102627e-04      +2.6163935e-05      
11        -3.4142110e+02      +7.5050366e-10      +1.6471651e-04      +2.0422255e-05      
12        -3.4142110e+02      +9.6383701e-10      +2.1153777e-04      +2.6227353e-05      
13        -3.4142110e+02      +1.9558115e-09      +4.2925101e-04      +5.3220367e-05      
Total time taken:                   6.2445204 s
===============================================

===============================================
            Relativistic DSRG-MRPT2            
===============================================
-----------------------------------------------
        DSRG-MRPT2 reference relaxation        
-----------------------------------------------
Iter                          Energy              Delta E   
   -Eref  -341.4410664       
   -Ecorr -0.2784009       
<Psi^(0)|Hbar^(0)|Psi^(0)>    -341.7194673        -3.41719e+02
   -Erelax-0.0000027       
<Psi^(0)|Hbar^(1)|Psi^(0)>    -341.7194700        -2.70354e-06
   -Eref  -341.4410644       
   -Ecorr -0.2784072       
<Psi^(1)|Hbar^(1)|Psi^(1)>    -341.7194716        -1.56352e-06
   -Erelax-0.0000000       
<Psi^(1)|Hbar^(2)|Psi^(1)>    -341.7194716        -2.67830e-08
   -Eref  -341.4410647       
   -Ecorr -0.2784067       
<Psi^(2)|Hbar^(2)|Psi^(2)>    -341.7194714        1.61014e-07
   -Erelax-0.0000000       
<Psi^(2)|Hbar^(3)|Psi^(2)>    -341.7194714        -3.14458e-10
   -Eref  -341.4410647       
   -Ecorr -0.2784067       
<Psi^(3)|Hbar^(3)|Psi^(3)>    -341.7194715        -1.73902e-08
   -Erelax-0.0000000       
<Psi^(3)|Hbar^(4)|Psi^(3)>    -341.7194715        -3.69482e-12
   -Eref  -341.4410647       
   -Ecorr -0.2784067       
<Psi^(4)|Hbar^(4)|Psi^(4)>    -341.7194714        1.88641e-09
   -Erelax-0.0000000       
<Psi^(4)|Hbar^(5)|Psi^(4)>    -341.7194714        -5.68434e-14
Unrelaxed DSRG-MRPT2 energy:              -341.7194673 Eh
Unrelaxed DSRG-MRPT2 E_corr:                -0.2784009 Eh
Partially relaxed DSRG-MRPT2 energy:      -341.7194700 Eh
Partially relaxed DSRG-MRPT2 E_corr:        -0.2784036 Eh
Relaxed DSRG-MRPT2 energy:                -341.7194716 Eh
Relaxed DSRG-MRPT2 E_corr:                  -0.2784072 Eh
Fully relaxed DSRG-MRPT2 energy:          -341.7194714 Eh
Fully relaxed DSRG-MRPT2 E_corr:            -0.2784067 Eh
State     Energy / Eh         Splitting / Eh      Splitting / cm-1    Splitting / meV     
0         -3.4176006e+02      +0.0000000e+00      +0.0000000e+00      +0.0000000e+00      
1         -3.4176006e+02      +1.5131718e-10      +3.3210282e-05      +4.1175522e-06      
2         -3.4176006e+02      +1.5126034e-10      +3.3197807e-05      +4.1160054e-06      
3         -3.4176006e+02      +1.5131718e-10      +3.3210282e-05      +4.1175522e-06      
4         -3.4170329e+02      +5.6776768e-02      +1.2461060e+04      +1.5449753e+03      
5         -3.4170329e+02      +1.7189450e-10      +3.7726481e-05      +4.6774898e-06      
6         -3.4170329e+02      +1.4233592e-10      +3.1239124e-05      +3.8731595e-06      
7         -3.4170329e+02      +2.1481128e-10      +4.7145626e-05      +5.8453154e-06      
8         -3.4170320e+02      +8.3812918e-05      +1.8394809e+01      +2.2806667e+00      
9         -3.4170320e+02      +1.3500312e-10      +2.9629760e-05      +3.6736238e-06      
10        -3.4170320e+02      +1.4989610e-10      +3.2898390e-05      +4.0788825e-06      
11        -3.4170320e+02      +1.1613110e-10      +2.5487831e-05      +3.1600898e-06      
12        -3.4170320e+02      +8.4583007e-11      +1.8563824e-05      +2.3016220e-06      
13        -3.4170320e+02      +3.7368864e-10      +8.2015175e-05      +1.0168591e-05      
Time taken:                       99.4125993 s
===============================================
===============================================
              PySCF DHF interface              
===============================================

Timing report
....integral reading:       1.9390054 s

===============================================
            Relativistic CASCI(6,8)            
===============================================
Will now allocate 0.013 MB memory for the CASCI Hamiltonian!
Time taken for 1-RDM build:        0.0022101 s
Time taken for 1-RDM build:        0.0021856 s
Time taken for 1-RDM build:        0.0021913 s
Time taken for 1-RDM build:        0.0021811 s
Time taken for 1-RDM build:        0.0021899 s
Time taken for 1-RDM build:        0.0021770 s
Time taken for 1-RDM build:        0.0021656 s
Time taken for 1-RDM build:        0.0021775 s
Time taken for 1-RDM build:        0.0021763 s
Time taken for 2-RDM build:        0.0086184 s
Time taken for 2-RDM build:        0.0085344 s
Time taken for 2-RDM build:        0.0085316 s
Time taken for 2-RDM build:        0.0085576 s
Time taken for 2-RDM build:        0.0085499 s
Time taken for 2-RDM build:        0.0085588 s
Time taken for 2-RDM build:        0.0085444 s
Time taken for 2-RDM build:        0.0085123 s
Time taken for 2-RDM build:        0.0085638 s
Time taken for 3-RDM build:        0.0683856 s
Time taken for 3-RDM build:        0.0668314 s
Time taken for 3-RDM build:        0.0661507 s
Time taken for 3-RDM build:        0.0661404 s
Time taken for 3-RDM build:        0.0661132 s
Time taken for 3-RDM build:        0.0660577 s
Time taken for 3-RDM build:        0.0661321 s
Time taken for 3-RDM build:        0.0660520 s
Time taken for 3-RDM build:        0.0661163 s
E_frzc:                         -388.5675376 Eh
E_cas:                            -9.9659359 Eh
E_nuc:                             0.0000000 Eh
E_casci:                        -398.5325748 Eh
E0 (from RDM):                  -398.5325748 Eh
Ecorr:                            -0.1603097 Eh

Timing summary
... Hamil build:                    0.0087004 s
... Hamil diag:                     0.0002689 s
... RDM build:                      4.0752230 s
State     Energy / Eh         Splitting / Eh      Splitting / cm-1    Splitting / meV     
0         -3.9853347e+02      +0.0000000e+00      +0.0000000e+00      +0.0000000e+00      
1         -3.9853347e+02      +5.6296585e-09      +1.2355672e-03      +1.5319088e-04      
2         -3.9853347e+02      +5.9783360e-09      +1.3120931e-03      +1.6267889e-04      
3         -3.9853347e+02      +5.6479053e-09      +1.2395719e-03      +1.5368740e-04      
4         -3.9853347e+02      +5.6580234e-09      +1.2417926e-03      +1.5396273e-04      
5         -3.9853166e+02      +1.8163270e-03      +3.9863770e+02      +4.9424800e+01      
6         -3.9853166e+02      +3.5533390e-09      +7.7986775e-04      +9.6691324e-05      
7         -3.9853166e+02      +3.5755079e-09      +7.8473327e-04      +9.7294572e-05      
8         -3.9853083e+02      +8.2294816e-04      +1.8061624e+02      +2.2393571e+01      
Total time taken:                   4.4027033 s
===============================================

===============================================
            Relativistic DSRG-MRPT2            
===============================================
-----------------------------------------------
        DSRG-MRPT2 reference relaxation        
-----------------------------------------------
Iter                          Energy              Delta E   
   -Eref  -398.5325748       
   -Ecorr -0.3137206       
<Psi^(0)|Hbar^(0)|Psi^(0)>    -398.8462954        -3.98846e+02
   -Erelax-0.0000007       
<Psi^(0)|Hbar^(1)|Psi^(0)>    -398.8462961        -7.34816e-07
   -Eref  -398.5325741       
   -Ecorr -0.3137211       
<Psi^(1)|Hbar^(1)|Psi^(1)>    -398.8462953        8.71511e-07
   -Erelax-0.0000000       
<Psi^(1)|Hbar^(2)|Psi^(1)>    -398.8462953        -2.50010e-08
   -Eref  -398.5325743       
   -Ecorr -0.3137211       
<Psi^(2)|Hbar^(2)|Psi^(2)>    -398.8462954        -1.53518e-07
   -Erelax-0.0000000       
<Psi^(2)|Hbar^(3)|Psi^(2)>    -398.8462954        -1.10367e-09
   -Eref  -398.5325743       
   -Ecorr -0.3137211       
<Psi^(3)|Hbar^(3)|Psi^(3)>    -398.8462954        3.41008e-08
   -Erelax-0.0000000       
<Psi^(3)|Hbar^(4)|Psi^(3)>    -398.8462954        -4.87717e-11
   -Eref  -398.5325743       
   -Ecorr -0.3137211       
<Psi^(4)|Hbar^(4)|Psi^(4)>    -398.8462954        -7.08525e-09
   -Erelax-0.0000000       
<Psi^(4)|Hbar^(5)|Psi^(4)>    -398.8462954        -2.16005e-12
Unrelaxed DSRG-MRPT2 energy:              -398.8462954 Eh
Unrelaxed DSRG-MRPT2 E_corr:                -0.3137206 Eh
Partially relaxed DSRG-MRPT2 energy:      -398.8462961 Eh
Partially relaxed DSRG-MRPT2 E_corr:        -0.3137213 Eh
Relaxed DSRG-MRPT2 energy:                -398.8462953 Eh
Relaxed DSRG-MRPT2 E_corr:                  -0.3137211 Eh
Fully relaxed DSRG-MRPT2 energy:          -398.8462954 Eh
Fully relaxed DSRG-MRPT2 E_corr:            -0.3137211 Eh
State     Energy / Eh         Splitting / Eh      Splitting / cm-1    Splitting / meV     
0         -3.9884701e+02      +0.0000000e+00      +0.0000000e+00      +0.0000000e+00      
1         -3.9884701e+02      +1.0202825e-09      +2.2392613e-04      +2.7763315e-05      
2         -3.9884701e+02      +2.2936320e-10      +5.0339402e-05      +6.2412934e-06      
3         -3.9884701e+02      +2.4397195e-10      +5.3545654e-05      +6.6388182e-06      
4         -3.9884701e+02      +7.7284312e-10      +1.6961946e-04      +2.1030143e-05      
5         -3.9884557e+02      +1.4412356e-03      +3.1631466e+02      +3.9218038e+01      
6         -3.9884557e+02      +3.4941650e-10      +7.6688056e-05      +9.5081117e-06      
7         -3.9884557e+02      +4.5810111e-10      +1.0054157e-04      +1.2465572e-05      
8         -3.9884491e+02      +6.6044775e-04      +1.4495153e+02      +1.7971707e+01      
Time taken:                       92.3190517 s
===============================================
===============================================
              PySCF DHF interface              
===============================================

Timing report
....integral reading:       2.0007367 s

===============================================
            Relativistic CASCI(7,8)            
===============================================
Will now allocate 0.001 MB memory for the CASCI Hamiltonian!
Time taken for 1-RDM build:        0.0003738 s
Time taken for 1-RDM build:        0.0003631 s
Time taken for 1-RDM build:        0.0003648 s
Time taken for 1-RDM build:        0.0003612 s
Time taken for 1-RDM build:        0.0003619 s
Time taken for 1-RDM build:        0.0003610 s
Time taken for 2-RDM build:        0.0010421 s
Time taken for 2-RDM build:        0.0010023 s
Time taken for 2-RDM build:        0.0010052 s
Time taken for 2-RDM build:        0.0010042 s
Time taken for 2-RDM build:        0.0010006 s
Time taken for 2-RDM build:        0.0009992 s
Time taken for 3-RDM build:        0.0139074 s
Time taken for 3-RDM build:        0.0123594 s
Time taken for 3-RDM build:        0.0123699 s
Time taken for 3-RDM build:        0.0123551 s
Time taken for 3-RDM build:        0.0123563 s
Time taken for 3-RDM build:        0.0123692 s
E_frzc:                         -446.0682972 Eh
E_cas:                           -14.7582517 Eh
E_nuc:                             0.0000000 Eh
E_casci:                        -460.8252020 Eh
E0 (from RDM):                  -460.8252020 Eh
Ecorr:                             0.0013470 Eh

Timing summary
... Hamil build:                    0.0019164 s
... Hamil diag:                     0.0001194 s
... RDM build:                      3.6001296 s
State     Energy / Eh         Splitting / Eh      Splitting / cm-1    Splitting / meV     
0         -4.6082655e+02      +0.0000000e+00      +0.0000000e+00      +0.0000000e+00      
1         -4.6082655e+02      +1.2022326e-08      +2.6385956e-03      +3.2714432e-04      
2         -4.6082655e+02      +5.7600573e-09      +1.2641864e-03      +1.5673922e-04      
3         -4.6082655e+02      +1.1622035e-08      +2.5507418e-03      +3.1625183e-04      
4         -4.6082251e+02      +4.0408198e-03      +8.8685742e+02      +1.0995636e+02      
5         -4.6082251e+02      +2.0031848e-08      +4.3964825e-03      +5.4509461e-04      
Total time taken:                   3.9234333 s
===============================================

===============================================
            Relativistic DSRG-MRPT2            
===============================================
-----------------------------------------------
        DSRG-MRPT2 reference relaxation        
-----------------------------------------------
Iter                          Energy              Delta E   
   -Eref  -460.8252020       
   -Ecorr -0.3518338       
<Psi^(0)|Hbar^(0)|Psi^(0)>    -461.1770358        -4.61177e+02
   -Erelax0.0000000       
<Psi^(0)|Hbar^(1)|Psi^(0)>    -461.1770358        0.00000e+00
   -Eref  -460.8252020       
   -Ecorr -0.3518338       
<Psi^(1)|Hbar^(1)|Psi^(1)>    -461.1770358        -1.70530e-13
   -Erelax-0.0000000       
<Psi^(1)|Hbar^(2)|Psi^(1)>    -461.1770358        0.00000e+00
Unrelaxed DSRG-MRPT2 energy:              -461.1770358 Eh
Unrelaxed DSRG-MRPT2 E_corr:                -0.3518338 Eh
Partially relaxed DSRG-MRPT2 energy:      -461.1770358 Eh
Partially relaxed DSRG-MRPT2 E_corr:        -0.3518338 Eh
Relaxed DSRG-MRPT2 energy:                -461.1770358 Eh
Relaxed DSRG-MRPT2 E_corr:                  -0.3518338 Eh
Fully relaxed DSRG-MRPT2 energy:          -461.1770358 Eh
Fully relaxed DSRG-MRPT2 E_corr:            -0.3518338 Eh
State     Energy / Eh         Splitting / Eh      Splitting / cm-1    Splitting / meV     
0         -4.6117836e+02      +0.0000000e+00      +0.0000000e+00      +0.0000000e+00      
1         -4.6117836e+02      +1.3778845e-09      +3.0241068e-04      +3.7494164e-05      
2         -4.6117836e+02      +1.1988277e-09      +2.6311227e-04      +3.2621779e-05      
3         -4.6117836e+02      +1.2399823e-09      +2.7214467e-04      +3.3741654e-05      
4         -4.6117439e+02      +3.9638509e-03      +8.6996471e+02      +1.0786193e+02      
5         -4.6117439e+02      +2.3447910e-09      +5.1462214e-04      +6.3805044e-05      
Time taken:                       30.3631692 s
===============================================
===============================================
              PySCF DHF interface              
===============================================

Timing report
....integral reading:      24.6529446 s

===============================================
            Relativistic CASCI(3,8)            
===============================================
Will now allocate 0.050 MB memory for the CASCI Hamiltonian!
Time taken for 1-RDM build:        0.0056288 s
Time taken for 1-RDM build:        0.0055616 s
Time taken for 1-RDM build:        0.0056009 s
Time taken for 1-RDM build:        0.0055952 s
Time taken for 1-RDM build:        0.0056088 s
Time taken for 1-RDM build:        0.0056067 s
Time taken for 2-RDM build:        0.0230405 s
Time taken for 2-RDM build:        0.0230026 s
Time taken for 2-RDM build:        0.0229754 s
Time taken for 2-RDM build:        0.0229838 s
Time taken for 2-RDM build:        0.0229750 s
Time taken for 2-RDM build:        0.0229452 s
Time taken for 3-RDM build:        0.0652308 s
Time taken for 3-RDM build:        0.0641196 s
Time taken for 3-RDM build:        0.0640709 s
Time taken for 3-RDM build:        0.0640173 s
Time taken for 3-RDM build:        0.0640466 s
Time taken for 3-RDM build:        0.0639834 s
E_frzc:                        -1939.7138290 Eh
E_cas:                            -2.0100161 Eh
E_nuc:                             0.0000000 Eh
E_casci:                       -1941.7217616 Eh
E0 (from RDM):                 -1941.7217616 Eh
Ecorr:                            -0.1944870 Eh

Timing summary
... Hamil build:                    0.0167923 s
... Hamil diag:                     0.0005636 s
... RDM build:                     48.8103819 s
State     Energy / Eh         Splitting / Eh      Splitting / cm-1    Splitting / meV     
0         -1.9417238e+03      +0.0000000e+00      +0.0000000e+00      +0.0000000e+00      
1         -1.9417238e+03      +1.0702479e-09      +2.3489226e-04      +2.9122942e-05      
2         -1.9417207e+03      +3.1252750e-03      +6.8591858e+02      +8.5043106e+01      
3         -1.9417207e+03      +1.1004886e-09      +2.4152933e-04      +2.9945834e-05      
4         -1.9417207e+03      +9.5178621e-10      +2.0889293e-04      +2.5899434e-05      
5         -1.9417207e+03      +6.4619599e-10      +1.4182362e-04      +1.7583897e-05      
Total time taken:                  52.4914019 s
===============================================

===============================================
            Relativistic DSRG-MRPT2            
===============================================
-----------------------------------------------
        DSRG-MRPT2 reference relaxation        
-----------------------------------------------
Iter                          Energy              Delta E   
   -Eref  -1941.7217616       
   -Ecorr -0.9536801       
<Psi^(0)|Hbar^(0)|Psi^(0)>    -1942.6754417       -1.94268e+03
   -Erelax-0.0003546       
<Psi^(0)|Hbar^(1)|Psi^(0)>    -1942.6757963       -3.54619e-04
   -Eref  -1941.7214063       
   -Ecorr -0.9543356       
<Psi^(1)|Hbar^(1)|Psi^(1)>    -1942.6757419       5.44449e-05
   -Erelax-0.0000000       
<Psi^(1)|Hbar^(2)|Psi^(1)>    -1942.6757419       -3.88127e-09
   -Eref  -1941.7214086       
   -Ecorr -0.9543334       
<Psi^(2)|Hbar^(2)|Psi^(2)>    -1942.6757420       -1.45417e-07
   -Erelax-0.0000000       
<Psi^(2)|Hbar^(3)|Psi^(2)>    -1942.6757420       0.00000e+00
   -Eref  -1941.7214086       
   -Ecorr -0.9543334       
<Psi^(3)|Hbar^(3)|Psi^(3)>    -1942.6757420       4.74984e-10
   -Erelax0.0000000       
<Psi^(3)|Hbar^(4)|Psi^(3)>    -1942.6757420       0.00000e+00
Unrelaxed DSRG-MRPT2 energy:             -1942.6754417 Eh
Unrelaxed DSRG-MRPT2 E_corr:                -0.9536801 Eh
Partially relaxed DSRG-MRPT2 energy:     -1942.6757963 Eh
Partially relaxed DSRG-MRPT2 E_corr:        -0.9540347 Eh
Relaxed DSRG-MRPT2 energy:               -1942.6757419 Eh
Relaxed DSRG-MRPT2 E_corr:                  -0.9543356 Eh
Fully relaxed DSRG-MRPT2 energy:         -1942.6757420 Eh
Fully relaxed DSRG-MRPT2 E_corr:            -0.9543334 Eh
State     Energy / Eh         Splitting / Eh      Splitting / cm-1    Splitting / meV     
0         -1.9426781e+03      +0.0000000e+00      +0.0000000e+00      +0.0000000e+00      
1         -1.9426781e+03      +3.7448444e-10      +8.2189835e-05      +1.0190246e-05      
2         -1.9426745e+03      +3.5816630e-03      +7.8608416e+02      +9.7462061e+01      
3         -1.9426745e+03      +3.8789949e-10      +8.5134097e-05      +1.0555288e-05      
4         -1.9426745e+03      +3.6925485e-10      +8.1042071e-05      +1.0047941e-05      
5         -1.9426745e+03      +2.4306246e-10      +5.3346043e-05      +6.6140696e-06      
Time taken:                      956.5371017 s
===============================================
===============================================
              PySCF DHF interface              
===============================================

Timing report
....integral reading:      23.8877244 s

===============================================
            Relativistic CASCI(4,8)            
===============================================
Will now allocate 0.078 MB memory for the CASCI Hamiltonian!
Time taken for 1-RDM build:        0.0097942 s
Time taken for 1-RDM build:        0.0094640 s
Time taken for 1-RDM build:        0.0094635 s
Time taken for 1-RDM build:        0.0094948 s
Time taken for 1-RDM build:        0.0094810 s
Time taken for 1-RDM build:        0.0094442 s
Time taken for 1-RDM build:        0.0094745 s
Time taken for 1-RDM build:        0.0094471 s
Time taken for 1-RDM build:        0.0094717 s
Time taken for 2-RDM build:        0.0346017 s
Time taken for 2-RDM build:        0.0346196 s
Time taken for 2-RDM build:        0.0346119 s
Time taken for 2-RDM build:        0.0346239 s
Time taken for 2-RDM build:        0.0345867 s
Time taken for 2-RDM build:        0.0346596 s
Time taken for 2-RDM build:        0.0346234 s
Time taken for 2-RDM build:        0.0345981 s
Time taken for 2-RDM build:        0.0346437 s
Time taken for 3-RDM build:        0.1518884 s
Time taken for 3-RDM build:        0.1509941 s
Time taken for 3-RDM build:        0.1510136 s
Time taken for 3-RDM build:        0.1516058 s
Time taken for 3-RDM build:        0.1505640 s
Time taken for 3-RDM build:        0.1507559 s
Time taken for 3-RDM build:        0.1508129 s
Time taken for 3-RDM build:        0.1508811 s
Time taken for 3-RDM build:        0.1506598 s
E_frzc:                        -2092.8592106 Eh
E_cas:                            -3.6862998 Eh
E_nuc:                             0.0000000 Eh
E_casci:                       -2096.5413860 Eh
E0 (from RDM):                 -2096.5413860 Eh
Ecorr:                            -0.2153364 Eh

Timing summary
... Hamil build:                    0.0259013 s
... Hamil diag:                     0.0011134 s
... RDM build:                     49.6304102 s
State     Energy / Eh         Splitting / Eh      Splitting / cm-1    Splitting / meV     
0         -2.0965455e+03      +0.0000000e+00      +0.0000000e+00      +0.0000000e+00      
1         -2.0965432e+03      +2.3344184e-03      +5.1234561e+02      +6.3522789e+01      
2         -2.0965432e+03      +6.4164851e-10      +1.4082557e-04      +1.7460154e-05      
3         -2.0965432e+03      +5.3205440e-10      +1.1677244e-04      +1.4477945e-05      
4         -2.0965395e+03      +3.6890520e-03      +8.0965333e+02      +1.0038427e+02      
5         -2.0965395e+03      +9.3723429e-10      +2.0569915e-04      +2.5503456e-05      
6         -2.0965395e+03      +1.0586518e-09      +2.3234722e-04      +2.8807397e-05      
7         -2.0965395e+03      +1.1709744e-09      +2.5699918e-04      +3.1863852e-05      
8         -2.0965395e+03      +1.0372787e-09      +2.2765636e-04      +2.8225805e-05      
Total time taken:                  53.3127873 s
===============================================

===============================================
            Relativistic DSRG-MRPT2            
===============================================
-----------------------------------------------
        DSRG-MRPT2 reference relaxation        
-----------------------------------------------
Iter                          Energy              Delta E   
   -Eref  -2096.5413860       
   -Ecorr -0.9531164       
<Psi^(0)|Hbar^(0)|Psi^(0)>    -2097.4945024       -2.09749e+03
   -Erelax-0.0000947       
<Psi^(0)|Hbar^(1)|Psi^(0)>    -2097.4945971       -9.47200e-05
   -Eref  -2096.5412851       
   -Ecorr -0.9533385       
<Psi^(1)|Hbar^(1)|Psi^(1)>    -2097.4946237       -2.65643e-05
   -Erelax-0.0000000       
<Psi^(1)|Hbar^(2)|Psi^(1)>    -2097.4946237       -2.27305e-08
   -Eref  -2096.5412841       
   -Ecorr -0.9533390       
<Psi^(2)|Hbar^(2)|Psi^(2)>    -2097.4946231       5.67756e-07
   -Erelax-0.0000000       
<Psi^(2)|Hbar^(3)|Psi^(2)>    -2097.4946231       -3.41061e-11
   -Eref  -2096.5412840       
   -Ecorr -0.9533391       
<Psi^(3)|Hbar^(3)|Psi^(3)>    -2097.4946231       1.81394e-08
   -Erelax-0.0000000       
<Psi^(3)|Hbar^(4)|Psi^(3)>    -2097.4946231       0.00000e+00
   -Eref  -2096.5412840       
   -Ecorr -0.9533391       
<Psi^(4)|Hbar^(4)|Psi^(4)>    -2097.4946231       7.23503e-10
   -Erelax0.0000000       
<Psi^(4)|Hbar^(5)|Psi^(4)>    -2097.4946231       0.00000e+00
Unrelaxed DSRG-MRPT2 energy:             -2097.4945024 Eh
Unrelaxed DSRG-MRPT2 E_corr:                -0.9531164 Eh
Partially relaxed DSRG-MRPT2 energy:     -2097.4945971 Eh
Partially relaxed DSRG-MRPT2 E_corr:        -0.9532111 Eh
Relaxed DSRG-MRPT2 energy:               -2097.4946237 Eh
Relaxed DSRG-MRPT2 E_corr:                  -0.9533385 Eh
Fully relaxed DSRG-MRPT2 energy:         -2097.4946231 Eh
Fully relaxed DSRG-MRPT2 E_corr:            -0.9533391 Eh
State     Energy / Eh         Splitting / Eh      Splitting / cm-1    Splitting / meV     
0         -2.0974991e+03      +0.0000000e+00      +0.0000000e+00      +0.0000000e+00      
1         -2.0974965e+03      +2.5353512e-03      +5.5644527e+02      +6.8990454e+01      
2         -2.0974965e+03      +1.2505552e-10      +2.7446514e-05      +3.4029357e-06      
3         -2.0974965e+03      +1.1823431e-10      +2.5949432e-05      +3.2173210e-06      
4         -2.0974926e+03      +3.9370976e-03      +8.6409304e+02      +1.0713393e+02      
5         -2.0974926e+03      +1.6780177e-10      +3.6828232e-05      +4.5661210e-06      
6         -2.0974926e+03      +1.9690560e-10      +4.3215784e-05      +5.3580769e-06      
7         -2.0974926e+03      +1.8826540e-10      +4.1319480e-05      +5.1229650e-06      
8         -2.0974926e+03      +1.6052581e-10      +3.5231344e-05      +4.3681320e-06      
Time taken:                     1225.8937099 s
===============================================
===============================================
              PySCF DHF interface              
===============================================

Timing report
....integral reading:      23.6910753 s

===============================================
            Relativistic CASCI(5,8)            
===============================================
Will now allocate 0.050 MB memory for the CASCI Hamiltonian!
Time taken for 1-RDM build:        0.0056298 s
Time taken for 1-RDM build:        0.0056138 s
Time taken for 1-RDM build:        0.0056179 s
Time taken for 1-RDM build:        0.0056341 s
Time taken for 1-RDM build:        0.0056038 s
Time taken for 1-RDM build:        0.0056069 s
Time taken for 1-RDM build:        0.0056212 s
Time taken for 1-RDM build:        0.0056188 s
Time taken for 1-RDM build:        0.0056109 s
Time taken for 1-RDM build:        0.0056038 s
Time taken for 1-RDM build:        0.0056140 s
Time taken for 1-RDM build:        0.0056274 s
Time taken for 1-RDM build:        0.0056167 s
Time taken for 1-RDM build:        0.0055990 s
Time taken for 2-RDM build:        0.0253525 s
Time taken for 2-RDM build:        0.0252929 s
Time taken for 2-RDM build:        0.0252120 s
Time taken for 2-RDM build:        0.0253174 s
Time taken for 2-RDM build:        0.0253620 s
Time taken for 2-RDM build:        0.0253203 s
Time taken for 2-RDM build:        0.0252421 s
Time taken for 2-RDM build:        0.0252488 s
Time taken for 2-RDM build:        0.0252552 s
Time taken for 2-RDM build:        0.0252512 s
Time taken for 2-RDM build:        0.0252390 s
Time taken for 2-RDM build:        0.0252588 s
Time taken for 2-RDM build:        0.0252454 s
Time taken for 2-RDM build:        0.0253053 s
Time taken for 3-RDM build:        0.1494100 s
Time taken for 3-RDM build:        0.1481457 s
Time taken for 3-RDM build:        0.1477489 s
Time taken for 3-RDM build:        0.1483665 s
Time taken for 3-RDM build:        0.1477861 s
Time taken for 3-RDM build:        0.1479125 s
Time taken for 3-RDM build:        0.1479235 s
Time taken for 3-RDM build:        0.1481502 s
Time taken for 3-RDM build:        0.1480997 s
Time taken for 3-RDM build:        0.1478689 s
Time taken for 3-RDM build:        0.1477423 s
Time taken for 3-RDM build:        0.1478655 s
Time taken for 3-RDM build:        0.1478772 s
Time taken for 3-RDM build:        0.1478393 s
E_frzc:                        -2252.3726240 Eh
E_cas:                            -6.0718308 Eh
E_nuc:                             0.0000000 Eh
E_casci:                       -2258.3972569 Eh
E0 (from RDM):                 -2258.3972569 Eh
Ecorr:                            -0.0178409 Eh

Timing summary
... Hamil build:                    0.0208831 s
... Hamil diag:                     0.0005224 s
... RDM build:                     50.3693006 s
State     Energy / Eh         Splitting / Eh      Splitting / cm-1    Splitting / meV     
0         -2.2584445e+03      +0.0000000e+00      +0.0000000e+00      +0.0000000e+00      
1         -2.2584445e+03      +5.2432370e-10      +1.1507575e-04      +1.4267581e-05      
2         -2.2584445e+03      +5.2705218e-10      +1.1567458e-04      +1.4341827e-05      
3         -2.2584445e+03      +5.1386451e-10      +1.1278022e-04      +1.3982972e-05      
4         -2.2583793e+03      +6.5107933e-02      +1.4289540e+04      +1.7716780e+03      
5         -2.2583793e+03      +9.2859409e-10      +2.0380284e-04      +2.5268344e-05      
6         -2.2583793e+03      +1.1159500e-09      +2.4492271e-04      +3.0366561e-05      
7         -2.2583793e+03      +5.1250026e-10      +1.1248081e-04      +1.3945849e-05      
8         -2.2583777e+03      +1.6153755e-03      +3.5453394e+02      +4.3956628e+01      
9         -2.2583777e+03      +7.5033313e-10      +1.6467909e-04      +2.0417614e-05      
10        -2.2583777e+03      +4.8839865e-10      +1.0719111e-04      +1.3290011e-05      
11        -2.2583777e+03      +1.4611032e-09      +3.2067509e-04      +3.9758663e-05      
12        -2.2583777e+03      +1.6329977e-09      +3.5840157e-04      +4.4436153e-05      
13        -2.2583777e+03      +6.3982952e-10      +1.4042635e-04      +1.7410656e-05      
Total time taken:                  54.0393271 s
===============================================

===============================================
            Relativistic DSRG-MRPT2            
===============================================
-----------------------------------------------
        DSRG-MRPT2 reference relaxation        
-----------------------------------------------
Iter                          Energy              Delta E   
   -Eref  -2258.3972569       
   -Ecorr -0.9709800       
<Psi^(0)|Hbar^(0)|Psi^(0)>    -2259.3682369       -2.25937e+03
   -Erelax-0.0000362       
<Psi^(0)|Hbar^(1)|Psi^(0)>    -2259.3682731       -3.62158e-05
   -Eref  -2258.3972273       
   -Ecorr -0.9710627       
<Psi^(1)|Hbar^(1)|Psi^(1)>    -2259.3682900       -1.69212e-05
   -Erelax-0.0000002       
<Psi^(1)|Hbar^(2)|Psi^(1)>    -2259.3682902       -1.95073e-07
   -Eref  -2258.3972310       
   -Ecorr -0.9710579       
<Psi^(2)|Hbar^(2)|Psi^(2)>    -2259.3682889       1.35635e-06
   -Erelax-0.0000000       
<Psi^(2)|Hbar^(3)|Psi^(2)>    -2259.3682889       -1.33559e-09
   -Eref  -2258.3972307       
   -Ecorr -0.9710583       
<Psi^(3)|Hbar^(3)|Psi^(3)>    -2259.3682890       -1.11655e-07
   -Erelax-0.0000000       
<Psi^(3)|Hbar^(4)|Psi^(3)>    -2259.3682890       -9.09495e-12
   -Eref  -2258.3972307       
   -Ecorr -0.9710583       
<Psi^(4)|Hbar^(4)|Psi^(4)>    -2259.3682890       9.24774e-09
   -Erelax-0.0000000       
<Psi^(4)|Hbar^(5)|Psi^(4)>    -2259.3682890       0.00000e+00
Unrelaxed DSRG-MRPT2 energy:             -2259.3682369 Eh
Unrelaxed DSRG-MRPT2 E_corr:                -0.9709800 Eh
Partially relaxed DSRG-MRPT2 energy:     -2259.3682731 Eh
Partially relaxed DSRG-MRPT2 E_corr:        -0.9710162 Eh
Relaxed DSRG-MRPT2 energy:               -2259.3682900 Eh
Relaxed DSRG-MRPT2 E_corr:                  -0.9710627 Eh
Fully relaxed DSRG-MRPT2 energy:         -2259.3682890 Eh
Fully relaxed DSRG-MRPT2 E_corr:            -0.9710583 Eh
State     Energy / Eh         Splitting / Eh      Splitting / cm-1    Splitting / meV     
0         -2.2594070e+03      +0.0000000e+00      +0.0000000e+00      +0.0000000e+00      
1         -2.2594070e+03      +1.1277734e-10      +2.4751766e-05      +3.0688293e-06      
2         -2.2594070e+03      +1.1732482e-10      +2.5749821e-05      +3.1925724e-06      
3         -2.2594070e+03      +1.1368684e-10      +2.4951377e-05      +3.0935779e-06      
4         -2.2593536e+03      +5.3415654e-02      +1.1723381e+04      +1.4535147e+03      
5         -2.2593536e+03      +1.0049916e-10      +2.2057017e-05      +2.7347229e-06      
6         -2.2593536e+03      +2.4783731e-10      +5.4394001e-05      +6.7439998e-06      
7         -2.2593536e+03      +7.9126039e-11      +1.7366158e-05      +2.1531302e-06      
8         -2.2593523e+03      +1.2919455e-03      +2.8354926e+02      +3.5155645e+01      
9         -2.2593523e+03      +7.7761797e-11      +1.7066742e-05      +2.1160073e-06      
10        -2.2593523e+03      +1.9736035e-10      +4.3315590e-05      +5.3704512e-06      
11        -2.2593523e+03      +1.5643309e-10      +3.4333094e-05      +4.2567632e-06      
12        -2.2593523e+03      +1.5461410e-10      +3.3933872e-05      +4.2072659e-06      
13        -2.2593523e+03      +1.2823875e-10      +2.8145153e-05      +3.4895559e-06      
Time taken:                     1229.6226447 s
===============================================
===============================================
              PySCF DHF interface              
===============================================

Timing report
....integral reading:      23.8921251 s

===============================================
            Relativistic CASCI(6,8)            
===============================================
Will now allocate 0.013 MB memory for the CASCI Hamiltonian!
Time taken for 1-RDM build:        0.0021932 s
Time taken for 1-RDM build:        0.0021772 s
Time taken for 1-RDM build:        0.0021651 s
Time taken for 1-RDM build:        0.0021687 s
Time taken for 1-RDM build:        0.0021663 s
Time taken for 1-RDM build:        0.0021780 s
Time taken for 1-RDM build:        0.0021751 s
Time taken for 1-RDM build:        0.0021818 s
Time taken for 1-RDM build:        0.0021708 s
Time taken for 2-RDM build:        0.0085673 s
Time taken for 2-RDM build:        0.0085170 s
Time taken for 2-RDM build:        0.0085297 s
Time taken for 2-RDM build:        0.0085542 s
Time taken for 2-RDM build:        0.0085342 s
Time taken for 2-RDM build:        0.0085187 s
Time taken for 2-RDM build:        0.0085380 s
Time taken for 2-RDM build:        0.0085278 s
Time taken for 2-RDM build:        0.0084934 s
Time taken for 3-RDM build:        0.0692768 s
Time taken for 3-RDM build:        0.0659068 s
Time taken for 3-RDM build:        0.0660288 s
Time taken for 3-RDM build:        0.0659795 s
Time taken for 3-RDM build:        0.0660281 s
Time taken for 3-RDM build:        0.0660510 s
Time taken for 3-RDM build:        0.0660460 s
Time taken for 3-RDM build:        0.0658886 s
Time taken for 3-RDM build:        0.0659430 s
E_frzc:                        -2418.2608262 Eh
E_cas:                            -9.1774708 Eh
E_nuc:                             0.0000000 Eh
E_casci:                       -2427.4340589 Eh
E0 (from RDM):                 -2427.4340589 Eh
Ecorr:                            -0.1372548 Eh

Timing summary
... Hamil build:                    0.0086811 s
... Hamil diag:                     0.0002735 s
... RDM build:                     48.5702770 s
State     Energy / Eh         Splitting / Eh      Splitting / cm-1    Splitting / meV     
0         -2.4274383e+03      +0.0000000e+00      +0.0000000e+00      +0.0000000e+00      
1         -2.4274383e+03      +1.9413164e-09      +4.2606971e-04      +5.2825936e-05      
2         -2.4274383e+03      +8.9721652e-10      +1.9691626e-04      +2.4414517e-05      
3         -2.4274383e+03      +1.1737029e-09      +2.5759801e-04      +3.1938098e-05      
4         -2.4274383e+03      +1.8349056e-09      +4.0271522e-04      +4.9930347e-05      
5         -2.4274294e+03      +8.8831576e-03      +1.9496277e+03      +2.4172315e+02      
6         -2.4274294e+03      +4.1914063e-09      +9.1990735e-04      +1.1405403e-04      
7         -2.4274294e+03      +4.1027306e-09      +9.0044528e-04      +1.1164104e-04      
8         -2.4274268e+03      +2.6102260e-03      +5.7287839e+02      +7.1027902e+01      
Total time taken:                  52.2488251 s
===============================================

===============================================
            Relativistic DSRG-MRPT2            
===============================================
-----------------------------------------------
        DSRG-MRPT2 reference relaxation        
-----------------------------------------------
Iter                          Energy              Delta E   
   -Eref  -2427.4340589       
   -Ecorr -0.9846015       
<Psi^(0)|Hbar^(0)|Psi^(0)>    -2428.4186604       -2.42842e+03
   -Erelax-0.0000096       
<Psi^(0)|Hbar^(1)|Psi^(0)>    -2428.4186700       -9.59168e-06
   -Eref  -2427.4340500       
   -Ecorr -0.9846118       
<Psi^(1)|Hbar^(1)|Psi^(1)>    -2428.4186618       8.17652e-06
   -Erelax-0.0000001       
<Psi^(1)|Hbar^(2)|Psi^(1)>    -2428.4186619       -1.30191e-07
   -Eref  -2427.4340515       
   -Ecorr -0.9846116       
<Psi^(2)|Hbar^(2)|Psi^(2)>    -2428.4186631       -1.16917e-06
   -Erelax-0.0000000       
<Psi^(2)|Hbar^(3)|Psi^(2)>    -2428.4186631       -2.89219e-09
   -Eref  -2427.4340513       
   -Ecorr -0.9846116       
<Psi^(3)|Hbar^(3)|Psi^(3)>    -2428.4186629       1.78780e-07
   -Erelax-0.0000000       
<Psi^(3)|Hbar^(4)|Psi^(3)>    -2428.4186629       -6.41194e-11
   -Eref  -2427.4340513       
   -Ecorr -0.9846116       
<Psi^(4)|Hbar^(4)|Psi^(4)>    -2428.4186630       -2.65518e-08
   -Erelax-0.0000000       
<Psi^(4)|Hbar^(5)|Psi^(4)>    -2428.4186630       -1.36424e-12
   -Eref  -2427.4340513       
   -Ecorr -0.9846116       
<Psi^(5)|Hbar^(5)|Psi^(5)>    -2428.4186630       3.95994e-09
   -Erelax-0.0000000       
<Psi^(5)|Hbar^(6)|Psi^(5)>    -2428.4186630       0.00000e+00
Unrelaxed DSRG-MRPT2 energy:             -2428.4186604 Eh
Unrelaxed DSRG-MRPT2 E_corr:                -0.9846015 Eh
Partially relaxed DSRG-MRPT2 energy:     -2428.4186700 Eh
Partially relaxed DSRG-MRPT2 E_corr:        -0.9846111 Eh
Relaxed DSRG-MRPT2 energy:               -2428.4186618 Eh
Relaxed DSRG-MRPT2 E_corr:                  -0.9846118 Eh
Fully relaxed DSRG-MRPT2 energy:         -2428.4186630 Eh
Fully relaxed DSRG-MRPT2 E_corr:            -0.9846116 Eh
State     Energy / Eh         Splitting / Eh      Splitting / cm-1    Splitting / meV     
0         -2.4284222e+03      +0.0000000e+00      +0.0000000e+00      +0.0000000e+00      
1         -2.4284222e+03      +2.9695002e-10      +6.5172996e-05      +8.0804255e-06      
2         -2.4284222e+03      +3.3014658e-10      +7.2458798e-05      +8.9837502e-06      
3         -2.4284222e+03      +3.2741809e-10      +7.1859965e-05      +8.9095044e-06      
4         -2.4284222e+03      +2.7193892e-10      +5.9683693e-05      +7.3998383e-06      
5         -2.4284148e+03      +7.3350568e-03      +1.6098589e+03      +1.9959716e+02      
6         -2.4284148e+03      +5.0977178e-10      +1.1188197e-04      +1.3871603e-05      
7         -2.4284148e+03      +4.5974957e-10      +1.0090337e-04      +1.2510429e-05      
8         -2.4284125e+03      +2.3569232e-03      +5.1728484e+02      +6.4135177e+01      
Time taken:                     1490.3330505 s
===============================================
===============================================
              PySCF DHF interface              
===============================================

Timing report
....integral reading:      23.8806212 s

===============================================
            Relativistic CASCI(7,8)            
===============================================
Will now allocate 0.001 MB memory for the CASCI Hamiltonian!
Time taken for 1-RDM build:        0.0003738 s
Time taken for 1-RDM build:        0.0003631 s
Time taken for 1-RDM build:        0.0003591 s
Time taken for 1-RDM build:        0.0003591 s
Time taken for 1-RDM build:        0.0003579 s
Time taken for 1-RDM build:        0.0003572 s
Time taken for 2-RDM build:        0.0010402 s
Time taken for 2-RDM build:        0.0010011 s
Time taken for 2-RDM build:        0.0009992 s
Time taken for 2-RDM build:        0.0009921 s
Time taken for 2-RDM build:        0.0009944 s
Time taken for 2-RDM build:        0.0009978 s
Time taken for 3-RDM build:        0.0138452 s
Time taken for 3-RDM build:        0.0122907 s
Time taken for 3-RDM build:        0.0122793 s
Time taken for 3-RDM build:        0.0122824 s
Time taken for 3-RDM build:        0.0122771 s
Time taken for 3-RDM build:        0.0122769 s
E_frzc:                        -2590.5378304 Eh
E_cas:                           -13.1880855 Eh
E_nuc:                             0.0000000 Eh
E_casci:                       -2603.7203212 Eh
E0 (from RDM):                 -2603.7203212 Eh
Ecorr:                            -0.0318830 Eh

Timing summary
... Hamil build:                    0.0018988 s
... Hamil diag:                     0.0001025 s
... RDM build:                     47.9246051 s
State     Energy / Eh         Splitting / Eh      Splitting / cm-1    Splitting / meV     
0         -2.6037259e+03      +0.0000000e+00      +0.0000000e+00      +0.0000000e+00      
1         -2.6037259e+03      +9.2413757e-09      +2.0282475e-03      +2.5147076e-04      
2         -2.6037259e+03      +1.8784249e-08      +4.1226661e-03      +5.1114569e-04      
3         -2.6037259e+03      +9.8884811e-09      +2.1702707e-03      +2.6907941e-04      
4         -2.6037091e+03      +1.6783801e-02      +3.6836186e+03      +4.5671072e+02      
5         -2.6037091e+03      +7.4087438e-09      +1.6260313e-03      +2.0160228e-04      
Total time taken:                  51.5901563 s
===============================================

===============================================
            Relativistic DSRG-MRPT2            
===============================================
-----------------------------------------------
        DSRG-MRPT2 reference relaxation        
-----------------------------------------------
Iter                          Energy              Delta E   
   -Eref  -2603.7203212       
   -Ecorr -1.0048740       
<Psi^(0)|Hbar^(0)|Psi^(0)>    -2604.7251952       -2.60473e+03
   -Erelax0.0000000       
<Psi^(0)|Hbar^(1)|Psi^(0)>    -2604.7251952       0.00000e+00
   -Eref  -2603.7203212       
   -Ecorr -1.0048740       
<Psi^(1)|Hbar^(1)|Psi^(1)>    -2604.7251952       9.09495e-13
   -Erelax0.0000000       
<Psi^(1)|Hbar^(2)|Psi^(1)>    -2604.7251952       0.00000e+00
Unrelaxed DSRG-MRPT2 energy:             -2604.7251952 Eh
Unrelaxed DSRG-MRPT2 E_corr:                -1.0048740 Eh
Partially relaxed DSRG-MRPT2 energy:     -2604.7251952 Eh
Partially relaxed DSRG-MRPT2 E_corr:        -1.0048740 Eh
Relaxed DSRG-MRPT2 energy:               -2604.7251952 Eh
Relaxed DSRG-MRPT2 E_corr:                  -1.0048740 Eh
Fully relaxed DSRG-MRPT2 energy:         -2604.7251952 Eh
Fully relaxed DSRG-MRPT2 E_corr:            -1.0048740 Eh
State     Energy / Eh         Splitting / Eh      Splitting / cm-1    Splitting / meV     
0         -2.6047306e+03      +0.0000000e+00      +0.0000000e+00      +0.0000000e+00      
1         -2.6047306e+03      +1.1768861e-09      +2.5829665e-04      +3.2024718e-05      
2         -2.6047306e+03      +2.2250788e-09      +4.8834834e-04      +6.0547507e-05      
3         -2.6047306e+03      +1.7762432e-09      +3.8984031e-04      +4.8334061e-05      
4         -2.6047143e+03      +1.6307478e-02      +3.5790778e+03      +4.4374930e+02      
5         -2.6047143e+03      +1.6066224e-09      +3.5261285e-04      +4.3718443e-05      
Time taken:                      408.1153233 s
===============================================
