NOW DOING s=0.64!
===============================================
              PySCF DHF interface              
===============================================

Timing report
....integral reading:       0.4981632 s

===============================================
            Relativistic CASCI(3,8)            
===============================================
Will now allocate 0.050 MB memory for the CASCI Hamiltonian!
Time taken for 1-RDM build:        0.0057123 s
Time taken for 1-RDM build:        0.0056965 s
Time taken for 1-RDM build:        0.0056911 s
Time taken for 1-RDM build:        0.0057368 s
Time taken for 1-RDM build:        0.0057216 s
Time taken for 1-RDM build:        0.0057032 s
Time taken for 2-RDM build:        0.0245602 s
Time taken for 2-RDM build:        0.0233111 s
Time taken for 2-RDM build:        0.0234425 s
Time taken for 2-RDM build:        0.0233214 s
Time taken for 2-RDM build:        0.0233965 s
Time taken for 2-RDM build:        0.0234082 s
Time taken for 3-RDM build:        0.0657072 s
Time taken for 3-RDM build:        0.0656221 s
Time taken for 3-RDM build:        0.0649965 s
Time taken for 3-RDM build:        0.0649881 s
Time taken for 3-RDM build:        0.0648491 s
Time taken for 3-RDM build:        0.0648527 s
E_frzc:                          -21.9899228 Eh
E_cas:                            -2.5754278 Eh
E_nuc:                             0.0000000 Eh
E_casci:                         -24.5653104 Eh
E0 (from RDM):                   -24.5653104 Eh
Ecorr:                            -0.2764703 Eh

Timing summary
... Hamil build:                    0.0170076 s
... Hamil diag:                     0.0005798 s
... RDM build:                      1.7436123 s
State     Energy / Eh         Splitting / Eh      Splitting / cm-1    Splitting / meV     
0         -2.4565351e+01      +0.0000000e+00      +0.0000000e+00      +0.0000000e+00      
1         -2.4565351e+01      +1.6292141e-09      +3.5757116e-04      +4.4333195e-05      
2         -2.4565290e+01      +6.0370290e-05      +1.3249747e+01      +1.6427601e+00      
3         -2.4565290e+01      +8.2750518e-10      +1.8161639e-04      +2.2517574e-05      
4         -2.4565290e+01      +8.6880192e-10      +1.9067998e-04      +2.3641316e-05      
5         -2.4565290e+01      +1.8699744e-09      +4.1041194e-04      +5.0884619e-05      
Total time taken:                   1.8653023 s
===============================================

===============================================
            Relativistic DSRG-MRPT2            
===============================================
-----------------------------------------------
        DSRG-MRPT2 reference relaxation        
-----------------------------------------------
Iter                          Energy              Delta E   
   -Eref  -24.5653104       
   -Ecorr -0.0699796       
<Psi^(0)|Hbar^(0)|Psi^(0)>    -24.6352900         -2.46353e+01
   -Erelax-0.0002913       
<Psi^(0)|Hbar^(1)|Psi^(0)>    -24.6355813         -2.91311e-04
   -Eref  -24.5650071       
   -Ecorr -0.0705038       
<Psi^(1)|Hbar^(1)|Psi^(1)>    -24.6355109         7.03868e-05
   -Erelax-0.0000000       
<Psi^(1)|Hbar^(2)|Psi^(1)>    -24.6355109         -1.32731e-08
   -Eref  -24.5650112       
   -Ecorr -0.0705001       
<Psi^(2)|Hbar^(2)|Psi^(2)>    -24.6355113         -4.06191e-07
   -Erelax-0.0000000       
<Psi^(2)|Hbar^(3)|Psi^(2)>    -24.6355113         -5.96856e-13
   -Eref  -24.5650112       
   -Ecorr -0.0705001       
<Psi^(3)|Hbar^(3)|Psi^(3)>    -24.6355113         2.72406e-09
   -Erelax0.0000000       
<Psi^(3)|Hbar^(4)|Psi^(3)>    -24.6355113         0.00000e+00
Unrelaxed DSRG-MRPT2 energy:               -24.6352900 Eh
Unrelaxed DSRG-MRPT2 E_corr:                -0.0699796 Eh
Partially relaxed DSRG-MRPT2 energy:       -24.6355813 Eh
Partially relaxed DSRG-MRPT2 E_corr:        -0.0702709 Eh
Relaxed DSRG-MRPT2 energy:                 -24.6355109 Eh
Relaxed DSRG-MRPT2 E_corr:                  -0.0705038 Eh
Fully relaxed DSRG-MRPT2 energy:           -24.6355113 Eh
Fully relaxed DSRG-MRPT2 E_corr:            -0.0705001 Eh
State     Energy / Eh         Splitting / Eh      Splitting / cm-1    Splitting / meV     
0         -2.4635554e+01      +0.0000000e+00      +0.0000000e+00      +0.0000000e+00      
1         -2.4635554e+01      +6.0313354e-10      +1.3237251e-04      +1.6412107e-05      
2         -2.4635490e+01      +6.4161888e-05      +1.4081907e+01      +1.7459347e+00      
3         -2.4635490e+01      +4.4748916e-10      +9.8212517e-05      +1.2176806e-05      
4         -2.4635490e+01      +3.8783554e-10      +8.5120062e-05      +1.0553548e-05      
5         -2.4635490e+01      +6.4432371e-10      +1.4141271e-04      +1.7532949e-05      
Time taken:                       16.7859650 s
===============================================
===============================================
              PySCF DHF interface              
===============================================

Timing report
....integral reading:       0.4988279 s

===============================================
            Relativistic CASCI(4,8)            
===============================================
Will now allocate 0.078 MB memory for the CASCI Hamiltonian!
Time taken for 1-RDM build:        0.0099449 s
Time taken for 1-RDM build:        0.0096660 s
Time taken for 1-RDM build:        0.0095794 s
Time taken for 1-RDM build:        0.0095801 s
Time taken for 1-RDM build:        0.0095749 s
Time taken for 1-RDM build:        0.0096185 s
Time taken for 1-RDM build:        0.0095608 s
Time taken for 1-RDM build:        0.0096245 s
Time taken for 1-RDM build:        0.0095584 s
Time taken for 2-RDM build:        0.0355875 s
Time taken for 2-RDM build:        0.0349073 s
Time taken for 2-RDM build:        0.0348227 s
Time taken for 2-RDM build:        0.0350482 s
Time taken for 2-RDM build:        0.0348926 s
Time taken for 2-RDM build:        0.0350392 s
Time taken for 2-RDM build:        0.0348217 s
Time taken for 2-RDM build:        0.0350351 s
Time taken for 2-RDM build:        0.0349331 s
Time taken for 3-RDM build:        0.1529942 s
Time taken for 3-RDM build:        0.1524534 s
Time taken for 3-RDM build:        0.1515987 s
Time taken for 3-RDM build:        0.1513515 s
Time taken for 3-RDM build:        0.1516862 s
Time taken for 3-RDM build:        0.1513882 s
Time taken for 3-RDM build:        0.1515677 s
Time taken for 3-RDM build:        0.1514695 s
Time taken for 3-RDM build:        0.1528237 s
E_frzc:                          -32.3709352 Eh
E_cas:                            -5.3467114 Eh
E_nuc:                             0.0000000 Eh
E_casci:                         -37.7175257 Eh
E0 (from RDM):                   -37.7175257 Eh
Ecorr:                            -0.4429083 Eh

Timing summary
... Hamil build:                    0.0260513 s
... Hamil diag:                     0.0009964 s
... RDM build:                      2.9295740 s
State     Energy / Eh         Splitting / Eh      Splitting / cm-1    Splitting / meV     
0         -3.7717647e+01      +0.0000000e+00      +0.0000000e+00      +0.0000000e+00      
1         -3.7717578e+01      +6.8056777e-05      +1.4936736e+01      +1.8519201e+00      
2         -3.7717578e+01      +1.0789947e-09      +2.3681196e-04      +2.9360955e-05      
3         -3.7717578e+01      +1.2285639e-09      +2.6963861e-04      +3.3430943e-05      
4         -3.7717470e+01      +1.0852195e-04      +2.3817815e+01      +2.9530341e+00      
5         -3.7717470e+01      +3.7324810e-10      +8.1918488e-05      +1.0156603e-05      
6         -3.7717470e+01      +9.5213437e-10      +2.0896934e-04      +2.5908908e-05      
7         -3.7717470e+01      +4.4995119e-10      +9.8752870e-05      +1.2243801e-05      
8         -3.7717470e+01      +5.6218852e-10      +1.2338612e-04      +1.5297936e-05      
Total time taken:                   3.0598621 s
===============================================

===============================================
            Relativistic DSRG-MRPT2            
===============================================
-----------------------------------------------
        DSRG-MRPT2 reference relaxation        
-----------------------------------------------
Iter                          Energy              Delta E   
   -Eref  -37.7175257       
   -Ecorr -0.1130016       
<Psi^(0)|Hbar^(0)|Psi^(0)>    -37.8305273         -3.78305e+01
   -Erelax-0.0000059       
<Psi^(0)|Hbar^(1)|Psi^(0)>    -37.8305333         -5.91124e-06
   -Eref  -37.7175193       
   -Ecorr -0.1130537       
<Psi^(1)|Hbar^(1)|Psi^(1)>    -37.8305730         -3.97783e-05
   -Erelax-0.0000000       
<Psi^(1)|Hbar^(2)|Psi^(1)>    -37.8305730         -1.02344e-09
   -Eref  -37.7175195       
   -Ecorr -0.1130531       
<Psi^(2)|Hbar^(2)|Psi^(2)>    -37.8305726         4.56663e-07
   -Erelax-0.0000000       
<Psi^(2)|Hbar^(3)|Psi^(2)>    -37.8305726         -4.93827e-12
   -Eref  -37.7175195       
   -Ecorr -0.1130531       
<Psi^(3)|Hbar^(3)|Psi^(3)>    -37.8305726         -4.63832e-09
   -Erelax-0.0000000       
<Psi^(3)|Hbar^(4)|Psi^(3)>    -37.8305726         -9.23706e-14
Unrelaxed DSRG-MRPT2 energy:               -37.8305273 Eh
Unrelaxed DSRG-MRPT2 E_corr:                -0.1130016 Eh
Partially relaxed DSRG-MRPT2 energy:       -37.8305333 Eh
Partially relaxed DSRG-MRPT2 E_corr:        -0.1130075 Eh
Relaxed DSRG-MRPT2 energy:                 -37.8305730 Eh
Relaxed DSRG-MRPT2 E_corr:                  -0.1130537 Eh
Fully relaxed DSRG-MRPT2 energy:           -37.8305726 Eh
Fully relaxed DSRG-MRPT2 E_corr:            -0.1130531 Eh
State     Energy / Eh         Splitting / Eh      Splitting / cm-1    Splitting / meV     
0         -3.7830725e+01      +0.0000000e+00      +0.0000000e+00      +0.0000000e+00      
1         -3.7830642e+01      +8.2907200e-05      +1.8196027e+01      +2.2560209e+00      
2         -3.7830642e+01      +1.7433877e-10      +3.8262936e-05      +4.7440017e-06      
3         -3.7830642e+01      +2.0212099e-10      +4.4360429e-05      +5.4999948e-06      
4         -3.7830500e+01      +1.4211742e-04      +3.1191168e+01      +3.8672138e+00      
5         -3.7830500e+01      +7.1011641e-11      +1.5585254e-05      +1.9323261e-06      
6         -3.7830500e+01      +9.9561248e-11      +2.1851168e-05      +2.7092008e-06      
7         -3.7830500e+01      +1.0885515e-10      +2.3890943e-05      +2.9621008e-06      
8         -3.7830500e+01      +4.6199489e-11      +1.0139616e-05      +1.2571527e-06      
Time taken:                       20.5182066 s
===============================================
===============================================
              PySCF DHF interface              
===============================================

Timing report
....integral reading:       0.4979472 s

===============================================
            Relativistic CASCI(5,8)            
===============================================
Will now allocate 0.050 MB memory for the CASCI Hamiltonian!
Time taken for 1-RDM build:        0.0057142 s
Time taken for 1-RDM build:        0.0056899 s
Time taken for 1-RDM build:        0.0057046 s
Time taken for 1-RDM build:        0.0057137 s
Time taken for 1-RDM build:        0.0057011 s
Time taken for 1-RDM build:        0.0057101 s
Time taken for 1-RDM build:        0.0057054 s
Time taken for 1-RDM build:        0.0057266 s
Time taken for 1-RDM build:        0.0056949 s
Time taken for 1-RDM build:        0.0057061 s
Time taken for 1-RDM build:        0.0056632 s
Time taken for 1-RDM build:        0.0056925 s
Time taken for 1-RDM build:        0.0057192 s
Time taken for 1-RDM build:        0.0057027 s
Time taken for 2-RDM build:        0.0263624 s
Time taken for 2-RDM build:        0.0255661 s
Time taken for 2-RDM build:        0.0255318 s
Time taken for 2-RDM build:        0.0255337 s
Time taken for 2-RDM build:        0.0254462 s
Time taken for 2-RDM build:        0.0254807 s
Time taken for 2-RDM build:        0.0255446 s
Time taken for 2-RDM build:        0.0254562 s
Time taken for 2-RDM build:        0.0254066 s
Time taken for 2-RDM build:        0.0254805 s
Time taken for 2-RDM build:        0.0255084 s
Time taken for 2-RDM build:        0.0255518 s
Time taken for 2-RDM build:        0.0254443 s
Time taken for 2-RDM build:        0.0254748 s
Time taken for 3-RDM build:        0.1498892 s
Time taken for 3-RDM build:        0.1485603 s
Time taken for 3-RDM build:        0.1484382 s
Time taken for 3-RDM build:        0.1486585 s
Time taken for 3-RDM build:        0.1484785 s
Time taken for 3-RDM build:        0.1497419 s
Time taken for 3-RDM build:        0.1485944 s
Time taken for 3-RDM build:        0.1485782 s
Time taken for 3-RDM build:        0.1485341 s
Time taken for 3-RDM build:        0.1484864 s
Time taken for 3-RDM build:        0.1484916 s
Time taken for 3-RDM build:        0.1485920 s
Time taken for 3-RDM build:        0.1485441 s
Time taken for 3-RDM build:        0.1484976 s
E_frzc:                          -44.7567199 Eh
E_cas:                            -9.6666253 Eh
E_nuc:                             0.0000000 Eh
E_casci:                         -54.3487687 Eh
E0 (from RDM):                   -54.3487687 Eh
Ecorr:                            -0.4454114 Eh

Timing summary
... Hamil build:                    0.0208199 s
... Hamil diag:                     0.0004809 s
... RDM build:                      3.6830850 s
State     Energy / Eh         Splitting / Eh      Splitting / cm-1    Splitting / meV     
0         -5.4423345e+01      +0.0000000e+00      +0.0000000e+00      +0.0000000e+00      
1         -5.4423345e+01      +1.0766144e-09      +2.3628954e-04      +2.9296183e-05      
2         -5.4423345e+01      +1.0765220e-09      +2.3626926e-04      +2.9293669e-05      
3         -5.4423345e+01      +1.0763941e-09      +2.3624119e-04      +2.9290189e-05      
4         -5.4318958e+01      +1.0438692e-01      +2.2910281e+04      +2.8405142e+03      
5         -5.4318958e+01      +1.1012489e-09      +2.4169619e-04      +2.9966522e-05      
6         -5.4318958e+01      +1.1371313e-09      +2.4957147e-04      +3.0942933e-05      
7         -5.4318958e+01      +5.9976912e-10      +1.3163411e-04      +1.6320557e-05      
8         -5.4318958e+01      +1.1947563e-09      +2.6221870e-04      +3.2510990e-05      
9         -5.4318958e+01      +1.3782895e-09      +3.0249957e-04      +3.7505185e-05      
10        -5.4318908e+01      +5.0508872e-05      +1.1085416e+01      +1.3744171e+00      
11        -5.4318908e+01      +3.9502694e-09      +8.6698392e-04      +1.0749236e-04      
12        -5.4318908e+01      +3.0347778e-09      +6.6605673e-04      +8.2580549e-05      
13        -5.4318908e+01      +2.9868943e-09      +6.5554752e-04      +8.1277572e-05      
Total time taken:                   3.8085020 s
===============================================

===============================================
            Relativistic DSRG-MRPT2            
===============================================
-----------------------------------------------
        DSRG-MRPT2 reference relaxation        
-----------------------------------------------
Iter                          Energy              Delta E   
   -Eref  -54.3487687       
   -Ecorr -0.1680532       
<Psi^(0)|Hbar^(0)|Psi^(0)>    -54.5168219         -5.45168e+01
   -Erelax-0.0000000       
<Psi^(0)|Hbar^(1)|Psi^(0)>    -54.5168219         -3.05319e-08
   -Eref  -54.3487687       
   -Ecorr -0.1680534       
<Psi^(1)|Hbar^(1)|Psi^(1)>    -54.5168220         -5.99578e-08
   -Erelax-0.0000000       
<Psi^(1)|Hbar^(2)|Psi^(1)>    -54.5168220         -2.49742e-10
   -Eref  -54.3487687       
   -Ecorr -0.1680533       
<Psi^(2)|Hbar^(2)|Psi^(2)>    -54.5168220         7.47738e-09
   -Erelax-0.0000000       
<Psi^(2)|Hbar^(3)|Psi^(2)>    -54.5168220         -3.58114e-12
Unrelaxed DSRG-MRPT2 energy:               -54.5168219 Eh
Unrelaxed DSRG-MRPT2 E_corr:                -0.1680532 Eh
Partially relaxed DSRG-MRPT2 energy:       -54.5168219 Eh
Partially relaxed DSRG-MRPT2 E_corr:        -0.1680533 Eh
Relaxed DSRG-MRPT2 energy:                 -54.5168220 Eh
Relaxed DSRG-MRPT2 E_corr:                  -0.1680534 Eh
Fully relaxed DSRG-MRPT2 energy:           -54.5168220 Eh
Fully relaxed DSRG-MRPT2 E_corr:            -0.1680533 Eh
State     Energy / Eh         Splitting / Eh      Splitting / cm-1    Splitting / meV     
0         -5.4582537e+01      +0.0000000e+00      +0.0000000e+00      +0.0000000e+00      
1         -5.4582537e+01      +3.2517278e-10      +7.1367175e-05      +8.8484062e-06      
2         -5.4582537e+01      +3.2517278e-10      +7.1367175e-05      +8.8484062e-06      
3         -5.4582537e+01      +3.2516567e-10      +7.1365616e-05      +8.8482128e-06      
4         -5.4490545e+01      +9.1992234e-02      +2.0189961e+04      +2.5032374e+03      
5         -5.4490545e+01      +1.4596679e-10      +3.2036008e-05      +3.9719607e-06      
6         -5.4490545e+01      +8.4746432e-11      +1.8599692e-05      +2.3060690e-06      
7         -5.4490545e+01      +1.0376766e-10      +2.2774369e-05      +2.8236632e-06      
8         -5.4490545e+01      +7.3299589e-11      +1.6087400e-05      +1.9945844e-06      
9         -5.4490545e+01      +1.3262991e-10      +2.9108900e-05      +3.6090453e-06      
10        -5.4490523e+01      +2.2330618e-05      +4.9010040e+00      +6.0764735e-01      
11        -5.4490523e+01      +4.9634963e-10      +1.0893615e-04      +1.3506368e-05      
12        -5.4490523e+01      +2.0404656e-10      +4.4783043e-05      +5.5523923e-06      
13        -5.4490523e+01      +2.7667824e-10      +6.0723853e-05      +7.5288019e-06      
Time taken:                       15.8490767 s
===============================================
===============================================
              PySCF DHF interface              
===============================================

Timing report
....integral reading:       0.4996593 s

===============================================
            Relativistic CASCI(6,8)            
===============================================
Will now allocate 0.013 MB memory for the CASCI Hamiltonian!
Time taken for 1-RDM build:        0.0022223 s
Time taken for 1-RDM build:        0.0021985 s
Time taken for 1-RDM build:        0.0022030 s
Time taken for 1-RDM build:        0.0022190 s
Time taken for 1-RDM build:        0.0022006 s
Time taken for 1-RDM build:        0.0021913 s
Time taken for 1-RDM build:        0.0021806 s
Time taken for 1-RDM build:        0.0021908 s
Time taken for 1-RDM build:        0.0021992 s
Time taken for 2-RDM build:        0.0096185 s
Time taken for 2-RDM build:        0.0086045 s
Time taken for 2-RDM build:        0.0086236 s
Time taken for 2-RDM build:        0.0086119 s
Time taken for 2-RDM build:        0.0086489 s
Time taken for 2-RDM build:        0.0086000 s
Time taken for 2-RDM build:        0.0086179 s
Time taken for 2-RDM build:        0.0086384 s
Time taken for 2-RDM build:        0.0085845 s
Time taken for 3-RDM build:        0.0678823 s
Time taken for 3-RDM build:        0.0662284 s
Time taken for 3-RDM build:        0.0663192 s
Time taken for 3-RDM build:        0.0669730 s
Time taken for 3-RDM build:        0.0663393 s
Time taken for 3-RDM build:        0.0662236 s
Time taken for 3-RDM build:        0.0663083 s
Time taken for 3-RDM build:        0.0663290 s
Time taken for 3-RDM build:        0.0674939 s
E_frzc:                          -59.1480236 Eh
E_cas:                           -15.7034833 Eh
E_nuc:                             0.0000000 Eh
E_casci:                         -74.8511626 Eh
E0 (from RDM):                   -74.8511626 Eh
Ecorr:                            -0.3302227 Eh

Timing summary
... Hamil build:                    0.0086224 s
... Hamil diag:                     0.0001738 s
... RDM build:                      1.8621264 s
State     Energy / Eh         Splitting / Eh      Splitting / cm-1    Splitting / meV     
0         -7.4851507e+01      +0.0000000e+00      +0.0000000e+00      +0.0000000e+00      
1         -7.4851507e+01      +6.1121170e-09      +1.3414546e-03      +1.6631926e-04      
2         -7.4851507e+01      +6.8041430e-09      +1.4933368e-03      +1.8515025e-04      
3         -7.4851507e+01      +7.2887332e-09      +1.5996920e-03      +1.9833663e-04      
4         -7.4851507e+01      +9.8174127e-09      +2.1546730e-03      +2.6714553e-04      
5         -7.4850809e+01      +6.9818897e-04      +1.5323477e+02      +1.8998699e+01      
6         -7.4850809e+01      +7.3982136e-09      +1.6237202e-03      +2.0131574e-04      
7         -7.4850809e+01      +7.5923197e-09      +1.6663215e-03      +2.0659764e-04      
8         -7.4850503e+01      +3.0523771e-04      +6.6991933e+01      +8.3059451e+00      
Total time taken:                   1.9737513 s
===============================================

===============================================
            Relativistic DSRG-MRPT2            
===============================================
-----------------------------------------------
        DSRG-MRPT2 reference relaxation        
-----------------------------------------------
Iter                          Energy              Delta E   
   -Eref  -74.8511626       
   -Ecorr -0.2156935       
<Psi^(0)|Hbar^(0)|Psi^(0)>    -75.0668562         -7.50669e+01
   -Erelax-0.0000002       
<Psi^(0)|Hbar^(1)|Psi^(0)>    -75.0668564         -2.10648e-07
   -Eref  -74.8511624       
   -Ecorr -0.2156935       
<Psi^(1)|Hbar^(1)|Psi^(1)>    -75.0668559         4.22801e-07
   -Erelax-0.0000000       
<Psi^(1)|Hbar^(2)|Psi^(1)>    -75.0668560         -2.13812e-08
   -Eref  -74.8511625       
   -Ecorr -0.2156935       
<Psi^(2)|Hbar^(2)|Psi^(2)>    -75.0668561         -9.17187e-08
   -Erelax-0.0000000       
<Psi^(2)|Hbar^(3)|Psi^(2)>    -75.0668561         -2.22653e-09
   -Eref  -74.8511625       
   -Ecorr -0.2156935       
<Psi^(3)|Hbar^(3)|Psi^(3)>    -75.0668560         3.40628e-08
   -Erelax-0.0000000       
<Psi^(3)|Hbar^(4)|Psi^(3)>    -75.0668560         -2.31935e-10
   -Eref  -74.8511625       
   -Ecorr -0.2156935       
<Psi^(4)|Hbar^(4)|Psi^(4)>    -75.0668560         -1.05292e-08
   -Erelax-0.0000000       
<Psi^(4)|Hbar^(5)|Psi^(4)>    -75.0668560         -2.41869e-11
   -Eref  -74.8511625       
   -Ecorr -0.2156935       
<Psi^(5)|Hbar^(5)|Psi^(5)>    -75.0668560         3.44673e-09
   -Erelax-0.0000000       
<Psi^(5)|Hbar^(6)|Psi^(5)>    -75.0668560         -2.51532e-12
Unrelaxed DSRG-MRPT2 energy:               -75.0668562 Eh
Unrelaxed DSRG-MRPT2 E_corr:                -0.2156935 Eh
Partially relaxed DSRG-MRPT2 energy:       -75.0668564 Eh
Partially relaxed DSRG-MRPT2 E_corr:        -0.2156937 Eh
Relaxed DSRG-MRPT2 energy:                 -75.0668559 Eh
Relaxed DSRG-MRPT2 E_corr:                  -0.2156935 Eh
Fully relaxed DSRG-MRPT2 energy:           -75.0668560 Eh
Fully relaxed DSRG-MRPT2 E_corr:            -0.2156935 Eh
State     Energy / Eh         Splitting / Eh      Splitting / cm-1    Splitting / meV     
0         -7.5067122e+01      +0.0000000e+00      +0.0000000e+00      +0.0000000e+00      
1         -7.5067122e+01      +2.2338043e-09      +4.9026336e-04      +6.0784939e-05      
2         -7.5067122e+01      +1.6030839e-09      +3.5183624e-04      +4.3622155e-05      
3         -7.5067122e+01      +2.5126781e-09      +5.5146909e-04      +6.8373485e-05      
4         -7.5067122e+01      +2.9345131e-09      +6.4405117e-04      +7.9852206e-05      
5         -7.5066579e+01      +5.4267810e-04      +1.1910408e+02      +1.4767030e+01      
6         -7.5066579e+01      +2.4245992e-09      +5.3213801e-04      +6.5976736e-05      
7         -7.5066579e+01      +2.0738611e-09      +4.5515989e-04      +5.6432661e-05      
8         -7.5066358e+01      +2.2098212e-04      +4.8499970e+01      +6.0132327e+00      
Time taken:                       28.6217675 s
===============================================
===============================================
              PySCF DHF interface              
===============================================

Timing report
....integral reading:       0.5591400 s

===============================================
            Relativistic CASCI(7,8)            
===============================================
Will now allocate 0.001 MB memory for the CASCI Hamiltonian!
Time taken for 1-RDM build:        0.0003810 s
Time taken for 1-RDM build:        0.0003688 s
Time taken for 1-RDM build:        0.0003712 s
Time taken for 1-RDM build:        0.0003698 s
Time taken for 1-RDM build:        0.0003686 s
Time taken for 1-RDM build:        0.0003653 s
Time taken for 2-RDM build:        0.0013278 s
Time taken for 2-RDM build:        0.0012496 s
Time taken for 2-RDM build:        0.0011613 s
Time taken for 2-RDM build:        0.0010052 s
Time taken for 2-RDM build:        0.0010023 s
Time taken for 2-RDM build:        0.0010016 s
Time taken for 3-RDM build:        0.0142474 s
Time taken for 3-RDM build:        0.0124154 s
Time taken for 3-RDM build:        0.0124075 s
Time taken for 3-RDM build:        0.0123966 s
Time taken for 3-RDM build:        0.0123894 s
Time taken for 3-RDM build:        0.0123866 s
E_frzc:                          -75.5478008 Eh
E_cas:                           -23.9325131 Eh
E_nuc:                             0.0000000 Eh
E_casci:                         -99.4797328 Eh
E0 (from RDM):                   -99.4797328 Eh
Ecorr:                            -0.1043819 Eh

Timing summary
... Hamil build:                    0.0017822 s
... Hamil diag:                     0.0000880 s
... RDM build:                      1.5610442 s
State     Energy / Eh         Splitting / Eh      Splitting / cm-1    Splitting / meV     
0         -9.9480314e+01      +0.0000000e+00      +0.0000000e+00      +0.0000000e+00      
1         -9.9480314e+01      +2.4031038e-08      +5.2742033e-03      +6.5391818e-04      
2         -9.9480314e+01      +6.9549486e-09      +1.5264348e-03      +1.8925388e-04      
3         -9.9480314e+01      +2.1663141e-08      +4.7545098e-03      +5.8948436e-04      
4         -9.9478571e+01      +1.7431739e-03      +3.8258245e+02      +4.7434202e+01      
5         -9.9478571e+01      +1.6993980e-08      +3.7297474e-03      +4.6242996e-04      
Total time taken:                   1.6657906 s
===============================================

===============================================
            Relativistic DSRG-MRPT2            
===============================================
-----------------------------------------------
        DSRG-MRPT2 reference relaxation        
-----------------------------------------------
Iter                          Energy              Delta E   
   -Eref  -99.4797328       
   -Ecorr -0.2701175       
<Psi^(0)|Hbar^(0)|Psi^(0)>    -99.7498503         -9.97499e+01
   -Erelax-0.0000000       
<Psi^(0)|Hbar^(1)|Psi^(0)>    -99.7498503         -1.42109e-14
   -Eref  -99.4797328       
   -Ecorr -0.2701175       
<Psi^(1)|Hbar^(1)|Psi^(1)>    -99.7498503         7.10543e-14
   -Erelax-0.0000000       
<Psi^(1)|Hbar^(2)|Psi^(1)>    -99.7498503         -1.42109e-14
Unrelaxed DSRG-MRPT2 energy:               -99.7498503 Eh
Unrelaxed DSRG-MRPT2 E_corr:                -0.2701175 Eh
Partially relaxed DSRG-MRPT2 energy:       -99.7498503 Eh
Partially relaxed DSRG-MRPT2 E_corr:        -0.2701175 Eh
Relaxed DSRG-MRPT2 energy:                 -99.7498503 Eh
Relaxed DSRG-MRPT2 E_corr:                  -0.2701175 Eh
Fully relaxed DSRG-MRPT2 energy:           -99.7498503 Eh
Fully relaxed DSRG-MRPT2 E_corr:            -0.2701175 Eh
State     Energy / Eh         Splitting / Eh      Splitting / cm-1    Splitting / meV     
0         -9.9750428e+01      +0.0000000e+00      +0.0000000e+00      +0.0000000e+00      
1         -9.9750428e+01      +4.6062212e-09      +1.0109487e-03      +1.2534172e-04      
2         -9.9750428e+01      +5.2939129e-09      +1.1618796e-03      +1.4405478e-04      
3         -9.9750428e+01      +2.5969200e-09      +5.6995806e-04      +7.0665827e-05      
4         -9.9748696e+01      +1.7317454e-03      +3.8007418e+02      +4.7123215e+01      
5         -9.9748696e+01      +5.5705982e-09      +1.2226050e-03      +1.5158377e-04      
Time taken:                        6.4375942 s
===============================================
===============================================
              PySCF DHF interface              
===============================================

Timing report
....integral reading:       1.9503734 s

===============================================
            Relativistic CASCI(3,8)            
===============================================
Will now allocate 0.050 MB memory for the CASCI Hamiltonian!
Time taken for 1-RDM build:        0.0056627 s
Time taken for 1-RDM build:        0.0056717 s
Time taken for 1-RDM build:        0.0056629 s
Time taken for 1-RDM build:        0.0056472 s
Time taken for 1-RDM build:        0.0056465 s
Time taken for 1-RDM build:        0.0056412 s
Time taken for 2-RDM build:        0.0232272 s
Time taken for 2-RDM build:        0.0231147 s
Time taken for 2-RDM build:        0.0231228 s
Time taken for 2-RDM build:        0.0230823 s
Time taken for 2-RDM build:        0.0230842 s
Time taken for 2-RDM build:        0.0231264 s
Time taken for 3-RDM build:        0.0651894 s
Time taken for 3-RDM build:        0.0642774 s
Time taken for 3-RDM build:        0.0699387 s
Time taken for 3-RDM build:        0.0730629 s
Time taken for 3-RDM build:        0.0642593 s
Time taken for 3-RDM build:        0.0641541 s
E_frzc:                         -240.4061812 Eh
E_cas:                            -1.8986420 Eh
E_nuc:                             0.0000000 Eh
E_casci:                        -242.3045291 Eh
E0 (from RDM):                  -242.3045291 Eh
Ecorr:                            -0.1899047 Eh

Timing summary
... Hamil build:                    0.0165844 s
... Hamil diag:                     0.0005059 s
... RDM build:                      4.0599658 s
State     Energy / Eh         Splitting / Eh      Splitting / cm-1    Splitting / meV     
0         -2.4230482e+02      +0.0000000e+00      +0.0000000e+00      +0.0000000e+00      
1         -2.4230482e+02      +1.0992665e-09      +2.4126110e-04      +2.9912578e-05      
2         -2.4230438e+02      +4.4107881e-04      +9.6805609e+01      +1.2002372e+01      
3         -2.4230438e+02      +1.0805650e-09      +2.3715660e-04      +2.9403685e-05      
4         -2.4230438e+02      +8.9775654e-10      +1.9703478e-04      +2.4429211e-05      
5         -2.4230438e+02      +3.6629899e-10      +8.0393336e-05      +9.9675080e-06      
Total time taken:                   4.3961258 s
===============================================

===============================================
            Relativistic DSRG-MRPT2            
===============================================
-----------------------------------------------
        DSRG-MRPT2 reference relaxation        
-----------------------------------------------
Iter                          Energy              Delta E   
   -Eref  -242.3045291       
   -Ecorr -0.1972630       
<Psi^(0)|Hbar^(0)|Psi^(0)>    -242.5017922        -2.42502e+02
   -Erelax-0.0003223       
<Psi^(0)|Hbar^(1)|Psi^(0)>    -242.5021144        -3.22258e-04
   -Eref  -242.3042078       
   -Ecorr -0.1978325       
<Psi^(1)|Hbar^(1)|Psi^(1)>    -242.5020403        7.41074e-05
   -Erelax-0.0000000       
<Psi^(1)|Hbar^(2)|Psi^(1)>    -242.5020403        -6.27836e-11
   -Eref  -242.3042075       
   -Ecorr -0.1978328       
<Psi^(2)|Hbar^(2)|Psi^(2)>    -242.5020403        2.96337e-08
   -Erelax0.0000000       
<Psi^(2)|Hbar^(3)|Psi^(2)>    -242.5020403        0.00000e+00
   -Eref  -242.3042075       
   -Ecorr -0.1978328       
<Psi^(3)|Hbar^(3)|Psi^(3)>    -242.5020403        8.29914e-12
   -Erelax0.0000000       
<Psi^(3)|Hbar^(4)|Psi^(3)>    -242.5020403        0.00000e+00
Unrelaxed DSRG-MRPT2 energy:              -242.5017922 Eh
Unrelaxed DSRG-MRPT2 E_corr:                -0.1972630 Eh
Partially relaxed DSRG-MRPT2 energy:      -242.5021144 Eh
Partially relaxed DSRG-MRPT2 E_corr:        -0.1975853 Eh
Relaxed DSRG-MRPT2 energy:                -242.5020403 Eh
Relaxed DSRG-MRPT2 E_corr:                  -0.1978325 Eh
Fully relaxed DSRG-MRPT2 energy:          -242.5020403 Eh
Fully relaxed DSRG-MRPT2 E_corr:            -0.1978328 Eh
State     Energy / Eh         Splitting / Eh      Splitting / cm-1    Splitting / meV     
0         -2.4250237e+02      +0.0000000e+00      +0.0000000e+00      +0.0000000e+00      
1         -2.4250237e+02      +6.1567107e-10      +1.3512418e-04      +1.6753271e-05      
2         -2.4250187e+02      +4.9948086e-04      +1.0962338e+02      +1.3591573e+01      
3         -2.4250187e+02      +5.8750516e-10      +1.2894248e-04      +1.5986837e-05      
4         -2.4250187e+02      +4.6881610e-10      +1.0289324e-04      +1.2757142e-05      
5         -2.4250187e+02      +2.3362645e-10      +5.1275079e-05      +6.3573026e-06      
Time taken:                       71.2424142 s
===============================================
===============================================
              PySCF DHF interface              
===============================================

Timing report
....integral reading:       1.9317644 s

===============================================
            Relativistic CASCI(4,8)            
===============================================
Will now allocate 0.078 MB memory for the CASCI Hamiltonian!
Time taken for 1-RDM build:        0.0098813 s
Time taken for 1-RDM build:        0.0095649 s
Time taken for 1-RDM build:        0.0095909 s
Time taken for 1-RDM build:        0.0095735 s
Time taken for 1-RDM build:        0.0095482 s
Time taken for 1-RDM build:        0.0095634 s
Time taken for 1-RDM build:        0.0095739 s
Time taken for 1-RDM build:        0.0095112 s
Time taken for 1-RDM build:        0.0095494 s
Time taken for 2-RDM build:        0.0349147 s
Time taken for 2-RDM build:        0.0347476 s
Time taken for 2-RDM build:        0.0348699 s
Time taken for 2-RDM build:        0.0347233 s
Time taken for 2-RDM build:        0.0349095 s
Time taken for 2-RDM build:        0.0347581 s
Time taken for 2-RDM build:        0.0348713 s
Time taken for 2-RDM build:        0.0347676 s
Time taken for 2-RDM build:        0.0349491 s
Time taken for 3-RDM build:        0.1524656 s
Time taken for 3-RDM build:        0.1515267 s
Time taken for 3-RDM build:        0.1525214 s
Time taken for 3-RDM build:        0.1514964 s
Time taken for 3-RDM build:        0.1514986 s
Time taken for 3-RDM build:        0.1515262 s
Time taken for 3-RDM build:        0.1517501 s
Time taken for 3-RDM build:        0.1518569 s
Time taken for 3-RDM build:        0.1512403 s
E_frzc:                         -285.7423197 Eh
E_cas:                            -3.6921024 Eh
E_nuc:                             0.0000000 Eh
E_casci:                        -289.4337768 Eh
E0 (from RDM):                  -289.4337768 Eh
Ecorr:                            -0.2329780 Eh

Timing summary
... Hamil build:                    0.0259173 s
... Hamil diag:                     0.0009844 s
... RDM build:                      5.1395226 s
State     Energy / Eh         Splitting / Eh      Splitting / cm-1    Splitting / meV     
0         -2.8943442e+02      +0.0000000e+00      +0.0000000e+00      +0.0000000e+00      
1         -2.8943409e+02      +3.3211201e-04      +7.2890160e+01      +9.0372324e+00      
2         -2.8943409e+02      +8.1735152e-10      +1.7938792e-04      +2.2241278e-05      
3         -2.8943409e+02      +8.9210062e-10      +1.9579345e-04      +2.4275306e-05      
4         -2.8943346e+02      +6.3005266e-04      +1.3828057e+02      +1.7144614e+01      
5         -2.8943346e+02      +2.5920599e-10      +5.6889139e-05      +7.0533576e-06      
6         -2.8943346e+02      +7.8654239e-10      +1.7262610e-04      +2.1402919e-05      
7         -2.8943346e+02      +6.1896799e-10      +1.3584777e-04      +1.6842985e-05      
8         -2.8943346e+02      +4.2439297e-10      +9.3143489e-05      +1.1548326e-05      
Total time taken:                   5.4833536 s
===============================================

===============================================
            Relativistic DSRG-MRPT2            
===============================================
-----------------------------------------------
        DSRG-MRPT2 reference relaxation        
-----------------------------------------------
Iter                          Energy              Delta E   
   -Eref  -289.4337768       
   -Ecorr -0.2252301       
<Psi^(0)|Hbar^(0)|Psi^(0)>    -289.6590069        -2.89659e+02
   -Erelax-0.0001082       
<Psi^(0)|Hbar^(1)|Psi^(0)>    -289.6591152        -1.08237e-04
   -Eref  -289.4336678       
   -Ecorr -0.2254790       
<Psi^(1)|Hbar^(1)|Psi^(1)>    -289.6591468        -3.16980e-05
   -Erelax-0.0000000       
<Psi^(1)|Hbar^(2)|Psi^(1)>    -289.6591468        -9.75490e-10
   -Eref  -289.4336682       
   -Ecorr -0.2254785       
<Psi^(2)|Hbar^(2)|Psi^(2)>    -289.6591468        7.43698e-08
   -Erelax-0.0000000       
<Psi^(2)|Hbar^(3)|Psi^(2)>    -289.6591468        -1.02318e-12
   -Eref  -289.4336682       
   -Ecorr -0.2254785       
<Psi^(3)|Hbar^(3)|Psi^(3)>    -289.6591468        2.20780e-10
   -Erelax-0.0000000       
<Psi^(3)|Hbar^(4)|Psi^(3)>    -289.6591468        0.00000e+00
Unrelaxed DSRG-MRPT2 energy:              -289.6590069 Eh
Unrelaxed DSRG-MRPT2 E_corr:                -0.2252301 Eh
Partially relaxed DSRG-MRPT2 energy:      -289.6591152 Eh
Partially relaxed DSRG-MRPT2 E_corr:        -0.2253383 Eh
Relaxed DSRG-MRPT2 energy:                -289.6591468 Eh
Relaxed DSRG-MRPT2 E_corr:                  -0.2254790 Eh
Fully relaxed DSRG-MRPT2 energy:          -289.6591468 Eh
Fully relaxed DSRG-MRPT2 E_corr:            -0.2254785 Eh
State     Energy / Eh         Splitting / Eh      Splitting / cm-1    Splitting / meV     
0         -2.8965986e+02      +0.0000000e+00      +0.0000000e+00      +0.0000000e+00      
1         -2.8965949e+02      +3.6590989e-04      +8.0307937e+01      +9.9569199e+00      
2         -2.8965949e+02      +3.4629011e-10      +7.6001893e-05      +9.4230383e-06      
3         -2.8965949e+02      +3.5510084e-10      +7.7935625e-05      +9.6627906e-06      
4         -2.8965880e+02      +6.9242237e-04      +1.5196914e+02      +1.8841782e+01      
5         -2.8965880e+02      +1.4097168e-10      +3.0939707e-05      +3.8360366e-06      
6         -2.8965880e+02      +3.0883029e-10      +6.7780415e-05      +8.4037044e-06      
7         -2.8965880e+02      +2.9410785e-10      +6.4549211e-05      +8.0030860e-06      
8         -2.8965880e+02      +1.5438673e-10      +3.3883969e-05      +4.2010788e-06      
Time taken:                       74.9899094 s
===============================================
===============================================
              PySCF DHF interface              
===============================================

Timing report
....integral reading:       1.9890287 s

===============================================
            Relativistic CASCI(5,8)            
===============================================
Will now allocate 0.050 MB memory for the CASCI Hamiltonian!
Time taken for 1-RDM build:        0.0057142 s
Time taken for 1-RDM build:        0.0056641 s
Time taken for 1-RDM build:        0.0056632 s
Time taken for 1-RDM build:        0.0056272 s
Time taken for 1-RDM build:        0.0056343 s
Time taken for 1-RDM build:        0.0056696 s
Time taken for 1-RDM build:        0.0056992 s
Time taken for 1-RDM build:        0.0056441 s
Time taken for 1-RDM build:        0.0056758 s
Time taken for 1-RDM build:        0.0056643 s
Time taken for 1-RDM build:        0.0056865 s
Time taken for 1-RDM build:        0.0056632 s
Time taken for 1-RDM build:        0.0056736 s
Time taken for 1-RDM build:        0.0056512 s
Time taken for 2-RDM build:        0.0254924 s
Time taken for 2-RDM build:        0.0254197 s
Time taken for 2-RDM build:        0.0253599 s
Time taken for 2-RDM build:        0.0253623 s
Time taken for 2-RDM build:        0.0254061 s
Time taken for 2-RDM build:        0.0253897 s
Time taken for 2-RDM build:        0.0254622 s
Time taken for 2-RDM build:        0.0254090 s
Time taken for 2-RDM build:        0.0253713 s
Time taken for 2-RDM build:        0.0254357 s
Time taken for 2-RDM build:        0.0253358 s
Time taken for 2-RDM build:        0.0253484 s
Time taken for 2-RDM build:        0.0253074 s
Time taken for 2-RDM build:        0.0254171 s
Time taken for 3-RDM build:        0.1496596 s
Time taken for 3-RDM build:        0.1484530 s
Time taken for 3-RDM build:        0.1487181 s
Time taken for 3-RDM build:        0.1500442 s
Time taken for 3-RDM build:        0.1483867 s
Time taken for 3-RDM build:        0.1486318 s
Time taken for 3-RDM build:        0.1484411 s
Time taken for 3-RDM build:        0.1490629 s
Time taken for 3-RDM build:        0.1485026 s
Time taken for 3-RDM build:        0.1488256 s
Time taken for 3-RDM build:        0.1481206 s
Time taken for 3-RDM build:        0.1480925 s
Time taken for 3-RDM build:        0.1479952 s
Time taken for 3-RDM build:        0.1479883 s
E_frzc:                         -335.1272672 Eh
E_cas:                            -6.3636403 Eh
E_nuc:                             0.0000000 Eh
E_casci:                        -341.4410664 Eh
E0 (from RDM):                  -341.4410664 Eh
Ecorr:                            -0.2138107 Eh

Timing summary
... Hamil build:                    0.0210814 s
... Hamil diag:                     0.0005357 s
... RDM build:                      6.0059741 s
State     Energy / Eh         Splitting / Eh      Splitting / cm-1    Splitting / meV     
0         -3.4149091e+02      +0.0000000e+00      +0.0000000e+00      +0.0000000e+00      
1         -3.4149091e+02      +3.2849812e-10      +7.2097003e-05      +8.9388933e-06      
2         -3.4149091e+02      +3.2838443e-10      +7.2072051e-05      +8.9357998e-06      
3         -3.4149091e+02      +3.2798653e-10      +7.1984722e-05      +8.9249722e-06      
4         -3.4142117e+02      +6.9735531e-02      +1.5305180e+04      +1.8976014e+03      
5         -3.4142117e+02      +1.5667183e-09      +3.4385492e-04      +4.2632597e-05      
6         -3.4142117e+02      +1.3034196e-09      +2.8606753e-04      +3.5467871e-05      
7         -3.4142117e+02      +1.7383286e-09      +3.8151902e-04      +4.7302353e-05      
8         -3.4142110e+02      +6.9890622e-05      +1.5339218e+01      +1.9018216e+00      
9         -3.4142110e+02      +9.2740038e-10      +2.0354085e-04      +2.5235862e-05      
10        -3.4142110e+02      +9.6150643e-10      +2.1102627e-04      +2.6163935e-05      
11        -3.4142110e+02      +7.5050366e-10      +1.6471651e-04      +2.0422255e-05      
12        -3.4142110e+02      +9.6383701e-10      +2.1153777e-04      +2.6227353e-05      
13        -3.4142110e+02      +1.9558115e-09      +4.2925101e-04      +5.3220367e-05      
Total time taken:                   6.3480098 s
===============================================

===============================================
            Relativistic DSRG-MRPT2            
===============================================
-----------------------------------------------
        DSRG-MRPT2 reference relaxation        
-----------------------------------------------
Iter                          Energy              Delta E   
   -Eref  -341.4410664       
   -Ecorr -0.2707690       
<Psi^(0)|Hbar^(0)|Psi^(0)>    -341.7118354        -3.41712e+02
   -Erelax-0.0000017       
<Psi^(0)|Hbar^(1)|Psi^(0)>    -341.7118372        -1.72403e-06
   -Eref  -341.4410651       
   -Ecorr -0.2707730       
<Psi^(1)|Hbar^(1)|Psi^(1)>    -341.7118382        -1.00411e-06
   -Erelax-0.0000000       
<Psi^(1)|Hbar^(2)|Psi^(1)>    -341.7118382        -4.75103e-09
   -Eref  -341.4410652       
   -Ecorr -0.2707729       
<Psi^(2)|Hbar^(2)|Psi^(2)>    -341.7118381        5.37513e-08
   -Erelax-0.0000000       
<Psi^(2)|Hbar^(3)|Psi^(2)>    -341.7118381        -1.69962e-11
   -Eref  -341.4410652       
   -Ecorr -0.2707729       
<Psi^(3)|Hbar^(3)|Psi^(3)>    -341.7118381        -3.21478e-09
   -Erelax-0.0000000       
<Psi^(3)|Hbar^(4)|Psi^(3)>    -341.7118381        -5.68434e-14
Unrelaxed DSRG-MRPT2 energy:              -341.7118354 Eh
Unrelaxed DSRG-MRPT2 E_corr:                -0.2707690 Eh
Partially relaxed DSRG-MRPT2 energy:      -341.7118372 Eh
Partially relaxed DSRG-MRPT2 E_corr:        -0.2707707 Eh
Relaxed DSRG-MRPT2 energy:                -341.7118382 Eh
Relaxed DSRG-MRPT2 E_corr:                  -0.2707730 Eh
Fully relaxed DSRG-MRPT2 energy:          -341.7118381 Eh
Fully relaxed DSRG-MRPT2 E_corr:            -0.2707729 Eh
State     Energy / Eh         Splitting / Eh      Splitting / cm-1    Splitting / meV     
0         -3.4175301e+02      +0.0000000e+00      +0.0000000e+00      +0.0000000e+00      
1         -3.4175301e+02      +1.8610535e-10      +4.0845404e-05      +5.0641870e-06      
2         -3.4175301e+02      +1.8599167e-10      +4.0820452e-05      +5.0610934e-06      
3         -3.4175301e+02      +1.8604851e-10      +4.0832928e-05      +5.0626402e-06      
4         -3.4169541e+02      +5.7597095e-02      +1.2641101e+04      +1.5672975e+03      
5         -3.4169541e+02      +3.3821834e-10      +7.4230346e-05      +9.2033943e-06      
6         -3.4169541e+02      +2.7370106e-10      +6.0070439e-05      +7.4477888e-06      
7         -3.4169541e+02      +3.9108272e-10      +8.5832736e-05      +1.0641908e-05      
8         -3.4169534e+02      +7.1873648e-05      +1.5774442e+01      +1.9557825e+00      
9         -3.4169534e+02      +2.2788527e-10      +5.0015034e-05      +6.2010769e-06      
10        -3.4169534e+02      +2.2254198e-10      +4.8842320e-05      +6.0556787e-06      
11        -3.4169534e+02      +9.7315933e-11      +2.1358378e-05      +2.6481027e-06      
12        -3.4169534e+02      +2.2282620e-10      +4.8904698e-05      +6.0634127e-06      
13        -3.4169534e+02      +4.7873527e-10      +1.0507025e-04      +1.3027057e-05      
Time taken:                       77.6286507 s
===============================================
===============================================
              PySCF DHF interface              
===============================================

Timing report
....integral reading:       1.9350386 s

===============================================
            Relativistic CASCI(6,8)            
===============================================
Will now allocate 0.013 MB memory for the CASCI Hamiltonian!
Time taken for 1-RDM build:        0.0022173 s
Time taken for 1-RDM build:        0.0021911 s
Time taken for 1-RDM build:        0.0021932 s
Time taken for 1-RDM build:        0.0021808 s
Time taken for 1-RDM build:        0.0021887 s
Time taken for 1-RDM build:        0.0021815 s
Time taken for 1-RDM build:        0.0021737 s
Time taken for 1-RDM build:        0.0021820 s
Time taken for 1-RDM build:        0.0021906 s
Time taken for 2-RDM build:        0.0086086 s
Time taken for 2-RDM build:        0.0085511 s
Time taken for 2-RDM build:        0.0085847 s
Time taken for 2-RDM build:        0.0085480 s
Time taken for 2-RDM build:        0.0085778 s
Time taken for 2-RDM build:        0.0085883 s
Time taken for 2-RDM build:        0.0085557 s
Time taken for 2-RDM build:        0.0085535 s
Time taken for 2-RDM build:        0.0085742 s
Time taken for 3-RDM build:        0.0678306 s
Time taken for 3-RDM build:        0.0661457 s
Time taken for 3-RDM build:        0.0661964 s
Time taken for 3-RDM build:        0.0660563 s
Time taken for 3-RDM build:        0.0661483 s
Time taken for 3-RDM build:        0.0661597 s
Time taken for 3-RDM build:        0.0661190 s
Time taken for 3-RDM build:        0.0661452 s
Time taken for 3-RDM build:        0.0660768 s
E_frzc:                         -388.5675376 Eh
E_cas:                            -9.9659359 Eh
E_nuc:                             0.0000000 Eh
E_casci:                        -398.5325748 Eh
E0 (from RDM):                  -398.5325748 Eh
Ecorr:                            -0.1603097 Eh

Timing summary
... Hamil build:                    0.0087383 s
... Hamil diag:                     0.0002966 s
... RDM build:                      4.0770583 s
State     Energy / Eh         Splitting / Eh      Splitting / cm-1    Splitting / meV     
0         -3.9853347e+02      +0.0000000e+00      +0.0000000e+00      +0.0000000e+00      
1         -3.9853347e+02      +5.6296585e-09      +1.2355672e-03      +1.5319088e-04      
2         -3.9853347e+02      +5.9783360e-09      +1.3120931e-03      +1.6267889e-04      
3         -3.9853347e+02      +5.6479053e-09      +1.2395719e-03      +1.5368740e-04      
4         -3.9853347e+02      +5.6580234e-09      +1.2417926e-03      +1.5396273e-04      
5         -3.9853166e+02      +1.8163270e-03      +3.9863770e+02      +4.9424800e+01      
6         -3.9853166e+02      +3.5533390e-09      +7.7986775e-04      +9.6691324e-05      
7         -3.9853166e+02      +3.5755079e-09      +7.8473327e-04      +9.7294572e-05      
8         -3.9853083e+02      +8.2294816e-04      +1.8061624e+02      +2.2393571e+01      
Total time taken:                   4.4043756 s
===============================================

===============================================
            Relativistic DSRG-MRPT2            
===============================================
-----------------------------------------------
        DSRG-MRPT2 reference relaxation        
-----------------------------------------------
Iter                          Energy              Delta E   
   -Eref  -398.5325748       
   -Ecorr -0.3099449       
<Psi^(0)|Hbar^(0)|Psi^(0)>    -398.8425197        -3.98843e+02
   -Erelax-0.0000003       
<Psi^(0)|Hbar^(1)|Psi^(0)>    -398.8425200        -2.92000e-07
   -Eref  -398.5325746       
   -Ecorr -0.3099453       
<Psi^(1)|Hbar^(1)|Psi^(1)>    -398.8425198        1.70143e-07
   -Erelax-0.0000000       
<Psi^(1)|Hbar^(2)|Psi^(1)>    -398.8425198        -2.91215e-09
   -Eref  -398.5325746       
   -Ecorr -0.3099453       
<Psi^(2)|Hbar^(2)|Psi^(2)>    -398.8425199        -3.01054e-08
   -Erelax-0.0000000       
<Psi^(2)|Hbar^(3)|Psi^(2)>    -398.8425199        -6.82689e-11
   -Eref  -398.5325746       
   -Ecorr -0.3099453       
<Psi^(3)|Hbar^(3)|Psi^(3)>    -398.8425198        4.71528e-09
   -Erelax-0.0000000       
<Psi^(3)|Hbar^(4)|Psi^(3)>    -398.8425198        -1.64846e-12
Unrelaxed DSRG-MRPT2 energy:              -398.8425197 Eh
Unrelaxed DSRG-MRPT2 E_corr:                -0.3099449 Eh
Partially relaxed DSRG-MRPT2 energy:      -398.8425200 Eh
Partially relaxed DSRG-MRPT2 E_corr:        -0.3099452 Eh
Relaxed DSRG-MRPT2 energy:                -398.8425198 Eh
Relaxed DSRG-MRPT2 E_corr:                  -0.3099453 Eh
Fully relaxed DSRG-MRPT2 energy:          -398.8425198 Eh
Fully relaxed DSRG-MRPT2 E_corr:            -0.3099453 Eh
State     Energy / Eh         Splitting / Eh      Splitting / cm-1    Splitting / meV     
0         -3.9884329e+02      +0.0000000e+00      +0.0000000e+00      +0.0000000e+00      
1         -3.9884329e+02      +1.4450166e-09      +3.1714447e-04      +3.9320922e-05      
2         -3.9884329e+02      +4.1632120e-10      +9.1371941e-05      +1.1328682e-05      
3         -3.9884329e+02      +3.9523229e-10      +8.6743461e-05      +1.0754824e-05      
4         -3.9884329e+02      +1.1386874e-09      +2.4991299e-04      +3.0985276e-05      
5         -3.9884174e+02      +1.5482307e-03      +3.3979736e+02      +4.2129523e+01      
6         -3.9884174e+02      +4.1472958e-10      +9.1022622e-05      +1.1285372e-05      
7         -3.9884174e+02      +6.0668981e-10      +1.3315302e-04      +1.6508878e-05      
8         -3.9884103e+02      +7.0834365e-04      +1.5546346e+02      +1.9275022e+01      
Time taken:                       71.9301205 s
===============================================
===============================================
              PySCF DHF interface              
===============================================

Timing report
....integral reading:       1.9367213 s

===============================================
            Relativistic CASCI(7,8)            
===============================================
Will now allocate 0.001 MB memory for the CASCI Hamiltonian!
Time taken for 1-RDM build:        0.0003753 s
Time taken for 1-RDM build:        0.0003657 s
Time taken for 1-RDM build:        0.0003633 s
Time taken for 1-RDM build:        0.0003629 s
Time taken for 1-RDM build:        0.0003648 s
Time taken for 1-RDM build:        0.0003662 s
Time taken for 2-RDM build:        0.0010445 s
Time taken for 2-RDM build:        0.0010085 s
Time taken for 2-RDM build:        0.0010047 s
Time taken for 2-RDM build:        0.0009992 s
Time taken for 2-RDM build:        0.0010056 s
Time taken for 2-RDM build:        0.0010006 s
Time taken for 3-RDM build:        0.0136981 s
Time taken for 3-RDM build:        0.0124097 s
Time taken for 3-RDM build:        0.0123761 s
Time taken for 3-RDM build:        0.0123746 s
Time taken for 3-RDM build:        0.0124040 s
Time taken for 3-RDM build:        0.0123718 s
E_frzc:                         -446.0682972 Eh
E_cas:                           -14.7582517 Eh
E_nuc:                             0.0000000 Eh
E_casci:                        -460.8252020 Eh
E0 (from RDM):                  -460.8252020 Eh
Ecorr:                             0.0013470 Eh

Timing summary
... Hamil build:                    0.0018737 s
... Hamil diag:                     0.0001009 s
... RDM build:                      3.4594698 s
State     Energy / Eh         Splitting / Eh      Splitting / cm-1    Splitting / meV     
0         -4.6082655e+02      +0.0000000e+00      +0.0000000e+00      +0.0000000e+00      
1         -4.6082655e+02      +1.2022326e-08      +2.6385956e-03      +3.2714432e-04      
2         -4.6082655e+02      +5.7600573e-09      +1.2641864e-03      +1.5673922e-04      
3         -4.6082655e+02      +1.1622035e-08      +2.5507418e-03      +3.1625183e-04      
4         -4.6082251e+02      +4.0408198e-03      +8.8685742e+02      +1.0995636e+02      
5         -4.6082251e+02      +2.0031848e-08      +4.3964825e-03      +5.4509461e-04      
Total time taken:                   3.7808282 s
===============================================

===============================================
            Relativistic DSRG-MRPT2            
===============================================
-----------------------------------------------
        DSRG-MRPT2 reference relaxation        
-----------------------------------------------
Iter                          Energy              Delta E   
   -Eref  -460.8252020       
   -Ecorr -0.3509471       
<Psi^(0)|Hbar^(0)|Psi^(0)>    -461.1761490        -4.61176e+02
   -Erelax0.0000000       
<Psi^(0)|Hbar^(1)|Psi^(0)>    -461.1761490        0.00000e+00
   -Eref  -460.8252020       
   -Ecorr -0.3509471       
<Psi^(1)|Hbar^(1)|Psi^(1)>    -461.1761490        -1.13687e-13
   -Erelax-0.0000000       
<Psi^(1)|Hbar^(2)|Psi^(1)>    -461.1761490        0.00000e+00
Unrelaxed DSRG-MRPT2 energy:              -461.1761490 Eh
Unrelaxed DSRG-MRPT2 E_corr:                -0.3509471 Eh
Partially relaxed DSRG-MRPT2 energy:      -461.1761490 Eh
Partially relaxed DSRG-MRPT2 E_corr:        -0.3509471 Eh
Relaxed DSRG-MRPT2 energy:                -461.1761490 Eh
Relaxed DSRG-MRPT2 E_corr:                  -0.3509471 Eh
Fully relaxed DSRG-MRPT2 energy:          -461.1761490 Eh
Fully relaxed DSRG-MRPT2 E_corr:            -0.3509471 Eh
State     Energy / Eh         Splitting / Eh      Splitting / cm-1    Splitting / meV     
0         -4.6117747e+02      +0.0000000e+00      +0.0000000e+00      +0.0000000e+00      
1         -4.6117747e+02      +1.6903527e-09      +3.7098954e-04      +4.5996863e-05      
2         -4.6117747e+02      +1.4497914e-09      +3.1819243e-04      +3.9450852e-05      
3         -4.6117747e+02      +1.4575789e-09      +3.1990160e-04      +3.9662762e-05      
4         -4.6117350e+02      +3.9756614e-03      +8.7255682e+02      +1.0818331e+02      
5         -4.6117350e+02      +2.8558134e-09      +6.2677858e-04      +7.7710677e-05      
Time taken:                       30.4595835 s
===============================================
===============================================
              PySCF DHF interface              
===============================================

Timing report
....integral reading:      24.7139199 s

===============================================
            Relativistic CASCI(3,8)            
===============================================
Will now allocate 0.050 MB memory for the CASCI Hamiltonian!
Time taken for 1-RDM build:        0.0056486 s
Time taken for 1-RDM build:        0.0056300 s
Time taken for 1-RDM build:        0.0056541 s
Time taken for 1-RDM build:        0.0056534 s
Time taken for 1-RDM build:        0.0056758 s
Time taken for 1-RDM build:        0.0056410 s
Time taken for 2-RDM build:        0.0233142 s
Time taken for 2-RDM build:        0.0231757 s
Time taken for 2-RDM build:        0.0233328 s
Time taken for 2-RDM build:        0.0231941 s
Time taken for 2-RDM build:        0.0232644 s
Time taken for 2-RDM build:        0.0232885 s
Time taken for 3-RDM build:        0.0654225 s
Time taken for 3-RDM build:        0.0644169 s
Time taken for 3-RDM build:        0.0644691 s
Time taken for 3-RDM build:        0.0645540 s
Time taken for 3-RDM build:        0.0644743 s
Time taken for 3-RDM build:        0.0644777 s
E_frzc:                        -1939.7138290 Eh
E_cas:                            -2.0100161 Eh
E_nuc:                             0.0000000 Eh
E_casci:                       -1941.7217616 Eh
E0 (from RDM):                 -1941.7217616 Eh
Ecorr:                            -0.1944870 Eh

Timing summary
... Hamil build:                    0.0167925 s
... Hamil diag:                     0.0005703 s
... RDM build:                     48.6709790 s
State     Energy / Eh         Splitting / Eh      Splitting / cm-1    Splitting / meV     
0         -1.9417238e+03      +0.0000000e+00      +0.0000000e+00      +0.0000000e+00      
1         -1.9417238e+03      +1.0702479e-09      +2.3489226e-04      +2.9122942e-05      
2         -1.9417207e+03      +3.1252750e-03      +6.8591858e+02      +8.5043106e+01      
3         -1.9417207e+03      +1.1004886e-09      +2.4152933e-04      +2.9945834e-05      
4         -1.9417207e+03      +9.5178621e-10      +2.0889293e-04      +2.5899434e-05      
5         -1.9417207e+03      +6.4619599e-10      +1.4182362e-04      +1.7583897e-05      
Total time taken:                  52.3421171 s
===============================================

===============================================
            Relativistic DSRG-MRPT2            
===============================================
-----------------------------------------------
        DSRG-MRPT2 reference relaxation        
-----------------------------------------------
Iter                          Energy              Delta E   
   -Eref  -1941.7217616       
   -Ecorr -0.9498782       
<Psi^(0)|Hbar^(0)|Psi^(0)>    -1942.6716399       -1.94267e+03
   -Erelax-0.0003304       
<Psi^(0)|Hbar^(1)|Psi^(0)>    -1942.6719703       -3.30414e-04
   -Eref  -1941.7214329       
   -Ecorr -0.9504917       
<Psi^(1)|Hbar^(1)|Psi^(1)>    -1942.6719246       4.56728e-05
   -Erelax-0.0000000       
<Psi^(1)|Hbar^(2)|Psi^(1)>    -1942.6719246       -3.41288e-10
   -Eref  -1941.7214336       
   -Ecorr -0.9504911       
<Psi^(2)|Hbar^(2)|Psi^(2)>    -1942.6719246       -3.92156e-08
   -Erelax-0.0000000       
<Psi^(2)|Hbar^(3)|Psi^(2)>    -1942.6719246       0.00000e+00
   -Eref  -1941.7214336       
   -Ecorr -0.9504911       
<Psi^(3)|Hbar^(3)|Psi^(3)>    -1942.6719246       4.29736e-11
   -Erelax0.0000000       
<Psi^(3)|Hbar^(4)|Psi^(3)>    -1942.6719246       0.00000e+00
Unrelaxed DSRG-MRPT2 energy:             -1942.6716399 Eh
Unrelaxed DSRG-MRPT2 E_corr:                -0.9498782 Eh
Partially relaxed DSRG-MRPT2 energy:     -1942.6719703 Eh
Partially relaxed DSRG-MRPT2 E_corr:        -0.9502086 Eh
Relaxed DSRG-MRPT2 energy:               -1942.6719246 Eh
Relaxed DSRG-MRPT2 E_corr:                  -0.9504917 Eh
Fully relaxed DSRG-MRPT2 energy:         -1942.6719246 Eh
Fully relaxed DSRG-MRPT2 E_corr:            -0.9504911 Eh
State     Energy / Eh         Splitting / Eh      Splitting / cm-1    Splitting / meV     
0         -1.9426743e+03      +0.0000000e+00      +0.0000000e+00      +0.0000000e+00      
1         -1.9426743e+03      +5.0772542e-10      +1.1143285e-04      +1.3815919e-05      
2         -1.9426707e+03      +3.5852865e-03      +7.8687942e+02      +9.7560661e+01      
3         -1.9426707e+03      +5.1772986e-10      +1.1362857e-04      +1.4088154e-05      
4         -1.9426707e+03      +4.7316462e-10      +1.0384763e-04      +1.2875471e-05      
5         -1.9426707e+03      +3.2378011e-10      +7.1061521e-05      +8.8105099e-06      
Time taken:                      963.9710939 s
===============================================
===============================================
              PySCF DHF interface              
===============================================

Timing report
....integral reading:      23.8911529 s

===============================================
            Relativistic CASCI(4,8)            
===============================================
Will now allocate 0.078 MB memory for the CASCI Hamiltonian!
Time taken for 1-RDM build:        0.0098705 s
Time taken for 1-RDM build:        0.0095651 s
Time taken for 1-RDM build:        0.0095577 s
Time taken for 1-RDM build:        0.0096226 s
Time taken for 1-RDM build:        0.0095816 s
Time taken for 1-RDM build:        0.0095630 s
Time taken for 1-RDM build:        0.0095134 s
Time taken for 1-RDM build:        0.0095730 s
Time taken for 1-RDM build:        0.0095217 s
Time taken for 2-RDM build:        0.0348251 s
Time taken for 2-RDM build:        0.0348029 s
Time taken for 2-RDM build:        0.0347502 s
Time taken for 2-RDM build:        0.0348399 s
Time taken for 2-RDM build:        0.0348263 s
Time taken for 2-RDM build:        0.0348103 s
Time taken for 2-RDM build:        0.0347149 s
Time taken for 2-RDM build:        0.0347393 s
Time taken for 2-RDM build:        0.0347562 s
Time taken for 3-RDM build:        0.1536639 s
Time taken for 3-RDM build:        0.1514125 s
Time taken for 3-RDM build:        0.1513982 s
Time taken for 3-RDM build:        0.1515176 s
Time taken for 3-RDM build:        0.1514547 s
Time taken for 3-RDM build:        0.1512575 s
Time taken for 3-RDM build:        0.1514301 s
Time taken for 3-RDM build:        0.1522145 s
Time taken for 3-RDM build:        0.1514287 s
E_frzc:                        -2092.8592106 Eh
E_cas:                            -3.6862998 Eh
E_nuc:                             0.0000000 Eh
E_casci:                       -2096.5413860 Eh
E0 (from RDM):                 -2096.5413860 Eh
Ecorr:                            -0.2153364 Eh

Timing summary
... Hamil build:                    0.0258934 s
... Hamil diag:                     0.0010941 s
... RDM build:                     49.5330303 s
State     Energy / Eh         Splitting / Eh      Splitting / cm-1    Splitting / meV     
0         -2.0965455e+03      +0.0000000e+00      +0.0000000e+00      +0.0000000e+00      
1         -2.0965432e+03      +2.3344184e-03      +5.1234561e+02      +6.3522789e+01      
2         -2.0965432e+03      +6.4164851e-10      +1.4082557e-04      +1.7460154e-05      
3         -2.0965432e+03      +5.3205440e-10      +1.1677244e-04      +1.4477945e-05      
4         -2.0965395e+03      +3.6890520e-03      +8.0965333e+02      +1.0038427e+02      
5         -2.0965395e+03      +9.3723429e-10      +2.0569915e-04      +2.5503456e-05      
6         -2.0965395e+03      +1.0586518e-09      +2.3234722e-04      +2.8807397e-05      
7         -2.0965395e+03      +1.1709744e-09      +2.5699918e-04      +3.1863852e-05      
8         -2.0965395e+03      +1.0372787e-09      +2.2765636e-04      +2.8225805e-05      
Total time taken:                  53.2124798 s
===============================================

===============================================
            Relativistic DSRG-MRPT2            
===============================================
-----------------------------------------------
        DSRG-MRPT2 reference relaxation        
-----------------------------------------------
Iter                          Energy              Delta E   
   -Eref  -2096.5413860       
   -Ecorr -0.9473265       
<Psi^(0)|Hbar^(0)|Psi^(0)>    -2097.4887124       -2.09749e+03
   -Erelax-0.0001048       
<Psi^(0)|Hbar^(1)|Psi^(0)>    -2097.4888172       -1.04766e-04
   -Eref  -2096.5412781       
   -Ecorr -0.9475608       
<Psi^(1)|Hbar^(1)|Psi^(1)>    -2097.4888389       -2.16820e-05
   -Erelax-0.0000000       
<Psi^(1)|Hbar^(2)|Psi^(1)>    -2097.4888389       -7.45877e-09
   -Eref  -2096.5412777       
   -Ecorr -0.9475610       
<Psi^(2)|Hbar^(2)|Psi^(2)>    -2097.4888387       1.64795e-07
   -Erelax-0.0000000       
<Psi^(2)|Hbar^(3)|Psi^(2)>    -2097.4888387       -5.45697e-12
   -Eref  -2096.5412777       
   -Ecorr -0.9475610       
<Psi^(3)|Hbar^(3)|Psi^(3)>    -2097.4888387       3.45335e-09
   -Erelax-0.0000000       
<Psi^(3)|Hbar^(4)|Psi^(3)>    -2097.4888387       0.00000e+00
Unrelaxed DSRG-MRPT2 energy:             -2097.4887124 Eh
Unrelaxed DSRG-MRPT2 E_corr:                -0.9473265 Eh
Partially relaxed DSRG-MRPT2 energy:     -2097.4888172 Eh
Partially relaxed DSRG-MRPT2 E_corr:        -0.9474312 Eh
Relaxed DSRG-MRPT2 energy:               -2097.4888389 Eh
Relaxed DSRG-MRPT2 E_corr:                  -0.9475608 Eh
Fully relaxed DSRG-MRPT2 energy:         -2097.4888387 Eh
Fully relaxed DSRG-MRPT2 E_corr:            -0.9475610 Eh
State     Energy / Eh         Splitting / Eh      Splitting / cm-1    Splitting / meV     
0         -2.0974932e+03      +0.0000000e+00      +0.0000000e+00      +0.0000000e+00      
1         -2.0974907e+03      +2.5191111e-03      +5.5288098e+02      +6.8548537e+01      
2         -2.0974907e+03      +2.2009772e-10      +4.8305865e-05      +5.9891668e-06      
3         -2.0974907e+03      +2.0736479e-10      +4.5511311e-05      +5.6426861e-06      
4         -2.0974868e+03      +3.9084794e-03      +8.5781207e+02      +1.0635519e+02      
5         -2.0974868e+03      +2.8558134e-10      +6.2677858e-05      +7.7710677e-06      
6         -2.0974868e+03      +3.3151082e-10      +7.2758214e-05      +9.0208732e-06      
7         -2.0974868e+03      +3.3287506e-10      +7.3057631e-05      +9.0579961e-06      
8         -2.0974868e+03      +2.8558134e-10      +6.2677858e-05      +7.7710677e-06      
Time taken:                      957.2387333 s
===============================================
===============================================
              PySCF DHF interface              
===============================================

Timing report
....integral reading:      24.1959770 s

===============================================
            Relativistic CASCI(5,8)            
===============================================
Will now allocate 0.050 MB memory for the CASCI Hamiltonian!
Time taken for 1-RDM build:        0.0056880 s
Time taken for 1-RDM build:        0.0056679 s
Time taken for 1-RDM build:        0.0056503 s
Time taken for 1-RDM build:        0.0056572 s
Time taken for 1-RDM build:        0.0056570 s
Time taken for 1-RDM build:        0.0056555 s
Time taken for 1-RDM build:        0.0056732 s
Time taken for 1-RDM build:        0.0056567 s
Time taken for 1-RDM build:        0.0056653 s
Time taken for 1-RDM build:        0.0056601 s
Time taken for 1-RDM build:        0.0056670 s
Time taken for 1-RDM build:        0.0056629 s
Time taken for 1-RDM build:        0.0056729 s
Time taken for 1-RDM build:        0.0056686 s
Time taken for 2-RDM build:        0.0254662 s
Time taken for 2-RDM build:        0.0254128 s
Time taken for 2-RDM build:        0.0259600 s
Time taken for 2-RDM build:        0.0254529 s
Time taken for 2-RDM build:        0.0253975 s
Time taken for 2-RDM build:        0.0253997 s
Time taken for 2-RDM build:        0.0254438 s
Time taken for 2-RDM build:        0.0254781 s
Time taken for 2-RDM build:        0.0254204 s
Time taken for 2-RDM build:        0.0254035 s
Time taken for 2-RDM build:        0.0254421 s
Time taken for 2-RDM build:        0.0254579 s
Time taken for 2-RDM build:        0.0254350 s
Time taken for 2-RDM build:        0.0254571 s
Time taken for 3-RDM build:        0.1502907 s
Time taken for 3-RDM build:        0.1488957 s
Time taken for 3-RDM build:        0.1484623 s
Time taken for 3-RDM build:        0.1490004 s
Time taken for 3-RDM build:        0.1488113 s
Time taken for 3-RDM build:        0.1485529 s
Time taken for 3-RDM build:        0.1485488 s
Time taken for 3-RDM build:        0.1485684 s
Time taken for 3-RDM build:        0.1486526 s
Time taken for 3-RDM build:        0.1486080 s
Time taken for 3-RDM build:        0.1486504 s
Time taken for 3-RDM build:        0.1492648 s
Time taken for 3-RDM build:        0.1484268 s
Time taken for 3-RDM build:        0.1484957 s
E_frzc:                        -2252.3726240 Eh
E_cas:                            -6.0718308 Eh
E_nuc:                             0.0000000 Eh
E_casci:                       -2258.3972569 Eh
E0 (from RDM):                 -2258.3972569 Eh
Ecorr:                            -0.0178409 Eh

Timing summary
... Hamil build:                    0.0210040 s
... Hamil diag:                     0.0005181 s
... RDM build:                     50.2821217 s
State     Energy / Eh         Splitting / Eh      Splitting / cm-1    Splitting / meV     
0         -2.2584445e+03      +0.0000000e+00      +0.0000000e+00      +0.0000000e+00      
1         -2.2584445e+03      +5.2432370e-10      +1.1507575e-04      +1.4267581e-05      
2         -2.2584445e+03      +5.2705218e-10      +1.1567458e-04      +1.4341827e-05      
3         -2.2584445e+03      +5.1386451e-10      +1.1278022e-04      +1.3982972e-05      
4         -2.2583793e+03      +6.5107933e-02      +1.4289540e+04      +1.7716780e+03      
5         -2.2583793e+03      +9.2859409e-10      +2.0380284e-04      +2.5268344e-05      
6         -2.2583793e+03      +1.1159500e-09      +2.4492271e-04      +3.0366561e-05      
7         -2.2583793e+03      +5.1250026e-10      +1.1248081e-04      +1.3945849e-05      
8         -2.2583777e+03      +1.6153755e-03      +3.5453394e+02      +4.3956628e+01      
9         -2.2583777e+03      +7.5033313e-10      +1.6467909e-04      +2.0417614e-05      
10        -2.2583777e+03      +4.8839865e-10      +1.0719111e-04      +1.3290011e-05      
11        -2.2583777e+03      +1.4611032e-09      +3.2067509e-04      +3.9758663e-05      
12        -2.2583777e+03      +1.6329977e-09      +3.5840157e-04      +4.4436153e-05      
13        -2.2583777e+03      +6.3982952e-10      +1.4042635e-04      +1.7410656e-05      
Total time taken:                  53.9562893 s
===============================================

===============================================
            Relativistic DSRG-MRPT2            
===============================================
-----------------------------------------------
        DSRG-MRPT2 reference relaxation        
-----------------------------------------------
Iter                          Energy              Delta E   
   -Eref  -2258.3972569       
   -Ecorr -0.9644103       
<Psi^(0)|Hbar^(0)|Psi^(0)>    -2259.3616672       -2.25936e+03
   -Erelax-0.0000238       
<Psi^(0)|Hbar^(1)|Psi^(0)>    -2259.3616910       -2.38006e-05
   -Eref  -2258.3972373       
   -Ecorr -0.9644646       
<Psi^(1)|Hbar^(1)|Psi^(1)>    -2259.3617019       -1.09462e-05
   -Erelax-0.0000000       
<Psi^(1)|Hbar^(2)|Psi^(1)>    -2259.3617019       -3.58623e-08
   -Eref  -2258.3972386       
   -Ecorr -0.9644629       
<Psi^(2)|Hbar^(2)|Psi^(2)>    -2259.3617015       4.57135e-07
   -Erelax-0.0000000       
<Psi^(2)|Hbar^(3)|Psi^(2)>    -2259.3617015       -7.77618e-11
   -Eref  -2258.3972385       
   -Ecorr -0.9644630       
<Psi^(3)|Hbar^(3)|Psi^(3)>    -2259.3617015       -2.12549e-08
   -Erelax-0.0000000       
<Psi^(3)|Hbar^(4)|Psi^(3)>    -2259.3617015       0.00000e+00
   -Eref  -2258.3972385       
   -Ecorr -0.9644630       
<Psi^(4)|Hbar^(4)|Psi^(4)>    -2259.3617015       9.89985e-10
   -Erelax0.0000000       
<Psi^(4)|Hbar^(5)|Psi^(4)>    -2259.3617015       0.00000e+00
Unrelaxed DSRG-MRPT2 energy:             -2259.3616672 Eh
Unrelaxed DSRG-MRPT2 E_corr:                -0.9644103 Eh
Partially relaxed DSRG-MRPT2 energy:     -2259.3616910 Eh
Partially relaxed DSRG-MRPT2 E_corr:        -0.9644341 Eh
Relaxed DSRG-MRPT2 energy:               -2259.3617019 Eh
Relaxed DSRG-MRPT2 E_corr:                  -0.9644646 Eh
Fully relaxed DSRG-MRPT2 energy:         -2259.3617015 Eh
Fully relaxed DSRG-MRPT2 E_corr:            -0.9644630 Eh
State     Energy / Eh         Splitting / Eh      Splitting / cm-1    Splitting / meV     
0         -2.2594011e+03      +0.0000000e+00      +0.0000000e+00      +0.0000000e+00      
1         -2.2594011e+03      +1.5234036e-10      +3.3434845e-05      +4.1453944e-06      
2         -2.2594011e+03      +1.6007107e-10      +3.5131538e-05      +4.3557577e-06      
3         -2.2594011e+03      +1.5279511e-10      +3.3534650e-05      +4.1577687e-06      
4         -2.2593468e+03      +5.4313521e-02      +1.1920440e+04      +1.4779469e+03      
5         -2.2593468e+03      +1.7143975e-10      +3.7626676e-05      +4.6651155e-06      
6         -2.2593468e+03      +2.4374458e-10      +5.3495752e-05      +6.6326310e-06      
7         -2.2593468e+03      +1.3687895e-10      +3.0041457e-05      +3.7246678e-06      
8         -2.2593454e+03      +1.3303764e-03      +2.9198387e+02      +3.6201404e+01      
9         -2.2593454e+03      +1.6052581e-10      +3.5231344e-05      +4.3681320e-06      
10        -2.2593454e+03      +1.6234480e-10      +3.5630566e-05      +4.4176292e-06      
11        -2.2593454e+03      +2.4374458e-10      +5.3495752e-05      +6.6326310e-06      
12        -2.2593454e+03      +3.6334313e-10      +7.9744600e-05      +9.8870750e-06      
13        -2.2593454e+03      +1.4597390e-10      +3.2037568e-05      +3.9721540e-06      
Time taken:                     1230.9865346 s
===============================================
===============================================
              PySCF DHF interface              
===============================================

Timing report
....integral reading:      24.0503023 s

===============================================
            Relativistic CASCI(6,8)            
===============================================
Will now allocate 0.013 MB memory for the CASCI Hamiltonian!
Time taken for 1-RDM build:        0.0022035 s
Time taken for 1-RDM build:        0.0022008 s
Time taken for 1-RDM build:        0.0021980 s
Time taken for 1-RDM build:        0.0021892 s
Time taken for 1-RDM build:        0.0022037 s
Time taken for 1-RDM build:        0.0021873 s
Time taken for 1-RDM build:        0.0021799 s
Time taken for 1-RDM build:        0.0021791 s
Time taken for 1-RDM build:        0.0021896 s
Time taken for 2-RDM build:        0.0086858 s
Time taken for 2-RDM build:        0.0085890 s
Time taken for 2-RDM build:        0.0085981 s
Time taken for 2-RDM build:        0.0086060 s
Time taken for 2-RDM build:        0.0085945 s
Time taken for 2-RDM build:        0.0085821 s
Time taken for 2-RDM build:        0.0085902 s
Time taken for 2-RDM build:        0.0085874 s
Time taken for 2-RDM build:        0.0085709 s
Time taken for 3-RDM build:        0.0686994 s
Time taken for 3-RDM build:        0.0665786 s
Time taken for 3-RDM build:        0.0664577 s
Time taken for 3-RDM build:        0.0666614 s
Time taken for 3-RDM build:        0.0666175 s
Time taken for 3-RDM build:        0.0664830 s
Time taken for 3-RDM build:        0.0664217 s
Time taken for 3-RDM build:        0.0665274 s
Time taken for 3-RDM build:        0.0665030 s
E_frzc:                        -2418.2608262 Eh
E_cas:                            -9.1774708 Eh
E_nuc:                             0.0000000 Eh
E_casci:                       -2427.4340589 Eh
E0 (from RDM):                 -2427.4340589 Eh
Ecorr:                            -0.1372548 Eh

Timing summary
... Hamil build:                    0.0086753 s
... Hamil diag:                     0.0002708 s
... RDM build:                     48.7945678 s
State     Energy / Eh         Splitting / Eh      Splitting / cm-1    Splitting / meV     
0         -2.4274383e+03      +0.0000000e+00      +0.0000000e+00      +0.0000000e+00      
1         -2.4274383e+03      +1.9413164e-09      +4.2606971e-04      +5.2825936e-05      
2         -2.4274383e+03      +8.9721652e-10      +1.9691626e-04      +2.4414517e-05      
3         -2.4274383e+03      +1.1737029e-09      +2.5759801e-04      +3.1938098e-05      
4         -2.4274383e+03      +1.8349056e-09      +4.0271522e-04      +4.9930347e-05      
5         -2.4274294e+03      +8.8831576e-03      +1.9496277e+03      +2.4172315e+02      
6         -2.4274294e+03      +4.1914063e-09      +9.1990735e-04      +1.1405403e-04      
7         -2.4274294e+03      +4.1027306e-09      +9.0044528e-04      +1.1164104e-04      
8         -2.4274268e+03      +2.6102260e-03      +5.7287839e+02      +7.1027902e+01      
Total time taken:                  52.4589708 s
===============================================

===============================================
            Relativistic DSRG-MRPT2            
===============================================
-----------------------------------------------
        DSRG-MRPT2 reference relaxation        
-----------------------------------------------
Iter                          Energy              Delta E   
   -Eref  -2427.4340589       
   -Ecorr -0.9802013       
<Psi^(0)|Hbar^(0)|Psi^(0)>    -2428.4142601       -2.42841e+03
   -Erelax-0.0000044       
<Psi^(0)|Hbar^(1)|Psi^(0)>    -2428.4142645       -4.38800e-06
   -Eref  -2427.4340548       
   -Ecorr -0.9802091       
<Psi^(1)|Hbar^(1)|Psi^(1)>    -2428.4142639       6.73040e-07
   -Erelax-0.0000000       
<Psi^(1)|Hbar^(2)|Psi^(1)>    -2428.4142639       -8.57108e-09
   -Eref  -2427.4340549       
   -Ecorr -0.9802091       
<Psi^(2)|Hbar^(2)|Psi^(2)>    -2428.4142640       -1.53443e-07
   -Erelax-0.0000000       
<Psi^(2)|Hbar^(3)|Psi^(2)>    -2428.4142640       -9.23137e-11
   -Eref  -2427.4340549       
   -Ecorr -0.9802091       
<Psi^(3)|Hbar^(3)|Psi^(3)>    -2428.4142640       1.60594e-08
   -Erelax-0.0000000       
<Psi^(3)|Hbar^(4)|Psi^(3)>    -2428.4142640       -9.09495e-13
   -Eref  -2427.4340549       
   -Ecorr -0.9802091       
<Psi^(4)|Hbar^(4)|Psi^(4)>    -2428.4142640       -1.66483e-09
   -Erelax0.0000000       
<Psi^(4)|Hbar^(5)|Psi^(4)>    -2428.4142640       0.00000e+00
Unrelaxed DSRG-MRPT2 energy:             -2428.4142601 Eh
Unrelaxed DSRG-MRPT2 E_corr:                -0.9802013 Eh
Partially relaxed DSRG-MRPT2 energy:     -2428.4142645 Eh
Partially relaxed DSRG-MRPT2 E_corr:        -0.9802057 Eh
Relaxed DSRG-MRPT2 energy:               -2428.4142639 Eh
Relaxed DSRG-MRPT2 E_corr:                  -0.9802091 Eh
Fully relaxed DSRG-MRPT2 energy:         -2428.4142640 Eh
Fully relaxed DSRG-MRPT2 E_corr:            -0.9802091 Eh
State     Energy / Eh         Splitting / Eh      Splitting / cm-1    Splitting / meV     
0         -2.4284180e+03      +0.0000000e+00      +0.0000000e+00      +0.0000000e+00      
1         -2.4284180e+03      +3.7698555e-10      +8.2738765e-05      +1.0258304e-05      
2         -2.4284180e+03      +4.1291059e-10      +9.0623400e-05      +1.1235875e-05      
3         -2.4284180e+03      +4.2291504e-10      +9.2819121e-05      +1.1508110e-05      
4         -2.4284180e+03      +3.3196557e-10      +7.2858020e-05      +9.0332475e-06      
5         -2.4284102e+03      +7.8685546e-03      +1.7269481e+03      +2.1411438e+02      
6         -2.4284102e+03      +8.1718099e-10      +1.7935050e-04      +2.2236638e-05      
7         -2.4284102e+03      +7.5351636e-10      +1.6537772e-04      +2.0504234e-05      
8         -2.4284077e+03      +2.4787889e-03      +5.4403128e+02      +6.7451314e+01      
Time taken:                     1223.5386417 s
===============================================
===============================================
              PySCF DHF interface              
===============================================

Timing report
....integral reading:      23.8945670 s

===============================================
            Relativistic CASCI(7,8)            
===============================================
Will now allocate 0.001 MB memory for the CASCI Hamiltonian!
Time taken for 1-RDM build:        0.0003731 s
Time taken for 1-RDM build:        0.0003657 s
Time taken for 1-RDM build:        0.0003619 s
Time taken for 1-RDM build:        0.0003622 s
Time taken for 1-RDM build:        0.0003595 s
Time taken for 1-RDM build:        0.0003607 s
Time taken for 2-RDM build:        0.0010691 s
Time taken for 2-RDM build:        0.0010107 s
Time taken for 2-RDM build:        0.0010037 s
Time taken for 2-RDM build:        0.0010056 s
Time taken for 2-RDM build:        0.0010066 s
Time taken for 2-RDM build:        0.0009985 s
Time taken for 3-RDM build:        0.0140402 s
Time taken for 3-RDM build:        0.0123911 s
Time taken for 3-RDM build:        0.0124083 s
Time taken for 3-RDM build:        0.0123839 s
Time taken for 3-RDM build:        0.0124030 s
Time taken for 3-RDM build:        0.0123827 s
E_frzc:                        -2590.5378304 Eh
E_cas:                           -13.1880855 Eh
E_nuc:                             0.0000000 Eh
E_casci:                       -2603.7203212 Eh
E0 (from RDM):                 -2603.7203212 Eh
Ecorr:                            -0.0318830 Eh

Timing summary
... Hamil build:                    0.0018678 s
... Hamil diag:                     0.0000980 s
... RDM build:                     47.8607683 s
State     Energy / Eh         Splitting / Eh      Splitting / cm-1    Splitting / meV     
0         -2.6037259e+03      +0.0000000e+00      +0.0000000e+00      +0.0000000e+00      
1         -2.6037259e+03      +9.2413757e-09      +2.0282475e-03      +2.5147076e-04      
2         -2.6037259e+03      +1.8784249e-08      +4.1226661e-03      +5.1114569e-04      
3         -2.6037259e+03      +9.8884811e-09      +2.1702707e-03      +2.6907941e-04      
4         -2.6037091e+03      +1.6783801e-02      +3.6836186e+03      +4.5671072e+02      
5         -2.6037091e+03      +7.4087438e-09      +1.6260313e-03      +2.0160228e-04      
Total time taken:                  51.5120509 s
===============================================

===============================================
            Relativistic DSRG-MRPT2            
===============================================
-----------------------------------------------
        DSRG-MRPT2 reference relaxation        
-----------------------------------------------
Iter                          Energy              Delta E   
   -Eref  -2603.7203212       
   -Ecorr -1.0031147       
<Psi^(0)|Hbar^(0)|Psi^(0)>    -2604.7234359       -2.60472e+03
   -Erelax0.0000000       
<Psi^(0)|Hbar^(1)|Psi^(0)>    -2604.7234359       0.00000e+00
   -Eref  -2603.7203212       
   -Ecorr -1.0031147       
<Psi^(1)|Hbar^(1)|Psi^(1)>    -2604.7234359       9.09495e-13
   -Erelax0.0000000       
<Psi^(1)|Hbar^(2)|Psi^(1)>    -2604.7234359       0.00000e+00
Unrelaxed DSRG-MRPT2 energy:             -2604.7234359 Eh
Unrelaxed DSRG-MRPT2 E_corr:                -1.0031147 Eh
Partially relaxed DSRG-MRPT2 energy:     -2604.7234359 Eh
Partially relaxed DSRG-MRPT2 E_corr:        -1.0031147 Eh
Relaxed DSRG-MRPT2 energy:               -2604.7234359 Eh
Relaxed DSRG-MRPT2 E_corr:                  -1.0031147 Eh
Fully relaxed DSRG-MRPT2 energy:         -2604.7234359 Eh
Fully relaxed DSRG-MRPT2 E_corr:            -1.0031147 Eh
State     Energy / Eh         Splitting / Eh      Splitting / cm-1    Splitting / meV     
0         -2.6047289e+03      +0.0000000e+00      +0.0000000e+00      +0.0000000e+00      
1         -2.6047289e+03      +1.4752004e-09      +3.2376906e-04      +4.0142267e-05      
2         -2.6047289e+03      +2.8135219e-09      +6.1749667e-04      +7.6559866e-05      
3         -2.6047289e+03      +2.3005668e-09      +5.0491606e-04      +6.2601642e-05      
4         -2.6047125e+03      +1.6404897e-02      +3.6004586e+03      +4.4640019e+02      
5         -2.6047125e+03      +2.0372681e-09      +4.4712867e-04      +5.5436916e-05      
Time taken:                      409.3995793 s
===============================================
