NOW DOING s=0.007!
===============================================
              PySCF DHF interface              
===============================================

Timing report
....integral reading:       0.4946496 s

===============================================
            Relativistic CASCI(3,8)            
===============================================
Will now allocate 0.050 MB memory for the CASCI Hamiltonian!
Time taken for 1-RDM build:        0.0057061 s
Time taken for 1-RDM build:        0.0056815 s
Time taken for 1-RDM build:        0.0056815 s
Time taken for 1-RDM build:        0.0056813 s
Time taken for 1-RDM build:        0.0056815 s
Time taken for 1-RDM build:        0.0056908 s
Time taken for 2-RDM build:        0.0241268 s
Time taken for 2-RDM build:        0.0233395 s
Time taken for 2-RDM build:        0.0233495 s
Time taken for 2-RDM build:        0.0233245 s
Time taken for 2-RDM build:        0.0233345 s
Time taken for 2-RDM build:        0.0233674 s
Time taken for 3-RDM build:        0.0656271 s
Time taken for 3-RDM build:        0.0656180 s
Time taken for 3-RDM build:        0.0648453 s
Time taken for 3-RDM build:        0.0649798 s
Time taken for 3-RDM build:        0.0647633 s
Time taken for 3-RDM build:        0.0648062 s
E_frzc:                          -21.9899228 Eh
E_cas:                            -2.5754278 Eh
E_nuc:                             0.0000000 Eh
E_casci:                         -24.5653104 Eh
E0 (from RDM):                   -24.5653104 Eh
Ecorr:                            -0.2764703 Eh

Timing summary
... Hamil build:                    0.0167689 s
... Hamil diag:                     0.0005195 s
... RDM build:                      1.7121942 s
State     Energy / Eh         Splitting / Eh      Splitting / cm-1    Splitting / meV     
0         -2.4565351e+01      +0.0000000e+00      +0.0000000e+00      +0.0000000e+00      
1         -2.4565351e+01      +1.6292141e-09      +3.5757116e-04      +4.4333195e-05      
2         -2.4565290e+01      +6.0370290e-05      +1.3249747e+01      +1.6427601e+00      
3         -2.4565290e+01      +8.2750518e-10      +1.8161639e-04      +2.2517574e-05      
4         -2.4565290e+01      +8.6880192e-10      +1.9067998e-04      +2.3641316e-05      
5         -2.4565290e+01      +1.8699744e-09      +4.1041194e-04      +5.0884619e-05      
Total time taken:                   1.8320758 s
===============================================

===============================================
            Relativistic DSRG-MRPT2            
===============================================
-----------------------------------------------
        DSRG-MRPT2 reference relaxation        
-----------------------------------------------
Iter                          Energy              Delta E   
   -Eref  -24.5653104       
   -Ecorr -0.0416057       
<Psi^(0)|Hbar^(0)|Psi^(0)>    -24.6069161         -2.46069e+01
   -Erelax-0.0000097       
<Psi^(0)|Hbar^(1)|Psi^(0)>    -24.6069258         -9.70125e-06
   -Eref  -24.5653006       
   -Ecorr -0.0416251       
<Psi^(1)|Hbar^(1)|Psi^(1)>    -24.6069257         5.04513e-08
   -Erelax-0.0000000       
<Psi^(1)|Hbar^(2)|Psi^(1)>    -24.6069257         -1.03029e-12
   -Eref  -24.5653006       
   -Ecorr -0.0416251       
<Psi^(2)|Hbar^(2)|Psi^(2)>    -24.6069257         1.63674e-11
   -Erelax0.0000000       
<Psi^(2)|Hbar^(3)|Psi^(2)>    -24.6069257         7.10543e-15
Unrelaxed DSRG-MRPT2 energy:               -24.6069161 Eh
Unrelaxed DSRG-MRPT2 E_corr:                -0.0416057 Eh
Partially relaxed DSRG-MRPT2 energy:       -24.6069258 Eh
Partially relaxed DSRG-MRPT2 E_corr:        -0.0416154 Eh
Relaxed DSRG-MRPT2 energy:                 -24.6069257 Eh
Relaxed DSRG-MRPT2 E_corr:                  -0.0416251 Eh
Fully relaxed DSRG-MRPT2 energy:           -24.6069257 Eh
Fully relaxed DSRG-MRPT2 E_corr:            -0.0416251 Eh
State     Energy / Eh         Splitting / Eh      Splitting / cm-1    Splitting / meV     
0         -2.4606967e+01      +0.0000000e+00      +0.0000000e+00      +0.0000000e+00      
1         -2.4606967e+01      +1.5215633e-09      +3.3394455e-04      +4.1403867e-05      
2         -2.4606905e+01      +6.2292543e-05      +1.3671633e+01      +1.6950672e+00      
3         -2.4606905e+01      +7.4157569e-10      +1.6275705e-04      +2.0179312e-05      
4         -2.4606905e+01      +8.1393026e-10      +1.7863704e-04      +2.2148181e-05      
5         -2.4606905e+01      +1.7346089e-09      +3.8070265e-04      +4.7201135e-05      
Time taken:                       11.4992223 s
===============================================
===============================================
              PySCF DHF interface              
===============================================

Timing report
....integral reading:       0.4917009 s

===============================================
            Relativistic CASCI(4,8)            
===============================================
Will now allocate 0.078 MB memory for the CASCI Hamiltonian!
Time taken for 1-RDM build:        0.0099041 s
Time taken for 1-RDM build:        0.0095634 s
Time taken for 1-RDM build:        0.0095506 s
Time taken for 1-RDM build:        0.0095792 s
Time taken for 1-RDM build:        0.0095847 s
Time taken for 1-RDM build:        0.0095382 s
Time taken for 1-RDM build:        0.0095837 s
Time taken for 1-RDM build:        0.0095553 s
Time taken for 1-RDM build:        0.0095594 s
Time taken for 2-RDM build:        0.0357461 s
Time taken for 2-RDM build:        0.0349307 s
Time taken for 2-RDM build:        0.0349581 s
Time taken for 2-RDM build:        0.0348976 s
Time taken for 2-RDM build:        0.0349622 s
Time taken for 2-RDM build:        0.0348792 s
Time taken for 2-RDM build:        0.0348275 s
Time taken for 2-RDM build:        0.0349317 s
Time taken for 2-RDM build:        0.0348744 s
Time taken for 3-RDM build:        0.1534030 s
Time taken for 3-RDM build:        0.1519582 s
Time taken for 3-RDM build:        0.1517084 s
Time taken for 3-RDM build:        0.1523921 s
Time taken for 3-RDM build:        0.1519954 s
Time taken for 3-RDM build:        0.1516757 s
Time taken for 3-RDM build:        0.1517801 s
Time taken for 3-RDM build:        0.1520300 s
Time taken for 3-RDM build:        0.1522622 s
E_frzc:                          -32.3709352 Eh
E_cas:                            -5.3467114 Eh
E_nuc:                             0.0000000 Eh
E_casci:                         -37.7175257 Eh
E0 (from RDM):                   -37.7175257 Eh
Ecorr:                            -0.4429083 Eh

Timing summary
... Hamil build:                    0.0258076 s
... Hamil diag:                     0.0010147 s
... RDM build:                      2.9033895 s
State     Energy / Eh         Splitting / Eh      Splitting / cm-1    Splitting / meV     
0         -3.7717647e+01      +0.0000000e+00      +0.0000000e+00      +0.0000000e+00      
1         -3.7717578e+01      +6.8056777e-05      +1.4936736e+01      +1.8519201e+00      
2         -3.7717578e+01      +1.0789947e-09      +2.3681196e-04      +2.9360955e-05      
3         -3.7717578e+01      +1.2285639e-09      +2.6963861e-04      +3.3430943e-05      
4         -3.7717470e+01      +1.0852195e-04      +2.3817815e+01      +2.9530341e+00      
5         -3.7717470e+01      +3.7324810e-10      +8.1918488e-05      +1.0156603e-05      
6         -3.7717470e+01      +9.5213437e-10      +2.0896934e-04      +2.5908908e-05      
7         -3.7717470e+01      +4.4995119e-10      +9.8752870e-05      +1.2243801e-05      
8         -3.7717470e+01      +5.6218852e-10      +1.2338612e-04      +1.5297936e-05      
Total time taken:                   3.0339565 s
===============================================

===============================================
            Relativistic DSRG-MRPT2            
===============================================
-----------------------------------------------
        DSRG-MRPT2 reference relaxation        
-----------------------------------------------
Iter                          Energy              Delta E   
   -Eref  -37.7175257       
   -Ecorr -0.0538336       
<Psi^(0)|Hbar^(0)|Psi^(0)>    -37.7713593         -3.77714e+01
   -Erelax-0.0000107       
<Psi^(0)|Hbar^(1)|Psi^(0)>    -37.7713700         -1.07312e-05
   -Eref  -37.7175149       
   -Ecorr -0.0538569       
<Psi^(1)|Hbar^(1)|Psi^(1)>    -37.7713718         -1.76388e-06
   -Erelax-0.0000000       
<Psi^(1)|Hbar^(2)|Psi^(1)>    -37.7713718         -7.10543e-15
   -Eref  -37.7175149       
   -Ecorr -0.0538569       
<Psi^(2)|Hbar^(2)|Psi^(2)>    -37.7713718         -4.40323e-11
   -Erelax-0.0000000       
<Psi^(2)|Hbar^(3)|Psi^(2)>    -37.7713718         -7.10543e-15
Unrelaxed DSRG-MRPT2 energy:               -37.7713593 Eh
Unrelaxed DSRG-MRPT2 E_corr:                -0.0538336 Eh
Partially relaxed DSRG-MRPT2 energy:       -37.7713700 Eh
Partially relaxed DSRG-MRPT2 E_corr:        -0.0538443 Eh
Relaxed DSRG-MRPT2 energy:                 -37.7713718 Eh
Relaxed DSRG-MRPT2 E_corr:                  -0.0538569 Eh
Fully relaxed DSRG-MRPT2 energy:           -37.7713718 Eh
Fully relaxed DSRG-MRPT2 E_corr:            -0.0538569 Eh
State     Energy / Eh         Splitting / Eh      Splitting / cm-1    Splitting / meV     
0         -3.7771497e+01      +0.0000000e+00      +0.0000000e+00      +0.0000000e+00      
1         -3.7771427e+01      +7.0055933e-05      +1.5375500e+01      +1.9063200e+00      
2         -3.7771427e+01      +9.8678754e-10      +2.1657483e-04      +2.6851869e-05      
3         -3.7771427e+01      +1.1037926e-09      +2.4225448e-04      +3.0035741e-05      
4         -3.7771314e+01      +1.1330001e-04      +2.4866479e+01      +3.0830519e+00      
5         -3.7771314e+01      +3.4610537e-10      +7.5961347e-05      +9.4180112e-06      
6         -3.7771314e+01      +8.0703444e-10      +1.7712358e-04      +2.1960536e-05      
7         -3.7771314e+01      +4.2955151e-10      +9.4275658e-05      +1.1688697e-05      
8         -3.7771314e+01      +4.8938631e-10      +1.0740788e-04      +1.3316886e-05      
Time taken:                       13.9380736 s
===============================================
===============================================
              PySCF DHF interface              
===============================================

Timing report
....integral reading:       0.4911556 s

===============================================
            Relativistic CASCI(5,8)            
===============================================
Will now allocate 0.050 MB memory for the CASCI Hamiltonian!
Time taken for 1-RDM build:        0.0057399 s
Time taken for 1-RDM build:        0.0056877 s
Time taken for 1-RDM build:        0.0056832 s
Time taken for 1-RDM build:        0.0057054 s
Time taken for 1-RDM build:        0.0056672 s
Time taken for 1-RDM build:        0.0056956 s
Time taken for 1-RDM build:        0.0056860 s
Time taken for 1-RDM build:        0.0056748 s
Time taken for 1-RDM build:        0.0057192 s
Time taken for 1-RDM build:        0.0056949 s
Time taken for 1-RDM build:        0.0057085 s
Time taken for 1-RDM build:        0.0057321 s
Time taken for 1-RDM build:        0.0057218 s
Time taken for 1-RDM build:        0.0056777 s
Time taken for 2-RDM build:        0.0266640 s
Time taken for 2-RDM build:        0.0255272 s
Time taken for 2-RDM build:        0.0255668 s
Time taken for 2-RDM build:        0.0255902 s
Time taken for 2-RDM build:        0.0268826 s
Time taken for 2-RDM build:        0.0256445 s
Time taken for 2-RDM build:        0.0256050 s
Time taken for 2-RDM build:        0.0255718 s
Time taken for 2-RDM build:        0.0255651 s
Time taken for 2-RDM build:        0.0255558 s
Time taken for 2-RDM build:        0.0255771 s
Time taken for 2-RDM build:        0.0255487 s
Time taken for 2-RDM build:        0.0255663 s
Time taken for 2-RDM build:        0.0255907 s
Time taken for 3-RDM build:        0.1504402 s
Time taken for 3-RDM build:        0.1491196 s
Time taken for 3-RDM build:        0.1491609 s
Time taken for 3-RDM build:        0.1491511 s
Time taken for 3-RDM build:        0.1496055 s
Time taken for 3-RDM build:        0.1491082 s
Time taken for 3-RDM build:        0.1492293 s
Time taken for 3-RDM build:        0.1497865 s
Time taken for 3-RDM build:        0.1491349 s
Time taken for 3-RDM build:        0.1490526 s
Time taken for 3-RDM build:        0.1491549 s
Time taken for 3-RDM build:        0.1490324 s
Time taken for 3-RDM build:        0.1490657 s
Time taken for 3-RDM build:        0.1491563 s
E_frzc:                          -44.7567199 Eh
E_cas:                            -9.6666253 Eh
E_nuc:                             0.0000000 Eh
E_casci:                         -54.3487687 Eh
E0 (from RDM):                   -54.3487687 Eh
Ecorr:                            -0.4454114 Eh

Timing summary
... Hamil build:                    0.0211332 s
... Hamil diag:                     0.0005119 s
... RDM build:                      3.6665931 s
State     Energy / Eh         Splitting / Eh      Splitting / cm-1    Splitting / meV     
0         -5.4423345e+01      +0.0000000e+00      +0.0000000e+00      +0.0000000e+00      
1         -5.4423345e+01      +1.0766144e-09      +2.3628954e-04      +2.9296183e-05      
2         -5.4423345e+01      +1.0765220e-09      +2.3626926e-04      +2.9293669e-05      
3         -5.4423345e+01      +1.0763941e-09      +2.3624119e-04      +2.9290189e-05      
4         -5.4318958e+01      +1.0438692e-01      +2.2910281e+04      +2.8405142e+03      
5         -5.4318958e+01      +1.1012489e-09      +2.4169619e-04      +2.9966522e-05      
6         -5.4318958e+01      +1.1371313e-09      +2.4957147e-04      +3.0942933e-05      
7         -5.4318958e+01      +5.9976912e-10      +1.3163411e-04      +1.6320557e-05      
8         -5.4318958e+01      +1.1947563e-09      +2.6221870e-04      +3.2510990e-05      
9         -5.4318958e+01      +1.3782895e-09      +3.0249957e-04      +3.7505185e-05      
10        -5.4318908e+01      +5.0508872e-05      +1.1085416e+01      +1.3744171e+00      
11        -5.4318908e+01      +3.9502694e-09      +8.6698392e-04      +1.0749236e-04      
12        -5.4318908e+01      +3.0347778e-09      +6.6605673e-04      +8.2580549e-05      
13        -5.4318908e+01      +2.9868943e-09      +6.5554752e-04      +8.1277572e-05      
Total time taken:                   3.7912092 s
===============================================

===============================================
            Relativistic DSRG-MRPT2            
===============================================
-----------------------------------------------
        DSRG-MRPT2 reference relaxation        
-----------------------------------------------
Iter                          Energy              Delta E   
   -Eref  -54.3487687       
   -Ecorr -0.0781208       
<Psi^(0)|Hbar^(0)|Psi^(0)>    -54.4268895         -5.44269e+01
   -Erelax-0.0000000       
<Psi^(0)|Hbar^(1)|Psi^(0)>    -54.4268895         -2.06187e-09
   -Eref  -54.3487687       
   -Ecorr -0.0781209       
<Psi^(1)|Hbar^(1)|Psi^(1)>    -54.4268895         -2.80018e-10
   -Erelax-0.0000000       
<Psi^(1)|Hbar^(2)|Psi^(1)>    -54.4268895         -1.42109e-14
Unrelaxed DSRG-MRPT2 energy:               -54.4268895 Eh
Unrelaxed DSRG-MRPT2 E_corr:                -0.0781208 Eh
Partially relaxed DSRG-MRPT2 energy:       -54.4268895 Eh
Partially relaxed DSRG-MRPT2 E_corr:        -0.0781208 Eh
Relaxed DSRG-MRPT2 energy:                 -54.4268895 Eh
Relaxed DSRG-MRPT2 E_corr:                  -0.0781209 Eh
Fully relaxed DSRG-MRPT2 energy:           -54.4268895 Eh
Fully relaxed DSRG-MRPT2 E_corr:            -0.0781209 Eh
State     Energy / Eh         Splitting / Eh      Splitting / cm-1    Splitting / meV     
0         -5.4499082e+01      +0.0000000e+00      +0.0000000e+00      +0.0000000e+00      
1         -5.4499082e+01      +1.0290648e-09      +2.2585362e-04      +2.8002294e-05      
2         -5.4499082e+01      +1.0290222e-09      +2.2584427e-04      +2.8001134e-05      
3         -5.4499082e+01      +1.0289085e-09      +2.2581932e-04      +2.7998040e-05      
4         -5.4398032e+01      +1.0104959e-01      +2.2177822e+04      +2.7497007e+03      
5         -5.4398032e+01      +9.9495878e-10      +2.1836821e-04      +2.7074220e-05      
6         -5.4398032e+01      +9.8290087e-10      +2.1572181e-04      +2.6746108e-05      
7         -5.4398032e+01      +5.7630700e-10      +1.2648477e-04      +1.5682120e-05      
8         -5.4398032e+01      +1.0288446e-09      +2.2580528e-04      +2.7996300e-05      
9         -5.4398032e+01      +1.1742500e-09      +2.5771809e-04      +3.1952986e-05      
10        -5.4397983e+01      +4.8980022e-05      +1.0749872e+01      +1.3328149e+00      
11        -5.4397983e+01      +3.2588474e-09      +7.1523433e-04      +8.8677797e-05      
12        -5.4397983e+01      +2.5086706e-09      +5.5058955e-04      +6.8264437e-05      
13        -5.4397983e+01      +2.4413822e-09      +5.3582146e-04      +6.6433425e-05      
Time taken:                        8.5926070 s
===============================================
===============================================
              PySCF DHF interface              
===============================================

Timing report
....integral reading:       0.4908001 s

===============================================
            Relativistic CASCI(6,8)            
===============================================
Will now allocate 0.013 MB memory for the CASCI Hamiltonian!
Time taken for 1-RDM build:        0.0022349 s
Time taken for 1-RDM build:        0.0022068 s
Time taken for 1-RDM build:        0.0022023 s
Time taken for 1-RDM build:        0.0022175 s
Time taken for 1-RDM build:        0.0022111 s
Time taken for 1-RDM build:        0.0021987 s
Time taken for 1-RDM build:        0.0021949 s
Time taken for 1-RDM build:        0.0022078 s
Time taken for 1-RDM build:        0.0022032 s
Time taken for 2-RDM build:        0.0096235 s
Time taken for 2-RDM build:        0.0086474 s
Time taken for 2-RDM build:        0.0086575 s
Time taken for 2-RDM build:        0.0086479 s
Time taken for 2-RDM build:        0.0086517 s
Time taken for 2-RDM build:        0.0086145 s
Time taken for 2-RDM build:        0.0086217 s
Time taken for 2-RDM build:        0.0086296 s
Time taken for 2-RDM build:        0.0086434 s
Time taken for 3-RDM build:        0.0681584 s
Time taken for 3-RDM build:        0.0665977 s
Time taken for 3-RDM build:        0.0666432 s
Time taken for 3-RDM build:        0.0666857 s
Time taken for 3-RDM build:        0.0666816 s
Time taken for 3-RDM build:        0.0667636 s
Time taken for 3-RDM build:        0.0666993 s
Time taken for 3-RDM build:        0.0667942 s
Time taken for 3-RDM build:        0.0667808 s
E_frzc:                          -59.1480236 Eh
E_cas:                           -15.7034833 Eh
E_nuc:                             0.0000000 Eh
E_casci:                         -74.8511626 Eh
E0 (from RDM):                   -74.8511626 Eh
Ecorr:                            -0.3302227 Eh

Timing summary
... Hamil build:                    0.0086625 s
... Hamil diag:                     0.0002429 s
... RDM build:                      1.8392806 s
State     Energy / Eh         Splitting / Eh      Splitting / cm-1    Splitting / meV     
0         -7.4851507e+01      +0.0000000e+00      +0.0000000e+00      +0.0000000e+00      
1         -7.4851507e+01      +6.1121170e-09      +1.3414546e-03      +1.6631926e-04      
2         -7.4851507e+01      +6.8041430e-09      +1.4933368e-03      +1.8515025e-04      
3         -7.4851507e+01      +7.2887332e-09      +1.5996920e-03      +1.9833663e-04      
4         -7.4851507e+01      +9.8174127e-09      +2.1546730e-03      +2.6714553e-04      
5         -7.4850809e+01      +6.9818897e-04      +1.5323477e+02      +1.8998699e+01      
6         -7.4850809e+01      +7.3982136e-09      +1.6237202e-03      +2.0131574e-04      
7         -7.4850809e+01      +7.5923197e-09      +1.6663215e-03      +2.0659764e-04      
8         -7.4850503e+01      +3.0523771e-04      +6.6991933e+01      +8.3059451e+00      
Total time taken:                   1.9516587 s
===============================================

===============================================
            Relativistic DSRG-MRPT2            
===============================================
-----------------------------------------------
        DSRG-MRPT2 reference relaxation        
-----------------------------------------------
Iter                          Energy              Delta E   
   -Eref  -74.8511626       
   -Ecorr -0.1147793       
<Psi^(0)|Hbar^(0)|Psi^(0)>    -74.9659420         -7.49659e+01
   -Erelax-0.0000000       
<Psi^(0)|Hbar^(1)|Psi^(0)>    -74.9659420         -6.26719e-09
   -Eref  -74.8511626       
   -Ecorr -0.1147794       
<Psi^(1)|Hbar^(1)|Psi^(1)>    -74.9659420         -3.38645e-09
   -Erelax-0.0000000       
<Psi^(1)|Hbar^(2)|Psi^(1)>    -74.9659420         -6.82121e-13
Unrelaxed DSRG-MRPT2 energy:               -74.9659420 Eh
Unrelaxed DSRG-MRPT2 E_corr:                -0.1147793 Eh
Partially relaxed DSRG-MRPT2 energy:       -74.9659420 Eh
Partially relaxed DSRG-MRPT2 E_corr:        -0.1147793 Eh
Relaxed DSRG-MRPT2 energy:                 -74.9659420 Eh
Relaxed DSRG-MRPT2 E_corr:                  -0.1147794 Eh
Fully relaxed DSRG-MRPT2 energy:           -74.9659420 Eh
Fully relaxed DSRG-MRPT2 E_corr:            -0.1147794 Eh
State     Energy / Eh         Splitting / Eh      Splitting / cm-1    Splitting / meV     
0         -7.4966293e+01      +0.0000000e+00      +0.0000000e+00      +0.0000000e+00      
1         -7.4966293e+01      +7.2263049e-09      +1.5859906e-03      +1.9663787e-04      
2         -7.4966293e+01      +8.0444522e-09      +1.7655532e-03      +2.1890080e-04      
3         -7.4966293e+01      +8.2405620e-09      +1.8085943e-03      +2.2423722e-04      
4         -7.4966293e+01      +9.9395265e-09      +2.1814739e-03      +2.7046842e-04      
5         -7.4965581e+01      +7.1190700e-04      +1.5624552e+02      +1.9371985e+01      
6         -7.4965581e+01      +8.4370981e-09      +1.8517290e-03      +2.2958524e-04      
7         -7.4965581e+01      +8.3535099e-09      +1.8333835e-03      +2.2731069e-04      
8         -7.4965269e+01      +3.1218221e-04      +6.8516075e+01      +8.4949147e+00      
Time taken:                        6.7359042 s
===============================================
===============================================
              PySCF DHF interface              
===============================================

Timing report
....integral reading:       0.4892073 s

===============================================
            Relativistic CASCI(7,8)            
===============================================
Will now allocate 0.001 MB memory for the CASCI Hamiltonian!
Time taken for 1-RDM build:        0.0003774 s
Time taken for 1-RDM build:        0.0003662 s
Time taken for 1-RDM build:        0.0003657 s
Time taken for 1-RDM build:        0.0003624 s
Time taken for 1-RDM build:        0.0003650 s
Time taken for 1-RDM build:        0.0003650 s
Time taken for 2-RDM build:        0.0013280 s
Time taken for 2-RDM build:        0.0012517 s
Time taken for 2-RDM build:        0.0012150 s
Time taken for 2-RDM build:        0.0010016 s
Time taken for 2-RDM build:        0.0010016 s
Time taken for 2-RDM build:        0.0010026 s
Time taken for 3-RDM build:        0.0139863 s
Time taken for 3-RDM build:        0.0124335 s
Time taken for 3-RDM build:        0.0124626 s
Time taken for 3-RDM build:        0.0124543 s
Time taken for 3-RDM build:        0.0124023 s
Time taken for 3-RDM build:        0.0124149 s
E_frzc:                          -75.5478008 Eh
E_cas:                           -23.9325131 Eh
E_nuc:                             0.0000000 Eh
E_casci:                         -99.4797328 Eh
E0 (from RDM):                   -99.4797328 Eh
Ecorr:                            -0.1043819 Eh

Timing summary
... Hamil build:                    0.0018191 s
... Hamil diag:                     0.0001013 s
... RDM build:                      1.2171896 s
State     Energy / Eh         Splitting / Eh      Splitting / cm-1    Splitting / meV     
0         -9.9480314e+01      +0.0000000e+00      +0.0000000e+00      +0.0000000e+00      
1         -9.9480314e+01      +2.4031038e-08      +5.2742033e-03      +6.5391818e-04      
2         -9.9480314e+01      +6.9549486e-09      +1.5264348e-03      +1.8925388e-04      
3         -9.9480314e+01      +2.1663141e-08      +4.7545098e-03      +5.8948436e-04      
4         -9.9478571e+01      +1.7431739e-03      +3.8258245e+02      +4.7434202e+01      
5         -9.9478571e+01      +1.6993980e-08      +3.7297474e-03      +4.6242996e-04      
Total time taken:                   1.3213804 s
===============================================

===============================================
            Relativistic DSRG-MRPT2            
===============================================
-----------------------------------------------
        DSRG-MRPT2 reference relaxation        
-----------------------------------------------
Iter                          Energy              Delta E   
   -Eref  -99.4797328       
   -Ecorr -0.1679686       
<Psi^(0)|Hbar^(0)|Psi^(0)>    -99.6477014         -9.96477e+01
   -Erelax-0.0000000       
<Psi^(0)|Hbar^(1)|Psi^(0)>    -99.6477014         0.00000e+00
   -Eref  -99.4797328       
   -Ecorr -0.1679686       
<Psi^(1)|Hbar^(1)|Psi^(1)>    -99.6477014         4.26326e-14
   -Erelax-0.0000000       
<Psi^(1)|Hbar^(2)|Psi^(1)>    -99.6477014         -2.84217e-14
Unrelaxed DSRG-MRPT2 energy:               -99.6477014 Eh
Unrelaxed DSRG-MRPT2 E_corr:                -0.1679686 Eh
Partially relaxed DSRG-MRPT2 energy:       -99.6477014 Eh
Partially relaxed DSRG-MRPT2 E_corr:        -0.1679686 Eh
Relaxed DSRG-MRPT2 energy:                 -99.6477014 Eh
Relaxed DSRG-MRPT2 E_corr:                  -0.1679686 Eh
Fully relaxed DSRG-MRPT2 energy:           -99.6477014 Eh
Fully relaxed DSRG-MRPT2 E_corr:            -0.1679686 Eh
State     Energy / Eh         Splitting / Eh      Splitting / cm-1    Splitting / meV     
0         -9.9648300e+01      +0.0000000e+00      +0.0000000e+00      +0.0000000e+00      
1         -9.9648300e+01      +2.4350044e-08      +5.3442168e-03      +6.6259876e-04      
2         -9.9648300e+01      +7.5786204e-09      +1.6633149e-03      +2.0622486e-04      
3         -9.9648300e+01      +2.3235174e-08      +5.0995312e-03      +6.3226158e-04      
4         -9.9646504e+01      +1.7960005e-03      +3.9417655e+02      +4.8871687e+01      
5         -9.9646504e+01      +1.6942522e-08      +3.7184538e-03      +4.6102973e-04      
Time taken:                        6.1558452 s
===============================================
===============================================
              PySCF DHF interface              
===============================================

Timing report
....integral reading:       1.9047551 s

===============================================
            Relativistic CASCI(3,8)            
===============================================
Will now allocate 0.050 MB memory for the CASCI Hamiltonian!
Time taken for 1-RDM build:        0.0056875 s
Time taken for 1-RDM build:        0.0056496 s
Time taken for 1-RDM build:        0.0056391 s
Time taken for 1-RDM build:        0.0056570 s
Time taken for 1-RDM build:        0.0056498 s
Time taken for 1-RDM build:        0.0056512 s
Time taken for 2-RDM build:        0.0231793 s
Time taken for 2-RDM build:        0.0230582 s
Time taken for 2-RDM build:        0.0230908 s
Time taken for 2-RDM build:        0.0230951 s
Time taken for 2-RDM build:        0.0231094 s
Time taken for 2-RDM build:        0.0231335 s
Time taken for 3-RDM build:        0.0656059 s
Time taken for 3-RDM build:        0.0644376 s
Time taken for 3-RDM build:        0.0644331 s
Time taken for 3-RDM build:        0.0645218 s
Time taken for 3-RDM build:        0.0644832 s
Time taken for 3-RDM build:        0.0644107 s
E_frzc:                         -240.4061812 Eh
E_cas:                            -1.8986420 Eh
E_nuc:                             0.0000000 Eh
E_casci:                        -242.3045291 Eh
E0 (from RDM):                  -242.3045291 Eh
Ecorr:                            -0.1899047 Eh

Timing summary
... Hamil build:                    0.0166001 s
... Hamil diag:                     0.0004959 s
... RDM build:                      3.8637576 s
State     Energy / Eh         Splitting / Eh      Splitting / cm-1    Splitting / meV     
0         -2.4230482e+02      +0.0000000e+00      +0.0000000e+00      +0.0000000e+00      
1         -2.4230482e+02      +1.0992665e-09      +2.4126110e-04      +2.9912578e-05      
2         -2.4230438e+02      +4.4107881e-04      +9.6805609e+01      +1.2002372e+01      
3         -2.4230438e+02      +1.0805650e-09      +2.3715660e-04      +2.9403685e-05      
4         -2.4230438e+02      +8.9775654e-10      +1.9703478e-04      +2.4429211e-05      
5         -2.4230438e+02      +3.6629899e-10      +8.0393336e-05      +9.9675080e-06      
Total time taken:                   4.1984689 s
===============================================

===============================================
            Relativistic DSRG-MRPT2            
===============================================
-----------------------------------------------
        DSRG-MRPT2 reference relaxation        
-----------------------------------------------
Iter                          Energy              Delta E   
   -Eref  -242.3045291       
   -Ecorr -0.1628184       
<Psi^(0)|Hbar^(0)|Psi^(0)>    -242.4673475        -2.42467e+02
   -Erelax-0.0000019       
<Psi^(0)|Hbar^(1)|Psi^(0)>    -242.4673494        -1.85137e-06
   -Eref  -242.3045273       
   -Ecorr -0.1628221       
<Psi^(1)|Hbar^(1)|Psi^(1)>    -242.4673494        -3.23666e-08
   -Erelax-0.0000000       
<Psi^(1)|Hbar^(2)|Psi^(1)>    -242.4673494        -2.84217e-14
   -Eref  -242.3045273       
   -Ecorr -0.1628221       
<Psi^(2)|Hbar^(2)|Psi^(2)>    -242.4673494        -4.88853e-12
   -Erelax0.0000000       
<Psi^(2)|Hbar^(3)|Psi^(2)>    -242.4673494        0.00000e+00
Unrelaxed DSRG-MRPT2 energy:              -242.4673475 Eh
Unrelaxed DSRG-MRPT2 E_corr:                -0.1628184 Eh
Partially relaxed DSRG-MRPT2 energy:      -242.4673494 Eh
Partially relaxed DSRG-MRPT2 E_corr:        -0.1628203 Eh
Relaxed DSRG-MRPT2 energy:                -242.4673494 Eh
Relaxed DSRG-MRPT2 E_corr:                  -0.1628221 Eh
Fully relaxed DSRG-MRPT2 energy:          -242.4673494 Eh
Fully relaxed DSRG-MRPT2 E_corr:            -0.1628221 Eh
State     Energy / Eh         Splitting / Eh      Splitting / cm-1    Splitting / meV     
0         -2.4246765e+02      +0.0000000e+00      +0.0000000e+00      +0.0000000e+00      
1         -2.4246765e+02      +1.0815597e-09      +2.3737492e-04      +2.9430753e-05      
2         -2.4246720e+02      +4.4454757e-04      +9.7566913e+01      +1.2096761e+01      
3         -2.4246720e+02      +1.0628298e-09      +2.3326418e-04      +2.8921086e-05      
4         -2.4246720e+02      +8.7874241e-10      +1.9286167e-04      +2.3911810e-05      
5         -2.4246720e+02      +3.5970515e-10      +7.8946156e-05      +9.7880805e-06      
Time taken:                       48.5990753 s
===============================================
===============================================
              PySCF DHF interface              
===============================================

Timing report
....integral reading:       1.9137142 s

===============================================
            Relativistic CASCI(4,8)            
===============================================
Will now allocate 0.078 MB memory for the CASCI Hamiltonian!
Time taken for 1-RDM build:        0.0098777 s
Time taken for 1-RDM build:        0.0096190 s
Time taken for 1-RDM build:        0.0095718 s
Time taken for 1-RDM build:        0.0096004 s
Time taken for 1-RDM build:        0.0096018 s
Time taken for 1-RDM build:        0.0095866 s
Time taken for 1-RDM build:        0.0095935 s
Time taken for 1-RDM build:        0.0096006 s
Time taken for 1-RDM build:        0.0095515 s
Time taken for 2-RDM build:        0.0347416 s
Time taken for 2-RDM build:        0.0347948 s
Time taken for 2-RDM build:        0.0347428 s
Time taken for 2-RDM build:        0.0347209 s
Time taken for 2-RDM build:        0.0347173 s
Time taken for 2-RDM build:        0.0349298 s
Time taken for 2-RDM build:        0.0349605 s
Time taken for 2-RDM build:        0.0349245 s
Time taken for 2-RDM build:        0.0348392 s
Time taken for 3-RDM build:        0.1546626 s
Time taken for 3-RDM build:        0.1515958 s
Time taken for 3-RDM build:        0.1521490 s
Time taken for 3-RDM build:        0.1523449 s
Time taken for 3-RDM build:        0.1525018 s
Time taken for 3-RDM build:        0.1517580 s
Time taken for 3-RDM build:        0.1524069 s
Time taken for 3-RDM build:        0.1515470 s
Time taken for 3-RDM build:        0.1516159 s
E_frzc:                         -285.7423197 Eh
E_cas:                            -3.6921024 Eh
E_nuc:                             0.0000000 Eh
E_casci:                        -289.4337768 Eh
E0 (from RDM):                  -289.4337768 Eh
Ecorr:                            -0.2329780 Eh

Timing summary
... Hamil build:                    0.0311673 s
... Hamil diag:                     0.0010722 s
... RDM build:                      5.0608249 s
State     Energy / Eh         Splitting / Eh      Splitting / cm-1    Splitting / meV     
0         -2.8943442e+02      +0.0000000e+00      +0.0000000e+00      +0.0000000e+00      
1         -2.8943409e+02      +3.3211201e-04      +7.2890160e+01      +9.0372324e+00      
2         -2.8943409e+02      +8.1735152e-10      +1.7938792e-04      +2.2241278e-05      
3         -2.8943409e+02      +8.9210062e-10      +1.9579345e-04      +2.4275306e-05      
4         -2.8943346e+02      +6.3005266e-04      +1.3828057e+02      +1.7144614e+01      
5         -2.8943346e+02      +2.5920599e-10      +5.6889139e-05      +7.0533576e-06      
6         -2.8943346e+02      +7.8654239e-10      +1.7262610e-04      +2.1402919e-05      
7         -2.8943346e+02      +6.1896799e-10      +1.3584777e-04      +1.6842985e-05      
8         -2.8943346e+02      +4.2439297e-10      +9.3143489e-05      +1.1548326e-05      
Total time taken:                   5.4129467 s
===============================================

===============================================
            Relativistic DSRG-MRPT2            
===============================================
-----------------------------------------------
        DSRG-MRPT2 reference relaxation        
-----------------------------------------------
Iter                          Energy              Delta E   
   -Eref  -289.4337768       
   -Ecorr -0.1690810       
<Psi^(0)|Hbar^(0)|Psi^(0)>    -289.6028578        -2.89603e+02
   -Erelax-0.0000022       
<Psi^(0)|Hbar^(1)|Psi^(0)>    -289.6028599        -2.15486e-06
   -Eref  -289.4337746       
   -Ecorr -0.1690856       
<Psi^(1)|Hbar^(1)|Psi^(1)>    -289.6028602        -3.03122e-07
   -Erelax-0.0000000       
<Psi^(1)|Hbar^(2)|Psi^(1)>    -289.6028602        0.00000e+00
   -Eref  -289.4337746       
   -Ecorr -0.1690856       
<Psi^(2)|Hbar^(2)|Psi^(2)>    -289.6028602        -1.26761e-11
   -Erelax-0.0000000       
<Psi^(2)|Hbar^(3)|Psi^(2)>    -289.6028602        0.00000e+00
Unrelaxed DSRG-MRPT2 energy:              -289.6028578 Eh
Unrelaxed DSRG-MRPT2 E_corr:                -0.1690810 Eh
Partially relaxed DSRG-MRPT2 energy:      -289.6028599 Eh
Partially relaxed DSRG-MRPT2 E_corr:        -0.1690831 Eh
Relaxed DSRG-MRPT2 energy:                -289.6028602 Eh
Relaxed DSRG-MRPT2 E_corr:                  -0.1690856 Eh
Fully relaxed DSRG-MRPT2 energy:          -289.6028602 Eh
Fully relaxed DSRG-MRPT2 E_corr:            -0.1690856 Eh
State     Energy / Eh         Splitting / Eh      Splitting / cm-1    Splitting / meV     
0         -2.8960351e+02      +0.0000000e+00      +0.0000000e+00      +0.0000000e+00      
1         -2.8960318e+02      +3.3543723e-04      +7.3619963e+01      +9.1277164e+00      
2         -2.8960318e+02      +7.9978690e-10      +1.7553293e-04      +2.1763321e-05      
3         -2.8960318e+02      +8.6754426e-10      +1.9040396e-04      +2.3607093e-05      
4         -2.8960254e+02      +6.3602316e-04      +1.3959095e+02      +1.7307080e+01      
5         -2.8960254e+02      +2.6011548e-10      +5.7088750e-05      +7.0781062e-06      
6         -2.8960254e+02      +7.6374818e-10      +1.6762335e-04      +2.0782656e-05      
7         -2.8960254e+02      +6.1334049e-10      +1.3461268e-04      +1.6689853e-05      
8         -2.8960254e+02      +4.1131898e-10      +9.0274081e-05      +1.1192565e-05      
Time taken:                       51.0710769 s
===============================================
===============================================
              PySCF DHF interface              
===============================================

Timing report
....integral reading:       1.9004309 s

===============================================
            Relativistic CASCI(5,8)            
===============================================
Will now allocate 0.050 MB memory for the CASCI Hamiltonian!
Time taken for 1-RDM build:        0.0057223 s
Time taken for 1-RDM build:        0.0056863 s
Time taken for 1-RDM build:        0.0057180 s
Time taken for 1-RDM build:        0.0057058 s
Time taken for 1-RDM build:        0.0057156 s
Time taken for 1-RDM build:        0.0057025 s
Time taken for 1-RDM build:        0.0056994 s
Time taken for 1-RDM build:        0.0056851 s
Time taken for 1-RDM build:        0.0057087 s
Time taken for 1-RDM build:        0.0057056 s
Time taken for 1-RDM build:        0.0057178 s
Time taken for 1-RDM build:        0.0057356 s
Time taken for 1-RDM build:        0.0057366 s
Time taken for 1-RDM build:        0.0057311 s
Time taken for 2-RDM build:        0.0256038 s
Time taken for 2-RDM build:        0.0255504 s
Time taken for 2-RDM build:        0.0255311 s
Time taken for 2-RDM build:        0.0255463 s
Time taken for 2-RDM build:        0.0255048 s
Time taken for 2-RDM build:        0.0254769 s
Time taken for 2-RDM build:        0.0255218 s
Time taken for 2-RDM build:        0.0255480 s
Time taken for 2-RDM build:        0.0255075 s
Time taken for 2-RDM build:        0.0255306 s
Time taken for 2-RDM build:        0.0255878 s
Time taken for 2-RDM build:        0.0255585 s
Time taken for 2-RDM build:        0.0255287 s
Time taken for 2-RDM build:        0.0255220 s
Time taken for 3-RDM build:        0.1503546 s
Time taken for 3-RDM build:        0.1488194 s
Time taken for 3-RDM build:        0.1511054 s
Time taken for 3-RDM build:        0.1490867 s
Time taken for 3-RDM build:        0.1490469 s
Time taken for 3-RDM build:        0.1490877 s
Time taken for 3-RDM build:        0.1489761 s
Time taken for 3-RDM build:        0.1491747 s
Time taken for 3-RDM build:        0.1494374 s
Time taken for 3-RDM build:        0.1488967 s
Time taken for 3-RDM build:        0.1488783 s
Time taken for 3-RDM build:        0.1489189 s
Time taken for 3-RDM build:        0.1488256 s
Time taken for 3-RDM build:        0.1486604 s
E_frzc:                         -335.1272672 Eh
E_cas:                            -6.3636403 Eh
E_nuc:                             0.0000000 Eh
E_casci:                        -341.4410664 Eh
E0 (from RDM):                  -341.4410664 Eh
Ecorr:                            -0.2138107 Eh

Timing summary
... Hamil build:                    0.0206254 s
... Hamil diag:                     0.0004733 s
... RDM build:                      5.8327501 s
State     Energy / Eh         Splitting / Eh      Splitting / cm-1    Splitting / meV     
0         -3.4149091e+02      +0.0000000e+00      +0.0000000e+00      +0.0000000e+00      
1         -3.4149091e+02      +3.2849812e-10      +7.2097003e-05      +8.9388933e-06      
2         -3.4149091e+02      +3.2838443e-10      +7.2072051e-05      +8.9357998e-06      
3         -3.4149091e+02      +3.2798653e-10      +7.1984722e-05      +8.9249722e-06      
4         -3.4142117e+02      +6.9735531e-02      +1.5305180e+04      +1.8976014e+03      
5         -3.4142117e+02      +1.5667183e-09      +3.4385492e-04      +4.2632597e-05      
6         -3.4142117e+02      +1.3034196e-09      +2.8606753e-04      +3.5467871e-05      
7         -3.4142117e+02      +1.7383286e-09      +3.8151902e-04      +4.7302353e-05      
8         -3.4142110e+02      +6.9890622e-05      +1.5339218e+01      +1.9018216e+00      
9         -3.4142110e+02      +9.2740038e-10      +2.0354085e-04      +2.5235862e-05      
10        -3.4142110e+02      +9.6150643e-10      +2.1102627e-04      +2.6163935e-05      
11        -3.4142110e+02      +7.5050366e-10      +1.6471651e-04      +2.0422255e-05      
12        -3.4142110e+02      +9.6383701e-10      +2.1153777e-04      +2.6227353e-05      
13        -3.4142110e+02      +1.9558115e-09      +4.2925101e-04      +5.3220367e-05      
Total time taken:                   6.1724584 s
===============================================

===============================================
            Relativistic DSRG-MRPT2            
===============================================
-----------------------------------------------
        DSRG-MRPT2 reference relaxation        
-----------------------------------------------
Iter                          Energy              Delta E   
   -Eref  -341.4410664       
   -Ecorr -0.1762622       
<Psi^(0)|Hbar^(0)|Psi^(0)>    -341.6173286        -3.41617e+02
   -Erelax-0.0000000       
<Psi^(0)|Hbar^(1)|Psi^(0)>    -341.6173286        -6.60435e-09
   -Eref  -341.4410664       
   -Ecorr -0.1762622       
<Psi^(1)|Hbar^(1)|Psi^(1)>    -341.6173286        -1.75407e-09
   -Erelax-0.0000000       
<Psi^(1)|Hbar^(2)|Psi^(1)>    -341.6173286        -5.68434e-14
Unrelaxed DSRG-MRPT2 energy:              -341.6173286 Eh
Unrelaxed DSRG-MRPT2 E_corr:                -0.1762622 Eh
Partially relaxed DSRG-MRPT2 energy:      -341.6173286 Eh
Partially relaxed DSRG-MRPT2 E_corr:        -0.1762622 Eh
Relaxed DSRG-MRPT2 energy:                -341.6173286 Eh
Relaxed DSRG-MRPT2 E_corr:                  -0.1762622 Eh
Fully relaxed DSRG-MRPT2 energy:          -341.6173286 Eh
Fully relaxed DSRG-MRPT2 E_corr:            -0.1762622 Eh
State     Energy / Eh         Splitting / Eh      Splitting / cm-1    Splitting / meV     
0         -3.4166664e+02      +0.0000000e+00      +0.0000000e+00      +0.0000000e+00      
1         -3.4166664e+02      +2.7250735e-10      +5.9808450e-05      +7.4153062e-06      
2         -3.4166664e+02      +2.7227998e-10      +5.9758547e-05      +7.4091191e-06      
3         -3.4166664e+02      +2.7205260e-10      +5.9708644e-05      +7.4029319e-06      
4         -3.4159765e+02      +6.8989689e-02      +1.5141486e+04      +1.8773060e+03      
5         -3.4159765e+02      +1.5220962e-09      +3.3406151e-04      +4.1418368e-05      
6         -3.4159765e+02      +1.2750547e-09      +2.7984216e-04      +3.4696023e-05      
7         -3.4159765e+02      +1.6887043e-09      +3.7062775e-04      +4.5952006e-05      
8         -3.4159758e+02      +6.9668603e-05      +1.5290491e+01      +1.8957801e+00      
9         -3.4159758e+02      +8.8203933e-10      +1.9358526e-04      +2.4001524e-05      
10        -3.4159758e+02      +9.2848040e-10      +2.0377789e-04      +2.5265251e-05      
11        -3.4159758e+02      +7.2162720e-10      +1.5837886e-04      +1.9636486e-05      
12        -3.4159758e+02      +9.2217078e-10      +2.0239309e-04      +2.5093557e-05      
13        -3.4159758e+02      +1.8810624e-09      +4.1284548e-04      +5.1186340e-05      
Time taken:                       31.4071348 s
===============================================
===============================================
              PySCF DHF interface              
===============================================

Timing report
....integral reading:       1.9018586 s

===============================================
            Relativistic CASCI(6,8)            
===============================================
Will now allocate 0.013 MB memory for the CASCI Hamiltonian!
Time taken for 1-RDM build:        0.0021977 s
Time taken for 1-RDM build:        0.0021994 s
Time taken for 1-RDM build:        0.0022020 s
Time taken for 1-RDM build:        0.0021906 s
Time taken for 1-RDM build:        0.0021954 s
Time taken for 1-RDM build:        0.0021942 s
Time taken for 1-RDM build:        0.0021956 s
Time taken for 1-RDM build:        0.0021875 s
Time taken for 1-RDM build:        0.0022068 s
Time taken for 2-RDM build:        0.0086391 s
Time taken for 2-RDM build:        0.0086145 s
Time taken for 2-RDM build:        0.0085833 s
Time taken for 2-RDM build:        0.0086105 s
Time taken for 2-RDM build:        0.0085993 s
Time taken for 2-RDM build:        0.0085742 s
Time taken for 2-RDM build:        0.0085897 s
Time taken for 2-RDM build:        0.0085919 s
Time taken for 2-RDM build:        0.0085733 s
Time taken for 3-RDM build:        0.0682542 s
Time taken for 3-RDM build:        0.0665929 s
Time taken for 3-RDM build:        0.0665870 s
Time taken for 3-RDM build:        0.0666873 s
Time taken for 3-RDM build:        0.0665872 s
Time taken for 3-RDM build:        0.0666196 s
Time taken for 3-RDM build:        0.0665808 s
Time taken for 3-RDM build:        0.0665898 s
Time taken for 3-RDM build:        0.0664949 s
E_frzc:                         -388.5675376 Eh
E_cas:                            -9.9659359 Eh
E_nuc:                             0.0000000 Eh
E_casci:                        -398.5325748 Eh
E0 (from RDM):                  -398.5325748 Eh
Ecorr:                            -0.1603097 Eh

Timing summary
... Hamil build:                    0.0086288 s
... Hamil diag:                     0.0002477 s
... RDM build:                      3.9946220 s
State     Energy / Eh         Splitting / Eh      Splitting / cm-1    Splitting / meV     
0         -3.9853347e+02      +0.0000000e+00      +0.0000000e+00      +0.0000000e+00      
1         -3.9853347e+02      +5.6296585e-09      +1.2355672e-03      +1.5319088e-04      
2         -3.9853347e+02      +5.9783360e-09      +1.3120931e-03      +1.6267889e-04      
3         -3.9853347e+02      +5.6479053e-09      +1.2395719e-03      +1.5368740e-04      
4         -3.9853347e+02      +5.6580234e-09      +1.2417926e-03      +1.5396273e-04      
5         -3.9853166e+02      +1.8163270e-03      +3.9863770e+02      +4.9424800e+01      
6         -3.9853166e+02      +3.5533390e-09      +7.7986775e-04      +9.6691324e-05      
7         -3.9853166e+02      +3.5755079e-09      +7.8473327e-04      +9.7294572e-05      
8         -3.9853083e+02      +8.2294816e-04      +1.8061624e+02      +2.2393571e+01      
Total time taken:                   4.3217115 s
===============================================

===============================================
            Relativistic DSRG-MRPT2            
===============================================
-----------------------------------------------
        DSRG-MRPT2 reference relaxation        
-----------------------------------------------
Iter                          Energy              Delta E   
   -Eref  -398.5325748       
   -Ecorr -0.1853180       
<Psi^(0)|Hbar^(0)|Psi^(0)>    -398.7178928        -3.98718e+02
   -Erelax-0.0000000       
<Psi^(0)|Hbar^(1)|Psi^(0)>    -398.7178928        -1.62035e-08
   -Eref  -398.5325748       
   -Ecorr -0.1853180       
<Psi^(1)|Hbar^(1)|Psi^(1)>    -398.7178928        -6.66796e-09
   -Erelax-0.0000000       
<Psi^(1)|Hbar^(2)|Psi^(1)>    -398.7178928        0.00000e+00
   -Eref  -398.5325748       
   -Ecorr -0.1853180       
<Psi^(2)|Hbar^(2)|Psi^(2)>    -398.7178928        -4.26326e-12
   -Erelax-0.0000000       
<Psi^(2)|Hbar^(3)|Psi^(2)>    -398.7178928        0.00000e+00
Unrelaxed DSRG-MRPT2 energy:              -398.7178928 Eh
Unrelaxed DSRG-MRPT2 E_corr:                -0.1853180 Eh
Partially relaxed DSRG-MRPT2 energy:      -398.7178928 Eh
Partially relaxed DSRG-MRPT2 E_corr:        -0.1853180 Eh
Relaxed DSRG-MRPT2 energy:                -398.7178928 Eh
Relaxed DSRG-MRPT2 E_corr:                  -0.1853180 Eh
Fully relaxed DSRG-MRPT2 energy:          -398.7178928 Eh
Fully relaxed DSRG-MRPT2 E_corr:            -0.1853180 Eh
State     Energy / Eh         Splitting / Eh      Splitting / cm-1    Splitting / meV     
0         -3.9871881e+02      +0.0000000e+00      +0.0000000e+00      +0.0000000e+00      
1         -3.9871881e+02      +5.4018301e-09      +1.1855647e-03      +1.4699135e-04      
2         -3.9871881e+02      +5.7331135e-09      +1.2582730e-03      +1.5600604e-04      
3         -3.9871881e+02      +5.4410521e-09      +1.1941729e-03      +1.4805864e-04      
4         -3.9871881e+02      +5.4121188e-09      +1.1878228e-03      +1.4727132e-04      
5         -3.9871696e+02      +1.8450893e-03      +4.0495028e+02      +5.0207460e+01      
6         -3.9871696e+02      +3.3775223e-09      +7.4128045e-04      +9.1907106e-05      
7         -3.9871696e+02      +3.4028176e-09      +7.4683213e-04      +9.2595427e-05      
8         -3.9871613e+02      +8.3438241e-04      +1.8312577e+02      +2.2704713e+01      
Time taken:                       49.3177083 s
===============================================
===============================================
              PySCF DHF interface              
===============================================

Timing report
....integral reading:       1.8953099 s

===============================================
            Relativistic CASCI(7,8)            
===============================================
Will now allocate 0.001 MB memory for the CASCI Hamiltonian!
Time taken for 1-RDM build:        0.0003788 s
Time taken for 1-RDM build:        0.0003629 s
Time taken for 1-RDM build:        0.0003655 s
Time taken for 1-RDM build:        0.0003624 s
Time taken for 1-RDM build:        0.0003633 s
Time taken for 1-RDM build:        0.0003631 s
Time taken for 2-RDM build:        0.0010407 s
Time taken for 2-RDM build:        0.0010064 s
Time taken for 2-RDM build:        0.0010095 s
Time taken for 2-RDM build:        0.0010033 s
Time taken for 2-RDM build:        0.0009975 s
Time taken for 2-RDM build:        0.0010040 s
Time taken for 3-RDM build:        0.0133970 s
Time taken for 3-RDM build:        0.0123661 s
Time taken for 3-RDM build:        0.0124846 s
Time taken for 3-RDM build:        0.0123830 s
Time taken for 3-RDM build:        0.0123959 s
Time taken for 3-RDM build:        0.0123756 s
E_frzc:                         -446.0682972 Eh
E_cas:                           -14.7582517 Eh
E_nuc:                             0.0000000 Eh
E_casci:                        -460.8252020 Eh
E0 (from RDM):                  -460.8252020 Eh
Ecorr:                             0.0013470 Eh

Timing summary
... Hamil build:                    0.0017469 s
... Hamil diag:                     0.0000877 s
... RDM build:                      3.3745306 s
State     Energy / Eh         Splitting / Eh      Splitting / cm-1    Splitting / meV     
0         -4.6082655e+02      +0.0000000e+00      +0.0000000e+00      +0.0000000e+00      
1         -4.6082655e+02      +1.2022326e-08      +2.6385956e-03      +3.2714432e-04      
2         -4.6082655e+02      +5.7600573e-09      +1.2641864e-03      +1.5673922e-04      
3         -4.6082655e+02      +1.1622035e-08      +2.5507418e-03      +3.1625183e-04      
4         -4.6082251e+02      +4.0408198e-03      +8.8685742e+02      +1.0995636e+02      
5         -4.6082251e+02      +2.0031848e-08      +4.3964825e-03      +5.4509461e-04      
Total time taken:                   3.6968968 s
===============================================

===============================================
            Relativistic DSRG-MRPT2            
===============================================
-----------------------------------------------
        DSRG-MRPT2 reference relaxation        
-----------------------------------------------
Iter                          Energy              Delta E   
   -Eref  -460.8252020       
   -Ecorr -0.2007117       
<Psi^(0)|Hbar^(0)|Psi^(0)>    -461.0259136        -4.61026e+02
   -Erelax-0.0000000       
<Psi^(0)|Hbar^(1)|Psi^(0)>    -461.0259136        0.00000e+00
   -Eref  -460.8252020       
   -Ecorr -0.2007117       
<Psi^(1)|Hbar^(1)|Psi^(1)>    -461.0259136        -1.13687e-13
   -Erelax0.0000000       
<Psi^(1)|Hbar^(2)|Psi^(1)>    -461.0259136        0.00000e+00
Unrelaxed DSRG-MRPT2 energy:              -461.0259136 Eh
Unrelaxed DSRG-MRPT2 E_corr:                -0.2007117 Eh
Partially relaxed DSRG-MRPT2 energy:      -461.0259136 Eh
Partially relaxed DSRG-MRPT2 E_corr:        -0.2007117 Eh
Relaxed DSRG-MRPT2 energy:                -461.0259136 Eh
Relaxed DSRG-MRPT2 E_corr:                  -0.2007117 Eh
Fully relaxed DSRG-MRPT2 energy:          -461.0259136 Eh
Fully relaxed DSRG-MRPT2 E_corr:            -0.2007117 Eh
State     Energy / Eh         Splitting / Eh      Splitting / cm-1    Splitting / meV     
0         -4.6102728e+02      +0.0000000e+00      +0.0000000e+00      +0.0000000e+00      
1         -4.6102728e+02      +1.1391194e-08      +2.5000780e-03      +3.0997032e-04      
2         -4.6102728e+02      +5.6412546e-09      +1.2381123e-03      +1.5350643e-04      
3         -4.6102728e+02      +1.1101861e-08      +2.4365768e-03      +3.0209716e-04      
4         -4.6102317e+02      +4.1095812e-03      +9.0194881e+02      +1.1182745e+02      
5         -4.6102317e+02      +1.9224501e-08      +4.2192903e-03      +5.2312557e-04      
Time taken:                       29.0259466 s
===============================================
===============================================
              PySCF DHF interface              
===============================================

Timing report
....integral reading:      23.8321798 s

===============================================
            Relativistic CASCI(3,8)            
===============================================
Will now allocate 0.050 MB memory for the CASCI Hamiltonian!
Time taken for 1-RDM build:        0.0056493 s
Time taken for 1-RDM build:        0.0056581 s
Time taken for 1-RDM build:        0.0056405 s
Time taken for 1-RDM build:        0.0056520 s
Time taken for 1-RDM build:        0.0056407 s
Time taken for 1-RDM build:        0.0056808 s
Time taken for 2-RDM build:        0.0233188 s
Time taken for 2-RDM build:        0.0231757 s
Time taken for 2-RDM build:        0.0232351 s
Time taken for 2-RDM build:        0.0231912 s
Time taken for 2-RDM build:        0.0231941 s
Time taken for 2-RDM build:        0.0232213 s
Time taken for 3-RDM build:        0.0655472 s
Time taken for 3-RDM build:        0.0646698 s
Time taken for 3-RDM build:        0.0658221 s
Time taken for 3-RDM build:        0.0646980 s
Time taken for 3-RDM build:        0.0646000 s
Time taken for 3-RDM build:        0.0646636 s
E_frzc:                        -1939.7138290 Eh
E_cas:                            -2.0100161 Eh
E_nuc:                             0.0000000 Eh
E_casci:                       -1941.7217616 Eh
E0 (from RDM):                 -1941.7217616 Eh
Ecorr:                            -0.1944870 Eh

Timing summary
... Hamil build:                    0.0166342 s
... Hamil diag:                     0.0005326 s
... RDM build:                     47.1563237 s
State     Energy / Eh         Splitting / Eh      Splitting / cm-1    Splitting / meV     
0         -1.9417238e+03      +0.0000000e+00      +0.0000000e+00      +0.0000000e+00      
1         -1.9417238e+03      +1.0702479e-09      +2.3489226e-04      +2.9122942e-05      
2         -1.9417207e+03      +3.1252750e-03      +6.8591858e+02      +8.5043106e+01      
3         -1.9417207e+03      +1.1004886e-09      +2.4152933e-04      +2.9945834e-05      
4         -1.9417207e+03      +9.5178621e-10      +2.0889293e-04      +2.5899434e-05      
5         -1.9417207e+03      +6.4619599e-10      +1.4182362e-04      +1.7583897e-05      
Total time taken:                  50.8226821 s
===============================================

===============================================
            Relativistic DSRG-MRPT2            
===============================================
-----------------------------------------------
        DSRG-MRPT2 reference relaxation        
-----------------------------------------------
Iter                          Energy              Delta E   
   -Eref  -1941.7217616       
   -Ecorr -0.8062324       
<Psi^(0)|Hbar^(0)|Psi^(0)>    -1942.5279941       -1.94253e+03
   -Erelax-0.0000052       
<Psi^(0)|Hbar^(1)|Psi^(0)>    -1942.5279993       -5.22947e-06
   -Eref  -1941.7217564       
   -Ecorr -0.8062426       
<Psi^(1)|Hbar^(1)|Psi^(1)>    -1942.5279990       2.95779e-07
   -Erelax-0.0000000       
<Psi^(1)|Hbar^(2)|Psi^(1)>    -1942.5279990       0.00000e+00
   -Eref  -1941.7217564       
   -Ecorr -0.8062426       
<Psi^(2)|Hbar^(2)|Psi^(2)>    -1942.5279990       3.09228e-11
   -Erelax-0.0000000       
<Psi^(2)|Hbar^(3)|Psi^(2)>    -1942.5279990       0.00000e+00
Unrelaxed DSRG-MRPT2 energy:             -1942.5279941 Eh
Unrelaxed DSRG-MRPT2 E_corr:                -0.8062324 Eh
Partially relaxed DSRG-MRPT2 energy:     -1942.5279993 Eh
Partially relaxed DSRG-MRPT2 E_corr:        -0.8062377 Eh
Relaxed DSRG-MRPT2 energy:               -1942.5279990 Eh
Relaxed DSRG-MRPT2 E_corr:                  -0.8062426 Eh
Fully relaxed DSRG-MRPT2 energy:         -1942.5279990 Eh
Fully relaxed DSRG-MRPT2 E_corr:            -0.8062426 Eh
State     Energy / Eh         Splitting / Eh      Splitting / cm-1    Splitting / meV     
0         -1.9425301e+03      +0.0000000e+00      +0.0000000e+00      +0.0000000e+00      
1         -1.9425301e+03      +1.0345502e-09      +2.2705753e-04      +2.8151559e-05      
2         -1.9425269e+03      +3.2043293e-03      +7.0326899e+02      +8.7194284e+01      
3         -1.9425269e+03      +1.0600161e-09      +2.3264664e-04      +2.8844520e-05      
4         -1.9425269e+03      +9.1472430e-10      +2.0075878e-04      +2.4890928e-05      
5         -1.9425269e+03      +6.2641448e-10      +1.3748209e-04      +1.7045614e-05      
Time taken:                      653.6915960 s
===============================================
===============================================
              PySCF DHF interface              
===============================================

Timing report
....integral reading:      23.8359780 s

===============================================
            Relativistic CASCI(4,8)            
===============================================
Will now allocate 0.078 MB memory for the CASCI Hamiltonian!
Time taken for 1-RDM build:        0.0099151 s
Time taken for 1-RDM build:        0.0095971 s
Time taken for 1-RDM build:        0.0096331 s
Time taken for 1-RDM build:        0.0095885 s
Time taken for 1-RDM build:        0.0095599 s
Time taken for 1-RDM build:        0.0095947 s
Time taken for 1-RDM build:        0.0095780 s
Time taken for 1-RDM build:        0.0096111 s
Time taken for 1-RDM build:        0.0096042 s
Time taken for 2-RDM build:        0.0350027 s
Time taken for 2-RDM build:        0.0348258 s
Time taken for 2-RDM build:        0.0348256 s
Time taken for 2-RDM build:        0.0348716 s
Time taken for 2-RDM build:        0.0348465 s
Time taken for 2-RDM build:        0.0348353 s
Time taken for 2-RDM build:        0.0348639 s
Time taken for 2-RDM build:        0.0348399 s
Time taken for 2-RDM build:        0.0347972 s
Time taken for 3-RDM build:        0.1538925 s
Time taken for 3-RDM build:        0.1517768 s
Time taken for 3-RDM build:        0.1518250 s
Time taken for 3-RDM build:        0.1516640 s
Time taken for 3-RDM build:        0.1516650 s
Time taken for 3-RDM build:        0.1519094 s
Time taken for 3-RDM build:        0.1517251 s
Time taken for 3-RDM build:        0.1518614 s
Time taken for 3-RDM build:        0.1521797 s
E_frzc:                        -2092.8592106 Eh
E_cas:                            -3.6862998 Eh
E_nuc:                             0.0000000 Eh
E_casci:                       -2096.5413860 Eh
E0 (from RDM):                 -2096.5413860 Eh
Ecorr:                            -0.2153364 Eh

Timing summary
... Hamil build:                    0.0260916 s
... Hamil diag:                     0.0010800 s
... RDM build:                     48.4233167 s
State     Energy / Eh         Splitting / Eh      Splitting / cm-1    Splitting / meV     
0         -2.0965455e+03      +0.0000000e+00      +0.0000000e+00      +0.0000000e+00      
1         -2.0965432e+03      +2.3344184e-03      +5.1234561e+02      +6.3522789e+01      
2         -2.0965432e+03      +6.4164851e-10      +1.4082557e-04      +1.7460154e-05      
3         -2.0965432e+03      +5.3205440e-10      +1.1677244e-04      +1.4477945e-05      
4         -2.0965395e+03      +3.6890520e-03      +8.0965333e+02      +1.0038427e+02      
5         -2.0965395e+03      +9.3723429e-10      +2.0569915e-04      +2.5503456e-05      
6         -2.0965395e+03      +1.0586518e-09      +2.3234722e-04      +2.8807397e-05      
7         -2.0965395e+03      +1.1709744e-09      +2.5699918e-04      +3.1863852e-05      
8         -2.0965395e+03      +1.0372787e-09      +2.2765636e-04      +2.8225805e-05      
Total time taken:                  52.1123691 s
===============================================

===============================================
            Relativistic DSRG-MRPT2            
===============================================
-----------------------------------------------
        DSRG-MRPT2 reference relaxation        
-----------------------------------------------
Iter                          Energy              Delta E   
   -Eref  -2096.5413860       
   -Ecorr -0.8195269       
<Psi^(0)|Hbar^(0)|Psi^(0)>    -2097.3609129       -2.09736e+03
   -Erelax-0.0000037       
<Psi^(0)|Hbar^(1)|Psi^(0)>    -2097.3609165       -3.66342e-06
   -Eref  -2096.5413823       
   -Ecorr -0.8195345       
<Psi^(1)|Hbar^(1)|Psi^(1)>    -2097.3609168       -2.24175e-07
   -Erelax-0.0000000       
<Psi^(1)|Hbar^(2)|Psi^(1)>    -2097.3609168       -4.54747e-13
   -Eref  -2096.5413823       
   -Ecorr -0.8195345       
<Psi^(2)|Hbar^(2)|Psi^(2)>    -2097.3609168       -1.81899e-11
   -Erelax0.0000000       
<Psi^(2)|Hbar^(3)|Psi^(2)>    -2097.3609168       0.00000e+00
Unrelaxed DSRG-MRPT2 energy:             -2097.3609129 Eh
Unrelaxed DSRG-MRPT2 E_corr:                -0.8195269 Eh
Partially relaxed DSRG-MRPT2 energy:     -2097.3609165 Eh
Partially relaxed DSRG-MRPT2 E_corr:        -0.8195306 Eh
Relaxed DSRG-MRPT2 energy:               -2097.3609168 Eh
Relaxed DSRG-MRPT2 E_corr:                  -0.8195345 Eh
Fully relaxed DSRG-MRPT2 energy:         -2097.3609168 Eh
Fully relaxed DSRG-MRPT2 E_corr:            -0.8195345 Eh
State     Energy / Eh         Splitting / Eh      Splitting / cm-1    Splitting / meV     
0         -2.0973651e+03      +0.0000000e+00      +0.0000000e+00      +0.0000000e+00      
1         -2.0973627e+03      +2.3826290e-03      +5.2292662e+02      +6.4834669e+01      
2         -2.0973627e+03      +6.2664185e-10      +1.3753199e-04      +1.7051801e-05      
3         -2.0973627e+03      +5.2932592e-10      +1.1617361e-04      +1.4403699e-05      
4         -2.0973590e+03      +3.7499634e-03      +8.2302183e+02      +1.0204175e+02      
5         -2.0973590e+03      +8.9949026e-10      +1.9741529e-04      +2.4476388e-05      
6         -2.0973590e+03      +1.0195436e-09      +2.2376395e-04      +2.7743207e-05      
7         -2.0973590e+03      +1.1182237e-09      +2.4542174e-04      +3.0428432e-05      
8         -2.0973590e+03      +9.8680175e-10      +2.1657795e-04      +2.6852256e-05      
Time taken:                      653.7914205 s
===============================================
===============================================
              PySCF DHF interface              
===============================================

Timing report
....integral reading:      23.5013933 s

===============================================
            Relativistic CASCI(5,8)            
===============================================
Will now allocate 0.050 MB memory for the CASCI Hamiltonian!
Time taken for 1-RDM build:        0.0057054 s
Time taken for 1-RDM build:        0.0057163 s
Time taken for 1-RDM build:        0.0056961 s
Time taken for 1-RDM build:        0.0056984 s
Time taken for 1-RDM build:        0.0056794 s
Time taken for 1-RDM build:        0.0056772 s
Time taken for 1-RDM build:        0.0056880 s
Time taken for 1-RDM build:        0.0056858 s
Time taken for 1-RDM build:        0.0056801 s
Time taken for 1-RDM build:        0.0056849 s
Time taken for 1-RDM build:        0.0056703 s
Time taken for 1-RDM build:        0.0056884 s
Time taken for 1-RDM build:        0.0056934 s
Time taken for 1-RDM build:        0.0056703 s
Time taken for 2-RDM build:        0.0256076 s
Time taken for 2-RDM build:        0.0256102 s
Time taken for 2-RDM build:        0.0256069 s
Time taken for 2-RDM build:        0.0256119 s
Time taken for 2-RDM build:        0.0255015 s
Time taken for 2-RDM build:        0.0256288 s
Time taken for 2-RDM build:        0.0255575 s
Time taken for 2-RDM build:        0.0256593 s
Time taken for 2-RDM build:        0.0254815 s
Time taken for 2-RDM build:        0.0256152 s
Time taken for 2-RDM build:        0.0255167 s
Time taken for 2-RDM build:        0.0255837 s
Time taken for 2-RDM build:        0.0255461 s
Time taken for 2-RDM build:        0.0256128 s
Time taken for 3-RDM build:        0.1503508 s
Time taken for 3-RDM build:        0.1491671 s
Time taken for 3-RDM build:        0.1490490 s
Time taken for 3-RDM build:        0.1493535 s
Time taken for 3-RDM build:        0.1490808 s
Time taken for 3-RDM build:        0.1492562 s
Time taken for 3-RDM build:        0.1491024 s
Time taken for 3-RDM build:        0.1490395 s
Time taken for 3-RDM build:        0.1489508 s
Time taken for 3-RDM build:        0.1492059 s
Time taken for 3-RDM build:        0.1488509 s
Time taken for 3-RDM build:        0.1492016 s
Time taken for 3-RDM build:        0.1489930 s
Time taken for 3-RDM build:        0.1495554 s
E_frzc:                        -2252.3726240 Eh
E_cas:                            -6.0718308 Eh
E_nuc:                             0.0000000 Eh
E_casci:                       -2258.3972569 Eh
E0 (from RDM):                 -2258.3972569 Eh
Ecorr:                            -0.0178409 Eh

Timing summary
... Hamil build:                    0.0208158 s
... Hamil diag:                     0.0005221 s
... RDM build:                     48.9471440 s
State     Energy / Eh         Splitting / Eh      Splitting / cm-1    Splitting / meV     
0         -2.2584445e+03      +0.0000000e+00      +0.0000000e+00      +0.0000000e+00      
1         -2.2584445e+03      +5.2432370e-10      +1.1507575e-04      +1.4267581e-05      
2         -2.2584445e+03      +5.2705218e-10      +1.1567458e-04      +1.4341827e-05      
3         -2.2584445e+03      +5.1386451e-10      +1.1278022e-04      +1.3982972e-05      
4         -2.2583793e+03      +6.5107933e-02      +1.4289540e+04      +1.7716780e+03      
5         -2.2583793e+03      +9.2859409e-10      +2.0380284e-04      +2.5268344e-05      
6         -2.2583793e+03      +1.1159500e-09      +2.4492271e-04      +3.0366561e-05      
7         -2.2583793e+03      +5.1250026e-10      +1.1248081e-04      +1.3945849e-05      
8         -2.2583777e+03      +1.6153755e-03      +3.5453394e+02      +4.3956628e+01      
9         -2.2583777e+03      +7.5033313e-10      +1.6467909e-04      +2.0417614e-05      
10        -2.2583777e+03      +4.8839865e-10      +1.0719111e-04      +1.3290011e-05      
11        -2.2583777e+03      +1.4611032e-09      +3.2067509e-04      +3.9758663e-05      
12        -2.2583777e+03      +1.6329977e-09      +3.5840157e-04      +4.4436153e-05      
13        -2.2583777e+03      +6.3982952e-10      +1.4042635e-04      +1.7410656e-05      
Total time taken:                  52.6196427 s
===============================================

===============================================
            Relativistic DSRG-MRPT2            
===============================================
-----------------------------------------------
        DSRG-MRPT2 reference relaxation        
-----------------------------------------------
Iter                          Energy              Delta E   
   -Eref  -2258.3972569       
   -Ecorr -0.8300364       
<Psi^(0)|Hbar^(0)|Psi^(0)>    -2259.2272933       -2.25923e+03
   -Erelax-0.0000002       
<Psi^(0)|Hbar^(1)|Psi^(0)>    -2259.2272935       -1.93851e-07
   -Eref  -2258.3972567       
   -Ecorr -0.8300369       
<Psi^(1)|Hbar^(1)|Psi^(1)>    -2259.2272935       -3.68927e-08
   -Erelax-0.0000000       
<Psi^(1)|Hbar^(2)|Psi^(1)>    -2259.2272935       -4.54747e-13
   -Eref  -2258.3972567       
   -Ecorr -0.8300369       
<Psi^(2)|Hbar^(2)|Psi^(2)>    -2259.2272935       -5.04770e-11
   -Erelax-0.0000000       
<Psi^(2)|Hbar^(3)|Psi^(2)>    -2259.2272935       0.00000e+00
Unrelaxed DSRG-MRPT2 energy:             -2259.2272933 Eh
Unrelaxed DSRG-MRPT2 E_corr:                -0.8300364 Eh
Partially relaxed DSRG-MRPT2 energy:     -2259.2272935 Eh
Partially relaxed DSRG-MRPT2 E_corr:        -0.8300366 Eh
Relaxed DSRG-MRPT2 energy:               -2259.2272935 Eh
Relaxed DSRG-MRPT2 E_corr:                  -0.8300369 Eh
Fully relaxed DSRG-MRPT2 energy:         -2259.2272935 Eh
Fully relaxed DSRG-MRPT2 E_corr:            -0.8300369 Eh
State     Energy / Eh         Splitting / Eh      Splitting / cm-1    Splitting / meV     
0         -2.2592740e+03      +0.0000000e+00      +0.0000000e+00      +0.0000000e+00      
1         -2.2592740e+03      +4.6657078e-10      +1.0240045e-04      +1.2696044e-05      
2         -2.2592740e+03      +4.7339199e-10      +1.0389753e-04      +1.2881658e-05      
3         -2.2592740e+03      +4.5747583e-10      +1.0040434e-04      +1.2448557e-05      
4         -2.2592096e+03      +6.4420621e-02      +1.4138692e+04      +1.7529752e+03      
5         -2.2592096e+03      +8.8175511e-10      +1.9352288e-04      +2.3993790e-05      
6         -2.2592096e+03      +1.0459189e-09      +2.2955267e-04      +2.8460917e-05      
7         -2.2592096e+03      +4.9885784e-10      +1.0948664e-04      +1.3574620e-05      
8         -2.2592079e+03      +1.6508671e-03      +3.6232345e+02      +4.4922404e+01      
9         -2.2592079e+03      +7.2577677e-10      +1.5928959e-04      +1.9749401e-05      
10        -2.2592079e+03      +4.6338755e-10      +1.0170181e-04      +1.2609424e-05      
11        -2.2592079e+03      +1.3824319e-09      +3.0340874e-04      +3.7617907e-05      
12        -2.2592079e+03      +1.5779733e-09      +3.4632511e-04      +4.2938861e-05      
13        -2.2592079e+03      +6.2300387e-10      +1.3673354e-04      +1.6952807e-05      
Time taken:                      656.1743236 s
===============================================
===============================================
              PySCF DHF interface              
===============================================

Timing report
....integral reading:      23.4987977 s

===============================================
            Relativistic CASCI(6,8)            
===============================================
Will now allocate 0.013 MB memory for the CASCI Hamiltonian!
Time taken for 1-RDM build:        0.0022454 s
Time taken for 1-RDM build:        0.0021970 s
Time taken for 1-RDM build:        0.0022099 s
Time taken for 1-RDM build:        0.0021927 s
Time taken for 1-RDM build:        0.0022049 s
Time taken for 1-RDM build:        0.0022111 s
Time taken for 1-RDM build:        0.0021882 s
Time taken for 1-RDM build:        0.0021939 s
Time taken for 1-RDM build:        0.0022025 s
Time taken for 2-RDM build:        0.0086014 s
Time taken for 2-RDM build:        0.0086026 s
Time taken for 2-RDM build:        0.0085938 s
Time taken for 2-RDM build:        0.0085759 s
Time taken for 2-RDM build:        0.0085573 s
Time taken for 2-RDM build:        0.0085838 s
Time taken for 2-RDM build:        0.0085809 s
Time taken for 2-RDM build:        0.0085974 s
Time taken for 2-RDM build:        0.0085709 s
Time taken for 3-RDM build:        0.0680535 s
Time taken for 3-RDM build:        0.0664463 s
Time taken for 3-RDM build:        0.0663192 s
Time taken for 3-RDM build:        0.0663197 s
Time taken for 3-RDM build:        0.0662107 s
Time taken for 3-RDM build:        0.0662110 s
Time taken for 3-RDM build:        0.0665884 s
Time taken for 3-RDM build:        0.0665760 s
Time taken for 3-RDM build:        0.0665202 s
E_frzc:                        -2418.2608262 Eh
E_cas:                            -9.1774708 Eh
E_nuc:                             0.0000000 Eh
E_casci:                       -2427.4340589 Eh
E0 (from RDM):                 -2427.4340589 Eh
Ecorr:                            -0.1372548 Eh

Timing summary
... Hamil build:                    0.0088243 s
... Hamil diag:                     0.0002687 s
... RDM build:                     47.1530294 s
State     Energy / Eh         Splitting / Eh      Splitting / cm-1    Splitting / meV     
0         -2.4274383e+03      +0.0000000e+00      +0.0000000e+00      +0.0000000e+00      
1         -2.4274383e+03      +1.9413164e-09      +4.2606971e-04      +5.2825936e-05      
2         -2.4274383e+03      +8.9721652e-10      +1.9691626e-04      +2.4414517e-05      
3         -2.4274383e+03      +1.1737029e-09      +2.5759801e-04      +3.1938098e-05      
4         -2.4274383e+03      +1.8349056e-09      +4.0271522e-04      +4.9930347e-05      
5         -2.4274294e+03      +8.8831576e-03      +1.9496277e+03      +2.4172315e+02      
6         -2.4274294e+03      +4.1914063e-09      +9.1990735e-04      +1.1405403e-04      
7         -2.4274294e+03      +4.1027306e-09      +9.0044528e-04      +1.1164104e-04      
8         -2.4274268e+03      +2.6102260e-03      +5.7287839e+02      +7.1027902e+01      
Total time taken:                  50.8186097 s
===============================================

===============================================
            Relativistic DSRG-MRPT2            
===============================================
-----------------------------------------------
        DSRG-MRPT2 reference relaxation        
-----------------------------------------------
Iter                          Energy              Delta E   
   -Eref  -2427.4340589       
   -Ecorr -0.8381937       
<Psi^(0)|Hbar^(0)|Psi^(0)>    -2428.2722526       -2.42827e+03
   -Erelax-0.0000003       
<Psi^(0)|Hbar^(1)|Psi^(0)>    -2428.2722529       -3.44149e-07
   -Eref  -2427.4340585       
   -Ecorr -0.8381945       
<Psi^(1)|Hbar^(1)|Psi^(1)>    -2428.2722530       -1.04820e-07
   -Erelax-0.0000000       
<Psi^(1)|Hbar^(2)|Psi^(1)>    -2428.2722530       0.00000e+00
   -Eref  -2427.4340585       
   -Ecorr -0.8381945       
<Psi^(2)|Hbar^(2)|Psi^(2)>    -2428.2722530       -6.45741e-11
   -Erelax0.0000000       
<Psi^(2)|Hbar^(3)|Psi^(2)>    -2428.2722530       0.00000e+00
Unrelaxed DSRG-MRPT2 energy:             -2428.2722526 Eh
Unrelaxed DSRG-MRPT2 E_corr:                -0.8381937 Eh
Partially relaxed DSRG-MRPT2 energy:     -2428.2722529 Eh
Partially relaxed DSRG-MRPT2 E_corr:        -0.8381941 Eh
Relaxed DSRG-MRPT2 energy:               -2428.2722530 Eh
Relaxed DSRG-MRPT2 E_corr:                  -0.8381945 Eh
Fully relaxed DSRG-MRPT2 energy:         -2428.2722530 Eh
Fully relaxed DSRG-MRPT2 E_corr:            -0.8381945 Eh
State     Energy / Eh         Splitting / Eh      Splitting / cm-1    Splitting / meV     
0         -2.4282766e+03      +0.0000000e+00      +0.0000000e+00      +0.0000000e+00      
1         -2.4282766e+03      +1.8412720e-09      +4.0411250e-04      +5.0103588e-05      
2         -2.4282766e+03      +9.0494723e-10      +1.9861296e-04      +2.4624880e-05      
3         -2.4282766e+03      +1.1514203e-09      +2.5270754e-04      +3.1331757e-05      
4         -2.4282766e+03      +1.7462298e-09      +3.8325315e-04      +4.7517357e-05      
5         -2.4282675e+03      +9.0617059e-03      +1.9888145e+03      +2.4658169e+02      
6         -2.4282675e+03      +4.0813575e-09      +8.9575442e-04      +1.1105945e-04      
7         -2.4282675e+03      +4.0049599e-09      +8.7898710e-04      +1.0898056e-04      
8         -2.4282649e+03      +2.6235979e-03      +5.7581317e+02      +7.1391768e+01      
Time taken:                      653.7170508 s
===============================================
===============================================
              PySCF DHF interface              
===============================================

Timing report
....integral reading:      23.4725282 s

===============================================
            Relativistic CASCI(7,8)            
===============================================
Will now allocate 0.001 MB memory for the CASCI Hamiltonian!
Time taken for 1-RDM build:        0.0003767 s
Time taken for 1-RDM build:        0.0003681 s
Time taken for 1-RDM build:        0.0003638 s
Time taken for 1-RDM build:        0.0003655 s
Time taken for 1-RDM build:        0.0003648 s
Time taken for 1-RDM build:        0.0003636 s
Time taken for 2-RDM build:        0.0010507 s
Time taken for 2-RDM build:        0.0010133 s
Time taken for 2-RDM build:        0.0010130 s
Time taken for 2-RDM build:        0.0010040 s
Time taken for 2-RDM build:        0.0009985 s
Time taken for 2-RDM build:        0.0010047 s
Time taken for 3-RDM build:        0.0136149 s
Time taken for 3-RDM build:        0.0123610 s
Time taken for 3-RDM build:        0.0123262 s
Time taken for 3-RDM build:        0.0123453 s
Time taken for 3-RDM build:        0.0122960 s
Time taken for 3-RDM build:        0.0123334 s
E_frzc:                        -2590.5378304 Eh
E_cas:                           -13.1880855 Eh
E_nuc:                             0.0000000 Eh
E_casci:                       -2603.7203212 Eh
E0 (from RDM):                 -2603.7203212 Eh
Ecorr:                            -0.0318830 Eh

Timing summary
... Hamil build:                    0.0019734 s
... Hamil diag:                     0.0000916 s
... RDM build:                     46.4887624 s
State     Energy / Eh         Splitting / Eh      Splitting / cm-1    Splitting / meV     
0         -2.6037259e+03      +0.0000000e+00      +0.0000000e+00      +0.0000000e+00      
1         -2.6037259e+03      +9.2413757e-09      +2.0282475e-03      +2.5147076e-04      
2         -2.6037259e+03      +1.8784249e-08      +4.1226661e-03      +5.1114569e-04      
3         -2.6037259e+03      +9.8884811e-09      +2.1702707e-03      +2.6907941e-04      
4         -2.6037091e+03      +1.6783801e-02      +3.6836186e+03      +4.5671072e+02      
5         -2.6037091e+03      +7.4087438e-09      +1.6260313e-03      +2.0160228e-04      
Total time taken:                  50.1627393 s
===============================================

===============================================
            Relativistic DSRG-MRPT2            
===============================================
-----------------------------------------------
        DSRG-MRPT2 reference relaxation        
-----------------------------------------------
Iter                          Energy              Delta E   
   -Eref  -2603.7203212       
   -Ecorr -0.8483650       
<Psi^(0)|Hbar^(0)|Psi^(0)>    -2604.5686862       -2.60457e+03
   -Erelax-0.0000000       
<Psi^(0)|Hbar^(1)|Psi^(0)>    -2604.5686862       0.00000e+00
   -Eref  -2603.7203212       
   -Ecorr -0.8483650       
<Psi^(1)|Hbar^(1)|Psi^(1)>    -2604.5686862       0.00000e+00
   -Erelax0.0000000       
<Psi^(1)|Hbar^(2)|Psi^(1)>    -2604.5686862       0.00000e+00
Unrelaxed DSRG-MRPT2 energy:             -2604.5686862 Eh
Unrelaxed DSRG-MRPT2 E_corr:                -0.8483650 Eh
Partially relaxed DSRG-MRPT2 energy:     -2604.5686862 Eh
Partially relaxed DSRG-MRPT2 E_corr:        -0.8483650 Eh
Relaxed DSRG-MRPT2 energy:               -2604.5686862 Eh
Relaxed DSRG-MRPT2 E_corr:                  -0.8483650 Eh
Fully relaxed DSRG-MRPT2 energy:         -2604.5686862 Eh
Fully relaxed DSRG-MRPT2 E_corr:            -0.8483650 Eh
State     Energy / Eh         Splitting / Eh      Splitting / cm-1    Splitting / meV     
0         -2.6045744e+03      +0.0000000e+00      +0.0000000e+00      +0.0000000e+00      
1         -2.6045744e+03      +9.0103640e-09      +1.9775463e-03      +2.4518461e-04      
2         -2.6045744e+03      +1.8174433e-08      +3.9888269e-03      +4.9455174e-04      
3         -2.6045744e+03      +9.4987627e-09      +2.0847374e-03      +2.5847462e-04      
4         -2.6045573e+03      +1.7081088e-02      +3.7488655e+03      +4.6480031e+02      
5         -2.6045573e+03      +7.1613613e-09      +1.5717371e-03      +1.9487066e-04      
Time taken:                      392.1282914 s
===============================================
