NOW DOING s=0.008!
===============================================
              PySCF DHF interface              
===============================================

Timing report
....integral reading:       0.4973056 s

===============================================
            Relativistic CASCI(3,8)            
===============================================
Will now allocate 0.050 MB memory for the CASCI Hamiltonian!
Time taken for 1-RDM build:        0.0057440 s
Time taken for 1-RDM build:        0.0057340 s
Time taken for 1-RDM build:        0.0056963 s
Time taken for 1-RDM build:        0.0057192 s
Time taken for 1-RDM build:        0.0057132 s
Time taken for 1-RDM build:        0.0057149 s
Time taken for 2-RDM build:        0.0240536 s
Time taken for 2-RDM build:        0.0233126 s
Time taken for 2-RDM build:        0.0232501 s
Time taken for 2-RDM build:        0.0233128 s
Time taken for 2-RDM build:        0.0232358 s
Time taken for 2-RDM build:        0.0233042 s
Time taken for 3-RDM build:        0.0652690 s
Time taken for 3-RDM build:        0.0651617 s
Time taken for 3-RDM build:        0.0644584 s
Time taken for 3-RDM build:        0.0644088 s
Time taken for 3-RDM build:        0.0643680 s
Time taken for 3-RDM build:        0.0644836 s
E_frzc:                          -21.9899228 Eh
E_cas:                            -2.5754278 Eh
E_nuc:                             0.0000000 Eh
E_casci:                         -24.5653104 Eh
E0 (from RDM):                   -24.5653104 Eh
Ecorr:                            -0.2764703 Eh

Timing summary
... Hamil build:                    0.0167446 s
... Hamil diag:                     0.0005279 s
... RDM build:                      1.7361066 s
State     Energy / Eh         Splitting / Eh      Splitting / cm-1    Splitting / meV     
0         -2.4565351e+01      +0.0000000e+00      +0.0000000e+00      +0.0000000e+00      
1         -2.4565351e+01      +1.6292141e-09      +3.5757116e-04      +4.4333195e-05      
2         -2.4565290e+01      +6.0370290e-05      +1.3249747e+01      +1.6427601e+00      
3         -2.4565290e+01      +8.2750518e-10      +1.8161639e-04      +2.2517574e-05      
4         -2.4565290e+01      +8.6880192e-10      +1.9067998e-04      +2.3641316e-05      
5         -2.4565290e+01      +1.8699744e-09      +4.1041194e-04      +5.0884619e-05      
Total time taken:                   1.8560278 s
===============================================

===============================================
            Relativistic DSRG-MRPT2            
===============================================
-----------------------------------------------
        DSRG-MRPT2 reference relaxation        
-----------------------------------------------
Iter                          Energy              Delta E   
   -Eref  -24.5653104       
   -Ecorr -0.0420740       
<Psi^(0)|Hbar^(0)|Psi^(0)>    -24.6073843         -2.46074e+01
   -Erelax-0.0000116       
<Psi^(0)|Hbar^(1)|Psi^(0)>    -24.6073959         -1.15656e-05
   -Eref  -24.5652987       
   -Ecorr -0.0420971       
<Psi^(1)|Hbar^(1)|Psi^(1)>    -24.6073958         1.07012e-07
   -Erelax-0.0000000       
<Psi^(1)|Hbar^(2)|Psi^(1)>    -24.6073958         -1.55964e-12
   -Eref  -24.5652987       
   -Ecorr -0.0420971       
<Psi^(2)|Hbar^(2)|Psi^(2)>    -24.6073958         3.90799e-11
   -Erelax0.0000000       
<Psi^(2)|Hbar^(3)|Psi^(2)>    -24.6073958         0.00000e+00
Unrelaxed DSRG-MRPT2 energy:               -24.6073843 Eh
Unrelaxed DSRG-MRPT2 E_corr:                -0.0420740 Eh
Partially relaxed DSRG-MRPT2 energy:       -24.6073959 Eh
Partially relaxed DSRG-MRPT2 E_corr:        -0.0420855 Eh
Relaxed DSRG-MRPT2 energy:                 -24.6073958 Eh
Relaxed DSRG-MRPT2 E_corr:                  -0.0420971 Eh
Fully relaxed DSRG-MRPT2 energy:           -24.6073958 Eh
Fully relaxed DSRG-MRPT2 E_corr:            -0.0420971 Eh
State     Energy / Eh         Splitting / Eh      Splitting / cm-1    Splitting / meV     
0         -2.4607437e+01      +0.0000000e+00      +0.0000000e+00      +0.0000000e+00      
1         -2.4607437e+01      +1.5105996e-09      +3.3153830e-04      +4.1105530e-05      
2         -2.4607375e+01      +6.2392190e-05      +1.3693503e+01      +1.6977788e+00      
3         -2.4607375e+01      +7.3567463e-10      +1.6146192e-04      +2.0018736e-05      
4         -2.4607375e+01      +8.0756024e-10      +1.7723899e-04      +2.1974844e-05      
5         -2.4607375e+01      +1.7215598e-09      +3.7783870e-04      +4.6846050e-05      
Time taken:                       11.5891557 s
===============================================
===============================================
              PySCF DHF interface              
===============================================

Timing report
....integral reading:       0.5012636 s

===============================================
            Relativistic CASCI(4,8)            
===============================================
Will now allocate 0.078 MB memory for the CASCI Hamiltonian!
Time taken for 1-RDM build:        0.0099635 s
Time taken for 1-RDM build:        0.0096591 s
Time taken for 1-RDM build:        0.0095849 s
Time taken for 1-RDM build:        0.0096707 s
Time taken for 1-RDM build:        0.0096259 s
Time taken for 1-RDM build:        0.0097103 s
Time taken for 1-RDM build:        0.0096455 s
Time taken for 1-RDM build:        0.0096660 s
Time taken for 1-RDM build:        0.0096257 s
Time taken for 2-RDM build:        0.0359654 s
Time taken for 2-RDM build:        0.0351441 s
Time taken for 2-RDM build:        0.0349176 s
Time taken for 2-RDM build:        0.0351384 s
Time taken for 2-RDM build:        0.0350513 s
Time taken for 2-RDM build:        0.0351248 s
Time taken for 2-RDM build:        0.0350511 s
Time taken for 2-RDM build:        0.0351043 s
Time taken for 2-RDM build:        0.0349329 s
Time taken for 3-RDM build:        0.1527715 s
Time taken for 3-RDM build:        0.1514008 s
Time taken for 3-RDM build:        0.1514051 s
Time taken for 3-RDM build:        0.1513429 s
Time taken for 3-RDM build:        0.1515615 s
Time taken for 3-RDM build:        0.1512578 s
Time taken for 3-RDM build:        0.1515579 s
Time taken for 3-RDM build:        0.1512074 s
Time taken for 3-RDM build:        0.1514106 s
E_frzc:                          -32.3709352 Eh
E_cas:                            -5.3467114 Eh
E_nuc:                             0.0000000 Eh
E_casci:                         -37.7175257 Eh
E0 (from RDM):                   -37.7175257 Eh
Ecorr:                            -0.4429083 Eh

Timing summary
... Hamil build:                    0.0256724 s
... Hamil diag:                     0.0009899 s
... RDM build:                      2.9302197 s
State     Energy / Eh         Splitting / Eh      Splitting / cm-1    Splitting / meV     
0         -3.7717647e+01      +0.0000000e+00      +0.0000000e+00      +0.0000000e+00      
1         -3.7717578e+01      +6.8056777e-05      +1.4936736e+01      +1.8519201e+00      
2         -3.7717578e+01      +1.0789947e-09      +2.3681196e-04      +2.9360955e-05      
3         -3.7717578e+01      +1.2285639e-09      +2.6963861e-04      +3.3430943e-05      
4         -3.7717470e+01      +1.0852195e-04      +2.3817815e+01      +2.9530341e+00      
5         -3.7717470e+01      +3.7324810e-10      +8.1918488e-05      +1.0156603e-05      
6         -3.7717470e+01      +9.5213437e-10      +2.0896934e-04      +2.5908908e-05      
7         -3.7717470e+01      +4.4995119e-10      +9.8752870e-05      +1.2243801e-05      
8         -3.7717470e+01      +5.6218852e-10      +1.2338612e-04      +1.5297936e-05      
Total time taken:                   3.0608811 s
===============================================

===============================================
            Relativistic DSRG-MRPT2            
===============================================
-----------------------------------------------
        DSRG-MRPT2 reference relaxation        
-----------------------------------------------
Iter                          Energy              Delta E   
   -Eref  -37.7175257       
   -Ecorr -0.0551095       
<Psi^(0)|Hbar^(0)|Psi^(0)>    -37.7726352         -3.77726e+01
   -Erelax-0.0000125       
<Psi^(0)|Hbar^(1)|Psi^(0)>    -37.7726477         -1.24900e-05
   -Eref  -37.7175131       
   -Ecorr -0.0551367       
<Psi^(1)|Hbar^(1)|Psi^(1)>    -37.7726498         -2.08992e-06
   -Erelax-0.0000000       
<Psi^(1)|Hbar^(2)|Psi^(1)>    -37.7726498         -7.10543e-15
   -Eref  -37.7175131       
   -Ecorr -0.0551367       
<Psi^(2)|Hbar^(2)|Psi^(2)>    -37.7726498         -5.20473e-11
   -Erelax0.0000000       
<Psi^(2)|Hbar^(3)|Psi^(2)>    -37.7726498         7.10543e-15
Unrelaxed DSRG-MRPT2 energy:               -37.7726352 Eh
Unrelaxed DSRG-MRPT2 E_corr:                -0.0551095 Eh
Partially relaxed DSRG-MRPT2 energy:       -37.7726477 Eh
Partially relaxed DSRG-MRPT2 E_corr:        -0.0551220 Eh
Relaxed DSRG-MRPT2 energy:                 -37.7726498 Eh
Relaxed DSRG-MRPT2 E_corr:                  -0.0551367 Eh
Fully relaxed DSRG-MRPT2 energy:           -37.7726498 Eh
Fully relaxed DSRG-MRPT2 E_corr:            -0.0551367 Eh
State     Energy / Eh         Splitting / Eh      Splitting / cm-1    Splitting / meV     
0         -3.7772775e+01      +0.0000000e+00      +0.0000000e+00      +0.0000000e+00      
1         -3.7772705e+01      +7.0174511e-05      +1.5401525e+01      +1.9095466e+00      
2         -3.7772705e+01      +9.7711705e-10      +2.1445240e-04      +2.6588722e-05      
3         -3.7772705e+01      +1.0913297e-09      +2.3951918e-04      +2.9696608e-05      
4         -3.7772592e+01      +1.1359891e-04      +2.4932078e+01      +3.0911852e+00      
5         -3.7772592e+01      +3.4265923e-10      +7.5205009e-05      +9.3242371e-06      
6         -3.7772592e+01      +7.9450047e-10      +1.7437270e-04      +2.1619469e-05      
7         -3.7772592e+01      +4.2707171e-10      +9.3731406e-05      +1.1621219e-05      
8         -3.7772592e+01      +4.8201798e-10      +1.0579072e-04      +1.3116384e-05      
Time taken:                       14.0134101 s
===============================================
===============================================
              PySCF DHF interface              
===============================================

Timing report
....integral reading:       0.5029314 s

===============================================
            Relativistic CASCI(5,8)            
===============================================
Will now allocate 0.050 MB memory for the CASCI Hamiltonian!
Time taken for 1-RDM build:        0.0057373 s
Time taken for 1-RDM build:        0.0057182 s
Time taken for 1-RDM build:        0.0057151 s
Time taken for 1-RDM build:        0.0057189 s
Time taken for 1-RDM build:        0.0057285 s
Time taken for 1-RDM build:        0.0057201 s
Time taken for 1-RDM build:        0.0057456 s
Time taken for 1-RDM build:        0.0057271 s
Time taken for 1-RDM build:        0.0057161 s
Time taken for 1-RDM build:        0.0057056 s
Time taken for 1-RDM build:        0.0057065 s
Time taken for 1-RDM build:        0.0057261 s
Time taken for 1-RDM build:        0.0057166 s
Time taken for 1-RDM build:        0.0057240 s
Time taken for 2-RDM build:        0.0264008 s
Time taken for 2-RDM build:        0.0255766 s
Time taken for 2-RDM build:        0.0255294 s
Time taken for 2-RDM build:        0.0255558 s
Time taken for 2-RDM build:        0.0255823 s
Time taken for 2-RDM build:        0.0255797 s
Time taken for 2-RDM build:        0.0255182 s
Time taken for 2-RDM build:        0.0256133 s
Time taken for 2-RDM build:        0.0255425 s
Time taken for 2-RDM build:        0.0256574 s
Time taken for 2-RDM build:        0.0255866 s
Time taken for 2-RDM build:        0.0256174 s
Time taken for 2-RDM build:        0.0255806 s
Time taken for 2-RDM build:        0.0256665 s
Time taken for 3-RDM build:        0.1501555 s
Time taken for 3-RDM build:        0.1491878 s
Time taken for 3-RDM build:        0.1489007 s
Time taken for 3-RDM build:        0.1491857 s
Time taken for 3-RDM build:        0.1489129 s
Time taken for 3-RDM build:        0.1483035 s
Time taken for 3-RDM build:        0.1502774 s
Time taken for 3-RDM build:        0.1483128 s
Time taken for 3-RDM build:        0.1480117 s
Time taken for 3-RDM build:        0.1482913 s
Time taken for 3-RDM build:        0.1484032 s
Time taken for 3-RDM build:        0.1483877 s
Time taken for 3-RDM build:        0.1480381 s
Time taken for 3-RDM build:        0.1483772 s
E_frzc:                          -44.7567199 Eh
E_cas:                            -9.6666253 Eh
E_nuc:                             0.0000000 Eh
E_casci:                         -54.3487687 Eh
E0 (from RDM):                   -54.3487687 Eh
Ecorr:                            -0.4454114 Eh

Timing summary
... Hamil build:                    0.0208335 s
... Hamil diag:                     0.0004833 s
... RDM build:                      3.6773026 s
State     Energy / Eh         Splitting / Eh      Splitting / cm-1    Splitting / meV     
0         -5.4423345e+01      +0.0000000e+00      +0.0000000e+00      +0.0000000e+00      
1         -5.4423345e+01      +1.0766144e-09      +2.3628954e-04      +2.9296183e-05      
2         -5.4423345e+01      +1.0765220e-09      +2.3626926e-04      +2.9293669e-05      
3         -5.4423345e+01      +1.0763941e-09      +2.3624119e-04      +2.9290189e-05      
4         -5.4318958e+01      +1.0438692e-01      +2.2910281e+04      +2.8405142e+03      
5         -5.4318958e+01      +1.1012489e-09      +2.4169619e-04      +2.9966522e-05      
6         -5.4318958e+01      +1.1371313e-09      +2.4957147e-04      +3.0942933e-05      
7         -5.4318958e+01      +5.9976912e-10      +1.3163411e-04      +1.6320557e-05      
8         -5.4318958e+01      +1.1947563e-09      +2.6221870e-04      +3.2510990e-05      
9         -5.4318958e+01      +1.3782895e-09      +3.0249957e-04      +3.7505185e-05      
10        -5.4318908e+01      +5.0508872e-05      +1.1085416e+01      +1.3744171e+00      
11        -5.4318908e+01      +3.9502694e-09      +8.6698392e-04      +1.0749236e-04      
12        -5.4318908e+01      +3.0347778e-09      +6.6605673e-04      +8.2580549e-05      
13        -5.4318908e+01      +2.9868943e-09      +6.5554752e-04      +8.1277572e-05      
Total time taken:                   3.8020165 s
===============================================

===============================================
            Relativistic DSRG-MRPT2            
===============================================
-----------------------------------------------
        DSRG-MRPT2 reference relaxation        
-----------------------------------------------
Iter                          Energy              Delta E   
   -Eref  -54.3487687       
   -Ecorr -0.0810748       
<Psi^(0)|Hbar^(0)|Psi^(0)>    -54.4298435         -5.44298e+01
   -Erelax-0.0000000       
<Psi^(0)|Hbar^(1)|Psi^(0)>    -54.4298435         -2.17087e-09
   -Eref  -54.3487687       
   -Ecorr -0.0810748       
<Psi^(1)|Hbar^(1)|Psi^(1)>    -54.4298435         -2.76764e-10
   -Erelax-0.0000000       
<Psi^(1)|Hbar^(2)|Psi^(1)>    -54.4298435         -5.68434e-14
Unrelaxed DSRG-MRPT2 energy:               -54.4298435 Eh
Unrelaxed DSRG-MRPT2 E_corr:                -0.0810748 Eh
Partially relaxed DSRG-MRPT2 energy:       -54.4298435 Eh
Partially relaxed DSRG-MRPT2 E_corr:        -0.0810748 Eh
Relaxed DSRG-MRPT2 energy:                 -54.4298435 Eh
Relaxed DSRG-MRPT2 E_corr:                  -0.0810748 Eh
Fully relaxed DSRG-MRPT2 energy:           -54.4298435 Eh
Fully relaxed DSRG-MRPT2 E_corr:            -0.0810748 Eh
State     Energy / Eh         Splitting / Eh      Splitting / cm-1    Splitting / meV     
0         -5.4501786e+01      +0.0000000e+00      +0.0000000e+00      +0.0000000e+00      
1         -5.4501786e+01      +1.0264500e-09      +2.2527974e-04      +2.7931141e-05      
2         -5.4501786e+01      +1.0264074e-09      +2.2527039e-04      +2.7929981e-05      
3         -5.4501786e+01      +1.0262937e-09      +2.2524543e-04      +2.7926888e-05      
4         -5.4401086e+01      +1.0069979e-01      +2.2101050e+04      +2.7401822e+03      
5         -5.4401086e+01      +9.8243902e-10      +2.1562044e-04      +2.6733540e-05      
6         -5.4401086e+01      +9.6578390e-10      +2.1196506e-04      +2.6280331e-05      
7         -5.4401086e+01      +5.7259086e-10      +1.2566917e-04      +1.5580998e-05      
8         -5.4401086e+01      +1.0080399e-09      +2.2123918e-04      +2.7430175e-05      
9         -5.4401086e+01      +1.1520598e-09      +2.5284789e-04      +3.1349158e-05      
10        -5.4401037e+01      +4.8917076e-05      +1.0736057e+01      +1.3311021e+00      
11        -5.4401037e+01      +3.1870826e-09      +6.9948377e-04      +8.6724976e-05      
12        -5.4401037e+01      +2.4575542e-09      +5.3937079e-04      +6.6873487e-05      
13        -5.4401037e+01      +2.3886599e-09      +5.2425026e-04      +6.4998779e-05      
Time taken:                        8.5854769 s
===============================================
===============================================
              PySCF DHF interface              
===============================================

Timing report
....integral reading:       0.4951026 s

===============================================
            Relativistic CASCI(6,8)            
===============================================
Will now allocate 0.013 MB memory for the CASCI Hamiltonian!
Time taken for 1-RDM build:        0.0022357 s
Time taken for 1-RDM build:        0.0022089 s
Time taken for 1-RDM build:        0.0021927 s
Time taken for 1-RDM build:        0.0021958 s
Time taken for 1-RDM build:        0.0021966 s
Time taken for 1-RDM build:        0.0021882 s
Time taken for 1-RDM build:        0.0021951 s
Time taken for 1-RDM build:        0.0022111 s
Time taken for 1-RDM build:        0.0022027 s
Time taken for 2-RDM build:        0.0093341 s
Time taken for 2-RDM build:        0.0085979 s
Time taken for 2-RDM build:        0.0086217 s
Time taken for 2-RDM build:        0.0086167 s
Time taken for 2-RDM build:        0.0086186 s
Time taken for 2-RDM build:        0.0085967 s
Time taken for 2-RDM build:        0.0086336 s
Time taken for 2-RDM build:        0.0085948 s
Time taken for 2-RDM build:        0.0086236 s
Time taken for 3-RDM build:        0.0675983 s
Time taken for 3-RDM build:        0.0661287 s
Time taken for 3-RDM build:        0.0660987 s
Time taken for 3-RDM build:        0.0660443 s
Time taken for 3-RDM build:        0.0660145 s
Time taken for 3-RDM build:        0.0661457 s
Time taken for 3-RDM build:        0.0660810 s
Time taken for 3-RDM build:        0.0660067 s
Time taken for 3-RDM build:        0.0660694 s
E_frzc:                          -59.1480236 Eh
E_cas:                           -15.7034833 Eh
E_nuc:                             0.0000000 Eh
E_casci:                         -74.8511626 Eh
E0 (from RDM):                   -74.8511626 Eh
Ecorr:                            -0.3302227 Eh

Timing summary
... Hamil build:                    0.0086439 s
... Hamil diag:                     0.0001841 s
... RDM build:                      1.8529298 s
State     Energy / Eh         Splitting / Eh      Splitting / cm-1    Splitting / meV     
0         -7.4851507e+01      +0.0000000e+00      +0.0000000e+00      +0.0000000e+00      
1         -7.4851507e+01      +6.1121170e-09      +1.3414546e-03      +1.6631926e-04      
2         -7.4851507e+01      +6.8041430e-09      +1.4933368e-03      +1.8515025e-04      
3         -7.4851507e+01      +7.2887332e-09      +1.5996920e-03      +1.9833663e-04      
4         -7.4851507e+01      +9.8174127e-09      +2.1546730e-03      +2.6714553e-04      
5         -7.4850809e+01      +6.9818897e-04      +1.5323477e+02      +1.8998699e+01      
6         -7.4850809e+01      +7.3982136e-09      +1.6237202e-03      +2.0131574e-04      
7         -7.4850809e+01      +7.5923197e-09      +1.6663215e-03      +2.0659764e-04      
8         -7.4850503e+01      +3.0523771e-04      +6.6991933e+01      +8.3059451e+00      
Total time taken:                   1.9649341 s
===============================================

===============================================
            Relativistic DSRG-MRPT2            
===============================================
-----------------------------------------------
        DSRG-MRPT2 reference relaxation        
-----------------------------------------------
Iter                          Energy              Delta E   
   -Eref  -74.8511626       
   -Ecorr -0.1195467       
<Psi^(0)|Hbar^(0)|Psi^(0)>    -74.9707094         -7.49707e+01
   -Erelax-0.0000000       
<Psi^(0)|Hbar^(1)|Psi^(0)>    -74.9707094         -6.64696e-09
   -Eref  -74.8511626       
   -Ecorr -0.1195467       
<Psi^(1)|Hbar^(1)|Psi^(1)>    -74.9707094         -3.80331e-09
   -Erelax-0.0000000       
<Psi^(1)|Hbar^(2)|Psi^(1)>    -74.9707094         -8.66862e-13
   -Eref  -74.8511626       
   -Ecorr -0.1195467       
<Psi^(2)|Hbar^(2)|Psi^(2)>    -74.9707094         4.54463e-11
   -Erelax0.0000000       
<Psi^(2)|Hbar^(3)|Psi^(2)>    -74.9707094         1.42109e-14
Unrelaxed DSRG-MRPT2 energy:               -74.9707094 Eh
Unrelaxed DSRG-MRPT2 E_corr:                -0.1195467 Eh
Partially relaxed DSRG-MRPT2 energy:       -74.9707094 Eh
Partially relaxed DSRG-MRPT2 E_corr:        -0.1195467 Eh
Relaxed DSRG-MRPT2 energy:                 -74.9707094 Eh
Relaxed DSRG-MRPT2 E_corr:                  -0.1195467 Eh
Fully relaxed DSRG-MRPT2 energy:           -74.9707094 Eh
Fully relaxed DSRG-MRPT2 E_corr:            -0.1195467 Eh
State     Energy / Eh         Splitting / Eh      Splitting / cm-1    Splitting / meV     
0         -7.4971060e+01      +0.0000000e+00      +0.0000000e+00      +0.0000000e+00      
1         -7.4971060e+01      +7.2392652e-09      +1.5888350e-03      +1.9699053e-04      
2         -7.4971060e+01      +8.0431874e-09      +1.7652756e-03      +2.1886638e-04      
3         -7.4971060e+01      +8.2444984e-09      +1.8094582e-03      +2.2434434e-04      
4         -7.4971060e+01      +9.9022373e-09      +2.1732899e-03      +2.6945373e-04      
5         -7.4970349e+01      +7.1142889e-04      +1.5614059e+02      +1.9358975e+01      
6         -7.4970349e+01      +8.4389882e-09      +1.8521438e-03      +2.2963667e-04      
7         -7.4970349e+01      +8.3435623e-09      +1.8312002e-03      +2.2704000e-04      
8         -7.4970037e+01      +3.1188240e-04      +6.8450275e+01      +8.4867565e+00      
Time taken:                       11.7579064 s
===============================================
===============================================
              PySCF DHF interface              
===============================================

Timing report
....integral reading:       0.4929848 s

===============================================
            Relativistic CASCI(7,8)            
===============================================
Will now allocate 0.001 MB memory for the CASCI Hamiltonian!
Time taken for 1-RDM build:        0.0003796 s
Time taken for 1-RDM build:        0.0003707 s
Time taken for 1-RDM build:        0.0003691 s
Time taken for 1-RDM build:        0.0003645 s
Time taken for 1-RDM build:        0.0003698 s
Time taken for 1-RDM build:        0.0003648 s
Time taken for 2-RDM build:        0.0013077 s
Time taken for 2-RDM build:        0.0012522 s
Time taken for 2-RDM build:        0.0012302 s
Time taken for 2-RDM build:        0.0010035 s
Time taken for 2-RDM build:        0.0009937 s
Time taken for 2-RDM build:        0.0009997 s
Time taken for 3-RDM build:        0.0137663 s
Time taken for 3-RDM build:        0.0123186 s
Time taken for 3-RDM build:        0.0123208 s
Time taken for 3-RDM build:        0.0123048 s
Time taken for 3-RDM build:        0.0123181 s
Time taken for 3-RDM build:        0.0123088 s
E_frzc:                          -75.5478008 Eh
E_cas:                           -23.9325131 Eh
E_nuc:                             0.0000000 Eh
E_casci:                         -99.4797328 Eh
E0 (from RDM):                   -99.4797328 Eh
Ecorr:                            -0.1043819 Eh

Timing summary
... Hamil build:                    0.0016737 s
... Hamil diag:                     0.0000727 s
... RDM build:                      1.2247231 s
State     Energy / Eh         Splitting / Eh      Splitting / cm-1    Splitting / meV     
0         -9.9480314e+01      +0.0000000e+00      +0.0000000e+00      +0.0000000e+00      
1         -9.9480314e+01      +2.4031038e-08      +5.2742033e-03      +6.5391818e-04      
2         -9.9480314e+01      +6.9549486e-09      +1.5264348e-03      +1.8925388e-04      
3         -9.9480314e+01      +2.1663141e-08      +4.7545098e-03      +5.8948436e-04      
4         -9.9478571e+01      +1.7431739e-03      +3.8258245e+02      +4.7434202e+01      
5         -9.9478571e+01      +1.6993980e-08      +3.7297474e-03      +4.6242996e-04      
Total time taken:                   1.3298454 s
===============================================

===============================================
            Relativistic DSRG-MRPT2            
===============================================
-----------------------------------------------
        DSRG-MRPT2 reference relaxation        
-----------------------------------------------
Iter                          Energy              Delta E   
   -Eref  -99.4797328       
   -Ecorr -0.1744022       
<Psi^(0)|Hbar^(0)|Psi^(0)>    -99.6541349         -9.96541e+01
   -Erelax0.0000000       
<Psi^(0)|Hbar^(1)|Psi^(0)>    -99.6541349         1.42109e-14
   -Eref  -99.4797328       
   -Ecorr -0.1744022       
<Psi^(1)|Hbar^(1)|Psi^(1)>    -99.6541349         1.42109e-14
   -Erelax0.0000000       
<Psi^(1)|Hbar^(2)|Psi^(1)>    -99.6541349         0.00000e+00
Unrelaxed DSRG-MRPT2 energy:               -99.6541349 Eh
Unrelaxed DSRG-MRPT2 E_corr:                -0.1744022 Eh
Partially relaxed DSRG-MRPT2 energy:       -99.6541349 Eh
Partially relaxed DSRG-MRPT2 E_corr:        -0.1744022 Eh
Relaxed DSRG-MRPT2 energy:                 -99.6541349 Eh
Relaxed DSRG-MRPT2 E_corr:                  -0.1744022 Eh
Fully relaxed DSRG-MRPT2 energy:           -99.6541349 Eh
Fully relaxed DSRG-MRPT2 E_corr:            -0.1744022 Eh
State     Energy / Eh         Splitting / Eh      Splitting / cm-1    Splitting / meV     
0         -9.9654734e+01      +0.0000000e+00      +0.0000000e+00      +0.0000000e+00      
1         -9.9654734e+01      +2.3995682e-08      +5.2664434e-03      +6.5295607e-04      
2         -9.9654734e+01      +7.5656743e-09      +1.6604736e-03      +2.0587258e-04      
3         -9.9654734e+01      +2.2849079e-08      +5.0147932e-03      +6.2175541e-04      
4         -9.9652938e+01      +1.7960306e-03      +3.9418314e+02      +4.8872504e+01      
5         -9.9652938e+01      +1.6781215e-08      +3.6830509e-03      +4.5664033e-04      
Time taken:                        6.1330178 s
===============================================
===============================================
              PySCF DHF interface              
===============================================

Timing report
....integral reading:       1.9212611 s

===============================================
            Relativistic CASCI(3,8)            
===============================================
Will now allocate 0.050 MB memory for the CASCI Hamiltonian!
Time taken for 1-RDM build:        0.0057759 s
Time taken for 1-RDM build:        0.0057600 s
Time taken for 1-RDM build:        0.0057740 s
Time taken for 1-RDM build:        0.0057616 s
Time taken for 1-RDM build:        0.0057676 s
Time taken for 1-RDM build:        0.0057786 s
Time taken for 2-RDM build:        0.0236111 s
Time taken for 2-RDM build:        0.0236094 s
Time taken for 2-RDM build:        0.0235417 s
Time taken for 2-RDM build:        0.0235755 s
Time taken for 2-RDM build:        0.0236163 s
Time taken for 2-RDM build:        0.0235448 s
Time taken for 3-RDM build:        0.0654917 s
Time taken for 3-RDM build:        0.0646558 s
Time taken for 3-RDM build:        0.0646589 s
Time taken for 3-RDM build:        0.0646358 s
Time taken for 3-RDM build:        0.0646546 s
Time taken for 3-RDM build:        0.0646234 s
E_frzc:                         -240.4061812 Eh
E_cas:                            -1.8986420 Eh
E_nuc:                             0.0000000 Eh
E_casci:                        -242.3045291 Eh
E0 (from RDM):                  -242.3045291 Eh
Ecorr:                            -0.1899047 Eh

Timing summary
... Hamil build:                    0.0166337 s
... Hamil diag:                     0.0004938 s
... RDM build:                      3.8882415 s
State     Energy / Eh         Splitting / Eh      Splitting / cm-1    Splitting / meV     
0         -2.4230482e+02      +0.0000000e+00      +0.0000000e+00      +0.0000000e+00      
1         -2.4230482e+02      +1.0992665e-09      +2.4126110e-04      +2.9912578e-05      
2         -2.4230438e+02      +4.4107881e-04      +9.6805609e+01      +1.2002372e+01      
3         -2.4230438e+02      +1.0805650e-09      +2.3715660e-04      +2.9403685e-05      
4         -2.4230438e+02      +8.9775654e-10      +1.9703478e-04      +2.4429211e-05      
5         -2.4230438e+02      +3.6629899e-10      +8.0393336e-05      +9.9675080e-06      
Total time taken:                   4.2271996 s
===============================================

===============================================
            Relativistic DSRG-MRPT2            
===============================================
-----------------------------------------------
        DSRG-MRPT2 reference relaxation        
-----------------------------------------------
Iter                          Energy              Delta E   
   -Eref  -242.3045291       
   -Ecorr -0.1649607       
<Psi^(0)|Hbar^(0)|Psi^(0)>    -242.4694898        -2.42469e+02
   -Erelax-0.0000023       
<Psi^(0)|Hbar^(1)|Psi^(0)>    -242.4694921        -2.30256e-06
   -Eref  -242.3045268       
   -Ecorr -0.1649653       
<Psi^(1)|Hbar^(1)|Psi^(1)>    -242.4694921        -4.93447e-08
   -Erelax-0.0000000       
<Psi^(1)|Hbar^(2)|Psi^(1)>    -242.4694921        -5.68434e-14
   -Eref  -242.3045268       
   -Ecorr -0.1649653       
<Psi^(2)|Hbar^(2)|Psi^(2)>    -242.4694921        -8.01492e-12
   -Erelax0.0000000       
<Psi^(2)|Hbar^(3)|Psi^(2)>    -242.4694921        0.00000e+00
Unrelaxed DSRG-MRPT2 energy:              -242.4694898 Eh
Unrelaxed DSRG-MRPT2 E_corr:                -0.1649607 Eh
Partially relaxed DSRG-MRPT2 energy:      -242.4694921 Eh
Partially relaxed DSRG-MRPT2 E_corr:        -0.1649630 Eh
Relaxed DSRG-MRPT2 energy:                -242.4694921 Eh
Relaxed DSRG-MRPT2 E_corr:                  -0.1649653 Eh
Fully relaxed DSRG-MRPT2 energy:          -242.4694921 Eh
Fully relaxed DSRG-MRPT2 E_corr:            -0.1649653 Eh
State     Energy / Eh         Splitting / Eh      Splitting / cm-1    Splitting / meV     
0         -2.4246979e+02      +0.0000000e+00      +0.0000000e+00      +0.0000000e+00      
1         -2.4246979e+02      +1.0797976e-09      +2.3698818e-04      +2.9382803e-05      
2         -2.4246934e+02      +4.4520376e-04      +9.7710931e+01      +1.2114617e+01      
3         -2.4246934e+02      +1.0610961e-09      +2.3288367e-04      +2.8873909e-05      
4         -2.4246934e+02      +8.7700869e-10      +1.9248116e-04      +2.3864633e-05      
5         -2.4246934e+02      +3.5936409e-10      +7.8871302e-05      +9.7787997e-06      
Time taken:                       48.5264313 s
===============================================
===============================================
              PySCF DHF interface              
===============================================

Timing report
....integral reading:       1.9053302 s

===============================================
            Relativistic CASCI(4,8)            
===============================================
Will now allocate 0.078 MB memory for the CASCI Hamiltonian!
Time taken for 1-RDM build:        0.0099435 s
Time taken for 1-RDM build:        0.0096233 s
Time taken for 1-RDM build:        0.0096550 s
Time taken for 1-RDM build:        0.0096447 s
Time taken for 1-RDM build:        0.0095725 s
Time taken for 1-RDM build:        0.0095961 s
Time taken for 1-RDM build:        0.0096209 s
Time taken for 1-RDM build:        0.0096226 s
Time taken for 1-RDM build:        0.0096316 s
Time taken for 2-RDM build:        0.0349874 s
Time taken for 2-RDM build:        0.0350451 s
Time taken for 2-RDM build:        0.0352514 s
Time taken for 2-RDM build:        0.0351658 s
Time taken for 2-RDM build:        0.0351582 s
Time taken for 2-RDM build:        0.0351422 s
Time taken for 2-RDM build:        0.0351584 s
Time taken for 2-RDM build:        0.0351756 s
Time taken for 2-RDM build:        0.0354908 s
Time taken for 3-RDM build:        0.1532431 s
Time taken for 3-RDM build:        0.1512730 s
Time taken for 3-RDM build:        0.1513846 s
Time taken for 3-RDM build:        0.1513894 s
Time taken for 3-RDM build:        0.1510856 s
Time taken for 3-RDM build:        0.1511128 s
Time taken for 3-RDM build:        0.1510534 s
Time taken for 3-RDM build:        0.1510558 s
Time taken for 3-RDM build:        0.1523836 s
E_frzc:                         -285.7423197 Eh
E_cas:                            -3.6921024 Eh
E_nuc:                             0.0000000 Eh
E_casci:                        -289.4337768 Eh
E0 (from RDM):                  -289.4337768 Eh
Ecorr:                            -0.2329780 Eh

Timing summary
... Hamil build:                    0.0258598 s
... Hamil diag:                     0.0010178 s
... RDM build:                      5.0810127 s
State     Energy / Eh         Splitting / Eh      Splitting / cm-1    Splitting / meV     
0         -2.8943442e+02      +0.0000000e+00      +0.0000000e+00      +0.0000000e+00      
1         -2.8943409e+02      +3.3211201e-04      +7.2890160e+01      +9.0372324e+00      
2         -2.8943409e+02      +8.1735152e-10      +1.7938792e-04      +2.2241278e-05      
3         -2.8943409e+02      +8.9210062e-10      +1.9579345e-04      +2.4275306e-05      
4         -2.8943346e+02      +6.3005266e-04      +1.3828057e+02      +1.7144614e+01      
5         -2.8943346e+02      +2.5920599e-10      +5.6889139e-05      +7.0533576e-06      
6         -2.8943346e+02      +7.8654239e-10      +1.7262610e-04      +2.1402919e-05      
7         -2.8943346e+02      +6.1896799e-10      +1.3584777e-04      +1.6842985e-05      
8         -2.8943346e+02      +4.2439297e-10      +9.3143489e-05      +1.1548326e-05      
Total time taken:                   5.4270005 s
===============================================

===============================================
            Relativistic DSRG-MRPT2            
===============================================
-----------------------------------------------
        DSRG-MRPT2 reference relaxation        
-----------------------------------------------
Iter                          Energy              Delta E   
   -Eref  -289.4337768       
   -Ecorr -0.1707186       
<Psi^(0)|Hbar^(0)|Psi^(0)>    -289.6044954        -2.89604e+02
   -Erelax-0.0000026       
<Psi^(0)|Hbar^(1)|Psi^(0)>    -289.6044980        -2.64575e-06
   -Eref  -289.4337742       
   -Ecorr -0.1707243       
<Psi^(1)|Hbar^(1)|Psi^(1)>    -289.6044984        -3.80238e-07
   -Erelax-0.0000000       
<Psi^(1)|Hbar^(2)|Psi^(1)>    -289.6044984        0.00000e+00
   -Eref  -289.4337742       
   -Ecorr -0.1707243       
<Psi^(2)|Hbar^(2)|Psi^(2)>    -289.6044984        -1.77351e-11
   -Erelax0.0000000       
<Psi^(2)|Hbar^(3)|Psi^(2)>    -289.6044984        0.00000e+00
Unrelaxed DSRG-MRPT2 energy:              -289.6044954 Eh
Unrelaxed DSRG-MRPT2 E_corr:                -0.1707186 Eh
Partially relaxed DSRG-MRPT2 energy:      -289.6044980 Eh
Partially relaxed DSRG-MRPT2 E_corr:        -0.1707212 Eh
Relaxed DSRG-MRPT2 energy:                -289.6044984 Eh
Relaxed DSRG-MRPT2 E_corr:                  -0.1707243 Eh
Fully relaxed DSRG-MRPT2 energy:          -289.6044984 Eh
Fully relaxed DSRG-MRPT2 E_corr:            -0.1707243 Eh
State     Energy / Eh         Splitting / Eh      Splitting / cm-1    Splitting / meV     
0         -2.8960515e+02      +0.0000000e+00      +0.0000000e+00      +0.0000000e+00      
1         -2.8960481e+02      +3.3592716e-04      +7.3727489e+01      +9.1410480e+00      
2         -2.8960481e+02      +7.9774054e-10      +1.7508381e-04      +2.1707636e-05      
3         -2.8960481e+02      +8.6481577e-10      +1.8980512e-04      +2.3532847e-05      
4         -2.8960418e+02      +6.3691089e-04      +1.3978578e+02      +1.7331236e+01      
5         -2.8960418e+02      +2.6000180e-10      +5.7063798e-05      +7.0750127e-06      
6         -2.8960418e+02      +7.6124707e-10      +1.6707442e-04      +2.0714598e-05      
7         -2.8960418e+02      +6.1243099e-10      +1.3441307e-04      +1.6665104e-05      
8         -2.8960418e+02      +4.0978421e-10      +8.9937237e-05      +1.1150802e-05      
Time taken:                       51.2915163 s
===============================================
===============================================
              PySCF DHF interface              
===============================================

Timing report
....integral reading:       1.9065011 s

===============================================
            Relativistic CASCI(5,8)            
===============================================
Will now allocate 0.050 MB memory for the CASCI Hamiltonian!
Time taken for 1-RDM build:        0.0057330 s
Time taken for 1-RDM build:        0.0057037 s
Time taken for 1-RDM build:        0.0057328 s
Time taken for 1-RDM build:        0.0057361 s
Time taken for 1-RDM build:        0.0057006 s
Time taken for 1-RDM build:        0.0057113 s
Time taken for 1-RDM build:        0.0057156 s
Time taken for 1-RDM build:        0.0057070 s
Time taken for 1-RDM build:        0.0057285 s
Time taken for 1-RDM build:        0.0057142 s
Time taken for 1-RDM build:        0.0057113 s
Time taken for 1-RDM build:        0.0056889 s
Time taken for 1-RDM build:        0.0056849 s
Time taken for 1-RDM build:        0.0057018 s
Time taken for 2-RDM build:        0.0255730 s
Time taken for 2-RDM build:        0.0255115 s
Time taken for 2-RDM build:        0.0255675 s
Time taken for 2-RDM build:        0.0256059 s
Time taken for 2-RDM build:        0.0255189 s
Time taken for 2-RDM build:        0.0255315 s
Time taken for 2-RDM build:        0.0255051 s
Time taken for 2-RDM build:        0.0255392 s
Time taken for 2-RDM build:        0.0255492 s
Time taken for 2-RDM build:        0.0255375 s
Time taken for 2-RDM build:        0.0255210 s
Time taken for 2-RDM build:        0.0255282 s
Time taken for 2-RDM build:        0.0255725 s
Time taken for 2-RDM build:        0.0255468 s
Time taken for 3-RDM build:        0.1494076 s
Time taken for 3-RDM build:        0.1480744 s
Time taken for 3-RDM build:        0.1478212 s
Time taken for 3-RDM build:        0.1478488 s
Time taken for 3-RDM build:        0.1477830 s
Time taken for 3-RDM build:        0.1478214 s
Time taken for 3-RDM build:        0.1476185 s
Time taken for 3-RDM build:        0.1477826 s
Time taken for 3-RDM build:        0.1477633 s
Time taken for 3-RDM build:        0.1479418 s
Time taken for 3-RDM build:        0.1475768 s
Time taken for 3-RDM build:        0.1477504 s
Time taken for 3-RDM build:        0.1478105 s
Time taken for 3-RDM build:        0.1478086 s
E_frzc:                         -335.1272672 Eh
E_cas:                            -6.3636403 Eh
E_nuc:                             0.0000000 Eh
E_casci:                        -341.4410664 Eh
E0 (from RDM):                  -341.4410664 Eh
Ecorr:                            -0.2138107 Eh

Timing summary
... Hamil build:                    0.0208728 s
... Hamil diag:                     0.0004981 s
... RDM build:                      5.8171015 s
State     Energy / Eh         Splitting / Eh      Splitting / cm-1    Splitting / meV     
0         -3.4149091e+02      +0.0000000e+00      +0.0000000e+00      +0.0000000e+00      
1         -3.4149091e+02      +3.2849812e-10      +7.2097003e-05      +8.9388933e-06      
2         -3.4149091e+02      +3.2838443e-10      +7.2072051e-05      +8.9357998e-06      
3         -3.4149091e+02      +3.2798653e-10      +7.1984722e-05      +8.9249722e-06      
4         -3.4142117e+02      +6.9735531e-02      +1.5305180e+04      +1.8976014e+03      
5         -3.4142117e+02      +1.5667183e-09      +3.4385492e-04      +4.2632597e-05      
6         -3.4142117e+02      +1.3034196e-09      +2.8606753e-04      +3.5467871e-05      
7         -3.4142117e+02      +1.7383286e-09      +3.8151902e-04      +4.7302353e-05      
8         -3.4142110e+02      +6.9890622e-05      +1.5339218e+01      +1.9018216e+00      
9         -3.4142110e+02      +9.2740038e-10      +2.0354085e-04      +2.5235862e-05      
10        -3.4142110e+02      +9.6150643e-10      +2.1102627e-04      +2.6163935e-05      
11        -3.4142110e+02      +7.5050366e-10      +1.6471651e-04      +2.0422255e-05      
12        -3.4142110e+02      +9.6383701e-10      +2.1153777e-04      +2.6227353e-05      
13        -3.4142110e+02      +1.9558115e-09      +4.2925101e-04      +5.3220367e-05      
Total time taken:                   6.1580918 s
===============================================

===============================================
            Relativistic DSRG-MRPT2            
===============================================
-----------------------------------------------
        DSRG-MRPT2 reference relaxation        
-----------------------------------------------
Iter                          Energy              Delta E   
   -Eref  -341.4410664       
   -Ecorr -0.1779873       
<Psi^(0)|Hbar^(0)|Psi^(0)>    -341.6190537        -3.41619e+02
   -Erelax-0.0000000       
<Psi^(0)|Hbar^(1)|Psi^(0)>    -341.6190537        -8.16897e-09
   -Eref  -341.4410664       
   -Ecorr -0.1779873       
<Psi^(1)|Hbar^(1)|Psi^(1)>    -341.6190537        -2.19632e-09
   -Erelax-0.0000000       
<Psi^(1)|Hbar^(2)|Psi^(1)>    -341.6190537        0.00000e+00
   -Eref  -341.4410664       
   -Ecorr -0.1779873       
<Psi^(2)|Hbar^(2)|Psi^(2)>    -341.6190537        -4.83169e-12
   -Erelax0.0000000       
<Psi^(2)|Hbar^(3)|Psi^(2)>    -341.6190537        0.00000e+00
Unrelaxed DSRG-MRPT2 energy:              -341.6190537 Eh
Unrelaxed DSRG-MRPT2 E_corr:                -0.1779873 Eh
Partially relaxed DSRG-MRPT2 energy:      -341.6190537 Eh
Partially relaxed DSRG-MRPT2 E_corr:        -0.1779873 Eh
Relaxed DSRG-MRPT2 energy:                -341.6190537 Eh
Relaxed DSRG-MRPT2 E_corr:                  -0.1779873 Eh
Fully relaxed DSRG-MRPT2 energy:          -341.6190537 Eh
Fully relaxed DSRG-MRPT2 E_corr:            -0.1779873 Eh
State     Energy / Eh         Splitting / Eh      Splitting / cm-1    Splitting / meV     
0         -3.4166829e+02      +0.0000000e+00      +0.0000000e+00      +0.0000000e+00      
1         -3.4166829e+02      +2.7080205e-10      +5.9434179e-05      +7.3689026e-06      
2         -3.4166829e+02      +2.7051783e-10      +5.9371801e-05      +7.3611686e-06      
3         -3.4166829e+02      +2.7040414e-10      +5.9346849e-05      +7.3580750e-06      
4         -3.4159940e+02      +6.8895956e-02      +1.5120914e+04      +1.8747554e+03      
5         -3.4159940e+02      +1.5161845e-09      +3.3276403e-04      +4.1257502e-05      
6         -3.4159940e+02      +1.2703367e-09      +2.7880668e-04      +3.4567639e-05      
7         -3.4159940e+02      +1.6819968e-09      +3.6915562e-04      +4.5769485e-05      
8         -3.4159933e+02      +6.9696544e-05      +1.5296623e+01      +1.8965405e+00      
9         -3.4159933e+02      +8.7766239e-10      +1.9262463e-04      +2.3882421e-05      
10        -3.4159933e+02      +9.2336450e-10      +2.0265508e-04      +2.5126040e-05      
11        -3.4159933e+02      +7.1861450e-10      +1.5771765e-04      +1.9554506e-05      
12        -3.4159933e+02      +9.1802121e-10      +2.0148237e-04      +2.4980642e-05      
13        -3.4159933e+02      +1.8710011e-09      +4.1063728e-04      +5.0912558e-05      
Time taken:                       52.9791396 s
===============================================
===============================================
              PySCF DHF interface              
===============================================

Timing report
....integral reading:       1.9151869 s

===============================================
            Relativistic CASCI(6,8)            
===============================================
Will now allocate 0.013 MB memory for the CASCI Hamiltonian!
Time taken for 1-RDM build:        0.0022364 s
Time taken for 1-RDM build:        0.0022001 s
Time taken for 1-RDM build:        0.0021989 s
Time taken for 1-RDM build:        0.0022047 s
Time taken for 1-RDM build:        0.0021956 s
Time taken for 1-RDM build:        0.0022004 s
Time taken for 1-RDM build:        0.0022039 s
Time taken for 1-RDM build:        0.0022051 s
Time taken for 1-RDM build:        0.0022082 s
Time taken for 2-RDM build:        0.0086870 s
Time taken for 2-RDM build:        0.0086133 s
Time taken for 2-RDM build:        0.0085990 s
Time taken for 2-RDM build:        0.0086234 s
Time taken for 2-RDM build:        0.0086200 s
Time taken for 2-RDM build:        0.0086203 s
Time taken for 2-RDM build:        0.0086198 s
Time taken for 2-RDM build:        0.0086167 s
Time taken for 2-RDM build:        0.0086319 s
Time taken for 3-RDM build:        0.0684183 s
Time taken for 3-RDM build:        0.0662019 s
Time taken for 3-RDM build:        0.0660617 s
Time taken for 3-RDM build:        0.0661025 s
Time taken for 3-RDM build:        0.0661089 s
Time taken for 3-RDM build:        0.0661128 s
Time taken for 3-RDM build:        0.0660031 s
Time taken for 3-RDM build:        0.0660031 s
Time taken for 3-RDM build:        0.0659604 s
E_frzc:                         -388.5675376 Eh
E_cas:                            -9.9659359 Eh
E_nuc:                             0.0000000 Eh
E_casci:                        -398.5325748 Eh
E0 (from RDM):                  -398.5325748 Eh
Ecorr:                            -0.1603097 Eh

Timing summary
... Hamil build:                    0.0087893 s
... Hamil diag:                     0.0002756 s
... RDM build:                      4.0076008 s
State     Energy / Eh         Splitting / Eh      Splitting / cm-1    Splitting / meV     
0         -3.9853347e+02      +0.0000000e+00      +0.0000000e+00      +0.0000000e+00      
1         -3.9853347e+02      +5.6296585e-09      +1.2355672e-03      +1.5319088e-04      
2         -3.9853347e+02      +5.9783360e-09      +1.3120931e-03      +1.6267889e-04      
3         -3.9853347e+02      +5.6479053e-09      +1.2395719e-03      +1.5368740e-04      
4         -3.9853347e+02      +5.6580234e-09      +1.2417926e-03      +1.5396273e-04      
5         -3.9853166e+02      +1.8163270e-03      +3.9863770e+02      +4.9424800e+01      
6         -3.9853166e+02      +3.5533390e-09      +7.7986775e-04      +9.6691324e-05      
7         -3.9853166e+02      +3.5755079e-09      +7.8473327e-04      +9.7294572e-05      
8         -3.9853083e+02      +8.2294816e-04      +1.8061624e+02      +2.2393571e+01      
Total time taken:                   4.3353162 s
===============================================

===============================================
            Relativistic DSRG-MRPT2            
===============================================
-----------------------------------------------
        DSRG-MRPT2 reference relaxation        
-----------------------------------------------
Iter                          Energy              Delta E   
   -Eref  -398.5325748       
   -Ecorr -0.1876313       
<Psi^(0)|Hbar^(0)|Psi^(0)>    -398.7202061        -3.98720e+02
   -Erelax-0.0000000       
<Psi^(0)|Hbar^(1)|Psi^(0)>    -398.7202062        -1.99117e-08
   -Eref  -398.5325748       
   -Ecorr -0.1876314       
<Psi^(1)|Hbar^(1)|Psi^(1)>    -398.7202062        -8.23013e-09
   -Erelax-0.0000000       
<Psi^(1)|Hbar^(2)|Psi^(1)>    -398.7202062        -5.68434e-14
   -Eref  -398.5325748       
   -Ecorr -0.1876314       
<Psi^(2)|Hbar^(2)|Psi^(2)>    -398.7202062        -5.51381e-12
   -Erelax0.0000000       
<Psi^(2)|Hbar^(3)|Psi^(2)>    -398.7202062        0.00000e+00
Unrelaxed DSRG-MRPT2 energy:              -398.7202061 Eh
Unrelaxed DSRG-MRPT2 E_corr:                -0.1876313 Eh
Partially relaxed DSRG-MRPT2 energy:      -398.7202062 Eh
Partially relaxed DSRG-MRPT2 E_corr:        -0.1876313 Eh
Relaxed DSRG-MRPT2 energy:                -398.7202062 Eh
Relaxed DSRG-MRPT2 E_corr:                  -0.1876314 Eh
Fully relaxed DSRG-MRPT2 energy:          -398.7202062 Eh
Fully relaxed DSRG-MRPT2 E_corr:            -0.1876314 Eh
State     Energy / Eh         Splitting / Eh      Splitting / cm-1    Splitting / meV     
0         -3.9872112e+02      +0.0000000e+00      +0.0000000e+00      +0.0000000e+00      
1         -3.9872112e+02      +5.3747158e-09      +1.1796138e-03      +1.4625354e-04      
2         -3.9872112e+02      +5.7041802e-09      +1.2519228e-03      +1.5521872e-04      
3         -3.9872112e+02      +5.4165525e-09      +1.1887959e-03      +1.4739197e-04      
4         -3.9872112e+02      +5.3825602e-09      +1.1813354e-03      +1.4646699e-04      
5         -3.9871927e+02      +1.8479168e-03      +4.0557085e+02      +5.0284400e+01      
6         -3.9871927e+02      +3.3559218e-09      +7.3653969e-04      +9.1319326e-05      
7         -3.9871927e+02      +3.3817287e-09      +7.4220365e-04      +9.2021568e-05      
8         -3.9871844e+02      +8.3550388e-04      +1.8337191e+02      +2.2735230e+01      
Time taken:                       49.2204895 s
===============================================
===============================================
              PySCF DHF interface              
===============================================

Timing report
....integral reading:       1.9641216 s

===============================================
            Relativistic CASCI(7,8)            
===============================================
Will now allocate 0.001 MB memory for the CASCI Hamiltonian!
Time taken for 1-RDM build:        0.0003829 s
Time taken for 1-RDM build:        0.0003669 s
Time taken for 1-RDM build:        0.0003693 s
Time taken for 1-RDM build:        0.0003679 s
Time taken for 1-RDM build:        0.0003633 s
Time taken for 1-RDM build:        0.0003643 s
Time taken for 2-RDM build:        0.0010512 s
Time taken for 2-RDM build:        0.0010037 s
Time taken for 2-RDM build:        0.0010049 s
Time taken for 2-RDM build:        0.0010028 s
Time taken for 2-RDM build:        0.0010009 s
Time taken for 2-RDM build:        0.0009999 s
Time taken for 3-RDM build:        0.0138443 s
Time taken for 3-RDM build:        0.0123165 s
Time taken for 3-RDM build:        0.0123036 s
Time taken for 3-RDM build:        0.0123069 s
Time taken for 3-RDM build:        0.0122926 s
Time taken for 3-RDM build:        0.0123250 s
E_frzc:                         -446.0682972 Eh
E_cas:                           -14.7582517 Eh
E_nuc:                             0.0000000 Eh
E_casci:                        -460.8252020 Eh
E0 (from RDM):                  -460.8252020 Eh
Ecorr:                             0.0013470 Eh

Timing summary
... Hamil build:                    0.0019462 s
... Hamil diag:                     0.0001190 s
... RDM build:                      3.3972073 s
State     Energy / Eh         Splitting / Eh      Splitting / cm-1    Splitting / meV     
0         -4.6082655e+02      +0.0000000e+00      +0.0000000e+00      +0.0000000e+00      
1         -4.6082655e+02      +1.2022326e-08      +2.6385956e-03      +3.2714432e-04      
2         -4.6082655e+02      +5.7600573e-09      +1.2641864e-03      +1.5673922e-04      
3         -4.6082655e+02      +1.1622035e-08      +2.5507418e-03      +3.1625183e-04      
4         -4.6082251e+02      +4.0408198e-03      +8.8685742e+02      +1.0995636e+02      
5         -4.6082251e+02      +2.0031848e-08      +4.3964825e-03      +5.4509461e-04      
Total time taken:                   3.7197669 s
===============================================

===============================================
            Relativistic DSRG-MRPT2            
===============================================
-----------------------------------------------
        DSRG-MRPT2 reference relaxation        
-----------------------------------------------
Iter                          Energy              Delta E   
   -Eref  -460.8252020       
   -Ecorr -0.2042646       
<Psi^(0)|Hbar^(0)|Psi^(0)>    -461.0294665        -4.61029e+02
   -Erelax0.0000000       
<Psi^(0)|Hbar^(1)|Psi^(0)>    -461.0294665        0.00000e+00
   -Eref  -460.8252020       
   -Ecorr -0.2042646       
<Psi^(1)|Hbar^(1)|Psi^(1)>    -461.0294665        -1.70530e-13
   -Erelax0.0000000       
<Psi^(1)|Hbar^(2)|Psi^(1)>    -461.0294665        0.00000e+00
Unrelaxed DSRG-MRPT2 energy:              -461.0294665 Eh
Unrelaxed DSRG-MRPT2 E_corr:                -0.2042646 Eh
Partially relaxed DSRG-MRPT2 energy:      -461.0294665 Eh
Partially relaxed DSRG-MRPT2 E_corr:        -0.2042646 Eh
Relaxed DSRG-MRPT2 energy:                -461.0294665 Eh
Relaxed DSRG-MRPT2 E_corr:                  -0.2042646 Eh
Fully relaxed DSRG-MRPT2 energy:          -461.0294665 Eh
Fully relaxed DSRG-MRPT2 E_corr:            -0.2042646 Eh
State     Energy / Eh         Splitting / Eh      Splitting / cm-1    Splitting / meV     
0         -4.6103084e+02      +0.0000000e+00      +0.0000000e+00      +0.0000000e+00      
1         -4.6103084e+02      +1.1313091e-08      +2.4829364e-03      +3.0784503e-04      
2         -4.6103084e+02      +5.6286353e-09      +1.2353427e-03      +1.5316304e-04      
3         -4.6103084e+02      +1.1035809e-08      +2.4220800e-03      +3.0029979e-04      
4         -4.6102672e+02      +4.1155155e-03      +9.0325125e+02      +1.1198893e+02      
5         -4.6102672e+02      +1.9123377e-08      +4.1970960e-03      +5.2037383e-04      
Time taken:                       28.9298160 s
===============================================
===============================================
              PySCF DHF interface              
===============================================

Timing report
....integral reading:      23.9735188 s

===============================================
            Relativistic CASCI(3,8)            
===============================================
Will now allocate 0.050 MB memory for the CASCI Hamiltonian!
Time taken for 1-RDM build:        0.0057108 s
Time taken for 1-RDM build:        0.0056877 s
Time taken for 1-RDM build:        0.0057256 s
Time taken for 1-RDM build:        0.0057113 s
Time taken for 1-RDM build:        0.0057175 s
Time taken for 1-RDM build:        0.0057266 s
Time taken for 2-RDM build:        0.0232232 s
Time taken for 2-RDM build:        0.0233004 s
Time taken for 2-RDM build:        0.0231318 s
Time taken for 2-RDM build:        0.0233228 s
Time taken for 2-RDM build:        0.0232348 s
Time taken for 2-RDM build:        0.0232775 s
Time taken for 3-RDM build:        0.0655382 s
Time taken for 3-RDM build:        0.0644321 s
Time taken for 3-RDM build:        0.0642281 s
Time taken for 3-RDM build:        0.0644898 s
Time taken for 3-RDM build:        0.0643659 s
Time taken for 3-RDM build:        0.0645220 s
E_frzc:                        -1939.7138290 Eh
E_cas:                            -2.0100161 Eh
E_nuc:                             0.0000000 Eh
E_casci:                       -1941.7217616 Eh
E0 (from RDM):                 -1941.7217616 Eh
Ecorr:                            -0.1944870 Eh

Timing summary
... Hamil build:                    0.0169089 s
... Hamil diag:                     0.0004985 s
... RDM build:                     47.6491735 s
State     Energy / Eh         Splitting / Eh      Splitting / cm-1    Splitting / meV     
0         -1.9417238e+03      +0.0000000e+00      +0.0000000e+00      +0.0000000e+00      
1         -1.9417238e+03      +1.0702479e-09      +2.3489226e-04      +2.9122942e-05      
2         -1.9417207e+03      +3.1252750e-03      +6.8591858e+02      +8.5043106e+01      
3         -1.9417207e+03      +1.1004886e-09      +2.4152933e-04      +2.9945834e-05      
4         -1.9417207e+03      +9.5178621e-10      +2.0889293e-04      +2.5899434e-05      
5         -1.9417207e+03      +6.4619599e-10      +1.4182362e-04      +1.7583897e-05      
Total time taken:                  51.3193765 s
===============================================

===============================================
            Relativistic DSRG-MRPT2            
===============================================
-----------------------------------------------
        DSRG-MRPT2 reference relaxation        
-----------------------------------------------
Iter                          Energy              Delta E   
   -Eref  -1941.7217616       
   -Ecorr -0.8183381       
<Psi^(0)|Hbar^(0)|Psi^(0)>    -1942.5400997       -1.94254e+03
   -Erelax-0.0000063       
<Psi^(0)|Hbar^(1)|Psi^(0)>    -1942.5401060       -6.27712e-06
   -Eref  -1941.7217554       
   -Ecorr -0.8183504       
<Psi^(1)|Hbar^(1)|Psi^(1)>    -1942.5401057       2.80656e-07
   -Erelax-0.0000000       
<Psi^(1)|Hbar^(2)|Psi^(1)>    -1942.5401057       0.00000e+00
   -Eref  -1941.7217554       
   -Ecorr -0.8183504       
<Psi^(2)|Hbar^(2)|Psi^(2)>    -1942.5401057       3.20597e-11
   -Erelax0.0000000       
<Psi^(2)|Hbar^(3)|Psi^(2)>    -1942.5401057       0.00000e+00
Unrelaxed DSRG-MRPT2 energy:             -1942.5400997 Eh
Unrelaxed DSRG-MRPT2 E_corr:                -0.8183381 Eh
Partially relaxed DSRG-MRPT2 energy:     -1942.5401060 Eh
Partially relaxed DSRG-MRPT2 E_corr:        -0.8183444 Eh
Relaxed DSRG-MRPT2 energy:               -1942.5401057 Eh
Relaxed DSRG-MRPT2 E_corr:                  -0.8183504 Eh
Fully relaxed DSRG-MRPT2 energy:         -1942.5401057 Eh
Fully relaxed DSRG-MRPT2 E_corr:            -0.8183504 Eh
State     Energy / Eh         Splitting / Eh      Splitting / cm-1    Splitting / meV     
0         -1.9425422e+03      +0.0000000e+00      +0.0000000e+00      +0.0000000e+00      
1         -1.9425422e+03      +1.0313670e-09      +2.2635889e-04      +2.8064939e-05      
2         -1.9425390e+03      +3.2120076e-03      +7.0495419e+02      +8.7403222e+01      
3         -1.9425390e+03      +1.0563781e-09      +2.3184819e-04      +2.8745526e-05      
4         -1.9425390e+03      +9.1176844e-10      +2.0011004e-04      +2.4810495e-05      
5         -1.9425390e+03      +6.2505023e-10      +1.3718267e-04      +1.7008491e-05      
Time taken:                      654.8926966 s
===============================================
===============================================
              PySCF DHF interface              
===============================================

Timing report
....integral reading:      23.9772425 s

===============================================
            Relativistic CASCI(4,8)            
===============================================
Will now allocate 0.078 MB memory for the CASCI Hamiltonian!
Time taken for 1-RDM build:        0.0098958 s
Time taken for 1-RDM build:        0.0095921 s
Time taken for 1-RDM build:        0.0096107 s
Time taken for 1-RDM build:        0.0096133 s
Time taken for 1-RDM build:        0.0095904 s
Time taken for 1-RDM build:        0.0096326 s
Time taken for 1-RDM build:        0.0095773 s
Time taken for 1-RDM build:        0.0096147 s
Time taken for 1-RDM build:        0.0095906 s
Time taken for 2-RDM build:        0.0348701 s
Time taken for 2-RDM build:        0.0349591 s
Time taken for 2-RDM build:        0.0347726 s
Time taken for 2-RDM build:        0.0349436 s
Time taken for 2-RDM build:        0.0347393 s
Time taken for 2-RDM build:        0.0349460 s
Time taken for 2-RDM build:        0.0348437 s
Time taken for 2-RDM build:        0.0349238 s
Time taken for 2-RDM build:        0.0347302 s
Time taken for 3-RDM build:        0.1525173 s
Time taken for 3-RDM build:        0.1510355 s
Time taken for 3-RDM build:        0.1512568 s
Time taken for 3-RDM build:        0.1520348 s
Time taken for 3-RDM build:        0.1511366 s
Time taken for 3-RDM build:        0.1506824 s
Time taken for 3-RDM build:        0.1512237 s
Time taken for 3-RDM build:        0.1508350 s
Time taken for 3-RDM build:        0.1510856 s
E_frzc:                        -2092.8592106 Eh
E_cas:                            -3.6862998 Eh
E_nuc:                             0.0000000 Eh
E_casci:                       -2096.5413860 Eh
E0 (from RDM):                 -2096.5413860 Eh
Ecorr:                            -0.2153364 Eh

Timing summary
... Hamil build:                    0.0261612 s
... Hamil diag:                     0.0010552 s
... RDM build:                     48.8850093 s
State     Energy / Eh         Splitting / Eh      Splitting / cm-1    Splitting / meV     
0         -2.0965455e+03      +0.0000000e+00      +0.0000000e+00      +0.0000000e+00      
1         -2.0965432e+03      +2.3344184e-03      +5.1234561e+02      +6.3522789e+01      
2         -2.0965432e+03      +6.4164851e-10      +1.4082557e-04      +1.7460154e-05      
3         -2.0965432e+03      +5.3205440e-10      +1.1677244e-04      +1.4477945e-05      
4         -2.0965395e+03      +3.6890520e-03      +8.0965333e+02      +1.0038427e+02      
5         -2.0965395e+03      +9.3723429e-10      +2.0569915e-04      +2.5503456e-05      
6         -2.0965395e+03      +1.0586518e-09      +2.3234722e-04      +2.8807397e-05      
7         -2.0965395e+03      +1.1709744e-09      +2.5699918e-04      +3.1863852e-05      
8         -2.0965395e+03      +1.0372787e-09      +2.2765636e-04      +2.8225805e-05      
Total time taken:                  52.5651429 s
===============================================

===============================================
            Relativistic DSRG-MRPT2            
===============================================
-----------------------------------------------
        DSRG-MRPT2 reference relaxation        
-----------------------------------------------
Iter                          Energy              Delta E   
   -Eref  -2096.5413860       
   -Ecorr -0.8296698       
<Psi^(0)|Hbar^(0)|Psi^(0)>    -2097.3710558       -2.09737e+03
   -Erelax-0.0000044       
<Psi^(0)|Hbar^(1)|Psi^(0)>    -2097.3710601       -4.37696e-06
   -Eref  -2096.5413816       
   -Ecorr -0.8296789       
<Psi^(1)|Hbar^(1)|Psi^(1)>    -2097.3710605       -3.19882e-07
   -Erelax-0.0000000       
<Psi^(1)|Hbar^(2)|Psi^(1)>    -2097.3710605       -4.54747e-13
   -Eref  -2096.5413816       
   -Ecorr -0.8296789       
<Psi^(2)|Hbar^(2)|Psi^(2)>    -2097.3710605       -2.81943e-11
   -Erelax-0.0000000       
<Psi^(2)|Hbar^(3)|Psi^(2)>    -2097.3710605       0.00000e+00
Unrelaxed DSRG-MRPT2 energy:             -2097.3710558 Eh
Unrelaxed DSRG-MRPT2 E_corr:                -0.8296698 Eh
Partially relaxed DSRG-MRPT2 energy:     -2097.3710601 Eh
Partially relaxed DSRG-MRPT2 E_corr:        -0.8296742 Eh
Relaxed DSRG-MRPT2 energy:               -2097.3710605 Eh
Relaxed DSRG-MRPT2 E_corr:                  -0.8296789 Eh
Fully relaxed DSRG-MRPT2 energy:         -2097.3710605 Eh
Fully relaxed DSRG-MRPT2 E_corr:            -0.8296789 Eh
State     Energy / Eh         Splitting / Eh      Splitting / cm-1    Splitting / meV     
0         -2.0973753e+03      +0.0000000e+00      +0.0000000e+00      +0.0000000e+00      
1         -2.0973729e+03      +2.3875169e-03      +5.2399939e+02      +6.4967675e+01      
2         -2.0973729e+03      +6.2436811e-10      +1.3703296e-04      +1.6989930e-05      
3         -2.0973729e+03      +5.2841642e-10      +1.1597400e-04      +1.4378950e-05      
4         -2.0973691e+03      +3.7559464e-03      +8.2433495e+02      +1.0220456e+02      
5         -2.0973691e+03      +8.9539753e-10      +1.9651704e-04      +2.4365020e-05      
6         -2.0973691e+03      +1.0149961e-09      +2.2276589e-04      +2.7619464e-05      
7         -2.0973691e+03      +1.1127668e-09      +2.4422407e-04      +3.0279941e-05      
8         -2.0973691e+03      +9.8134478e-10      +2.1538028e-04      +2.6703764e-05      
Time taken:                      657.6614420 s
===============================================
===============================================
              PySCF DHF interface              
===============================================

Timing report
....integral reading:      23.9650753 s

===============================================
            Relativistic CASCI(5,8)            
===============================================
Will now allocate 0.050 MB memory for the CASCI Hamiltonian!
Time taken for 1-RDM build:        0.0057342 s
Time taken for 1-RDM build:        0.0057085 s
Time taken for 1-RDM build:        0.0057304 s
Time taken for 1-RDM build:        0.0057106 s
Time taken for 1-RDM build:        0.0057328 s
Time taken for 1-RDM build:        0.0057139 s
Time taken for 1-RDM build:        0.0057013 s
Time taken for 1-RDM build:        0.0057354 s
Time taken for 1-RDM build:        0.0056970 s
Time taken for 1-RDM build:        0.0057032 s
Time taken for 1-RDM build:        0.0057187 s
Time taken for 1-RDM build:        0.0057378 s
Time taken for 1-RDM build:        0.0057199 s
Time taken for 1-RDM build:        0.0057187 s
Time taken for 2-RDM build:        0.0255818 s
Time taken for 2-RDM build:        0.0255466 s
Time taken for 2-RDM build:        0.0255034 s
Time taken for 2-RDM build:        0.0255933 s
Time taken for 2-RDM build:        0.0255542 s
Time taken for 2-RDM build:        0.0255711 s
Time taken for 2-RDM build:        0.0255761 s
Time taken for 2-RDM build:        0.0255556 s
Time taken for 2-RDM build:        0.0255606 s
Time taken for 2-RDM build:        0.0255392 s
Time taken for 2-RDM build:        0.0255349 s
Time taken for 2-RDM build:        0.0255656 s
Time taken for 2-RDM build:        0.0255244 s
Time taken for 2-RDM build:        0.0255125 s
Time taken for 3-RDM build:        0.1495438 s
Time taken for 3-RDM build:        0.1482615 s
Time taken for 3-RDM build:        0.1566243 s
Time taken for 3-RDM build:        0.1479785 s
Time taken for 3-RDM build:        0.1479244 s
Time taken for 3-RDM build:        0.1481373 s
Time taken for 3-RDM build:        0.1480241 s
Time taken for 3-RDM build:        0.1494560 s
Time taken for 3-RDM build:        0.1485257 s
Time taken for 3-RDM build:        0.1487448 s
Time taken for 3-RDM build:        0.1484003 s
Time taken for 3-RDM build:        0.1482677 s
Time taken for 3-RDM build:        0.1479602 s
Time taken for 3-RDM build:        0.1480858 s
E_frzc:                        -2252.3726240 Eh
E_cas:                            -6.0718308 Eh
E_nuc:                             0.0000000 Eh
E_casci:                       -2258.3972569 Eh
E0 (from RDM):                 -2258.3972569 Eh
Ecorr:                            -0.0178409 Eh

Timing summary
... Hamil build:                    0.0209038 s
... Hamil diag:                     0.0005331 s
... RDM build:                     49.6306608 s
State     Energy / Eh         Splitting / Eh      Splitting / cm-1    Splitting / meV     
0         -2.2584445e+03      +0.0000000e+00      +0.0000000e+00      +0.0000000e+00      
1         -2.2584445e+03      +5.2432370e-10      +1.1507575e-04      +1.4267581e-05      
2         -2.2584445e+03      +5.2705218e-10      +1.1567458e-04      +1.4341827e-05      
3         -2.2584445e+03      +5.1386451e-10      +1.1278022e-04      +1.3982972e-05      
4         -2.2583793e+03      +6.5107933e-02      +1.4289540e+04      +1.7716780e+03      
5         -2.2583793e+03      +9.2859409e-10      +2.0380284e-04      +2.5268344e-05      
6         -2.2583793e+03      +1.1159500e-09      +2.4492271e-04      +3.0366561e-05      
7         -2.2583793e+03      +5.1250026e-10      +1.1248081e-04      +1.3945849e-05      
8         -2.2583777e+03      +1.6153755e-03      +3.5453394e+02      +4.3956628e+01      
9         -2.2583777e+03      +7.5033313e-10      +1.6467909e-04      +2.0417614e-05      
10        -2.2583777e+03      +4.8839865e-10      +1.0719111e-04      +1.3290011e-05      
11        -2.2583777e+03      +1.4611032e-09      +3.2067509e-04      +3.9758663e-05      
12        -2.2583777e+03      +1.6329977e-09      +3.5840157e-04      +4.4436153e-05      
13        -2.2583777e+03      +6.3982952e-10      +1.4042635e-04      +1.7410656e-05      
Total time taken:                  53.3026414 s
===============================================

===============================================
            Relativistic DSRG-MRPT2            
===============================================
-----------------------------------------------
        DSRG-MRPT2 reference relaxation        
-----------------------------------------------
Iter                          Energy              Delta E   
   -Eref  -2258.3972569       
   -Ecorr -0.8385266       
<Psi^(0)|Hbar^(0)|Psi^(0)>    -2259.2357834       -2.25924e+03
   -Erelax-0.0000002       
<Psi^(0)|Hbar^(1)|Psi^(0)>    -2259.2357837       -2.32709e-07
   -Eref  -2258.3972566       
   -Ecorr -0.8385271       
<Psi^(1)|Hbar^(1)|Psi^(1)>    -2259.2357837       -4.72533e-08
   -Erelax-0.0000000       
<Psi^(1)|Hbar^(2)|Psi^(1)>    -2259.2357837       -4.54747e-13
   -Eref  -2258.3972566       
   -Ecorr -0.8385271       
<Psi^(2)|Hbar^(2)|Psi^(2)>    -2259.2357837       -7.73070e-11
   -Erelax-0.0000000       
<Psi^(2)|Hbar^(3)|Psi^(2)>    -2259.2357837       0.00000e+00
Unrelaxed DSRG-MRPT2 energy:             -2259.2357834 Eh
Unrelaxed DSRG-MRPT2 E_corr:                -0.8385266 Eh
Partially relaxed DSRG-MRPT2 energy:     -2259.2357837 Eh
Partially relaxed DSRG-MRPT2 E_corr:        -0.8385268 Eh
Relaxed DSRG-MRPT2 energy:               -2259.2357837 Eh
Relaxed DSRG-MRPT2 E_corr:                  -0.8385271 Eh
Fully relaxed DSRG-MRPT2 energy:         -2259.2357837 Eh
Fully relaxed DSRG-MRPT2 E_corr:            -0.8385271 Eh
State     Energy / Eh         Splitting / Eh      Splitting / cm-1    Splitting / meV     
0         -2.2592825e+03      +0.0000000e+00      +0.0000000e+00      +0.0000000e+00      
1         -2.2592825e+03      +4.6202331e-10      +1.0140239e-04      +1.2572301e-05      
2         -2.2592825e+03      +4.6838977e-10      +1.0279967e-04      +1.2745541e-05      
3         -2.2592825e+03      +4.5292836e-10      +9.9406285e-05      +1.2324814e-05      
4         -2.2592181e+03      +6.4342232e-02      +1.4121488e+04      +1.7508422e+03      
5         -2.2592181e+03      +8.7629815e-10      +1.9232521e-04      +2.3845298e-05      
6         -2.2592181e+03      +1.0381882e-09      +2.2785597e-04      +2.8250553e-05      
7         -2.2592181e+03      +4.9658411e-10      +1.0898761e-04      +1.3512748e-05      
8         -2.2592165e+03      +1.6543226e-03      +3.6308184e+02      +4.5016433e+01      
9         -2.2592165e+03      +7.2304829e-10      +1.5869076e-04      +1.9675155e-05      
10        -2.2592165e+03      +4.6065907e-10      +1.0110298e-04      +1.2535178e-05      
11        -2.2592165e+03      +1.3742465e-09      +3.0161224e-04      +3.7395170e-05      
12        -2.2592165e+03      +1.5711521e-09      +3.4482803e-04      +4.2753247e-05      
13        -2.2592165e+03      +6.2027539e-10      +1.3613471e-04      +1.6878561e-05      
Time taken:                      661.7327735 s
===============================================
===============================================
              PySCF DHF interface              
===============================================

Timing report
....integral reading:      23.9563901 s

===============================================
            Relativistic CASCI(6,8)            
===============================================
Will now allocate 0.013 MB memory for the CASCI Hamiltonian!
Time taken for 1-RDM build:        0.0022242 s
Time taken for 1-RDM build:        0.0022075 s
Time taken for 1-RDM build:        0.0022032 s
Time taken for 1-RDM build:        0.0022111 s
Time taken for 1-RDM build:        0.0022140 s
Time taken for 1-RDM build:        0.0022056 s
Time taken for 1-RDM build:        0.0021901 s
Time taken for 1-RDM build:        0.0021999 s
Time taken for 1-RDM build:        0.0022137 s
Time taken for 2-RDM build:        0.0086727 s
Time taken for 2-RDM build:        0.0086207 s
Time taken for 2-RDM build:        0.0086222 s
Time taken for 2-RDM build:        0.0086353 s
Time taken for 2-RDM build:        0.0086026 s
Time taken for 2-RDM build:        0.0086381 s
Time taken for 2-RDM build:        0.0085895 s
Time taken for 2-RDM build:        0.0086274 s
Time taken for 2-RDM build:        0.0086064 s
Time taken for 3-RDM build:        0.0679095 s
Time taken for 3-RDM build:        0.0659809 s
Time taken for 3-RDM build:        0.0660272 s
Time taken for 3-RDM build:        0.0660069 s
Time taken for 3-RDM build:        0.0661492 s
Time taken for 3-RDM build:        0.0661912 s
Time taken for 3-RDM build:        0.0663490 s
Time taken for 3-RDM build:        0.0665441 s
Time taken for 3-RDM build:        0.0664020 s
E_frzc:                        -2418.2608262 Eh
E_cas:                            -9.1774708 Eh
E_nuc:                             0.0000000 Eh
E_casci:                       -2427.4340589 Eh
E0 (from RDM):                 -2427.4340589 Eh
Ecorr:                            -0.1372548 Eh

Timing summary
... Hamil build:                    0.0087094 s
... Hamil diag:                     0.0002661 s
... RDM build:                     47.8002708 s
State     Energy / Eh         Splitting / Eh      Splitting / cm-1    Splitting / meV     
0         -2.4274383e+03      +0.0000000e+00      +0.0000000e+00      +0.0000000e+00      
1         -2.4274383e+03      +1.9413164e-09      +4.2606971e-04      +5.2825936e-05      
2         -2.4274383e+03      +8.9721652e-10      +1.9691626e-04      +2.4414517e-05      
3         -2.4274383e+03      +1.1737029e-09      +2.5759801e-04      +3.1938098e-05      
4         -2.4274383e+03      +1.8349056e-09      +4.0271522e-04      +4.9930347e-05      
5         -2.4274294e+03      +8.8831576e-03      +1.9496277e+03      +2.4172315e+02      
6         -2.4274294e+03      +4.1914063e-09      +9.1990735e-04      +1.1405403e-04      
7         -2.4274294e+03      +4.1027306e-09      +9.0044528e-04      +1.1164104e-04      
8         -2.4274268e+03      +2.6102260e-03      +5.7287839e+02      +7.1027902e+01      
Total time taken:                  51.4550474 s
===============================================

===============================================
            Relativistic DSRG-MRPT2            
===============================================
-----------------------------------------------
        DSRG-MRPT2 reference relaxation        
-----------------------------------------------
Iter                          Energy              Delta E   
   -Eref  -2427.4340589       
   -Ecorr -0.8454127       
<Psi^(0)|Hbar^(0)|Psi^(0)>    -2428.2794716       -2.42828e+03
   -Erelax-0.0000004       
<Psi^(0)|Hbar^(1)|Psi^(0)>    -2428.2794720       -4.10712e-07
   -Eref  -2427.4340584       
   -Ecorr -0.8454137       
<Psi^(1)|Hbar^(1)|Psi^(1)>    -2428.2794721       -1.30721e-07
   -Erelax-0.0000000       
<Psi^(1)|Hbar^(2)|Psi^(1)>    -2428.2794721       0.00000e+00
   -Eref  -2427.4340584       
   -Ecorr -0.8454137       
<Psi^(2)|Hbar^(2)|Psi^(2)>    -2428.2794721       -7.63976e-11
   -Erelax-0.0000000       
<Psi^(2)|Hbar^(3)|Psi^(2)>    -2428.2794721       0.00000e+00
Unrelaxed DSRG-MRPT2 energy:             -2428.2794716 Eh
Unrelaxed DSRG-MRPT2 E_corr:                -0.8454127 Eh
Partially relaxed DSRG-MRPT2 energy:     -2428.2794720 Eh
Partially relaxed DSRG-MRPT2 E_corr:        -0.8454131 Eh
Relaxed DSRG-MRPT2 energy:               -2428.2794721 Eh
Relaxed DSRG-MRPT2 E_corr:                  -0.8454137 Eh
Fully relaxed DSRG-MRPT2 energy:         -2428.2794721 Eh
Fully relaxed DSRG-MRPT2 E_corr:            -0.8454137 Eh
State     Energy / Eh         Splitting / Eh      Splitting / cm-1    Splitting / meV     
0         -2.4282838e+03      +0.0000000e+00      +0.0000000e+00      +0.0000000e+00      
1         -2.4282838e+03      +1.8289938e-09      +4.0141775e-04      +4.9769481e-05      
2         -2.4282838e+03      +9.0494723e-10      +1.9861296e-04      +2.4624880e-05      
3         -2.4282838e+03      +1.1482371e-09      +2.5200890e-04      +3.1245137e-05      
4         -2.4282838e+03      +1.7353159e-09      +3.8085781e-04      +4.7220373e-05      
5         -2.4282747e+03      +9.0765781e-03      +1.9920786e+03      +2.4698639e+02      
6         -2.4282747e+03      +4.0663508e-09      +8.9246084e-04      +1.1065109e-04      
7         -2.4282747e+03      +3.9899533e-09      +8.7569351e-04      +1.0857221e-04      
8         -2.4282721e+03      +2.6243861e-03      +5.7598618e+02      +7.1413219e+01      
Time taken:                      658.7360587 s
===============================================
===============================================
              PySCF DHF interface              
===============================================

Timing report
....integral reading:      23.9579742 s

===============================================
            Relativistic CASCI(7,8)            
===============================================
Will now allocate 0.001 MB memory for the CASCI Hamiltonian!
Time taken for 1-RDM build:        0.0003829 s
Time taken for 1-RDM build:        0.0003686 s
Time taken for 1-RDM build:        0.0003674 s
Time taken for 1-RDM build:        0.0003688 s
Time taken for 1-RDM build:        0.0003657 s
Time taken for 1-RDM build:        0.0003648 s
Time taken for 2-RDM build:        0.0010653 s
Time taken for 2-RDM build:        0.0010028 s
Time taken for 2-RDM build:        0.0009966 s
Time taken for 2-RDM build:        0.0009956 s
Time taken for 2-RDM build:        0.0009968 s
Time taken for 2-RDM build:        0.0009999 s
Time taken for 3-RDM build:        0.0138459 s
Time taken for 3-RDM build:        0.0124054 s
Time taken for 3-RDM build:        0.0123503 s
Time taken for 3-RDM build:        0.0123384 s
Time taken for 3-RDM build:        0.0123100 s
Time taken for 3-RDM build:        0.0123029 s
E_frzc:                        -2590.5378304 Eh
E_cas:                           -13.1880855 Eh
E_nuc:                             0.0000000 Eh
E_casci:                       -2603.7203212 Eh
E0 (from RDM):                 -2603.7203212 Eh
Ecorr:                            -0.0318830 Eh

Timing summary
... Hamil build:                    0.0018935 s
... Hamil diag:                     0.0000968 s
... RDM build:                     47.2280455 s
State     Energy / Eh         Splitting / Eh      Splitting / cm-1    Splitting / meV     
0         -2.6037259e+03      +0.0000000e+00      +0.0000000e+00      +0.0000000e+00      
1         -2.6037259e+03      +9.2413757e-09      +2.0282475e-03      +2.5147076e-04      
2         -2.6037259e+03      +1.8784249e-08      +4.1226661e-03      +5.1114569e-04      
3         -2.6037259e+03      +9.8884811e-09      +2.1702707e-03      +2.6907941e-04      
4         -2.6037091e+03      +1.6783801e-02      +3.6836186e+03      +4.5671072e+02      
5         -2.6037091e+03      +7.4087438e-09      +1.6260313e-03      +2.0160228e-04      
Total time taken:                  50.8879261 s
===============================================

===============================================
            Relativistic DSRG-MRPT2            
===============================================
-----------------------------------------------
        DSRG-MRPT2 reference relaxation        
-----------------------------------------------
Iter                          Energy              Delta E   
   -Eref  -2603.7203212       
   -Ecorr -0.8550777       
<Psi^(0)|Hbar^(0)|Psi^(0)>    -2604.5753989       -2.60458e+03
   -Erelax0.0000000       
<Psi^(0)|Hbar^(1)|Psi^(0)>    -2604.5753989       0.00000e+00
   -Eref  -2603.7203212       
   -Ecorr -0.8550777       
<Psi^(1)|Hbar^(1)|Psi^(1)>    -2604.5753989       -9.09495e-13
   -Erelax-0.0000000       
<Psi^(1)|Hbar^(2)|Psi^(1)>    -2604.5753989       0.00000e+00
Unrelaxed DSRG-MRPT2 energy:             -2604.5753989 Eh
Unrelaxed DSRG-MRPT2 E_corr:                -0.8550777 Eh
Partially relaxed DSRG-MRPT2 energy:     -2604.5753989 Eh
Partially relaxed DSRG-MRPT2 E_corr:        -0.8550777 Eh
Relaxed DSRG-MRPT2 energy:               -2604.5753989 Eh
Relaxed DSRG-MRPT2 E_corr:                  -0.8550777 Eh
Fully relaxed DSRG-MRPT2 energy:         -2604.5753989 Eh
Fully relaxed DSRG-MRPT2 E_corr:            -0.8550777 Eh
State     Energy / Eh         Splitting / Eh      Splitting / cm-1    Splitting / meV     
0         -2.6045811e+03      +0.0000000e+00      +0.0000000e+00      +0.0000000e+00      
1         -2.6045811e+03      +8.9744390e-09      +1.9696617e-03      +2.4420704e-04      
2         -2.6045811e+03      +1.8086666e-08      +3.9695644e-03      +4.9216350e-04      
3         -2.6045811e+03      +9.4478310e-09      +2.0735592e-03      +2.5708870e-04      
4         -2.6045640e+03      +1.7103862e-02      +3.7538639e+03      +4.6542003e+02      
5         -2.6045640e+03      +7.1304385e-09      +1.5649503e-03      +1.9402921e-04      
Time taken:                      395.0068593 s
===============================================
