NOW DOING s=0.06!
===============================================
              PySCF DHF interface              
===============================================

Timing report
....integral reading:       0.5018306 s

===============================================
            Relativistic CASCI(3,8)            
===============================================
Will now allocate 0.050 MB memory for the CASCI Hamiltonian!
Time taken for 1-RDM build:        0.0058291 s
Time taken for 1-RDM build:        0.0057738 s
Time taken for 1-RDM build:        0.0058246 s
Time taken for 1-RDM build:        0.0057564 s
Time taken for 1-RDM build:        0.0058112 s
Time taken for 1-RDM build:        0.0060341 s
Time taken for 2-RDM build:        0.0244350 s
Time taken for 2-RDM build:        0.0235515 s
Time taken for 2-RDM build:        0.0233476 s
Time taken for 2-RDM build:        0.0234315 s
Time taken for 2-RDM build:        0.0233412 s
Time taken for 2-RDM build:        0.0234456 s
Time taken for 3-RDM build:        0.0655313 s
Time taken for 3-RDM build:        0.0655468 s
Time taken for 3-RDM build:        0.0646477 s
Time taken for 3-RDM build:        0.0648103 s
Time taken for 3-RDM build:        0.0647957 s
Time taken for 3-RDM build:        0.0650373 s
E_frzc:                          -21.9899228 Eh
E_cas:                            -2.5754278 Eh
E_nuc:                             0.0000000 Eh
E_casci:                         -24.5653104 Eh
E0 (from RDM):                   -24.5653104 Eh
Ecorr:                            -0.2764703 Eh

Timing summary
... Hamil build:                    0.0168543 s
... Hamil diag:                     0.0005744 s
... RDM build:                      1.7390394 s
State     Energy / Eh         Splitting / Eh      Splitting / cm-1    Splitting / meV     
0         -2.4565351e+01      +0.0000000e+00      +0.0000000e+00      +0.0000000e+00      
1         -2.4565351e+01      +1.6292141e-09      +3.5757116e-04      +4.4333195e-05      
2         -2.4565290e+01      +6.0370290e-05      +1.3249747e+01      +1.6427601e+00      
3         -2.4565290e+01      +8.2750518e-10      +1.8161639e-04      +2.2517574e-05      
4         -2.4565290e+01      +8.6880192e-10      +1.9067998e-04      +2.3641316e-05      
5         -2.4565290e+01      +1.8699744e-09      +4.1041194e-04      +5.0884619e-05      
Total time taken:                   1.8606448 s
===============================================

===============================================
            Relativistic DSRG-MRPT2            
===============================================
-----------------------------------------------
        DSRG-MRPT2 reference relaxation        
-----------------------------------------------
Iter                          Energy              Delta E   
   -Eref  -24.5653104       
   -Ecorr -0.0527486       
<Psi^(0)|Hbar^(0)|Psi^(0)>    -24.6180590         -2.46181e+01
   -Erelax-0.0001049       
<Psi^(0)|Hbar^(1)|Psi^(0)>    -24.6181638         -1.04856e-04
   -Eref  -24.5652031       
   -Ecorr -0.0529470       
<Psi^(1)|Hbar^(1)|Psi^(1)>    -24.6181501         1.37343e-05
   -Erelax-0.0000000       
<Psi^(1)|Hbar^(2)|Psi^(1)>    -24.6181501         -2.31982e-10
   -Eref  -24.5652028       
   -Ecorr -0.0529473       
<Psi^(2)|Hbar^(2)|Psi^(2)>    -24.6181501         1.99309e-08
   -Erelax0.0000000       
<Psi^(2)|Hbar^(3)|Psi^(2)>    -24.6181501         7.10543e-15
   -Eref  -24.5652028       
   -Ecorr -0.0529473       
<Psi^(3)|Hbar^(3)|Psi^(3)>    -24.6181501         2.84963e-11
   -Erelax0.0000000       
<Psi^(3)|Hbar^(4)|Psi^(3)>    -24.6181501         3.55271e-15
Unrelaxed DSRG-MRPT2 energy:               -24.6180590 Eh
Unrelaxed DSRG-MRPT2 E_corr:                -0.0527486 Eh
Partially relaxed DSRG-MRPT2 energy:       -24.6181638 Eh
Partially relaxed DSRG-MRPT2 E_corr:        -0.0528534 Eh
Relaxed DSRG-MRPT2 energy:                 -24.6181501 Eh
Relaxed DSRG-MRPT2 E_corr:                  -0.0529470 Eh
Fully relaxed DSRG-MRPT2 energy:           -24.6181501 Eh
Fully relaxed DSRG-MRPT2 E_corr:            -0.0529473 Eh
State     Energy / Eh         Splitting / Eh      Splitting / cm-1    Splitting / meV     
0         -2.4618193e+01      +0.0000000e+00      +0.0000000e+00      +0.0000000e+00      
1         -2.4618193e+01      +1.1866632e-09      +2.6044247e-04      +3.2290766e-05      
2         -2.4618129e+01      +6.4236360e-05      +1.4098251e+01      +1.7479612e+00      
3         -2.4618129e+01      +5.9294081e-10      +1.3013546e-04      +1.6134749e-05      
4         -2.4618129e+01      +6.2377836e-10      +1.3690353e-04      +1.6973882e-05      
5         -2.4618129e+01      +1.3561419e-09      +2.9763873e-04      +3.6902517e-05      
Time taken:                       16.7319338 s
===============================================
===============================================
              PySCF DHF interface              
===============================================

Timing report
....integral reading:       0.5012105 s

===============================================
            Relativistic CASCI(4,8)            
===============================================
Will now allocate 0.078 MB memory for the CASCI Hamiltonian!
Time taken for 1-RDM build:        0.0101054 s
Time taken for 1-RDM build:        0.0098174 s
Time taken for 1-RDM build:        0.0097826 s
Time taken for 1-RDM build:        0.0097687 s
Time taken for 1-RDM build:        0.0098124 s
Time taken for 1-RDM build:        0.0097468 s
Time taken for 1-RDM build:        0.0097642 s
Time taken for 1-RDM build:        0.0097775 s
Time taken for 1-RDM build:        0.0098009 s
Time taken for 2-RDM build:        0.0362039 s
Time taken for 2-RDM build:        0.0352645 s
Time taken for 2-RDM build:        0.0351963 s
Time taken for 2-RDM build:        0.0353007 s
Time taken for 2-RDM build:        0.0351844 s
Time taken for 2-RDM build:        0.0352664 s
Time taken for 2-RDM build:        0.0352414 s
Time taken for 2-RDM build:        0.0352662 s
Time taken for 2-RDM build:        0.0352848 s
Time taken for 3-RDM build:        0.1526141 s
Time taken for 3-RDM build:        0.1516004 s
Time taken for 3-RDM build:        0.1517174 s
Time taken for 3-RDM build:        0.1516535 s
Time taken for 3-RDM build:        0.1521008 s
Time taken for 3-RDM build:        0.1521339 s
Time taken for 3-RDM build:        0.1526742 s
Time taken for 3-RDM build:        0.1518874 s
Time taken for 3-RDM build:        0.1521714 s
E_frzc:                          -32.3709352 Eh
E_cas:                            -5.3467114 Eh
E_nuc:                             0.0000000 Eh
E_casci:                         -37.7175257 Eh
E0 (from RDM):                   -37.7175257 Eh
Ecorr:                            -0.4429083 Eh

Timing summary
... Hamil build:                    0.0260632 s
... Hamil diag:                     0.0009885 s
... RDM build:                      2.9337037 s
State     Energy / Eh         Splitting / Eh      Splitting / cm-1    Splitting / meV     
0         -3.7717647e+01      +0.0000000e+00      +0.0000000e+00      +0.0000000e+00      
1         -3.7717578e+01      +6.8056777e-05      +1.4936736e+01      +1.8519201e+00      
2         -3.7717578e+01      +1.0789947e-09      +2.3681196e-04      +2.9360955e-05      
3         -3.7717578e+01      +1.2285639e-09      +2.6963861e-04      +3.3430943e-05      
4         -3.7717470e+01      +1.0852195e-04      +2.3817815e+01      +2.9530341e+00      
5         -3.7717470e+01      +3.7324810e-10      +8.1918488e-05      +1.0156603e-05      
6         -3.7717470e+01      +9.5213437e-10      +2.0896934e-04      +2.5908908e-05      
7         -3.7717470e+01      +4.4995119e-10      +9.8752870e-05      +1.2243801e-05      
8         -3.7717470e+01      +5.6218852e-10      +1.2338612e-04      +1.5297936e-05      
Total time taken:                   3.0649250 s
===============================================

===============================================
            Relativistic DSRG-MRPT2            
===============================================
-----------------------------------------------
        DSRG-MRPT2 reference relaxation        
-----------------------------------------------
Iter                          Energy              Delta E   
   -Eref  -37.7175257       
   -Ecorr -0.0830033       
<Psi^(0)|Hbar^(0)|Psi^(0)>    -37.8005290         -3.78005e+01
   -Erelax-0.0000510       
<Psi^(0)|Hbar^(1)|Psi^(0)>    -37.8005800         -5.09821e-05
   -Eref  -37.7174735       
   -Ecorr -0.0831248       
<Psi^(1)|Hbar^(1)|Psi^(1)>    -37.8005983         -1.82732e-05
   -Erelax-0.0000000       
<Psi^(1)|Hbar^(2)|Psi^(1)>    -37.8005983         -2.98996e-11
   -Eref  -37.7174735       
   -Ecorr -0.0831247       
<Psi^(2)|Hbar^(2)|Psi^(2)>    -37.8005982         1.33443e-08
   -Erelax-0.0000000       
<Psi^(2)|Hbar^(3)|Psi^(2)>    -37.8005982         0.00000e+00
   -Eref  -37.7174735       
   -Ecorr -0.0831247       
<Psi^(3)|Hbar^(3)|Psi^(3)>    -37.8005982         -8.39151e-12
   -Erelax0.0000000       
<Psi^(3)|Hbar^(4)|Psi^(3)>    -37.8005982         7.10543e-15
Unrelaxed DSRG-MRPT2 energy:               -37.8005290 Eh
Unrelaxed DSRG-MRPT2 E_corr:                -0.0830033 Eh
Partially relaxed DSRG-MRPT2 energy:       -37.8005800 Eh
Partially relaxed DSRG-MRPT2 E_corr:        -0.0830543 Eh
Relaxed DSRG-MRPT2 energy:                 -37.8005983 Eh
Relaxed DSRG-MRPT2 E_corr:                  -0.0831248 Eh
Fully relaxed DSRG-MRPT2 energy:           -37.8005982 Eh
Fully relaxed DSRG-MRPT2 E_corr:            -0.0831247 Eh
State     Energy / Eh         Splitting / Eh      Splitting / cm-1    Splitting / meV     
0         -3.7800730e+01      +0.0000000e+00      +0.0000000e+00      +0.0000000e+00      
1         -3.7800657e+01      +7.3247219e-05      +1.6075906e+01      +1.9931593e+00      
2         -3.7800657e+01      +6.8538952e-10      +1.5042561e-04      +1.8650408e-05      
3         -3.7800657e+01      +7.5306161e-10      +1.6527792e-04      +2.0491860e-05      
4         -3.7800536e+01      +1.2074499e-04      +2.6500461e+01      +3.2856400e+00      
5         -3.7800536e+01      +2.3417357e-10      +5.1395158e-05      +6.3721904e-06      
6         -3.7800536e+01      +5.0323479e-10      +1.1044727e-04      +1.3693723e-05      
7         -3.7800536e+01      +3.2834890e-10      +7.2064254e-05      +8.9348330e-06      
8         -3.7800536e+01      +2.8796876e-10      +6.3201837e-05      +7.8360328e-06      
Time taken:                       20.3394206 s
===============================================
===============================================
              PySCF DHF interface              
===============================================

Timing report
....integral reading:       0.4986925 s

===============================================
            Relativistic CASCI(5,8)            
===============================================
Will now allocate 0.050 MB memory for the CASCI Hamiltonian!
Time taken for 1-RDM build:        0.0057900 s
Time taken for 1-RDM build:        0.0057740 s
Time taken for 1-RDM build:        0.0057693 s
Time taken for 1-RDM build:        0.0057847 s
Time taken for 1-RDM build:        0.0057428 s
Time taken for 1-RDM build:        0.0057545 s
Time taken for 1-RDM build:        0.0057402 s
Time taken for 1-RDM build:        0.0057876 s
Time taken for 1-RDM build:        0.0057342 s
Time taken for 1-RDM build:        0.0057440 s
Time taken for 1-RDM build:        0.0057523 s
Time taken for 1-RDM build:        0.0057554 s
Time taken for 1-RDM build:        0.0057681 s
Time taken for 1-RDM build:        0.0057468 s
Time taken for 2-RDM build:        0.0265257 s
Time taken for 2-RDM build:        0.0256205 s
Time taken for 2-RDM build:        0.0256183 s
Time taken for 2-RDM build:        0.0255599 s
Time taken for 2-RDM build:        0.0258548 s
Time taken for 2-RDM build:        0.0256884 s
Time taken for 2-RDM build:        0.0255795 s
Time taken for 2-RDM build:        0.0256488 s
Time taken for 2-RDM build:        0.0256052 s
Time taken for 2-RDM build:        0.0256257 s
Time taken for 2-RDM build:        0.0256951 s
Time taken for 2-RDM build:        0.0256596 s
Time taken for 2-RDM build:        0.0255978 s
Time taken for 2-RDM build:        0.0255949 s
Time taken for 3-RDM build:        0.1500158 s
Time taken for 3-RDM build:        0.1484392 s
Time taken for 3-RDM build:        0.1482003 s
Time taken for 3-RDM build:        0.1484694 s
Time taken for 3-RDM build:        0.1497457 s
Time taken for 3-RDM build:        0.1488318 s
Time taken for 3-RDM build:        0.1488824 s
Time taken for 3-RDM build:        0.1488006 s
Time taken for 3-RDM build:        0.1485124 s
Time taken for 3-RDM build:        0.1484184 s
Time taken for 3-RDM build:        0.1485229 s
Time taken for 3-RDM build:        0.1486521 s
Time taken for 3-RDM build:        0.1487231 s
Time taken for 3-RDM build:        0.1488314 s
E_frzc:                          -44.7567199 Eh
E_cas:                            -9.6666253 Eh
E_nuc:                             0.0000000 Eh
E_casci:                         -54.3487687 Eh
E0 (from RDM):                   -54.3487687 Eh
Ecorr:                            -0.4454114 Eh

Timing summary
... Hamil build:                    0.0211060 s
... Hamil diag:                     0.0004857 s
... RDM build:                      3.6862831 s
State     Energy / Eh         Splitting / Eh      Splitting / cm-1    Splitting / meV     
0         -5.4423345e+01      +0.0000000e+00      +0.0000000e+00      +0.0000000e+00      
1         -5.4423345e+01      +1.0766144e-09      +2.3628954e-04      +2.9296183e-05      
2         -5.4423345e+01      +1.0765220e-09      +2.3626926e-04      +2.9293669e-05      
3         -5.4423345e+01      +1.0763941e-09      +2.3624119e-04      +2.9290189e-05      
4         -5.4318958e+01      +1.0438692e-01      +2.2910281e+04      +2.8405142e+03      
5         -5.4318958e+01      +1.1012489e-09      +2.4169619e-04      +2.9966522e-05      
6         -5.4318958e+01      +1.1371313e-09      +2.4957147e-04      +3.0942933e-05      
7         -5.4318958e+01      +5.9976912e-10      +1.3163411e-04      +1.6320557e-05      
8         -5.4318958e+01      +1.1947563e-09      +2.6221870e-04      +3.2510990e-05      
9         -5.4318958e+01      +1.3782895e-09      +3.0249957e-04      +3.7505185e-05      
10        -5.4318908e+01      +5.0508872e-05      +1.1085416e+01      +1.3744171e+00      
11        -5.4318908e+01      +3.9502694e-09      +8.6698392e-04      +1.0749236e-04      
12        -5.4318908e+01      +3.0347778e-09      +6.6605673e-04      +8.2580549e-05      
13        -5.4318908e+01      +2.9868943e-09      +6.5554752e-04      +8.1277572e-05      
Total time taken:                   3.8102832 s
===============================================

===============================================
            Relativistic DSRG-MRPT2            
===============================================
-----------------------------------------------
        DSRG-MRPT2 reference relaxation        
-----------------------------------------------
Iter                          Energy              Delta E   
   -Eref  -54.3487687       
   -Ecorr -0.1328942       
<Psi^(0)|Hbar^(0)|Psi^(0)>    -54.4816629         -5.44817e+01
   -Erelax-0.0000000       
<Psi^(0)|Hbar^(1)|Psi^(0)>    -54.4816629         -1.26021e-08
   -Eref  -54.3487687       
   -Ecorr -0.1328943       
<Psi^(1)|Hbar^(1)|Psi^(1)>    -54.4816629         -1.02796e-08
   -Erelax-0.0000000       
<Psi^(1)|Hbar^(2)|Psi^(1)>    -54.4816629         -7.95808e-13
   -Eref  -54.3487687       
   -Ecorr -0.1328943       
<Psi^(2)|Hbar^(2)|Psi^(2)>    -54.4816629         8.63167e-11
   -Erelax-0.0000000       
<Psi^(2)|Hbar^(3)|Psi^(2)>    -54.4816629         -1.42109e-14
Unrelaxed DSRG-MRPT2 energy:               -54.4816629 Eh
Unrelaxed DSRG-MRPT2 E_corr:                -0.1328942 Eh
Partially relaxed DSRG-MRPT2 energy:       -54.4816629 Eh
Partially relaxed DSRG-MRPT2 E_corr:        -0.1328943 Eh
Relaxed DSRG-MRPT2 energy:                 -54.4816629 Eh
Relaxed DSRG-MRPT2 E_corr:                  -0.1328943 Eh
Fully relaxed DSRG-MRPT2 energy:           -54.4816629 Eh
Fully relaxed DSRG-MRPT2 E_corr:            -0.1328943 Eh
State     Energy / Eh         Splitting / Eh      Splitting / cm-1    Splitting / meV     
0         -5.4549027e+01      +0.0000000e+00      +0.0000000e+00      +0.0000000e+00      
1         -5.4549027e+01      +8.7023722e-10      +1.9099499e-04      +2.3680372e-05      
2         -5.4549027e+01      +8.7018748e-10      +1.9098407e-04      +2.3679019e-05      
3         -5.4549027e+01      +8.7009511e-10      +1.9096380e-04      +2.3676505e-05      
4         -5.4454736e+01      +9.4291022e-02      +2.0694487e+04      +2.5657906e+03      
5         -5.4454736e+01      +6.3792527e-10      +1.4000841e-04      +1.7358839e-05      
6         -5.4454736e+01      +5.2650506e-10      +1.1555450e-04      +1.4326939e-05      
7         -5.4454736e+01      +3.8836134e-10      +8.5235462e-05      +1.0567855e-05      
8         -5.4454736e+01      +5.0047788e-10      +1.0984220e-04      +1.3618703e-05      
9         -5.4454736e+01      +5.8905414e-10      +1.2928244e-04      +1.6028987e-05      
10        -5.4454690e+01      +4.6065808e-05      +1.0110276e+01      +1.2535151e+00      
11        -5.4454690e+01      +1.6230643e-09      +3.5622145e-04      +4.4165852e-05      
12        -5.4454690e+01      +1.3267893e-09      +2.9119660e-04      +3.6103794e-05      
13        -5.4454690e+01      +1.2774066e-09      +2.8035835e-04      +3.4760021e-05      
Time taken:                       15.6689947 s
===============================================
===============================================
              PySCF DHF interface              
===============================================

Timing report
....integral reading:       0.5065160 s

===============================================
            Relativistic CASCI(6,8)            
===============================================
Will now allocate 0.013 MB memory for the CASCI Hamiltonian!
Time taken for 1-RDM build:        0.0022631 s
Time taken for 1-RDM build:        0.0022414 s
Time taken for 1-RDM build:        0.0022194 s
Time taken for 1-RDM build:        0.0022326 s
Time taken for 1-RDM build:        0.0022316 s
Time taken for 1-RDM build:        0.0022233 s
Time taken for 1-RDM build:        0.0022249 s
Time taken for 1-RDM build:        0.0025365 s
Time taken for 1-RDM build:        0.0026813 s
Time taken for 2-RDM build:        0.0093772 s
Time taken for 2-RDM build:        0.0086379 s
Time taken for 2-RDM build:        0.0086184 s
Time taken for 2-RDM build:        0.0086329 s
Time taken for 2-RDM build:        0.0086489 s
Time taken for 2-RDM build:        0.0086694 s
Time taken for 2-RDM build:        0.0086682 s
Time taken for 2-RDM build:        0.0086613 s
Time taken for 2-RDM build:        0.0086358 s
Time taken for 3-RDM build:        0.0677199 s
Time taken for 3-RDM build:        0.0658848 s
Time taken for 3-RDM build:        0.0659456 s
Time taken for 3-RDM build:        0.0659542 s
Time taken for 3-RDM build:        0.0658767 s
Time taken for 3-RDM build:        0.0657680 s
Time taken for 3-RDM build:        0.0658646 s
Time taken for 3-RDM build:        0.0658953 s
Time taken for 3-RDM build:        0.0658569 s
E_frzc:                          -59.1480236 Eh
E_cas:                           -15.7034833 Eh
E_nuc:                             0.0000000 Eh
E_casci:                         -74.8511626 Eh
E0 (from RDM):                   -74.8511626 Eh
Ecorr:                            -0.3302227 Eh

Timing summary
... Hamil build:                    0.0088654 s
... Hamil diag:                     0.0002878 s
... RDM build:                      1.8542569 s
State     Energy / Eh         Splitting / Eh      Splitting / cm-1    Splitting / meV     
0         -7.4851507e+01      +0.0000000e+00      +0.0000000e+00      +0.0000000e+00      
1         -7.4851507e+01      +6.1121170e-09      +1.3414546e-03      +1.6631926e-04      
2         -7.4851507e+01      +6.8041430e-09      +1.4933368e-03      +1.8515025e-04      
3         -7.4851507e+01      +7.2887332e-09      +1.5996920e-03      +1.9833663e-04      
4         -7.4851507e+01      +9.8174127e-09      +2.1546730e-03      +2.6714553e-04      
5         -7.4850809e+01      +6.9818897e-04      +1.5323477e+02      +1.8998699e+01      
6         -7.4850809e+01      +7.3982136e-09      +1.6237202e-03      +2.0131574e-04      
7         -7.4850809e+01      +7.5923197e-09      +1.6663215e-03      +2.0659764e-04      
8         -7.4850503e+01      +3.0523771e-04      +6.6991933e+01      +8.3059451e+00      
Total time taken:                   1.9671841 s
===============================================

===============================================
            Relativistic DSRG-MRPT2            
===============================================
-----------------------------------------------
        DSRG-MRPT2 reference relaxation        
-----------------------------------------------
Iter                          Energy              Delta E   
   -Eref  -74.8511626       
   -Ecorr -0.1877141       
<Psi^(0)|Hbar^(0)|Psi^(0)>    -75.0388768         -7.50389e+01
   -Erelax-0.0000000       
<Psi^(0)|Hbar^(1)|Psi^(0)>    -75.0388768         -2.89727e-09
   -Eref  -74.8511626       
   -Ecorr -0.1877141       
<Psi^(1)|Hbar^(1)|Psi^(1)>    -75.0388768         -1.22496e-09
   -Erelax-0.0000000       
<Psi^(1)|Hbar^(2)|Psi^(1)>    -75.0388768         -4.26326e-14
Unrelaxed DSRG-MRPT2 energy:               -75.0388768 Eh
Unrelaxed DSRG-MRPT2 E_corr:                -0.1877141 Eh
Partially relaxed DSRG-MRPT2 energy:       -75.0388768 Eh
Partially relaxed DSRG-MRPT2 E_corr:        -0.1877141 Eh
Relaxed DSRG-MRPT2 energy:                 -75.0388768 Eh
Relaxed DSRG-MRPT2 E_corr:                  -0.1877141 Eh
Fully relaxed DSRG-MRPT2 energy:           -75.0388768 Eh
Fully relaxed DSRG-MRPT2 E_corr:            -0.1877141 Eh
State     Energy / Eh         Splitting / Eh      Splitting / cm-1    Splitting / meV     
0         -7.5039205e+01      +0.0000000e+00      +0.0000000e+00      +0.0000000e+00      
1         -7.5039205e+01      +5.5376148e-09      +1.2153660e-03      +1.5068625e-04      
2         -7.5039205e+01      +5.7846137e-09      +1.2695759e-03      +1.5740743e-04      
3         -7.5039205e+01      +6.4604393e-09      +1.4179025e-03      +1.7579759e-04      
4         -7.5039205e+01      +7.7101987e-09      +1.6921930e-03      +2.0980529e-04      
5         -7.5038538e+01      +6.6673808e-04      +1.4633209e+02      +1.8142876e+01      
6         -7.5038538e+01      +6.4769523e-09      +1.4215267e-03      +1.7624693e-04      
7         -7.5038538e+01      +6.2817236e-09      +1.3786790e-03      +1.7093449e-04      
8         -7.5038251e+01      +2.8773714e-04      +6.3151003e+01      +7.8297302e+00      
Time taken:                        6.8857837 s
===============================================
===============================================
              PySCF DHF interface              
===============================================

Timing report
....integral reading:       0.5009749 s

===============================================
            Relativistic CASCI(7,8)            
===============================================
Will now allocate 0.001 MB memory for the CASCI Hamiltonian!
Time taken for 1-RDM build:        0.0003827 s
Time taken for 1-RDM build:        0.0003762 s
Time taken for 1-RDM build:        0.0003705 s
Time taken for 1-RDM build:        0.0003734 s
Time taken for 1-RDM build:        0.0003698 s
Time taken for 1-RDM build:        0.0003722 s
Time taken for 2-RDM build:        0.0013165 s
Time taken for 2-RDM build:        0.0012519 s
Time taken for 2-RDM build:        0.0011311 s
Time taken for 2-RDM build:        0.0010023 s
Time taken for 2-RDM build:        0.0009999 s
Time taken for 2-RDM build:        0.0010026 s
Time taken for 3-RDM build:        0.0138397 s
Time taken for 3-RDM build:        0.0123541 s
Time taken for 3-RDM build:        0.0123332 s
Time taken for 3-RDM build:        0.0122550 s
Time taken for 3-RDM build:        0.0122862 s
Time taken for 3-RDM build:        0.0122867 s
E_frzc:                          -75.5478008 Eh
E_cas:                           -23.9325131 Eh
E_nuc:                             0.0000000 Eh
E_casci:                         -99.4797328 Eh
E0 (from RDM):                   -99.4797328 Eh
Ecorr:                            -0.1043819 Eh

Timing summary
... Hamil build:                    0.0016465 s
... Hamil diag:                     0.0000775 s
... RDM build:                      1.2375951 s
State     Energy / Eh         Splitting / Eh      Splitting / cm-1    Splitting / meV     
0         -9.9480314e+01      +0.0000000e+00      +0.0000000e+00      +0.0000000e+00      
1         -9.9480314e+01      +2.4031038e-08      +5.2742033e-03      +6.5391818e-04      
2         -9.9480314e+01      +6.9549486e-09      +1.5264348e-03      +1.8925388e-04      
3         -9.9480314e+01      +2.1663141e-08      +4.7545098e-03      +5.8948436e-04      
4         -9.9478571e+01      +1.7431739e-03      +3.8258245e+02      +4.7434202e+01      
5         -9.9478571e+01      +1.6993980e-08      +3.7297474e-03      +4.6242996e-04      
Total time taken:                   1.3418744 s
===============================================

===============================================
            Relativistic DSRG-MRPT2            
===============================================
-----------------------------------------------
        DSRG-MRPT2 reference relaxation        
-----------------------------------------------
Iter                          Energy              Delta E   
   -Eref  -99.4797328       
   -Ecorr -0.2526428       
<Psi^(0)|Hbar^(0)|Psi^(0)>    -99.7323756         -9.97324e+01
   -Erelax-0.0000000       
<Psi^(0)|Hbar^(1)|Psi^(0)>    -99.7323756         -2.84217e-14
   -Eref  -99.4797328       
   -Ecorr -0.2526428       
<Psi^(1)|Hbar^(1)|Psi^(1)>    -99.7323756         5.68434e-14
   -Erelax0.0000000       
<Psi^(1)|Hbar^(2)|Psi^(1)>    -99.7323756         1.42109e-14
Unrelaxed DSRG-MRPT2 energy:               -99.7323756 Eh
Unrelaxed DSRG-MRPT2 E_corr:                -0.2526428 Eh
Partially relaxed DSRG-MRPT2 energy:       -99.7323756 Eh
Partially relaxed DSRG-MRPT2 E_corr:        -0.2526428 Eh
Relaxed DSRG-MRPT2 energy:                 -99.7323756 Eh
Relaxed DSRG-MRPT2 E_corr:                  -0.2526428 Eh
Fully relaxed DSRG-MRPT2 energy:           -99.7323756 Eh
Fully relaxed DSRG-MRPT2 E_corr:            -0.2526428 Eh
State     Energy / Eh         Splitting / Eh      Splitting / cm-1    Splitting / meV     
0         -9.9732963e+01      +0.0000000e+00      +0.0000000e+00      +0.0000000e+00      
1         -9.9732963e+01      +1.3855171e-08      +3.0408586e-03      +3.7701859e-04      
2         -9.9732963e+01      +6.6395955e-09      +1.4572228e-03      +1.8067268e-04      
3         -9.9732963e+01      +1.1079322e-08      +2.4316302e-03      +3.0148386e-04      
4         -9.9731201e+01      +1.7617955e-03      +3.8666942e+02      +4.7940921e+01      
5         -9.9731201e+01      +1.1767753e-08      +2.5827232e-03      +3.2021702e-04      
Time taken:                        6.2771235 s
===============================================
===============================================
              PySCF DHF interface              
===============================================

Timing report
....integral reading:       1.9064555 s

===============================================
            Relativistic CASCI(3,8)            
===============================================
Will now allocate 0.050 MB memory for the CASCI Hamiltonian!
Time taken for 1-RDM build:        0.0057387 s
Time taken for 1-RDM build:        0.0057173 s
Time taken for 1-RDM build:        0.0057046 s
Time taken for 1-RDM build:        0.0057108 s
Time taken for 1-RDM build:        0.0057306 s
Time taken for 1-RDM build:        0.0057044 s
Time taken for 2-RDM build:        0.0241940 s
Time taken for 2-RDM build:        0.0236623 s
Time taken for 2-RDM build:        0.0231526 s
Time taken for 2-RDM build:        0.0232244 s
Time taken for 2-RDM build:        0.0232363 s
Time taken for 2-RDM build:        0.0232069 s
Time taken for 3-RDM build:        0.0655410 s
Time taken for 3-RDM build:        0.0646563 s
Time taken for 3-RDM build:        0.0643983 s
Time taken for 3-RDM build:        0.0642586 s
Time taken for 3-RDM build:        0.0644333 s
Time taken for 3-RDM build:        0.0644345 s
E_frzc:                         -240.4061812 Eh
E_cas:                            -1.8986420 Eh
E_nuc:                             0.0000000 Eh
E_casci:                        -242.3045291 Eh
E0 (from RDM):                  -242.3045291 Eh
Ecorr:                            -0.1899047 Eh

Timing summary
... Hamil build:                    0.0167878 s
... Hamil diag:                     0.0005164 s
... RDM build:                      3.9509053 s
State     Energy / Eh         Splitting / Eh      Splitting / cm-1    Splitting / meV     
0         -2.4230482e+02      +0.0000000e+00      +0.0000000e+00      +0.0000000e+00      
1         -2.4230482e+02      +1.0992665e-09      +2.4126110e-04      +2.9912578e-05      
2         -2.4230438e+02      +4.4107881e-04      +9.6805609e+01      +1.2002372e+01      
3         -2.4230438e+02      +1.0805650e-09      +2.3715660e-04      +2.9403685e-05      
4         -2.4230438e+02      +8.9775654e-10      +1.9703478e-04      +2.4429211e-05      
5         -2.4230438e+02      +3.6629899e-10      +8.0393336e-05      +9.9675080e-06      
Total time taken:                   4.2885520 s
===============================================

===============================================
            Relativistic DSRG-MRPT2            
===============================================
-----------------------------------------------
        DSRG-MRPT2 reference relaxation        
-----------------------------------------------
Iter                          Energy              Delta E   
   -Eref  -242.3045291       
   -Ecorr -0.1803606       
<Psi^(0)|Hbar^(0)|Psi^(0)>    -242.4848897        -2.42485e+02
   -Erelax-0.0000405       
<Psi^(0)|Hbar^(1)|Psi^(0)>    -242.4849302        -4.05165e-05
   -Eref  -242.3044886       
   -Ecorr -0.1804407       
<Psi^(1)|Hbar^(1)|Psi^(1)>    -242.4849293        8.77245e-07
   -Erelax-0.0000000       
<Psi^(1)|Hbar^(2)|Psi^(1)>    -242.4849293        -3.03544e-11
   -Eref  -242.3044886       
   -Ecorr -0.1804408       
<Psi^(2)|Hbar^(2)|Psi^(2)>    -242.4849293        7.39760e-10
   -Erelax0.0000000       
<Psi^(2)|Hbar^(3)|Psi^(2)>    -242.4849293        0.00000e+00
Unrelaxed DSRG-MRPT2 energy:              -242.4848897 Eh
Unrelaxed DSRG-MRPT2 E_corr:                -0.1803606 Eh
Partially relaxed DSRG-MRPT2 energy:      -242.4849302 Eh
Partially relaxed DSRG-MRPT2 E_corr:        -0.1804011 Eh
Relaxed DSRG-MRPT2 energy:                -242.4849293 Eh
Relaxed DSRG-MRPT2 E_corr:                  -0.1804407 Eh
Fully relaxed DSRG-MRPT2 energy:          -242.4849293 Eh
Fully relaxed DSRG-MRPT2 E_corr:            -0.1804408 Eh
State     Energy / Eh         Splitting / Eh      Splitting / cm-1    Splitting / meV     
0         -2.4248524e+02      +0.0000000e+00      +0.0000000e+00      +0.0000000e+00      
1         -2.4248524e+02      +9.9973363e-10      +2.1941617e-04      +2.7204151e-05      
2         -2.4248477e+02      +4.6408878e-04      +1.0185571e+02      +1.2628505e+01      
3         -2.4248477e+02      +9.7736574e-10      +2.1450699e-04      +2.6595489e-05      
4         -2.4248477e+02      +7.9558049e-10      +1.7460973e-04      +2.1648858e-05      
5         -2.4248477e+02      +3.3290348e-10      +7.3063869e-05      +9.0587695e-06      
Time taken:                       49.9037335 s
===============================================
===============================================
              PySCF DHF interface              
===============================================

Timing report
....integral reading:       1.9303138 s

===============================================
            Relativistic CASCI(4,8)            
===============================================
Will now allocate 0.078 MB memory for the CASCI Hamiltonian!
Time taken for 1-RDM build:        0.0100172 s
Time taken for 1-RDM build:        0.0097268 s
Time taken for 1-RDM build:        0.0097439 s
Time taken for 1-RDM build:        0.0098133 s
Time taken for 1-RDM build:        0.0098143 s
Time taken for 1-RDM build:        0.0097508 s
Time taken for 1-RDM build:        0.0096560 s
Time taken for 1-RDM build:        0.0096812 s
Time taken for 1-RDM build:        0.0096483 s
Time taken for 2-RDM build:        0.0349841 s
Time taken for 2-RDM build:        0.0349672 s
Time taken for 2-RDM build:        0.0350916 s
Time taken for 2-RDM build:        0.0350034 s
Time taken for 2-RDM build:        0.0350444 s
Time taken for 2-RDM build:        0.0350330 s
Time taken for 2-RDM build:        0.0349092 s
Time taken for 2-RDM build:        0.0350132 s
Time taken for 2-RDM build:        0.0350099 s
Time taken for 3-RDM build:        0.1526449 s
Time taken for 3-RDM build:        0.1523900 s
Time taken for 3-RDM build:        0.1511919 s
Time taken for 3-RDM build:        0.1512072 s
Time taken for 3-RDM build:        0.1512074 s
Time taken for 3-RDM build:        0.1511986 s
Time taken for 3-RDM build:        0.1511776 s
Time taken for 3-RDM build:        0.1510918 s
Time taken for 3-RDM build:        0.1509576 s
E_frzc:                         -285.7423197 Eh
E_cas:                            -3.6921024 Eh
E_nuc:                             0.0000000 Eh
E_casci:                        -289.4337768 Eh
E0 (from RDM):                  -289.4337768 Eh
Ecorr:                            -0.2329780 Eh

Timing summary
... Hamil build:                    0.0260999 s
... Hamil diag:                     0.0010269 s
... RDM build:                      5.1317747 s
State     Energy / Eh         Splitting / Eh      Splitting / cm-1    Splitting / meV     
0         -2.8943442e+02      +0.0000000e+00      +0.0000000e+00      +0.0000000e+00      
1         -2.8943409e+02      +3.3211201e-04      +7.2890160e+01      +9.0372324e+00      
2         -2.8943409e+02      +8.1735152e-10      +1.7938792e-04      +2.2241278e-05      
3         -2.8943409e+02      +8.9210062e-10      +1.9579345e-04      +2.4275306e-05      
4         -2.8943346e+02      +6.3005266e-04      +1.3828057e+02      +1.7144614e+01      
5         -2.8943346e+02      +2.5920599e-10      +5.6889139e-05      +7.0533576e-06      
6         -2.8943346e+02      +7.8654239e-10      +1.7262610e-04      +2.1402919e-05      
7         -2.8943346e+02      +6.1896799e-10      +1.3584777e-04      +1.6842985e-05      
8         -2.8943346e+02      +4.2439297e-10      +9.3143489e-05      +1.1548326e-05      
Total time taken:                   5.4756808 s
===============================================

===============================================
            Relativistic DSRG-MRPT2            
===============================================
-----------------------------------------------
        DSRG-MRPT2 reference relaxation        
-----------------------------------------------
Iter                          Energy              Delta E   
   -Eref  -289.4337768       
   -Ecorr -0.1900543       
<Psi^(0)|Hbar^(0)|Psi^(0)>    -289.6238311        -2.89624e+02
   -Erelax-0.0000344       
<Psi^(0)|Hbar^(1)|Psi^(0)>    -289.6238655        -3.44153e-05
   -Eref  -289.4337425       
   -Ecorr -0.1901285       
<Psi^(1)|Hbar^(1)|Psi^(1)>    -289.6238710        -5.47355e-06
   -Erelax-0.0000000       
<Psi^(1)|Hbar^(2)|Psi^(1)>    -289.6238710        -3.97904e-12
   -Eref  -289.4337425       
   -Ecorr -0.1901285       
<Psi^(2)|Hbar^(2)|Psi^(2)>    -289.6238710        -4.84192e-10
   -Erelax-0.0000000       
<Psi^(2)|Hbar^(3)|Psi^(2)>    -289.6238710        0.00000e+00
Unrelaxed DSRG-MRPT2 energy:              -289.6238311 Eh
Unrelaxed DSRG-MRPT2 E_corr:                -0.1900543 Eh
Partially relaxed DSRG-MRPT2 energy:      -289.6238655 Eh
Partially relaxed DSRG-MRPT2 E_corr:        -0.1900887 Eh
Relaxed DSRG-MRPT2 energy:                -289.6238710 Eh
Relaxed DSRG-MRPT2 E_corr:                  -0.1901285 Eh
Fully relaxed DSRG-MRPT2 energy:          -289.6238710 Eh
Fully relaxed DSRG-MRPT2 E_corr:            -0.1901285 Eh
State     Energy / Eh         Splitting / Eh      Splitting / cm-1    Splitting / meV     
0         -2.8962455e+02      +0.0000000e+00      +0.0000000e+00      +0.0000000e+00      
1         -2.8962420e+02      +3.4796866e-04      +7.6370292e+01      +9.4687139e+00      
2         -2.8962420e+02      +7.2139983e-10      +1.5832896e-04      +1.9630299e-05      
3         -2.8962420e+02      +7.6829565e-10      +1.6862140e-04      +2.0906399e-05      
4         -2.8962354e+02      +6.5862638e-04      +1.4455178e+02      +1.7922145e+01      
5         -2.8962354e+02      +2.5102054e-10      +5.5092640e-05      +6.8306200e-06      
6         -2.8962354e+02      +6.7421979e-10      +1.4797414e-04      +1.8346464e-05      
7         -2.8962354e+02      +5.7195848e-10      +1.2553038e-04      +1.5563790e-05      
8         -2.8962354e+02      +3.5606718e-10      +7.8147712e-05      +9.6890860e-06      
Time taken:                       52.3283925 s
===============================================
===============================================
              PySCF DHF interface              
===============================================

Timing report
....integral reading:       1.9322457 s

===============================================
            Relativistic CASCI(5,8)            
===============================================
Will now allocate 0.050 MB memory for the CASCI Hamiltonian!
Time taken for 1-RDM build:        0.0067151 s
Time taken for 1-RDM build:        0.0058115 s
Time taken for 1-RDM build:        0.0057974 s
Time taken for 1-RDM build:        0.0058084 s
Time taken for 1-RDM build:        0.0058129 s
Time taken for 1-RDM build:        0.0058014 s
Time taken for 1-RDM build:        0.0058167 s
Time taken for 1-RDM build:        0.0058150 s
Time taken for 1-RDM build:        0.0058079 s
Time taken for 1-RDM build:        0.0058217 s
Time taken for 1-RDM build:        0.0058160 s
Time taken for 1-RDM build:        0.0058250 s
Time taken for 1-RDM build:        0.0058236 s
Time taken for 1-RDM build:        0.0057964 s
Time taken for 2-RDM build:        0.0258105 s
Time taken for 2-RDM build:        0.0257409 s
Time taken for 2-RDM build:        0.0257320 s
Time taken for 2-RDM build:        0.0257177 s
Time taken for 2-RDM build:        0.0257497 s
Time taken for 2-RDM build:        0.0258377 s
Time taken for 2-RDM build:        0.0257852 s
Time taken for 2-RDM build:        0.0257285 s
Time taken for 2-RDM build:        0.0257001 s
Time taken for 2-RDM build:        0.0257149 s
Time taken for 2-RDM build:        0.0257554 s
Time taken for 2-RDM build:        0.0258048 s
Time taken for 2-RDM build:        0.0257061 s
Time taken for 2-RDM build:        0.0258145 s
Time taken for 3-RDM build:        0.1505055 s
Time taken for 3-RDM build:        0.1488359 s
Time taken for 3-RDM build:        0.1485069 s
Time taken for 3-RDM build:        0.1483433 s
Time taken for 3-RDM build:        0.1481681 s
Time taken for 3-RDM build:        0.1484976 s
Time taken for 3-RDM build:        0.1486039 s
Time taken for 3-RDM build:        0.1487355 s
Time taken for 3-RDM build:        0.1499729 s
Time taken for 3-RDM build:        0.1487491 s
Time taken for 3-RDM build:        0.1487374 s
Time taken for 3-RDM build:        0.1487424 s
Time taken for 3-RDM build:        0.1486559 s
Time taken for 3-RDM build:        0.1485856 s
E_frzc:                         -335.1272672 Eh
E_cas:                            -6.3636403 Eh
E_nuc:                             0.0000000 Eh
E_casci:                        -341.4410664 Eh
E0 (from RDM):                  -341.4410664 Eh
Ecorr:                            -0.2138107 Eh

Timing summary
... Hamil build:                    0.0215719 s
... Hamil diag:                     0.0005722 s
... RDM build:                      5.8959453 s
State     Energy / Eh         Splitting / Eh      Splitting / cm-1    Splitting / meV     
0         -3.4149091e+02      +0.0000000e+00      +0.0000000e+00      +0.0000000e+00      
1         -3.4149091e+02      +3.2849812e-10      +7.2097003e-05      +8.9388933e-06      
2         -3.4149091e+02      +3.2838443e-10      +7.2072051e-05      +8.9357998e-06      
3         -3.4149091e+02      +3.2798653e-10      +7.1984722e-05      +8.9249722e-06      
4         -3.4142117e+02      +6.9735531e-02      +1.5305180e+04      +1.8976014e+03      
5         -3.4142117e+02      +1.5667183e-09      +3.4385492e-04      +4.2632597e-05      
6         -3.4142117e+02      +1.3034196e-09      +2.8606753e-04      +3.5467871e-05      
7         -3.4142117e+02      +1.7383286e-09      +3.8151902e-04      +4.7302353e-05      
8         -3.4142110e+02      +6.9890622e-05      +1.5339218e+01      +1.9018216e+00      
9         -3.4142110e+02      +9.2740038e-10      +2.0354085e-04      +2.5235862e-05      
10        -3.4142110e+02      +9.6150643e-10      +2.1102627e-04      +2.6163935e-05      
11        -3.4142110e+02      +7.5050366e-10      +1.6471651e-04      +2.0422255e-05      
12        -3.4142110e+02      +9.6383701e-10      +2.1153777e-04      +2.6227353e-05      
13        -3.4142110e+02      +1.9558115e-09      +4.2925101e-04      +5.3220367e-05      
Total time taken:                   6.2380230 s
===============================================

===============================================
            Relativistic DSRG-MRPT2            
===============================================
-----------------------------------------------
        DSRG-MRPT2 reference relaxation        
-----------------------------------------------
Iter                          Energy              Delta E   
   -Eref  -341.4410664       
   -Ecorr -0.2114205       
<Psi^(0)|Hbar^(0)|Psi^(0)>    -341.6524869        -3.41652e+02
   -Erelax-0.0000001       
<Psi^(0)|Hbar^(1)|Psi^(0)>    -341.6524870        -8.41856e-08
   -Eref  -341.4410663       
   -Ecorr -0.2114207       
<Psi^(1)|Hbar^(1)|Psi^(1)>    -341.6524870        -1.82806e-08
   -Erelax-0.0000000       
<Psi^(1)|Hbar^(2)|Psi^(1)>    -341.6524870        -1.93268e-12
   -Eref  -341.4410663       
   -Ecorr -0.2114207       
<Psi^(2)|Hbar^(2)|Psi^(2)>    -341.6524870        -3.68345e-11
   -Erelax0.0000000       
<Psi^(2)|Hbar^(3)|Psi^(2)>    -341.6524870        0.00000e+00
Unrelaxed DSRG-MRPT2 energy:              -341.6524869 Eh
Unrelaxed DSRG-MRPT2 E_corr:                -0.2114205 Eh
Partially relaxed DSRG-MRPT2 energy:      -341.6524870 Eh
Partially relaxed DSRG-MRPT2 E_corr:        -0.2114206 Eh
Relaxed DSRG-MRPT2 energy:                -341.6524870 Eh
Relaxed DSRG-MRPT2 E_corr:                  -0.2114207 Eh
Fully relaxed DSRG-MRPT2 energy:          -341.6524870 Eh
Fully relaxed DSRG-MRPT2 E_corr:            -0.2114207 Eh
State     Energy / Eh         Splitting / Eh      Splitting / cm-1    Splitting / meV     
0         -3.4169935e+02      +0.0000000e+00      +0.0000000e+00      +0.0000000e+00      
1         -3.4169935e+02      +2.6795988e-10      +5.8810395e-05      +7.2915631e-06      
2         -3.4169935e+02      +2.6756197e-10      +5.8723065e-05      +7.2807356e-06      
3         -3.4169935e+02      +2.6773250e-10      +5.8760492e-05      +7.2853760e-06      
4         -3.4163378e+02      +6.5564660e-02      +1.4389779e+04      +1.7841061e+03      
5         -3.4163378e+02      +1.2722694e-09      +2.7923086e-04      +3.4620230e-05      
6         -3.4163378e+02      +1.0607550e-09      +2.3280882e-04      +2.8864629e-05      
7         -3.4163378e+02      +1.4053398e-09      +3.0843644e-04      +3.8241263e-05      
8         -3.4163372e+02      +6.8157585e-05      +1.4958861e+01      +1.8546632e+00      
9         -3.4163372e+02      +7.1969453e-10      +1.5795469e-04      +1.9583895e-05      
10        -3.4163372e+02      +7.1827344e-10      +1.5764280e-04      +1.9545225e-05      
11        -3.4163372e+02      +6.2010486e-10      +1.3609728e-04      +1.6873921e-05      
12        -3.4163372e+02      +7.6755668e-10      +1.6845922e-04      +2.0886291e-05      
13        -3.4163372e+02      +1.4701982e-09      +3.2267120e-04      +4.0006149e-05      
Time taken:                       54.0522177 s
===============================================
===============================================
              PySCF DHF interface              
===============================================

Timing report
....integral reading:       1.9435451 s

===============================================
            Relativistic CASCI(6,8)            
===============================================
Will now allocate 0.013 MB memory for the CASCI Hamiltonian!
Time taken for 1-RDM build:        0.0022438 s
Time taken for 1-RDM build:        0.0022221 s
Time taken for 1-RDM build:        0.0022132 s
Time taken for 1-RDM build:        0.0022168 s
Time taken for 1-RDM build:        0.0022123 s
Time taken for 1-RDM build:        0.0022223 s
Time taken for 1-RDM build:        0.0022125 s
Time taken for 1-RDM build:        0.0022213 s
Time taken for 1-RDM build:        0.0022058 s
Time taken for 2-RDM build:        0.0086524 s
Time taken for 2-RDM build:        0.0086265 s
Time taken for 2-RDM build:        0.0086274 s
Time taken for 2-RDM build:        0.0086448 s
Time taken for 2-RDM build:        0.0086129 s
Time taken for 2-RDM build:        0.0086358 s
Time taken for 2-RDM build:        0.0086360 s
Time taken for 2-RDM build:        0.0086050 s
Time taken for 2-RDM build:        0.0086129 s
Time taken for 3-RDM build:        0.0676610 s
Time taken for 3-RDM build:        0.0668926 s
Time taken for 3-RDM build:        0.0659781 s
Time taken for 3-RDM build:        0.0658815 s
Time taken for 3-RDM build:        0.0660725 s
Time taken for 3-RDM build:        0.0660882 s
Time taken for 3-RDM build:        0.0660725 s
Time taken for 3-RDM build:        0.0660834 s
Time taken for 3-RDM build:        0.0661104 s
E_frzc:                         -388.5675376 Eh
E_cas:                            -9.9659359 Eh
E_nuc:                             0.0000000 Eh
E_casci:                        -398.5325748 Eh
E0 (from RDM):                  -398.5325748 Eh
Ecorr:                            -0.1603097 Eh

Timing summary
... Hamil build:                    0.0087388 s
... Hamil diag:                     0.0002675 s
... RDM build:                      4.0648427 s
State     Energy / Eh         Splitting / Eh      Splitting / cm-1    Splitting / meV     
0         -3.9853347e+02      +0.0000000e+00      +0.0000000e+00      +0.0000000e+00      
1         -3.9853347e+02      +5.6296585e-09      +1.2355672e-03      +1.5319088e-04      
2         -3.9853347e+02      +5.9783360e-09      +1.3120931e-03      +1.6267889e-04      
3         -3.9853347e+02      +5.6479053e-09      +1.2395719e-03      +1.5368740e-04      
4         -3.9853347e+02      +5.6580234e-09      +1.2417926e-03      +1.5396273e-04      
5         -3.9853166e+02      +1.8163270e-03      +3.9863770e+02      +4.9424800e+01      
6         -3.9853166e+02      +3.5533390e-09      +7.7986775e-04      +9.6691324e-05      
7         -3.9853166e+02      +3.5755079e-09      +7.8473327e-04      +9.7294572e-05      
8         -3.9853083e+02      +8.2294816e-04      +1.8061624e+02      +2.2393571e+01      
Total time taken:                   4.3930354 s
===============================================

===============================================
            Relativistic DSRG-MRPT2            
===============================================
-----------------------------------------------
        DSRG-MRPT2 reference relaxation        
-----------------------------------------------
Iter                          Energy              Delta E   
   -Eref  -398.5325748       
   -Ecorr -0.2405031       
<Psi^(0)|Hbar^(0)|Psi^(0)>    -398.7730780        -3.98773e+02
   -Erelax-0.0000002       
<Psi^(0)|Hbar^(1)|Psi^(0)>    -398.7730782        -1.84974e-07
   -Eref  -398.5325746       
   -Ecorr -0.2405036       
<Psi^(1)|Hbar^(1)|Psi^(1)>    -398.7730783        -8.13934e-08
   -Erelax-0.0000000       
<Psi^(1)|Hbar^(2)|Psi^(1)>    -398.7730783        -1.54046e-11
   -Eref  -398.5325746       
   -Ecorr -0.2405036       
<Psi^(2)|Hbar^(2)|Psi^(2)>    -398.7730782        7.15147e-10
   -Erelax-0.0000000       
<Psi^(2)|Hbar^(3)|Psi^(2)>    -398.7730782        0.00000e+00
Unrelaxed DSRG-MRPT2 energy:              -398.7730780 Eh
Unrelaxed DSRG-MRPT2 E_corr:                -0.2405031 Eh
Partially relaxed DSRG-MRPT2 energy:      -398.7730782 Eh
Partially relaxed DSRG-MRPT2 E_corr:        -0.2405033 Eh
Relaxed DSRG-MRPT2 energy:                -398.7730783 Eh
Relaxed DSRG-MRPT2 E_corr:                  -0.2405036 Eh
Fully relaxed DSRG-MRPT2 energy:          -398.7730782 Eh
Fully relaxed DSRG-MRPT2 E_corr:            -0.2405036 Eh
State     Energy / Eh         Splitting / Eh      Splitting / cm-1    Splitting / meV     
0         -3.9877401e+02      +0.0000000e+00      +0.0000000e+00      +0.0000000e+00      
1         -3.9877401e+02      +4.2273882e-09      +9.2780446e-04      +1.1503315e-04      
2         -3.9877401e+02      +4.4126409e-09      +9.6846273e-04      +1.2007413e-04      
3         -3.9877401e+02      +4.2335841e-09      +9.2916431e-04      +1.1520175e-04      
4         -3.9877401e+02      +4.1734438e-09      +9.1596504e-04      +1.1356524e-04      
5         -3.9877213e+02      +1.8799673e-03      +4.1260512e+02      +5.1156540e+01      
6         -3.9877213e+02      +2.4847964e-09      +5.4534976e-04      +6.7614785e-05      
7         -3.9877213e+02      +2.5250415e-09      +5.5418255e-04      +6.8709912e-05      
8         -3.9877128e+02      +8.4819454e-04      +1.8615718e+02      +2.3080560e+01      
Time taken:                       50.6471336 s
===============================================
===============================================
              PySCF DHF interface              
===============================================

Timing report
....integral reading:       1.9297464 s

===============================================
            Relativistic CASCI(7,8)            
===============================================
Will now allocate 0.001 MB memory for the CASCI Hamiltonian!
Time taken for 1-RDM build:        0.0003810 s
Time taken for 1-RDM build:        0.0003726 s
Time taken for 1-RDM build:        0.0003705 s
Time taken for 1-RDM build:        0.0003669 s
Time taken for 1-RDM build:        0.0003691 s
Time taken for 1-RDM build:        0.0003667 s
Time taken for 2-RDM build:        0.0010519 s
Time taken for 2-RDM build:        0.0010061 s
Time taken for 2-RDM build:        0.0010064 s
Time taken for 2-RDM build:        0.0010068 s
Time taken for 2-RDM build:        0.0010097 s
Time taken for 2-RDM build:        0.0009987 s
Time taken for 3-RDM build:        0.0137794 s
Time taken for 3-RDM build:        0.0124936 s
Time taken for 3-RDM build:        0.0125179 s
Time taken for 3-RDM build:        0.0125129 s
Time taken for 3-RDM build:        0.0124712 s
Time taken for 3-RDM build:        0.0124767 s
E_frzc:                         -446.0682972 Eh
E_cas:                           -14.7582517 Eh
E_nuc:                             0.0000000 Eh
E_casci:                        -460.8252020 Eh
E0 (from RDM):                  -460.8252020 Eh
Ecorr:                             0.0013470 Eh

Timing summary
... Hamil build:                    0.0017707 s
... Hamil diag:                     0.0000994 s
... RDM build:                      3.4573209 s
State     Energy / Eh         Splitting / Eh      Splitting / cm-1    Splitting / meV     
0         -4.6082655e+02      +0.0000000e+00      +0.0000000e+00      +0.0000000e+00      
1         -4.6082655e+02      +1.2022326e-08      +2.6385956e-03      +3.2714432e-04      
2         -4.6082655e+02      +5.7600573e-09      +1.2641864e-03      +1.5673922e-04      
3         -4.6082655e+02      +1.1622035e-08      +2.5507418e-03      +3.1625183e-04      
4         -4.6082251e+02      +4.0408198e-03      +8.8685742e+02      +1.0995636e+02      
5         -4.6082251e+02      +2.0031848e-08      +4.3964825e-03      +5.4509461e-04      
Total time taken:                   3.7778494 s
===============================================

===============================================
            Relativistic DSRG-MRPT2            
===============================================
-----------------------------------------------
        DSRG-MRPT2 reference relaxation        
-----------------------------------------------
Iter                          Energy              Delta E   
   -Eref  -460.8252020       
   -Ecorr -0.2827008       
<Psi^(0)|Hbar^(0)|Psi^(0)>    -461.1079027        -4.61108e+02
   -Erelax-0.0000000       
<Psi^(0)|Hbar^(1)|Psi^(0)>    -461.1079027        0.00000e+00
   -Eref  -460.8252020       
   -Ecorr -0.2827008       
<Psi^(1)|Hbar^(1)|Psi^(1)>    -461.1079027        -5.68434e-14
   -Erelax-0.0000000       
<Psi^(1)|Hbar^(2)|Psi^(1)>    -461.1079027        0.00000e+00
Unrelaxed DSRG-MRPT2 energy:              -461.1079027 Eh
Unrelaxed DSRG-MRPT2 E_corr:                -0.2827008 Eh
Partially relaxed DSRG-MRPT2 energy:      -461.1079027 Eh
Partially relaxed DSRG-MRPT2 E_corr:        -0.2827008 Eh
Relaxed DSRG-MRPT2 energy:                -461.1079027 Eh
Relaxed DSRG-MRPT2 E_corr:                  -0.2827008 Eh
Fully relaxed DSRG-MRPT2 energy:          -461.1079027 Eh
Fully relaxed DSRG-MRPT2 E_corr:            -0.2827008 Eh
State     Energy / Eh         Splitting / Eh      Splitting / cm-1    Splitting / meV     
0         -4.6110930e+02      +0.0000000e+00      +0.0000000e+00      +0.0000000e+00      
1         -4.6110930e+02      +8.1288363e-09      +1.7840733e-03      +2.2119701e-04      
2         -4.6110930e+02      +4.6451305e-09      +1.0194883e-03      +1.2640050e-04      
3         -4.6110930e+02      +8.0021891e-09      +1.7562775e-03      +2.1775076e-04      
4         -4.6110511e+02      +4.1872700e-03      +9.1899954e+02      +1.1394148e+02      
5         -4.6110511e+02      +1.4238253e-08      +3.1249354e-03      +3.8744279e-04      
Time taken:                       30.0689170 s
===============================================
===============================================
              PySCF DHF interface              
===============================================

Timing report
....integral reading:      24.2477171 s

===============================================
            Relativistic CASCI(3,8)            
===============================================
Will now allocate 0.050 MB memory for the CASCI Hamiltonian!
Time taken for 1-RDM build:        0.0057361 s
Time taken for 1-RDM build:        0.0057535 s
Time taken for 1-RDM build:        0.0057380 s
Time taken for 1-RDM build:        0.0057299 s
Time taken for 1-RDM build:        0.0057380 s
Time taken for 1-RDM build:        0.0057259 s
Time taken for 2-RDM build:        0.0232332 s
Time taken for 2-RDM build:        0.0231709 s
Time taken for 2-RDM build:        0.0231719 s
Time taken for 2-RDM build:        0.0232201 s
Time taken for 2-RDM build:        0.0232272 s
Time taken for 2-RDM build:        0.0232074 s
Time taken for 3-RDM build:        0.0654254 s
Time taken for 3-RDM build:        0.0644805 s
Time taken for 3-RDM build:        0.0644786 s
Time taken for 3-RDM build:        0.0645130 s
Time taken for 3-RDM build:        0.0643964 s
Time taken for 3-RDM build:        0.0644860 s
E_frzc:                        -1939.7138290 Eh
E_cas:                            -2.0100161 Eh
E_nuc:                             0.0000000 Eh
E_casci:                       -1941.7217616 Eh
E0 (from RDM):                 -1941.7217616 Eh
Ecorr:                            -0.1944870 Eh

Timing summary
... Hamil build:                    0.0169525 s
... Hamil diag:                     0.0005620 s
... RDM build:                     48.6209977 s
State     Energy / Eh         Splitting / Eh      Splitting / cm-1    Splitting / meV     
0         -1.9417238e+03      +0.0000000e+00      +0.0000000e+00      +0.0000000e+00      
1         -1.9417238e+03      +1.0702479e-09      +2.3489226e-04      +2.9122942e-05      
2         -1.9417207e+03      +3.1252750e-03      +6.8591858e+02      +8.5043106e+01      
3         -1.9417207e+03      +1.1004886e-09      +2.4152933e-04      +2.9945834e-05      
4         -1.9417207e+03      +9.5178621e-10      +2.0889293e-04      +2.5899434e-05      
5         -1.9417207e+03      +6.4619599e-10      +1.4182362e-04      +1.7583897e-05      
Total time taken:                  52.2901671 s
===============================================

===============================================
            Relativistic DSRG-MRPT2            
===============================================
-----------------------------------------------
        DSRG-MRPT2 reference relaxation        
-----------------------------------------------
Iter                          Energy              Delta E   
   -Eref  -1941.7217616       
   -Ecorr -0.9217199       
<Psi^(0)|Hbar^(0)|Psi^(0)>    -1942.6434815       -1.94264e+03
   -Erelax-0.0000729       
<Psi^(0)|Hbar^(1)|Psi^(0)>    -1942.6435544       -7.28831e-05
   -Eref  -1941.7216893       
   -Ecorr -0.9218675       
<Psi^(1)|Hbar^(1)|Psi^(1)>    -1942.6435568       -2.37872e-06
   -Erelax-0.0000000       
<Psi^(1)|Hbar^(2)|Psi^(1)>    -1942.6435568       -1.27329e-11
   -Eref  -1941.7216892       
   -Ecorr -0.9218676       
<Psi^(2)|Hbar^(2)|Psi^(2)>    -1942.6435568       -9.77479e-10
   -Erelax0.0000000       
<Psi^(2)|Hbar^(3)|Psi^(2)>    -1942.6435568       0.00000e+00
Unrelaxed DSRG-MRPT2 energy:             -1942.6434815 Eh
Unrelaxed DSRG-MRPT2 E_corr:                -0.9217199 Eh
Partially relaxed DSRG-MRPT2 energy:     -1942.6435544 Eh
Partially relaxed DSRG-MRPT2 E_corr:        -0.9217928 Eh
Relaxed DSRG-MRPT2 energy:               -1942.6435568 Eh
Relaxed DSRG-MRPT2 E_corr:                  -0.9218675 Eh
Fully relaxed DSRG-MRPT2 energy:         -1942.6435568 Eh
Fully relaxed DSRG-MRPT2 E_corr:            -0.9218676 Eh
State     Energy / Eh         Splitting / Eh      Splitting / cm-1    Splitting / meV     
0         -1.9426458e+03      +0.0000000e+00      +0.0000000e+00      +0.0000000e+00      
1         -1.9426458e+03      +9.0039975e-10      +1.9761490e-04      +2.4501137e-05      
2         -1.9426424e+03      +3.4011808e-03      +7.4647289e+02      +9.2550887e+01      
3         -1.9426424e+03      +9.1381480e-10      +2.0055917e-04      +2.4866179e-05      
4         -1.9426424e+03      +7.8603080e-10      +1.7251382e-04      +2.1388998e-05      
5         -1.9426424e+03      +5.5092642e-10      +1.2091437e-04      +1.4991479e-05      
Time taken:                      675.2165205 s
===============================================
===============================================
              PySCF DHF interface              
===============================================

Timing report
....integral reading:      23.9743869 s

===============================================
            Relativistic CASCI(4,8)            
===============================================
Will now allocate 0.078 MB memory for the CASCI Hamiltonian!
Time taken for 1-RDM build:        0.0099986 s
Time taken for 1-RDM build:        0.0096681 s
Time taken for 1-RDM build:        0.0096672 s
Time taken for 1-RDM build:        0.0096843 s
Time taken for 1-RDM build:        0.0097094 s
Time taken for 1-RDM build:        0.0096736 s
Time taken for 1-RDM build:        0.0096779 s
Time taken for 1-RDM build:        0.0096781 s
Time taken for 1-RDM build:        0.0096655 s
Time taken for 2-RDM build:        0.0350032 s
Time taken for 2-RDM build:        0.0348330 s
Time taken for 2-RDM build:        0.0348346 s
Time taken for 2-RDM build:        0.0348971 s
Time taken for 2-RDM build:        0.0348933 s
Time taken for 2-RDM build:        0.0348146 s
Time taken for 2-RDM build:        0.0367990 s
Time taken for 2-RDM build:        0.0348949 s
Time taken for 2-RDM build:        0.0368960 s
Time taken for 3-RDM build:        0.1520448 s
Time taken for 3-RDM build:        0.1509094 s
Time taken for 3-RDM build:        0.1515377 s
Time taken for 3-RDM build:        0.1508510 s
Time taken for 3-RDM build:        0.1507947 s
Time taken for 3-RDM build:        0.1509364 s
Time taken for 3-RDM build:        0.1510468 s
Time taken for 3-RDM build:        0.1509411 s
Time taken for 3-RDM build:        0.1508911 s
E_frzc:                        -2092.8592106 Eh
E_cas:                            -3.6862998 Eh
E_nuc:                             0.0000000 Eh
E_casci:                       -2096.5413860 Eh
E0 (from RDM):                 -2096.5413860 Eh
Ecorr:                            -0.2153364 Eh

Timing summary
... Hamil build:                    0.0262034 s
... Hamil diag:                     0.0010817 s
... RDM build:                     49.5912118 s
State     Energy / Eh         Splitting / Eh      Splitting / cm-1    Splitting / meV     
0         -2.0965455e+03      +0.0000000e+00      +0.0000000e+00      +0.0000000e+00      
1         -2.0965432e+03      +2.3344184e-03      +5.1234561e+02      +6.3522789e+01      
2         -2.0965432e+03      +6.4164851e-10      +1.4082557e-04      +1.7460154e-05      
3         -2.0965432e+03      +5.3205440e-10      +1.1677244e-04      +1.4477945e-05      
4         -2.0965395e+03      +3.6890520e-03      +8.0965333e+02      +1.0038427e+02      
5         -2.0965395e+03      +9.3723429e-10      +2.0569915e-04      +2.5503456e-05      
6         -2.0965395e+03      +1.0586518e-09      +2.3234722e-04      +2.8807397e-05      
7         -2.0965395e+03      +1.1709744e-09      +2.5699918e-04      +3.1863852e-05      
8         -2.0965395e+03      +1.0372787e-09      +2.2765636e-04      +2.8225805e-05      
Total time taken:                  53.2739007 s
===============================================

===============================================
            Relativistic DSRG-MRPT2            
===============================================
-----------------------------------------------
        DSRG-MRPT2 reference relaxation        
-----------------------------------------------
Iter                          Energy              Delta E   
   -Eref  -2096.5413860       
   -Ecorr -0.9112198       
<Psi^(0)|Hbar^(0)|Psi^(0)>    -2097.4526057       -2.09745e+03
   -Erelax-0.0000437       
<Psi^(0)|Hbar^(1)|Psi^(0)>    -2097.4526494       -4.37084e-05
   -Eref  -2096.5413425       
   -Ecorr -0.9113141       
<Psi^(1)|Hbar^(1)|Psi^(1)>    -2097.4526565       -7.11610e-06
   -Erelax-0.0000000       
<Psi^(1)|Hbar^(2)|Psi^(1)>    -2097.4526565       -9.95897e-11
   -Eref  -2096.5413424       
   -Ecorr -0.9113141       
<Psi^(2)|Hbar^(2)|Psi^(2)>    -2097.4526565       -1.11959e-09
   -Erelax-0.0000000       
<Psi^(2)|Hbar^(3)|Psi^(2)>    -2097.4526565       0.00000e+00
Unrelaxed DSRG-MRPT2 energy:             -2097.4526057 Eh
Unrelaxed DSRG-MRPT2 E_corr:                -0.9112198 Eh
Partially relaxed DSRG-MRPT2 energy:     -2097.4526494 Eh
Partially relaxed DSRG-MRPT2 E_corr:        -0.9112635 Eh
Relaxed DSRG-MRPT2 energy:               -2097.4526565 Eh
Relaxed DSRG-MRPT2 E_corr:                  -0.9113141 Eh
Fully relaxed DSRG-MRPT2 energy:         -2097.4526565 Eh
Fully relaxed DSRG-MRPT2 E_corr:            -0.9113141 Eh
State     Energy / Eh         Splitting / Eh      Splitting / cm-1    Splitting / meV     
0         -2.0974570e+03      +0.0000000e+00      +0.0000000e+00      +0.0000000e+00      
1         -2.0974545e+03      +2.4828991e-03      +5.4493336e+02      +6.7563158e+01      
2         -2.0974545e+03      +5.4615157e-10      +1.1986641e-04      +1.4861548e-05      
3         -2.0974545e+03      +4.8157744e-10      +1.0569403e-04      +1.3104396e-05      
4         -2.0974507e+03      +3.8664461e-03      +8.4858682e+02      +1.0521141e+02      
5         -2.0974507e+03      +7.4896889e-10      +1.6437967e-04      +2.0380491e-05      
6         -2.0974507e+03      +8.5492502e-10      +1.8763435e-04      +2.3263706e-05      
7         -2.0974507e+03      +9.1722541e-10      +2.0130771e-04      +2.4958987e-05      
8         -2.0974507e+03      +7.9808160e-10      +1.7515866e-04      +2.1716917e-05      
Time taken:                      673.4273081 s
===============================================
===============================================
              PySCF DHF interface              
===============================================

Timing report
....integral reading:      23.7077811 s

===============================================
            Relativistic CASCI(5,8)            
===============================================
Will now allocate 0.050 MB memory for the CASCI Hamiltonian!
Time taken for 1-RDM build:        0.0057688 s
Time taken for 1-RDM build:        0.0057523 s
Time taken for 1-RDM build:        0.0057552 s
Time taken for 1-RDM build:        0.0057309 s
Time taken for 1-RDM build:        0.0057607 s
Time taken for 1-RDM build:        0.0057280 s
Time taken for 1-RDM build:        0.0057480 s
Time taken for 1-RDM build:        0.0057299 s
Time taken for 1-RDM build:        0.0057180 s
Time taken for 1-RDM build:        0.0057302 s
Time taken for 1-RDM build:        0.0057354 s
Time taken for 1-RDM build:        0.0057342 s
Time taken for 1-RDM build:        0.0057452 s
Time taken for 1-RDM build:        0.0057452 s
Time taken for 2-RDM build:        0.0255289 s
Time taken for 2-RDM build:        0.0255098 s
Time taken for 2-RDM build:        0.0256135 s
Time taken for 2-RDM build:        0.0255322 s
Time taken for 2-RDM build:        0.0255237 s
Time taken for 2-RDM build:        0.0256014 s
Time taken for 2-RDM build:        0.0255384 s
Time taken for 2-RDM build:        0.0255289 s
Time taken for 2-RDM build:        0.0254858 s
Time taken for 2-RDM build:        0.0255277 s
Time taken for 2-RDM build:        0.0255532 s
Time taken for 2-RDM build:        0.0255439 s
Time taken for 2-RDM build:        0.0255518 s
Time taken for 2-RDM build:        0.0254588 s
Time taken for 3-RDM build:        0.1496637 s
Time taken for 3-RDM build:        0.1481259 s
Time taken for 3-RDM build:        0.1480963 s
Time taken for 3-RDM build:        0.1483824 s
Time taken for 3-RDM build:        0.1483381 s
Time taken for 3-RDM build:        0.1481042 s
Time taken for 3-RDM build:        0.1481478 s
Time taken for 3-RDM build:        0.1488888 s
Time taken for 3-RDM build:        0.1479485 s
Time taken for 3-RDM build:        0.1481483 s
Time taken for 3-RDM build:        0.1480801 s
Time taken for 3-RDM build:        0.1483197 s
Time taken for 3-RDM build:        0.1484647 s
Time taken for 3-RDM build:        0.1483104 s
E_frzc:                        -2252.3726240 Eh
E_cas:                            -6.0718308 Eh
E_nuc:                             0.0000000 Eh
E_casci:                       -2258.3972569 Eh
E0 (from RDM):                 -2258.3972569 Eh
Ecorr:                            -0.0178409 Eh

Timing summary
... Hamil build:                    0.0213361 s
... Hamil diag:                     0.0004737 s
... RDM build:                     50.1666615 s
State     Energy / Eh         Splitting / Eh      Splitting / cm-1    Splitting / meV     
0         -2.2584445e+03      +0.0000000e+00      +0.0000000e+00      +0.0000000e+00      
1         -2.2584445e+03      +5.2432370e-10      +1.1507575e-04      +1.4267581e-05      
2         -2.2584445e+03      +5.2705218e-10      +1.1567458e-04      +1.4341827e-05      
3         -2.2584445e+03      +5.1386451e-10      +1.1278022e-04      +1.3982972e-05      
4         -2.2583793e+03      +6.5107933e-02      +1.4289540e+04      +1.7716780e+03      
5         -2.2583793e+03      +9.2859409e-10      +2.0380284e-04      +2.5268344e-05      
6         -2.2583793e+03      +1.1159500e-09      +2.4492271e-04      +3.0366561e-05      
7         -2.2583793e+03      +5.1250026e-10      +1.1248081e-04      +1.3945849e-05      
8         -2.2583777e+03      +1.6153755e-03      +3.5453394e+02      +4.3956628e+01      
9         -2.2583777e+03      +7.5033313e-10      +1.6467909e-04      +2.0417614e-05      
10        -2.2583777e+03      +4.8839865e-10      +1.0719111e-04      +1.3290011e-05      
11        -2.2583777e+03      +1.4611032e-09      +3.2067509e-04      +3.9758663e-05      
12        -2.2583777e+03      +1.6329977e-09      +3.5840157e-04      +4.4436153e-05      
13        -2.2583777e+03      +6.3982952e-10      +1.4042635e-04      +1.7410656e-05      
Total time taken:                  53.8375883 s
===============================================

===============================================
            Relativistic DSRG-MRPT2            
===============================================
-----------------------------------------------
        DSRG-MRPT2 reference relaxation        
-----------------------------------------------
Iter                          Energy              Delta E   
   -Eref  -2258.3972569       
   -Ecorr -0.9123788       
<Psi^(0)|Hbar^(0)|Psi^(0)>    -2259.3096356       -2.25931e+03
   -Erelax-0.0000017       
<Psi^(0)|Hbar^(1)|Psi^(0)>    -2259.3096373       -1.68892e-06
   -Eref  -2258.3972551       
   -Ecorr -0.9123825       
<Psi^(1)|Hbar^(1)|Psi^(1)>    -2259.3096377       -3.48612e-07
   -Erelax-0.0000000       
<Psi^(1)|Hbar^(2)|Psi^(1)>    -2259.3096377       -1.00044e-11
   -Eref  -2258.3972551       
   -Ecorr -0.9123825       
<Psi^(2)|Hbar^(2)|Psi^(2)>    -2259.3096377       -4.72937e-10
   -Erelax0.0000000       
<Psi^(2)|Hbar^(3)|Psi^(2)>    -2259.3096377       0.00000e+00
Unrelaxed DSRG-MRPT2 energy:             -2259.3096356 Eh
Unrelaxed DSRG-MRPT2 E_corr:                -0.9123788 Eh
Partially relaxed DSRG-MRPT2 energy:     -2259.3096373 Eh
Partially relaxed DSRG-MRPT2 E_corr:        -0.9123805 Eh
Relaxed DSRG-MRPT2 energy:               -2259.3096377 Eh
Relaxed DSRG-MRPT2 E_corr:                  -0.9123825 Eh
Fully relaxed DSRG-MRPT2 energy:         -2259.3096377 Eh
Fully relaxed DSRG-MRPT2 E_corr:            -0.9123825 Eh
State     Energy / Eh         Splitting / Eh      Splitting / cm-1    Splitting / meV     
0         -2.2593544e+03      +0.0000000e+00      +0.0000000e+00      +0.0000000e+00      
1         -2.2593544e+03      +3.4560799e-10      +7.5852185e-05      +9.4044768e-06      
2         -2.2593544e+03      +3.6015990e-10      +7.9045961e-05      +9.8004548e-06      
3         -2.2593544e+03      +3.4015102e-10      +7.4654519e-05      +9.2559851e-06      
4         -2.2592927e+03      +6.1630556e-02      +1.3526343e+04      +1.6770537e+03      
5         -2.2592927e+03      +6.8030204e-10      +1.4930904e-04      +1.8511970e-05      
6         -2.2592927e+03      +7.3396222e-10      +1.6108609e-04      +1.9972139e-05      
7         -2.2592927e+03      +4.1973180e-10      +9.2120483e-05      +1.1421490e-05      
8         -2.2592911e+03      +1.6682489e-03      +3.6613830e+02      +4.5395386e+01      
9         -2.2592911e+03      +6.0572347e-10      +1.3294093e-04      +1.6482583e-05      
10        -2.2592911e+03      +3.6061465e-10      +7.9145767e-05      +9.8128291e-06      
11        -2.2592911e+03      +1.0813892e-09      +2.3733749e-04      +2.9426113e-05      
12        -2.2592911e+03      +1.2937562e-09      +2.8394667e-04      +3.5204917e-05      
13        -2.2592911e+03      +5.0113158e-10      +1.0998567e-04      +1.3636491e-05      
Time taken:                      676.2974582 s
===============================================
===============================================
              PySCF DHF interface              
===============================================

Timing report
....integral reading:      23.8990958 s

===============================================
            Relativistic CASCI(6,8)            
===============================================
Will now allocate 0.013 MB memory for the CASCI Hamiltonian!
Time taken for 1-RDM build:        0.0022655 s
Time taken for 1-RDM build:        0.0022335 s
Time taken for 1-RDM build:        0.0022194 s
Time taken for 1-RDM build:        0.0022397 s
Time taken for 1-RDM build:        0.0022357 s
Time taken for 1-RDM build:        0.0022318 s
Time taken for 1-RDM build:        0.0022264 s
Time taken for 1-RDM build:        0.0022285 s
Time taken for 1-RDM build:        0.0022256 s
Time taken for 2-RDM build:        0.0086827 s
Time taken for 2-RDM build:        0.0086455 s
Time taken for 2-RDM build:        0.0086682 s
Time taken for 2-RDM build:        0.0087442 s
Time taken for 2-RDM build:        0.0087264 s
Time taken for 2-RDM build:        0.0086932 s
Time taken for 2-RDM build:        0.0086865 s
Time taken for 2-RDM build:        0.0087163 s
Time taken for 2-RDM build:        0.0086994 s
Time taken for 3-RDM build:        0.0681365 s
Time taken for 3-RDM build:        0.0663433 s
Time taken for 3-RDM build:        0.0667696 s
Time taken for 3-RDM build:        0.0661628 s
Time taken for 3-RDM build:        0.0661144 s
Time taken for 3-RDM build:        0.0660417 s
Time taken for 3-RDM build:        0.0661330 s
Time taken for 3-RDM build:        0.0661156 s
Time taken for 3-RDM build:        0.0661356 s
E_frzc:                        -2418.2608262 Eh
E_cas:                            -9.1774708 Eh
E_nuc:                             0.0000000 Eh
E_casci:                       -2427.4340589 Eh
E0 (from RDM):                 -2427.4340589 Eh
Ecorr:                            -0.1372548 Eh

Timing summary
... Hamil build:                    0.0089450 s
... Hamil diag:                     0.0002792 s
... RDM build:                     48.2645967 s
State     Energy / Eh         Splitting / Eh      Splitting / cm-1    Splitting / meV     
0         -2.4274383e+03      +0.0000000e+00      +0.0000000e+00      +0.0000000e+00      
1         -2.4274383e+03      +1.9413164e-09      +4.2606971e-04      +5.2825936e-05      
2         -2.4274383e+03      +8.9721652e-10      +1.9691626e-04      +2.4414517e-05      
3         -2.4274383e+03      +1.1737029e-09      +2.5759801e-04      +3.1938098e-05      
4         -2.4274383e+03      +1.8349056e-09      +4.0271522e-04      +4.9930347e-05      
5         -2.4274294e+03      +8.8831576e-03      +1.9496277e+03      +2.4172315e+02      
6         -2.4274294e+03      +4.1914063e-09      +9.1990735e-04      +1.1405403e-04      
7         -2.4274294e+03      +4.1027306e-09      +9.0044528e-04      +1.1164104e-04      
8         -2.4274268e+03      +2.6102260e-03      +5.7287839e+02      +7.1027902e+01      
Total time taken:                  51.9561548 s
===============================================

===============================================
            Relativistic DSRG-MRPT2            
===============================================
-----------------------------------------------
        DSRG-MRPT2 reference relaxation        
-----------------------------------------------
Iter                          Energy              Delta E   
   -Eref  -2427.4340589       
   -Ecorr -0.9199641       
<Psi^(0)|Hbar^(0)|Psi^(0)>    -2428.3540229       -2.42835e+03
   -Erelax-0.0000027       
<Psi^(0)|Hbar^(1)|Psi^(0)>    -2428.3540256       -2.65437e-06
   -Eref  -2427.4340561       
   -Ecorr -0.9199705       
<Psi^(1)|Hbar^(1)|Psi^(1)>    -2428.3540266       -1.05937e-06
   -Erelax-0.0000000       
<Psi^(1)|Hbar^(2)|Psi^(1)>    -2428.3540266       -1.14596e-10
   -Eref  -2427.4340561       
   -Ecorr -0.9199705       
<Psi^(2)|Hbar^(2)|Psi^(2)>    -2428.3540266       6.53972e-09
   -Erelax-0.0000000       
<Psi^(2)|Hbar^(3)|Psi^(2)>    -2428.3540266       0.00000e+00
Unrelaxed DSRG-MRPT2 energy:             -2428.3540229 Eh
Unrelaxed DSRG-MRPT2 E_corr:                -0.9199641 Eh
Partially relaxed DSRG-MRPT2 energy:     -2428.3540256 Eh
Partially relaxed DSRG-MRPT2 E_corr:        -0.9199667 Eh
Relaxed DSRG-MRPT2 energy:               -2428.3540266 Eh
Relaxed DSRG-MRPT2 E_corr:                  -0.9199705 Eh
Fully relaxed DSRG-MRPT2 energy:         -2428.3540266 Eh
Fully relaxed DSRG-MRPT2 E_corr:            -0.9199705 Eh
State     Energy / Eh         Splitting / Eh      Splitting / cm-1    Splitting / meV     
0         -2.4283584e+03      +0.0000000e+00      +0.0000000e+00      +0.0000000e+00      
1         -2.4283584e+03      +1.3515091e-09      +2.9662197e-04      +3.6776454e-05      
2         -2.4283584e+03      +8.4583007e-10      +1.8563824e-04      +2.3016220e-05      
3         -2.4283584e+03      +1.0190888e-09      +2.2366414e-04      +2.7730832e-05      
4         -2.4283584e+03      +1.2819328e-09      +2.8135172e-04      +3.4883184e-05      
5         -2.4283492e+03      +9.2169695e-03      +2.0228910e+03      +2.5080663e+02      
6         -2.4283492e+03      +3.3392098e-09      +7.3287183e-04      +9.0864570e-05      
7         -2.4283492e+03      +3.2891876e-09      +7.2189323e-04      +8.9503396e-05      
8         -2.4283466e+03      +2.6312632e-03      +5.7749551e+02      +7.1600352e+01      
Time taken:                      673.1600711 s
===============================================
===============================================
              PySCF DHF interface              
===============================================

Timing report
....integral reading:      23.8622997 s

===============================================
            Relativistic CASCI(7,8)            
===============================================
Will now allocate 0.001 MB memory for the CASCI Hamiltonian!
Time taken for 1-RDM build:        0.0003829 s
Time taken for 1-RDM build:        0.0003729 s
Time taken for 1-RDM build:        0.0003722 s
Time taken for 1-RDM build:        0.0003715 s
Time taken for 1-RDM build:        0.0003715 s
Time taken for 1-RDM build:        0.0003712 s
Time taken for 2-RDM build:        0.0010474 s
Time taken for 2-RDM build:        0.0010056 s
Time taken for 2-RDM build:        0.0009997 s
Time taken for 2-RDM build:        0.0010090 s
Time taken for 2-RDM build:        0.0010037 s
Time taken for 2-RDM build:        0.0009985 s
Time taken for 3-RDM build:        0.0137906 s
Time taken for 3-RDM build:        0.0122447 s
Time taken for 3-RDM build:        0.0122476 s
Time taken for 3-RDM build:        0.0122678 s
Time taken for 3-RDM build:        0.0122280 s
Time taken for 3-RDM build:        0.0122650 s
E_frzc:                        -2590.5378304 Eh
E_cas:                           -13.1880855 Eh
E_nuc:                             0.0000000 Eh
E_casci:                       -2603.7203212 Eh
E0 (from RDM):                 -2603.7203212 Eh
Ecorr:                            -0.0318830 Eh

Timing summary
... Hamil build:                    0.0019593 s
... Hamil diag:                     0.0001001 s
... RDM build:                     47.5876524 s
State     Energy / Eh         Splitting / Eh      Splitting / cm-1    Splitting / meV     
0         -2.6037259e+03      +0.0000000e+00      +0.0000000e+00      +0.0000000e+00      
1         -2.6037259e+03      +9.2413757e-09      +2.0282475e-03      +2.5147076e-04      
2         -2.6037259e+03      +1.8784249e-08      +4.1226661e-03      +5.1114569e-04      
3         -2.6037259e+03      +9.8884811e-09      +2.1702707e-03      +2.6907941e-04      
4         -2.6037091e+03      +1.6783801e-02      +3.6836186e+03      +4.5671072e+02      
5         -2.6037091e+03      +7.4087438e-09      +1.6260313e-03      +2.0160228e-04      
Total time taken:                  51.2440813 s
===============================================

===============================================
            Relativistic DSRG-MRPT2            
===============================================
-----------------------------------------------
        DSRG-MRPT2 reference relaxation        
-----------------------------------------------
Iter                          Energy              Delta E   
   -Eref  -2603.7203212       
   -Ecorr -0.9402357       
<Psi^(0)|Hbar^(0)|Psi^(0)>    -2604.6605569       -2.60466e+03
   -Erelax0.0000000       
<Psi^(0)|Hbar^(1)|Psi^(0)>    -2604.6605569       0.00000e+00
   -Eref  -2603.7203212       
   -Ecorr -0.9402357       
<Psi^(1)|Hbar^(1)|Psi^(1)>    -2604.6605569       9.09495e-13
   -Erelax0.0000000       
<Psi^(1)|Hbar^(2)|Psi^(1)>    -2604.6605569       0.00000e+00
Unrelaxed DSRG-MRPT2 energy:             -2604.6605569 Eh
Unrelaxed DSRG-MRPT2 E_corr:                -0.9402357 Eh
Partially relaxed DSRG-MRPT2 energy:     -2604.6605569 Eh
Partially relaxed DSRG-MRPT2 E_corr:        -0.9402357 Eh
Relaxed DSRG-MRPT2 energy:               -2604.6605569 Eh
Relaxed DSRG-MRPT2 E_corr:                  -0.9402357 Eh
Fully relaxed DSRG-MRPT2 energy:         -2604.6605569 Eh
Fully relaxed DSRG-MRPT2 E_corr:            -0.9402357 Eh
State     Energy / Eh         Splitting / Eh      Splitting / cm-1    Splitting / meV     
0         -2.6046663e+03      +0.0000000e+00      +0.0000000e+00      +0.0000000e+00      
1         -2.6046663e+03      +7.0303940e-09      +1.5429931e-03      +1.9130686e-04      
2         -2.6046663e+03      +1.3900717e-08      +3.0508547e-03      +3.7825796e-04      
3         -2.6046663e+03      +7.2905095e-09      +1.6000819e-03      +1.9838496e-04      
4         -2.6046490e+03      +1.7316458e-02      +3.8005231e+03      +4.7120504e+02      
5         -2.6046490e+03      +5.7648322e-09      +1.2652344e-03      +1.5686915e-04      
Time taken:                      404.1561828 s
===============================================
