NOW DOING s=0.3!
===============================================
              PySCF DHF interface              
===============================================

Timing report
....integral reading:       0.4927318 s

===============================================
            Relativistic CASCI(3,8)            
===============================================
Will now allocate 0.050 MB memory for the CASCI Hamiltonian!
Time taken for 1-RDM build:        0.0057588 s
Time taken for 1-RDM build:        0.0057487 s
Time taken for 1-RDM build:        0.0057180 s
Time taken for 1-RDM build:        0.0057395 s
Time taken for 1-RDM build:        0.0057104 s
Time taken for 1-RDM build:        0.0057497 s
Time taken for 2-RDM build:        0.0244443 s
Time taken for 2-RDM build:        0.0233881 s
Time taken for 2-RDM build:        0.0234382 s
Time taken for 2-RDM build:        0.0234251 s
Time taken for 2-RDM build:        0.0234654 s
Time taken for 2-RDM build:        0.0234261 s
Time taken for 3-RDM build:        0.0654726 s
Time taken for 3-RDM build:        0.0655744 s
Time taken for 3-RDM build:        0.0648606 s
Time taken for 3-RDM build:        0.0645499 s
Time taken for 3-RDM build:        0.0645249 s
Time taken for 3-RDM build:        0.0644646 s
E_frzc:                          -21.9899228 Eh
E_cas:                            -2.5754278 Eh
E_nuc:                             0.0000000 Eh
E_casci:                         -24.5653104 Eh
E0 (from RDM):                   -24.5653104 Eh
Ecorr:                            -0.2764703 Eh

Timing summary
... Hamil build:                    0.0173378 s
... Hamil diag:                     0.0005853 s
... RDM build:                      1.7128892 s
State     Energy / Eh         Splitting / Eh      Splitting / cm-1    Splitting / meV     
0         -2.4565351e+01      +0.0000000e+00      +0.0000000e+00      +0.0000000e+00      
1         -2.4565351e+01      +1.6292141e-09      +3.5757116e-04      +4.4333195e-05      
2         -2.4565290e+01      +6.0370290e-05      +1.3249747e+01      +1.6427601e+00      
3         -2.4565290e+01      +8.2750518e-10      +1.8161639e-04      +2.2517574e-05      
4         -2.4565290e+01      +8.6880192e-10      +1.9067998e-04      +2.3641316e-05      
5         -2.4565290e+01      +1.8699744e-09      +4.1041194e-04      +5.0884619e-05      
Total time taken:                   1.8342960 s
===============================================

===============================================
            Relativistic DSRG-MRPT2            
===============================================
-----------------------------------------------
        DSRG-MRPT2 reference relaxation        
-----------------------------------------------
Iter                          Energy              Delta E   
   -Eref  -24.5653104       
   -Ecorr -0.0649840       
<Psi^(0)|Hbar^(0)|Psi^(0)>    -24.6302944         -2.46303e+01
   -Erelax-0.0002436       
<Psi^(0)|Hbar^(1)|Psi^(0)>    -24.6305380         -2.43622e-04
   -Eref  -24.5650585       
   -Ecorr -0.0654244       
<Psi^(1)|Hbar^(1)|Psi^(1)>    -24.6304829         5.51506e-05
   -Erelax-0.0000000       
<Psi^(1)|Hbar^(2)|Psi^(1)>    -24.6304829         -3.81164e-10
   -Eref  -24.5650591       
   -Ecorr -0.0654238       
<Psi^(2)|Hbar^(2)|Psi^(2)>    -24.6304829         -6.31440e-08
   -Erelax0.0000000       
<Psi^(2)|Hbar^(3)|Psi^(2)>    -24.6304829         7.10543e-15
   -Eref  -24.5650591       
   -Ecorr -0.0654238       
<Psi^(3)|Hbar^(3)|Psi^(3)>    -24.6304829         8.40430e-11
   -Erelax0.0000000       
<Psi^(3)|Hbar^(4)|Psi^(3)>    -24.6304829         7.10543e-15
Unrelaxed DSRG-MRPT2 energy:               -24.6302944 Eh
Unrelaxed DSRG-MRPT2 E_corr:                -0.0649840 Eh
Partially relaxed DSRG-MRPT2 energy:       -24.6305380 Eh
Partially relaxed DSRG-MRPT2 E_corr:        -0.0652276 Eh
Relaxed DSRG-MRPT2 energy:                 -24.6304829 Eh
Relaxed DSRG-MRPT2 E_corr:                  -0.0654244 Eh
Fully relaxed DSRG-MRPT2 energy:           -24.6304829 Eh
Fully relaxed DSRG-MRPT2 E_corr:            -0.0654238 Eh
State     Energy / Eh         Splitting / Eh      Splitting / cm-1    Splitting / meV     
0         -2.4630526e+01      +0.0000000e+00      +0.0000000e+00      +0.0000000e+00      
1         -2.4630526e+01      +7.9174711e-10      +1.7376840e-04      +2.1544547e-05      
2         -2.4630461e+01      +6.4819214e-05      +1.4226173e+01      +1.7638215e+00      
3         -2.4630461e+01      +4.9335824e-10      +1.0827962e-04      +1.3424968e-05      
4         -2.4630461e+01      +4.2979309e-10      +9.4328679e-05      +1.1695271e-05      
5         -2.4630461e+01      +9.0592422e-10      +1.9882738e-04      +2.4651466e-05      
Time taken:                       16.3399050 s
===============================================
===============================================
              PySCF DHF interface              
===============================================

Timing report
....integral reading:       0.4917822 s

===============================================
            Relativistic CASCI(4,8)            
===============================================
Will now allocate 0.078 MB memory for the CASCI Hamiltonian!
Time taken for 1-RDM build:        0.0099728 s
Time taken for 1-RDM build:        0.0096552 s
Time taken for 1-RDM build:        0.0096364 s
Time taken for 1-RDM build:        0.0096741 s
Time taken for 1-RDM build:        0.0096147 s
Time taken for 1-RDM build:        0.0096703 s
Time taken for 1-RDM build:        0.0096233 s
Time taken for 1-RDM build:        0.0096698 s
Time taken for 1-RDM build:        0.0096240 s
Time taken for 2-RDM build:        0.0357339 s
Time taken for 2-RDM build:        0.0350783 s
Time taken for 2-RDM build:        0.0351429 s
Time taken for 2-RDM build:        0.0350540 s
Time taken for 2-RDM build:        0.0350182 s
Time taken for 2-RDM build:        0.0350702 s
Time taken for 2-RDM build:        0.0350862 s
Time taken for 2-RDM build:        0.0350966 s
Time taken for 2-RDM build:        0.0351040 s
Time taken for 3-RDM build:        0.1528418 s
Time taken for 3-RDM build:        0.1513977 s
Time taken for 3-RDM build:        0.1516290 s
Time taken for 3-RDM build:        0.1514657 s
Time taken for 3-RDM build:        0.1514630 s
Time taken for 3-RDM build:        0.1515157 s
Time taken for 3-RDM build:        0.1514175 s
Time taken for 3-RDM build:        0.1514904 s
Time taken for 3-RDM build:        0.1513705 s
E_frzc:                          -32.3709352 Eh
E_cas:                            -5.3467114 Eh
E_nuc:                             0.0000000 Eh
E_casci:                         -37.7175257 Eh
E0 (from RDM):                   -37.7175257 Eh
Ecorr:                            -0.4429083 Eh

Timing summary
... Hamil build:                    0.0261471 s
... Hamil diag:                     0.0009801 s
... RDM build:                      2.8909824 s
State     Energy / Eh         Splitting / Eh      Splitting / cm-1    Splitting / meV     
0         -3.7717647e+01      +0.0000000e+00      +0.0000000e+00      +0.0000000e+00      
1         -3.7717578e+01      +6.8056777e-05      +1.4936736e+01      +1.8519201e+00      
2         -3.7717578e+01      +1.0789947e-09      +2.3681196e-04      +2.9360955e-05      
3         -3.7717578e+01      +1.2285639e-09      +2.6963861e-04      +3.3430943e-05      
4         -3.7717470e+01      +1.0852195e-04      +2.3817815e+01      +2.9530341e+00      
5         -3.7717470e+01      +3.7324810e-10      +8.1918488e-05      +1.0156603e-05      
6         -3.7717470e+01      +9.5213437e-10      +2.0896934e-04      +2.5908908e-05      
7         -3.7717470e+01      +4.4995119e-10      +9.8752870e-05      +1.2243801e-05      
8         -3.7717470e+01      +5.6218852e-10      +1.2338612e-04      +1.5297936e-05      
Total time taken:                   3.0225489 s
===============================================

===============================================
            Relativistic DSRG-MRPT2            
===============================================
-----------------------------------------------
        DSRG-MRPT2 reference relaxation        
-----------------------------------------------
Iter                          Energy              Delta E   
   -Eref  -37.7175257       
   -Ecorr -0.1063560       
<Psi^(0)|Hbar^(0)|Psi^(0)>    -37.8238817         -3.78239e+01
   -Erelax-0.0000361       
<Psi^(0)|Hbar^(1)|Psi^(0)>    -37.8239179         -3.61262e-05
   -Eref  -37.7174877       
   -Ecorr -0.1064873       
<Psi^(1)|Hbar^(1)|Psi^(1)>    -37.8239751         -5.72303e-05
   -Erelax-0.0000000       
<Psi^(1)|Hbar^(2)|Psi^(1)>    -37.8239751         -1.24721e-09
   -Eref  -37.7174882       
   -Ecorr -0.1064866       
<Psi^(2)|Hbar^(2)|Psi^(2)>    -37.8239748         3.29442e-07
   -Erelax-0.0000000       
<Psi^(2)|Hbar^(3)|Psi^(2)>    -37.8239748         -5.04485e-13
   -Eref  -37.7174882       
   -Ecorr -0.1064866       
<Psi^(3)|Hbar^(3)|Psi^(3)>    -37.8239748         -1.77771e-09
   -Erelax-0.0000000       
<Psi^(3)|Hbar^(4)|Psi^(3)>    -37.8239748         -7.10543e-15
Unrelaxed DSRG-MRPT2 energy:               -37.8238817 Eh
Unrelaxed DSRG-MRPT2 E_corr:                -0.1063560 Eh
Partially relaxed DSRG-MRPT2 energy:       -37.8239179 Eh
Partially relaxed DSRG-MRPT2 E_corr:        -0.1063921 Eh
Relaxed DSRG-MRPT2 energy:                 -37.8239751 Eh
Relaxed DSRG-MRPT2 E_corr:                  -0.1064873 Eh
Fully relaxed DSRG-MRPT2 energy:           -37.8239748 Eh
Fully relaxed DSRG-MRPT2 E_corr:            -0.1064866 Eh
State     Energy / Eh         Splitting / Eh      Splitting / cm-1    Splitting / meV     
0         -3.7824117e+01      +0.0000000e+00      +0.0000000e+00      +0.0000000e+00      
1         -3.7824039e+01      +7.8116484e-05      +1.7144586e+01      +2.1256588e+00      
2         -3.7824039e+01      +3.1259617e-10      +6.8606929e-05      +8.5061791e-06      
3         -3.7824039e+01      +3.6009595e-10      +7.9031926e-05      +9.7987147e-06      
4         -3.7823908e+01      +1.3163868e-04      +2.8891351e+01      +3.5820727e+00      
5         -3.7823908e+01      +1.0540901e-10      +2.3134605e-05      +2.8683268e-06      
6         -3.7823908e+01      +2.2748736e-10      +4.9927705e-05      +6.1902494e-06      
7         -3.7823908e+01      +1.4700419e-10      +3.2263689e-05      +4.0001896e-06      
8         -3.7823908e+01      +1.1159074e-10      +2.4491336e-05      +3.0365401e-06      
Time taken:                       20.0477493 s
===============================================
===============================================
              PySCF DHF interface              
===============================================

Timing report
....integral reading:       0.4916160 s

===============================================
            Relativistic CASCI(5,8)            
===============================================
Will now allocate 0.050 MB memory for the CASCI Hamiltonian!
Time taken for 1-RDM build:        0.0057697 s
Time taken for 1-RDM build:        0.0057716 s
Time taken for 1-RDM build:        0.0057125 s
Time taken for 1-RDM build:        0.0057786 s
Time taken for 1-RDM build:        0.0057602 s
Time taken for 1-RDM build:        0.0057704 s
Time taken for 1-RDM build:        0.0057406 s
Time taken for 1-RDM build:        0.0057499 s
Time taken for 1-RDM build:        0.0057647 s
Time taken for 1-RDM build:        0.0057542 s
Time taken for 1-RDM build:        0.0057449 s
Time taken for 1-RDM build:        0.0057709 s
Time taken for 1-RDM build:        0.0057425 s
Time taken for 1-RDM build:        0.0057695 s
Time taken for 2-RDM build:        0.0264590 s
Time taken for 2-RDM build:        0.0257397 s
Time taken for 2-RDM build:        0.0256777 s
Time taken for 2-RDM build:        0.0257621 s
Time taken for 2-RDM build:        0.0255811 s
Time taken for 2-RDM build:        0.0257514 s
Time taken for 2-RDM build:        0.0256169 s
Time taken for 2-RDM build:        0.0257537 s
Time taken for 2-RDM build:        0.0255709 s
Time taken for 2-RDM build:        0.0257678 s
Time taken for 2-RDM build:        0.0256245 s
Time taken for 2-RDM build:        0.0257583 s
Time taken for 2-RDM build:        0.0256498 s
Time taken for 2-RDM build:        0.0257542 s
Time taken for 3-RDM build:        0.1502690 s
Time taken for 3-RDM build:        0.1489289 s
Time taken for 3-RDM build:        0.1486290 s
Time taken for 3-RDM build:        0.1487784 s
Time taken for 3-RDM build:        0.1487398 s
Time taken for 3-RDM build:        0.1490190 s
Time taken for 3-RDM build:        0.1486657 s
Time taken for 3-RDM build:        0.1489689 s
Time taken for 3-RDM build:        0.1486325 s
Time taken for 3-RDM build:        0.1488895 s
Time taken for 3-RDM build:        0.1488535 s
Time taken for 3-RDM build:        0.1487248 s
Time taken for 3-RDM build:        0.1486256 s
Time taken for 3-RDM build:        0.1489518 s
E_frzc:                          -44.7567199 Eh
E_cas:                            -9.6666253 Eh
E_nuc:                             0.0000000 Eh
E_casci:                         -54.3487687 Eh
E0 (from RDM):                   -54.3487687 Eh
Ecorr:                            -0.4454114 Eh

Timing summary
... Hamil build:                    0.0211711 s
... Hamil diag:                     0.0004745 s
... RDM build:                      3.6529510 s
State     Energy / Eh         Splitting / Eh      Splitting / cm-1    Splitting / meV     
0         -5.4423345e+01      +0.0000000e+00      +0.0000000e+00      +0.0000000e+00      
1         -5.4423345e+01      +1.0766144e-09      +2.3628954e-04      +2.9296183e-05      
2         -5.4423345e+01      +1.0765220e-09      +2.3626926e-04      +2.9293669e-05      
3         -5.4423345e+01      +1.0763941e-09      +2.3624119e-04      +2.9290189e-05      
4         -5.4318958e+01      +1.0438692e-01      +2.2910281e+04      +2.8405142e+03      
5         -5.4318958e+01      +1.1012489e-09      +2.4169619e-04      +2.9966522e-05      
6         -5.4318958e+01      +1.1371313e-09      +2.4957147e-04      +3.0942933e-05      
7         -5.4318958e+01      +5.9976912e-10      +1.3163411e-04      +1.6320557e-05      
8         -5.4318958e+01      +1.1947563e-09      +2.6221870e-04      +3.2510990e-05      
9         -5.4318958e+01      +1.3782895e-09      +3.0249957e-04      +3.7505185e-05      
10        -5.4318908e+01      +5.0508872e-05      +1.1085416e+01      +1.3744171e+00      
11        -5.4318908e+01      +3.9502694e-09      +8.6698392e-04      +1.0749236e-04      
12        -5.4318908e+01      +3.0347778e-09      +6.6605673e-04      +8.2580549e-05      
13        -5.4318908e+01      +2.9868943e-09      +6.5554752e-04      +8.1277572e-05      
Total time taken:                   3.7792869 s
===============================================

===============================================
            Relativistic DSRG-MRPT2            
===============================================
-----------------------------------------------
        DSRG-MRPT2 reference relaxation        
-----------------------------------------------
Iter                          Energy              Delta E   
   -Eref  -54.3487687       
   -Ecorr -0.1642986       
<Psi^(0)|Hbar^(0)|Psi^(0)>    -54.5130672         -5.45131e+01
   -Erelax-0.0000000       
<Psi^(0)|Hbar^(1)|Psi^(0)>    -54.5130673         -4.07026e-08
   -Eref  -54.3487686       
   -Ecorr -0.1642987       
<Psi^(1)|Hbar^(1)|Psi^(1)>    -54.5130674         -6.24651e-08
   -Erelax-0.0000000       
<Psi^(1)|Hbar^(2)|Psi^(1)>    -54.5130674         -1.50230e-10
   -Eref  -54.3487686       
   -Ecorr -0.1642987       
<Psi^(2)|Hbar^(2)|Psi^(2)>    -54.5130673         3.92733e-09
   -Erelax-0.0000000       
<Psi^(2)|Hbar^(3)|Psi^(2)>    -54.5130673         -7.67386e-13
Unrelaxed DSRG-MRPT2 energy:               -54.5130672 Eh
Unrelaxed DSRG-MRPT2 E_corr:                -0.1642986 Eh
Partially relaxed DSRG-MRPT2 energy:       -54.5130673 Eh
Partially relaxed DSRG-MRPT2 E_corr:        -0.1642986 Eh
Relaxed DSRG-MRPT2 energy:                 -54.5130674 Eh
Relaxed DSRG-MRPT2 E_corr:                  -0.1642987 Eh
Fully relaxed DSRG-MRPT2 energy:           -54.5130673 Eh
Fully relaxed DSRG-MRPT2 E_corr:            -0.1642987 Eh
State     Energy / Eh         Splitting / Eh      Splitting / cm-1    Splitting / meV     
0         -5.4578831e+01      +0.0000000e+00      +0.0000000e+00      +0.0000000e+00      
1         -5.4578831e+01      +4.8799365e-10      +1.0710222e-04      +1.3278990e-05      
2         -5.4578831e+01      +4.8797233e-10      +1.0709755e-04      +1.3278410e-05      
3         -5.4578831e+01      +4.8795101e-10      +1.0709287e-04      +1.3277830e-05      
4         -5.4486776e+01      +9.2055409e-02      +2.0203827e+04      +2.5049565e+03      
5         -5.4486776e+01      +2.1397994e-10      +4.6963169e-05      +5.8226937e-06      
6         -5.4486776e+01      +1.6383694e-10      +3.5958053e-05      +4.4582325e-06      
7         -5.4486776e+01      +1.1670664e-10      +2.5614148e-05      +3.1757511e-06      
8         -5.4486776e+01      +1.1507950e-10      +2.5257031e-05      +3.1314742e-06      
9         -5.4486776e+01      +1.7605828e-10      +3.8640326e-05      +4.7907921e-06      
10        -5.4486741e+01      +3.4604743e-05      +7.5948631e+00      +9.4164346e-01      
11        -5.4486741e+01      +6.6004446e-10      +1.4486301e-04      +1.7960733e-05      
12        -5.4486741e+01      +3.4582115e-10      +7.5898969e-05      +9.4102773e-06      
13        -5.4486741e+01      +3.7972114e-10      +8.3339157e-05      +1.0332744e-05      
Time taken:                       15.5423968 s
===============================================
===============================================
              PySCF DHF interface              
===============================================

Timing report
....integral reading:       0.4988241 s

===============================================
            Relativistic CASCI(6,8)            
===============================================
Will now allocate 0.013 MB memory for the CASCI Hamiltonian!
Time taken for 1-RDM build:        0.0022571 s
Time taken for 1-RDM build:        0.0022254 s
Time taken for 1-RDM build:        0.0022199 s
Time taken for 1-RDM build:        0.0022426 s
Time taken for 1-RDM build:        0.0022233 s
Time taken for 1-RDM build:        0.0022266 s
Time taken for 1-RDM build:        0.0022314 s
Time taken for 1-RDM build:        0.0022213 s
Time taken for 1-RDM build:        0.0022314 s
Time taken for 2-RDM build:        0.0094485 s
Time taken for 2-RDM build:        0.0086410 s
Time taken for 2-RDM build:        0.0086319 s
Time taken for 2-RDM build:        0.0086284 s
Time taken for 2-RDM build:        0.0086315 s
Time taken for 2-RDM build:        0.0086703 s
Time taken for 2-RDM build:        0.0086467 s
Time taken for 2-RDM build:        0.0086529 s
Time taken for 2-RDM build:        0.0086555 s
Time taken for 3-RDM build:        0.0687149 s
Time taken for 3-RDM build:        0.0665119 s
Time taken for 3-RDM build:        0.0665677 s
Time taken for 3-RDM build:        0.0665610 s
Time taken for 3-RDM build:        0.0664458 s
Time taken for 3-RDM build:        0.0665121 s
Time taken for 3-RDM build:        0.0664604 s
Time taken for 3-RDM build:        0.0664814 s
Time taken for 3-RDM build:        0.0664296 s
E_frzc:                          -59.1480236 Eh
E_cas:                           -15.7034833 Eh
E_nuc:                             0.0000000 Eh
E_casci:                         -74.8511626 Eh
E0 (from RDM):                   -74.8511626 Eh
Ecorr:                            -0.3302227 Eh

Timing summary
... Hamil build:                    0.0087106 s
... Hamil diag:                     0.0002284 s
... RDM build:                      1.8264596 s
State     Energy / Eh         Splitting / Eh      Splitting / cm-1    Splitting / meV     
0         -7.4851507e+01      +0.0000000e+00      +0.0000000e+00      +0.0000000e+00      
1         -7.4851507e+01      +6.1121170e-09      +1.3414546e-03      +1.6631926e-04      
2         -7.4851507e+01      +6.8041430e-09      +1.4933368e-03      +1.8515025e-04      
3         -7.4851507e+01      +7.2887332e-09      +1.5996920e-03      +1.9833663e-04      
4         -7.4851507e+01      +9.8174127e-09      +2.1546730e-03      +2.6714553e-04      
5         -7.4850809e+01      +6.9818897e-04      +1.5323477e+02      +1.8998699e+01      
6         -7.4850809e+01      +7.3982136e-09      +1.6237202e-03      +2.0131574e-04      
7         -7.4850809e+01      +7.5923197e-09      +1.6663215e-03      +2.0659764e-04      
8         -7.4850503e+01      +3.0523771e-04      +6.6991933e+01      +8.3059451e+00      
Total time taken:                   1.9401388 s
===============================================

===============================================
            Relativistic DSRG-MRPT2            
===============================================
-----------------------------------------------
        DSRG-MRPT2 reference relaxation        
-----------------------------------------------
Iter                          Energy              Delta E   
   -Eref  -74.8511626       
   -Ecorr -0.2139975       
<Psi^(0)|Hbar^(0)|Psi^(0)>    -75.0651601         -7.50652e+01
   -Erelax-0.0000001       
<Psi^(0)|Hbar^(1)|Psi^(0)>    -75.0651602         -8.66311e-08
   -Eref  -74.8511626       
   -Ecorr -0.2139975       
<Psi^(1)|Hbar^(1)|Psi^(1)>    -75.0651600         1.78494e-07
   -Erelax-0.0000000       
<Psi^(1)|Hbar^(2)|Psi^(1)>    -75.0651601         -4.65896e-09
   -Eref  -74.8511626       
   -Ecorr -0.2139975       
<Psi^(2)|Hbar^(2)|Psi^(2)>    -75.0651601         -3.32076e-08
   -Erelax-0.0000000       
<Psi^(2)|Hbar^(3)|Psi^(2)>    -75.0651601         -2.62986e-10
   -Eref  -74.8511626       
   -Ecorr -0.2139975       
<Psi^(3)|Hbar^(3)|Psi^(3)>    -75.0651601         8.40298e-09
   -Erelax-0.0000000       
<Psi^(3)|Hbar^(4)|Psi^(3)>    -75.0651601         -1.48219e-11
Unrelaxed DSRG-MRPT2 energy:               -75.0651601 Eh
Unrelaxed DSRG-MRPT2 E_corr:                -0.2139975 Eh
Partially relaxed DSRG-MRPT2 energy:       -75.0651602 Eh
Partially relaxed DSRG-MRPT2 E_corr:        -0.2139976 Eh
Relaxed DSRG-MRPT2 energy:                 -75.0651600 Eh
Relaxed DSRG-MRPT2 E_corr:                  -0.2139975 Eh
Fully relaxed DSRG-MRPT2 energy:           -75.0651601 Eh
Fully relaxed DSRG-MRPT2 E_corr:            -0.2139975 Eh
State     Energy / Eh         Splitting / Eh      Splitting / cm-1    Splitting / meV     
0         -7.5065445e+01      +0.0000000e+00      +0.0000000e+00      +0.0000000e+00      
1         -7.5065445e+01      +3.1053276e-09      +6.8154062e-04      +8.4500307e-05      
2         -7.5065445e+01      +2.3722038e-09      +5.2063854e-04      +6.4550983e-05      
3         -7.5065445e+01      +3.5387728e-09      +7.7667086e-04      +9.6294959e-05      
4         -7.5065445e+01      +4.2542183e-09      +9.3369299e-04      +1.1576323e-04      
5         -7.5064865e+01      +5.7963270e-04      +1.2721467e+02      +1.5772617e+01      
6         -7.5064865e+01      +3.4301166e-09      +7.5282358e-04      +9.3338272e-05      
7         -7.5064865e+01      +3.0589149e-09      +6.7135422e-04      +8.3237354e-05      
8         -7.5064623e+01      +2.4144918e-04      +5.2991970e+01      +6.5701701e+00      
Time taken:                       16.9023960 s
===============================================
===============================================
              PySCF DHF interface              
===============================================

Timing report
....integral reading:       0.4917250 s

===============================================
            Relativistic CASCI(7,8)            
===============================================
Will now allocate 0.001 MB memory for the CASCI Hamiltonian!
Time taken for 1-RDM build:        0.0003757 s
Time taken for 1-RDM build:        0.0003734 s
Time taken for 1-RDM build:        0.0003669 s
Time taken for 1-RDM build:        0.0003681 s
Time taken for 1-RDM build:        0.0003705 s
Time taken for 1-RDM build:        0.0003653 s
Time taken for 2-RDM build:        0.0013115 s
Time taken for 2-RDM build:        0.0012560 s
Time taken for 2-RDM build:        0.0012481 s
Time taken for 2-RDM build:        0.0010519 s
Time taken for 2-RDM build:        0.0010006 s
Time taken for 2-RDM build:        0.0010169 s
Time taken for 3-RDM build:        0.0141969 s
Time taken for 3-RDM build:        0.0124786 s
Time taken for 3-RDM build:        0.0124214 s
Time taken for 3-RDM build:        0.0123866 s
Time taken for 3-RDM build:        0.0123849 s
Time taken for 3-RDM build:        0.0124054 s
E_frzc:                          -75.5478008 Eh
E_cas:                           -23.9325131 Eh
E_nuc:                             0.0000000 Eh
E_casci:                         -99.4797328 Eh
E0 (from RDM):                   -99.4797328 Eh
Ecorr:                            -0.1043819 Eh

Timing summary
... Hamil build:                    0.0018139 s
... Hamil diag:                     0.0000956 s
... RDM build:                      1.2165861 s
State     Energy / Eh         Splitting / Eh      Splitting / cm-1    Splitting / meV     
0         -9.9480314e+01      +0.0000000e+00      +0.0000000e+00      +0.0000000e+00      
1         -9.9480314e+01      +2.4031038e-08      +5.2742033e-03      +6.5391818e-04      
2         -9.9480314e+01      +6.9549486e-09      +1.5264348e-03      +1.8925388e-04      
3         -9.9480314e+01      +2.1663141e-08      +4.7545098e-03      +5.8948436e-04      
4         -9.9478571e+01      +1.7431739e-03      +3.8258245e+02      +4.7434202e+01      
5         -9.9478571e+01      +1.6993980e-08      +3.7297474e-03      +4.6242996e-04      
Total time taken:                   1.3221571 s
===============================================

===============================================
            Relativistic DSRG-MRPT2            
===============================================
-----------------------------------------------
        DSRG-MRPT2 reference relaxation        
-----------------------------------------------
Iter                          Energy              Delta E   
   -Eref  -99.4797328       
   -Ecorr -0.2696809       
<Psi^(0)|Hbar^(0)|Psi^(0)>    -99.7494137         -9.97494e+01
   -Erelax0.0000000       
<Psi^(0)|Hbar^(1)|Psi^(0)>    -99.7494137         0.00000e+00
   -Eref  -99.4797328       
   -Ecorr -0.2696809       
<Psi^(1)|Hbar^(1)|Psi^(1)>    -99.7494137         0.00000e+00
   -Erelax0.0000000       
<Psi^(1)|Hbar^(2)|Psi^(1)>    -99.7494137         1.42109e-14
Unrelaxed DSRG-MRPT2 energy:               -99.7494137 Eh
Unrelaxed DSRG-MRPT2 E_corr:                -0.2696809 Eh
Partially relaxed DSRG-MRPT2 energy:       -99.7494137 Eh
Partially relaxed DSRG-MRPT2 E_corr:        -0.2696809 Eh
Relaxed DSRG-MRPT2 energy:                 -99.7494137 Eh
Relaxed DSRG-MRPT2 E_corr:                  -0.2696809 Eh
Fully relaxed DSRG-MRPT2 energy:           -99.7494137 Eh
Fully relaxed DSRG-MRPT2 E_corr:            -0.2696809 Eh
State     Energy / Eh         Splitting / Eh      Splitting / cm-1    Splitting / meV     
0         -9.9749991e+01      +0.0000000e+00      +0.0000000e+00      +0.0000000e+00      
1         -9.9749991e+01      +6.2239991e-09      +1.3660099e-03      +1.6936372e-04      
2         -9.9749991e+01      +5.6761706e-09      +1.2457755e-03      +1.5445654e-04      
3         -9.9749991e+01      +3.6246917e-09      +7.9552786e-04      +9.8632931e-05      
4         -9.9748259e+01      +1.7319145e-03      +3.8011129e+02      +4.7127817e+01      
5         -9.9748259e+01      +6.8185670e-09      +1.4965025e-03      +1.8554275e-04      
Time taken:                        6.2340376 s
===============================================
===============================================
              PySCF DHF interface              
===============================================

Timing report
....integral reading:       1.9339845 s

===============================================
            Relativistic CASCI(3,8)            
===============================================
Will now allocate 0.050 MB memory for the CASCI Hamiltonian!
Time taken for 1-RDM build:        0.0057335 s
Time taken for 1-RDM build:        0.0056930 s
Time taken for 1-RDM build:        0.0057149 s
Time taken for 1-RDM build:        0.0057068 s
Time taken for 1-RDM build:        0.0057027 s
Time taken for 1-RDM build:        0.0056953 s
Time taken for 2-RDM build:        0.0232596 s
Time taken for 2-RDM build:        0.0232694 s
Time taken for 2-RDM build:        0.0231717 s
Time taken for 2-RDM build:        0.0232100 s
Time taken for 2-RDM build:        0.0232415 s
Time taken for 2-RDM build:        0.0232449 s
Time taken for 3-RDM build:        0.0652063 s
Time taken for 3-RDM build:        0.0641789 s
Time taken for 3-RDM build:        0.0642099 s
Time taken for 3-RDM build:        0.0640006 s
Time taken for 3-RDM build:        0.0639706 s
Time taken for 3-RDM build:        0.0640557 s
E_frzc:                         -240.4061812 Eh
E_cas:                            -1.8986420 Eh
E_nuc:                             0.0000000 Eh
E_casci:                        -242.3045291 Eh
E0 (from RDM):                  -242.3045291 Eh
Ecorr:                            -0.1899047 Eh

Timing summary
... Hamil build:                    0.0168211 s
... Hamil diag:                     0.0005026 s
... RDM build:                      3.8307550 s
State     Energy / Eh         Splitting / Eh      Splitting / cm-1    Splitting / meV     
0         -2.4230482e+02      +0.0000000e+00      +0.0000000e+00      +0.0000000e+00      
1         -2.4230482e+02      +1.0992665e-09      +2.4126110e-04      +2.9912578e-05      
2         -2.4230438e+02      +4.4107881e-04      +9.6805609e+01      +1.2002372e+01      
3         -2.4230438e+02      +1.0805650e-09      +2.3715660e-04      +2.9403685e-05      
4         -2.4230438e+02      +8.9775654e-10      +1.9703478e-04      +2.4429211e-05      
5         -2.4230438e+02      +3.6629899e-10      +8.0393336e-05      +9.9675080e-06      
Total time taken:                   4.1990075 s
===============================================

===============================================
            Relativistic DSRG-MRPT2            
===============================================
-----------------------------------------------
        DSRG-MRPT2 reference relaxation        
-----------------------------------------------
Iter                          Energy              Delta E   
   -Eref  -242.3045291       
   -Ecorr -0.1910562       
<Psi^(0)|Hbar^(0)|Psi^(0)>    -242.4955853        -2.42496e+02
   -Erelax-0.0002047       
<Psi^(0)|Hbar^(1)|Psi^(0)>    -242.4957900        -2.04662e-04
   -Eref  -242.3043250       
   -Ecorr -0.1914342       
<Psi^(1)|Hbar^(1)|Psi^(1)>    -242.4957592        3.07749e-05
   -Erelax-0.0000000       
<Psi^(1)|Hbar^(2)|Psi^(1)>    -242.4957592        -4.07482e-10
   -Eref  -242.3043244       
   -Ecorr -0.1914347       
<Psi^(2)|Hbar^(2)|Psi^(2)>    -242.4957591        4.06415e-08
   -Erelax0.0000000       
<Psi^(2)|Hbar^(3)|Psi^(2)>    -242.4957591        0.00000e+00
   -Eref  -242.3043244       
   -Ecorr -0.1914347       
<Psi^(3)|Hbar^(3)|Psi^(3)>    -242.4957591        5.20401e-11
   -Erelax0.0000000       
<Psi^(3)|Hbar^(4)|Psi^(3)>    -242.4957591        0.00000e+00
Unrelaxed DSRG-MRPT2 energy:              -242.4955853 Eh
Unrelaxed DSRG-MRPT2 E_corr:                -0.1910562 Eh
Partially relaxed DSRG-MRPT2 energy:      -242.4957900 Eh
Partially relaxed DSRG-MRPT2 E_corr:        -0.1912608 Eh
Relaxed DSRG-MRPT2 energy:                -242.4957592 Eh
Relaxed DSRG-MRPT2 E_corr:                  -0.1914342 Eh
Fully relaxed DSRG-MRPT2 energy:          -242.4957591 Eh
Fully relaxed DSRG-MRPT2 E_corr:            -0.1914347 Eh
State     Energy / Eh         Splitting / Eh      Splitting / cm-1    Splitting / meV     
0         -2.4249609e+02      +0.0000000e+00      +0.0000000e+00      +0.0000000e+00      
1         -2.4249609e+02      +7.8466655e-10      +1.7221440e-04      +2.1351875e-05      
2         -2.4249560e+02      +4.8942188e-04      +1.0741569e+02      +1.3317854e+01      
3         -2.4249560e+02      +7.5581852e-10      +1.6588299e-04      +2.0566879e-05      
4         -2.4249560e+02      +6.0356342e-10      +1.3246686e-04      +1.6423805e-05      
5         -2.4249560e+02      +2.7529268e-10      +6.0419759e-05      +7.4910989e-06      
Time taken:                       69.2613778 s
===============================================
===============================================
              PySCF DHF interface              
===============================================

Timing report
....integral reading:       1.9048655 s

===============================================
            Relativistic CASCI(4,8)            
===============================================
Will now allocate 0.078 MB memory for the CASCI Hamiltonian!
Time taken for 1-RDM build:        0.0099933 s
Time taken for 1-RDM build:        0.0096824 s
Time taken for 1-RDM build:        0.0096910 s
Time taken for 1-RDM build:        0.0096955 s
Time taken for 1-RDM build:        0.0096734 s
Time taken for 1-RDM build:        0.0096619 s
Time taken for 1-RDM build:        0.0097127 s
Time taken for 1-RDM build:        0.0096781 s
Time taken for 1-RDM build:        0.0096767 s
Time taken for 2-RDM build:        0.0351291 s
Time taken for 2-RDM build:        0.0351193 s
Time taken for 2-RDM build:        0.0351310 s
Time taken for 2-RDM build:        0.0350747 s
Time taken for 2-RDM build:        0.0351446 s
Time taken for 2-RDM build:        0.0350566 s
Time taken for 2-RDM build:        0.0350618 s
Time taken for 2-RDM build:        0.0351493 s
Time taken for 2-RDM build:        0.0351095 s
Time taken for 3-RDM build:        0.1524642 s
Time taken for 3-RDM build:        0.1512704 s
Time taken for 3-RDM build:        0.1513205 s
Time taken for 3-RDM build:        0.1513064 s
Time taken for 3-RDM build:        0.1511710 s
Time taken for 3-RDM build:        0.1512091 s
Time taken for 3-RDM build:        0.1510811 s
Time taken for 3-RDM build:        0.1510010 s
Time taken for 3-RDM build:        0.1509202 s
E_frzc:                         -285.7423197 Eh
E_cas:                            -3.6921024 Eh
E_nuc:                             0.0000000 Eh
E_casci:                        -289.4337768 Eh
E0 (from RDM):                  -289.4337768 Eh
Ecorr:                            -0.2329780 Eh

Timing summary
... Hamil build:                    0.0262761 s
... Hamil diag:                     0.0009651 s
... RDM build:                      5.0084071 s
State     Energy / Eh         Splitting / Eh      Splitting / cm-1    Splitting / meV     
0         -2.8943442e+02      +0.0000000e+00      +0.0000000e+00      +0.0000000e+00      
1         -2.8943409e+02      +3.3211201e-04      +7.2890160e+01      +9.0372324e+00      
2         -2.8943409e+02      +8.1735152e-10      +1.7938792e-04      +2.2241278e-05      
3         -2.8943409e+02      +8.9210062e-10      +1.9579345e-04      +2.4275306e-05      
4         -2.8943346e+02      +6.3005266e-04      +1.3828057e+02      +1.7144614e+01      
5         -2.8943346e+02      +2.5920599e-10      +5.6889139e-05      +7.0533576e-06      
6         -2.8943346e+02      +7.8654239e-10      +1.7262610e-04      +2.1402919e-05      
7         -2.8943346e+02      +6.1896799e-10      +1.3584777e-04      +1.6842985e-05      
8         -2.8943346e+02      +4.2439297e-10      +9.3143489e-05      +1.1548326e-05      
Total time taken:                   5.3713570 s
===============================================

===============================================
            Relativistic DSRG-MRPT2            
===============================================
-----------------------------------------------
        DSRG-MRPT2 reference relaxation        
-----------------------------------------------
Iter                          Energy              Delta E   
   -Eref  -289.4337768       
   -Ecorr -0.2134622       
<Psi^(0)|Hbar^(0)|Psi^(0)>    -289.6472391        -2.89647e+02
   -Erelax-0.0001006       
<Psi^(0)|Hbar^(1)|Psi^(0)>    -289.6473396        -1.00572e-04
   -Eref  -289.4336765       
   -Ecorr -0.2136827       
<Psi^(1)|Hbar^(1)|Psi^(1)>    -289.6473592        -1.95822e-05
   -Erelax-0.0000000       
<Psi^(1)|Hbar^(2)|Psi^(1)>    -289.6473592        -1.93722e-10
   -Eref  -289.4336766       
   -Ecorr -0.2136826       
<Psi^(2)|Hbar^(2)|Psi^(2)>    -289.6473592        1.52297e-08
   -Erelax-0.0000000       
<Psi^(2)|Hbar^(3)|Psi^(2)>    -289.6473592        -1.13687e-13
   -Eref  -289.4336766       
   -Ecorr -0.2136826       
<Psi^(3)|Hbar^(3)|Psi^(3)>    -289.6473592        3.04112e-11
   -Erelax-0.0000000       
<Psi^(3)|Hbar^(4)|Psi^(3)>    -289.6473592        0.00000e+00
Unrelaxed DSRG-MRPT2 energy:              -289.6472391 Eh
Unrelaxed DSRG-MRPT2 E_corr:                -0.2134622 Eh
Partially relaxed DSRG-MRPT2 energy:      -289.6473396 Eh
Partially relaxed DSRG-MRPT2 E_corr:        -0.2135628 Eh
Relaxed DSRG-MRPT2 energy:                -289.6473592 Eh
Relaxed DSRG-MRPT2 E_corr:                  -0.2136827 Eh
Fully relaxed DSRG-MRPT2 energy:          -289.6473592 Eh
Fully relaxed DSRG-MRPT2 E_corr:            -0.2136826 Eh
State     Energy / Eh         Splitting / Eh      Splitting / cm-1    Splitting / meV     
0         -2.8964806e+02      +0.0000000e+00      +0.0000000e+00      +0.0000000e+00      
1         -2.8964770e+02      +3.6107645e-04      +7.9247121e+01      +9.8253954e+00      
2         -2.8964770e+02      +5.0539484e-10      +1.1092134e-04      +1.3752501e-05      
3         -2.8964770e+02      +5.2557425e-10      +1.1535021e-04      +1.4301611e-05      
4         -2.8964702e+02      +6.8284414e-04      +1.4986697e+02      +1.8581144e+01      
5         -2.8964702e+02      +1.9264235e-10      +4.2280108e-05      +5.2420678e-06      
6         -2.8964702e+02      +4.5992010e-10      +1.0094079e-04      +1.2515069e-05      
7         -2.8964702e+02      +4.1848125e-10      +9.1846017e-05      +1.1387460e-05      
8         -2.8964702e+02      +2.3447910e-10      +5.1462214e-05      +6.3805044e-06      
Time taken:                       72.9301085 s
===============================================
===============================================
              PySCF DHF interface              
===============================================

Timing report
....integral reading:       1.9012723 s

===============================================
            Relativistic CASCI(5,8)            
===============================================
Will now allocate 0.050 MB memory for the CASCI Hamiltonian!
Time taken for 1-RDM build:        0.0057840 s
Time taken for 1-RDM build:        0.0057809 s
Time taken for 1-RDM build:        0.0057862 s
Time taken for 1-RDM build:        0.0057843 s
Time taken for 1-RDM build:        0.0057440 s
Time taken for 1-RDM build:        0.0057783 s
Time taken for 1-RDM build:        0.0057454 s
Time taken for 1-RDM build:        0.0057607 s
Time taken for 1-RDM build:        0.0057693 s
Time taken for 1-RDM build:        0.0057757 s
Time taken for 1-RDM build:        0.0057619 s
Time taken for 1-RDM build:        0.0057795 s
Time taken for 1-RDM build:        0.0057867 s
Time taken for 1-RDM build:        0.0057750 s
Time taken for 2-RDM build:        0.0257330 s
Time taken for 2-RDM build:        0.0256934 s
Time taken for 2-RDM build:        0.0257638 s
Time taken for 2-RDM build:        0.0257609 s
Time taken for 2-RDM build:        0.0257747 s
Time taken for 2-RDM build:        0.0257485 s
Time taken for 2-RDM build:        0.0257151 s
Time taken for 2-RDM build:        0.0257323 s
Time taken for 2-RDM build:        0.0257220 s
Time taken for 2-RDM build:        0.0257313 s
Time taken for 2-RDM build:        0.0257256 s
Time taken for 2-RDM build:        0.0256832 s
Time taken for 2-RDM build:        0.0256920 s
Time taken for 2-RDM build:        0.0257480 s
Time taken for 3-RDM build:        0.1499598 s
Time taken for 3-RDM build:        0.1491845 s
Time taken for 3-RDM build:        0.1484866 s
Time taken for 3-RDM build:        0.1488397 s
Time taken for 3-RDM build:        0.1483104 s
Time taken for 3-RDM build:        0.1484601 s
Time taken for 3-RDM build:        0.1486278 s
Time taken for 3-RDM build:        0.1486278 s
Time taken for 3-RDM build:        0.1485102 s
Time taken for 3-RDM build:        0.1484771 s
Time taken for 3-RDM build:        0.1485834 s
Time taken for 3-RDM build:        0.1493936 s
Time taken for 3-RDM build:        0.1490734 s
Time taken for 3-RDM build:        0.1493096 s
E_frzc:                         -335.1272672 Eh
E_cas:                            -6.3636403 Eh
E_nuc:                             0.0000000 Eh
E_casci:                        -341.4410664 Eh
E0 (from RDM):                  -341.4410664 Eh
Ecorr:                            -0.2138107 Eh

Timing summary
... Hamil build:                    0.0213470 s
... Hamil diag:                     0.0005147 s
... RDM build:                      5.7773974 s
State     Energy / Eh         Splitting / Eh      Splitting / cm-1    Splitting / meV     
0         -3.4149091e+02      +0.0000000e+00      +0.0000000e+00      +0.0000000e+00      
1         -3.4149091e+02      +3.2849812e-10      +7.2097003e-05      +8.9388933e-06      
2         -3.4149091e+02      +3.2838443e-10      +7.2072051e-05      +8.9357998e-06      
3         -3.4149091e+02      +3.2798653e-10      +7.1984722e-05      +8.9249722e-06      
4         -3.4142117e+02      +6.9735531e-02      +1.5305180e+04      +1.8976014e+03      
5         -3.4142117e+02      +1.5667183e-09      +3.4385492e-04      +4.2632597e-05      
6         -3.4142117e+02      +1.3034196e-09      +2.8606753e-04      +3.5467871e-05      
7         -3.4142117e+02      +1.7383286e-09      +3.8151902e-04      +4.7302353e-05      
8         -3.4142110e+02      +6.9890622e-05      +1.5339218e+01      +1.9018216e+00      
9         -3.4142110e+02      +9.2740038e-10      +2.0354085e-04      +2.5235862e-05      
10        -3.4142110e+02      +9.6150643e-10      +2.1102627e-04      +2.6163935e-05      
11        -3.4142110e+02      +7.5050366e-10      +1.6471651e-04      +2.0422255e-05      
12        -3.4142110e+02      +9.6383701e-10      +2.1153777e-04      +2.6227353e-05      
13        -3.4142110e+02      +1.9558115e-09      +4.2925101e-04      +5.3220367e-05      
Total time taken:                   6.1341901 s
===============================================

===============================================
            Relativistic DSRG-MRPT2            
===============================================
-----------------------------------------------
        DSRG-MRPT2 reference relaxation        
-----------------------------------------------
Iter                          Energy              Delta E   
   -Eref  -341.4410664       
   -Ecorr -0.2534979       
<Psi^(0)|Hbar^(0)|Psi^(0)>    -341.6945643        -3.41695e+02
   -Erelax-0.0000007       
<Psi^(0)|Hbar^(1)|Psi^(0)>    -341.6945650        -6.98313e-07
   -Eref  -341.4410658       
   -Ecorr -0.2534995       
<Psi^(1)|Hbar^(1)|Psi^(1)>    -341.6945653        -3.16675e-07
   -Erelax-0.0000000       
<Psi^(1)|Hbar^(2)|Psi^(1)>    -341.6945653        -1.14539e-10
   -Eref  -341.4410659       
   -Ecorr -0.2534995       
<Psi^(2)|Hbar^(2)|Psi^(2)>    -341.6945653        4.10887e-09
   -Erelax-0.0000000       
<Psi^(2)|Hbar^(3)|Psi^(2)>    -341.6945653        -5.68434e-14
Unrelaxed DSRG-MRPT2 energy:              -341.6945643 Eh
Unrelaxed DSRG-MRPT2 E_corr:                -0.2534979 Eh
Partially relaxed DSRG-MRPT2 energy:      -341.6945650 Eh
Partially relaxed DSRG-MRPT2 E_corr:        -0.2534986 Eh
Relaxed DSRG-MRPT2 energy:                -341.6945653 Eh
Relaxed DSRG-MRPT2 E_corr:                  -0.2534995 Eh
Fully relaxed DSRG-MRPT2 energy:          -341.6945653 Eh
Fully relaxed DSRG-MRPT2 E_corr:            -0.2534995 Eh
State     Energy / Eh         Splitting / Eh      Splitting / cm-1    Splitting / meV     
0         -3.4173729e+02      +0.0000000e+00      +0.0000000e+00      +0.0000000e+00      
1         -3.4173729e+02      +2.2697577e-10      +4.9815423e-05      +6.1763283e-06      
2         -3.4173729e+02      +2.2663471e-10      +4.9740569e-05      +6.1670475e-06      
3         -3.4173729e+02      +2.2686208e-10      +4.9790472e-05      +6.1732347e-06      
4         -3.4167751e+02      +5.9780717e-02      +1.3120351e+04      +1.6267170e+03      
5         -3.4167751e+02      +6.7535666e-10      +1.4822365e-04      +1.8377400e-05      
6         -3.4167751e+02      +5.5149485e-10      +1.2103913e-04      +1.5006946e-05      
7         -3.4167751e+02      +7.4618356e-10      +1.6376836e-04      +2.0304699e-05      
8         -3.4167745e+02      +6.4493800e-05      +1.4154753e+01      +1.7549665e+00      
9         -3.4167745e+02      +3.8011194e-10      +8.3424928e-05      +1.0343378e-05      
10        -3.4167745e+02      +3.4322056e-10      +7.5328206e-05      +9.3395117e-06      
11        -3.4167745e+02      +3.4270897e-10      +7.5215925e-05      +9.3255906e-06      
12        -3.4167745e+02      +4.1694648e-10      +9.1509174e-05      +1.1345697e-05      
13        -3.4167745e+02      +7.1179329e-10      +1.5622057e-04      +1.9368891e-05      
Time taken:                       53.5578663 s
===============================================
===============================================
              PySCF DHF interface              
===============================================

Timing report
....integral reading:       1.9050946 s

===============================================
            Relativistic CASCI(6,8)            
===============================================
Will now allocate 0.013 MB memory for the CASCI Hamiltonian!
Time taken for 1-RDM build:        0.0022392 s
Time taken for 1-RDM build:        0.0022173 s
Time taken for 1-RDM build:        0.0022085 s
Time taken for 1-RDM build:        0.0021918 s
Time taken for 1-RDM build:        0.0022106 s
Time taken for 1-RDM build:        0.0022109 s
Time taken for 1-RDM build:        0.0022175 s
Time taken for 1-RDM build:        0.0022125 s
Time taken for 1-RDM build:        0.0021999 s
Time taken for 2-RDM build:        0.0086837 s
Time taken for 2-RDM build:        0.0086327 s
Time taken for 2-RDM build:        0.0086021 s
Time taken for 2-RDM build:        0.0086331 s
Time taken for 2-RDM build:        0.0086191 s
Time taken for 2-RDM build:        0.0086129 s
Time taken for 2-RDM build:        0.0086050 s
Time taken for 2-RDM build:        0.0086229 s
Time taken for 2-RDM build:        0.0086303 s
Time taken for 3-RDM build:        0.0687442 s
Time taken for 3-RDM build:        0.0661378 s
Time taken for 3-RDM build:        0.0661449 s
Time taken for 3-RDM build:        0.0660973 s
Time taken for 3-RDM build:        0.0661495 s
Time taken for 3-RDM build:        0.0660970 s
Time taken for 3-RDM build:        0.0660386 s
Time taken for 3-RDM build:        0.0661097 s
Time taken for 3-RDM build:        0.0661488 s
E_frzc:                         -388.5675376 Eh
E_cas:                            -9.9659359 Eh
E_nuc:                             0.0000000 Eh
E_casci:                        -398.5325748 Eh
E0 (from RDM):                  -398.5325748 Eh
Ecorr:                            -0.1603097 Eh

Timing summary
... Hamil build:                    0.0087717 s
... Hamil diag:                     0.0002606 s
... RDM build:                      3.9418480 s
State     Energy / Eh         Splitting / Eh      Splitting / cm-1    Splitting / meV     
0         -3.9853347e+02      +0.0000000e+00      +0.0000000e+00      +0.0000000e+00      
1         -3.9853347e+02      +5.6296585e-09      +1.2355672e-03      +1.5319088e-04      
2         -3.9853347e+02      +5.9783360e-09      +1.3120931e-03      +1.6267889e-04      
3         -3.9853347e+02      +5.6479053e-09      +1.2395719e-03      +1.5368740e-04      
4         -3.9853347e+02      +5.6580234e-09      +1.2417926e-03      +1.5396273e-04      
5         -3.9853166e+02      +1.8163270e-03      +3.9863770e+02      +4.9424800e+01      
6         -3.9853166e+02      +3.5533390e-09      +7.7986775e-04      +9.6691324e-05      
7         -3.9853166e+02      +3.5755079e-09      +7.8473327e-04      +9.7294572e-05      
8         -3.9853083e+02      +8.2294816e-04      +1.8061624e+02      +2.2393571e+01      
Total time taken:                   4.2864127 s
===============================================

===============================================
            Relativistic DSRG-MRPT2            
===============================================
-----------------------------------------------
        DSRG-MRPT2 reference relaxation        
-----------------------------------------------
Iter                          Energy              Delta E   
   -Eref  -398.5325748       
   -Ecorr -0.2947867       
<Psi^(0)|Hbar^(0)|Psi^(0)>    -398.8273615        -3.98827e+02
   -Erelax-0.0000002       
<Psi^(0)|Hbar^(1)|Psi^(0)>    -398.8273617        -1.51083e-07
   -Eref  -398.5325747       
   -Ecorr -0.2947871       
<Psi^(1)|Hbar^(1)|Psi^(1)>    -398.8273618        -7.97207e-08
   -Erelax-0.0000000       
<Psi^(1)|Hbar^(2)|Psi^(1)>    -398.8273618        -1.23578e-10
   -Eref  -398.5325747       
   -Ecorr -0.2947871       
<Psi^(2)|Hbar^(2)|Psi^(2)>    -398.8273618        3.42425e-09
   -Erelax-0.0000000       
<Psi^(2)|Hbar^(3)|Psi^(2)>    -398.8273618        -7.95808e-13
Unrelaxed DSRG-MRPT2 energy:              -398.8273615 Eh
Unrelaxed DSRG-MRPT2 E_corr:                -0.2947867 Eh
Partially relaxed DSRG-MRPT2 energy:      -398.8273617 Eh
Partially relaxed DSRG-MRPT2 E_corr:        -0.2947868 Eh
Relaxed DSRG-MRPT2 energy:                -398.8273618 Eh
Relaxed DSRG-MRPT2 E_corr:                  -0.2947871 Eh
Fully relaxed DSRG-MRPT2 energy:          -398.8273618 Eh
Fully relaxed DSRG-MRPT2 E_corr:            -0.2947871 Eh
State     Energy / Eh         Splitting / Eh      Splitting / cm-1    Splitting / meV     
0         -3.9882821e+02      +0.0000000e+00      +0.0000000e+00      +0.0000000e+00      
1         -3.9882821e+02      +2.0547191e-09      +4.5095871e-04      +5.5911780e-05      
2         -3.9882821e+02      +1.5043611e-09      +3.3016909e-04      +4.0935770e-05      
3         -3.9882821e+02      +1.3855015e-09      +3.0408243e-04      +3.7701434e-05      
4         -3.9882821e+02      +1.8509922e-09      +4.0624584e-04      +5.0368089e-05      
5         -3.9882650e+02      +1.7159371e-03      +3.7660465e+02      +4.6693048e+01      
6         -3.9882650e+02      +8.2064844e-10      +1.8011151e-04      +2.2330992e-05      
7         -3.9882650e+02      +9.9691988e-10      +2.1879862e-04      +2.7127585e-05      
8         -3.9882571e+02      +7.8087584e-04      +1.7138244e+02      +2.1248724e+01      
Time taken:                       49.9360039 s
===============================================
===============================================
              PySCF DHF interface              
===============================================

Timing report
....integral reading:       1.9015198 s

===============================================
            Relativistic CASCI(7,8)            
===============================================
Will now allocate 0.001 MB memory for the CASCI Hamiltonian!
Time taken for 1-RDM build:        0.0003774 s
Time taken for 1-RDM build:        0.0003676 s
Time taken for 1-RDM build:        0.0003667 s
Time taken for 1-RDM build:        0.0003626 s
Time taken for 1-RDM build:        0.0003645 s
Time taken for 1-RDM build:        0.0003655 s
Time taken for 2-RDM build:        0.0010493 s
Time taken for 2-RDM build:        0.0010040 s
Time taken for 2-RDM build:        0.0009964 s
Time taken for 2-RDM build:        0.0009992 s
Time taken for 2-RDM build:        0.0009978 s
Time taken for 2-RDM build:        0.0010002 s
Time taken for 3-RDM build:        0.0142629 s
Time taken for 3-RDM build:        0.0123370 s
Time taken for 3-RDM build:        0.0123341 s
Time taken for 3-RDM build:        0.0123100 s
Time taken for 3-RDM build:        0.0123057 s
Time taken for 3-RDM build:        0.0122828 s
E_frzc:                         -446.0682972 Eh
E_cas:                           -14.7582517 Eh
E_nuc:                             0.0000000 Eh
E_casci:                        -460.8252020 Eh
E0 (from RDM):                  -460.8252020 Eh
Ecorr:                             0.0013470 Eh

Timing summary
... Hamil build:                    0.0017741 s
... Hamil diag:                     0.0000765 s
... RDM build:                      3.3295283 s
State     Energy / Eh         Splitting / Eh      Splitting / cm-1    Splitting / meV     
0         -4.6082655e+02      +0.0000000e+00      +0.0000000e+00      +0.0000000e+00      
1         -4.6082655e+02      +1.2022326e-08      +2.6385956e-03      +3.2714432e-04      
2         -4.6082655e+02      +5.7600573e-09      +1.2641864e-03      +1.5673922e-04      
3         -4.6082655e+02      +1.1622035e-08      +2.5507418e-03      +3.1625183e-04      
4         -4.6082251e+02      +4.0408198e-03      +8.8685742e+02      +1.0995636e+02      
5         -4.6082251e+02      +2.0031848e-08      +4.3964825e-03      +5.4509461e-04      
Total time taken:                   3.6658919 s
===============================================

===============================================
            Relativistic DSRG-MRPT2            
===============================================
-----------------------------------------------
        DSRG-MRPT2 reference relaxation        
-----------------------------------------------
Iter                          Energy              Delta E   
   -Eref  -460.8252020       
   -Ecorr -0.3426780       
<Psi^(0)|Hbar^(0)|Psi^(0)>    -461.1678800        -4.61168e+02
   -Erelax0.0000000       
<Psi^(0)|Hbar^(1)|Psi^(0)>    -461.1678800        0.00000e+00
   -Eref  -460.8252020       
   -Ecorr -0.3426780       
<Psi^(1)|Hbar^(1)|Psi^(1)>    -461.1678800        -1.70530e-13
   -Erelax0.0000000       
<Psi^(1)|Hbar^(2)|Psi^(1)>    -461.1678800        0.00000e+00
Unrelaxed DSRG-MRPT2 energy:              -461.1678800 Eh
Unrelaxed DSRG-MRPT2 E_corr:                -0.3426780 Eh
Partially relaxed DSRG-MRPT2 energy:      -461.1678800 Eh
Partially relaxed DSRG-MRPT2 E_corr:        -0.3426780 Eh
Relaxed DSRG-MRPT2 energy:                -461.1678800 Eh
Relaxed DSRG-MRPT2 E_corr:                  -0.3426780 Eh
Fully relaxed DSRG-MRPT2 energy:          -461.1678800 Eh
Fully relaxed DSRG-MRPT2 E_corr:            -0.3426780 Eh
State     Energy / Eh         Splitting / Eh      Splitting / cm-1    Splitting / meV     
0         -4.6116923e+02      +0.0000000e+00      +0.0000000e+00      +0.0000000e+00      
1         -4.6116923e+02      +2.9929197e-09      +6.5686994e-04      +8.1441532e-05      
2         -4.6116923e+02      +2.2327526e-09      +4.9003256e-04      +6.0756323e-05      
3         -4.6116923e+02      +2.7209808e-09      +5.9718625e-04      +7.4041694e-05      
4         -4.6116518e+02      +4.0477864e-03      +8.8838643e+02      +1.1014593e+02      
5         -4.6116518e+02      +5.2152132e-09      +1.1446070e-03      +1.4191325e-04      
Time taken:                       29.6057708 s
===============================================
===============================================
              PySCF DHF interface              
===============================================

Timing report
....integral reading:      23.7626851 s

===============================================
            Relativistic CASCI(3,8)            
===============================================
Will now allocate 0.050 MB memory for the CASCI Hamiltonian!
Time taken for 1-RDM build:        0.0057182 s
Time taken for 1-RDM build:        0.0057154 s
Time taken for 1-RDM build:        0.0056884 s
Time taken for 1-RDM build:        0.0056837 s
Time taken for 1-RDM build:        0.0056827 s
Time taken for 1-RDM build:        0.0056951 s
Time taken for 2-RDM build:        0.0250945 s
Time taken for 2-RDM build:        0.0231655 s
Time taken for 2-RDM build:        0.0232086 s
Time taken for 2-RDM build:        0.0232196 s
Time taken for 2-RDM build:        0.0231645 s
Time taken for 2-RDM build:        0.0231960 s
Time taken for 3-RDM build:        0.0654931 s
Time taken for 3-RDM build:        0.0645459 s
Time taken for 3-RDM build:        0.0645151 s
Time taken for 3-RDM build:        0.0644531 s
Time taken for 3-RDM build:        0.0644681 s
Time taken for 3-RDM build:        0.0645332 s
E_frzc:                        -1939.7138290 Eh
E_cas:                            -2.0100161 Eh
E_nuc:                             0.0000000 Eh
E_casci:                       -1941.7217616 Eh
E0 (from RDM):                 -1941.7217616 Eh
Ecorr:                            -0.1944870 Eh

Timing summary
... Hamil build:                    0.0169621 s
... Hamil diag:                     0.0005336 s
... RDM build:                     45.8146918 s
State     Energy / Eh         Splitting / Eh      Splitting / cm-1    Splitting / meV     
0         -1.9417238e+03      +0.0000000e+00      +0.0000000e+00      +0.0000000e+00      
1         -1.9417238e+03      +1.0702479e-09      +2.3489226e-04      +2.9122942e-05      
2         -1.9417207e+03      +3.1252750e-03      +6.8591858e+02      +8.5043106e+01      
3         -1.9417207e+03      +1.1004886e-09      +2.4152933e-04      +2.9945834e-05      
4         -1.9417207e+03      +9.5178621e-10      +2.0889293e-04      +2.5899434e-05      
5         -1.9417207e+03      +6.4619599e-10      +1.4182362e-04      +1.7583897e-05      
Total time taken:                  49.4933615 s
===============================================

===============================================
            Relativistic DSRG-MRPT2            
===============================================
-----------------------------------------------
        DSRG-MRPT2 reference relaxation        
-----------------------------------------------
Iter                          Energy              Delta E   
   -Eref  -1941.7217616       
   -Ecorr -0.9436979       
<Psi^(0)|Hbar^(0)|Psi^(0)>    -1942.6654595       -1.94267e+03
   -Erelax-0.0002511       
<Psi^(0)|Hbar^(1)|Psi^(0)>    -1942.6657106       -2.51114e-04
   -Eref  -1941.7215123       
   -Ecorr -0.9441783       
<Psi^(1)|Hbar^(1)|Psi^(1)>    -1942.6656906       2.00227e-05
   -Erelax-0.0000000       
<Psi^(1)|Hbar^(2)|Psi^(1)>    -1942.6656906       -7.27596e-12
   -Eref  -1941.7215122       
   -Ecorr -0.9441784       
<Psi^(2)|Hbar^(2)|Psi^(2)>    -1942.6656906       2.69688e-09
   -Erelax-0.0000000       
<Psi^(2)|Hbar^(3)|Psi^(2)>    -1942.6656906       0.00000e+00
Unrelaxed DSRG-MRPT2 energy:             -1942.6654595 Eh
Unrelaxed DSRG-MRPT2 E_corr:                -0.9436979 Eh
Partially relaxed DSRG-MRPT2 energy:     -1942.6657106 Eh
Partially relaxed DSRG-MRPT2 E_corr:        -0.9439490 Eh
Relaxed DSRG-MRPT2 energy:               -1942.6656906 Eh
Relaxed DSRG-MRPT2 E_corr:                  -0.9441783 Eh
Fully relaxed DSRG-MRPT2 energy:         -1942.6656906 Eh
Fully relaxed DSRG-MRPT2 E_corr:            -0.9441784 Eh
State     Energy / Eh         Splitting / Eh      Splitting / cm-1    Splitting / meV     
0         -1.9426681e+03      +0.0000000e+00      +0.0000000e+00      +0.0000000e+00      
1         -1.9426681e+03      +6.5597305e-10      +1.4396944e-04      +1.7849944e-05      
2         -1.9426645e+03      +3.5540099e-03      +7.8001500e+02      +9.6709581e+01      
3         -1.9426645e+03      +6.6324901e-10      +1.4556633e-04      +1.8047933e-05      
4         -1.9426645e+03      +5.8412297e-10      +1.2820017e-04      +1.5894803e-05      
5         -1.9426645e+03      +4.1109161e-10      +9.0224178e-05      +1.1186378e-05      
Time taken:                      673.7093062 s
===============================================
===============================================
              PySCF DHF interface              
===============================================

Timing report
....integral reading:      23.8238504 s

===============================================
            Relativistic CASCI(4,8)            
===============================================
Will now allocate 0.078 MB memory for the CASCI Hamiltonian!
Time taken for 1-RDM build:        0.0099983 s
Time taken for 1-RDM build:        0.0096450 s
Time taken for 1-RDM build:        0.0096262 s
Time taken for 1-RDM build:        0.0096650 s
Time taken for 1-RDM build:        0.0096564 s
Time taken for 1-RDM build:        0.0096486 s
Time taken for 1-RDM build:        0.0096135 s
Time taken for 1-RDM build:        0.0096910 s
Time taken for 1-RDM build:        0.0096581 s
Time taken for 2-RDM build:        0.0349932 s
Time taken for 2-RDM build:        0.0350046 s
Time taken for 2-RDM build:        0.0349770 s
Time taken for 2-RDM build:        0.0349588 s
Time taken for 2-RDM build:        0.0349519 s
Time taken for 2-RDM build:        0.0349402 s
Time taken for 2-RDM build:        0.0349412 s
Time taken for 2-RDM build:        0.0349491 s
Time taken for 2-RDM build:        0.0349050 s
Time taken for 3-RDM build:        0.1526885 s
Time taken for 3-RDM build:        0.1509745 s
Time taken for 3-RDM build:        0.1510570 s
Time taken for 3-RDM build:        0.1509230 s
Time taken for 3-RDM build:        0.1508522 s
Time taken for 3-RDM build:        0.1509154 s
Time taken for 3-RDM build:        0.1508648 s
Time taken for 3-RDM build:        0.1509521 s
Time taken for 3-RDM build:        0.1510062 s
E_frzc:                        -2092.8592106 Eh
E_cas:                            -3.6862998 Eh
E_nuc:                             0.0000000 Eh
E_casci:                       -2096.5413860 Eh
E0 (from RDM):                 -2096.5413860 Eh
Ecorr:                            -0.2153364 Eh

Timing summary
... Hamil build:                    0.0262434 s
... Hamil diag:                     0.0010781 s
... RDM build:                     46.9873233 s
State     Energy / Eh         Splitting / Eh      Splitting / cm-1    Splitting / meV     
0         -2.0965455e+03      +0.0000000e+00      +0.0000000e+00      +0.0000000e+00      
1         -2.0965432e+03      +2.3344184e-03      +5.1234561e+02      +6.3522789e+01      
2         -2.0965432e+03      +6.4164851e-10      +1.4082557e-04      +1.7460154e-05      
3         -2.0965432e+03      +5.3205440e-10      +1.1677244e-04      +1.4477945e-05      
4         -2.0965395e+03      +3.6890520e-03      +8.0965333e+02      +1.0038427e+02      
5         -2.0965395e+03      +9.3723429e-10      +2.0569915e-04      +2.5503456e-05      
6         -2.0965395e+03      +1.0586518e-09      +2.3234722e-04      +2.8807397e-05      
7         -2.0965395e+03      +1.1709744e-09      +2.5699918e-04      +3.1863852e-05      
8         -2.0965395e+03      +1.0372787e-09      +2.2765636e-04      +2.8225805e-05      
Total time taken:                  50.6721807 s
===============================================

===============================================
            Relativistic DSRG-MRPT2            
===============================================
-----------------------------------------------
        DSRG-MRPT2 reference relaxation        
-----------------------------------------------
Iter                          Energy              Delta E   
   -Eref  -2096.5413860       
   -Ecorr -0.9378157       
<Psi^(0)|Hbar^(0)|Psi^(0)>    -2097.4792017       -2.09748e+03
   -Erelax-0.0000991       
<Psi^(0)|Hbar^(1)|Psi^(0)>    -2097.4793008       -9.91479e-05
   -Eref  -2096.5412859       
   -Ecorr -0.9380319       
<Psi^(1)|Hbar^(1)|Psi^(1)>    -2097.4793178       -1.69901e-05
   -Erelax-0.0000000       
<Psi^(1)|Hbar^(2)|Psi^(1)>    -2097.4793178       -2.04273e-09
   -Eref  -2096.5412858       
   -Ecorr -0.9380320       
<Psi^(2)|Hbar^(2)|Psi^(2)>    -2097.4793178       3.32388e-08
   -Erelax-0.0000000       
<Psi^(2)|Hbar^(3)|Psi^(2)>    -2097.4793178       -9.09495e-13
   -Eref  -2096.5412858       
   -Ecorr -0.9380320       
<Psi^(3)|Hbar^(3)|Psi^(3)>    -2097.4793178       3.77440e-10
   -Erelax-0.0000000       
<Psi^(3)|Hbar^(4)|Psi^(3)>    -2097.4793178       0.00000e+00
Unrelaxed DSRG-MRPT2 energy:             -2097.4792017 Eh
Unrelaxed DSRG-MRPT2 E_corr:                -0.9378157 Eh
Partially relaxed DSRG-MRPT2 energy:     -2097.4793008 Eh
Partially relaxed DSRG-MRPT2 E_corr:        -0.9379149 Eh
Relaxed DSRG-MRPT2 energy:               -2097.4793178 Eh
Relaxed DSRG-MRPT2 E_corr:                  -0.9380319 Eh
Fully relaxed DSRG-MRPT2 energy:         -2097.4793178 Eh
Fully relaxed DSRG-MRPT2 E_corr:            -0.9380320 Eh
State     Energy / Eh         Splitting / Eh      Splitting / cm-1    Splitting / meV     
0         -2.0974837e+03      +0.0000000e+00      +0.0000000e+00      +0.0000000e+00      
1         -2.0974812e+03      +2.5203188e-03      +5.5314603e+02      +6.8581399e+01      
2         -2.0974812e+03      +3.4788172e-10      +7.6351213e-05      +9.4663484e-06      
3         -2.0974812e+03      +3.2514436e-10      +7.1360937e-05      +8.8476328e-06      
4         -2.0974773e+03      +3.9058747e-03      +8.5724040e+02      +1.0628431e+02      
5         -2.0974773e+03      +4.5247361e-10      +9.9306479e-05      +1.2312440e-05      
6         -2.0974773e+03      +5.2386895e-10      +1.1497594e-04      +1.4255207e-05      
7         -2.0974773e+03      +5.3933036e-10      +1.1836933e-04      +1.4675934e-05      
8         -2.0974773e+03      +4.6338755e-10      +1.0170181e-04      +1.2609424e-05      
Time taken:                      949.6690722 s
===============================================
===============================================
              PySCF DHF interface              
===============================================

Timing report
....integral reading:      24.0647206 s

===============================================
            Relativistic CASCI(5,8)            
===============================================
Will now allocate 0.050 MB memory for the CASCI Hamiltonian!
Time taken for 1-RDM build:        0.0057955 s
Time taken for 1-RDM build:        0.0057442 s
Time taken for 1-RDM build:        0.0057595 s
Time taken for 1-RDM build:        0.0057750 s
Time taken for 1-RDM build:        0.0057750 s
Time taken for 1-RDM build:        0.0057435 s
Time taken for 1-RDM build:        0.0057642 s
Time taken for 1-RDM build:        0.0057309 s
Time taken for 1-RDM build:        0.0057530 s
Time taken for 1-RDM build:        0.0057631 s
Time taken for 1-RDM build:        0.0057788 s
Time taken for 1-RDM build:        0.0057762 s
Time taken for 1-RDM build:        0.0057547 s
Time taken for 1-RDM build:        0.0057604 s
Time taken for 2-RDM build:        0.0257342 s
Time taken for 2-RDM build:        0.0256934 s
Time taken for 2-RDM build:        0.0256541 s
Time taken for 2-RDM build:        0.0255611 s
Time taken for 2-RDM build:        0.0256622 s
Time taken for 2-RDM build:        0.0255978 s
Time taken for 2-RDM build:        0.0256488 s
Time taken for 2-RDM build:        0.0255978 s
Time taken for 2-RDM build:        0.0256934 s
Time taken for 2-RDM build:        0.0256517 s
Time taken for 2-RDM build:        0.0256648 s
Time taken for 2-RDM build:        0.0256467 s
Time taken for 2-RDM build:        0.0256512 s
Time taken for 2-RDM build:        0.0255895 s
Time taken for 3-RDM build:        0.1502247 s
Time taken for 3-RDM build:        0.1484723 s
Time taken for 3-RDM build:        0.1486609 s
Time taken for 3-RDM build:        0.1485734 s
Time taken for 3-RDM build:        0.1485198 s
Time taken for 3-RDM build:        0.1484561 s
Time taken for 3-RDM build:        0.1484692 s
Time taken for 3-RDM build:        0.1484187 s
Time taken for 3-RDM build:        0.1484501 s
Time taken for 3-RDM build:        0.1485240 s
Time taken for 3-RDM build:        0.1486087 s
Time taken for 3-RDM build:        0.1581917 s
Time taken for 3-RDM build:        0.1485515 s
Time taken for 3-RDM build:        0.1498642 s
E_frzc:                        -2252.3726240 Eh
E_cas:                            -6.0718308 Eh
E_nuc:                             0.0000000 Eh
E_casci:                       -2258.3972569 Eh
E0 (from RDM):                 -2258.3972569 Eh
Ecorr:                            -0.0178409 Eh

Timing summary
... Hamil build:                    0.0214391 s
... Hamil diag:                     0.0005116 s
... RDM build:                     47.7682345 s
State     Energy / Eh         Splitting / Eh      Splitting / cm-1    Splitting / meV     
0         -2.2584445e+03      +0.0000000e+00      +0.0000000e+00      +0.0000000e+00      
1         -2.2584445e+03      +5.2432370e-10      +1.1507575e-04      +1.4267581e-05      
2         -2.2584445e+03      +5.2705218e-10      +1.1567458e-04      +1.4341827e-05      
3         -2.2584445e+03      +5.1386451e-10      +1.1278022e-04      +1.3982972e-05      
4         -2.2583793e+03      +6.5107933e-02      +1.4289540e+04      +1.7716780e+03      
5         -2.2583793e+03      +9.2859409e-10      +2.0380284e-04      +2.5268344e-05      
6         -2.2583793e+03      +1.1159500e-09      +2.4492271e-04      +3.0366561e-05      
7         -2.2583793e+03      +5.1250026e-10      +1.1248081e-04      +1.3945849e-05      
8         -2.2583777e+03      +1.6153755e-03      +3.5453394e+02      +4.3956628e+01      
9         -2.2583777e+03      +7.5033313e-10      +1.6467909e-04      +2.0417614e-05      
10        -2.2583777e+03      +4.8839865e-10      +1.0719111e-04      +1.3290011e-05      
11        -2.2583777e+03      +1.4611032e-09      +3.2067509e-04      +3.9758663e-05      
12        -2.2583777e+03      +1.6329977e-09      +3.5840157e-04      +4.4436153e-05      
13        -2.2583777e+03      +6.3982952e-10      +1.4042635e-04      +1.7410656e-05      
Total time taken:                  51.4542415 s
===============================================

===============================================
            Relativistic DSRG-MRPT2            
===============================================
-----------------------------------------------
        DSRG-MRPT2 reference relaxation        
-----------------------------------------------
Iter                          Energy              Delta E   
   -Eref  -2258.3972569       
   -Ecorr -0.9505188       
<Psi^(0)|Hbar^(0)|Psi^(0)>    -2259.3477757       -2.25935e+03
   -Erelax-0.0000103       
<Psi^(0)|Hbar^(1)|Psi^(0)>    -2259.3477859       -1.02530e-05
   -Eref  -2258.3972480       
   -Ecorr -0.9505417       
<Psi^(1)|Hbar^(1)|Psi^(1)>    -2259.3477897       -3.75735e-06
   -Erelax-0.0000000       
<Psi^(1)|Hbar^(2)|Psi^(1)>    -2259.3477897       -1.59935e-09
   -Eref  -2258.3972482       
   -Ecorr -0.9505415       
<Psi^(2)|Hbar^(2)|Psi^(2)>    -2259.3477896       5.09958e-08
   -Erelax-0.0000000       
<Psi^(2)|Hbar^(3)|Psi^(2)>    -2259.3477896       -4.54747e-13
   -Eref  -2258.3972482       
   -Ecorr -0.9505415       
<Psi^(3)|Hbar^(3)|Psi^(3)>    -2259.3477896       -8.70841e-10
   -Erelax-0.0000000       
<Psi^(3)|Hbar^(4)|Psi^(3)>    -2259.3477896       0.00000e+00
Unrelaxed DSRG-MRPT2 energy:             -2259.3477757 Eh
Unrelaxed DSRG-MRPT2 E_corr:                -0.9505188 Eh
Partially relaxed DSRG-MRPT2 energy:     -2259.3477859 Eh
Partially relaxed DSRG-MRPT2 E_corr:        -0.9505291 Eh
Relaxed DSRG-MRPT2 energy:               -2259.3477897 Eh
Relaxed DSRG-MRPT2 E_corr:                  -0.9505417 Eh
Fully relaxed DSRG-MRPT2 energy:         -2259.3477896 Eh
Fully relaxed DSRG-MRPT2 E_corr:            -0.9505415 Eh
State     Energy / Eh         Splitting / Eh      Splitting / cm-1    Splitting / meV     
0         -2.2593888e+03      +0.0000000e+00      +0.0000000e+00      +0.0000000e+00      
1         -2.2593888e+03      +2.0463631e-10      +4.4912478e-05      +5.5684402e-06      
2         -2.2593888e+03      +2.1918822e-10      +4.8106254e-05      +5.9644182e-06      
3         -2.2593888e+03      +2.0372681e-10      +4.4712867e-05      +5.5436916e-06      
4         -2.2593323e+03      +5.6482578e-02      +1.2396493e+04      +1.5369700e+03      
5         -2.2593323e+03      +3.2332537e-10      +7.0961715e-05      +8.7981356e-06      
6         -2.2593323e+03      +3.0286174e-10      +6.6470467e-05      +8.2412915e-06      
7         -2.2593323e+03      +2.3919711e-10      +5.2497696e-05      +6.5088879e-06      
8         -2.2593308e+03      +1.4409144e-03      +3.1624415e+02      +3.9209296e+01      
9         -2.2593308e+03      +3.3014658e-10      +7.2458798e-05      +8.9837502e-06      
10        -2.2593308e+03      +1.6734703e-10      +3.6728426e-05      +4.5537467e-06      
11        -2.2593308e+03      +5.4615157e-10      +1.1986641e-04      +1.4861548e-05      
12        -2.2593308e+03      +6.7166184e-10      +1.4741273e-04      +1.8276858e-05      
13        -2.2593308e+03      +2.4101610e-10      +5.2896918e-05      +6.5583852e-06      
Time taken:                      948.7494340 s
===============================================
===============================================
              PySCF DHF interface              
===============================================

Timing report
....integral reading:      23.7983749 s

===============================================
            Relativistic CASCI(6,8)            
===============================================
Will now allocate 0.013 MB memory for the CASCI Hamiltonian!
Time taken for 1-RDM build:        0.0022523 s
Time taken for 1-RDM build:        0.0022213 s
Time taken for 1-RDM build:        0.0022228 s
Time taken for 1-RDM build:        0.0022295 s
Time taken for 1-RDM build:        0.0022149 s
Time taken for 1-RDM build:        0.0022023 s
Time taken for 1-RDM build:        0.0022058 s
Time taken for 1-RDM build:        0.0022149 s
Time taken for 1-RDM build:        0.0022173 s
Time taken for 2-RDM build:        0.0087028 s
Time taken for 2-RDM build:        0.0086632 s
Time taken for 2-RDM build:        0.0086472 s
Time taken for 2-RDM build:        0.0086329 s
Time taken for 2-RDM build:        0.0086150 s
Time taken for 2-RDM build:        0.0086262 s
Time taken for 2-RDM build:        0.0086429 s
Time taken for 2-RDM build:        0.0086443 s
Time taken for 2-RDM build:        0.0086510 s
Time taken for 3-RDM build:        0.0680254 s
Time taken for 3-RDM build:        0.0663199 s
Time taken for 3-RDM build:        0.0662081 s
Time taken for 3-RDM build:        0.0663340 s
Time taken for 3-RDM build:        0.0662105 s
Time taken for 3-RDM build:        0.0662427 s
Time taken for 3-RDM build:        0.0662861 s
Time taken for 3-RDM build:        0.0662775 s
Time taken for 3-RDM build:        0.0663071 s
E_frzc:                        -2418.2608262 Eh
E_cas:                            -9.1774708 Eh
E_nuc:                             0.0000000 Eh
E_casci:                       -2427.4340589 Eh
E0 (from RDM):                 -2427.4340589 Eh
Ecorr:                            -0.1372548 Eh

Timing summary
... Hamil build:                    0.0088170 s
... Hamil diag:                     0.0002687 s
... RDM build:                     45.9727318 s
State     Energy / Eh         Splitting / Eh      Splitting / cm-1    Splitting / meV     
0         -2.4274383e+03      +0.0000000e+00      +0.0000000e+00      +0.0000000e+00      
1         -2.4274383e+03      +1.9413164e-09      +4.2606971e-04      +5.2825936e-05      
2         -2.4274383e+03      +8.9721652e-10      +1.9691626e-04      +2.4414517e-05      
3         -2.4274383e+03      +1.1737029e-09      +2.5759801e-04      +3.1938098e-05      
4         -2.4274383e+03      +1.8349056e-09      +4.0271522e-04      +4.9930347e-05      
5         -2.4274294e+03      +8.8831576e-03      +1.9496277e+03      +2.4172315e+02      
6         -2.4274294e+03      +4.1914063e-09      +9.1990735e-04      +1.1405403e-04      
7         -2.4274294e+03      +4.1027306e-09      +9.0044528e-04      +1.1164104e-04      
8         -2.4274268e+03      +2.6102260e-03      +5.7287839e+02      +7.1027902e+01      
Total time taken:                  49.6577303 s
===============================================

===============================================
            Relativistic DSRG-MRPT2            
===============================================
-----------------------------------------------
        DSRG-MRPT2 reference relaxation        
-----------------------------------------------
Iter                          Energy              Delta E   
   -Eref  -2427.4340589       
   -Ecorr -0.9664236       
<Psi^(0)|Hbar^(0)|Psi^(0)>    -2428.4004824       -2.42840e+03
   -Erelax-0.0000030       
<Psi^(0)|Hbar^(1)|Psi^(0)>    -2428.4004855       -3.03514e-06
   -Eref  -2427.4340556       
   -Ecorr -0.9664311       
<Psi^(1)|Hbar^(1)|Psi^(1)>    -2428.4004867       -1.20219e-06
   -Erelax-0.0000000       
<Psi^(1)|Hbar^(2)|Psi^(1)>    -2428.4004867       -1.36561e-09
   -Eref  -2427.4340556       
   -Ecorr -0.9664310       
<Psi^(2)|Hbar^(2)|Psi^(2)>    -2428.4004866       3.30347e-08
   -Erelax-0.0000000       
<Psi^(2)|Hbar^(3)|Psi^(2)>    -2428.4004866       -4.09273e-12
   -Eref  -2427.4340556       
   -Ecorr -0.9664310       
<Psi^(3)|Hbar^(3)|Psi^(3)>    -2428.4004866       -1.80535e-09
   -Erelax-0.0000000       
<Psi^(3)|Hbar^(4)|Psi^(3)>    -2428.4004866       0.00000e+00
Unrelaxed DSRG-MRPT2 energy:             -2428.4004824 Eh
Unrelaxed DSRG-MRPT2 E_corr:                -0.9664236 Eh
Partially relaxed DSRG-MRPT2 energy:     -2428.4004855 Eh
Partially relaxed DSRG-MRPT2 E_corr:        -0.9664266 Eh
Relaxed DSRG-MRPT2 energy:               -2428.4004867 Eh
Relaxed DSRG-MRPT2 E_corr:                  -0.9664311 Eh
Fully relaxed DSRG-MRPT2 energy:         -2428.4004866 Eh
Fully relaxed DSRG-MRPT2 E_corr:            -0.9664310 Eh
State     Energy / Eh         Splitting / Eh      Splitting / cm-1    Splitting / meV     
0         -2.4284046e+03      +0.0000000e+00      +0.0000000e+00      +0.0000000e+00      
1         -2.4284046e+03      +5.8480509e-10      +1.2834988e-04      +1.5913365e-05      
2         -2.4284046e+03      +5.5297278e-10      +1.2136350e-04      +1.5047163e-05      
3         -2.4284046e+03      +6.2118488e-10      +1.3633432e-04      +1.6903310e-05      
4         -2.4284046e+03      +5.2023097e-10      +1.1417750e-04      +1.4156212e-05      
5         -2.4283960e+03      +8.5716808e-03      +1.8812665e+03      +2.3324743e+02      
6         -2.4283960e+03      +1.5756996e-09      +3.4582608e-04      +4.2876990e-05      
7         -2.4283960e+03      +1.5133992e-09      +3.3215273e-04      +4.1181709e-05      
8         -2.4283934e+03      +2.5964141e-03      +5.6984702e+02      +7.0652060e+01      
Time taken:                      947.8813233 s
===============================================
===============================================
              PySCF DHF interface              
===============================================

Timing report
....integral reading:      23.8197348 s

===============================================
            Relativistic CASCI(7,8)            
===============================================
Will now allocate 0.001 MB memory for the CASCI Hamiltonian!
Time taken for 1-RDM build:        0.0003812 s
Time taken for 1-RDM build:        0.0003653 s
Time taken for 1-RDM build:        0.0003643 s
Time taken for 1-RDM build:        0.0003667 s
Time taken for 1-RDM build:        0.0003653 s
Time taken for 1-RDM build:        0.0003622 s
Time taken for 2-RDM build:        0.0010498 s
Time taken for 2-RDM build:        0.0010076 s
Time taken for 2-RDM build:        0.0010006 s
Time taken for 2-RDM build:        0.0009999 s
Time taken for 2-RDM build:        0.0010056 s
Time taken for 2-RDM build:        0.0010018 s
Time taken for 3-RDM build:        0.0139055 s
Time taken for 3-RDM build:        0.0123608 s
Time taken for 3-RDM build:        0.0123594 s
Time taken for 3-RDM build:        0.0123208 s
Time taken for 3-RDM build:        0.0123193 s
Time taken for 3-RDM build:        0.0123541 s
E_frzc:                        -2590.5378304 Eh
E_cas:                           -13.1880855 Eh
E_nuc:                             0.0000000 Eh
E_casci:                       -2603.7203212 Eh
E0 (from RDM):                 -2603.7203212 Eh
Ecorr:                            -0.0318830 Eh

Timing summary
... Hamil build:                    0.0019369 s
... Hamil diag:                     0.0000954 s
... RDM build:                     45.3096182 s
State     Energy / Eh         Splitting / Eh      Splitting / cm-1    Splitting / meV     
0         -2.6037259e+03      +0.0000000e+00      +0.0000000e+00      +0.0000000e+00      
1         -2.6037259e+03      +9.2413757e-09      +2.0282475e-03      +2.5147076e-04      
2         -2.6037259e+03      +1.8784249e-08      +4.1226661e-03      +5.1114569e-04      
3         -2.6037259e+03      +9.8884811e-09      +2.1702707e-03      +2.6907941e-04      
4         -2.6037091e+03      +1.6783801e-02      +3.6836186e+03      +4.5671072e+02      
5         -2.6037091e+03      +7.4087438e-09      +1.6260313e-03      +2.0160228e-04      
Total time taken:                  48.9811311 s
===============================================

===============================================
            Relativistic DSRG-MRPT2            
===============================================
-----------------------------------------------
        DSRG-MRPT2 reference relaxation        
-----------------------------------------------
Iter                          Energy              Delta E   
   -Eref  -2603.7203212       
   -Ecorr -0.9927805       
<Psi^(0)|Hbar^(0)|Psi^(0)>    -2604.7131017       -2.60471e+03
   -Erelax0.0000000       
<Psi^(0)|Hbar^(1)|Psi^(0)>    -2604.7131017       0.00000e+00
   -Eref  -2603.7203212       
   -Ecorr -0.9927805       
<Psi^(1)|Hbar^(1)|Psi^(1)>    -2604.7131017       4.54747e-13
   -Erelax-0.0000000       
<Psi^(1)|Hbar^(2)|Psi^(1)>    -2604.7131017       0.00000e+00
Unrelaxed DSRG-MRPT2 energy:             -2604.7131017 Eh
Unrelaxed DSRG-MRPT2 E_corr:                -0.9927805 Eh
Partially relaxed DSRG-MRPT2 energy:     -2604.7131017 Eh
Partially relaxed DSRG-MRPT2 E_corr:        -0.9927805 Eh
Relaxed DSRG-MRPT2 energy:               -2604.7131017 Eh
Relaxed DSRG-MRPT2 E_corr:                  -0.9927805 Eh
Fully relaxed DSRG-MRPT2 energy:         -2604.7131017 Eh
Fully relaxed DSRG-MRPT2 E_corr:            -0.9927805 Eh
State     Energy / Eh         Splitting / Eh      Splitting / cm-1    Splitting / meV     
0         -2.6047187e+03      +0.0000000e+00      +0.0000000e+00      +0.0000000e+00      
1         -2.6047187e+03      +2.7425813e-09      +6.0192701e-04      +7.4629473e-05      
2         -2.6047187e+03      +5.4706106e-09      +1.2006602e-03      +1.4886297e-04      
3         -2.6047187e+03      +3.4760888e-09      +7.6291329e-04      +9.4589238e-05      
4         -2.6047019e+03      +1.6758844e-02      +3.6781412e+03      +4.5603160e+02      
5         -2.6047019e+03      +3.0399860e-09      +6.6719981e-04      +8.2722273e-05      
Time taken:                      403.2669888 s
===============================================
