NOW DOING s=0.32!
===============================================
              PySCF DHF interface              
===============================================

Timing report
....integral reading:       0.5011287 s

===============================================
            Relativistic CASCI(3,8)            
===============================================
Will now allocate 0.050 MB memory for the CASCI Hamiltonian!
Time taken for 1-RDM build:        0.0057075 s
Time taken for 1-RDM build:        0.0056431 s
Time taken for 1-RDM build:        0.0056617 s
Time taken for 1-RDM build:        0.0056903 s
Time taken for 1-RDM build:        0.0056632 s
Time taken for 1-RDM build:        0.0056782 s
Time taken for 2-RDM build:        0.0241103 s
Time taken for 2-RDM build:        0.0231957 s
Time taken for 2-RDM build:        0.0231080 s
Time taken for 2-RDM build:        0.0231805 s
Time taken for 2-RDM build:        0.0231636 s
Time taken for 2-RDM build:        0.0231338 s
Time taken for 3-RDM build:        0.0664396 s
Time taken for 3-RDM build:        0.0650835 s
Time taken for 3-RDM build:        0.0644250 s
Time taken for 3-RDM build:        0.0644908 s
Time taken for 3-RDM build:        0.0650384 s
Time taken for 3-RDM build:        0.0648127 s
E_frzc:                          -21.9899228 Eh
E_cas:                            -2.5754278 Eh
E_nuc:                             0.0000000 Eh
E_casci:                         -24.5653104 Eh
E0 (from RDM):                   -24.5653104 Eh
Ecorr:                            -0.2764703 Eh

Timing summary
... Hamil build:                    0.0167971 s
... Hamil diag:                     0.0005832 s
... RDM build:                      1.7355154 s
State     Energy / Eh         Splitting / Eh      Splitting / cm-1    Splitting / meV     
0         -2.4565351e+01      +0.0000000e+00      +0.0000000e+00      +0.0000000e+00      
1         -2.4565351e+01      +1.6292141e-09      +3.5757116e-04      +4.4333195e-05      
2         -2.4565290e+01      +6.0370290e-05      +1.3249747e+01      +1.6427601e+00      
3         -2.4565290e+01      +8.2750518e-10      +1.8161639e-04      +2.2517574e-05      
4         -2.4565290e+01      +8.6880192e-10      +1.9067998e-04      +2.3641316e-05      
5         -2.4565290e+01      +1.8699744e-09      +4.1041194e-04      +5.0884619e-05      
Total time taken:                   1.8563576 s
===============================================

===============================================
            Relativistic DSRG-MRPT2            
===============================================
-----------------------------------------------
        DSRG-MRPT2 reference relaxation        
-----------------------------------------------
Iter                          Energy              Delta E   
   -Eref  -24.5653104       
   -Ecorr -0.0654422       
<Psi^(0)|Hbar^(0)|Psi^(0)>    -24.6307526         -2.46308e+01
   -Erelax-0.0002486       
<Psi^(0)|Hbar^(1)|Psi^(0)>    -24.6310012         -2.48617e-04
   -Eref  -24.5650532       
   -Ecorr -0.0658914       
<Psi^(1)|Hbar^(1)|Psi^(1)>    -24.6309445         5.66717e-05
   -Erelax-0.0000000       
<Psi^(1)|Hbar^(2)|Psi^(1)>    -24.6309445         -6.27907e-10
   -Eref  -24.5650540       
   -Ecorr -0.0658906       
<Psi^(2)|Hbar^(2)|Psi^(2)>    -24.6309446         -8.20577e-08
   -Erelax0.0000000       
<Psi^(2)|Hbar^(3)|Psi^(2)>    -24.6309446         7.10543e-15
   -Eref  -24.5650540       
   -Ecorr -0.0658906       
<Psi^(3)|Hbar^(3)|Psi^(3)>    -24.6309446         1.36488e-10
   -Erelax0.0000000       
<Psi^(3)|Hbar^(4)|Psi^(3)>    -24.6309446         7.10543e-15
Unrelaxed DSRG-MRPT2 energy:               -24.6307526 Eh
Unrelaxed DSRG-MRPT2 E_corr:                -0.0654422 Eh
Partially relaxed DSRG-MRPT2 energy:       -24.6310012 Eh
Partially relaxed DSRG-MRPT2 E_corr:        -0.0656908 Eh
Relaxed DSRG-MRPT2 energy:                 -24.6309445 Eh
Relaxed DSRG-MRPT2 E_corr:                  -0.0658914 Eh
Fully relaxed DSRG-MRPT2 energy:           -24.6309446 Eh
Fully relaxed DSRG-MRPT2 E_corr:            -0.0658906 Eh
State     Energy / Eh         Splitting / Eh      Splitting / cm-1    Splitting / meV     
0         -2.4630988e+01      +0.0000000e+00      +0.0000000e+00      +0.0000000e+00      
1         -2.4630988e+01      +7.7732665e-10      +1.7060348e-04      +2.1152146e-05      
2         -2.4630923e+01      +6.4779054e-05      +1.4217359e+01      +1.7627287e+00      
3         -2.4630923e+01      +4.9139715e-10      +1.0784921e-04      +1.3371604e-05      
4         -2.4630923e+01      +4.2610893e-10      +9.3520099e-05      +1.1595020e-05      
5         -2.4630923e+01      +8.8649799e-10      +1.9456382e-04      +2.4122850e-05      
Time taken:                       16.7437377 s
===============================================
===============================================
              PySCF DHF interface              
===============================================

Timing report
....integral reading:       0.5040569 s

===============================================
            Relativistic CASCI(4,8)            
===============================================
Will now allocate 0.078 MB memory for the CASCI Hamiltonian!
Time taken for 1-RDM build:        0.0098643 s
Time taken for 1-RDM build:        0.0095313 s
Time taken for 1-RDM build:        0.0095506 s
Time taken for 1-RDM build:        0.0095115 s
Time taken for 1-RDM build:        0.0095642 s
Time taken for 1-RDM build:        0.0095572 s
Time taken for 1-RDM build:        0.0095644 s
Time taken for 1-RDM build:        0.0095465 s
Time taken for 1-RDM build:        0.0095501 s
Time taken for 2-RDM build:        0.0355620 s
Time taken for 2-RDM build:        0.0346572 s
Time taken for 2-RDM build:        0.0346105 s
Time taken for 2-RDM build:        0.0346091 s
Time taken for 2-RDM build:        0.0345962 s
Time taken for 2-RDM build:        0.0345390 s
Time taken for 2-RDM build:        0.0346451 s
Time taken for 2-RDM build:        0.0346320 s
Time taken for 2-RDM build:        0.0345631 s
Time taken for 3-RDM build:        0.1522486 s
Time taken for 3-RDM build:        0.1512089 s
Time taken for 3-RDM build:        0.1522453 s
Time taken for 3-RDM build:        0.1509690 s
Time taken for 3-RDM build:        0.1509876 s
Time taken for 3-RDM build:        0.1510282 s
Time taken for 3-RDM build:        0.1509998 s
Time taken for 3-RDM build:        0.1511328 s
Time taken for 3-RDM build:        0.1513839 s
E_frzc:                          -32.3709352 Eh
E_cas:                            -5.3467114 Eh
E_nuc:                             0.0000000 Eh
E_casci:                         -37.7175257 Eh
E0 (from RDM):                   -37.7175257 Eh
Ecorr:                            -0.4429083 Eh

Timing summary
... Hamil build:                    0.0256071 s
... Hamil diag:                     0.0009813 s
... RDM build:                      2.9189324 s
State     Energy / Eh         Splitting / Eh      Splitting / cm-1    Splitting / meV     
0         -3.7717647e+01      +0.0000000e+00      +0.0000000e+00      +0.0000000e+00      
1         -3.7717578e+01      +6.8056777e-05      +1.4936736e+01      +1.8519201e+00      
2         -3.7717578e+01      +1.0789947e-09      +2.3681196e-04      +2.9360955e-05      
3         -3.7717578e+01      +1.2285639e-09      +2.6963861e-04      +3.3430943e-05      
4         -3.7717470e+01      +1.0852195e-04      +2.3817815e+01      +2.9530341e+00      
5         -3.7717470e+01      +3.7324810e-10      +8.1918488e-05      +1.0156603e-05      
6         -3.7717470e+01      +9.5213437e-10      +2.0896934e-04      +2.5908908e-05      
7         -3.7717470e+01      +4.4995119e-10      +9.8752870e-05      +1.2243801e-05      
8         -3.7717470e+01      +5.6218852e-10      +1.2338612e-04      +1.5297936e-05      
Total time taken:                   3.0491209 s
===============================================

===============================================
            Relativistic DSRG-MRPT2            
===============================================
-----------------------------------------------
        DSRG-MRPT2 reference relaxation        
-----------------------------------------------
Iter                          Energy              Delta E   
   -Eref  -37.7175257       
   -Ecorr -0.1071261       
<Psi^(0)|Hbar^(0)|Psi^(0)>    -37.8246518         -3.78247e+01
   -Erelax-0.0000340       
<Psi^(0)|Hbar^(1)|Psi^(0)>    -37.8246858         -3.40085e-05
   -Eref  -37.7174899       
   -Ecorr -0.1072539       
<Psi^(1)|Hbar^(1)|Psi^(1)>    -37.8247438         -5.80429e-05
   -Erelax-0.0000000       
<Psi^(1)|Hbar^(2)|Psi^(1)>    -37.8247438         -1.32675e-09
   -Eref  -37.7174903       
   -Ecorr -0.1072531       
<Psi^(2)|Hbar^(2)|Psi^(2)>    -37.8247435         3.54781e-07
   -Erelax-0.0000000       
<Psi^(2)|Hbar^(3)|Psi^(2)>    -37.8247435         -6.03961e-13
   -Eref  -37.7174903       
   -Ecorr -0.1072532       
<Psi^(3)|Hbar^(3)|Psi^(3)>    -37.8247435         -2.03217e-09
   -Erelax-0.0000000       
<Psi^(3)|Hbar^(4)|Psi^(3)>    -37.8247435         -7.10543e-15
Unrelaxed DSRG-MRPT2 energy:               -37.8246518 Eh
Unrelaxed DSRG-MRPT2 E_corr:                -0.1071261 Eh
Partially relaxed DSRG-MRPT2 energy:       -37.8246858 Eh
Partially relaxed DSRG-MRPT2 E_corr:        -0.1071601 Eh
Relaxed DSRG-MRPT2 energy:                 -37.8247438 Eh
Relaxed DSRG-MRPT2 E_corr:                  -0.1072539 Eh
Fully relaxed DSRG-MRPT2 energy:           -37.8247435 Eh
Fully relaxed DSRG-MRPT2 E_corr:            -0.1072532 Eh
State     Energy / Eh         Splitting / Eh      Splitting / cm-1    Splitting / meV     
0         -3.7824887e+01      +0.0000000e+00      +0.0000000e+00      +0.0000000e+00      
1         -3.7824808e+01      +7.8383386e-05      +1.7203165e+01      +2.1329216e+00      
2         -3.7824808e+01      +2.9715608e-10      +6.5218220e-05      +8.0860326e-06      
3         -3.7824808e+01      +3.4325609e-10      +7.5336003e-05      +9.3404784e-06      
4         -3.7824676e+01      +1.3223260e-04      +2.9021700e+01      +3.5982340e+00      
5         -3.7824676e+01      +1.0067680e-10      +2.2096003e-05      +2.7395566e-06      
6         -3.7824676e+01      +2.1507418e-10      +4.7203326e-05      +5.8524693e-06      
7         -3.7824676e+01      +1.4038903e-10      +3.0811831e-05      +3.8201820e-06      
8         -3.7824676e+01      +1.0446399e-10      +2.2927196e-05      +2.8426114e-06      
Time taken:                       20.4761388 s
===============================================
===============================================
              PySCF DHF interface              
===============================================

Timing report
....integral reading:       0.5048392 s

===============================================
            Relativistic CASCI(5,8)            
===============================================
Will now allocate 0.050 MB memory for the CASCI Hamiltonian!
Time taken for 1-RDM build:        0.0056612 s
Time taken for 1-RDM build:        0.0056281 s
Time taken for 1-RDM build:        0.0056558 s
Time taken for 1-RDM build:        0.0056560 s
Time taken for 1-RDM build:        0.0056243 s
Time taken for 1-RDM build:        0.0056510 s
Time taken for 1-RDM build:        0.0056479 s
Time taken for 1-RDM build:        0.0056732 s
Time taken for 1-RDM build:        0.0056889 s
Time taken for 1-RDM build:        0.0056665 s
Time taken for 1-RDM build:        0.0056701 s
Time taken for 1-RDM build:        0.0056720 s
Time taken for 1-RDM build:        0.0056708 s
Time taken for 1-RDM build:        0.0056498 s
Time taken for 2-RDM build:        0.0260770 s
Time taken for 2-RDM build:        0.0253251 s
Time taken for 2-RDM build:        0.0253675 s
Time taken for 2-RDM build:        0.0252955 s
Time taken for 2-RDM build:        0.0253878 s
Time taken for 2-RDM build:        0.0253940 s
Time taken for 2-RDM build:        0.0253475 s
Time taken for 2-RDM build:        0.0253413 s
Time taken for 2-RDM build:        0.0258083 s
Time taken for 2-RDM build:        0.0253808 s
Time taken for 2-RDM build:        0.0253875 s
Time taken for 2-RDM build:        0.0253034 s
Time taken for 2-RDM build:        0.0253181 s
Time taken for 2-RDM build:        0.0253639 s
Time taken for 3-RDM build:        0.1500974 s
Time taken for 3-RDM build:        0.1487255 s
Time taken for 3-RDM build:        0.1485448 s
Time taken for 3-RDM build:        0.1486669 s
Time taken for 3-RDM build:        0.1484942 s
Time taken for 3-RDM build:        0.1488199 s
Time taken for 3-RDM build:        0.1483357 s
Time taken for 3-RDM build:        0.1482413 s
Time taken for 3-RDM build:        0.1482654 s
Time taken for 3-RDM build:        0.1484275 s
Time taken for 3-RDM build:        0.1482677 s
Time taken for 3-RDM build:        0.1482682 s
Time taken for 3-RDM build:        0.1519692 s
Time taken for 3-RDM build:        0.1485393 s
E_frzc:                          -44.7567199 Eh
E_cas:                            -9.6666253 Eh
E_nuc:                             0.0000000 Eh
E_casci:                         -54.3487687 Eh
E0 (from RDM):                   -54.3487687 Eh
Ecorr:                            -0.4454114 Eh

Timing summary
... Hamil build:                    0.0210342 s
... Hamil diag:                     0.0005474 s
... RDM build:                      3.6851585 s
State     Energy / Eh         Splitting / Eh      Splitting / cm-1    Splitting / meV     
0         -5.4423345e+01      +0.0000000e+00      +0.0000000e+00      +0.0000000e+00      
1         -5.4423345e+01      +1.0766144e-09      +2.3628954e-04      +2.9296183e-05      
2         -5.4423345e+01      +1.0765220e-09      +2.3626926e-04      +2.9293669e-05      
3         -5.4423345e+01      +1.0763941e-09      +2.3624119e-04      +2.9290189e-05      
4         -5.4318958e+01      +1.0438692e-01      +2.2910281e+04      +2.8405142e+03      
5         -5.4318958e+01      +1.1012489e-09      +2.4169619e-04      +2.9966522e-05      
6         -5.4318958e+01      +1.1371313e-09      +2.4957147e-04      +3.0942933e-05      
7         -5.4318958e+01      +5.9976912e-10      +1.3163411e-04      +1.6320557e-05      
8         -5.4318958e+01      +1.1947563e-09      +2.6221870e-04      +3.2510990e-05      
9         -5.4318958e+01      +1.3782895e-09      +3.0249957e-04      +3.7505185e-05      
10        -5.4318908e+01      +5.0508872e-05      +1.1085416e+01      +1.3744171e+00      
11        -5.4318908e+01      +3.9502694e-09      +8.6698392e-04      +1.0749236e-04      
12        -5.4318908e+01      +3.0347778e-09      +6.6605673e-04      +8.2580549e-05      
13        -5.4318908e+01      +2.9868943e-09      +6.5554752e-04      +8.1277572e-05      
Total time taken:                   3.8104103 s
===============================================

===============================================
            Relativistic DSRG-MRPT2            
===============================================
-----------------------------------------------
        DSRG-MRPT2 reference relaxation        
-----------------------------------------------
Iter                          Energy              Delta E   
   -Eref  -54.3487687       
   -Ecorr -0.1648864       
<Psi^(0)|Hbar^(0)|Psi^(0)>    -54.5136551         -5.45137e+01
   -Erelax-0.0000000       
<Psi^(0)|Hbar^(1)|Psi^(0)>    -54.5136551         -4.05659e-08
   -Eref  -54.3487686       
   -Ecorr -0.1648865       
<Psi^(1)|Hbar^(1)|Psi^(1)>    -54.5136552         -6.40260e-08
   -Erelax-0.0000000       
<Psi^(1)|Hbar^(2)|Psi^(1)>    -54.5136552         -1.65009e-10
   -Eref  -54.3487686       
   -Ecorr -0.1648865       
<Psi^(2)|Hbar^(2)|Psi^(2)>    -54.5136552         4.26056e-09
   -Erelax-0.0000000       
<Psi^(2)|Hbar^(3)|Psi^(2)>    -54.5136552         -9.30811e-13
Unrelaxed DSRG-MRPT2 energy:               -54.5136551 Eh
Unrelaxed DSRG-MRPT2 E_corr:                -0.1648864 Eh
Partially relaxed DSRG-MRPT2 energy:       -54.5136551 Eh
Partially relaxed DSRG-MRPT2 E_corr:        -0.1648864 Eh
Relaxed DSRG-MRPT2 energy:                 -54.5136552 Eh
Relaxed DSRG-MRPT2 E_corr:                  -0.1648865 Eh
Fully relaxed DSRG-MRPT2 energy:           -54.5136552 Eh
Fully relaxed DSRG-MRPT2 E_corr:            -0.1648865 Eh
State     Energy / Eh         Splitting / Eh      Splitting / cm-1    Splitting / meV     
0         -5.4579401e+01      +0.0000000e+00      +0.0000000e+00      +0.0000000e+00      
1         -5.4579401e+01      +4.7143800e-10      +1.0346868e-04      +1.2828488e-05      
2         -5.4579401e+01      +4.7142379e-10      +1.0346556e-04      +1.2828101e-05      
3         -5.4579401e+01      +4.7139537e-10      +1.0345932e-04      +1.2827327e-05      
4         -5.4487370e+01      +9.2030179e-02      +2.0198289e+04      +2.5042699e+03      
5         -5.4487370e+01      +2.0533264e-10      +4.5065305e-05      +5.5873884e-06      
6         -5.4487370e+01      +1.5249668e-10      +3.3469153e-05      +4.1496481e-06      
7         -5.4487370e+01      +1.1421264e-10      +2.5066777e-05      +3.1078857e-06      
8         -5.4487370e+01      +1.0906120e-10      +2.3936168e-05      +2.9677080e-06      
9         -5.4487370e+01      +1.6970603e-10      +3.7246167e-05      +4.6179384e-06      
10        -5.4487337e+01      +3.3764740e-05      +7.4105037e+00      +9.1878580e-01      
11        -5.4487337e+01      +6.3949557e-10      +1.4035305e-04      +1.7401569e-05      
12        -5.4487337e+01      +3.2426328e-10      +7.1167564e-05      +8.8236576e-06      
13        -5.4487337e+01      +3.6473580e-10      +8.0050254e-05      +9.9249713e-06      
Time taken:                       15.8225033 s
===============================================
===============================================
              PySCF DHF interface              
===============================================

Timing report
....integral reading:       0.5021458 s

===============================================
            Relativistic CASCI(6,8)            
===============================================
Will now allocate 0.013 MB memory for the CASCI Hamiltonian!
Time taken for 1-RDM build:        0.0022221 s
Time taken for 1-RDM build:        0.0022011 s
Time taken for 1-RDM build:        0.0021951 s
Time taken for 1-RDM build:        0.0022109 s
Time taken for 1-RDM build:        0.0022066 s
Time taken for 1-RDM build:        0.0021996 s
Time taken for 1-RDM build:        0.0021884 s
Time taken for 1-RDM build:        0.0022182 s
Time taken for 1-RDM build:        0.0021932 s
Time taken for 2-RDM build:        0.0097055 s
Time taken for 2-RDM build:        0.0086055 s
Time taken for 2-RDM build:        0.0085890 s
Time taken for 2-RDM build:        0.0085921 s
Time taken for 2-RDM build:        0.0085845 s
Time taken for 2-RDM build:        0.0085697 s
Time taken for 2-RDM build:        0.0085652 s
Time taken for 2-RDM build:        0.0085993 s
Time taken for 2-RDM build:        0.0085778 s
Time taken for 3-RDM build:        0.0679488 s
Time taken for 3-RDM build:        0.0661981 s
Time taken for 3-RDM build:        0.0663497 s
Time taken for 3-RDM build:        0.0662563 s
Time taken for 3-RDM build:        0.0662942 s
Time taken for 3-RDM build:        0.0661991 s
Time taken for 3-RDM build:        0.0662315 s
Time taken for 3-RDM build:        0.0661910 s
Time taken for 3-RDM build:        0.0662630 s
E_frzc:                          -59.1480236 Eh
E_cas:                           -15.7034833 Eh
E_nuc:                             0.0000000 Eh
E_casci:                         -74.8511626 Eh
E0 (from RDM):                   -74.8511626 Eh
Ecorr:                            -0.3302227 Eh

Timing summary
... Hamil build:                    0.0085795 s
... Hamil diag:                     0.0002289 s
... RDM build:                      1.8501399 s
State     Energy / Eh         Splitting / Eh      Splitting / cm-1    Splitting / meV     
0         -7.4851507e+01      +0.0000000e+00      +0.0000000e+00      +0.0000000e+00      
1         -7.4851507e+01      +6.1121170e-09      +1.3414546e-03      +1.6631926e-04      
2         -7.4851507e+01      +6.8041430e-09      +1.4933368e-03      +1.8515025e-04      
3         -7.4851507e+01      +7.2887332e-09      +1.5996920e-03      +1.9833663e-04      
4         -7.4851507e+01      +9.8174127e-09      +2.1546730e-03      +2.6714553e-04      
5         -7.4850809e+01      +6.9818897e-04      +1.5323477e+02      +1.8998699e+01      
6         -7.4850809e+01      +7.3982136e-09      +1.6237202e-03      +2.0131574e-04      
7         -7.4850809e+01      +7.5923197e-09      +1.6663215e-03      +2.0659764e-04      
8         -7.4850503e+01      +3.0523771e-04      +6.6991933e+01      +8.3059451e+00      
Total time taken:                   1.9628513 s
===============================================

===============================================
            Relativistic DSRG-MRPT2            
===============================================
-----------------------------------------------
        DSRG-MRPT2 reference relaxation        
-----------------------------------------------
Iter                          Energy              Delta E   
   -Eref  -74.8511626       
   -Ecorr -0.2142743       
<Psi^(0)|Hbar^(0)|Psi^(0)>    -75.0654370         -7.50654e+01
   -Erelax-0.0000001       
<Psi^(0)|Hbar^(1)|Psi^(0)>    -75.0654371         -9.52482e-08
   -Eref  -74.8511625       
   -Ecorr -0.2142743       
<Psi^(1)|Hbar^(1)|Psi^(1)>    -75.0654369         1.95725e-07
   -Erelax-0.0000000       
<Psi^(1)|Hbar^(2)|Psi^(1)>    -75.0654369         -5.47664e-09
   -Eref  -74.8511626       
   -Ecorr -0.2142743       
<Psi^(2)|Hbar^(2)|Psi^(2)>    -75.0654369         -3.70670e-08
   -Erelax-0.0000000       
<Psi^(2)|Hbar^(3)|Psi^(2)>    -75.0654369         -3.29223e-10
   -Eref  -74.8511626       
   -Ecorr -0.2142743       
<Psi^(3)|Hbar^(3)|Psi^(3)>    -75.0654369         9.73195e-09
   -Erelax-0.0000000       
<Psi^(3)|Hbar^(4)|Psi^(3)>    -75.0654369         -1.97673e-11
Unrelaxed DSRG-MRPT2 energy:               -75.0654370 Eh
Unrelaxed DSRG-MRPT2 E_corr:                -0.2142743 Eh
Partially relaxed DSRG-MRPT2 energy:       -75.0654371 Eh
Partially relaxed DSRG-MRPT2 E_corr:        -0.2142744 Eh
Relaxed DSRG-MRPT2 energy:                 -75.0654369 Eh
Relaxed DSRG-MRPT2 E_corr:                  -0.2142743 Eh
Fully relaxed DSRG-MRPT2 energy:           -75.0654369 Eh
Fully relaxed DSRG-MRPT2 E_corr:            -0.2142743 Eh
State     Energy / Eh         Splitting / Eh      Splitting / cm-1    Splitting / meV     
0         -7.5065720e+01      +0.0000000e+00      +0.0000000e+00      +0.0000000e+00      
1         -7.5065720e+01      +3.0202330e-09      +6.6286451e-04      +8.2184764e-05      
2         -7.5065720e+01      +2.2830164e-09      +5.0106419e-04      +6.2124071e-05      
3         -7.5065720e+01      +3.4359715e-09      +7.5410858e-04      +9.3497592e-05      
4         -7.5065720e+01      +4.1266190e-09      +9.0568819e-04      +1.1229108e-04      
5         -7.5065143e+01      +5.7610683e-04      +1.2644083e+02      +1.5676673e+01      
6         -7.5065143e+01      +3.3289780e-09      +7.3062621e-04      +9.0586148e-05      
7         -7.5065143e+01      +2.9568952e-09      +6.4896347e-04      +8.0461254e-05      
8         -7.5064904e+01      +2.3952371e-04      +5.2569377e+01      +6.5177752e+00      
Time taken:                       17.3043046 s
===============================================
===============================================
              PySCF DHF interface              
===============================================

Timing report
....integral reading:       0.5110247 s

===============================================
            Relativistic CASCI(7,8)            
===============================================
Will now allocate 0.001 MB memory for the CASCI Hamiltonian!
Time taken for 1-RDM build:        0.0003791 s
Time taken for 1-RDM build:        0.0003693 s
Time taken for 1-RDM build:        0.0003636 s
Time taken for 1-RDM build:        0.0003633 s
Time taken for 1-RDM build:        0.0003633 s
Time taken for 1-RDM build:        0.0003612 s
Time taken for 2-RDM build:        0.0013001 s
Time taken for 2-RDM build:        0.0012503 s
Time taken for 2-RDM build:        0.0011837 s
Time taken for 2-RDM build:        0.0010018 s
Time taken for 2-RDM build:        0.0010004 s
Time taken for 2-RDM build:        0.0010059 s
Time taken for 3-RDM build:        0.0139248 s
Time taken for 3-RDM build:        0.0124433 s
Time taken for 3-RDM build:        0.0123553 s
Time taken for 3-RDM build:        0.0123603 s
Time taken for 3-RDM build:        0.0123448 s
Time taken for 3-RDM build:        0.0123584 s
E_frzc:                          -75.5478008 Eh
E_cas:                           -23.9325131 Eh
E_nuc:                             0.0000000 Eh
E_casci:                         -99.4797328 Eh
E0 (from RDM):                   -99.4797328 Eh
Ecorr:                            -0.1043819 Eh

Timing summary
... Hamil build:                    0.0017905 s
... Hamil diag:                     0.0000751 s
... RDM build:                      1.2402568 s
State     Energy / Eh         Splitting / Eh      Splitting / cm-1    Splitting / meV     
0         -9.9480314e+01      +0.0000000e+00      +0.0000000e+00      +0.0000000e+00      
1         -9.9480314e+01      +2.4031038e-08      +5.2742033e-03      +6.5391818e-04      
2         -9.9480314e+01      +6.9549486e-09      +1.5264348e-03      +1.8925388e-04      
3         -9.9480314e+01      +2.1663141e-08      +4.7545098e-03      +5.8948436e-04      
4         -9.9478571e+01      +1.7431739e-03      +3.8258245e+02      +4.7434202e+01      
5         -9.9478571e+01      +1.6993980e-08      +3.7297474e-03      +4.6242996e-04      
Total time taken:                   1.3460238 s
===============================================

===============================================
            Relativistic DSRG-MRPT2            
===============================================
-----------------------------------------------
        DSRG-MRPT2 reference relaxation        
-----------------------------------------------
Iter                          Energy              Delta E   
   -Eref  -99.4797328       
   -Ecorr -0.2697586       
<Psi^(0)|Hbar^(0)|Psi^(0)>    -99.7494914         -9.97495e+01
   -Erelax0.0000000       
<Psi^(0)|Hbar^(1)|Psi^(0)>    -99.7494914         1.42109e-14
   -Eref  -99.4797328       
   -Ecorr -0.2697586       
<Psi^(1)|Hbar^(1)|Psi^(1)>    -99.7494914         1.42109e-14
   -Erelax0.0000000       
<Psi^(1)|Hbar^(2)|Psi^(1)>    -99.7494914         0.00000e+00
Unrelaxed DSRG-MRPT2 energy:               -99.7494914 Eh
Unrelaxed DSRG-MRPT2 E_corr:                -0.2697586 Eh
Partially relaxed DSRG-MRPT2 energy:       -99.7494914 Eh
Partially relaxed DSRG-MRPT2 E_corr:        -0.2697586 Eh
Relaxed DSRG-MRPT2 energy:                 -99.7494914 Eh
Relaxed DSRG-MRPT2 E_corr:                  -0.2697586 Eh
Fully relaxed DSRG-MRPT2 energy:           -99.7494914 Eh
Fully relaxed DSRG-MRPT2 E_corr:            -0.2697586 Eh
State     Energy / Eh         Splitting / Eh      Splitting / cm-1    Splitting / meV     
0         -9.9750069e+01      +0.0000000e+00      +0.0000000e+00      +0.0000000e+00      
1         -9.9750069e+01      +6.0299499e-09      +1.3234210e-03      +1.6408337e-04      
2         -9.9750069e+01      +5.6321738e-09      +1.2361193e-03      +1.5325933e-04      
3         -9.9750069e+01      +3.4899159e-09      +7.6594800e-04      +9.4965494e-05      
4         -9.9748337e+01      +1.7316151e-03      +3.8004558e+02      +4.7119668e+01      
5         -9.9748337e+01      +6.6717263e-09      +1.4642747e-03      +1.8154701e-04      
Time taken:                        6.3597457 s
===============================================
===============================================
              PySCF DHF interface              
===============================================

Timing report
....integral reading:       1.9162686 s

===============================================
            Relativistic CASCI(3,8)            
===============================================
Will now allocate 0.050 MB memory for the CASCI Hamiltonian!
Time taken for 1-RDM build:        0.0056195 s
Time taken for 1-RDM build:        0.0056129 s
Time taken for 1-RDM build:        0.0056317 s
Time taken for 1-RDM build:        0.0056193 s
Time taken for 1-RDM build:        0.0056310 s
Time taken for 1-RDM build:        0.0056469 s
Time taken for 2-RDM build:        0.0230060 s
Time taken for 2-RDM build:        0.0228994 s
Time taken for 2-RDM build:        0.0229383 s
Time taken for 2-RDM build:        0.0229027 s
Time taken for 2-RDM build:        0.0229554 s
Time taken for 2-RDM build:        0.0228722 s
Time taken for 3-RDM build:        0.0648563 s
Time taken for 3-RDM build:        0.0640690 s
Time taken for 3-RDM build:        0.0640140 s
Time taken for 3-RDM build:        0.0640552 s
Time taken for 3-RDM build:        0.0642340 s
Time taken for 3-RDM build:        0.0649858 s
E_frzc:                         -240.4061812 Eh
E_cas:                            -1.8986420 Eh
E_nuc:                             0.0000000 Eh
E_casci:                        -242.3045291 Eh
E0 (from RDM):                  -242.3045291 Eh
Ecorr:                            -0.1899047 Eh

Timing summary
... Hamil build:                    0.0164959 s
... Hamil diag:                     0.0004838 s
... RDM build:                      3.9427876 s
State     Energy / Eh         Splitting / Eh      Splitting / cm-1    Splitting / meV     
0         -2.4230482e+02      +0.0000000e+00      +0.0000000e+00      +0.0000000e+00      
1         -2.4230482e+02      +1.0992665e-09      +2.4126110e-04      +2.9912578e-05      
2         -2.4230438e+02      +4.4107881e-04      +9.6805609e+01      +1.2002372e+01      
3         -2.4230438e+02      +1.0805650e-09      +2.3715660e-04      +2.9403685e-05      
4         -2.4230438e+02      +8.9775654e-10      +1.9703478e-04      +2.4429211e-05      
5         -2.4230438e+02      +3.6629899e-10      +8.0393336e-05      +9.9675080e-06      
Total time taken:                   4.2797403 s
===============================================

===============================================
            Relativistic DSRG-MRPT2            
===============================================
-----------------------------------------------
        DSRG-MRPT2 reference relaxation        
-----------------------------------------------
Iter                          Energy              Delta E   
   -Eref  -242.3045291       
   -Ecorr -0.1915801       
<Psi^(0)|Hbar^(0)|Psi^(0)>    -242.4961092        -2.42496e+02
   -Erelax-0.0002145       
<Psi^(0)|Hbar^(1)|Psi^(0)>    -242.4963237        -2.14537e-04
   -Eref  -242.3043152       
   -Ecorr -0.1919749       
<Psi^(1)|Hbar^(1)|Psi^(1)>    -242.4962901        3.36737e-05
   -Erelax-0.0000000       
<Psi^(1)|Hbar^(2)|Psi^(1)>    -242.4962901        -4.11148e-10
   -Eref  -242.3043146       
   -Ecorr -0.1919754       
<Psi^(2)|Hbar^(2)|Psi^(2)>    -242.4962900        4.35264e-08
   -Erelax-0.0000000       
<Psi^(2)|Hbar^(3)|Psi^(2)>    -242.4962900        0.00000e+00
   -Eref  -242.3043146       
   -Ecorr -0.1919754       
<Psi^(3)|Hbar^(3)|Psi^(3)>    -242.4962900        5.43423e-11
   -Erelax-0.0000000       
<Psi^(3)|Hbar^(4)|Psi^(3)>    -242.4962900        0.00000e+00
Unrelaxed DSRG-MRPT2 energy:              -242.4961092 Eh
Unrelaxed DSRG-MRPT2 E_corr:                -0.1915801 Eh
Partially relaxed DSRG-MRPT2 energy:      -242.4963237 Eh
Partially relaxed DSRG-MRPT2 E_corr:        -0.1917946 Eh
Relaxed DSRG-MRPT2 energy:                -242.4962901 Eh
Relaxed DSRG-MRPT2 E_corr:                  -0.1919749 Eh
Fully relaxed DSRG-MRPT2 energy:          -242.4962900 Eh
Fully relaxed DSRG-MRPT2 E_corr:            -0.1919754 Eh
State     Energy / Eh         Splitting / Eh      Splitting / cm-1    Splitting / meV     
0         -2.4249662e+02      +0.0000000e+00      +0.0000000e+00      +0.0000000e+00      
1         -2.4249662e+02      +7.7184836e-10      +1.6940113e-04      +2.1003074e-05      
2         -2.4249613e+02      +4.9046213e-04      +1.0764399e+02      +1.3346161e+01      
3         -2.4249613e+02      +7.4280138e-10      +1.6302606e-04      +2.0212665e-05      
4         -2.4249613e+02      +5.9284844e-10      +1.3011519e-04      +1.6132235e-05      
5         -2.4249613e+02      +2.7210945e-10      +5.9721120e-05      +7.4044787e-06      
Time taken:                       71.0165830 s
===============================================
===============================================
              PySCF DHF interface              
===============================================

Timing report
....integral reading:       1.9519351 s

===============================================
            Relativistic CASCI(4,8)            
===============================================
Will now allocate 0.078 MB memory for the CASCI Hamiltonian!
Time taken for 1-RDM build:        0.0098681 s
Time taken for 1-RDM build:        0.0095286 s
Time taken for 1-RDM build:        0.0095420 s
Time taken for 1-RDM build:        0.0095439 s
Time taken for 1-RDM build:        0.0095727 s
Time taken for 1-RDM build:        0.0095561 s
Time taken for 1-RDM build:        0.0095348 s
Time taken for 1-RDM build:        0.0095546 s
Time taken for 1-RDM build:        0.0095289 s
Time taken for 2-RDM build:        0.0347733 s
Time taken for 2-RDM build:        0.0345900 s
Time taken for 2-RDM build:        0.0346870 s
Time taken for 2-RDM build:        0.0346847 s
Time taken for 2-RDM build:        0.0346911 s
Time taken for 2-RDM build:        0.0346806 s
Time taken for 2-RDM build:        0.0345795 s
Time taken for 2-RDM build:        0.0346813 s
Time taken for 2-RDM build:        0.0346565 s
Time taken for 3-RDM build:        0.1517384 s
Time taken for 3-RDM build:        0.1502380 s
Time taken for 3-RDM build:        0.1505134 s
Time taken for 3-RDM build:        0.1505778 s
Time taken for 3-RDM build:        0.1513393 s
Time taken for 3-RDM build:        0.1507409 s
Time taken for 3-RDM build:        0.1509016 s
Time taken for 3-RDM build:        0.1506131 s
Time taken for 3-RDM build:        0.1505241 s
E_frzc:                         -285.7423197 Eh
E_cas:                            -3.6921024 Eh
E_nuc:                             0.0000000 Eh
E_casci:                        -289.4337768 Eh
E0 (from RDM):                  -289.4337768 Eh
Ecorr:                            -0.2329780 Eh

Timing summary
... Hamil build:                    0.0262609 s
... Hamil diag:                     0.0010583 s
... RDM build:                      5.1382792 s
State     Energy / Eh         Splitting / Eh      Splitting / cm-1    Splitting / meV     
0         -2.8943442e+02      +0.0000000e+00      +0.0000000e+00      +0.0000000e+00      
1         -2.8943409e+02      +3.3211201e-04      +7.2890160e+01      +9.0372324e+00      
2         -2.8943409e+02      +8.1735152e-10      +1.7938792e-04      +2.2241278e-05      
3         -2.8943409e+02      +8.9210062e-10      +1.9579345e-04      +2.4275306e-05      
4         -2.8943346e+02      +6.3005266e-04      +1.3828057e+02      +1.7144614e+01      
5         -2.8943346e+02      +2.5920599e-10      +5.6889139e-05      +7.0533576e-06      
6         -2.8943346e+02      +7.8654239e-10      +1.7262610e-04      +2.1402919e-05      
7         -2.8943346e+02      +6.1896799e-10      +1.3584777e-04      +1.6842985e-05      
8         -2.8943346e+02      +4.2439297e-10      +9.3143489e-05      +1.1548326e-05      
Total time taken:                   5.4862607 s
===============================================

===============================================
            Relativistic DSRG-MRPT2            
===============================================
-----------------------------------------------
        DSRG-MRPT2 reference relaxation        
-----------------------------------------------
Iter                          Energy              Delta E   
   -Eref  -289.4337768       
   -Ecorr -0.2145051       
<Psi^(0)|Hbar^(0)|Psi^(0)>    -289.6482819        -2.89648e+02
   -Erelax-0.0001025       
<Psi^(0)|Hbar^(1)|Psi^(0)>    -289.6483844        -1.02472e-04
   -Eref  -289.4336745       
   -Ecorr -0.2147303       
<Psi^(1)|Hbar^(1)|Psi^(1)>    -289.6484048        -2.04238e-05
   -Erelax-0.0000000       
<Psi^(1)|Hbar^(2)|Psi^(1)>    -289.6484048        -2.24475e-10
   -Eref  -289.4336747       
   -Ecorr -0.2147301       
<Psi^(2)|Hbar^(2)|Psi^(2)>    -289.6484048        1.77145e-08
   -Erelax-0.0000000       
<Psi^(2)|Hbar^(3)|Psi^(2)>    -289.6484048        -1.70530e-13
   -Eref  -289.4336747       
   -Ecorr -0.2147301       
<Psi^(3)|Hbar^(3)|Psi^(3)>    -289.6484048        3.67208e-11
   -Erelax-0.0000000       
<Psi^(3)|Hbar^(4)|Psi^(3)>    -289.6484048        0.00000e+00
Unrelaxed DSRG-MRPT2 energy:              -289.6482819 Eh
Unrelaxed DSRG-MRPT2 E_corr:                -0.2145051 Eh
Partially relaxed DSRG-MRPT2 energy:      -289.6483844 Eh
Partially relaxed DSRG-MRPT2 E_corr:        -0.2146076 Eh
Relaxed DSRG-MRPT2 energy:                -289.6484048 Eh
Relaxed DSRG-MRPT2 E_corr:                  -0.2147303 Eh
Fully relaxed DSRG-MRPT2 energy:          -289.6484048 Eh
Fully relaxed DSRG-MRPT2 E_corr:            -0.2147301 Eh
State     Energy / Eh         Splitting / Eh      Splitting / cm-1    Splitting / meV     
0         -2.8964911e+02      +0.0000000e+00      +0.0000000e+00      +0.0000000e+00      
1         -2.8964874e+02      +3.6151036e-04      +7.9342353e+01      +9.8372028e+00      
2         -2.8964874e+02      +4.9271875e-10      +1.0813927e-04      +1.3407567e-05      
3         -2.8964874e+02      +5.1193183e-10      +1.1235605e-04      +1.3930381e-05      
4         -2.8964806e+02      +6.8368431e-04      +1.5005136e+02      +1.8604007e+01      
5         -2.8964806e+02      +1.8872015e-10      +4.1419285e-05      +5.1353393e-06      
6         -2.8964806e+02      +4.4775561e-10      +9.8270997e-05      +1.2184057e-05      
7         -2.8964806e+02      +4.0876103e-10      +8.9712675e-05      +1.1122959e-05      
8         -2.8964806e+02      +2.2794211e-10      +5.0027510e-05      +6.2026237e-06      
Time taken:                       74.7510533 s
===============================================
===============================================
              PySCF DHF interface              
===============================================

Timing report
....integral reading:       1.9396145 s

===============================================
            Relativistic CASCI(5,8)            
===============================================
Will now allocate 0.050 MB memory for the CASCI Hamiltonian!
Time taken for 1-RDM build:        0.0057054 s
Time taken for 1-RDM build:        0.0056803 s
Time taken for 1-RDM build:        0.0057025 s
Time taken for 1-RDM build:        0.0057032 s
Time taken for 1-RDM build:        0.0056584 s
Time taken for 1-RDM build:        0.0056953 s
Time taken for 1-RDM build:        0.0056834 s
Time taken for 1-RDM build:        0.0057015 s
Time taken for 1-RDM build:        0.0057008 s
Time taken for 1-RDM build:        0.0056882 s
Time taken for 1-RDM build:        0.0057178 s
Time taken for 1-RDM build:        0.0056927 s
Time taken for 1-RDM build:        0.0056860 s
Time taken for 1-RDM build:        0.0056853 s
Time taken for 2-RDM build:        0.0253398 s
Time taken for 2-RDM build:        0.0253119 s
Time taken for 2-RDM build:        0.0252168 s
Time taken for 2-RDM build:        0.0252891 s
Time taken for 2-RDM build:        0.0252230 s
Time taken for 2-RDM build:        0.0253479 s
Time taken for 2-RDM build:        0.0252299 s
Time taken for 2-RDM build:        0.0253174 s
Time taken for 2-RDM build:        0.0252204 s
Time taken for 2-RDM build:        0.0252790 s
Time taken for 2-RDM build:        0.0252035 s
Time taken for 2-RDM build:        0.0253236 s
Time taken for 2-RDM build:        0.0252850 s
Time taken for 2-RDM build:        0.0253079 s
Time taken for 3-RDM build:        0.1490879 s
Time taken for 3-RDM build:        0.1486392 s
Time taken for 3-RDM build:        0.1473470 s
Time taken for 3-RDM build:        0.1479523 s
Time taken for 3-RDM build:        0.1475806 s
Time taken for 3-RDM build:        0.1478374 s
Time taken for 3-RDM build:        0.1478670 s
Time taken for 3-RDM build:        0.1481848 s
Time taken for 3-RDM build:        0.1477871 s
Time taken for 3-RDM build:        0.1477299 s
Time taken for 3-RDM build:        0.1478555 s
Time taken for 3-RDM build:        0.1481779 s
Time taken for 3-RDM build:        0.1483703 s
Time taken for 3-RDM build:        0.1484628 s
E_frzc:                         -335.1272672 Eh
E_cas:                            -6.3636403 Eh
E_nuc:                             0.0000000 Eh
E_casci:                        -341.4410664 Eh
E0 (from RDM):                  -341.4410664 Eh
Ecorr:                            -0.2138107 Eh

Timing summary
... Hamil build:                    0.0207975 s
... Hamil diag:                     0.0005183 s
... RDM build:                      5.8893683 s
State     Energy / Eh         Splitting / Eh      Splitting / cm-1    Splitting / meV     
0         -3.4149091e+02      +0.0000000e+00      +0.0000000e+00      +0.0000000e+00      
1         -3.4149091e+02      +3.2849812e-10      +7.2097003e-05      +8.9388933e-06      
2         -3.4149091e+02      +3.2838443e-10      +7.2072051e-05      +8.9357998e-06      
3         -3.4149091e+02      +3.2798653e-10      +7.1984722e-05      +8.9249722e-06      
4         -3.4142117e+02      +6.9735531e-02      +1.5305180e+04      +1.8976014e+03      
5         -3.4142117e+02      +1.5667183e-09      +3.4385492e-04      +4.2632597e-05      
6         -3.4142117e+02      +1.3034196e-09      +2.8606753e-04      +3.5467871e-05      
7         -3.4142117e+02      +1.7383286e-09      +3.8151902e-04      +4.7302353e-05      
8         -3.4142110e+02      +6.9890622e-05      +1.5339218e+01      +1.9018216e+00      
9         -3.4142110e+02      +9.2740038e-10      +2.0354085e-04      +2.5235862e-05      
10        -3.4142110e+02      +9.6150643e-10      +2.1102627e-04      +2.6163935e-05      
11        -3.4142110e+02      +7.5050366e-10      +1.6471651e-04      +2.0422255e-05      
12        -3.4142110e+02      +9.6383701e-10      +2.1153777e-04      +2.6227353e-05      
13        -3.4142110e+02      +1.9558115e-09      +4.2925101e-04      +5.3220367e-05      
Total time taken:                   6.2316992 s
===============================================

===============================================
            Relativistic DSRG-MRPT2            
===============================================
-----------------------------------------------
        DSRG-MRPT2 reference relaxation        
-----------------------------------------------
Iter                          Energy              Delta E   
   -Eref  -341.4410664       
   -Ecorr -0.2551789       
<Psi^(0)|Hbar^(0)|Psi^(0)>    -341.6962453        -3.41696e+02
   -Erelax-0.0000008       
<Psi^(0)|Hbar^(1)|Psi^(0)>    -341.6962461        -7.64347e-07
   -Eref  -341.4410658       
   -Ecorr -0.2551806       
<Psi^(1)|Hbar^(1)|Psi^(1)>    -341.6962464        -3.57589e-07
   -Erelax-0.0000000       
<Psi^(1)|Hbar^(2)|Psi^(1)>    -341.6962464        -1.70644e-10
   -Eref  -341.4410658       
   -Ecorr -0.2551806       
<Psi^(2)|Hbar^(2)|Psi^(2)>    -341.6962464        5.44458e-09
   -Erelax-0.0000000       
<Psi^(2)|Hbar^(3)|Psi^(2)>    -341.6962464        -5.68434e-14
Unrelaxed DSRG-MRPT2 energy:              -341.6962453 Eh
Unrelaxed DSRG-MRPT2 E_corr:                -0.2551789 Eh
Partially relaxed DSRG-MRPT2 energy:      -341.6962461 Eh
Partially relaxed DSRG-MRPT2 E_corr:        -0.2551797 Eh
Relaxed DSRG-MRPT2 energy:                -341.6962464 Eh
Relaxed DSRG-MRPT2 E_corr:                  -0.2551806 Eh
Fully relaxed DSRG-MRPT2 energy:          -341.6962464 Eh
Fully relaxed DSRG-MRPT2 E_corr:            -0.2551806 Eh
State     Energy / Eh         Splitting / Eh      Splitting / cm-1    Splitting / meV     
0         -3.4173881e+02      +0.0000000e+00      +0.0000000e+00      +0.0000000e+00      
1         -3.4173881e+02      +2.2379254e-10      +4.9116785e-05      +6.0897081e-06      
2         -3.4173881e+02      +2.2345148e-10      +4.9041931e-05      +6.0804274e-06      
3         -3.4173881e+02      +2.2373570e-10      +4.9104309e-05      +6.0881613e-06      
4         -3.4167926e+02      +5.9551646e-02      +1.3070076e+04      +1.6204836e+03      
5         -3.4167926e+02      +6.4483174e-10      +1.4152421e-04      +1.7546774e-05      
6         -3.4167926e+02      +5.2597215e-10      +1.1543754e-04      +1.4312438e-05      
7         -3.4167926e+02      +7.1361228e-10      +1.5661979e-04      +1.9418388e-05      
8         -3.4167919e+02      +6.4818331e-05      +1.4225979e+01      +1.7637975e+00      
9         -3.4167919e+02      +3.6538950e-10      +8.0193725e-05      +9.9427594e-06      
10        -3.4167919e+02      +3.2798653e-10      +7.1984722e-05      +8.9249722e-06      
11        -3.4167919e+02      +3.2429170e-10      +7.1173802e-05      +8.8244310e-06      
12        -3.4167919e+02      +3.9943870e-10      +8.7666662e-05      +1.0869286e-05      
13        -3.4167919e+02      +6.8428108e-10      +1.5018234e-04      +1.8620245e-05      
Time taken:                       54.6816356 s
===============================================
===============================================
              PySCF DHF interface              
===============================================

Timing report
....integral reading:       1.9536781 s

===============================================
            Relativistic CASCI(6,8)            
===============================================
Will now allocate 0.013 MB memory for the CASCI Hamiltonian!
Time taken for 1-RDM build:        0.0021937 s
Time taken for 1-RDM build:        0.0021687 s
Time taken for 1-RDM build:        0.0021811 s
Time taken for 1-RDM build:        0.0021791 s
Time taken for 1-RDM build:        0.0021811 s
Time taken for 1-RDM build:        0.0021689 s
Time taken for 1-RDM build:        0.0021608 s
Time taken for 1-RDM build:        0.0021868 s
Time taken for 1-RDM build:        0.0021722 s
Time taken for 2-RDM build:        0.0085680 s
Time taken for 2-RDM build:        0.0085204 s
Time taken for 2-RDM build:        0.0085340 s
Time taken for 2-RDM build:        0.0085104 s
Time taken for 2-RDM build:        0.0085330 s
Time taken for 2-RDM build:        0.0085328 s
Time taken for 2-RDM build:        0.0085015 s
Time taken for 2-RDM build:        0.0085196 s
Time taken for 2-RDM build:        0.0085232 s
Time taken for 3-RDM build:        0.0676739 s
Time taken for 3-RDM build:        0.0659280 s
Time taken for 3-RDM build:        0.0756691 s
Time taken for 3-RDM build:        0.0660288 s
Time taken for 3-RDM build:        0.0667689 s
Time taken for 3-RDM build:        0.0669284 s
Time taken for 3-RDM build:        0.0672066 s
Time taken for 3-RDM build:        0.0657609 s
Time taken for 3-RDM build:        0.0658898 s
E_frzc:                         -388.5675376 Eh
E_cas:                            -9.9659359 Eh
E_nuc:                             0.0000000 Eh
E_casci:                        -398.5325748 Eh
E0 (from RDM):                  -398.5325748 Eh
Ecorr:                            -0.1603097 Eh

Timing summary
... Hamil build:                    0.0085926 s
... Hamil diag:                     0.0002642 s
... RDM build:                      4.0809371 s
State     Energy / Eh         Splitting / Eh      Splitting / cm-1    Splitting / meV     
0         -3.9853347e+02      +0.0000000e+00      +0.0000000e+00      +0.0000000e+00      
1         -3.9853347e+02      +5.6296585e-09      +1.2355672e-03      +1.5319088e-04      
2         -3.9853347e+02      +5.9783360e-09      +1.3120931e-03      +1.6267889e-04      
3         -3.9853347e+02      +5.6479053e-09      +1.2395719e-03      +1.5368740e-04      
4         -3.9853347e+02      +5.6580234e-09      +1.2417926e-03      +1.5396273e-04      
5         -3.9853166e+02      +1.8163270e-03      +3.9863770e+02      +4.9424800e+01      
6         -3.9853166e+02      +3.5533390e-09      +7.7986775e-04      +9.6691324e-05      
7         -3.9853166e+02      +3.5755079e-09      +7.8473327e-04      +9.7294572e-05      
8         -3.9853083e+02      +8.2294816e-04      +1.8061624e+02      +2.2393571e+01      
Total time taken:                   4.4089105 s
===============================================

===============================================
            Relativistic DSRG-MRPT2            
===============================================
-----------------------------------------------
        DSRG-MRPT2 reference relaxation        
-----------------------------------------------
Iter                          Energy              Delta E   
   -Eref  -398.5325748       
   -Ecorr -0.2965444       
<Psi^(0)|Hbar^(0)|Psi^(0)>    -398.8291193        -3.98829e+02
   -Erelax-0.0000001       
<Psi^(0)|Hbar^(1)|Psi^(0)>    -398.8291194        -1.46927e-07
   -Eref  -398.5325747       
   -Ecorr -0.2965448       
<Psi^(1)|Hbar^(1)|Psi^(1)>    -398.8291195        -7.27625e-08
   -Erelax-0.0000000       
<Psi^(1)|Hbar^(2)|Psi^(1)>    -398.8291195        -8.03198e-11
   -Eref  -398.5325747       
   -Ecorr -0.2965448       
<Psi^(2)|Hbar^(2)|Psi^(2)>    -398.8291195        2.84911e-09
   -Erelax-0.0000000       
<Psi^(2)|Hbar^(3)|Psi^(2)>    -398.8291195        -5.68434e-13
Unrelaxed DSRG-MRPT2 energy:              -398.8291193 Eh
Unrelaxed DSRG-MRPT2 E_corr:                -0.2965444 Eh
Partially relaxed DSRG-MRPT2 energy:      -398.8291194 Eh
Partially relaxed DSRG-MRPT2 E_corr:        -0.2965446 Eh
Relaxed DSRG-MRPT2 energy:                -398.8291195 Eh
Relaxed DSRG-MRPT2 E_corr:                  -0.2965448 Eh
Fully relaxed DSRG-MRPT2 energy:          -398.8291195 Eh
Fully relaxed DSRG-MRPT2 E_corr:            -0.2965448 Eh
State     Energy / Eh         Splitting / Eh      Splitting / cm-1    Splitting / meV     
0         -3.9882996e+02      +0.0000000e+00      +0.0000000e+00      +0.0000000e+00      
1         -3.9882996e+02      +1.9849153e-09      +4.3563856e-04      +5.4012323e-05      
2         -3.9882996e+02      +1.3822046e-09      +3.0335884e-04      +3.7611720e-05      
3         -3.9882996e+02      +1.2670966e-09      +2.7809557e-04      +3.4479473e-05      
4         -3.9882996e+02      +1.7701609e-09      +3.8850541e-04      +4.8168555e-05      
5         -3.9882826e+02      +1.7024648e-03      +3.7364782e+02      +4.6326448e+01      
6         -3.9882826e+02      +7.6215656e-10      +1.6727403e-04      +2.0739346e-05      
7         -3.9882826e+02      +9.4831876e-10      +2.0813191e-04      +2.5805080e-05      
8         -3.9882748e+02      +7.7514681e-04      +1.7012506e+02      +2.1092829e+01      
Time taken:                       51.2250366 s
===============================================
===============================================
              PySCF DHF interface              
===============================================

Timing report
....integral reading:       1.9398658 s

===============================================
            Relativistic CASCI(7,8)            
===============================================
Will now allocate 0.001 MB memory for the CASCI Hamiltonian!
Time taken for 1-RDM build:        0.0003769 s
Time taken for 1-RDM build:        0.0003660 s
Time taken for 1-RDM build:        0.0003612 s
Time taken for 1-RDM build:        0.0003657 s
Time taken for 1-RDM build:        0.0003607 s
Time taken for 1-RDM build:        0.0003607 s
Time taken for 2-RDM build:        0.0010300 s
Time taken for 2-RDM build:        0.0009961 s
Time taken for 2-RDM build:        0.0009975 s
Time taken for 2-RDM build:        0.0009975 s
Time taken for 2-RDM build:        0.0009942 s
Time taken for 2-RDM build:        0.0009849 s
Time taken for 3-RDM build:        0.0133684 s
Time taken for 3-RDM build:        0.0122967 s
Time taken for 3-RDM build:        0.0122859 s
Time taken for 3-RDM build:        0.0122964 s
Time taken for 3-RDM build:        0.0123174 s
Time taken for 3-RDM build:        0.0122797 s
E_frzc:                         -446.0682972 Eh
E_cas:                           -14.7582517 Eh
E_nuc:                             0.0000000 Eh
E_casci:                        -460.8252020 Eh
E0 (from RDM):                  -460.8252020 Eh
Ecorr:                             0.0013470 Eh

Timing summary
... Hamil build:                    0.0017033 s
... Hamil diag:                     0.0000687 s
... RDM build:                      3.4559026 s
State     Energy / Eh         Splitting / Eh      Splitting / cm-1    Splitting / meV     
0         -4.6082655e+02      +0.0000000e+00      +0.0000000e+00      +0.0000000e+00      
1         -4.6082655e+02      +1.2022326e-08      +2.6385956e-03      +3.2714432e-04      
2         -4.6082655e+02      +5.7600573e-09      +1.2641864e-03      +1.5673922e-04      
3         -4.6082655e+02      +1.1622035e-08      +2.5507418e-03      +3.1625183e-04      
4         -4.6082251e+02      +4.0408198e-03      +8.8685742e+02      +1.0995636e+02      
5         -4.6082251e+02      +2.0031848e-08      +4.3964825e-03      +5.4509461e-04      
Total time taken:                   3.7795982 s
===============================================

===============================================
            Relativistic DSRG-MRPT2            
===============================================
-----------------------------------------------
        DSRG-MRPT2 reference relaxation        
-----------------------------------------------
Iter                          Energy              Delta E   
   -Eref  -460.8252020       
   -Ecorr -0.3439469       
<Psi^(0)|Hbar^(0)|Psi^(0)>    -461.1691488        -4.61169e+02
   -Erelax0.0000000       
<Psi^(0)|Hbar^(1)|Psi^(0)>    -461.1691488        0.00000e+00
   -Eref  -460.8252020       
   -Ecorr -0.3439469       
<Psi^(1)|Hbar^(1)|Psi^(1)>    -461.1691488        -2.84217e-13
   -Erelax-0.0000000       
<Psi^(1)|Hbar^(2)|Psi^(1)>    -461.1691488        0.00000e+00
Unrelaxed DSRG-MRPT2 energy:              -461.1691488 Eh
Unrelaxed DSRG-MRPT2 E_corr:                -0.3439469 Eh
Partially relaxed DSRG-MRPT2 energy:      -461.1691488 Eh
Partially relaxed DSRG-MRPT2 E_corr:        -0.3439469 Eh
Relaxed DSRG-MRPT2 energy:                -461.1691488 Eh
Relaxed DSRG-MRPT2 E_corr:                  -0.3439469 Eh
Fully relaxed DSRG-MRPT2 energy:          -461.1691488 Eh
Fully relaxed DSRG-MRPT2 E_corr:            -0.3439469 Eh
State     Energy / Eh         Splitting / Eh      Splitting / cm-1    Splitting / meV     
0         -4.6117050e+02      +0.0000000e+00      +0.0000000e+00      +0.0000000e+00      
1         -4.6117050e+02      +2.8313707e-09      +6.2141404e-04      +7.7045558e-05      
2         -4.6117050e+02      +2.1440769e-09      +4.7057049e-04      +5.8343332e-05      
3         -4.6117050e+02      +2.5572149e-09      +5.6124379e-04      +6.9585395e-05      
4         -4.6116646e+02      +4.0394958e-03      +8.8656685e+02      +1.0992033e+02      
5         -4.6116646e+02      +4.9217874e-09      +1.0802075e-03      +1.3392872e-04      
Time taken:                       30.2466071 s
===============================================
===============================================
              PySCF DHF interface              
===============================================

Timing report
....integral reading:      24.3454432 s

===============================================
            Relativistic CASCI(3,8)            
===============================================
Will now allocate 0.050 MB memory for the CASCI Hamiltonian!
Time taken for 1-RDM build:        0.0056295 s
Time taken for 1-RDM build:        0.0056009 s
Time taken for 1-RDM build:        0.0055933 s
Time taken for 1-RDM build:        0.0056143 s
Time taken for 1-RDM build:        0.0056169 s
Time taken for 1-RDM build:        0.0055947 s
Time taken for 2-RDM build:        0.0230267 s
Time taken for 2-RDM build:        0.0229516 s
Time taken for 2-RDM build:        0.0241930 s
Time taken for 2-RDM build:        0.0229681 s
Time taken for 2-RDM build:        0.0229778 s
Time taken for 2-RDM build:        0.0229228 s
Time taken for 3-RDM build:        0.0647829 s
Time taken for 3-RDM build:        0.0638201 s
Time taken for 3-RDM build:        0.0638330 s
Time taken for 3-RDM build:        0.0637863 s
Time taken for 3-RDM build:        0.0638359 s
Time taken for 3-RDM build:        0.0638177 s
E_frzc:                        -1939.7138290 Eh
E_cas:                            -2.0100161 Eh
E_nuc:                             0.0000000 Eh
E_casci:                       -1941.7217616 Eh
E0 (from RDM):                 -1941.7217616 Eh
Ecorr:                            -0.1944870 Eh

Timing summary
... Hamil build:                    0.0166848 s
... Hamil diag:                     0.0005515 s
... RDM build:                     48.6902745 s
State     Energy / Eh         Splitting / Eh      Splitting / cm-1    Splitting / meV     
0         -1.9417238e+03      +0.0000000e+00      +0.0000000e+00      +0.0000000e+00      
1         -1.9417238e+03      +1.0702479e-09      +2.3489226e-04      +2.9122942e-05      
2         -1.9417207e+03      +3.1252750e-03      +6.8591858e+02      +8.5043106e+01      
3         -1.9417207e+03      +1.1004886e-09      +2.4152933e-04      +2.9945834e-05      
4         -1.9417207e+03      +9.5178621e-10      +2.0889293e-04      +2.5899434e-05      
5         -1.9417207e+03      +6.4619599e-10      +1.4182362e-04      +1.7583897e-05      
Total time taken:                  52.3594954 s
===============================================

===============================================
            Relativistic DSRG-MRPT2            
===============================================
-----------------------------------------------
        DSRG-MRPT2 reference relaxation        
-----------------------------------------------
Iter                          Energy              Delta E   
   -Eref  -1941.7217616       
   -Ecorr -0.9442869       
<Psi^(0)|Hbar^(0)|Psi^(0)>    -1942.6660485       -1.94267e+03
   -Erelax-0.0002589       
<Psi^(0)|Hbar^(1)|Psi^(0)>    -1942.6663074       -2.58889e-04
   -Eref  -1941.7215045       
   -Ecorr -0.9447808       
<Psi^(1)|Hbar^(1)|Psi^(1)>    -1942.6662853       2.20846e-05
   -Erelax-0.0000000       
<Psi^(1)|Hbar^(2)|Psi^(1)>    -1942.6662853       -4.32010e-12
   -Eref  -1941.7215045       
   -Ecorr -0.9447808       
<Psi^(2)|Hbar^(2)|Psi^(2)>    -1942.6662853       1.94700e-09
   -Erelax0.0000000       
<Psi^(2)|Hbar^(3)|Psi^(2)>    -1942.6662853       0.00000e+00
Unrelaxed DSRG-MRPT2 energy:             -1942.6660485 Eh
Unrelaxed DSRG-MRPT2 E_corr:                -0.9442869 Eh
Partially relaxed DSRG-MRPT2 energy:     -1942.6663074 Eh
Partially relaxed DSRG-MRPT2 E_corr:        -0.9445458 Eh
Relaxed DSRG-MRPT2 energy:               -1942.6662853 Eh
Relaxed DSRG-MRPT2 E_corr:                  -0.9447808 Eh
Fully relaxed DSRG-MRPT2 energy:         -1942.6662853 Eh
Fully relaxed DSRG-MRPT2 E_corr:            -0.9447808 Eh
State     Energy / Eh         Splitting / Eh      Splitting / cm-1    Splitting / meV     
0         -1.9426687e+03      +0.0000000e+00      +0.0000000e+00      +0.0000000e+00      
1         -1.9426687e+03      +6.4392225e-10      +1.4132460e-04      +1.7522025e-05      
2         -1.9426651e+03      +3.5581380e-03      +7.8092102e+02      +9.6821913e+01      
3         -1.9426651e+03      +6.5119821e-10      +1.4292149e-04      +1.7720014e-05      
4         -1.9426651e+03      +5.7525540e-10      +1.2625397e-04      +1.5653504e-05      
5         -1.9426651e+03      +4.0336090e-10      +8.8527484e-05      +1.0976014e-05      
Time taken:                      683.4492137 s
===============================================
===============================================
              PySCF DHF interface              
===============================================

Timing report
....integral reading:      24.3646166 s

===============================================
            Relativistic CASCI(4,8)            
===============================================
Will now allocate 0.078 MB memory for the CASCI Hamiltonian!
Time taken for 1-RDM build:        0.0098171 s
Time taken for 1-RDM build:        0.0095043 s
Time taken for 1-RDM build:        0.0094850 s
Time taken for 1-RDM build:        0.0094957 s
Time taken for 1-RDM build:        0.0094588 s
Time taken for 1-RDM build:        0.0095079 s
Time taken for 1-RDM build:        0.0094945 s
Time taken for 1-RDM build:        0.0095022 s
Time taken for 1-RDM build:        0.0094588 s
Time taken for 2-RDM build:        0.0345771 s
Time taken for 2-RDM build:        0.0344660 s
Time taken for 2-RDM build:        0.0344610 s
Time taken for 2-RDM build:        0.0345082 s
Time taken for 2-RDM build:        0.0344622 s
Time taken for 2-RDM build:        0.0345621 s
Time taken for 2-RDM build:        0.0344644 s
Time taken for 2-RDM build:        0.0344884 s
Time taken for 2-RDM build:        0.0344343 s
Time taken for 3-RDM build:        0.1525636 s
Time taken for 3-RDM build:        0.1506691 s
Time taken for 3-RDM build:        0.1504865 s
Time taken for 3-RDM build:        0.1504633 s
Time taken for 3-RDM build:        0.1504819 s
Time taken for 3-RDM build:        0.1504524 s
Time taken for 3-RDM build:        0.1504469 s
Time taken for 3-RDM build:        0.1516285 s
Time taken for 3-RDM build:        0.1502917 s
E_frzc:                        -2092.8592106 Eh
E_cas:                            -3.6862998 Eh
E_nuc:                             0.0000000 Eh
E_casci:                       -2096.5413860 Eh
E0 (from RDM):                 -2096.5413860 Eh
Ecorr:                            -0.2153364 Eh

Timing summary
... Hamil build:                    0.0261910 s
... Hamil diag:                     0.0011146 s
... RDM build:                     49.8962474 s
State     Energy / Eh         Splitting / Eh      Splitting / cm-1    Splitting / meV     
0         -2.0965455e+03      +0.0000000e+00      +0.0000000e+00      +0.0000000e+00      
1         -2.0965432e+03      +2.3344184e-03      +5.1234561e+02      +6.3522789e+01      
2         -2.0965432e+03      +6.4164851e-10      +1.4082557e-04      +1.7460154e-05      
3         -2.0965432e+03      +5.3205440e-10      +1.1677244e-04      +1.4477945e-05      
4         -2.0965395e+03      +3.6890520e-03      +8.0965333e+02      +1.0038427e+02      
5         -2.0965395e+03      +9.3723429e-10      +2.0569915e-04      +2.5503456e-05      
6         -2.0965395e+03      +1.0586518e-09      +2.3234722e-04      +2.8807397e-05      
7         -2.0965395e+03      +1.1709744e-09      +2.5699918e-04      +3.1863852e-05      
8         -2.0965395e+03      +1.0372787e-09      +2.2765636e-04      +2.8225805e-05      
Total time taken:                  53.5772429 s
===============================================

===============================================
            Relativistic DSRG-MRPT2            
===============================================
-----------------------------------------------
        DSRG-MRPT2 reference relaxation        
-----------------------------------------------
Iter                          Energy              Delta E   
   -Eref  -2096.5413860       
   -Ecorr -0.9386975       
<Psi^(0)|Hbar^(0)|Psi^(0)>    -2097.4800834       -2.09748e+03
   -Erelax-0.0001003       
<Psi^(0)|Hbar^(1)|Psi^(0)>    -2097.4801837       -1.00324e-04
   -Eref  -2096.5412846       
   -Ecorr -0.9389165       
<Psi^(1)|Hbar^(1)|Psi^(1)>    -2097.4802011       -1.73750e-05
   -Erelax-0.0000000       
<Psi^(1)|Hbar^(2)|Psi^(1)>    -2097.4802011       -2.28556e-09
   -Eref  -2096.5412845       
   -Ecorr -0.9389166       
<Psi^(2)|Hbar^(2)|Psi^(2)>    -2097.4802011       3.84575e-08
   -Erelax-0.0000000       
<Psi^(2)|Hbar^(3)|Psi^(2)>    -2097.4802011       -9.09495e-13
   -Eref  -2096.5412845       
   -Ecorr -0.9389166       
<Psi^(3)|Hbar^(3)|Psi^(3)>    -2097.4802011       4.67480e-10
   -Erelax0.0000000       
<Psi^(3)|Hbar^(4)|Psi^(3)>    -2097.4802011       0.00000e+00
Unrelaxed DSRG-MRPT2 energy:             -2097.4800834 Eh
Unrelaxed DSRG-MRPT2 E_corr:                -0.9386975 Eh
Partially relaxed DSRG-MRPT2 energy:     -2097.4801837 Eh
Partially relaxed DSRG-MRPT2 E_corr:        -0.9387978 Eh
Relaxed DSRG-MRPT2 energy:               -2097.4802011 Eh
Relaxed DSRG-MRPT2 E_corr:                  -0.9389165 Eh
Fully relaxed DSRG-MRPT2 energy:         -2097.4802011 Eh
Fully relaxed DSRG-MRPT2 E_corr:            -0.9389166 Eh
State     Energy / Eh         Splitting / Eh      Splitting / cm-1    Splitting / meV     
0         -2.0974846e+03      +0.0000000e+00      +0.0000000e+00      +0.0000000e+00      
1         -2.0974821e+03      +2.5202501e-03      +5.5313095e+02      +6.8579531e+01      
2         -2.0974821e+03      +3.3742253e-10      +7.4055686e-05      +9.1817392e-06      
3         -2.0974821e+03      +3.1559466e-10      +6.9265022e-05      +8.5877723e-06      
4         -2.0974782e+03      +3.9059338e-03      +8.5725337e+02      +1.0628592e+02      
5         -2.0974782e+03      +4.3883119e-10      +9.6312314e-05      +1.1941211e-05      
6         -2.0974782e+03      +5.0704330e-10      +1.1128314e-04      +1.3797357e-05      
7         -2.0974782e+03      +5.2159521e-10      +1.1447692e-04      +1.4193335e-05      
8         -2.0974782e+03      +4.4792614e-10      +9.8308424e-05      +1.2188697e-05      
Time taken:                      956.4398689 s
===============================================
===============================================
              PySCF DHF interface              
===============================================

Timing report
....integral reading:      23.8279970 s

===============================================
            Relativistic CASCI(5,8)            
===============================================
Will now allocate 0.050 MB memory for the CASCI Hamiltonian!
Time taken for 1-RDM build:        0.0056739 s
Time taken for 1-RDM build:        0.0056579 s
Time taken for 1-RDM build:        0.0056677 s
Time taken for 1-RDM build:        0.0056355 s
Time taken for 1-RDM build:        0.0056627 s
Time taken for 1-RDM build:        0.0056634 s
Time taken for 1-RDM build:        0.0056746 s
Time taken for 1-RDM build:        0.0056787 s
Time taken for 1-RDM build:        0.0056648 s
Time taken for 1-RDM build:        0.0056460 s
Time taken for 1-RDM build:        0.0056806 s
Time taken for 1-RDM build:        0.0056498 s
Time taken for 1-RDM build:        0.0056703 s
Time taken for 1-RDM build:        0.0056515 s
Time taken for 2-RDM build:        0.0253234 s
Time taken for 2-RDM build:        0.0252810 s
Time taken for 2-RDM build:        0.0252373 s
Time taken for 2-RDM build:        0.0252028 s
Time taken for 2-RDM build:        0.0251987 s
Time taken for 2-RDM build:        0.0253091 s
Time taken for 2-RDM build:        0.0252340 s
Time taken for 2-RDM build:        0.0253220 s
Time taken for 2-RDM build:        0.0252507 s
Time taken for 2-RDM build:        0.0252602 s
Time taken for 2-RDM build:        0.0252006 s
Time taken for 2-RDM build:        0.0252671 s
Time taken for 2-RDM build:        0.0252154 s
Time taken for 2-RDM build:        0.0251906 s
Time taken for 3-RDM build:        0.1489365 s
Time taken for 3-RDM build:        0.1476667 s
Time taken for 3-RDM build:        0.1476519 s
Time taken for 3-RDM build:        0.1488891 s
Time taken for 3-RDM build:        0.1474686 s
Time taken for 3-RDM build:        0.1477163 s
Time taken for 3-RDM build:        0.1476500 s
Time taken for 3-RDM build:        0.1476729 s
Time taken for 3-RDM build:        0.1474836 s
Time taken for 3-RDM build:        0.1477563 s
Time taken for 3-RDM build:        0.1478841 s
Time taken for 3-RDM build:        0.1477878 s
Time taken for 3-RDM build:        0.1476402 s
Time taken for 3-RDM build:        0.1477349 s
E_frzc:                        -2252.3726240 Eh
E_cas:                            -6.0718308 Eh
E_nuc:                             0.0000000 Eh
E_casci:                       -2258.3972569 Eh
E0 (from RDM):                 -2258.3972569 Eh
Ecorr:                            -0.0178409 Eh

Timing summary
... Hamil build:                    0.0209019 s
... Hamil diag:                     0.0005424 s
... RDM build:                     50.1995385 s
State     Energy / Eh         Splitting / Eh      Splitting / cm-1    Splitting / meV     
0         -2.2584445e+03      +0.0000000e+00      +0.0000000e+00      +0.0000000e+00      
1         -2.2584445e+03      +5.2432370e-10      +1.1507575e-04      +1.4267581e-05      
2         -2.2584445e+03      +5.2705218e-10      +1.1567458e-04      +1.4341827e-05      
3         -2.2584445e+03      +5.1386451e-10      +1.1278022e-04      +1.3982972e-05      
4         -2.2583793e+03      +6.5107933e-02      +1.4289540e+04      +1.7716780e+03      
5         -2.2583793e+03      +9.2859409e-10      +2.0380284e-04      +2.5268344e-05      
6         -2.2583793e+03      +1.1159500e-09      +2.4492271e-04      +3.0366561e-05      
7         -2.2583793e+03      +5.1250026e-10      +1.1248081e-04      +1.3945849e-05      
8         -2.2583777e+03      +1.6153755e-03      +3.5453394e+02      +4.3956628e+01      
9         -2.2583777e+03      +7.5033313e-10      +1.6467909e-04      +2.0417614e-05      
10        -2.2583777e+03      +4.8839865e-10      +1.0719111e-04      +1.3290011e-05      
11        -2.2583777e+03      +1.4611032e-09      +3.2067509e-04      +3.9758663e-05      
12        -2.2583777e+03      +1.6329977e-09      +3.5840157e-04      +4.4436153e-05      
13        -2.2583777e+03      +6.3982952e-10      +1.4042635e-04      +1.7410656e-05      
Total time taken:                  53.8785050 s
===============================================

===============================================
            Relativistic DSRG-MRPT2            
===============================================
-----------------------------------------------
        DSRG-MRPT2 reference relaxation        
-----------------------------------------------
Iter                          Energy              Delta E   
   -Eref  -2258.3972569       
   -Ecorr -0.9518657       
<Psi^(0)|Hbar^(0)|Psi^(0)>    -2259.3491225       -2.25935e+03
   -Erelax-0.0000112       
<Psi^(0)|Hbar^(1)|Psi^(0)>    -2259.3491337       -1.11700e-05
   -Eref  -2258.3972473       
   -Ecorr -0.9518906       
<Psi^(1)|Hbar^(1)|Psi^(1)>    -2259.3491379       -4.19960e-06
   -Erelax-0.0000000       
<Psi^(1)|Hbar^(2)|Psi^(1)>    -2259.3491379       -2.18506e-09
   -Eref  -2258.3972475       
   -Ecorr -0.9518904       
<Psi^(2)|Hbar^(2)|Psi^(2)>    -2259.3491379       6.37656e-08
   -Erelax-0.0000000       
<Psi^(2)|Hbar^(3)|Psi^(2)>    -2259.3491379       -9.09495e-13
   -Eref  -2258.3972475       
   -Ecorr -0.9518904       
<Psi^(3)|Hbar^(3)|Psi^(3)>    -2259.3491379       -1.19962e-09
   -Erelax0.0000000       
<Psi^(3)|Hbar^(4)|Psi^(3)>    -2259.3491379       0.00000e+00
Unrelaxed DSRG-MRPT2 energy:             -2259.3491225 Eh
Unrelaxed DSRG-MRPT2 E_corr:                -0.9518657 Eh
Partially relaxed DSRG-MRPT2 energy:     -2259.3491337 Eh
Partially relaxed DSRG-MRPT2 E_corr:        -0.9518769 Eh
Relaxed DSRG-MRPT2 energy:               -2259.3491379 Eh
Relaxed DSRG-MRPT2 E_corr:                  -0.9518906 Eh
Fully relaxed DSRG-MRPT2 energy:         -2259.3491379 Eh
Fully relaxed DSRG-MRPT2 E_corr:            -0.9518904 Eh
State     Energy / Eh         Splitting / Eh      Splitting / cm-1    Splitting / meV     
0         -2.2593899e+03      +0.0000000e+00      +0.0000000e+00      +0.0000000e+00      
1         -2.2593899e+03      +2.0008883e-10      +4.3914423e-05      +5.4446971e-06      
2         -2.2593899e+03      +2.1373125e-10      +4.6908588e-05      +5.8159265e-06      
3         -2.2593899e+03      +1.9917934e-10      +4.3714812e-05      +5.4199485e-06      
4         -2.2593337e+03      +5.6263608e-02      +1.2348435e+04      +1.5310115e+03      
5         -2.2593337e+03      +3.0877345e-10      +6.7767939e-05      +8.4021576e-06      
6         -2.2593337e+03      +2.9285729e-10      +6.4274746e-05      +7.9690567e-06      
7         -2.2593337e+03      +2.2964741e-10      +5.0401781e-05      +6.2490274e-06      
8         -2.2593322e+03      +1.4298633e-03      +3.1381873e+02      +3.8908582e+01      
9         -2.2593322e+03      +3.1559466e-10      +6.9265022e-05      +8.5877723e-06      
10        -2.2593322e+03      +1.6234480e-10      +3.5630566e-05      +4.4176292e-06      
11        -2.2593322e+03      +5.2023097e-10      +1.1417750e-04      +1.4156212e-05      
12        -2.2593322e+03      +6.4255801e-10      +1.4102518e-04      +1.7484902e-05      
13        -2.2593322e+03      +2.3010216e-10      +5.0501586e-05      +6.2614017e-06      
Time taken:                      956.5546184 s
===============================================
===============================================
              PySCF DHF interface              
===============================================

Timing report
....integral reading:      24.0252957 s

===============================================
            Relativistic CASCI(6,8)            
===============================================
Will now allocate 0.013 MB memory for the CASCI Hamiltonian!
Time taken for 1-RDM build:        0.0022008 s
Time taken for 1-RDM build:        0.0021832 s
Time taken for 1-RDM build:        0.0021796 s
Time taken for 1-RDM build:        0.0021846 s
Time taken for 1-RDM build:        0.0021782 s
Time taken for 1-RDM build:        0.0021963 s
Time taken for 1-RDM build:        0.0021873 s
Time taken for 1-RDM build:        0.0022006 s
Time taken for 1-RDM build:        0.0021937 s
Time taken for 2-RDM build:        0.0085669 s
Time taken for 2-RDM build:        0.0084944 s
Time taken for 2-RDM build:        0.0085089 s
Time taken for 2-RDM build:        0.0085063 s
Time taken for 2-RDM build:        0.0084891 s
Time taken for 2-RDM build:        0.0084901 s
Time taken for 2-RDM build:        0.0085020 s
Time taken for 2-RDM build:        0.0084898 s
Time taken for 2-RDM build:        0.0084846 s
Time taken for 3-RDM build:        0.0678339 s
Time taken for 3-RDM build:        0.0657761 s
Time taken for 3-RDM build:        0.0669980 s
Time taken for 3-RDM build:        0.0660210 s
Time taken for 3-RDM build:        0.0657156 s
Time taken for 3-RDM build:        0.0659029 s
Time taken for 3-RDM build:        0.0658283 s
Time taken for 3-RDM build:        0.0657365 s
Time taken for 3-RDM build:        0.0658662 s
E_frzc:                        -2418.2608262 Eh
E_cas:                            -9.1774708 Eh
E_nuc:                             0.0000000 Eh
E_casci:                       -2427.4340589 Eh
E0 (from RDM):                 -2427.4340589 Eh
Ecorr:                            -0.1372548 Eh

Timing summary
... Hamil build:                    0.0086932 s
... Hamil diag:                     0.0002770 s
... RDM build:                     48.4142740 s
State     Energy / Eh         Splitting / Eh      Splitting / cm-1    Splitting / meV     
0         -2.4274383e+03      +0.0000000e+00      +0.0000000e+00      +0.0000000e+00      
1         -2.4274383e+03      +1.9413164e-09      +4.2606971e-04      +5.2825936e-05      
2         -2.4274383e+03      +8.9721652e-10      +1.9691626e-04      +2.4414517e-05      
3         -2.4274383e+03      +1.1737029e-09      +2.5759801e-04      +3.1938098e-05      
4         -2.4274383e+03      +1.8349056e-09      +4.0271522e-04      +4.9930347e-05      
5         -2.4274294e+03      +8.8831576e-03      +1.9496277e+03      +2.4172315e+02      
6         -2.4274294e+03      +4.1914063e-09      +9.1990735e-04      +1.1405403e-04      
7         -2.4274294e+03      +4.1027306e-09      +9.0044528e-04      +1.1164104e-04      
8         -2.4274268e+03      +2.6102260e-03      +5.7287839e+02      +7.1027902e+01      
Total time taken:                  52.0943971 s
===============================================

===============================================
            Relativistic DSRG-MRPT2            
===============================================
-----------------------------------------------
        DSRG-MRPT2 reference relaxation        
-----------------------------------------------
Iter                          Energy              Delta E   
   -Eref  -2427.4340589       
   -Ecorr -0.9679115       
<Psi^(0)|Hbar^(0)|Psi^(0)>    -2428.4019703       -2.42840e+03
   -Erelax-0.0000030       
<Psi^(0)|Hbar^(1)|Psi^(0)>    -2428.4019734       -3.02144e-06
   -Eref  -2427.4340556       
   -Ecorr -0.9679189       
<Psi^(1)|Hbar^(1)|Psi^(1)>    -2428.4019745       -1.16331e-06
   -Erelax-0.0000000       
<Psi^(1)|Hbar^(2)|Psi^(1)>    -2428.4019745       -1.11822e-09
   -Eref  -2427.4340557       
   -Ecorr -0.9679188       
<Psi^(2)|Hbar^(2)|Psi^(2)>    -2428.4019745       3.08651e-08
   -Erelax-0.0000000       
<Psi^(2)|Hbar^(3)|Psi^(2)>    -2428.4019745       -3.63798e-12
   -Eref  -2427.4340557       
   -Ecorr -0.9679188       
<Psi^(3)|Hbar^(3)|Psi^(3)>    -2428.4019745       -1.79489e-09
   -Erelax-0.0000000       
<Psi^(3)|Hbar^(4)|Psi^(3)>    -2428.4019745       0.00000e+00
Unrelaxed DSRG-MRPT2 energy:             -2428.4019703 Eh
Unrelaxed DSRG-MRPT2 E_corr:                -0.9679115 Eh
Partially relaxed DSRG-MRPT2 energy:     -2428.4019734 Eh
Partially relaxed DSRG-MRPT2 E_corr:        -0.9679145 Eh
Relaxed DSRG-MRPT2 energy:               -2428.4019745 Eh
Relaxed DSRG-MRPT2 E_corr:                  -0.9679189 Eh
Fully relaxed DSRG-MRPT2 energy:         -2428.4019745 Eh
Fully relaxed DSRG-MRPT2 E_corr:            -0.9679188 Eh
State     Energy / Eh         Splitting / Eh      Splitting / cm-1    Splitting / meV     
0         -2.4284060e+03      +0.0000000e+00      +0.0000000e+00      +0.0000000e+00      
1         -2.4284060e+03      +5.5979399e-10      +1.2286058e-04      +1.5232778e-05      
2         -2.4284060e+03      +5.3887561e-10      +1.1826953e-04      +1.4663559e-05      
3         -2.4284060e+03      +6.0163075e-10      +1.3204269e-04      +1.6371214e-05      
4         -2.4284060e+03      +4.9521987e-10      +1.0868820e-04      +1.3475625e-05      
5         -2.4283975e+03      +8.5192853e-03      +1.8697670e+03      +2.3182167e+02      
6         -2.4283975e+03      +1.4983925e-09      +3.2885914e-04      +4.0773357e-05      
7         -2.4283975e+03      +1.4356374e-09      +3.1508598e-04      +3.9065702e-05      
8         -2.4283949e+03      +2.5897080e-03      +5.6837521e+02      +7.0469578e+01      
Time taken:                      951.8723400 s
===============================================
===============================================
              PySCF DHF interface              
===============================================

Timing report
....integral reading:      24.0235958 s

===============================================
            Relativistic CASCI(7,8)            
===============================================
Will now allocate 0.001 MB memory for the CASCI Hamiltonian!
Time taken for 1-RDM build:        0.0003748 s
Time taken for 1-RDM build:        0.0003619 s
Time taken for 1-RDM build:        0.0003643 s
Time taken for 1-RDM build:        0.0003600 s
Time taken for 1-RDM build:        0.0003593 s
Time taken for 1-RDM build:        0.0003591 s
Time taken for 2-RDM build:        0.0010569 s
Time taken for 2-RDM build:        0.0009961 s
Time taken for 2-RDM build:        0.0009894 s
Time taken for 2-RDM build:        0.0009925 s
Time taken for 2-RDM build:        0.0009871 s
Time taken for 2-RDM build:        0.0009875 s
Time taken for 3-RDM build:        0.0136337 s
Time taken for 3-RDM build:        0.0122736 s
Time taken for 3-RDM build:        0.0122726 s
Time taken for 3-RDM build:        0.0122912 s
Time taken for 3-RDM build:        0.0122857 s
Time taken for 3-RDM build:        0.0122893 s
E_frzc:                        -2590.5378304 Eh
E_cas:                           -13.1880855 Eh
E_nuc:                             0.0000000 Eh
E_casci:                       -2603.7203212 Eh
E0 (from RDM):                 -2603.7203212 Eh
Ecorr:                            -0.0318830 Eh

Timing summary
... Hamil build:                    0.0018804 s
... Hamil diag:                     0.0000973 s
... RDM build:                     47.7894192 s
State     Energy / Eh         Splitting / Eh      Splitting / cm-1    Splitting / meV     
0         -2.6037259e+03      +0.0000000e+00      +0.0000000e+00      +0.0000000e+00      
1         -2.6037259e+03      +9.2413757e-09      +2.0282475e-03      +2.5147076e-04      
2         -2.6037259e+03      +1.8784249e-08      +4.1226661e-03      +5.1114569e-04      
3         -2.6037259e+03      +9.8884811e-09      +2.1702707e-03      +2.6907941e-04      
4         -2.6037091e+03      +1.6783801e-02      +3.6836186e+03      +4.5671072e+02      
5         -2.6037091e+03      +7.4087438e-09      +1.6260313e-03      +2.0160228e-04      
Total time taken:                  51.4429421 s
===============================================

===============================================
            Relativistic DSRG-MRPT2            
===============================================
-----------------------------------------------
        DSRG-MRPT2 reference relaxation        
-----------------------------------------------
Iter                          Energy              Delta E   
   -Eref  -2603.7203212       
   -Ecorr -0.9941331       
<Psi^(0)|Hbar^(0)|Psi^(0)>    -2604.7144543       -2.60471e+03
   -Erelax0.0000000       
<Psi^(0)|Hbar^(1)|Psi^(0)>    -2604.7144543       0.00000e+00
   -Eref  -2603.7203212       
   -Ecorr -0.9941331       
<Psi^(1)|Hbar^(1)|Psi^(1)>    -2604.7144543       4.54747e-13
   -Erelax0.0000000       
<Psi^(1)|Hbar^(2)|Psi^(1)>    -2604.7144543       0.00000e+00
Unrelaxed DSRG-MRPT2 energy:             -2604.7144543 Eh
Unrelaxed DSRG-MRPT2 E_corr:                -0.9941331 Eh
Partially relaxed DSRG-MRPT2 energy:     -2604.7144543 Eh
Partially relaxed DSRG-MRPT2 E_corr:        -0.9941331 Eh
Relaxed DSRG-MRPT2 energy:               -2604.7144543 Eh
Relaxed DSRG-MRPT2 E_corr:                  -0.9941331 Eh
Fully relaxed DSRG-MRPT2 energy:         -2604.7144543 Eh
Fully relaxed DSRG-MRPT2 E_corr:            -0.9941331 Eh
State     Energy / Eh         Splitting / Eh      Splitting / cm-1    Splitting / meV     
0         -2.6047200e+03      +0.0000000e+00      +0.0000000e+00      +0.0000000e+00      
1         -2.6047200e+03      +2.5911504e-09      +5.6869178e-04      +7.0508828e-05      
2         -2.6047200e+03      +5.1627467e-09      +1.1330919e-03      +1.4048556e-04      
3         -2.6047200e+03      +3.3455763e-09      +7.3426911e-04      +9.1037811e-05      
4         -2.6047033e+03      +1.6723627e-02      +3.6704118e+03      +4.5507328e+02      
5         -2.6047033e+03      +2.9344847e-09      +6.4404493e-04      +7.9851433e-05      
Time taken:                      408.2348115 s
===============================================
