NOW DOING s=0.017!
===============================================
              PySCF DHF interface              
===============================================

Timing report
....integral reading:       0.4949417 s

===============================================
            Relativistic CASCI(3,8)            
===============================================
Will now allocate 0.050 MB memory for the CASCI Hamiltonian!
Time taken for 1-RDM build:        0.0056477 s
Time taken for 1-RDM build:        0.0056458 s
Time taken for 1-RDM build:        0.0056357 s
Time taken for 1-RDM build:        0.0056305 s
Time taken for 1-RDM build:        0.0056419 s
Time taken for 1-RDM build:        0.0056090 s
Time taken for 2-RDM build:        0.0240057 s
Time taken for 2-RDM build:        0.0231304 s
Time taken for 2-RDM build:        0.0231447 s
Time taken for 2-RDM build:        0.0231113 s
Time taken for 2-RDM build:        0.0231063 s
Time taken for 2-RDM build:        0.0230637 s
Time taken for 3-RDM build:        0.0649757 s
Time taken for 3-RDM build:        0.0651467 s
Time taken for 3-RDM build:        0.0675054 s
Time taken for 3-RDM build:        0.0707865 s
Time taken for 3-RDM build:        0.0642302 s
Time taken for 3-RDM build:        0.0642586 s
E_frzc:                          -21.9899228 Eh
E_cas:                            -2.5754278 Eh
E_nuc:                             0.0000000 Eh
E_casci:                         -24.5653104 Eh
E0 (from RDM):                   -24.5653104 Eh
Ecorr:                            -0.2764703 Eh

Timing summary
... Hamil build:                    0.0166316 s
... Hamil diag:                     0.0005178 s
... RDM build:                      1.7295690 s
State     Energy / Eh         Splitting / Eh      Splitting / cm-1    Splitting / meV     
0         -2.4565351e+01      +0.0000000e+00      +0.0000000e+00      +0.0000000e+00      
1         -2.4565351e+01      +1.6292141e-09      +3.5757116e-04      +4.4333195e-05      
2         -2.4565290e+01      +6.0370290e-05      +1.3249747e+01      +1.6427601e+00      
3         -2.4565290e+01      +8.2750518e-10      +1.8161639e-04      +2.2517574e-05      
4         -2.4565290e+01      +8.6880192e-10      +1.9067998e-04      +2.3641316e-05      
5         -2.4565290e+01      +1.8699744e-09      +4.1041194e-04      +5.0884619e-05      
Total time taken:                   1.8498025 s
===============================================

===============================================
            Relativistic DSRG-MRPT2            
===============================================
-----------------------------------------------
        DSRG-MRPT2 reference relaxation        
-----------------------------------------------
Iter                          Energy              Delta E   
   -Eref  -24.5653104       
   -Ecorr -0.0451125       
<Psi^(0)|Hbar^(0)|Psi^(0)>    -24.6104229         -2.46104e+01
   -Erelax-0.0000296       
<Psi^(0)|Hbar^(1)|Psi^(0)>    -24.6104525         -2.95825e-05
   -Eref  -24.5652804       
   -Ecorr -0.0451709       
<Psi^(1)|Hbar^(1)|Psi^(1)>    -24.6104513         1.20162e-06
   -Erelax-0.0000000       
<Psi^(1)|Hbar^(2)|Psi^(1)>    -24.6104513         -1.46194e-11
   -Eref  -24.5652803       
   -Ecorr -0.0451709       
<Psi^(2)|Hbar^(2)|Psi^(2)>    -24.6104513         8.36810e-10
   -Erelax0.0000000       
<Psi^(2)|Hbar^(3)|Psi^(2)>    -24.6104513         3.55271e-15
Unrelaxed DSRG-MRPT2 energy:               -24.6104229 Eh
Unrelaxed DSRG-MRPT2 E_corr:                -0.0451125 Eh
Partially relaxed DSRG-MRPT2 energy:       -24.6104525 Eh
Partially relaxed DSRG-MRPT2 E_corr:        -0.0451421 Eh
Relaxed DSRG-MRPT2 energy:                 -24.6104513 Eh
Relaxed DSRG-MRPT2 E_corr:                  -0.0451709 Eh
Fully relaxed DSRG-MRPT2 energy:           -24.6104513 Eh
Fully relaxed DSRG-MRPT2 E_corr:            -0.0451709 Eh
State     Energy / Eh         Splitting / Eh      Splitting / cm-1    Splitting / meV     
0         -2.4610493e+01      +0.0000000e+00      +0.0000000e+00      +0.0000000e+00      
1         -2.4610493e+01      +1.4282584e-09      +3.1346648e-04      +3.8864909e-05      
2         -2.4610430e+01      +6.2988682e-05      +1.3824418e+01      +1.7140102e+00      
3         -2.4610430e+01      +6.9612227e-10      +1.5278118e-04      +1.8942461e-05      
4         -2.4610430e+01      +7.5931084e-10      +1.6664946e-04      +2.0661910e-05      
5         -2.4610430e+01      +1.6257324e-09      +3.5680703e-04      +4.4238454e-05      
Time taken:                       11.6021733 s
===============================================
===============================================
              PySCF DHF interface              
===============================================

Timing report
....integral reading:       0.4995353 s

===============================================
            Relativistic CASCI(4,8)            
===============================================
Will now allocate 0.078 MB memory for the CASCI Hamiltonian!
Time taken for 1-RDM build:        0.0098743 s
Time taken for 1-RDM build:        0.0095711 s
Time taken for 1-RDM build:        0.0095592 s
Time taken for 1-RDM build:        0.0095534 s
Time taken for 1-RDM build:        0.0095601 s
Time taken for 1-RDM build:        0.0095770 s
Time taken for 1-RDM build:        0.0095549 s
Time taken for 1-RDM build:        0.0095682 s
Time taken for 1-RDM build:        0.0095720 s
Time taken for 2-RDM build:        0.0358145 s
Time taken for 2-RDM build:        0.0348055 s
Time taken for 2-RDM build:        0.0348048 s
Time taken for 2-RDM build:        0.0347152 s
Time taken for 2-RDM build:        0.0347819 s
Time taken for 2-RDM build:        0.0347474 s
Time taken for 2-RDM build:        0.0346818 s
Time taken for 2-RDM build:        0.0347936 s
Time taken for 2-RDM build:        0.0348363 s
Time taken for 3-RDM build:        0.1530468 s
Time taken for 3-RDM build:        0.1513858 s
Time taken for 3-RDM build:        0.1513295 s
Time taken for 3-RDM build:        0.1514425 s
Time taken for 3-RDM build:        0.1607215 s
Time taken for 3-RDM build:        0.1514966 s
Time taken for 3-RDM build:        0.1517644 s
Time taken for 3-RDM build:        0.1512911 s
Time taken for 3-RDM build:        0.1514513 s
E_frzc:                          -32.3709352 Eh
E_cas:                            -5.3467114 Eh
E_nuc:                             0.0000000 Eh
E_casci:                         -37.7175257 Eh
E0 (from RDM):                   -37.7175257 Eh
Ecorr:                            -0.4429083 Eh

Timing summary
... Hamil build:                    0.0257645 s
... Hamil diag:                     0.0009968 s
... RDM build:                      2.9240563 s
State     Energy / Eh         Splitting / Eh      Splitting / cm-1    Splitting / meV     
0         -3.7717647e+01      +0.0000000e+00      +0.0000000e+00      +0.0000000e+00      
1         -3.7717578e+01      +6.8056777e-05      +1.4936736e+01      +1.8519201e+00      
2         -3.7717578e+01      +1.0789947e-09      +2.3681196e-04      +2.9360955e-05      
3         -3.7717578e+01      +1.2285639e-09      +2.6963861e-04      +3.3430943e-05      
4         -3.7717470e+01      +1.0852195e-04      +2.3817815e+01      +2.9530341e+00      
5         -3.7717470e+01      +3.7324810e-10      +8.1918488e-05      +1.0156603e-05      
6         -3.7717470e+01      +9.5213437e-10      +2.0896934e-04      +2.5908908e-05      
7         -3.7717470e+01      +4.4995119e-10      +9.8752870e-05      +1.2243801e-05      
8         -3.7717470e+01      +5.6218852e-10      +1.2338612e-04      +1.5297936e-05      
Total time taken:                   3.0549686 s
===============================================

===============================================
            Relativistic DSRG-MRPT2            
===============================================
-----------------------------------------------
        DSRG-MRPT2 reference relaxation        
-----------------------------------------------
Iter                          Energy              Delta E   
   -Eref  -37.7175257       
   -Ecorr -0.0638951       
<Psi^(0)|Hbar^(0)|Psi^(0)>    -37.7814209         -3.77814e+01
   -Erelax-0.0000263       
<Psi^(0)|Hbar^(1)|Psi^(0)>    -37.7814472         -2.63490e-05
   -Eref  -37.7174990       
   -Ecorr -0.0639533       
<Psi^(1)|Hbar^(1)|Psi^(1)>    -37.7814523         -5.03877e-06
   -Erelax-0.0000000       
<Psi^(1)|Hbar^(2)|Psi^(1)>    -37.7814523         -1.42109e-13
   -Eref  -37.7174990       
   -Ecorr -0.0639533       
<Psi^(2)|Hbar^(2)|Psi^(2)>    -37.7814523         6.31104e-11
   -Erelax-0.0000000       
<Psi^(2)|Hbar^(3)|Psi^(2)>    -37.7814523         -7.10543e-15
Unrelaxed DSRG-MRPT2 energy:               -37.7814209 Eh
Unrelaxed DSRG-MRPT2 E_corr:                -0.0638951 Eh
Partially relaxed DSRG-MRPT2 energy:       -37.7814472 Eh
Partially relaxed DSRG-MRPT2 E_corr:        -0.0639215 Eh
Relaxed DSRG-MRPT2 energy:                 -37.7814523 Eh
Relaxed DSRG-MRPT2 E_corr:                  -0.0639533 Eh
Fully relaxed DSRG-MRPT2 energy:           -37.7814523 Eh
Fully relaxed DSRG-MRPT2 E_corr:            -0.0639533 Eh
State     Energy / Eh         Splitting / Eh      Splitting / cm-1    Splitting / meV     
0         -3.7781580e+01      +0.0000000e+00      +0.0000000e+00      +0.0000000e+00      
1         -3.7781509e+01      +7.1019611e-05      +1.5587003e+01      +1.9325430e+00      
2         -3.7781509e+01      +9.0162189e-10      +1.9788313e-04      +2.4534393e-05      
3         -3.7781509e+01      +9.9791464e-10      +2.1901695e-04      +2.7154653e-05      
4         -3.7781393e+01      +1.1566513e-04      +2.5385561e+01      +3.1474099e+00      
5         -3.7781393e+01      +3.1491254e-10      +6.9115313e-05      +8.5692108e-06      
6         -3.7781393e+01      +7.0571105e-10      +1.5488567e-04      +1.9203385e-05      
7         -3.7781393e+01      +4.0607517e-10      +8.9123198e-05      +1.1049874e-05      
8         -3.7781393e+01      +4.2615511e-10      +9.3530235e-05      +1.1596277e-05      
Time taken:                       14.0725904 s
===============================================
===============================================
              PySCF DHF interface              
===============================================

Timing report
....integral reading:       0.5007219 s

===============================================
            Relativistic CASCI(5,8)            
===============================================
Will now allocate 0.050 MB memory for the CASCI Hamiltonian!
Time taken for 1-RDM build:        0.0056982 s
Time taken for 1-RDM build:        0.0056827 s
Time taken for 1-RDM build:        0.0056763 s
Time taken for 1-RDM build:        0.0057013 s
Time taken for 1-RDM build:        0.0056968 s
Time taken for 1-RDM build:        0.0056868 s
Time taken for 1-RDM build:        0.0056810 s
Time taken for 1-RDM build:        0.0056667 s
Time taken for 1-RDM build:        0.0056722 s
Time taken for 1-RDM build:        0.0056746 s
Time taken for 1-RDM build:        0.0056906 s
Time taken for 1-RDM build:        0.0056877 s
Time taken for 1-RDM build:        0.0056677 s
Time taken for 1-RDM build:        0.0056829 s
Time taken for 2-RDM build:        0.0265439 s
Time taken for 2-RDM build:        0.0254796 s
Time taken for 2-RDM build:        0.0254664 s
Time taken for 2-RDM build:        0.0254769 s
Time taken for 2-RDM build:        0.0254672 s
Time taken for 2-RDM build:        0.0255134 s
Time taken for 2-RDM build:        0.0254505 s
Time taken for 2-RDM build:        0.0254290 s
Time taken for 2-RDM build:        0.0254431 s
Time taken for 2-RDM build:        0.0255134 s
Time taken for 2-RDM build:        0.0254779 s
Time taken for 2-RDM build:        0.0254197 s
Time taken for 2-RDM build:        0.0254896 s
Time taken for 2-RDM build:        0.0254178 s
Time taken for 3-RDM build:        0.1503172 s
Time taken for 3-RDM build:        0.1488647 s
Time taken for 3-RDM build:        0.1489215 s
Time taken for 3-RDM build:        0.1486025 s
Time taken for 3-RDM build:        0.1489470 s
Time taken for 3-RDM build:        0.1490166 s
Time taken for 3-RDM build:        0.1488929 s
Time taken for 3-RDM build:        0.1487143 s
Time taken for 3-RDM build:        0.1488860 s
Time taken for 3-RDM build:        0.1485422 s
Time taken for 3-RDM build:        0.1485569 s
Time taken for 3-RDM build:        0.1489756 s
Time taken for 3-RDM build:        0.1488402 s
Time taken for 3-RDM build:        0.1487737 s
E_frzc:                          -44.7567199 Eh
E_cas:                            -9.6666253 Eh
E_nuc:                             0.0000000 Eh
E_casci:                         -54.3487687 Eh
E0 (from RDM):                   -54.3487687 Eh
Ecorr:                            -0.4454114 Eh

Timing summary
... Hamil build:                    0.0207582 s
... Hamil diag:                     0.0004900 s
... RDM build:                      3.6706245 s
State     Energy / Eh         Splitting / Eh      Splitting / cm-1    Splitting / meV     
0         -5.4423345e+01      +0.0000000e+00      +0.0000000e+00      +0.0000000e+00      
1         -5.4423345e+01      +1.0766144e-09      +2.3628954e-04      +2.9296183e-05      
2         -5.4423345e+01      +1.0765220e-09      +2.3626926e-04      +2.9293669e-05      
3         -5.4423345e+01      +1.0763941e-09      +2.3624119e-04      +2.9290189e-05      
4         -5.4318958e+01      +1.0438692e-01      +2.2910281e+04      +2.8405142e+03      
5         -5.4318958e+01      +1.1012489e-09      +2.4169619e-04      +2.9966522e-05      
6         -5.4318958e+01      +1.1371313e-09      +2.4957147e-04      +3.0942933e-05      
7         -5.4318958e+01      +5.9976912e-10      +1.3163411e-04      +1.6320557e-05      
8         -5.4318958e+01      +1.1947563e-09      +2.6221870e-04      +3.2510990e-05      
9         -5.4318958e+01      +1.3782895e-09      +3.0249957e-04      +3.7505185e-05      
10        -5.4318908e+01      +5.0508872e-05      +1.1085416e+01      +1.3744171e+00      
11        -5.4318908e+01      +3.9502694e-09      +8.6698392e-04      +1.0749236e-04      
12        -5.4318908e+01      +3.0347778e-09      +6.6605673e-04      +8.2580549e-05      
13        -5.4318908e+01      +2.9868943e-09      +6.5554752e-04      +8.1277572e-05      
Total time taken:                   3.7958608 s
===============================================

===============================================
            Relativistic DSRG-MRPT2            
===============================================
-----------------------------------------------
        DSRG-MRPT2 reference relaxation        
-----------------------------------------------
Iter                          Energy              Delta E   
   -Eref  -54.3487687       
   -Ecorr -0.0999049       
<Psi^(0)|Hbar^(0)|Psi^(0)>    -54.4486736         -5.44487e+01
   -Erelax-0.0000000       
<Psi^(0)|Hbar^(1)|Psi^(0)>    -54.4486736         -2.75273e-09
   -Eref  -54.3487687       
   -Ecorr -0.0999049       
<Psi^(1)|Hbar^(1)|Psi^(1)>    -54.4486736         -5.36353e-10
   -Erelax-0.0000000       
<Psi^(1)|Hbar^(2)|Psi^(1)>    -54.4486736         -7.10543e-15
Unrelaxed DSRG-MRPT2 energy:               -54.4486736 Eh
Unrelaxed DSRG-MRPT2 E_corr:                -0.0999049 Eh
Partially relaxed DSRG-MRPT2 energy:       -54.4486736 Eh
Partially relaxed DSRG-MRPT2 E_corr:        -0.0999049 Eh
Relaxed DSRG-MRPT2 energy:                 -54.4486736 Eh
Relaxed DSRG-MRPT2 E_corr:                  -0.0999049 Eh
Fully relaxed DSRG-MRPT2 energy:           -54.4486736 Eh
Fully relaxed DSRG-MRPT2 E_corr:            -0.0999049 Eh
State     Energy / Eh         Splitting / Eh      Splitting / cm-1    Splitting / meV     
0         -5.4518925e+01      +0.0000000e+00      +0.0000000e+00      +0.0000000e+00      
1         -5.4518925e+01      +1.0005294e-09      +2.1959083e-04      +2.7225806e-05      
2         -5.4518925e+01      +1.0005152e-09      +2.1958771e-04      +2.7225419e-05      
3         -5.4518925e+01      +1.0003873e-09      +2.1955964e-04      +2.7221939e-05      
4         -5.4420592e+01      +9.8333073e-02      +2.1581615e+04      +2.6757805e+03      
5         -5.4420592e+01      +8.8796526e-10      +1.9488585e-04      +2.4162777e-05      
6         -5.4420592e+01      +8.3622353e-10      +1.8352985e-04      +2.2754812e-05      
7         -5.4420592e+01      +5.3853455e-10      +1.1819467e-04      +1.4654279e-05      
8         -5.4420592e+01      +8.5152863e-10      +1.8688893e-04      +2.3171285e-05      
9         -5.4420592e+01      +9.8619068e-10      +2.1644384e-04      +2.6835628e-05      
10        -5.4420544e+01      +4.8508704e-05      +1.0646430e+01      +1.3199897e+00      
11        -5.4420544e+01      +2.6751650e-09      +5.8713084e-04      +7.2794982e-05      
12        -5.4420544e+01      +2.0985453e-09      +4.6057746e-04      +5.7104354e-05      
13        -5.4420544e+01      +2.0243505e-09      +4.4429357e-04      +5.5085408e-05      
Time taken:                        8.6908555 s
===============================================
===============================================
              PySCF DHF interface              
===============================================

Timing report
....integral reading:       0.5063510 s

===============================================
            Relativistic CASCI(6,8)            
===============================================
Will now allocate 0.013 MB memory for the CASCI Hamiltonian!
Time taken for 1-RDM build:        0.0022361 s
Time taken for 1-RDM build:        0.0021825 s
Time taken for 1-RDM build:        0.0021973 s
Time taken for 1-RDM build:        0.0021975 s
Time taken for 1-RDM build:        0.0021808 s
Time taken for 1-RDM build:        0.0021892 s
Time taken for 1-RDM build:        0.0021987 s
Time taken for 1-RDM build:        0.0021975 s
Time taken for 1-RDM build:        0.0021951 s
Time taken for 2-RDM build:        0.0093246 s
Time taken for 2-RDM build:        0.0085883 s
Time taken for 2-RDM build:        0.0085955 s
Time taken for 2-RDM build:        0.0085797 s
Time taken for 2-RDM build:        0.0086005 s
Time taken for 2-RDM build:        0.0085773 s
Time taken for 2-RDM build:        0.0086040 s
Time taken for 2-RDM build:        0.0085628 s
Time taken for 2-RDM build:        0.0085931 s
Time taken for 3-RDM build:        0.0678596 s
Time taken for 3-RDM build:        0.0664182 s
Time taken for 3-RDM build:        0.0663054 s
Time taken for 3-RDM build:        0.0662990 s
Time taken for 3-RDM build:        0.0663204 s
Time taken for 3-RDM build:        0.0675681 s
Time taken for 3-RDM build:        0.0663223 s
Time taken for 3-RDM build:        0.0664103 s
Time taken for 3-RDM build:        0.0662301 s
E_frzc:                          -59.1480236 Eh
E_cas:                           -15.7034833 Eh
E_nuc:                             0.0000000 Eh
E_casci:                         -74.8511626 Eh
E0 (from RDM):                   -74.8511626 Eh
Ecorr:                            -0.3302227 Eh

Timing summary
... Hamil build:                    0.0086341 s
... Hamil diag:                     0.0002666 s
... RDM build:                      1.8481348 s
State     Energy / Eh         Splitting / Eh      Splitting / cm-1    Splitting / meV     
0         -7.4851507e+01      +0.0000000e+00      +0.0000000e+00      +0.0000000e+00      
1         -7.4851507e+01      +6.1121170e-09      +1.3414546e-03      +1.6631926e-04      
2         -7.4851507e+01      +6.8041430e-09      +1.4933368e-03      +1.8515025e-04      
3         -7.4851507e+01      +7.2887332e-09      +1.5996920e-03      +1.9833663e-04      
4         -7.4851507e+01      +9.8174127e-09      +2.1546730e-03      +2.6714553e-04      
5         -7.4850809e+01      +6.9818897e-04      +1.5323477e+02      +1.8998699e+01      
6         -7.4850809e+01      +7.3982136e-09      +1.6237202e-03      +2.0131574e-04      
7         -7.4850809e+01      +7.5923197e-09      +1.6663215e-03      +2.0659764e-04      
8         -7.4850503e+01      +3.0523771e-04      +6.6991933e+01      +8.3059451e+00      
Total time taken:                   1.9610214 s
===============================================

===============================================
            Relativistic DSRG-MRPT2            
===============================================
-----------------------------------------------
        DSRG-MRPT2 reference relaxation        
-----------------------------------------------
Iter                          Energy              Delta E   
   -Eref  -74.8511626       
   -Ecorr -0.1468686       
<Psi^(0)|Hbar^(0)|Psi^(0)>    -74.9980313         -7.49980e+01
   -Erelax-0.0000000       
<Psi^(0)|Hbar^(1)|Psi^(0)>    -74.9980313         -7.17685e-09
   -Eref  -74.8511626       
   -Ecorr -0.1468686       
<Psi^(1)|Hbar^(1)|Psi^(1)>    -74.9980313         -6.45242e-09
   -Erelax-0.0000000       
<Psi^(1)|Hbar^(2)|Psi^(1)>    -74.9980313         -4.64695e-12
   -Eref  -74.8511626       
   -Ecorr -0.1468686       
<Psi^(2)|Hbar^(2)|Psi^(2)>    -74.9980313         1.76257e-10
   -Erelax0.0000000       
<Psi^(2)|Hbar^(3)|Psi^(2)>    -74.9980313         1.42109e-14
Unrelaxed DSRG-MRPT2 energy:               -74.9980313 Eh
Unrelaxed DSRG-MRPT2 E_corr:                -0.1468686 Eh
Partially relaxed DSRG-MRPT2 energy:       -74.9980313 Eh
Partially relaxed DSRG-MRPT2 E_corr:        -0.1468686 Eh
Relaxed DSRG-MRPT2 energy:                 -74.9980313 Eh
Relaxed DSRG-MRPT2 E_corr:                  -0.1468686 Eh
Fully relaxed DSRG-MRPT2 energy:           -74.9980313 Eh
Fully relaxed DSRG-MRPT2 E_corr:            -0.1468686 Eh
State     Energy / Eh         Splitting / Eh      Splitting / cm-1    Splitting / meV     
0         -7.4998378e+01      +0.0000000e+00      +0.0000000e+00      +0.0000000e+00      
1         -7.4998378e+01      +7.0383521e-09      +1.5447397e-03      +1.9152341e-04      
2         -7.4998378e+01      +7.7299092e-09      +1.6965190e-03      +2.1034164e-04      
3         -7.4998378e+01      +8.0158316e-09      +1.7592717e-03      +2.1812199e-04      
4         -7.4998378e+01      +9.4793791e-09      +2.0804832e-03      +2.5794717e-04      
5         -7.4997674e+01      +7.0391234e-04      +1.5449090e+02      +1.9154440e+01      
6         -7.4997674e+01      +8.1749079e-09      +1.7941849e-03      +2.2245068e-04      
7         -7.4997674e+01      +8.0306108e-09      +1.7625153e-03      +2.1852416e-04      
8         -7.4997367e+01      +3.0761717e-04      +6.7514165e+01      +8.3706937e+00      
Time taken:                       11.8828294 s
===============================================
===============================================
              PySCF DHF interface              
===============================================

Timing report
....integral reading:       0.5006979 s

===============================================
            Relativistic CASCI(7,8)            
===============================================
Will now allocate 0.001 MB memory for the CASCI Hamiltonian!
Time taken for 1-RDM build:        0.0003803 s
Time taken for 1-RDM build:        0.0003629 s
Time taken for 1-RDM build:        0.0003633 s
Time taken for 1-RDM build:        0.0003645 s
Time taken for 1-RDM build:        0.0003626 s
Time taken for 1-RDM build:        0.0003633 s
Time taken for 2-RDM build:        0.0013082 s
Time taken for 2-RDM build:        0.0012496 s
Time taken for 2-RDM build:        0.0012450 s
Time taken for 2-RDM build:        0.0010705 s
Time taken for 2-RDM build:        0.0010028 s
Time taken for 2-RDM build:        0.0010006 s
Time taken for 3-RDM build:        0.0138733 s
Time taken for 3-RDM build:        0.0124283 s
Time taken for 3-RDM build:        0.0124254 s
Time taken for 3-RDM build:        0.0124109 s
Time taken for 3-RDM build:        0.0124118 s
Time taken for 3-RDM build:        0.0123799 s
E_frzc:                          -75.5478008 Eh
E_cas:                           -23.9325131 Eh
E_nuc:                             0.0000000 Eh
E_casci:                         -99.4797328 Eh
E0 (from RDM):                   -99.4797328 Eh
Ecorr:                            -0.1043819 Eh

Timing summary
... Hamil build:                    0.0016870 s
... Hamil diag:                     0.0000768 s
... RDM build:                      1.2315993 s
State     Energy / Eh         Splitting / Eh      Splitting / cm-1    Splitting / meV     
0         -9.9480314e+01      +0.0000000e+00      +0.0000000e+00      +0.0000000e+00      
1         -9.9480314e+01      +2.4031038e-08      +5.2742033e-03      +6.5391818e-04      
2         -9.9480314e+01      +6.9549486e-09      +1.5264348e-03      +1.8925388e-04      
3         -9.9480314e+01      +2.1663141e-08      +4.7545098e-03      +5.8948436e-04      
4         -9.9478571e+01      +1.7431739e-03      +3.8258245e+02      +4.7434202e+01      
5         -9.9478571e+01      +1.6993980e-08      +3.7297474e-03      +4.6242996e-04      
Total time taken:                   1.3367844 s
===============================================

===============================================
            Relativistic DSRG-MRPT2            
===============================================
-----------------------------------------------
        DSRG-MRPT2 reference relaxation        
-----------------------------------------------
Iter                          Energy              Delta E   
   -Eref  -99.4797328       
   -Ecorr -0.2088512       
<Psi^(0)|Hbar^(0)|Psi^(0)>    -99.6885839         -9.96886e+01
   -Erelax-0.0000000       
<Psi^(0)|Hbar^(1)|Psi^(0)>    -99.6885839         -1.42109e-14
   -Eref  -99.4797328       
   -Ecorr -0.2088512       
<Psi^(1)|Hbar^(1)|Psi^(1)>    -99.6885839         4.26326e-14
   -Erelax-0.0000000       
<Psi^(1)|Hbar^(2)|Psi^(1)>    -99.6885839         0.00000e+00
Unrelaxed DSRG-MRPT2 energy:               -99.6885839 Eh
Unrelaxed DSRG-MRPT2 E_corr:                -0.2088512 Eh
Partially relaxed DSRG-MRPT2 energy:       -99.6885839 Eh
Partially relaxed DSRG-MRPT2 E_corr:        -0.2088512 Eh
Relaxed DSRG-MRPT2 energy:                 -99.6885839 Eh
Relaxed DSRG-MRPT2 E_corr:                  -0.2088512 Eh
Fully relaxed DSRG-MRPT2 energy:           -99.6885839 Eh
Fully relaxed DSRG-MRPT2 E_corr:            -0.2088512 Eh
State     Energy / Eh         Splitting / Eh      Splitting / cm-1    Splitting / meV     
0         -9.9689181e+01      +0.0000000e+00      +0.0000000e+00      +0.0000000e+00      
1         -9.9689181e+01      +2.1097506e-08      +4.6303673e-03      +5.7409265e-04      
2         -9.9689181e+01      +7.3303852e-09      +1.6088336e-03      +1.9947004e-04      
3         -9.9689181e+01      +1.9537779e-08      +4.2880469e-03      +5.3165031e-04      
4         -9.9687390e+01      +1.7904534e-03      +3.9295910e+02      +4.8720742e+01      
5         -9.9687390e+01      +1.5438829e-08      +3.3884313e-03      +4.2011213e-04      
Time taken:                        6.2007933 s
===============================================
===============================================
              PySCF DHF interface              
===============================================

Timing report
....integral reading:       1.9455199 s

===============================================
            Relativistic CASCI(3,8)            
===============================================
Will now allocate 0.050 MB memory for the CASCI Hamiltonian!
Time taken for 1-RDM build:        0.0056446 s
Time taken for 1-RDM build:        0.0056117 s
Time taken for 1-RDM build:        0.0056193 s
Time taken for 1-RDM build:        0.0056102 s
Time taken for 1-RDM build:        0.0056291 s
Time taken for 1-RDM build:        0.0056129 s
Time taken for 2-RDM build:        0.0231297 s
Time taken for 2-RDM build:        0.0230644 s
Time taken for 2-RDM build:        0.0230663 s
Time taken for 2-RDM build:        0.0231037 s
Time taken for 2-RDM build:        0.0230839 s
Time taken for 2-RDM build:        0.0230801 s
Time taken for 3-RDM build:        0.0654750 s
Time taken for 3-RDM build:        0.0646098 s
Time taken for 3-RDM build:        0.0644953 s
Time taken for 3-RDM build:        0.0645335 s
Time taken for 3-RDM build:        0.0647011 s
Time taken for 3-RDM build:        0.0646403 s
E_frzc:                         -240.4061812 Eh
E_cas:                            -1.8986420 Eh
E_nuc:                             0.0000000 Eh
E_casci:                        -242.3045291 Eh
E0 (from RDM):                  -242.3045291 Eh
Ecorr:                            -0.1899047 Eh

Timing summary
... Hamil build:                    0.0166209 s
... Hamil diag:                     0.0005064 s
... RDM build:                      3.9091265 s
State     Energy / Eh         Splitting / Eh      Splitting / cm-1    Splitting / meV     
0         -2.4230482e+02      +0.0000000e+00      +0.0000000e+00      +0.0000000e+00      
1         -2.4230482e+02      +1.0992665e-09      +2.4126110e-04      +2.9912578e-05      
2         -2.4230438e+02      +4.4107881e-04      +9.6805609e+01      +1.2002372e+01      
3         -2.4230438e+02      +1.0805650e-09      +2.3715660e-04      +2.9403685e-05      
4         -2.4230438e+02      +8.9775654e-10      +1.9703478e-04      +2.4429211e-05      
5         -2.4230438e+02      +3.6629899e-10      +8.0393336e-05      +9.9675080e-06      
Total time taken:                   4.2460580 s
===============================================

===============================================
            Relativistic DSRG-MRPT2            
===============================================
-----------------------------------------------
        DSRG-MRPT2 reference relaxation        
-----------------------------------------------
Iter                          Energy              Delta E   
   -Eref  -242.3045291       
   -Ecorr -0.1733967       
<Psi^(0)|Hbar^(0)|Psi^(0)>    -242.4779258        -2.42478e+02
   -Erelax-0.0000074       
<Psi^(0)|Hbar^(1)|Psi^(0)>    -242.4779332        -7.41519e-06
   -Eref  -242.3045217       
   -Ecorr -0.1734117       
<Psi^(1)|Hbar^(1)|Psi^(1)>    -242.4779334        -2.04082e-07
   -Erelax-0.0000000       
<Psi^(1)|Hbar^(2)|Psi^(1)>    -242.4779334        -7.67386e-13
   -Eref  -242.3045217       
   -Ecorr -0.1734117       
<Psi^(2)|Hbar^(2)|Psi^(2)>    -242.4779334        -6.51141e-11
   -Erelax-0.0000000       
<Psi^(2)|Hbar^(3)|Psi^(2)>    -242.4779334        0.00000e+00
Unrelaxed DSRG-MRPT2 energy:              -242.4779258 Eh
Unrelaxed DSRG-MRPT2 E_corr:                -0.1733967 Eh
Partially relaxed DSRG-MRPT2 energy:      -242.4779332 Eh
Partially relaxed DSRG-MRPT2 E_corr:        -0.1734041 Eh
Relaxed DSRG-MRPT2 energy:                -242.4779334 Eh
Relaxed DSRG-MRPT2 E_corr:                  -0.1734117 Eh
Fully relaxed DSRG-MRPT2 energy:          -242.4779334 Eh
Fully relaxed DSRG-MRPT2 E_corr:            -0.1734117 Eh
State     Energy / Eh         Splitting / Eh      Splitting / cm-1    Splitting / meV     
0         -2.4247823e+02      +0.0000000e+00      +0.0000000e+00      +0.0000000e+00      
1         -2.4247823e+02      +1.0638814e-09      +2.3349498e-04      +2.8949702e-05      
2         -2.4247778e+02      +4.5038247e-04      +9.8847526e+01      +1.2255537e+01      
3         -2.4247778e+02      +1.0449241e-09      +2.2933434e-04      +2.8433848e-05      
4         -2.4247778e+02      +8.6075147e-10      +1.8891311e-04      +2.3422252e-05      
5         -2.4247778e+02      +3.5470293e-10      +7.7848295e-05      +9.6519631e-06      
Time taken:                       49.4070408 s
===============================================
===============================================
              PySCF DHF interface              
===============================================

Timing report
....integral reading:       1.9373519 s

===============================================
            Relativistic CASCI(4,8)            
===============================================
Will now allocate 0.078 MB memory for the CASCI Hamiltonian!
Time taken for 1-RDM build:        0.0098886 s
Time taken for 1-RDM build:        0.0096080 s
Time taken for 1-RDM build:        0.0095859 s
Time taken for 1-RDM build:        0.0095880 s
Time taken for 1-RDM build:        0.0095251 s
Time taken for 1-RDM build:        0.0095699 s
Time taken for 1-RDM build:        0.0095537 s
Time taken for 1-RDM build:        0.0095675 s
Time taken for 1-RDM build:        0.0095210 s
Time taken for 2-RDM build:        0.0347016 s
Time taken for 2-RDM build:        0.0347595 s
Time taken for 2-RDM build:        0.0351071 s
Time taken for 2-RDM build:        0.0348771 s
Time taken for 2-RDM build:        0.0352380 s
Time taken for 2-RDM build:        0.0348368 s
Time taken for 2-RDM build:        0.0350311 s
Time taken for 2-RDM build:        0.0349741 s
Time taken for 2-RDM build:        0.0350652 s
Time taken for 3-RDM build:        0.1526940 s
Time taken for 3-RDM build:        0.1516156 s
Time taken for 3-RDM build:        0.1516104 s
Time taken for 3-RDM build:        0.1515565 s
Time taken for 3-RDM build:        0.1513977 s
Time taken for 3-RDM build:        0.1511493 s
Time taken for 3-RDM build:        0.1512487 s
Time taken for 3-RDM build:        0.1512961 s
Time taken for 3-RDM build:        0.1511648 s
E_frzc:                         -285.7423197 Eh
E_cas:                            -3.6921024 Eh
E_nuc:                             0.0000000 Eh
E_casci:                        -289.4337768 Eh
E0 (from RDM):                  -289.4337768 Eh
Ecorr:                            -0.2329780 Eh

Timing summary
... Hamil build:                    0.0256793 s
... Hamil diag:                     0.0010116 s
... RDM build:                      5.0997078 s
State     Energy / Eh         Splitting / Eh      Splitting / cm-1    Splitting / meV     
0         -2.8943442e+02      +0.0000000e+00      +0.0000000e+00      +0.0000000e+00      
1         -2.8943409e+02      +3.3211201e-04      +7.2890160e+01      +9.0372324e+00      
2         -2.8943409e+02      +8.1735152e-10      +1.7938792e-04      +2.2241278e-05      
3         -2.8943409e+02      +8.9210062e-10      +1.9579345e-04      +2.4275306e-05      
4         -2.8943346e+02      +6.3005266e-04      +1.3828057e+02      +1.7144614e+01      
5         -2.8943346e+02      +2.5920599e-10      +5.6889139e-05      +7.0533576e-06      
6         -2.8943346e+02      +7.8654239e-10      +1.7262610e-04      +2.1402919e-05      
7         -2.8943346e+02      +6.1896799e-10      +1.3584777e-04      +1.6842985e-05      
8         -2.8943346e+02      +4.2439297e-10      +9.3143489e-05      +1.1548326e-05      
Total time taken:                   5.4447324 s
===============================================

===============================================
            Relativistic DSRG-MRPT2            
===============================================
-----------------------------------------------
        DSRG-MRPT2 reference relaxation        
-----------------------------------------------
Iter                          Energy              Delta E   
   -Eref  -289.4337768       
   -Ecorr -0.1780165       
<Psi^(0)|Hbar^(0)|Psi^(0)>    -289.6117933        -2.89612e+02
   -Erelax-0.0000078       
<Psi^(0)|Hbar^(1)|Psi^(0)>    -289.6118011        -7.79571e-06
   -Eref  -289.4337690       
   -Ecorr -0.1780333       
<Psi^(1)|Hbar^(1)|Psi^(1)>    -289.6118023        -1.20317e-06
   -Erelax-0.0000000       
<Psi^(1)|Hbar^(2)|Psi^(1)>    -289.6118023        -1.13687e-13
   -Eref  -289.4337690       
   -Ecorr -0.1780333       
<Psi^(2)|Hbar^(2)|Psi^(2)>    -289.6118023        -9.43032e-11
   -Erelax-0.0000000       
<Psi^(2)|Hbar^(3)|Psi^(2)>    -289.6118023        0.00000e+00
Unrelaxed DSRG-MRPT2 energy:              -289.6117933 Eh
Unrelaxed DSRG-MRPT2 E_corr:                -0.1780165 Eh
Partially relaxed DSRG-MRPT2 energy:      -289.6118011 Eh
Partially relaxed DSRG-MRPT2 E_corr:        -0.1780243 Eh
Relaxed DSRG-MRPT2 energy:                -289.6118023 Eh
Relaxed DSRG-MRPT2 E_corr:                  -0.1780333 Eh
Fully relaxed DSRG-MRPT2 energy:          -289.6118023 Eh
Fully relaxed DSRG-MRPT2 E_corr:            -0.1780333 Eh
State     Energy / Eh         Splitting / Eh      Splitting / cm-1    Splitting / meV     
0         -2.8961246e+02      +0.0000000e+00      +0.0000000e+00      +0.0000000e+00      
1         -2.8961212e+02      +3.3941813e-04      +7.4493669e+01      +9.2360423e+00      
2         -2.8961212e+02      +7.8176754e-10      +1.7157814e-04      +2.1272988e-05      
3         -2.8961212e+02      +8.4355634e-10      +1.8513921e-04      +2.2954348e-05      
4         -2.8961148e+02      +6.4322665e-04      +1.4117193e+02      +1.7503097e+01      
5         -2.8961148e+02      +2.5926283e-10      +5.6901614e-05      +7.0549044e-06      
6         -2.8961148e+02      +7.4163609e-10      +1.6277031e-04      +2.0180955e-05      
7         -2.8961148e+02      +6.0532557e-10      +1.3285360e-04      +1.6471756e-05      
8         -2.8961148e+02      +3.9761971e-10      +8.7267440e-05      +1.0819789e-05      
Time taken:                       51.9651175 s
===============================================
===============================================
              PySCF DHF interface              
===============================================

Timing report
....integral reading:       1.9318538 s

===============================================
            Relativistic CASCI(5,8)            
===============================================
Will now allocate 0.050 MB memory for the CASCI Hamiltonian!
Time taken for 1-RDM build:        0.0057244 s
Time taken for 1-RDM build:        0.0057044 s
Time taken for 1-RDM build:        0.0056782 s
Time taken for 1-RDM build:        0.0056870 s
Time taken for 1-RDM build:        0.0056829 s
Time taken for 1-RDM build:        0.0057054 s
Time taken for 1-RDM build:        0.0056727 s
Time taken for 1-RDM build:        0.0056698 s
Time taken for 1-RDM build:        0.0056791 s
Time taken for 1-RDM build:        0.0057867 s
Time taken for 1-RDM build:        0.0056384 s
Time taken for 1-RDM build:        0.0056849 s
Time taken for 1-RDM build:        0.0056849 s
Time taken for 1-RDM build:        0.0056808 s
Time taken for 2-RDM build:        0.0254886 s
Time taken for 2-RDM build:        0.0254641 s
Time taken for 2-RDM build:        0.0254827 s
Time taken for 2-RDM build:        0.0254462 s
Time taken for 2-RDM build:        0.0254526 s
Time taken for 2-RDM build:        0.0254154 s
Time taken for 2-RDM build:        0.0254426 s
Time taken for 2-RDM build:        0.0253763 s
Time taken for 2-RDM build:        0.0254624 s
Time taken for 2-RDM build:        0.0253339 s
Time taken for 2-RDM build:        0.0253997 s
Time taken for 2-RDM build:        0.0254138 s
Time taken for 2-RDM build:        0.0254431 s
Time taken for 2-RDM build:        0.0253754 s
Time taken for 3-RDM build:        0.1495378 s
Time taken for 3-RDM build:        0.1479590 s
Time taken for 3-RDM build:        0.1482964 s
Time taken for 3-RDM build:        0.1483035 s
Time taken for 3-RDM build:        0.1482615 s
Time taken for 3-RDM build:        0.1480243 s
Time taken for 3-RDM build:        0.1480863 s
Time taken for 3-RDM build:        0.1484144 s
Time taken for 3-RDM build:        0.1482046 s
Time taken for 3-RDM build:        0.1481471 s
Time taken for 3-RDM build:        0.1481879 s
Time taken for 3-RDM build:        0.1483419 s
Time taken for 3-RDM build:        0.1480184 s
Time taken for 3-RDM build:        0.1480687 s
E_frzc:                         -335.1272672 Eh
E_cas:                            -6.3636403 Eh
E_nuc:                             0.0000000 Eh
E_casci:                        -341.4410664 Eh
E0 (from RDM):                  -341.4410664 Eh
Ecorr:                            -0.2138107 Eh

Timing summary
... Hamil build:                    0.0207915 s
... Hamil diag:                     0.0005169 s
... RDM build:                      5.8539376 s
State     Energy / Eh         Splitting / Eh      Splitting / cm-1    Splitting / meV     
0         -3.4149091e+02      +0.0000000e+00      +0.0000000e+00      +0.0000000e+00      
1         -3.4149091e+02      +3.2849812e-10      +7.2097003e-05      +8.9388933e-06      
2         -3.4149091e+02      +3.2838443e-10      +7.2072051e-05      +8.9357998e-06      
3         -3.4149091e+02      +3.2798653e-10      +7.1984722e-05      +8.9249722e-06      
4         -3.4142117e+02      +6.9735531e-02      +1.5305180e+04      +1.8976014e+03      
5         -3.4142117e+02      +1.5667183e-09      +3.4385492e-04      +4.2632597e-05      
6         -3.4142117e+02      +1.3034196e-09      +2.8606753e-04      +3.5467871e-05      
7         -3.4142117e+02      +1.7383286e-09      +3.8151902e-04      +4.7302353e-05      
8         -3.4142110e+02      +6.9890622e-05      +1.5339218e+01      +1.9018216e+00      
9         -3.4142110e+02      +9.2740038e-10      +2.0354085e-04      +2.5235862e-05      
10        -3.4142110e+02      +9.6150643e-10      +2.1102627e-04      +2.6163935e-05      
11        -3.4142110e+02      +7.5050366e-10      +1.6471651e-04      +2.0422255e-05      
12        -3.4142110e+02      +9.6383701e-10      +2.1153777e-04      +2.6227353e-05      
13        -3.4142110e+02      +1.9558115e-09      +4.2925101e-04      +5.3220367e-05      
Total time taken:                   6.1945364 s
===============================================

===============================================
            Relativistic DSRG-MRPT2            
===============================================
-----------------------------------------------
        DSRG-MRPT2 reference relaxation        
-----------------------------------------------
Iter                          Energy              Delta E   
   -Eref  -341.4410664       
   -Ecorr -0.1879748       
<Psi^(0)|Hbar^(0)|Psi^(0)>    -341.6290413        -3.41629e+02
   -Erelax-0.0000000       
<Psi^(0)|Hbar^(1)|Psi^(0)>    -341.6290413        -2.41770e-08
   -Eref  -341.4410664       
   -Ecorr -0.1879749       
<Psi^(1)|Hbar^(1)|Psi^(1)>    -341.6290413        -6.61782e-09
   -Erelax-0.0000000       
<Psi^(1)|Hbar^(2)|Psi^(1)>    -341.6290413        -3.41061e-13
   -Eref  -341.4410664       
   -Ecorr -0.1879749       
<Psi^(2)|Hbar^(2)|Psi^(2)>    -341.6290413        -2.38174e-11
   -Erelax-0.0000000       
<Psi^(2)|Hbar^(3)|Psi^(2)>    -341.6290413        0.00000e+00
Unrelaxed DSRG-MRPT2 energy:              -341.6290413 Eh
Unrelaxed DSRG-MRPT2 E_corr:                -0.1879748 Eh
Partially relaxed DSRG-MRPT2 energy:      -341.6290413 Eh
Partially relaxed DSRG-MRPT2 E_corr:        -0.1879749 Eh
Relaxed DSRG-MRPT2 energy:                -341.6290413 Eh
Relaxed DSRG-MRPT2 E_corr:                  -0.1879749 Eh
Fully relaxed DSRG-MRPT2 energy:          -341.6290413 Eh
Fully relaxed DSRG-MRPT2 E_corr:            -0.1879749 Eh
State     Energy / Eh         Splitting / Eh      Splitting / cm-1    Splitting / meV     
0         -3.4167774e+02      +0.0000000e+00      +0.0000000e+00      +0.0000000e+00      
1         -3.4167774e+02      +2.6648195e-10      +5.8486027e-05      +7.2513466e-06      
2         -3.4167774e+02      +2.6619773e-10      +5.8423648e-05      +7.2436127e-06      
3         -3.4167774e+02      +2.6614089e-10      +5.8411173e-05      +7.2420659e-06      
4         -3.4160960e+02      +6.8138701e-02      +1.4954716e+04      +1.8541494e+03      
5         -3.4160960e+02      +1.4665602e-09      +3.2187276e-04      +3.9907155e-05      
6         -3.4160960e+02      +1.2287842e-09      +2.6968695e-04      +3.3436937e-05      
7         -3.4160960e+02      +1.6257218e-09      +3.5680469e-04      +4.4238164e-05      
8         -3.4160953e+02      +6.9788603e-05      +1.5316828e+01      +1.8990455e+00      
9         -3.4160953e+02      +8.4349949e-10      +1.8512674e-04      +2.2952801e-05      
10        -3.4160953e+02      +8.7931085e-10      +1.9298642e-04      +2.3927278e-05      
11        -3.4160953e+02      +6.9593398e-10      +1.5273985e-04      +1.8937337e-05      
12        -3.4160953e+02      +8.8539309e-10      +1.9432132e-04      +2.4092785e-05      
13        -3.4160953e+02      +1.7864181e-09      +3.9207346e-04      +4.8610936e-05      
Time taken:                       53.5080533 s
===============================================
===============================================
              PySCF DHF interface              
===============================================

Timing report
....integral reading:       1.9335186 s

===============================================
            Relativistic CASCI(6,8)            
===============================================
Will now allocate 0.013 MB memory for the CASCI Hamiltonian!
Time taken for 1-RDM build:        0.0022349 s
Time taken for 1-RDM build:        0.0022061 s
Time taken for 1-RDM build:        0.0022035 s
Time taken for 1-RDM build:        0.0022106 s
Time taken for 1-RDM build:        0.0022163 s
Time taken for 1-RDM build:        0.0022078 s
Time taken for 1-RDM build:        0.0022085 s
Time taken for 1-RDM build:        0.0021992 s
Time taken for 1-RDM build:        0.0022180 s
Time taken for 2-RDM build:        0.0087249 s
Time taken for 2-RDM build:        0.0086458 s
Time taken for 2-RDM build:        0.0086620 s
Time taken for 2-RDM build:        0.0086620 s
Time taken for 2-RDM build:        0.0086660 s
Time taken for 2-RDM build:        0.0086379 s
Time taken for 2-RDM build:        0.0086496 s
Time taken for 2-RDM build:        0.0086336 s
Time taken for 2-RDM build:        0.0086391 s
Time taken for 3-RDM build:        0.0681992 s
Time taken for 3-RDM build:        0.0664010 s
Time taken for 3-RDM build:        0.0664482 s
Time taken for 3-RDM build:        0.0664041 s
Time taken for 3-RDM build:        0.0663502 s
Time taken for 3-RDM build:        0.0663855 s
Time taken for 3-RDM build:        0.0667257 s
Time taken for 3-RDM build:        0.0666018 s
Time taken for 3-RDM build:        0.0663955 s
E_frzc:                         -388.5675376 Eh
E_cas:                            -9.9659359 Eh
E_nuc:                             0.0000000 Eh
E_casci:                        -398.5325748 Eh
E0 (from RDM):                  -398.5325748 Eh
Ecorr:                            -0.1603097 Eh

Timing summary
... Hamil build:                    0.0086474 s
... Hamil diag:                     0.0002658 s
... RDM build:                      4.0378230 s
State     Energy / Eh         Splitting / Eh      Splitting / cm-1    Splitting / meV     
0         -3.9853347e+02      +0.0000000e+00      +0.0000000e+00      +0.0000000e+00      
1         -3.9853347e+02      +5.6296585e-09      +1.2355672e-03      +1.5319088e-04      
2         -3.9853347e+02      +5.9783360e-09      +1.3120931e-03      +1.6267889e-04      
3         -3.9853347e+02      +5.6479053e-09      +1.2395719e-03      +1.5368740e-04      
4         -3.9853347e+02      +5.6580234e-09      +1.2417926e-03      +1.5396273e-04      
5         -3.9853166e+02      +1.8163270e-03      +3.9863770e+02      +4.9424800e+01      
6         -3.9853166e+02      +3.5533390e-09      +7.7986775e-04      +9.6691324e-05      
7         -3.9853166e+02      +3.5755079e-09      +7.8473327e-04      +9.7294572e-05      
8         -3.9853083e+02      +8.2294816e-04      +1.8061624e+02      +2.2393571e+01      
Total time taken:                   4.3677351 s
===============================================

===============================================
            Relativistic DSRG-MRPT2            
===============================================
-----------------------------------------------
        DSRG-MRPT2 reference relaxation        
-----------------------------------------------
Iter                          Energy              Delta E   
   -Eref  -398.5325748       
   -Ecorr -0.2029992       
<Psi^(0)|Hbar^(0)|Psi^(0)>    -398.7355740        -3.98736e+02
   -Erelax-0.0000001       
<Psi^(0)|Hbar^(1)|Psi^(0)>    -398.7355741        -5.65681e-08
   -Eref  -398.5325748       
   -Ecorr -0.2029993       
<Psi^(1)|Hbar^(1)|Psi^(1)>    -398.7355741        -2.42289e-08
   -Erelax-0.0000000       
<Psi^(1)|Hbar^(2)|Psi^(1)>    -398.7355741        -5.68434e-14
   -Eref  -398.5325748       
   -Ecorr -0.2029993       
<Psi^(2)|Hbar^(2)|Psi^(2)>    -398.7355741        -4.43379e-12
   -Erelax-0.0000000       
<Psi^(2)|Hbar^(3)|Psi^(2)>    -398.7355741        0.00000e+00
Unrelaxed DSRG-MRPT2 energy:              -398.7355740 Eh
Unrelaxed DSRG-MRPT2 E_corr:                -0.2029992 Eh
Partially relaxed DSRG-MRPT2 energy:      -398.7355741 Eh
Partially relaxed DSRG-MRPT2 E_corr:        -0.2029992 Eh
Relaxed DSRG-MRPT2 energy:                -398.7355741 Eh
Relaxed DSRG-MRPT2 E_corr:                  -0.2029993 Eh
Fully relaxed DSRG-MRPT2 energy:          -398.7355741 Eh
Fully relaxed DSRG-MRPT2 E_corr:            -0.2029993 Eh
State     Energy / Eh         Splitting / Eh      Splitting / cm-1    Splitting / meV     
0         -3.9873650e+02      +0.0000000e+00      +0.0000000e+00      +0.0000000e+00      
1         -3.9873650e+02      +5.1459779e-09      +1.1294116e-03      +1.4002926e-04      
2         -3.9873650e+02      +5.4561724e-09      +1.1974914e-03      +1.4847008e-04      
3         -3.9873650e+02      +5.2019686e-09      +1.1417001e-03      +1.4155284e-04      
4         -3.9873650e+02      +5.1354050e-09      +1.1270911e-03      +1.3974155e-04      
5         -3.9873463e+02      +1.8655045e-03      +4.0943091e+02      +5.0762987e+01      
6         -3.9873463e+02      +3.1756144e-09      +6.9696680e-04      +8.6412912e-05      
7         -3.9873463e+02      +3.2051730e-09      +7.0345416e-04      +8.7217242e-05      
8         -3.9873379e+02      +8.4243071e-04      +1.8489217e+02      +2.2923718e+01      
Time taken:                       49.8850346 s
===============================================
===============================================
              PySCF DHF interface              
===============================================

Timing report
....integral reading:       1.9427505 s

===============================================
            Relativistic CASCI(7,8)            
===============================================
Will now allocate 0.001 MB memory for the CASCI Hamiltonian!
Time taken for 1-RDM build:        0.0003731 s
Time taken for 1-RDM build:        0.0003734 s
Time taken for 1-RDM build:        0.0003662 s
Time taken for 1-RDM build:        0.0003669 s
Time taken for 1-RDM build:        0.0003626 s
Time taken for 1-RDM build:        0.0003626 s
Time taken for 2-RDM build:        0.0010805 s
Time taken for 2-RDM build:        0.0010073 s
Time taken for 2-RDM build:        0.0010114 s
Time taken for 2-RDM build:        0.0010140 s
Time taken for 2-RDM build:        0.0010056 s
Time taken for 2-RDM build:        0.0010064 s
Time taken for 3-RDM build:        0.0144606 s
Time taken for 3-RDM build:        0.0124514 s
Time taken for 3-RDM build:        0.0124011 s
Time taken for 3-RDM build:        0.0124137 s
Time taken for 3-RDM build:        0.0124176 s
Time taken for 3-RDM build:        0.0124359 s
E_frzc:                         -446.0682972 Eh
E_cas:                           -14.7582517 Eh
E_nuc:                             0.0000000 Eh
E_casci:                        -460.8252020 Eh
E0 (from RDM):                  -460.8252020 Eh
Ecorr:                             0.0013470 Eh

Timing summary
... Hamil build:                    0.0018456 s
... Hamil diag:                     0.0001063 s
... RDM build:                      3.4287357 s
State     Energy / Eh         Splitting / Eh      Splitting / cm-1    Splitting / meV     
0         -4.6082655e+02      +0.0000000e+00      +0.0000000e+00      +0.0000000e+00      
1         -4.6082655e+02      +1.2022326e-08      +2.6385956e-03      +3.2714432e-04      
2         -4.6082655e+02      +5.7600573e-09      +1.2641864e-03      +1.5673922e-04      
3         -4.6082655e+02      +1.1622035e-08      +2.5507418e-03      +3.1625183e-04      
4         -4.6082251e+02      +4.0408198e-03      +8.8685742e+02      +1.0995636e+02      
5         -4.6082251e+02      +2.0031848e-08      +4.3964825e-03      +5.4509461e-04      
Total time taken:                   3.7496533 s
===============================================

===============================================
            Relativistic DSRG-MRPT2            
===============================================
-----------------------------------------------
        DSRG-MRPT2 reference relaxation        
-----------------------------------------------
Iter                          Energy              Delta E   
   -Eref  -460.8252020       
   -Ecorr -0.2285487       
<Psi^(0)|Hbar^(0)|Psi^(0)>    -461.0537506        -4.61054e+02
   -Erelax0.0000000       
<Psi^(0)|Hbar^(1)|Psi^(0)>    -461.0537506        0.00000e+00
   -Eref  -460.8252020       
   -Ecorr -0.2285487       
<Psi^(1)|Hbar^(1)|Psi^(1)>    -461.0537506        2.27374e-13
   -Erelax-0.0000000       
<Psi^(1)|Hbar^(2)|Psi^(1)>    -461.0537506        0.00000e+00
Unrelaxed DSRG-MRPT2 energy:              -461.0537506 Eh
Unrelaxed DSRG-MRPT2 E_corr:                -0.2285487 Eh
Partially relaxed DSRG-MRPT2 energy:      -461.0537506 Eh
Partially relaxed DSRG-MRPT2 E_corr:        -0.2285487 Eh
Relaxed DSRG-MRPT2 energy:                -461.0537506 Eh
Relaxed DSRG-MRPT2 E_corr:                  -0.2285487 Eh
Fully relaxed DSRG-MRPT2 energy:          -461.0537506 Eh
Fully relaxed DSRG-MRPT2 E_corr:            -0.2285487 Eh
State     Energy / Eh         Splitting / Eh      Splitting / cm-1    Splitting / meV     
0         -4.6105513e+02      +0.0000000e+00      +0.0000000e+00      +0.0000000e+00      
1         -4.6105513e+02      +1.0647966e-08      +2.3369584e-03      +2.8974605e-04      
2         -4.6105513e+02      +5.4903921e-09      +1.2050018e-03      +1.4940125e-04      
3         -4.6105513e+02      +1.0449241e-08      +2.2933434e-03      +2.8433848e-04      
4         -4.6105098e+02      +4.1519654e-03      +9.1125108e+02      +1.1298079e+02      
5         -4.6105098e+02      +1.8209505e-08      +3.9965244e-03      +4.9550611e-04      
Time taken:                       29.3933365 s
===============================================
===============================================
              PySCF DHF interface              
===============================================

Timing report
....integral reading:      24.3144050 s

===============================================
            Relativistic CASCI(3,8)            
===============================================
Will now allocate 0.050 MB memory for the CASCI Hamiltonian!
Time taken for 1-RDM build:        0.0056362 s
Time taken for 1-RDM build:        0.0056353 s
Time taken for 1-RDM build:        0.0056288 s
Time taken for 1-RDM build:        0.0056071 s
Time taken for 1-RDM build:        0.0056129 s
Time taken for 1-RDM build:        0.0056100 s
Time taken for 2-RDM build:        0.0231819 s
Time taken for 2-RDM build:        0.0230823 s
Time taken for 2-RDM build:        0.0231214 s
Time taken for 2-RDM build:        0.0231390 s
Time taken for 2-RDM build:        0.0230589 s
Time taken for 2-RDM build:        0.0231225 s
Time taken for 3-RDM build:        0.0654335 s
Time taken for 3-RDM build:        0.0646107 s
Time taken for 3-RDM build:        0.0644841 s
Time taken for 3-RDM build:        0.0645533 s
Time taken for 3-RDM build:        0.0644672 s
Time taken for 3-RDM build:        0.0645835 s
E_frzc:                        -1939.7138290 Eh
E_cas:                            -2.0100161 Eh
E_nuc:                             0.0000000 Eh
E_casci:                       -1941.7217616 Eh
E0 (from RDM):                 -1941.7217616 Eh
Ecorr:                            -0.1944870 Eh

Timing summary
... Hamil build:                    0.0167403 s
... Hamil diag:                     0.0005836 s
... RDM build:                     47.8727286 s
State     Energy / Eh         Splitting / Eh      Splitting / cm-1    Splitting / meV     
0         -1.9417238e+03      +0.0000000e+00      +0.0000000e+00      +0.0000000e+00      
1         -1.9417238e+03      +1.0702479e-09      +2.3489226e-04      +2.9122942e-05      
2         -1.9417207e+03      +3.1252750e-03      +6.8591858e+02      +8.5043106e+01      
3         -1.9417207e+03      +1.1004886e-09      +2.4152933e-04      +2.9945834e-05      
4         -1.9417207e+03      +9.5178621e-10      +2.0889293e-04      +2.5899434e-05      
5         -1.9417207e+03      +6.4619599e-10      +1.4182362e-04      +1.7583897e-05      
Total time taken:                  51.5346057 s
===============================================

===============================================
            Relativistic DSRG-MRPT2            
===============================================
-----------------------------------------------
        DSRG-MRPT2 reference relaxation        
-----------------------------------------------
Iter                          Energy              Delta E   
   -Eref  -1941.7217616       
   -Ecorr -0.8742965       
<Psi^(0)|Hbar^(0)|Psi^(0)>    -1942.5960581       -1.94260e+03
   -Erelax-0.0000170       
<Psi^(0)|Hbar^(1)|Psi^(0)>    -1942.5960751       -1.69779e-05
   -Eref  -1941.7217447       
   -Ecorr -0.8743306       
<Psi^(1)|Hbar^(1)|Psi^(1)>    -1942.5960754       -2.63798e-07
   -Erelax-0.0000000       
<Psi^(1)|Hbar^(2)|Psi^(1)>    -1942.5960754       -6.82121e-13
   -Eref  -1941.7217447       
   -Ecorr -0.8743306       
<Psi^(2)|Hbar^(2)|Psi^(2)>    -1942.5960754       -5.38876e-11
   -Erelax-0.0000000       
<Psi^(2)|Hbar^(3)|Psi^(2)>    -1942.5960754       0.00000e+00
Unrelaxed DSRG-MRPT2 energy:             -1942.5960581 Eh
Unrelaxed DSRG-MRPT2 E_corr:                -0.8742965 Eh
Partially relaxed DSRG-MRPT2 energy:     -1942.5960751 Eh
Partially relaxed DSRG-MRPT2 E_corr:        -0.8743135 Eh
Relaxed DSRG-MRPT2 energy:               -1942.5960754 Eh
Relaxed DSRG-MRPT2 E_corr:                  -0.8743306 Eh
Fully relaxed DSRG-MRPT2 energy:         -1942.5960754 Eh
Fully relaxed DSRG-MRPT2 E_corr:            -0.8743306 Eh
State     Energy / Eh         Splitting / Eh      Splitting / cm-1    Splitting / meV     
0         -1.9425983e+03      +0.0000000e+00      +0.0000000e+00      +0.0000000e+00      
1         -1.9425983e+03      +1.0029453e-09      +2.2012104e-04      +2.7291544e-05      
2         -1.9425950e+03      +3.2692072e-03      +7.1750805e+02      +8.8959703e+01      
3         -1.9425950e+03      +1.0254553e-09      +2.2506142e-04      +2.7904073e-05      
4         -1.9425950e+03      +8.8448360e-10      +1.9412171e-04      +2.4068036e-05      
5         -1.9425950e+03      +6.0913408e-10      +1.3368948e-04      +1.6575390e-05      
Time taken:                      667.5018308 s
===============================================
===============================================
              PySCF DHF interface              
===============================================

Timing report
....integral reading:      24.3102660 s

===============================================
            Relativistic CASCI(4,8)            
===============================================
Will now allocate 0.078 MB memory for the CASCI Hamiltonian!
Time taken for 1-RDM build:        0.0099113 s
Time taken for 1-RDM build:        0.0096340 s
Time taken for 1-RDM build:        0.0096133 s
Time taken for 1-RDM build:        0.0096474 s
Time taken for 1-RDM build:        0.0096164 s
Time taken for 1-RDM build:        0.0096600 s
Time taken for 1-RDM build:        0.0095913 s
Time taken for 1-RDM build:        0.0096357 s
Time taken for 1-RDM build:        0.0096197 s
Time taken for 2-RDM build:        0.0346334 s
Time taken for 2-RDM build:        0.0347285 s
Time taken for 2-RDM build:        0.0346389 s
Time taken for 2-RDM build:        0.0347600 s
Time taken for 2-RDM build:        0.0345573 s
Time taken for 2-RDM build:        0.0347657 s
Time taken for 2-RDM build:        0.0346599 s
Time taken for 2-RDM build:        0.0347869 s
Time taken for 2-RDM build:        0.0346334 s
Time taken for 3-RDM build:        0.1523547 s
Time taken for 3-RDM build:        0.1511049 s
Time taken for 3-RDM build:        0.1514022 s
Time taken for 3-RDM build:        0.1513989 s
Time taken for 3-RDM build:        0.1516676 s
Time taken for 3-RDM build:        0.1516652 s
Time taken for 3-RDM build:        0.1517727 s
Time taken for 3-RDM build:        0.1513605 s
Time taken for 3-RDM build:        0.1517525 s
E_frzc:                        -2092.8592106 Eh
E_cas:                            -3.6862998 Eh
E_nuc:                             0.0000000 Eh
E_casci:                       -2096.5413860 Eh
E0 (from RDM):                 -2096.5413860 Eh
Ecorr:                            -0.2153364 Eh

Timing summary
... Hamil build:                    0.0263546 s
... Hamil diag:                     0.0011108 s
... RDM build:                     49.0754523 s
State     Energy / Eh         Splitting / Eh      Splitting / cm-1    Splitting / meV     
0         -2.0965455e+03      +0.0000000e+00      +0.0000000e+00      +0.0000000e+00      
1         -2.0965432e+03      +2.3344184e-03      +5.1234561e+02      +6.3522789e+01      
2         -2.0965432e+03      +6.4164851e-10      +1.4082557e-04      +1.7460154e-05      
3         -2.0965432e+03      +5.3205440e-10      +1.1677244e-04      +1.4477945e-05      
4         -2.0965395e+03      +3.6890520e-03      +8.0965333e+02      +1.0038427e+02      
5         -2.0965395e+03      +9.3723429e-10      +2.0569915e-04      +2.5503456e-05      
6         -2.0965395e+03      +1.0586518e-09      +2.3234722e-04      +2.8807397e-05      
7         -2.0965395e+03      +1.1709744e-09      +2.5699918e-04      +3.1863852e-05      
8         -2.0965395e+03      +1.0372787e-09      +2.2765636e-04      +2.8225805e-05      
Total time taken:                  52.7589633 s
===============================================

===============================================
            Relativistic DSRG-MRPT2            
===============================================
-----------------------------------------------
        DSRG-MRPT2 reference relaxation        
-----------------------------------------------
Iter                          Energy              Delta E   
   -Eref  -2096.5413860       
   -Ecorr -0.8736182       
<Psi^(0)|Hbar^(0)|Psi^(0)>    -2097.4150042       -2.09742e+03
   -Erelax-0.0000114       
<Psi^(0)|Hbar^(1)|Psi^(0)>    -2097.4150156       -1.13959e-05
   -Eref  -2096.5413746       
   -Ecorr -0.8736425       
<Psi^(1)|Hbar^(1)|Psi^(1)>    -2097.4150171       -1.47525e-06
   -Erelax-0.0000000       
<Psi^(1)|Hbar^(2)|Psi^(1)>    -2097.4150171       -4.09273e-12
   -Eref  -2096.5413746       
   -Ecorr -0.8736425       
<Psi^(2)|Hbar^(2)|Psi^(2)>    -2097.4150171       -2.22371e-10
   -Erelax0.0000000       
<Psi^(2)|Hbar^(3)|Psi^(2)>    -2097.4150171       0.00000e+00
Unrelaxed DSRG-MRPT2 energy:             -2097.4150042 Eh
Unrelaxed DSRG-MRPT2 E_corr:                -0.8736182 Eh
Partially relaxed DSRG-MRPT2 energy:     -2097.4150156 Eh
Partially relaxed DSRG-MRPT2 E_corr:        -0.8736296 Eh
Relaxed DSRG-MRPT2 energy:               -2097.4150171 Eh
Relaxed DSRG-MRPT2 E_corr:                  -0.8736425 Eh
Fully relaxed DSRG-MRPT2 energy:         -2097.4150171 Eh
Fully relaxed DSRG-MRPT2 E_corr:            -0.8736425 Eh
State     Energy / Eh         Splitting / Eh      Splitting / cm-1    Splitting / meV     
0         -2.0974193e+03      +0.0000000e+00      +0.0000000e+00      +0.0000000e+00      
1         -2.0974169e+03      +2.4210930e-03      +5.3136850e+02      +6.5881328e+01      
2         -2.0974169e+03      +6.0845196e-10      +1.3353977e-04      +1.6556829e-05      
3         -2.0974169e+03      +5.2114046e-10      +1.1437711e-04      +1.4180961e-05      
4         -2.0974131e+03      +3.7964383e-03      +8.3322189e+02      +1.0330640e+02      
5         -2.0974131e+03      +8.6220098e-10      +1.8923124e-04      +2.3461695e-05      
6         -2.0974131e+03      +9.7952579e-10      +2.1498106e-04      +2.6654267e-05      
7         -2.0974131e+03      +1.0682015e-09      +2.3444313e-04      +2.9067258e-05      
8         -2.0974131e+03      +9.3950803e-10      +2.0619818e-04      +2.5565328e-05      
Time taken:                      669.5776227 s
===============================================
===============================================
              PySCF DHF interface              
===============================================

Timing report
....integral reading:      24.3090441 s

===============================================
            Relativistic CASCI(5,8)            
===============================================
Will now allocate 0.050 MB memory for the CASCI Hamiltonian!
Time taken for 1-RDM build:        0.0057266 s
Time taken for 1-RDM build:        0.0056953 s
Time taken for 1-RDM build:        0.0057063 s
Time taken for 1-RDM build:        0.0057237 s
Time taken for 1-RDM build:        0.0057194 s
Time taken for 1-RDM build:        0.0057282 s
Time taken for 1-RDM build:        0.0057285 s
Time taken for 1-RDM build:        0.0057559 s
Time taken for 1-RDM build:        0.0057201 s
Time taken for 1-RDM build:        0.0056803 s
Time taken for 1-RDM build:        0.0057173 s
Time taken for 1-RDM build:        0.0057099 s
Time taken for 1-RDM build:        0.0056744 s
Time taken for 1-RDM build:        0.0056825 s
Time taken for 2-RDM build:        0.0254047 s
Time taken for 2-RDM build:        0.0254190 s
Time taken for 2-RDM build:        0.0312994 s
Time taken for 2-RDM build:        0.0292859 s
Time taken for 2-RDM build:        0.0253806 s
Time taken for 2-RDM build:        0.0254374 s
Time taken for 2-RDM build:        0.0253639 s
Time taken for 2-RDM build:        0.0254474 s
Time taken for 2-RDM build:        0.0253446 s
Time taken for 2-RDM build:        0.0253897 s
Time taken for 2-RDM build:        0.0253549 s
Time taken for 2-RDM build:        0.0253899 s
Time taken for 2-RDM build:        0.0253794 s
Time taken for 2-RDM build:        0.0253813 s
Time taken for 3-RDM build:        0.1505268 s
Time taken for 3-RDM build:        0.1491907 s
Time taken for 3-RDM build:        0.1491518 s
Time taken for 3-RDM build:        0.1508315 s
Time taken for 3-RDM build:        0.1488039 s
Time taken for 3-RDM build:        0.1486917 s
Time taken for 3-RDM build:        0.1488955 s
Time taken for 3-RDM build:        0.1532764 s
Time taken for 3-RDM build:        0.1488543 s
Time taken for 3-RDM build:        0.1487966 s
Time taken for 3-RDM build:        0.1488359 s
Time taken for 3-RDM build:        0.1488960 s
Time taken for 3-RDM build:        0.1488814 s
Time taken for 3-RDM build:        0.1488230 s
E_frzc:                        -2252.3726240 Eh
E_cas:                            -6.0718308 Eh
E_nuc:                             0.0000000 Eh
E_casci:                       -2258.3972569 Eh
E0 (from RDM):                 -2258.3972569 Eh
Ecorr:                            -0.0178409 Eh

Timing summary
... Hamil build:                    0.0207827 s
... Hamil diag:                     0.0005808 s
... RDM build:                     49.8375795 s
State     Energy / Eh         Splitting / Eh      Splitting / cm-1    Splitting / meV     
0         -2.2584445e+03      +0.0000000e+00      +0.0000000e+00      +0.0000000e+00      
1         -2.2584445e+03      +5.2432370e-10      +1.1507575e-04      +1.4267581e-05      
2         -2.2584445e+03      +5.2705218e-10      +1.1567458e-04      +1.4341827e-05      
3         -2.2584445e+03      +5.1386451e-10      +1.1278022e-04      +1.3982972e-05      
4         -2.2583793e+03      +6.5107933e-02      +1.4289540e+04      +1.7716780e+03      
5         -2.2583793e+03      +9.2859409e-10      +2.0380284e-04      +2.5268344e-05      
6         -2.2583793e+03      +1.1159500e-09      +2.4492271e-04      +3.0366561e-05      
7         -2.2583793e+03      +5.1250026e-10      +1.1248081e-04      +1.3945849e-05      
8         -2.2583777e+03      +1.6153755e-03      +3.5453394e+02      +4.3956628e+01      
9         -2.2583777e+03      +7.5033313e-10      +1.6467909e-04      +2.0417614e-05      
10        -2.2583777e+03      +4.8839865e-10      +1.0719111e-04      +1.3290011e-05      
11        -2.2583777e+03      +1.4611032e-09      +3.2067509e-04      +3.9758663e-05      
12        -2.2583777e+03      +1.6329977e-09      +3.5840157e-04      +4.4436153e-05      
13        -2.2583777e+03      +6.3982952e-10      +1.4042635e-04      +1.7410656e-05      
Total time taken:                  53.5031736 s
===============================================

===============================================
            Relativistic DSRG-MRPT2            
===============================================
-----------------------------------------------
        DSRG-MRPT2 reference relaxation        
-----------------------------------------------
Iter                          Energy              Delta E   
   -Eref  -2258.3972569       
   -Ecorr -0.8747672       
<Psi^(0)|Hbar^(0)|Psi^(0)>    -2259.2720241       -2.25927e+03
   -Erelax-0.0000006       
<Psi^(0)|Hbar^(1)|Psi^(0)>    -2259.2720247       -5.89317e-07
   -Eref  -2258.3972563       
   -Ecorr -0.8747686       
<Psi^(1)|Hbar^(1)|Psi^(1)>    -2259.2720248       -1.46914e-07
   -Erelax-0.0000000       
<Psi^(1)|Hbar^(2)|Psi^(1)>    -2259.2720248       -3.18323e-12
   -Eref  -2258.3972563       
   -Ecorr -0.8747686       
<Psi^(2)|Hbar^(2)|Psi^(2)>    -2259.2720248       -3.50155e-10
   -Erelax-0.0000000       
<Psi^(2)|Hbar^(3)|Psi^(2)>    -2259.2720248       0.00000e+00
Unrelaxed DSRG-MRPT2 energy:             -2259.2720241 Eh
Unrelaxed DSRG-MRPT2 E_corr:                -0.8747672 Eh
Partially relaxed DSRG-MRPT2 energy:     -2259.2720247 Eh
Partially relaxed DSRG-MRPT2 E_corr:        -0.8747678 Eh
Relaxed DSRG-MRPT2 energy:               -2259.2720248 Eh
Relaxed DSRG-MRPT2 E_corr:                  -0.8747686 Eh
Fully relaxed DSRG-MRPT2 energy:         -2259.2720248 Eh
Fully relaxed DSRG-MRPT2 E_corr:            -0.8747686 Eh
State     Energy / Eh         Splitting / Eh      Splitting / cm-1    Splitting / meV     
0         -2.2593183e+03      +0.0000000e+00      +0.0000000e+00      +0.0000000e+00      
1         -2.2593183e+03      +4.2928150e-10      +9.4216398e-05      +1.1681350e-05      
2         -2.2593183e+03      +4.3883119e-10      +9.6312314e-05      +1.1941211e-05      
3         -2.2593183e+03      +4.2109605e-10      +9.2419899e-05      +1.1458613e-05      
4         -2.2592545e+03      +6.3727729e-02      +1.3986620e+04      +1.7341207e+03      
5         -2.2592545e+03      +8.3309715e-10      +1.8284369e-04      +2.2669739e-05      
6         -2.2592545e+03      +9.7270458e-10      +2.1348398e-04      +2.6468653e-05      
7         -2.2592545e+03      +4.8157744e-10      +1.0569403e-04      +1.3104396e-05      
8         -2.2592529e+03      +1.6747412e-03      +3.6756320e+02      +4.5572051e+01      
9         -2.2592529e+03      +6.9849193e-10      +1.5330126e-04      +1.9006943e-05      
10        -2.2592529e+03      +4.3883119e-10      +9.6312314e-05      +1.1941211e-05      
11        -2.2592529e+03      +1.3073986e-09      +2.8694083e-04      +3.5576146e-05      
12        -2.2592529e+03      +1.5143087e-09      +3.3235234e-04      +4.1206458e-05      
13        -2.2592529e+03      +5.9662852e-10      +1.3094482e-04      +1.6235097e-05      
Time taken:                      671.4594216 s
===============================================
===============================================
              PySCF DHF interface              
===============================================

Timing report
....integral reading:      24.2982252 s

===============================================
            Relativistic CASCI(6,8)            
===============================================
Will now allocate 0.013 MB memory for the CASCI Hamiltonian!
Time taken for 1-RDM build:        0.0022259 s
Time taken for 1-RDM build:        0.0021939 s
Time taken for 1-RDM build:        0.0021918 s
Time taken for 1-RDM build:        0.0021968 s
Time taken for 1-RDM build:        0.0022137 s
Time taken for 1-RDM build:        0.0021884 s
Time taken for 1-RDM build:        0.0021954 s
Time taken for 1-RDM build:        0.0021894 s
Time taken for 1-RDM build:        0.0022054 s
Time taken for 2-RDM build:        0.0086646 s
Time taken for 2-RDM build:        0.0085602 s
Time taken for 2-RDM build:        0.0085669 s
Time taken for 2-RDM build:        0.0085726 s
Time taken for 2-RDM build:        0.0085952 s
Time taken for 2-RDM build:        0.0085759 s
Time taken for 2-RDM build:        0.0085802 s
Time taken for 2-RDM build:        0.0085485 s
Time taken for 2-RDM build:        0.0085943 s
Time taken for 3-RDM build:        0.0682349 s
Time taken for 3-RDM build:        0.0665543 s
Time taken for 3-RDM build:        0.0663598 s
Time taken for 3-RDM build:        0.0662603 s
Time taken for 3-RDM build:        0.0662975 s
Time taken for 3-RDM build:        0.0662234 s
Time taken for 3-RDM build:        0.0662684 s
Time taken for 3-RDM build:        0.0749052 s
Time taken for 3-RDM build:        0.0665536 s
E_frzc:                        -2418.2608262 Eh
E_cas:                            -9.1774708 Eh
E_nuc:                             0.0000000 Eh
E_casci:                       -2427.4340589 Eh
E0 (from RDM):                 -2427.4340589 Eh
Ecorr:                            -0.1372548 Eh

Timing summary
... Hamil build:                    0.0087457 s
... Hamil diag:                     0.0002906 s
... RDM build:                     48.0133941 s
State     Energy / Eh         Splitting / Eh      Splitting / cm-1    Splitting / meV     
0         -2.4274383e+03      +0.0000000e+00      +0.0000000e+00      +0.0000000e+00      
1         -2.4274383e+03      +1.9413164e-09      +4.2606971e-04      +5.2825936e-05      
2         -2.4274383e+03      +8.9721652e-10      +1.9691626e-04      +2.4414517e-05      
3         -2.4274383e+03      +1.1737029e-09      +2.5759801e-04      +3.1938098e-05      
4         -2.4274383e+03      +1.8349056e-09      +4.0271522e-04      +4.9930347e-05      
5         -2.4274294e+03      +8.8831576e-03      +1.9496277e+03      +2.4172315e+02      
6         -2.4274294e+03      +4.1914063e-09      +9.1990735e-04      +1.1405403e-04      
7         -2.4274294e+03      +4.1027306e-09      +9.0044528e-04      +1.1164104e-04      
8         -2.4274268e+03      +2.6102260e-03      +5.7287839e+02      +7.1027902e+01      
Total time taken:                  51.6719294 s
===============================================

===============================================
            Relativistic DSRG-MRPT2            
===============================================
-----------------------------------------------
        DSRG-MRPT2 reference relaxation        
-----------------------------------------------
Iter                          Energy              Delta E   
   -Eref  -2427.4340589       
   -Ecorr -0.8775975       
<Psi^(0)|Hbar^(0)|Psi^(0)>    -2428.3116564       -2.42831e+03
   -Erelax-0.0000010       
<Psi^(0)|Hbar^(1)|Psi^(0)>    -2428.3116574       -9.93614e-07
   -Eref  -2427.4340578       
   -Ecorr -0.8775999       
<Psi^(1)|Hbar^(1)|Psi^(1)>    -2428.3116578       -3.76858e-07
   -Erelax-0.0000000       
<Psi^(1)|Hbar^(2)|Psi^(1)>    -2428.3116578       -4.54747e-13
   -Eref  -2427.4340578       
   -Ecorr -0.8775999       
<Psi^(2)|Hbar^(2)|Psi^(2)>    -2428.3116578       -6.91216e-11
   -Erelax0.0000000       
<Psi^(2)|Hbar^(3)|Psi^(2)>    -2428.3116578       0.00000e+00
Unrelaxed DSRG-MRPT2 energy:             -2428.3116564 Eh
Unrelaxed DSRG-MRPT2 E_corr:                -0.8775975 Eh
Partially relaxed DSRG-MRPT2 energy:     -2428.3116574 Eh
Partially relaxed DSRG-MRPT2 E_corr:        -0.8775985 Eh
Relaxed DSRG-MRPT2 energy:               -2428.3116578 Eh
Relaxed DSRG-MRPT2 E_corr:                  -0.8775999 Eh
Fully relaxed DSRG-MRPT2 energy:         -2428.3116578 Eh
Fully relaxed DSRG-MRPT2 E_corr:            -0.8775999 Eh
State     Energy / Eh         Splitting / Eh      Splitting / cm-1    Splitting / meV     
0         -2.4283160e+03      +0.0000000e+00      +0.0000000e+00      +0.0000000e+00      
1         -2.4283160e+03      +1.7248567e-09      +3.7856229e-04      +4.6935764e-05      
2         -2.4283160e+03      +9.0221874e-10      +1.9801413e-04      +2.4550634e-05      
3         -2.4283160e+03      +1.1273187e-09      +2.4741785e-04      +3.0675918e-05      
4         -2.4283160e+03      +1.6380000e-09      +3.5949943e-04      +4.4572270e-05      
5         -2.4283069e+03      +9.1634074e-03      +2.0111355e+03      +2.4934914e+02      
6         -2.4283069e+03      +3.9340193e-09      +8.6341744e-04      +1.0705017e-04      
7         -2.4283069e+03      +3.8671715e-09      +8.4874603e-04      +1.0523115e-04      
8         -2.4283042e+03      +2.6281478e-03      +5.7681177e+02      +7.1515579e+01      
Time taken:                      668.6492689 s
===============================================
===============================================
              PySCF DHF interface              
===============================================

Timing report
....integral reading:      24.3202593 s

===============================================
            Relativistic CASCI(7,8)            
===============================================
Will now allocate 0.001 MB memory for the CASCI Hamiltonian!
Time taken for 1-RDM build:        0.0003798 s
Time taken for 1-RDM build:        0.0003672 s
Time taken for 1-RDM build:        0.0003669 s
Time taken for 1-RDM build:        0.0003679 s
Time taken for 1-RDM build:        0.0003622 s
Time taken for 1-RDM build:        0.0003629 s
Time taken for 2-RDM build:        0.0010693 s
Time taken for 2-RDM build:        0.0010035 s
Time taken for 2-RDM build:        0.0010006 s
Time taken for 2-RDM build:        0.0009985 s
Time taken for 2-RDM build:        0.0009971 s
Time taken for 2-RDM build:        0.0009987 s
Time taken for 3-RDM build:        0.0141220 s
Time taken for 3-RDM build:        0.0124552 s
Time taken for 3-RDM build:        0.0124686 s
Time taken for 3-RDM build:        0.0124519 s
Time taken for 3-RDM build:        0.0124249 s
Time taken for 3-RDM build:        0.0124557 s
E_frzc:                        -2590.5378304 Eh
E_cas:                           -13.1880855 Eh
E_nuc:                             0.0000000 Eh
E_casci:                       -2603.7203212 Eh
E0 (from RDM):                 -2603.7203212 Eh
Ecorr:                            -0.0318830 Eh

Timing summary
... Hamil build:                    0.0019083 s
... Hamil diag:                     0.0001023 s
... RDM build:                     47.3905361 s
State     Energy / Eh         Splitting / Eh      Splitting / cm-1    Splitting / meV     
0         -2.6037259e+03      +0.0000000e+00      +0.0000000e+00      +0.0000000e+00      
1         -2.6037259e+03      +9.2413757e-09      +2.0282475e-03      +2.5147076e-04      
2         -2.6037259e+03      +1.8784249e-08      +4.1226661e-03      +5.1114569e-04      
3         -2.6037259e+03      +9.8884811e-09      +2.1702707e-03      +2.6907941e-04      
4         -2.6037091e+03      +1.6783801e-02      +3.6836186e+03      +4.5671072e+02      
5         -2.6037091e+03      +7.4087438e-09      +1.6260313e-03      +2.0160228e-04      
Total time taken:                  51.0393951 s
===============================================

===============================================
            Relativistic DSRG-MRPT2            
===============================================
-----------------------------------------------
        DSRG-MRPT2 reference relaxation        
-----------------------------------------------
Iter                          Energy              Delta E   
   -Eref  -2603.7203212       
   -Ecorr -0.8882061       
<Psi^(0)|Hbar^(0)|Psi^(0)>    -2604.6085274       -2.60461e+03
   -Erelax-0.0000000       
<Psi^(0)|Hbar^(1)|Psi^(0)>    -2604.6085274       0.00000e+00
   -Eref  -2603.7203212       
   -Ecorr -0.8882061       
<Psi^(1)|Hbar^(1)|Psi^(1)>    -2604.6085274       0.00000e+00
   -Erelax0.0000000       
<Psi^(1)|Hbar^(2)|Psi^(1)>    -2604.6085274       0.00000e+00
Unrelaxed DSRG-MRPT2 energy:             -2604.6085274 Eh
Unrelaxed DSRG-MRPT2 E_corr:                -0.8882061 Eh
Partially relaxed DSRG-MRPT2 energy:     -2604.6085274 Eh
Partially relaxed DSRG-MRPT2 E_corr:        -0.8882061 Eh
Relaxed DSRG-MRPT2 energy:               -2604.6085274 Eh
Relaxed DSRG-MRPT2 E_corr:                  -0.8882061 Eh
Fully relaxed DSRG-MRPT2 energy:         -2604.6085274 Eh
Fully relaxed DSRG-MRPT2 E_corr:            -0.8882061 Eh
State     Energy / Eh         Splitting / Eh      Splitting / cm-1    Splitting / meV     
0         -2.6046143e+03      +0.0000000e+00      +0.0000000e+00      +0.0000000e+00      
1         -2.6046143e+03      +8.6438376e-09      +1.8971031e-03      +2.3521092e-04      
2         -2.6046143e+03      +1.7309503e-08      +3.7989968e-03      +4.7101580e-04      
3         -2.6046143e+03      +9.0140020e-09      +1.9783448e-03      +2.4528360e-04      
4         -2.6045970e+03      +1.7230520e-02      +3.7816621e+03      +4.6886657e+02      
5         -2.6045970e+03      +6.8644113e-09      +1.5065641e-03      +1.8679023e-04      
Time taken:                      401.1146331 s
===============================================
