NOW DOING s=0.2!
===============================================
              PySCF DHF interface              
===============================================

Timing report
....integral reading:       0.5029602 s

===============================================
            Relativistic CASCI(3,8)            
===============================================
Will now allocate 0.050 MB memory for the CASCI Hamiltonian!
Time taken for 1-RDM build:        0.0057642 s
Time taken for 1-RDM build:        0.0057514 s
Time taken for 1-RDM build:        0.0057440 s
Time taken for 1-RDM build:        0.0057347 s
Time taken for 1-RDM build:        0.0057476 s
Time taken for 1-RDM build:        0.0057247 s
Time taken for 2-RDM build:        0.0241539 s
Time taken for 2-RDM build:        0.0233326 s
Time taken for 2-RDM build:        0.0233660 s
Time taken for 2-RDM build:        0.0233588 s
Time taken for 2-RDM build:        0.0233912 s
Time taken for 2-RDM build:        0.0233305 s
Time taken for 3-RDM build:        0.0650609 s
Time taken for 3-RDM build:        0.0651300 s
Time taken for 3-RDM build:        0.0641916 s
Time taken for 3-RDM build:        0.0641680 s
Time taken for 3-RDM build:        0.0642664 s
Time taken for 3-RDM build:        0.0644152 s
E_frzc:                          -21.9899228 Eh
E_cas:                            -2.5754278 Eh
E_nuc:                             0.0000000 Eh
E_casci:                         -24.5653104 Eh
E0 (from RDM):                   -24.5653104 Eh
Ecorr:                            -0.2764703 Eh

Timing summary
... Hamil build:                    0.0168626 s
... Hamil diag:                     0.0006101 s
... RDM build:                      1.7460923 s
State     Energy / Eh         Splitting / Eh      Splitting / cm-1    Splitting / meV     
0         -2.4565351e+01      +0.0000000e+00      +0.0000000e+00      +0.0000000e+00      
1         -2.4565351e+01      +1.6292141e-09      +3.5757116e-04      +4.4333195e-05      
2         -2.4565290e+01      +6.0370290e-05      +1.3249747e+01      +1.6427601e+00      
3         -2.4565290e+01      +8.2750518e-10      +1.8161639e-04      +2.2517574e-05      
4         -2.4565290e+01      +8.6880192e-10      +1.9067998e-04      +2.3641316e-05      
5         -2.4565290e+01      +1.8699744e-09      +4.1041194e-04      +5.0884619e-05      
Total time taken:                   1.8660574 s
===============================================

===============================================
            Relativistic DSRG-MRPT2            
===============================================
-----------------------------------------------
        DSRG-MRPT2 reference relaxation        
-----------------------------------------------
Iter                          Energy              Delta E   
   -Eref  -24.5653104       
   -Ecorr -0.0620114       
<Psi^(0)|Hbar^(0)|Psi^(0)>    -24.6273218         -2.46273e+01
   -Erelax-0.0002103       
<Psi^(0)|Hbar^(1)|Psi^(0)>    -24.6275321         -2.10288e-04
   -Eref  -24.5650936       
   -Ecorr -0.0623936       
<Psi^(1)|Hbar^(1)|Psi^(1)>    -24.6274872         4.49113e-05
   -Erelax-0.0000000       
<Psi^(1)|Hbar^(2)|Psi^(1)>    -24.6274872         -3.11040e-11
   -Eref  -24.5650934       
   -Ecorr -0.0623937       
<Psi^(2)|Hbar^(2)|Psi^(2)>    -24.6274872         1.62072e-08
   -Erelax0.0000000       
<Psi^(2)|Hbar^(3)|Psi^(2)>    -24.6274872         3.55271e-15
   -Eref  -24.5650934       
   -Ecorr -0.0623937       
<Psi^(3)|Hbar^(3)|Psi^(3)>    -24.6274872         4.60432e-12
   -Erelax0.0000000       
<Psi^(3)|Hbar^(4)|Psi^(3)>    -24.6274872         0.00000e+00
Unrelaxed DSRG-MRPT2 energy:               -24.6273218 Eh
Unrelaxed DSRG-MRPT2 E_corr:                -0.0620114 Eh
Partially relaxed DSRG-MRPT2 energy:       -24.6275321 Eh
Partially relaxed DSRG-MRPT2 E_corr:        -0.0622217 Eh
Relaxed DSRG-MRPT2 energy:                 -24.6274872 Eh
Relaxed DSRG-MRPT2 E_corr:                  -0.0623936 Eh
Fully relaxed DSRG-MRPT2 energy:           -24.6274872 Eh
Fully relaxed DSRG-MRPT2 E_corr:            -0.0623937 Eh
State     Energy / Eh         Splitting / Eh      Splitting / cm-1    Splitting / meV     
0         -2.4627530e+01      +0.0000000e+00      +0.0000000e+00      +0.0000000e+00      
1         -2.4627530e+01      +8.8327212e-10      +1.9385582e-04      +2.4035070e-05      
2         -2.4627466e+01      +6.4958336e-05      +1.4256707e+01      +1.7676072e+00      
3         -2.4627466e+01      +5.0573234e-10      +1.1099542e-04      +1.3761685e-05      
4         -2.4627466e+01      +4.6254200e-10      +1.0151624e-04      +1.2586415e-05      
5         -2.4627466e+01      +1.0212027e-09      +2.2412808e-04      +2.7788354e-05      
Time taken:                       16.7694907 s
===============================================
===============================================
              PySCF DHF interface              
===============================================

Timing report
....integral reading:       0.4996049 s

===============================================
            Relativistic CASCI(4,8)            
===============================================
Will now allocate 0.078 MB memory for the CASCI Hamiltonian!
Time taken for 1-RDM build:        0.0099444 s
Time taken for 1-RDM build:        0.0096416 s
Time taken for 1-RDM build:        0.0096142 s
Time taken for 1-RDM build:        0.0096073 s
Time taken for 1-RDM build:        0.0096221 s
Time taken for 1-RDM build:        0.0095518 s
Time taken for 1-RDM build:        0.0096233 s
Time taken for 1-RDM build:        0.0096121 s
Time taken for 1-RDM build:        0.0096188 s
Time taken for 2-RDM build:        0.0358391 s
Time taken for 2-RDM build:        0.0348902 s
Time taken for 2-RDM build:        0.0348382 s
Time taken for 2-RDM build:        0.0348387 s
Time taken for 2-RDM build:        0.0348649 s
Time taken for 2-RDM build:        0.0348909 s
Time taken for 2-RDM build:        0.0348713 s
Time taken for 2-RDM build:        0.0348806 s
Time taken for 2-RDM build:        0.0348513 s
Time taken for 3-RDM build:        0.1603351 s
Time taken for 3-RDM build:        0.1510389 s
Time taken for 3-RDM build:        0.1504271 s
Time taken for 3-RDM build:        0.1501188 s
Time taken for 3-RDM build:        0.1501002 s
Time taken for 3-RDM build:        0.1501827 s
Time taken for 3-RDM build:        0.1519604 s
Time taken for 3-RDM build:        0.1501758 s
Time taken for 3-RDM build:        0.1500685 s
E_frzc:                          -32.3709352 Eh
E_cas:                            -5.3467114 Eh
E_nuc:                             0.0000000 Eh
E_casci:                         -37.7175257 Eh
E0 (from RDM):                   -37.7175257 Eh
Ecorr:                            -0.4429083 Eh

Timing summary
... Hamil build:                    0.0260177 s
... Hamil diag:                     0.0010052 s
... RDM build:                      2.9177747 s
State     Energy / Eh         Splitting / Eh      Splitting / cm-1    Splitting / meV     
0         -3.7717647e+01      +0.0000000e+00      +0.0000000e+00      +0.0000000e+00      
1         -3.7717578e+01      +6.8056777e-05      +1.4936736e+01      +1.8519201e+00      
2         -3.7717578e+01      +1.0789947e-09      +2.3681196e-04      +2.9360955e-05      
3         -3.7717578e+01      +1.2285639e-09      +2.6963861e-04      +3.3430943e-05      
4         -3.7717470e+01      +1.0852195e-04      +2.3817815e+01      +2.9530341e+00      
5         -3.7717470e+01      +3.7324810e-10      +8.1918488e-05      +1.0156603e-05      
6         -3.7717470e+01      +9.5213437e-10      +2.0896934e-04      +2.5908908e-05      
7         -3.7717470e+01      +4.4995119e-10      +9.8752870e-05      +1.2243801e-05      
8         -3.7717470e+01      +5.6218852e-10      +1.2338612e-04      +1.5297936e-05      
Total time taken:                   3.0479672 s
===============================================

===============================================
            Relativistic DSRG-MRPT2            
===============================================
-----------------------------------------------
        DSRG-MRPT2 reference relaxation        
-----------------------------------------------
Iter                          Energy              Delta E   
   -Eref  -37.7175257       
   -Ecorr -0.1009798       
<Psi^(0)|Hbar^(0)|Psi^(0)>    -37.8185056         -3.78185e+01
   -Erelax-0.0000463       
<Psi^(0)|Hbar^(1)|Psi^(0)>    -37.8185519         -4.62823e-05
   -Eref  -37.7174775       
   -Ecorr -0.1011229       
<Psi^(1)|Hbar^(1)|Psi^(1)>    -37.8186004         -4.84919e-05
   -Erelax-0.0000000       
<Psi^(1)|Hbar^(2)|Psi^(1)>    -37.8186004         -7.13833e-10
   -Eref  -37.7174778       
   -Ecorr -0.1011223       
<Psi^(2)|Hbar^(2)|Psi^(2)>    -37.8186002         1.87008e-07
   -Erelax-0.0000000       
<Psi^(2)|Hbar^(3)|Psi^(2)>    -37.8186002         -1.63425e-13
   -Eref  -37.7174778       
   -Ecorr -0.1011223       
<Psi^(3)|Hbar^(3)|Psi^(3)>    -37.8186002         -6.74653e-10
   -Erelax-0.0000000       
<Psi^(3)|Hbar^(4)|Psi^(3)>    -37.8186002         0.00000e+00
Unrelaxed DSRG-MRPT2 energy:               -37.8185056 Eh
Unrelaxed DSRG-MRPT2 E_corr:                -0.1009798 Eh
Partially relaxed DSRG-MRPT2 energy:       -37.8185519 Eh
Partially relaxed DSRG-MRPT2 E_corr:        -0.1010261 Eh
Relaxed DSRG-MRPT2 energy:                 -37.8186004 Eh
Relaxed DSRG-MRPT2 E_corr:                  -0.1011229 Eh
Fully relaxed DSRG-MRPT2 energy:           -37.8186002 Eh
Fully relaxed DSRG-MRPT2 E_corr:            -0.1011223 Eh
State     Energy / Eh         Splitting / Eh      Splitting / cm-1    Splitting / meV     
0         -3.7818740e+01      +0.0000000e+00      +0.0000000e+00      +0.0000000e+00      
1         -3.7818663e+01      +7.6640338e-05      +1.6820610e+01      +2.0854908e+00      
2         -3.7818663e+01      +4.1375614e-10      +9.0808976e-05      +1.1258883e-05      
3         -3.7818663e+01      +4.6835424e-10      +1.0279187e-04      +1.2744574e-05      
4         -3.7818535e+01      +1.2834123e-04      +2.8167643e+01      +3.4923443e+00      
5         -3.7818535e+01      +1.3821477e-10      +3.0334636e-05      +3.7610173e-06      
6         -3.7818535e+01      +3.0393466e-10      +6.6705946e-05      +8.2704872e-06      
7         -3.7818535e+01      +1.9490898e-10      +4.2777576e-05      +5.3037460e-06      
8         -3.7818535e+01      +1.5766233e-10      +3.4602881e-05      +4.2902125e-06      
Time taken:                       20.4235668 s
===============================================
===============================================
              PySCF DHF interface              
===============================================

Timing report
....integral reading:       0.5008130 s

===============================================
            Relativistic CASCI(5,8)            
===============================================
Will now allocate 0.050 MB memory for the CASCI Hamiltonian!
Time taken for 1-RDM build:        0.0057352 s
Time taken for 1-RDM build:        0.0057168 s
Time taken for 1-RDM build:        0.0057096 s
Time taken for 1-RDM build:        0.0057273 s
Time taken for 1-RDM build:        0.0056896 s
Time taken for 1-RDM build:        0.0057130 s
Time taken for 1-RDM build:        0.0057154 s
Time taken for 1-RDM build:        0.0056987 s
Time taken for 1-RDM build:        0.0057063 s
Time taken for 1-RDM build:        0.0057287 s
Time taken for 1-RDM build:        0.0057144 s
Time taken for 1-RDM build:        0.0057116 s
Time taken for 1-RDM build:        0.0057156 s
Time taken for 1-RDM build:        0.0057333 s
Time taken for 2-RDM build:        0.0262735 s
Time taken for 2-RDM build:        0.0255229 s
Time taken for 2-RDM build:        0.0254853 s
Time taken for 2-RDM build:        0.0255253 s
Time taken for 2-RDM build:        0.0254798 s
Time taken for 2-RDM build:        0.0255272 s
Time taken for 2-RDM build:        0.0255172 s
Time taken for 2-RDM build:        0.0255082 s
Time taken for 2-RDM build:        0.0254579 s
Time taken for 2-RDM build:        0.0254683 s
Time taken for 2-RDM build:        0.0255055 s
Time taken for 2-RDM build:        0.0255246 s
Time taken for 2-RDM build:        0.0254614 s
Time taken for 2-RDM build:        0.0255420 s
Time taken for 3-RDM build:        0.1493032 s
Time taken for 3-RDM build:        0.1478071 s
Time taken for 3-RDM build:        0.1478386 s
Time taken for 3-RDM build:        0.1478188 s
Time taken for 3-RDM build:        0.1476378 s
Time taken for 3-RDM build:        0.1482618 s
Time taken for 3-RDM build:        0.1477065 s
Time taken for 3-RDM build:        0.1474526 s
Time taken for 3-RDM build:        0.1479473 s
Time taken for 3-RDM build:        0.1476598 s
Time taken for 3-RDM build:        0.1483207 s
Time taken for 3-RDM build:        0.1478276 s
Time taken for 3-RDM build:        0.1475825 s
Time taken for 3-RDM build:        0.1475790 s
E_frzc:                          -44.7567199 Eh
E_cas:                            -9.6666253 Eh
E_nuc:                             0.0000000 Eh
E_casci:                         -54.3487687 Eh
E0 (from RDM):                   -54.3487687 Eh
Ecorr:                            -0.4454114 Eh

Timing summary
... Hamil build:                    0.0209911 s
... Hamil diag:                     0.0004857 s
... RDM build:                      3.6711886 s
State     Energy / Eh         Splitting / Eh      Splitting / cm-1    Splitting / meV     
0         -5.4423345e+01      +0.0000000e+00      +0.0000000e+00      +0.0000000e+00      
1         -5.4423345e+01      +1.0766144e-09      +2.3628954e-04      +2.9296183e-05      
2         -5.4423345e+01      +1.0765220e-09      +2.3626926e-04      +2.9293669e-05      
3         -5.4423345e+01      +1.0763941e-09      +2.3624119e-04      +2.9290189e-05      
4         -5.4318958e+01      +1.0438692e-01      +2.2910281e+04      +2.8405142e+03      
5         -5.4318958e+01      +1.1012489e-09      +2.4169619e-04      +2.9966522e-05      
6         -5.4318958e+01      +1.1371313e-09      +2.4957147e-04      +3.0942933e-05      
7         -5.4318958e+01      +5.9976912e-10      +1.3163411e-04      +1.6320557e-05      
8         -5.4318958e+01      +1.1947563e-09      +2.6221870e-04      +3.2510990e-05      
9         -5.4318958e+01      +1.3782895e-09      +3.0249957e-04      +3.7505185e-05      
10        -5.4318908e+01      +5.0508872e-05      +1.1085416e+01      +1.3744171e+00      
11        -5.4318908e+01      +3.9502694e-09      +8.6698392e-04      +1.0749236e-04      
12        -5.4318908e+01      +3.0347778e-09      +6.6605673e-04      +8.2580549e-05      
13        -5.4318908e+01      +2.9868943e-09      +6.5554752e-04      +8.1277572e-05      
Total time taken:                   3.7962604 s
===============================================

===============================================
            Relativistic DSRG-MRPT2            
===============================================
-----------------------------------------------
        DSRG-MRPT2 reference relaxation        
-----------------------------------------------
Iter                          Energy              Delta E   
   -Eref  -54.3487687       
   -Ecorr -0.1591103       
<Psi^(0)|Hbar^(0)|Psi^(0)>    -54.5078789         -5.45079e+01
   -Erelax-0.0000000       
<Psi^(0)|Hbar^(1)|Psi^(0)>    -54.5078790         -3.66354e-08
   -Eref  -54.3487686       
   -Ecorr -0.1591104       
<Psi^(1)|Hbar^(1)|Psi^(1)>    -54.5078790         -4.81868e-08
   -Erelax-0.0000000       
<Psi^(1)|Hbar^(2)|Psi^(1)>    -54.5078790         -6.53273e-11
   -Eref  -54.3487686       
   -Ecorr -0.1591104       
<Psi^(2)|Hbar^(2)|Psi^(2)>    -54.5078790         2.05441e-09
   -Erelax-0.0000000       
<Psi^(2)|Hbar^(3)|Psi^(2)>    -54.5078790         -1.49214e-13
Unrelaxed DSRG-MRPT2 energy:               -54.5078789 Eh
Unrelaxed DSRG-MRPT2 E_corr:                -0.1591103 Eh
Partially relaxed DSRG-MRPT2 energy:       -54.5078790 Eh
Partially relaxed DSRG-MRPT2 E_corr:        -0.1591103 Eh
Relaxed DSRG-MRPT2 energy:                 -54.5078790 Eh
Relaxed DSRG-MRPT2 E_corr:                  -0.1591104 Eh
Fully relaxed DSRG-MRPT2 energy:           -54.5078790 Eh
Fully relaxed DSRG-MRPT2 E_corr:            -0.1591104 Eh
State     Energy / Eh         Splitting / Eh      Splitting / cm-1    Splitting / meV     
0         -5.4573838e+01      +0.0000000e+00      +0.0000000e+00      +0.0000000e+00      
1         -5.4573838e+01      +5.9650063e-10      +1.3091675e-04      +1.6231617e-05      
2         -5.4573838e+01      +5.9645799e-10      +1.3090740e-04      +1.6230456e-05      
3         -5.4573838e+01      +5.9641536e-10      +1.3089804e-04      +1.6229296e-05      
4         -5.4481511e+01      +9.2327536e-02      +2.0263552e+04      +2.5123614e+03      
5         -5.4481511e+01      +2.9115199e-10      +6.3900476e-05      +7.9226530e-06      
6         -5.4481511e+01      +2.4293456e-10      +5.3317973e-05      +6.6105893e-06      
7         -5.4481511e+01      +1.5032242e-10      +3.2991958e-05      +4.0904834e-06      
8         -5.4481511e+01      +1.7908519e-10      +3.9304656e-05      +4.8731586e-06      
9         -5.4481511e+01      +2.3537439e-10      +5.1658706e-05      +6.4048663e-06      
10        -5.4481472e+01      +3.8991699e-05      +8.5576888e+00      +1.0610187e+00      
11        -5.4481472e+01      +8.2631857e-10      +1.8135596e-04      +2.2485284e-05      
12        -5.4481472e+01      +5.3174176e-10      +1.1670383e-04      +1.4469437e-05      
13        -5.4481472e+01      +5.2379789e-10      +1.1496035e-04      +1.4253273e-05      
Time taken:                       15.8336072 s
===============================================
===============================================
              PySCF DHF interface              
===============================================

Timing report
....integral reading:       0.5042942 s

===============================================
            Relativistic CASCI(6,8)            
===============================================
Will now allocate 0.013 MB memory for the CASCI Hamiltonian!
Time taken for 1-RDM build:        0.0022259 s
Time taken for 1-RDM build:        0.0022111 s
Time taken for 1-RDM build:        0.0022051 s
Time taken for 1-RDM build:        0.0022004 s
Time taken for 1-RDM build:        0.0021791 s
Time taken for 1-RDM build:        0.0021830 s
Time taken for 1-RDM build:        0.0022092 s
Time taken for 1-RDM build:        0.0022109 s
Time taken for 1-RDM build:        0.0022047 s
Time taken for 2-RDM build:        0.0096922 s
Time taken for 2-RDM build:        0.0086188 s
Time taken for 2-RDM build:        0.0085750 s
Time taken for 2-RDM build:        0.0085900 s
Time taken for 2-RDM build:        0.0085754 s
Time taken for 2-RDM build:        0.0086036 s
Time taken for 2-RDM build:        0.0085783 s
Time taken for 2-RDM build:        0.0086308 s
Time taken for 2-RDM build:        0.0085530 s
Time taken for 3-RDM build:        0.0674427 s
Time taken for 3-RDM build:        0.0657797 s
Time taken for 3-RDM build:        0.0657461 s
Time taken for 3-RDM build:        0.0656910 s
Time taken for 3-RDM build:        0.0658247 s
Time taken for 3-RDM build:        0.0657365 s
Time taken for 3-RDM build:        0.0657904 s
Time taken for 3-RDM build:        0.0658770 s
Time taken for 3-RDM build:        0.0728519 s
E_frzc:                          -59.1480236 Eh
E_cas:                           -15.7034833 Eh
E_nuc:                             0.0000000 Eh
E_casci:                         -74.8511626 Eh
E0 (from RDM):                   -74.8511626 Eh
Ecorr:                            -0.3302227 Eh

Timing summary
... Hamil build:                    0.0086653 s
... Hamil diag:                     0.0002234 s
... RDM build:                      1.8547971 s
State     Energy / Eh         Splitting / Eh      Splitting / cm-1    Splitting / meV     
0         -7.4851507e+01      +0.0000000e+00      +0.0000000e+00      +0.0000000e+00      
1         -7.4851507e+01      +6.1121170e-09      +1.3414546e-03      +1.6631926e-04      
2         -7.4851507e+01      +6.8041430e-09      +1.4933368e-03      +1.8515025e-04      
3         -7.4851507e+01      +7.2887332e-09      +1.5996920e-03      +1.9833663e-04      
4         -7.4851507e+01      +9.8174127e-09      +2.1546730e-03      +2.6714553e-04      
5         -7.4850809e+01      +6.9818897e-04      +1.5323477e+02      +1.8998699e+01      
6         -7.4850809e+01      +7.3982136e-09      +1.6237202e-03      +2.0131574e-04      
7         -7.4850809e+01      +7.5923197e-09      +1.6663215e-03      +2.0659764e-04      
8         -7.4850503e+01      +3.0523771e-04      +6.6991933e+01      +8.3059451e+00      
Total time taken:                   1.9678183 s
===============================================

===============================================
            Relativistic DSRG-MRPT2            
===============================================
-----------------------------------------------
        DSRG-MRPT2 reference relaxation        
-----------------------------------------------
Iter                          Energy              Delta E   
   -Eref  -74.8511626       
   -Ecorr -0.2111839       
<Psi^(0)|Hbar^(0)|Psi^(0)>    -75.0623465         -7.50623e+01
   -Erelax-0.0000000       
<Psi^(0)|Hbar^(1)|Psi^(0)>    -75.0623466         -4.36648e-08
   -Eref  -74.8511626       
   -Ecorr -0.2111839       
<Psi^(1)|Hbar^(1)|Psi^(1)>    -75.0623465         9.20435e-08
   -Erelax-0.0000000       
<Psi^(1)|Hbar^(2)|Psi^(1)>    -75.0623465         -1.44968e-09
   -Eref  -74.8511626       
   -Ecorr -0.2111839       
<Psi^(2)|Hbar^(2)|Psi^(2)>    -75.0623465         -1.50587e-08
   -Erelax-0.0000000       
<Psi^(2)|Hbar^(3)|Psi^(2)>    -75.0623465         -5.30633e-11
   -Eref  -74.8511626       
   -Ecorr -0.2111839       
<Psi^(3)|Hbar^(3)|Psi^(3)>    -75.0623465         2.98196e-09
   -Erelax-0.0000000       
<Psi^(3)|Hbar^(4)|Psi^(3)>    -75.0623465         -1.96110e-12
Unrelaxed DSRG-MRPT2 energy:               -75.0623465 Eh
Unrelaxed DSRG-MRPT2 E_corr:                -0.2111839 Eh
Partially relaxed DSRG-MRPT2 energy:       -75.0623466 Eh
Partially relaxed DSRG-MRPT2 E_corr:        -0.2111839 Eh
Relaxed DSRG-MRPT2 energy:                 -75.0623465 Eh
Relaxed DSRG-MRPT2 E_corr:                  -0.2111839 Eh
Fully relaxed DSRG-MRPT2 energy:           -75.0623465 Eh
Fully relaxed DSRG-MRPT2 E_corr:            -0.2111839 Eh
State     Energy / Eh         Splitting / Eh      Splitting / cm-1    Splitting / meV     
0         -7.5062643e+01      +0.0000000e+00      +0.0000000e+00      +0.0000000e+00      
1         -7.5062643e+01      +3.6651215e-09      +8.0440119e-04      +9.9733085e-05      
2         -7.5062643e+01      +3.0559022e-09      +6.7069300e-04      +8.3155374e-05      
3         -7.5062643e+01      +4.2306141e-09      +9.2851246e-04      +1.1512093e-04      
4         -7.5062643e+01      +5.1043543e-09      +1.1202763e-03      +1.3889662e-04      
5         -7.5062040e+01      +6.0287353e-04      +1.3231544e+02      +1.6405032e+01      
6         -7.5062040e+01      +4.1228816e-09      +9.0486791e-04      +1.1218938e-04      
7         -7.5062040e+01      +3.7781973e-09      +8.2921846e-04      +1.0281003e-04      
8         -7.5061786e+01      +2.5398590e-04      +5.5743461e+01      +6.9113116e+00      
Time taken:                       17.3012288 s
===============================================
===============================================
              PySCF DHF interface              
===============================================

Timing report
....integral reading:       0.4999013 s

===============================================
            Relativistic CASCI(7,8)            
===============================================
Will now allocate 0.001 MB memory for the CASCI Hamiltonian!
Time taken for 1-RDM build:        0.0003815 s
Time taken for 1-RDM build:        0.0003693 s
Time taken for 1-RDM build:        0.0003622 s
Time taken for 1-RDM build:        0.0003603 s
Time taken for 1-RDM build:        0.0003653 s
Time taken for 1-RDM build:        0.0003643 s
Time taken for 2-RDM build:        0.0013123 s
Time taken for 2-RDM build:        0.0012543 s
Time taken for 2-RDM build:        0.0011544 s
Time taken for 2-RDM build:        0.0010052 s
Time taken for 2-RDM build:        0.0010018 s
Time taken for 2-RDM build:        0.0010118 s
Time taken for 3-RDM build:        0.0138586 s
Time taken for 3-RDM build:        0.0123353 s
Time taken for 3-RDM build:        0.0123127 s
Time taken for 3-RDM build:        0.0123098 s
Time taken for 3-RDM build:        0.0123146 s
Time taken for 3-RDM build:        0.0123355 s
E_frzc:                          -75.5478008 Eh
E_cas:                           -23.9325131 Eh
E_nuc:                             0.0000000 Eh
E_casci:                         -99.4797328 Eh
E0 (from RDM):                   -99.4797328 Eh
Ecorr:                            -0.1043819 Eh

Timing summary
... Hamil build:                    0.0018871 s
... Hamil diag:                     0.0001037 s
... RDM build:                      1.2401698 s
State     Energy / Eh         Splitting / Eh      Splitting / cm-1    Splitting / meV     
0         -9.9480314e+01      +0.0000000e+00      +0.0000000e+00      +0.0000000e+00      
1         -9.9480314e+01      +2.4031038e-08      +5.2742033e-03      +6.5391818e-04      
2         -9.9480314e+01      +6.9549486e-09      +1.5264348e-03      +1.8925388e-04      
3         -9.9480314e+01      +2.1663141e-08      +4.7545098e-03      +5.8948436e-04      
4         -9.9478571e+01      +1.7431739e-03      +3.8258245e+02      +4.7434202e+01      
5         -9.9478571e+01      +1.6993980e-08      +3.7297474e-03      +4.6242996e-04      
Total time taken:                   1.3449793 s
===============================================

===============================================
            Relativistic DSRG-MRPT2            
===============================================
-----------------------------------------------
        DSRG-MRPT2 reference relaxation        
-----------------------------------------------
Iter                          Energy              Delta E   
   -Eref  -99.4797328       
   -Ecorr -0.2686716       
<Psi^(0)|Hbar^(0)|Psi^(0)>    -99.7484044         -9.97484e+01
   -Erelax-0.0000000       
<Psi^(0)|Hbar^(1)|Psi^(0)>    -99.7484044         -1.42109e-14
   -Eref  -99.4797328       
   -Ecorr -0.2686716       
<Psi^(1)|Hbar^(1)|Psi^(1)>    -99.7484044         2.84217e-14
   -Erelax0.0000000       
<Psi^(1)|Hbar^(2)|Psi^(1)>    -99.7484044         1.42109e-14
Unrelaxed DSRG-MRPT2 energy:               -99.7484044 Eh
Unrelaxed DSRG-MRPT2 E_corr:                -0.2686716 Eh
Partially relaxed DSRG-MRPT2 energy:       -99.7484044 Eh
Partially relaxed DSRG-MRPT2 E_corr:        -0.2686716 Eh
Relaxed DSRG-MRPT2 energy:                 -99.7484044 Eh
Relaxed DSRG-MRPT2 E_corr:                  -0.2686716 Eh
Fully relaxed DSRG-MRPT2 energy:           -99.7484044 Eh
Fully relaxed DSRG-MRPT2 E_corr:            -0.2686716 Eh
State     Energy / Eh         Splitting / Eh      Splitting / cm-1    Splitting / meV     
0         -9.9748983e+01      +0.0000000e+00      +0.0000000e+00      +0.0000000e+00      
1         -9.9748983e+01      +7.6527726e-09      +1.6795894e-03      +2.0824265e-04      
2         -9.9748983e+01      +5.9762755e-09      +1.3116408e-03      +1.6262282e-04      
3         -9.9748983e+01      +4.7182738e-09      +1.0355414e-03      +1.2839083e-04      
4         -9.9747247e+01      +1.7355226e-03      +3.8090318e+02      +4.7225998e+01      
5         -9.9747247e+01      +7.8735667e-09      +1.7280481e-03      +2.1425076e-04      
Time taken:                        6.3712835 s
===============================================
===============================================
              PySCF DHF interface              
===============================================

Timing report
....integral reading:       1.9364693 s

===============================================
            Relativistic CASCI(3,8)            
===============================================
Will now allocate 0.050 MB memory for the CASCI Hamiltonian!
Time taken for 1-RDM build:        0.0056677 s
Time taken for 1-RDM build:        0.0056791 s
Time taken for 1-RDM build:        0.0056634 s
Time taken for 1-RDM build:        0.0056670 s
Time taken for 1-RDM build:        0.0056868 s
Time taken for 1-RDM build:        0.0056744 s
Time taken for 2-RDM build:        0.0231407 s
Time taken for 2-RDM build:        0.0231400 s
Time taken for 2-RDM build:        0.0230839 s
Time taken for 2-RDM build:        0.0231490 s
Time taken for 2-RDM build:        0.0231593 s
Time taken for 2-RDM build:        0.0231118 s
Time taken for 3-RDM build:        0.0661321 s
Time taken for 3-RDM build:        0.0638733 s
Time taken for 3-RDM build:        0.0638001 s
Time taken for 3-RDM build:        0.0638037 s
Time taken for 3-RDM build:        0.0637941 s
Time taken for 3-RDM build:        0.0638249 s
E_frzc:                         -240.4061812 Eh
E_cas:                            -1.8986420 Eh
E_nuc:                             0.0000000 Eh
E_casci:                        -242.3045291 Eh
E0 (from RDM):                  -242.3045291 Eh
Ecorr:                            -0.1899047 Eh

Timing summary
... Hamil build:                    0.0167356 s
... Hamil diag:                     0.0005186 s
... RDM build:                      3.9110951 s
State     Energy / Eh         Splitting / Eh      Splitting / cm-1    Splitting / meV     
0         -2.4230482e+02      +0.0000000e+00      +0.0000000e+00      +0.0000000e+00      
1         -2.4230482e+02      +1.0992665e-09      +2.4126110e-04      +2.9912578e-05      
2         -2.4230438e+02      +4.4107881e-04      +9.6805609e+01      +1.2002372e+01      
3         -2.4230438e+02      +1.0805650e-09      +2.3715660e-04      +2.9403685e-05      
4         -2.4230438e+02      +8.9775654e-10      +1.9703478e-04      +2.4429211e-05      
5         -2.4230438e+02      +3.6629899e-10      +8.0393336e-05      +9.9675080e-06      
Total time taken:                   4.2483084 s
===============================================

===============================================
            Relativistic DSRG-MRPT2            
===============================================
-----------------------------------------------
        DSRG-MRPT2 reference relaxation        
-----------------------------------------------
Iter                          Energy              Delta E   
   -Eref  -242.3045291       
   -Ecorr -0.1878889       
<Psi^(0)|Hbar^(0)|Psi^(0)>    -242.4924180        -2.42492e+02
   -Erelax-0.0001471       
<Psi^(0)|Hbar^(1)|Psi^(0)>    -242.4925651        -1.47051e-04
   -Eref  -242.3043824       
   -Ecorr -0.1881664       
<Psi^(1)|Hbar^(1)|Psi^(1)>    -242.4925487        1.63276e-05
   -Erelax-0.0000000       
<Psi^(1)|Hbar^(2)|Psi^(1)>    -242.4925487        -3.03856e-10
   -Eref  -242.3043819       
   -Ecorr -0.1881668       
<Psi^(2)|Hbar^(2)|Psi^(2)>    -242.4925487        2.22625e-08
   -Erelax-0.0000000       
<Psi^(2)|Hbar^(3)|Psi^(2)>    -242.4925487        0.00000e+00
   -Eref  -242.3043819       
   -Ecorr -0.1881668       
<Psi^(3)|Hbar^(3)|Psi^(3)>    -242.4925487        2.97575e-11
   -Erelax-0.0000000       
<Psi^(3)|Hbar^(4)|Psi^(3)>    -242.4925487        0.00000e+00
Unrelaxed DSRG-MRPT2 energy:              -242.4924180 Eh
Unrelaxed DSRG-MRPT2 E_corr:                -0.1878889 Eh
Partially relaxed DSRG-MRPT2 energy:      -242.4925651 Eh
Partially relaxed DSRG-MRPT2 E_corr:        -0.1880360 Eh
Relaxed DSRG-MRPT2 energy:                -242.4925487 Eh
Relaxed DSRG-MRPT2 E_corr:                  -0.1881664 Eh
Fully relaxed DSRG-MRPT2 energy:          -242.4925487 Eh
Fully relaxed DSRG-MRPT2 E_corr:            -0.1881668 Eh
State     Energy / Eh         Splitting / Eh      Splitting / cm-1    Splitting / meV     
0         -2.4249287e+02      +0.0000000e+00      +0.0000000e+00      +0.0000000e+00      
1         -2.4249287e+02      +8.5827878e-10      +1.8837042e-04      +2.3354966e-05      
2         -2.4249239e+02      +4.8260457e-04      +1.0591946e+02      +1.3132346e+01      
3         -2.4249239e+02      +8.3051077e-10      +1.8227604e-04      +2.2599360e-05      
4         -2.4249239e+02      +6.6600592e-10      +1.4617140e-04      +1.8122953e-05      
5         -2.4249239e+02      +2.9376679e-10      +6.4474357e-05      +7.9938053e-06      
Time taken:                       71.2913220 s
===============================================
===============================================
              PySCF DHF interface              
===============================================

Timing report
....integral reading:       1.9305363 s

===============================================
            Relativistic CASCI(4,8)            
===============================================
Will now allocate 0.078 MB memory for the CASCI Hamiltonian!
Time taken for 1-RDM build:        0.0098937 s
Time taken for 1-RDM build:        0.0096436 s
Time taken for 1-RDM build:        0.0095954 s
Time taken for 1-RDM build:        0.0095923 s
Time taken for 1-RDM build:        0.0095673 s
Time taken for 1-RDM build:        0.0095897 s
Time taken for 1-RDM build:        0.0095816 s
Time taken for 1-RDM build:        0.0095935 s
Time taken for 1-RDM build:        0.0095804 s
Time taken for 2-RDM build:        0.0349536 s
Time taken for 2-RDM build:        0.0348032 s
Time taken for 2-RDM build:        0.0348961 s
Time taken for 2-RDM build:        0.0348408 s
Time taken for 2-RDM build:        0.0348256 s
Time taken for 2-RDM build:        0.0348046 s
Time taken for 2-RDM build:        0.0348411 s
Time taken for 2-RDM build:        0.0347817 s
Time taken for 2-RDM build:        0.0347753 s
Time taken for 3-RDM build:        0.1517735 s
Time taken for 3-RDM build:        0.1505268 s
Time taken for 3-RDM build:        0.1503770 s
Time taken for 3-RDM build:        0.1503513 s
Time taken for 3-RDM build:        0.1503775 s
Time taken for 3-RDM build:        0.1503947 s
Time taken for 3-RDM build:        0.1502945 s
Time taken for 3-RDM build:        0.1502502 s
Time taken for 3-RDM build:        0.1503470 s
E_frzc:                         -285.7423197 Eh
E_cas:                            -3.6921024 Eh
E_nuc:                             0.0000000 Eh
E_casci:                        -289.4337768 Eh
E0 (from RDM):                  -289.4337768 Eh
Ecorr:                            -0.2329780 Eh

Timing summary
... Hamil build:                    0.0263209 s
... Hamil diag:                     0.0010903 s
... RDM build:                      5.1042404 s
State     Energy / Eh         Splitting / Eh      Splitting / cm-1    Splitting / meV     
0         -2.8943442e+02      +0.0000000e+00      +0.0000000e+00      +0.0000000e+00      
1         -2.8943409e+02      +3.3211201e-04      +7.2890160e+01      +9.0372324e+00      
2         -2.8943409e+02      +8.1735152e-10      +1.7938792e-04      +2.2241278e-05      
3         -2.8943409e+02      +8.9210062e-10      +1.9579345e-04      +2.4275306e-05      
4         -2.8943346e+02      +6.3005266e-04      +1.3828057e+02      +1.7144614e+01      
5         -2.8943346e+02      +2.5920599e-10      +5.6889139e-05      +7.0533576e-06      
6         -2.8943346e+02      +7.8654239e-10      +1.7262610e-04      +2.1402919e-05      
7         -2.8943346e+02      +6.1896799e-10      +1.3584777e-04      +1.6842985e-05      
8         -2.8943346e+02      +4.2439297e-10      +9.3143489e-05      +1.1548326e-05      
Total time taken:                   5.4523954 s
===============================================

===============================================
            Relativistic DSRG-MRPT2            
===============================================
-----------------------------------------------
        DSRG-MRPT2 reference relaxation        
-----------------------------------------------
Iter                          Energy              Delta E   
   -Eref  -289.4337768       
   -Ecorr -0.2069389       
<Psi^(0)|Hbar^(0)|Psi^(0)>    -289.6407157        -2.89641e+02
   -Erelax-0.0000854       
<Psi^(0)|Hbar^(1)|Psi^(0)>    -289.6408011        -8.53622e-05
   -Eref  -289.4336918       
   -Ecorr -0.2071242       
<Psi^(1)|Hbar^(1)|Psi^(1)>    -289.6408160        -1.49104e-05
   -Erelax-0.0000000       
<Psi^(1)|Hbar^(2)|Psi^(1)>    -289.6408160        -7.53744e-11
   -Eref  -289.4336918       
   -Ecorr -0.2071242       
<Psi^(2)|Hbar^(2)|Psi^(2)>    -289.6408160        5.25500e-09
   -Erelax-0.0000000       
<Psi^(2)|Hbar^(3)|Psi^(2)>    -289.6408160        -5.68434e-14
Unrelaxed DSRG-MRPT2 energy:              -289.6407157 Eh
Unrelaxed DSRG-MRPT2 E_corr:                -0.2069389 Eh
Partially relaxed DSRG-MRPT2 energy:      -289.6408011 Eh
Partially relaxed DSRG-MRPT2 E_corr:        -0.2070243 Eh
Relaxed DSRG-MRPT2 energy:                -289.6408160 Eh
Relaxed DSRG-MRPT2 E_corr:                  -0.2071242 Eh
Fully relaxed DSRG-MRPT2 energy:          -289.6408160 Eh
Fully relaxed DSRG-MRPT2 E_corr:            -0.2071242 Eh
State     Energy / Eh         Splitting / Eh      Splitting / cm-1    Splitting / meV     
0         -2.8964151e+02      +0.0000000e+00      +0.0000000e+00      +0.0000000e+00      
1         -2.8964115e+02      +3.5812472e-04      +7.8599291e+01      +9.7450747e+00      
2         -2.8964115e+02      +5.7849547e-10      +1.2696508e-04      +1.5741671e-05      
3         -2.8964115e+02      +6.0549610e-10      +1.3289103e-04      +1.6476396e-05      
4         -2.8964048e+02      +6.7722193e-04      +1.4863303e+02      +1.8428156e+01      
5         -2.8964048e+02      +2.1492497e-10      +4.7170578e-05      +5.8484090e-06      
6         -2.8964048e+02      +5.3057647e-10      +1.1644807e-04      +1.4437728e-05      
7         -2.8964048e+02      +4.7350568e-10      +1.0392248e-04      +1.2884752e-05      
8         -2.8964048e+02      +2.7324631e-10      +5.9970634e-05      +7.4354145e-06      
Time taken:                       53.4117582 s
===============================================
===============================================
              PySCF DHF interface              
===============================================

Timing report
....integral reading:       1.9325590 s

===============================================
            Relativistic CASCI(5,8)            
===============================================
Will now allocate 0.050 MB memory for the CASCI Hamiltonian!
Time taken for 1-RDM build:        0.0057118 s
Time taken for 1-RDM build:        0.0057073 s
Time taken for 1-RDM build:        0.0057240 s
Time taken for 1-RDM build:        0.0057034 s
Time taken for 1-RDM build:        0.0057096 s
Time taken for 1-RDM build:        0.0057340 s
Time taken for 1-RDM build:        0.0056992 s
Time taken for 1-RDM build:        0.0056982 s
Time taken for 1-RDM build:        0.0056970 s
Time taken for 1-RDM build:        0.0056701 s
Time taken for 1-RDM build:        0.0056858 s
Time taken for 1-RDM build:        0.0057170 s
Time taken for 1-RDM build:        0.0057011 s
Time taken for 1-RDM build:        0.0057435 s
Time taken for 2-RDM build:        0.0254781 s
Time taken for 2-RDM build:        0.0254171 s
Time taken for 2-RDM build:        0.0254538 s
Time taken for 2-RDM build:        0.0253878 s
Time taken for 2-RDM build:        0.0254791 s
Time taken for 2-RDM build:        0.0254722 s
Time taken for 2-RDM build:        0.0254483 s
Time taken for 2-RDM build:        0.0254161 s
Time taken for 2-RDM build:        0.0254161 s
Time taken for 2-RDM build:        0.0254390 s
Time taken for 2-RDM build:        0.0254307 s
Time taken for 2-RDM build:        0.0254407 s
Time taken for 2-RDM build:        0.0254664 s
Time taken for 2-RDM build:        0.0253987 s
Time taken for 3-RDM build:        0.1505845 s
Time taken for 3-RDM build:        0.1480491 s
Time taken for 3-RDM build:        0.1481552 s
Time taken for 3-RDM build:        0.1481402 s
Time taken for 3-RDM build:        0.1479967 s
Time taken for 3-RDM build:        0.1479464 s
Time taken for 3-RDM build:        0.1478941 s
Time taken for 3-RDM build:        0.1479931 s
Time taken for 3-RDM build:        0.1477752 s
Time taken for 3-RDM build:        0.1478777 s
Time taken for 3-RDM build:        0.1478505 s
Time taken for 3-RDM build:        0.1478503 s
Time taken for 3-RDM build:        0.1485090 s
Time taken for 3-RDM build:        0.1482539 s
E_frzc:                         -335.1272672 Eh
E_cas:                            -6.3636403 Eh
E_nuc:                             0.0000000 Eh
E_casci:                        -341.4410664 Eh
E0 (from RDM):                  -341.4410664 Eh
Ecorr:                            -0.2138107 Eh

Timing summary
... Hamil build:                    0.0211961 s
... Hamil diag:                     0.0005596 s
... RDM build:                      5.8615723 s
State     Energy / Eh         Splitting / Eh      Splitting / cm-1    Splitting / meV     
0         -3.4149091e+02      +0.0000000e+00      +0.0000000e+00      +0.0000000e+00      
1         -3.4149091e+02      +3.2849812e-10      +7.2097003e-05      +8.9388933e-06      
2         -3.4149091e+02      +3.2838443e-10      +7.2072051e-05      +8.9357998e-06      
3         -3.4149091e+02      +3.2798653e-10      +7.1984722e-05      +8.9249722e-06      
4         -3.4142117e+02      +6.9735531e-02      +1.5305180e+04      +1.8976014e+03      
5         -3.4142117e+02      +1.5667183e-09      +3.4385492e-04      +4.2632597e-05      
6         -3.4142117e+02      +1.3034196e-09      +2.8606753e-04      +3.5467871e-05      
7         -3.4142117e+02      +1.7383286e-09      +3.8151902e-04      +4.7302353e-05      
8         -3.4142110e+02      +6.9890622e-05      +1.5339218e+01      +1.9018216e+00      
9         -3.4142110e+02      +9.2740038e-10      +2.0354085e-04      +2.5235862e-05      
10        -3.4142110e+02      +9.6150643e-10      +2.1102627e-04      +2.6163935e-05      
11        -3.4142110e+02      +7.5050366e-10      +1.6471651e-04      +2.0422255e-05      
12        -3.4142110e+02      +9.6383701e-10      +2.1153777e-04      +2.6227353e-05      
13        -3.4142110e+02      +1.9558115e-09      +4.2925101e-04      +5.3220367e-05      
Total time taken:                   6.2046900 s
===============================================

===============================================
            Relativistic DSRG-MRPT2            
===============================================
-----------------------------------------------
        DSRG-MRPT2 reference relaxation        
-----------------------------------------------
Iter                          Energy              Delta E   
   -Eref  -341.4410664       
   -Ecorr -0.2425896       
<Psi^(0)|Hbar^(0)|Psi^(0)>    -341.6836560        -3.41684e+02
   -Erelax-0.0000004       
<Psi^(0)|Hbar^(1)|Psi^(0)>    -341.6836564        -3.75402e-07
   -Eref  -341.4410661       
   -Ecorr -0.2425904       
<Psi^(1)|Hbar^(1)|Psi^(1)>    -341.6836565        -1.35105e-07
   -Erelax-0.0000000       
<Psi^(1)|Hbar^(2)|Psi^(1)>    -341.6836565        -6.59384e-12
   -Eref  -341.4410661       
   -Ecorr -0.2425904       
<Psi^(2)|Hbar^(2)|Psi^(2)>    -341.6836565        4.73563e-10
   -Erelax0.0000000       
<Psi^(2)|Hbar^(3)|Psi^(2)>    -341.6836565        0.00000e+00
Unrelaxed DSRG-MRPT2 energy:              -341.6836560 Eh
Unrelaxed DSRG-MRPT2 E_corr:                -0.2425896 Eh
Partially relaxed DSRG-MRPT2 energy:      -341.6836564 Eh
Partially relaxed DSRG-MRPT2 E_corr:        -0.2425900 Eh
Relaxed DSRG-MRPT2 energy:                -341.6836565 Eh
Relaxed DSRG-MRPT2 E_corr:                  -0.2425904 Eh
Fully relaxed DSRG-MRPT2 energy:          -341.6836565 Eh
Fully relaxed DSRG-MRPT2 E_corr:            -0.2425904 Eh
State     Energy / Eh         Splitting / Eh      Splitting / cm-1    Splitting / meV     
0         -3.4172748e+02      +0.0000000e+00      +0.0000000e+00      +0.0000000e+00      
1         -3.4172748e+02      +2.4448354e-10      +5.3657935e-05      +6.6527393e-06      
2         -3.4172748e+02      +2.4419933e-10      +5.3595557e-05      +6.6450053e-06      
3         -3.4172748e+02      +2.4436986e-10      +5.3632984e-05      +6.6496457e-06      
4         -3.4166617e+02      +6.1314765e-02      +1.3457035e+04      +1.6684605e+03      
5         -3.4166617e+02      +8.6146201e-10      +1.8906906e-04      +2.3441587e-05      
6         -3.4166617e+02      +7.0826900e-10      +1.5544708e-04      +1.9272990e-05      
7         -3.4166617e+02      +9.4757979e-10      +2.0796972e-04      +2.5784972e-05      
8         -3.4166610e+02      +6.3766058e-05      +1.3995032e+01      +1.7351636e+00      
9         -3.4166610e+02      +4.7640469e-10      +1.0455874e-04      +1.2963638e-05      
10        -3.4166610e+02      +4.4383341e-10      +9.7410174e-05      +1.2077328e-05      
11        -3.4166610e+02      +4.4383341e-10      +9.7410174e-05      +1.2077328e-05      
12        -3.4166610e+02      +5.2477844e-10      +1.1517555e-04      +1.4279956e-05      
13        -3.4166610e+02      +9.0597041e-10      +1.9883752e-04      +2.4652722e-05      
Time taken:                       54.9017563 s
===============================================
===============================================
              PySCF DHF interface              
===============================================

Timing report
....integral reading:       1.9311385 s

===============================================
            Relativistic CASCI(6,8)            
===============================================
Will now allocate 0.013 MB memory for the CASCI Hamiltonian!
Time taken for 1-RDM build:        0.0022383 s
Time taken for 1-RDM build:        0.0022089 s
Time taken for 1-RDM build:        0.0022094 s
Time taken for 1-RDM build:        0.0022068 s
Time taken for 1-RDM build:        0.0022061 s
Time taken for 1-RDM build:        0.0022049 s
Time taken for 1-RDM build:        0.0022047 s
Time taken for 1-RDM build:        0.0021985 s
Time taken for 1-RDM build:        0.0022118 s
Time taken for 2-RDM build:        0.0086455 s
Time taken for 2-RDM build:        0.0085847 s
Time taken for 2-RDM build:        0.0085678 s
Time taken for 2-RDM build:        0.0085967 s
Time taken for 2-RDM build:        0.0085862 s
Time taken for 2-RDM build:        0.0085633 s
Time taken for 2-RDM build:        0.0085902 s
Time taken for 2-RDM build:        0.0085850 s
Time taken for 2-RDM build:        0.0085750 s
Time taken for 3-RDM build:        0.0674944 s
Time taken for 3-RDM build:        0.0656564 s
Time taken for 3-RDM build:        0.0657649 s
Time taken for 3-RDM build:        0.0658081 s
Time taken for 3-RDM build:        0.0657945 s
Time taken for 3-RDM build:        0.0656824 s
Time taken for 3-RDM build:        0.0658157 s
Time taken for 3-RDM build:        0.0657849 s
Time taken for 3-RDM build:        0.0657363 s
E_frzc:                         -388.5675376 Eh
E_cas:                            -9.9659359 Eh
E_nuc:                             0.0000000 Eh
E_casci:                        -398.5325748 Eh
E0 (from RDM):                  -398.5325748 Eh
Ecorr:                            -0.1603097 Eh

Timing summary
... Hamil build:                    0.0086529 s
... Hamil diag:                     0.0002334 s
... RDM build:                      4.0350969 s
State     Energy / Eh         Splitting / Eh      Splitting / cm-1    Splitting / meV     
0         -3.9853347e+02      +0.0000000e+00      +0.0000000e+00      +0.0000000e+00      
1         -3.9853347e+02      +5.6296585e-09      +1.2355672e-03      +1.5319088e-04      
2         -3.9853347e+02      +5.9783360e-09      +1.3120931e-03      +1.6267889e-04      
3         -3.9853347e+02      +5.6479053e-09      +1.2395719e-03      +1.5368740e-04      
4         -3.9853347e+02      +5.6580234e-09      +1.2417926e-03      +1.5396273e-04      
5         -3.9853166e+02      +1.8163270e-03      +3.9863770e+02      +4.9424800e+01      
6         -3.9853166e+02      +3.5533390e-09      +7.7986775e-04      +9.6691324e-05      
7         -3.9853166e+02      +3.5755079e-09      +7.8473327e-04      +9.7294572e-05      
8         -3.9853083e+02      +8.2294816e-04      +1.8061624e+02      +2.2393571e+01      
Total time taken:                   4.3628869 s
===============================================

===============================================
            Relativistic DSRG-MRPT2            
===============================================
-----------------------------------------------
        DSRG-MRPT2 reference relaxation        
-----------------------------------------------
Iter                          Energy              Delta E   
   -Eref  -398.5325748       
   -Ecorr -0.2823898       
<Psi^(0)|Hbar^(0)|Psi^(0)>    -398.8149647        -3.98815e+02
   -Erelax-0.0000002       
<Psi^(0)|Hbar^(1)|Psi^(0)>    -398.8149649        -1.94937e-07
   -Eref  -398.5325746       
   -Ecorr -0.2823904       
<Psi^(1)|Hbar^(1)|Psi^(1)>    -398.8149650        -1.03824e-07
   -Erelax-0.0000000       
<Psi^(1)|Hbar^(2)|Psi^(1)>    -398.8149650        -2.43801e-10
   -Eref  -398.5325746       
   -Ecorr -0.2823903       
<Psi^(2)|Hbar^(2)|Psi^(2)>    -398.8149650        4.18783e-09
   -Erelax-0.0000000       
<Psi^(2)|Hbar^(3)|Psi^(2)>    -398.8149650        -6.82121e-13
Unrelaxed DSRG-MRPT2 energy:              -398.8149647 Eh
Unrelaxed DSRG-MRPT2 E_corr:                -0.2823898 Eh
Partially relaxed DSRG-MRPT2 energy:      -398.8149649 Eh
Partially relaxed DSRG-MRPT2 E_corr:        -0.2823900 Eh
Relaxed DSRG-MRPT2 energy:                -398.8149650 Eh
Relaxed DSRG-MRPT2 E_corr:                  -0.2823904 Eh
Fully relaxed DSRG-MRPT2 energy:          -398.8149650 Eh
Fully relaxed DSRG-MRPT2 E_corr:            -0.2823903 Eh
State     Energy / Eh         Splitting / Eh      Splitting / cm-1    Splitting / meV     
0         -3.9881585e+02      +0.0000000e+00      +0.0000000e+00      +0.0000000e+00      
1         -3.9881585e+02      +2.5732447e-09      +5.6476193e-04      +7.0021589e-05      
2         -3.9881585e+02      +2.3130724e-09      +5.0766071e-04      +6.2941936e-05      
3         -3.9881585e+02      +2.1777282e-09      +4.7795610e-04      +5.9259032e-05      
4         -3.9881585e+02      +2.4312499e-09      +5.3359767e-04      +6.6157710e-05      
5         -3.9881406e+02      +1.7889264e-03      +3.9262396e+02      +4.8679190e+01      
6         -3.9881406e+02      +1.2431656e-09      +2.7284330e-04      +3.3828274e-05      
7         -3.9881406e+02      +1.3588988e-09      +2.9824381e-04      +3.6977537e-05      
8         -3.9881325e+02      +8.1153896e-04      +1.7811221e+02      +2.2083110e+01      
Time taken:                       51.2909968 s
===============================================
===============================================
              PySCF DHF interface              
===============================================

Timing report
....integral reading:       1.9307711 s

===============================================
            Relativistic CASCI(7,8)            
===============================================
Will now allocate 0.001 MB memory for the CASCI Hamiltonian!
Time taken for 1-RDM build:        0.0003810 s
Time taken for 1-RDM build:        0.0003700 s
Time taken for 1-RDM build:        0.0003672 s
Time taken for 1-RDM build:        0.0003686 s
Time taken for 1-RDM build:        0.0003645 s
Time taken for 1-RDM build:        0.0003655 s
Time taken for 2-RDM build:        0.0010645 s
Time taken for 2-RDM build:        0.0010061 s
Time taken for 2-RDM build:        0.0010054 s
Time taken for 2-RDM build:        0.0010037 s
Time taken for 2-RDM build:        0.0010018 s
Time taken for 2-RDM build:        0.0009961 s
Time taken for 3-RDM build:        0.0144007 s
Time taken for 3-RDM build:        0.0124481 s
Time taken for 3-RDM build:        0.0124066 s
Time taken for 3-RDM build:        0.0123756 s
Time taken for 3-RDM build:        0.0123804 s
Time taken for 3-RDM build:        0.0124419 s
E_frzc:                         -446.0682972 Eh
E_cas:                           -14.7582517 Eh
E_nuc:                             0.0000000 Eh
E_casci:                        -460.8252020 Eh
E0 (from RDM):                  -460.8252020 Eh
Ecorr:                             0.0013470 Eh

Timing summary
... Hamil build:                    0.0018859 s
... Hamil diag:                     0.0001113 s
... RDM build:                      3.4324946 s
State     Energy / Eh         Splitting / Eh      Splitting / cm-1    Splitting / meV     
0         -4.6082655e+02      +0.0000000e+00      +0.0000000e+00      +0.0000000e+00      
1         -4.6082655e+02      +1.2022326e-08      +2.6385956e-03      +3.2714432e-04      
2         -4.6082655e+02      +5.7600573e-09      +1.2641864e-03      +1.5673922e-04      
3         -4.6082655e+02      +1.1622035e-08      +2.5507418e-03      +3.1625183e-04      
4         -4.6082251e+02      +4.0408198e-03      +8.8685742e+02      +1.0995636e+02      
5         -4.6082251e+02      +2.0031848e-08      +4.3964825e-03      +5.4509461e-04      
Total time taken:                   3.7546260 s
===============================================

===============================================
            Relativistic DSRG-MRPT2            
===============================================
-----------------------------------------------
        DSRG-MRPT2 reference relaxation        
-----------------------------------------------
Iter                          Energy              Delta E   
   -Eref  -460.8252020       
   -Ecorr -0.3319754       
<Psi^(0)|Hbar^(0)|Psi^(0)>    -461.1571773        -4.61157e+02
   -Erelax0.0000000       
<Psi^(0)|Hbar^(1)|Psi^(0)>    -461.1571773        0.00000e+00
   -Eref  -460.8252020       
   -Ecorr -0.3319754       
<Psi^(1)|Hbar^(1)|Psi^(1)>    -461.1571773        -1.70530e-13
   -Erelax0.0000000       
<Psi^(1)|Hbar^(2)|Psi^(1)>    -461.1571773        0.00000e+00
Unrelaxed DSRG-MRPT2 energy:              -461.1571773 Eh
Unrelaxed DSRG-MRPT2 E_corr:                -0.3319754 Eh
Partially relaxed DSRG-MRPT2 energy:      -461.1571773 Eh
Partially relaxed DSRG-MRPT2 E_corr:        -0.3319754 Eh
Relaxed DSRG-MRPT2 energy:                -461.1571773 Eh
Relaxed DSRG-MRPT2 E_corr:                  -0.3319754 Eh
Fully relaxed DSRG-MRPT2 energy:          -461.1571773 Eh
Fully relaxed DSRG-MRPT2 E_corr:            -0.3319754 Eh
State     Energy / Eh         Splitting / Eh      Splitting / cm-1    Splitting / meV     
0         -4.6115854e+02      +0.0000000e+00      +0.0000000e+00      +0.0000000e+00      
1         -4.6115854e+02      +4.1794124e-09      +9.1727498e-04      +1.1372766e-04      
2         -4.6115854e+02      +2.8510954e-09      +6.2574310e-04      +7.7582293e-05      
3         -4.6115854e+02      +3.9383963e-09      +8.6437807e-04      +1.0716927e-04      
4         -4.6115444e+02      +4.1009477e-03      +9.0005399e+02      +1.1159253e+02      
5         -4.6115444e+02      +7.3553110e-09      +1.6143042e-03      +2.0014830e-04      
Time taken:                       30.2377772 s
===============================================
===============================================
              PySCF DHF interface              
===============================================

Timing report
....integral reading:      24.6171529 s

===============================================
            Relativistic CASCI(3,8)            
===============================================
Will now allocate 0.050 MB memory for the CASCI Hamiltonian!
Time taken for 1-RDM build:        0.0056851 s
Time taken for 1-RDM build:        0.0056572 s
Time taken for 1-RDM build:        0.0056460 s
Time taken for 1-RDM build:        0.0056407 s
Time taken for 1-RDM build:        0.0056603 s
Time taken for 1-RDM build:        0.0056434 s
Time taken for 2-RDM build:        0.0232127 s
Time taken for 2-RDM build:        0.0232241 s
Time taken for 2-RDM build:        0.0232589 s
Time taken for 2-RDM build:        0.0231688 s
Time taken for 2-RDM build:        0.0231516 s
Time taken for 2-RDM build:        0.0232296 s
Time taken for 3-RDM build:        0.0653393 s
Time taken for 3-RDM build:        0.0643601 s
Time taken for 3-RDM build:        0.0643122 s
Time taken for 3-RDM build:        0.0642998 s
Time taken for 3-RDM build:        0.0642660 s
Time taken for 3-RDM build:        0.0642691 s
E_frzc:                        -1939.7138290 Eh
E_cas:                            -2.0100161 Eh
E_nuc:                             0.0000000 Eh
E_casci:                       -1941.7217616 Eh
E0 (from RDM):                 -1941.7217616 Eh
Ecorr:                            -0.1944870 Eh

Timing summary
... Hamil build:                    0.0169156 s
... Hamil diag:                     0.0005612 s
... RDM build:                     47.8720279 s
State     Energy / Eh         Splitting / Eh      Splitting / cm-1    Splitting / meV     
0         -1.9417238e+03      +0.0000000e+00      +0.0000000e+00      +0.0000000e+00      
1         -1.9417238e+03      +1.0702479e-09      +2.3489226e-04      +2.9122942e-05      
2         -1.9417207e+03      +3.1252750e-03      +6.8591858e+02      +8.5043106e+01      
3         -1.9417207e+03      +1.1004886e-09      +2.4152933e-04      +2.9945834e-05      
4         -1.9417207e+03      +9.5178621e-10      +2.0889293e-04      +2.5899434e-05      
5         -1.9417207e+03      +6.4619599e-10      +1.4182362e-04      +1.7583897e-05      
Total time taken:                  51.5269988 s
===============================================

===============================================
            Relativistic DSRG-MRPT2            
===============================================
-----------------------------------------------
        DSRG-MRPT2 reference relaxation        
-----------------------------------------------
Iter                          Energy              Delta E   
   -Eref  -1941.7217616       
   -Ecorr -0.9397062       
<Psi^(0)|Hbar^(0)|Psi^(0)>    -1942.6614678       -1.94266e+03
   -Erelax-0.0002009       
<Psi^(0)|Hbar^(1)|Psi^(0)>    -1942.6616687       -2.00927e-04
   -Eref  -1941.7215621       
   -Ecorr -0.9400977       
<Psi^(1)|Hbar^(1)|Psi^(1)>    -1942.6616598       8.94127e-06
   -Erelax-0.0000000       
<Psi^(1)|Hbar^(2)|Psi^(1)>    -1942.6616598       -2.75122e-11
   -Eref  -1941.7215620       
   -Ecorr -0.9400978       
<Psi^(2)|Hbar^(2)|Psi^(2)>    -1942.6616598       2.89720e-09
   -Erelax-0.0000000       
<Psi^(2)|Hbar^(3)|Psi^(2)>    -1942.6616598       0.00000e+00
Unrelaxed DSRG-MRPT2 energy:             -1942.6614678 Eh
Unrelaxed DSRG-MRPT2 E_corr:                -0.9397062 Eh
Partially relaxed DSRG-MRPT2 energy:     -1942.6616687 Eh
Partially relaxed DSRG-MRPT2 E_corr:        -0.9399071 Eh
Relaxed DSRG-MRPT2 energy:               -1942.6616598 Eh
Relaxed DSRG-MRPT2 E_corr:                  -0.9400977 Eh
Fully relaxed DSRG-MRPT2 energy:         -1942.6616598 Eh
Fully relaxed DSRG-MRPT2 E_corr:            -0.9400978 Eh
State     Energy / Eh         Splitting / Eh      Splitting / cm-1    Splitting / meV     
0         -1.9426640e+03      +0.0000000e+00      +0.0000000e+00      +0.0000000e+00      
1         -1.9426640e+03      +7.2918738e-10      +1.6003813e-04      +1.9842209e-05      
2         -1.9426605e+03      +3.5232277e-03      +7.7325910e+02      +9.5871955e+01      
3         -1.9426605e+03      +7.3646333e-10      +1.6163502e-04      +2.0040198e-05      
4         -1.9426605e+03      +6.4073902e-10      +1.4062596e-04      +1.7435405e-05      
5         -1.9426605e+03      +4.5338311e-10      +9.9506090e-05      +1.2337189e-05      
Time taken:                      682.0356085 s
===============================================
===============================================
              PySCF DHF interface              
===============================================

Timing report
....integral reading:      24.3526595 s

===============================================
            Relativistic CASCI(4,8)            
===============================================
Will now allocate 0.078 MB memory for the CASCI Hamiltonian!
Time taken for 1-RDM build:        0.0099449 s
Time taken for 1-RDM build:        0.0095778 s
Time taken for 1-RDM build:        0.0096326 s
Time taken for 1-RDM build:        0.0096397 s
Time taken for 1-RDM build:        0.0096302 s
Time taken for 1-RDM build:        0.0096128 s
Time taken for 1-RDM build:        0.0096219 s
Time taken for 1-RDM build:        0.0096025 s
Time taken for 1-RDM build:        0.0096314 s
Time taken for 2-RDM build:        0.0347903 s
Time taken for 2-RDM build:        0.0348465 s
Time taken for 2-RDM build:        0.0347903 s
Time taken for 2-RDM build:        0.0348556 s
Time taken for 2-RDM build:        0.0347152 s
Time taken for 2-RDM build:        0.0349214 s
Time taken for 2-RDM build:        0.0347784 s
Time taken for 2-RDM build:        0.0348301 s
Time taken for 2-RDM build:        0.0347514 s
Time taken for 3-RDM build:        0.1525092 s
Time taken for 3-RDM build:        0.1510222 s
Time taken for 3-RDM build:        0.1513386 s
Time taken for 3-RDM build:        0.1513536 s
Time taken for 3-RDM build:        0.1515877 s
Time taken for 3-RDM build:        0.1510441 s
Time taken for 3-RDM build:        0.1513262 s
Time taken for 3-RDM build:        0.1510043 s
Time taken for 3-RDM build:        0.1512160 s
E_frzc:                        -2092.8592106 Eh
E_cas:                            -3.6862998 Eh
E_nuc:                             0.0000000 Eh
E_casci:                       -2096.5413860 Eh
E0 (from RDM):                 -2096.5413860 Eh
Ecorr:                            -0.2153364 Eh

Timing summary
... Hamil build:                    0.0263646 s
... Hamil diag:                     0.0011094 s
... RDM build:                     49.0360019 s
State     Energy / Eh         Splitting / Eh      Splitting / cm-1    Splitting / meV     
0         -2.0965455e+03      +0.0000000e+00      +0.0000000e+00      +0.0000000e+00      
1         -2.0965432e+03      +2.3344184e-03      +5.1234561e+02      +6.3522789e+01      
2         -2.0965432e+03      +6.4164851e-10      +1.4082557e-04      +1.7460154e-05      
3         -2.0965432e+03      +5.3205440e-10      +1.1677244e-04      +1.4477945e-05      
4         -2.0965395e+03      +3.6890520e-03      +8.0965333e+02      +1.0038427e+02      
5         -2.0965395e+03      +9.3723429e-10      +2.0569915e-04      +2.5503456e-05      
6         -2.0965395e+03      +1.0586518e-09      +2.3234722e-04      +2.8807397e-05      
7         -2.0965395e+03      +1.1709744e-09      +2.5699918e-04      +3.1863852e-05      
8         -2.0965395e+03      +1.0372787e-09      +2.2765636e-04      +2.8225805e-05      
Total time taken:                  52.7173226 s
===============================================

===============================================
            Relativistic DSRG-MRPT2            
===============================================
-----------------------------------------------
        DSRG-MRPT2 reference relaxation        
-----------------------------------------------
Iter                          Energy              Delta E   
   -Eref  -2096.5413860       
   -Ecorr -0.9320176       
<Psi^(0)|Hbar^(0)|Psi^(0)>    -2097.4734036       -2.09747e+03
   -Erelax-0.0000894       
<Psi^(0)|Hbar^(1)|Psi^(0)>    -2097.4734929       -8.93509e-05
   -Eref  -2096.5412964       
   -Ecorr -0.9322112       
<Psi^(1)|Hbar^(1)|Psi^(1)>    -2097.4735075       -1.45887e-05
   -Erelax-0.0000000       
<Psi^(1)|Hbar^(2)|Psi^(1)>    -2097.4735075       -1.00363e-09
   -Eref  -2096.5412963       
   -Ecorr -0.9322112       
<Psi^(2)|Hbar^(2)|Psi^(2)>    -2097.4735075       1.22377e-08
   -Erelax-0.0000000       
<Psi^(2)|Hbar^(3)|Psi^(2)>    -2097.4735075       0.00000e+00
   -Eref  -2096.5412963       
   -Ecorr -0.9322112       
<Psi^(3)|Hbar^(3)|Psi^(3)>    -2097.4735075       8.00355e-11
   -Erelax0.0000000       
<Psi^(3)|Hbar^(4)|Psi^(3)>    -2097.4735075       0.00000e+00
Unrelaxed DSRG-MRPT2 energy:             -2097.4734036 Eh
Unrelaxed DSRG-MRPT2 E_corr:                -0.9320176 Eh
Partially relaxed DSRG-MRPT2 energy:     -2097.4734929 Eh
Partially relaxed DSRG-MRPT2 E_corr:        -0.9321070 Eh
Relaxed DSRG-MRPT2 energy:               -2097.4735075 Eh
Relaxed DSRG-MRPT2 E_corr:                  -0.9322112 Eh
Fully relaxed DSRG-MRPT2 energy:         -2097.4735075 Eh
Fully relaxed DSRG-MRPT2 E_corr:            -0.9322112 Eh
State     Energy / Eh         Splitting / Eh      Splitting / cm-1    Splitting / meV     
0         -2.0974779e+03      +0.0000000e+00      +0.0000000e+00      +0.0000000e+00      
1         -2.0974754e+03      +2.5187116e-03      +5.5279329e+02      +6.8537666e+01      
2         -2.0974754e+03      +4.1063686e-10      +9.0124372e-05      +1.1174003e-05      
3         -2.0974754e+03      +3.7834980e-10      +8.3038181e-05      +1.0295427e-05      
4         -2.0974715e+03      +3.9037402e-03      +8.5677193e+02      +1.0622623e+02      
5         -2.0974715e+03      +5.4023985e-10      +1.1856894e-04      +1.4700682e-05      
6         -2.0974715e+03      +6.2300387e-10      +1.3673354e-04      +1.6952807e-05      
7         -2.0974715e+03      +6.4937922e-10      +1.4252226e-04      +1.7670517e-05      
8         -2.0974715e+03      +5.5888449e-10      +1.2266097e-04      +1.5208029e-05      
Time taken:                      958.4145696 s
===============================================
===============================================
              PySCF DHF interface              
===============================================

Timing report
....integral reading:      24.2828496 s

===============================================
            Relativistic CASCI(5,8)            
===============================================
Will now allocate 0.050 MB memory for the CASCI Hamiltonian!
Time taken for 1-RDM build:        0.0057759 s
Time taken for 1-RDM build:        0.0057359 s
Time taken for 1-RDM build:        0.0057333 s
Time taken for 1-RDM build:        0.0057399 s
Time taken for 1-RDM build:        0.0056930 s
Time taken for 1-RDM build:        0.0057170 s
Time taken for 1-RDM build:        0.0057311 s
Time taken for 1-RDM build:        0.0057290 s
Time taken for 1-RDM build:        0.0057323 s
Time taken for 1-RDM build:        0.0057218 s
Time taken for 1-RDM build:        0.0056961 s
Time taken for 1-RDM build:        0.0057125 s
Time taken for 1-RDM build:        0.0057161 s
Time taken for 1-RDM build:        0.0056975 s
Time taken for 2-RDM build:        0.0256703 s
Time taken for 2-RDM build:        0.0256302 s
Time taken for 2-RDM build:        0.0256562 s
Time taken for 2-RDM build:        0.0256150 s
Time taken for 2-RDM build:        0.0256088 s
Time taken for 2-RDM build:        0.0255365 s
Time taken for 2-RDM build:        0.0256341 s
Time taken for 2-RDM build:        0.0255725 s
Time taken for 2-RDM build:        0.0256238 s
Time taken for 2-RDM build:        0.0255799 s
Time taken for 2-RDM build:        0.0256519 s
Time taken for 2-RDM build:        0.0255809 s
Time taken for 2-RDM build:        0.0255320 s
Time taken for 2-RDM build:        0.0256121 s
Time taken for 3-RDM build:        0.1503854 s
Time taken for 3-RDM build:        0.1489930 s
Time taken for 3-RDM build:        0.1491559 s
Time taken for 3-RDM build:        0.1489193 s
Time taken for 3-RDM build:        0.1489198 s
Time taken for 3-RDM build:        0.1488395 s
Time taken for 3-RDM build:        0.1491706 s
Time taken for 3-RDM build:        0.1489277 s
Time taken for 3-RDM build:        0.1488807 s
Time taken for 3-RDM build:        0.1491008 s
Time taken for 3-RDM build:        0.1491306 s
Time taken for 3-RDM build:        0.1495447 s
Time taken for 3-RDM build:        0.1496992 s
Time taken for 3-RDM build:        0.1494401 s
E_frzc:                        -2252.3726240 Eh
E_cas:                            -6.0718308 Eh
E_nuc:                             0.0000000 Eh
E_casci:                       -2258.3972569 Eh
E0 (from RDM):                 -2258.3972569 Eh
Ecorr:                            -0.0178409 Eh

Timing summary
... Hamil build:                    0.0212095 s
... Hamil diag:                     0.0005515 s
... RDM build:                     49.8210940 s
State     Energy / Eh         Splitting / Eh      Splitting / cm-1    Splitting / meV     
0         -2.2584445e+03      +0.0000000e+00      +0.0000000e+00      +0.0000000e+00      
1         -2.2584445e+03      +5.2432370e-10      +1.1507575e-04      +1.4267581e-05      
2         -2.2584445e+03      +5.2705218e-10      +1.1567458e-04      +1.4341827e-05      
3         -2.2584445e+03      +5.1386451e-10      +1.1278022e-04      +1.3982972e-05      
4         -2.2583793e+03      +6.5107933e-02      +1.4289540e+04      +1.7716780e+03      
5         -2.2583793e+03      +9.2859409e-10      +2.0380284e-04      +2.5268344e-05      
6         -2.2583793e+03      +1.1159500e-09      +2.4492271e-04      +3.0366561e-05      
7         -2.2583793e+03      +5.1250026e-10      +1.1248081e-04      +1.3945849e-05      
8         -2.2583777e+03      +1.6153755e-03      +3.5453394e+02      +4.3956628e+01      
9         -2.2583777e+03      +7.5033313e-10      +1.6467909e-04      +2.0417614e-05      
10        -2.2583777e+03      +4.8839865e-10      +1.0719111e-04      +1.3290011e-05      
11        -2.2583777e+03      +1.4611032e-09      +3.2067509e-04      +3.9758663e-05      
12        -2.2583777e+03      +1.6329977e-09      +3.5840157e-04      +4.4436153e-05      
13        -2.2583777e+03      +6.3982952e-10      +1.4042635e-04      +1.7410656e-05      
Total time taken:                  53.4906051 s
===============================================

===============================================
            Relativistic DSRG-MRPT2            
===============================================
-----------------------------------------------
        DSRG-MRPT2 reference relaxation        
-----------------------------------------------
Iter                          Energy              Delta E   
   -Eref  -2258.3972569       
   -Ecorr -0.9416323       
<Psi^(0)|Hbar^(0)|Psi^(0)>    -2259.3388892       -2.25934e+03
   -Erelax-0.0000057       
<Psi^(0)|Hbar^(1)|Psi^(0)>    -2259.3388949       -5.73484e-06
   -Eref  -2258.3972517       
   -Ecorr -0.9416450       
<Psi^(1)|Hbar^(1)|Psi^(1)>    -2259.3388967       -1.72789e-06
   -Erelax-0.0000000       
<Psi^(1)|Hbar^(2)|Psi^(1)>    -2259.3388967       -1.74168e-10
   -Eref  -2258.3972517       
   -Ecorr -0.9416449       
<Psi^(2)|Hbar^(2)|Psi^(2)>    -2259.3388967       1.03164e-08
   -Erelax-0.0000000       
<Psi^(2)|Hbar^(3)|Psi^(2)>    -2259.3388967       0.00000e+00
   -Eref  -2258.3972517       
   -Ecorr -0.9416449       
<Psi^(3)|Hbar^(3)|Psi^(3)>    -2259.3388967       -8.68567e-11
   -Erelax0.0000000       
<Psi^(3)|Hbar^(4)|Psi^(3)>    -2259.3388967       0.00000e+00
Unrelaxed DSRG-MRPT2 energy:             -2259.3388892 Eh
Unrelaxed DSRG-MRPT2 E_corr:                -0.9416323 Eh
Partially relaxed DSRG-MRPT2 energy:     -2259.3388949 Eh
Partially relaxed DSRG-MRPT2 E_corr:        -0.9416381 Eh
Relaxed DSRG-MRPT2 energy:               -2259.3388967 Eh
Relaxed DSRG-MRPT2 E_corr:                  -0.9416450 Eh
Fully relaxed DSRG-MRPT2 energy:         -2259.3388967 Eh
Fully relaxed DSRG-MRPT2 E_corr:            -0.9416449 Eh
State     Energy / Eh         Splitting / Eh      Splitting / cm-1    Splitting / meV     
0         -2.2593809e+03      +0.0000000e+00      +0.0000000e+00      +0.0000000e+00      
1         -2.2593809e+03      +2.3737812e-10      +5.2098474e-05      +6.4593907e-06      
2         -2.2593809e+03      +2.5374902e-10      +5.5691473e-05      +6.9048659e-06      
3         -2.2593809e+03      +2.3555913e-10      +5.1699252e-05      +6.4098934e-06      
4         -2.2593230e+03      +5.7910793e-02      +1.2709950e+04      +1.5758337e+03      
5         -2.2593230e+03      +4.2064130e-10      +9.2320094e-05      +1.1446238e-05      
6         -2.2593230e+03      +3.8744474e-10      +8.5034292e-05      +1.0542913e-05      
7         -2.2593230e+03      +2.9285729e-10      +6.4274746e-05      +7.9690567e-06      
8         -2.2593215e+03      +1.5134695e-03      +3.3216816e+02      +4.1183623e+01      
9         -2.2593215e+03      +4.1654857e-10      +9.1421844e-05      +1.1334869e-05      
10        -2.2593215e+03      +2.1236701e-10      +4.6609172e-05      +5.7788035e-06      
11        -2.2593215e+03      +7.0349415e-10      +1.5439912e-04      +1.9143060e-05      
12        -2.2593215e+03      +8.5356078e-10      +1.8733494e-04      +2.3226583e-05      
13        -2.2593215e+03      +3.1377567e-10      +6.8865800e-05      +8.5382750e-06      
Time taken:                      962.9467561 s
===============================================
===============================================
              PySCF DHF interface              
===============================================

Timing report
....integral reading:      24.2652085 s

===============================================
            Relativistic CASCI(6,8)            
===============================================
Will now allocate 0.013 MB memory for the CASCI Hamiltonian!
Time taken for 1-RDM build:        0.0022230 s
Time taken for 1-RDM build:        0.0022144 s
Time taken for 1-RDM build:        0.0022175 s
Time taken for 1-RDM build:        0.0022035 s
Time taken for 1-RDM build:        0.0021992 s
Time taken for 1-RDM build:        0.0021963 s
Time taken for 1-RDM build:        0.0022006 s
Time taken for 1-RDM build:        0.0022035 s
Time taken for 1-RDM build:        0.0022047 s
Time taken for 2-RDM build:        0.0086613 s
Time taken for 2-RDM build:        0.0085981 s
Time taken for 2-RDM build:        0.0086055 s
Time taken for 2-RDM build:        0.0086110 s
Time taken for 2-RDM build:        0.0085840 s
Time taken for 2-RDM build:        0.0085835 s
Time taken for 2-RDM build:        0.0086110 s
Time taken for 2-RDM build:        0.0086071 s
Time taken for 2-RDM build:        0.0086074 s
Time taken for 3-RDM build:        0.0685914 s
Time taken for 3-RDM build:        0.0664608 s
Time taken for 3-RDM build:        0.0664668 s
Time taken for 3-RDM build:        0.0666041 s
Time taken for 3-RDM build:        0.0663681 s
Time taken for 3-RDM build:        0.0665314 s
Time taken for 3-RDM build:        0.0665095 s
Time taken for 3-RDM build:        0.0664663 s
Time taken for 3-RDM build:        0.0665812 s
E_frzc:                        -2418.2608262 Eh
E_cas:                            -9.1774708 Eh
E_nuc:                             0.0000000 Eh
E_casci:                       -2427.4340589 Eh
E0 (from RDM):                 -2427.4340589 Eh
Ecorr:                            -0.1372548 Eh

Timing summary
... Hamil build:                    0.0088432 s
... Hamil diag:                     0.0002811 s
... RDM build:                     47.9870331 s
State     Energy / Eh         Splitting / Eh      Splitting / cm-1    Splitting / meV     
0         -2.4274383e+03      +0.0000000e+00      +0.0000000e+00      +0.0000000e+00      
1         -2.4274383e+03      +1.9413164e-09      +4.2606971e-04      +5.2825936e-05      
2         -2.4274383e+03      +8.9721652e-10      +1.9691626e-04      +2.4414517e-05      
3         -2.4274383e+03      +1.1737029e-09      +2.5759801e-04      +3.1938098e-05      
4         -2.4274383e+03      +1.8349056e-09      +4.0271522e-04      +4.9930347e-05      
5         -2.4274294e+03      +8.8831576e-03      +1.9496277e+03      +2.4172315e+02      
6         -2.4274294e+03      +4.1914063e-09      +9.1990735e-04      +1.1405403e-04      
7         -2.4274294e+03      +4.1027306e-09      +9.0044528e-04      +1.1164104e-04      
8         -2.4274268e+03      +2.6102260e-03      +5.7287839e+02      +7.1027902e+01      
Total time taken:                  51.6416128 s
===============================================

===============================================
            Relativistic DSRG-MRPT2            
===============================================
-----------------------------------------------
        DSRG-MRPT2 reference relaxation        
-----------------------------------------------
Iter                          Energy              Delta E   
   -Eref  -2427.4340589       
   -Ecorr -0.9561739       
<Psi^(0)|Hbar^(0)|Psi^(0)>    -2428.3902327       -2.42839e+03
   -Erelax-0.0000032       
<Psi^(0)|Hbar^(1)|Psi^(0)>    -2428.3902359       -3.19955e-06
   -Eref  -2427.4340554       
   -Ecorr -0.9561819       
<Psi^(1)|Hbar^(1)|Psi^(1)>    -2428.3902372       -1.30416e-06
   -Erelax-0.0000000       
<Psi^(1)|Hbar^(2)|Psi^(1)>    -2428.3902372       -1.77670e-09
   -Eref  -2427.4340555       
   -Ecorr -0.9561818       
<Psi^(2)|Hbar^(2)|Psi^(2)>    -2428.3902372       3.26663e-08
   -Erelax-0.0000000       
<Psi^(2)|Hbar^(3)|Psi^(2)>    -2428.3902372       -2.27374e-12
   -Eref  -2427.4340555       
   -Ecorr -0.9561818       
<Psi^(3)|Hbar^(3)|Psi^(3)>    -2428.3902372       -1.19417e-09
   -Erelax0.0000000       
<Psi^(3)|Hbar^(4)|Psi^(3)>    -2428.3902372       0.00000e+00
Unrelaxed DSRG-MRPT2 energy:             -2428.3902327 Eh
Unrelaxed DSRG-MRPT2 E_corr:                -0.9561739 Eh
Partially relaxed DSRG-MRPT2 energy:     -2428.3902359 Eh
Partially relaxed DSRG-MRPT2 E_corr:        -0.9561771 Eh
Relaxed DSRG-MRPT2 energy:               -2428.3902372 Eh
Relaxed DSRG-MRPT2 E_corr:                  -0.9561819 Eh
Fully relaxed DSRG-MRPT2 energy:         -2428.3902372 Eh
Fully relaxed DSRG-MRPT2 E_corr:            -0.9561818 Eh
State     Energy / Eh         Splitting / Eh      Splitting / cm-1    Splitting / meV     
0         -2.4283945e+03      +0.0000000e+00      +0.0000000e+00      +0.0000000e+00      
1         -2.4283945e+03      +7.6488504e-10      +1.6787286e-04      +2.0813592e-05      
2         -2.4283945e+03      +6.4483174e-10      +1.4152421e-04      +1.7546774e-05      
3         -2.4283945e+03      +7.4351192e-10      +1.6318200e-04      +2.0231999e-05      
4         -2.4283945e+03      +7.0258466e-10      +1.5419951e-04      +1.9118311e-05      
5         -2.4283856e+03      +8.8505515e-03      +1.9424715e+03      +2.4083589e+02      
6         -2.4283856e+03      +2.0781954e-09      +4.5611117e-04      +5.6550604e-05      
7         -2.4283856e+03      +2.0218067e-09      +4.4373528e-04      +5.5016189e-05      
8         -2.4283830e+03      +2.6238903e-03      +5.7587736e+02      +7.1399726e+01      
Time taken:                      958.4054766 s
===============================================
===============================================
              PySCF DHF interface              
===============================================

Timing report
....integral reading:      24.3599267 s

===============================================
            Relativistic CASCI(7,8)            
===============================================
Will now allocate 0.001 MB memory for the CASCI Hamiltonian!
Time taken for 1-RDM build:        0.0003779 s
Time taken for 1-RDM build:        0.0003684 s
Time taken for 1-RDM build:        0.0003638 s
Time taken for 1-RDM build:        0.0003667 s
Time taken for 1-RDM build:        0.0003636 s
Time taken for 1-RDM build:        0.0003645 s
Time taken for 2-RDM build:        0.0010462 s
Time taken for 2-RDM build:        0.0010023 s
Time taken for 2-RDM build:        0.0009987 s
Time taken for 2-RDM build:        0.0010006 s
Time taken for 2-RDM build:        0.0009987 s
Time taken for 2-RDM build:        0.0009997 s
Time taken for 3-RDM build:        0.0138829 s
Time taken for 3-RDM build:        0.0123880 s
Time taken for 3-RDM build:        0.0124009 s
Time taken for 3-RDM build:        0.0123639 s
Time taken for 3-RDM build:        0.0124576 s
Time taken for 3-RDM build:        0.0123882 s
E_frzc:                        -2590.5378304 Eh
E_cas:                           -13.1880855 Eh
E_nuc:                             0.0000000 Eh
E_casci:                       -2603.7203212 Eh
E0 (from RDM):                 -2603.7203212 Eh
Ecorr:                            -0.0318830 Eh

Timing summary
... Hamil build:                    0.0019093 s
... Hamil diag:                     0.0001020 s
... RDM build:                     47.3743751 s
State     Energy / Eh         Splitting / Eh      Splitting / cm-1    Splitting / meV     
0         -2.6037259e+03      +0.0000000e+00      +0.0000000e+00      +0.0000000e+00      
1         -2.6037259e+03      +9.2413757e-09      +2.0282475e-03      +2.5147076e-04      
2         -2.6037259e+03      +1.8784249e-08      +4.1226661e-03      +5.1114569e-04      
3         -2.6037259e+03      +9.8884811e-09      +2.1702707e-03      +2.6907941e-04      
4         -2.6037091e+03      +1.6783801e-02      +3.6836186e+03      +4.5671072e+02      
5         -2.6037091e+03      +7.4087438e-09      +1.6260313e-03      +2.0160228e-04      
Total time taken:                  51.0196776 s
===============================================

===============================================
            Relativistic DSRG-MRPT2            
===============================================
-----------------------------------------------
        DSRG-MRPT2 reference relaxation        
-----------------------------------------------
Iter                          Energy              Delta E   
   -Eref  -2603.7203212       
   -Ecorr -0.9825119       
<Psi^(0)|Hbar^(0)|Psi^(0)>    -2604.7028331       -2.60470e+03
   -Erelax0.0000000       
<Psi^(0)|Hbar^(1)|Psi^(0)>    -2604.7028331       0.00000e+00
   -Eref  -2603.7203212       
   -Ecorr -0.9825119       
<Psi^(1)|Hbar^(1)|Psi^(1)>    -2604.7028331       -4.54747e-13
   -Erelax-0.0000000       
<Psi^(1)|Hbar^(2)|Psi^(1)>    -2604.7028331       0.00000e+00
Unrelaxed DSRG-MRPT2 energy:             -2604.7028331 Eh
Unrelaxed DSRG-MRPT2 E_corr:                -0.9825119 Eh
Partially relaxed DSRG-MRPT2 energy:     -2604.7028331 Eh
Partially relaxed DSRG-MRPT2 E_corr:        -0.9825119 Eh
Relaxed DSRG-MRPT2 energy:               -2604.7028331 Eh
Relaxed DSRG-MRPT2 E_corr:                  -0.9825119 Eh
Fully relaxed DSRG-MRPT2 energy:         -2604.7028331 Eh
Fully relaxed DSRG-MRPT2 E_corr:            -0.9825119 Eh
State     Energy / Eh         Splitting / Eh      Splitting / cm-1    Splitting / meV     
0         -2.6047085e+03      +0.0000000e+00      +0.0000000e+00      +0.0000000e+00      
1         -2.6047085e+03      +3.8226062e-09      +8.3896509e-04      +1.0401846e-04      
2         -2.6047085e+03      +7.6142896e-09      +1.6711434e-03      +2.0719547e-04      
3         -2.6047085e+03      +4.3960426e-09      +9.6481983e-04      +1.1962247e-04      
4         -2.6046915e+03      +1.6971353e-02      +3.7247813e+03      +4.6181424e+02      
5         -2.6046915e+03      +3.7530299e-09      +8.2369485e-04      +1.0212519e-04      
Time taken:                      412.7701275 s
===============================================
