NOW DOING s=0.14
===============================================
              PySCF DHF interface              
===============================================
Will now allocate 1.593 GB disk space for the AO ERI tensor!

Timing report
....integral retrieval:            0.7021675 s
....integral transformation:       3.5979784 s

===============================================
            Relativistic CASCI(3,8)            
===============================================
Will now allocate 0.050 MB memory for the CASCI Hamiltonian!
Time taken for 1-RDM build:        0.0297620 s
Time taken for 1-RDM build:        0.0297472 s
Time taken for 1-RDM build:        0.0297422 s
Time taken for 1-RDM build:        0.0297689 s
Time taken for 1-RDM build:        0.0286233 s
Time taken for 1-RDM build:        0.0260003 s
Time taken for 2-RDM build:        0.0896690 s
Time taken for 2-RDM build:        0.0897498 s
Time taken for 2-RDM build:        0.0892487 s
Time taken for 2-RDM build:        0.0894978 s
Time taken for 2-RDM build:        0.0893259 s
Time taken for 2-RDM build:        0.0893946 s
Time taken for 3-RDM build:        0.1992161 s
Time taken for 3-RDM build:        0.1991017 s
Time taken for 3-RDM build:        0.1992433 s
Time taken for 3-RDM build:        0.1991203 s
Time taken for 3-RDM build:        0.1990485 s
Time taken for 3-RDM build:        0.1991153 s
E_frzc:                          -21.9899228 Eh
E_cas:                            -2.5754278 Eh
E_nuc:                             0.0000000 Eh
E_casci:                         -24.5653104 Eh
E0 (from RDM):                   -24.5653104 Eh
Ecorr:                            -0.2764703 Eh

Timing summary
... Hamil build:                    0.0799356 s
... Hamil diag:                     0.0072565 s
... RDM build:                      4.6651196 s
State     Energy / Eh         Splitting / Eh      Splitting / cm-1    Splitting / meV     
0         -2.4565351e+01      +0.0000000e+00      +0.0000000e+00      +0.0000000e+00      
1         -2.4565351e+01      +1.6292176e-09      +3.5757194e-04      +4.4333292e-05      
2         -2.4565290e+01      +6.0370290e-05      +1.3249747e+01      +1.6427601e+00      
3         -2.4565290e+01      +8.2750162e-10      +1.8161561e-04      +2.2517477e-05      
4         -2.4565290e+01      +8.6880547e-10      +1.9068076e-04      +2.3641412e-05      
5         -2.4565290e+01      +1.8699744e-09      +4.1041194e-04      +5.0884619e-05      
Total time taken:                   4.9409692 s
===============================================

===============================================
            Relativistic DSRG-MRPT2            
===============================================
-----------------------------------------------
        DSRG-MRPT2 reference relaxation        
-----------------------------------------------
Iter                          Energy              Delta E   
   -Eref  -24.5653104       
   -Ecorr -0.0592772       
<Psi^(0)|Hbar^(0)|Psi^(0)>    -24.6245875         -2.46246e+01
   -Erelax-0.0001790       
<Psi^(0)|Hbar^(1)|Psi^(0)>    -24.6247666         -1.79023e-04
   -Eref  -24.5651263       
   -Ecorr -0.0596053       
<Psi^(1)|Hbar^(1)|Psi^(1)>    -24.6247316         3.49958e-05
   -Erelax-0.0000000       
<Psi^(1)|Hbar^(2)|Psi^(1)>    -24.6247316         -2.50694e-10
   -Eref  -24.5651258       
   -Ecorr -0.0596057       
<Psi^(2)|Hbar^(2)|Psi^(2)>    -24.6247315         3.94779e-08
   -Erelax0.0000000       
<Psi^(2)|Hbar^(3)|Psi^(2)>    -24.6247315         3.55271e-15
   -Eref  -24.5651258       
   -Ecorr -0.0596057       
<Psi^(3)|Hbar^(3)|Psi^(3)>    -24.6247315         4.28493e-11
   -Erelax0.0000000       
<Psi^(3)|Hbar^(4)|Psi^(3)>    -24.6247315         3.55271e-15
Unrelaxed DSRG-MRPT2 energy:               -24.6245875 Eh
Unrelaxed DSRG-MRPT2 E_corr:                -0.0592772 Eh
Partially relaxed DSRG-MRPT2 energy:       -24.6247666 Eh
Partially relaxed DSRG-MRPT2 E_corr:        -0.0594562 Eh
Relaxed DSRG-MRPT2 energy:                 -24.6247316 Eh
Relaxed DSRG-MRPT2 E_corr:                  -0.0596053 Eh
Fully relaxed DSRG-MRPT2 energy:           -24.6247315 Eh
Fully relaxed DSRG-MRPT2 E_corr:            -0.0596057 Eh
State     Energy / Eh         Splitting / Eh      Splitting / cm-1    Splitting / meV     
0         -2.4624775e+01      +0.0000000e+00      +0.0000000e+00      +0.0000000e+00      
1         -2.4624775e+01      +9.6992636e-10      +2.1287423e-04      +2.6393053e-05      
2         -2.4624710e+01      +6.4900742e-05      +1.4244066e+01      +1.7660400e+00      
3         -2.4624710e+01      +5.2273919e-10      +1.1472799e-04      +1.4224465e-05      
4         -2.4624710e+01      +5.0509641e-10      +1.1085585e-04      +1.3744380e-05      
5         -2.4624710e+01      +1.1201671e-09      +2.4584825e-04      +3.0481313e-05      
Time taken:                       42.3776991 s
===============================================
===============================================
              PySCF DHF interface              
===============================================
Will now allocate 1.593 GB disk space for the AO ERI tensor!

Timing report
....integral retrieval:            0.6991365 s
....integral transformation:       3.3297617 s

===============================================
            Relativistic CASCI(4,8)            
===============================================
Will now allocate 0.078 MB memory for the CASCI Hamiltonian!
Time taken for 1-RDM build:        0.0403969 s
Time taken for 1-RDM build:        0.0403197 s
Time taken for 1-RDM build:        0.0393357 s
Time taken for 1-RDM build:        0.0353823 s
Time taken for 1-RDM build:        0.0337193 s
Time taken for 1-RDM build:        0.0311136 s
Time taken for 1-RDM build:        0.0306065 s
Time taken for 1-RDM build:        0.0307126 s
Time taken for 1-RDM build:        0.0306292 s
Time taken for 2-RDM build:        0.1323760 s
Time taken for 2-RDM build:        0.1322768 s
Time taken for 2-RDM build:        0.1321270 s
Time taken for 2-RDM build:        0.1321769 s
Time taken for 2-RDM build:        0.1320090 s
Time taken for 2-RDM build:        0.1323416 s
Time taken for 2-RDM build:        0.1323860 s
Time taken for 2-RDM build:        0.1322842 s
Time taken for 2-RDM build:        0.1323404 s
Time taken for 3-RDM build:        0.4179204 s
Time taken for 3-RDM build:        0.4171875 s
Time taken for 3-RDM build:        0.4175754 s
Time taken for 3-RDM build:        0.4172463 s
Time taken for 3-RDM build:        0.4175451 s
Time taken for 3-RDM build:        0.4174469 s
Time taken for 3-RDM build:        0.4172199 s
Time taken for 3-RDM build:        0.4172127 s
Time taken for 3-RDM build:        0.4174137 s
E_frzc:                          -32.3709352 Eh
E_cas:                            -5.3467114 Eh
E_nuc:                             0.0000000 Eh
E_casci:                         -37.7175257 Eh
E0 (from RDM):                   -37.7175257 Eh
Ecorr:                            -0.4429083 Eh

Timing summary
... Hamil build:                    0.1217866 s
... Hamil diag:                     0.0016453 s
... RDM build:                      7.9141486 s
State     Energy / Eh         Splitting / Eh      Splitting / cm-1    Splitting / meV     
0         -3.7717647e+01      +0.0000000e+00      +0.0000000e+00      +0.0000000e+00      
1         -3.7717578e+01      +6.8056777e-05      +1.4936736e+01      +1.8519201e+00      
2         -3.7717578e+01      +1.0789876e-09      +2.3681040e-04      +2.9360761e-05      
3         -3.7717578e+01      +1.2285781e-09      +2.6964173e-04      +3.3431330e-05      
4         -3.7717470e+01      +1.0852195e-04      +2.3817815e+01      +2.9530341e+00      
5         -3.7717470e+01      +3.7325520e-10      +8.1920048e-05      +1.0156796e-05      
6         -3.7717470e+01      +9.5214148e-10      +2.0897090e-04      +2.5909102e-05      
7         -3.7717470e+01      +4.4994408e-10      +9.8751311e-05      +1.2243608e-05      
8         -3.7717470e+01      +5.6218852e-10      +1.2338612e-04      +1.5297936e-05      
Total time taken:                   8.2266157 s
===============================================

===============================================
            Relativistic DSRG-MRPT2            
===============================================
-----------------------------------------------
        DSRG-MRPT2 reference relaxation        
-----------------------------------------------
Iter                          Energy              Delta E   
   -Eref  -37.7175257       
   -Ecorr -0.0958361       
<Psi^(0)|Hbar^(0)|Psi^(0)>    -37.8133618         -3.78134e+01
   -Erelax-0.0000513       
<Psi^(0)|Hbar^(1)|Psi^(0)>    -37.8134132         -5.13482e-05
   -Eref  -37.7174725       
   -Ecorr -0.0959792       
<Psi^(1)|Hbar^(1)|Psi^(1)>    -37.8134517         -3.84972e-05
   -Erelax-0.0000000       
<Psi^(1)|Hbar^(2)|Psi^(1)>    -37.8134517         -3.53907e-10
   -Eref  -37.7174728       
   -Ecorr -0.0959788       
<Psi^(2)|Hbar^(2)|Psi^(2)>    -37.8134516         9.90742e-08
   -Erelax-0.0000000       
<Psi^(2)|Hbar^(3)|Psi^(2)>    -37.8134516         -4.97380e-14
   -Eref  -37.7174728       
   -Ecorr -0.0959788       
<Psi^(3)|Hbar^(3)|Psi^(3)>    -37.8134516         -2.36753e-10
   -Erelax0.0000000       
<Psi^(3)|Hbar^(4)|Psi^(3)>    -37.8134516         7.10543e-15
Unrelaxed DSRG-MRPT2 energy:               -37.8133618 Eh
Unrelaxed DSRG-MRPT2 E_corr:                -0.0958361 Eh
Partially relaxed DSRG-MRPT2 energy:       -37.8134132 Eh
Partially relaxed DSRG-MRPT2 E_corr:        -0.0958874 Eh
Relaxed DSRG-MRPT2 energy:                 -37.8134517 Eh
Relaxed DSRG-MRPT2 E_corr:                  -0.0959792 Eh
Fully relaxed DSRG-MRPT2 energy:           -37.8134516 Eh
Fully relaxed DSRG-MRPT2 E_corr:            -0.0959788 Eh
State     Energy / Eh         Splitting / Eh      Splitting / cm-1    Splitting / meV     
0         -3.7813589e+01      +0.0000000e+00      +0.0000000e+00      +0.0000000e+00      
1         -3.7813513e+01      +7.5492710e-05      +1.6568735e+01      +2.0542622e+00      
2         -3.7813513e+01      +5.0046367e-10      +1.0983908e-04      +1.3618317e-05      
3         -3.7813513e+01      +5.5899108e-10      +1.2268436e-04      +1.5210929e-05      
4         -3.7813387e+01      +1.2577079e-04      +2.7603497e+01      +3.4223991e+00      
5         -3.7813387e+01      +1.6789414e-10      +3.6848505e-05      +4.5686345e-06      
6         -3.7813387e+01      +3.6561687e-10      +8.0243627e-05      +9.9489465e-06      
7         -3.7813387e+01      +2.3917579e-10      +5.2493018e-05      +6.5083079e-06      
8         -3.7813387e+01      +1.9665691e-10      +4.3161203e-05      +5.3513097e-06      
Time taken:                       52.6232607 s
===============================================
===============================================
              PySCF DHF interface              
===============================================
Will now allocate 1.593 GB disk space for the AO ERI tensor!

Timing report
....integral retrieval:            0.7035079 s
....integral transformation:       3.4328213 s

===============================================
            Relativistic CASCI(5,8)            
===============================================
Will now allocate 0.050 MB memory for the CASCI Hamiltonian!
Time taken for 1-RDM build:        0.0300350 s
Time taken for 1-RDM build:        0.0298927 s
Time taken for 1-RDM build:        0.0300593 s
Time taken for 1-RDM build:        0.0299270 s
Time taken for 1-RDM build:        0.0296435 s
Time taken for 1-RDM build:        0.0268836 s
Time taken for 1-RDM build:        0.0248332 s
Time taken for 1-RDM build:        0.0230324 s
Time taken for 1-RDM build:        0.0228345 s
Time taken for 1-RDM build:        0.0228522 s
Time taken for 1-RDM build:        0.0228899 s
Time taken for 1-RDM build:        0.0227873 s
Time taken for 1-RDM build:        0.0228324 s
Time taken for 1-RDM build:        0.0227683 s
Time taken for 2-RDM build:        0.0956275 s
Time taken for 2-RDM build:        0.0951989 s
Time taken for 2-RDM build:        0.0952721 s
Time taken for 2-RDM build:        0.0950532 s
Time taken for 2-RDM build:        0.0949066 s
Time taken for 2-RDM build:        0.0948367 s
Time taken for 2-RDM build:        0.0949361 s
Time taken for 2-RDM build:        0.0953839 s
Time taken for 2-RDM build:        0.0947716 s
Time taken for 2-RDM build:        0.0947499 s
Time taken for 2-RDM build:        0.0948567 s
Time taken for 2-RDM build:        0.0947821 s
Time taken for 2-RDM build:        0.0951726 s
Time taken for 2-RDM build:        0.0950825 s
Time taken for 3-RDM build:        0.3777008 s
Time taken for 3-RDM build:        0.3773282 s
Time taken for 3-RDM build:        0.3779328 s
Time taken for 3-RDM build:        0.3778338 s
Time taken for 3-RDM build:        0.3779027 s
Time taken for 3-RDM build:        0.3774376 s
Time taken for 3-RDM build:        0.3775284 s
Time taken for 3-RDM build:        0.3775620 s
Time taken for 3-RDM build:        0.3776476 s
Time taken for 3-RDM build:        0.3774416 s
Time taken for 3-RDM build:        0.3776753 s
Time taken for 3-RDM build:        0.3776453 s
Time taken for 3-RDM build:        0.3776114 s
Time taken for 3-RDM build:        0.3779383 s
E_frzc:                          -44.7567199 Eh
E_cas:                            -9.6666253 Eh
E_nuc:                             0.0000000 Eh
E_casci:                         -54.3487687 Eh
E0 (from RDM):                   -54.3487687 Eh
Ecorr:                            -0.4454114 Eh

Timing summary
... Hamil build:                    0.0954504 s
... Hamil diag:                     0.0013545 s
... RDM build:                      9.6503973 s
State     Energy / Eh         Splitting / Eh      Splitting / cm-1    Splitting / meV     
0         -5.4423345e+01      +0.0000000e+00      +0.0000000e+00      +0.0000000e+00      
1         -5.4423345e+01      +1.0766144e-09      +2.3628954e-04      +2.9296183e-05      
2         -5.4423345e+01      +1.0765291e-09      +2.3627082e-04      +2.9293863e-05      
3         -5.4423345e+01      +1.0764012e-09      +2.3624275e-04      +2.9290382e-05      
4         -5.4318958e+01      +1.0438692e-01      +2.2910281e+04      +2.8405142e+03      
5         -5.4318958e+01      +1.1012702e-09      +2.4170087e-04      +2.9967102e-05      
6         -5.4318958e+01      +1.1371171e-09      +2.4956835e-04      +3.0942546e-05      
7         -5.4318958e+01      +5.9976912e-10      +1.3163411e-04      +1.6320557e-05      
8         -5.4318958e+01      +1.1947421e-09      +2.6221558e-04      +3.2510604e-05      
9         -5.4318958e+01      +1.3783108e-09      +3.0250425e-04      +3.7505765e-05      
10        -5.4318908e+01      +5.0508872e-05      +1.1085416e+01      +1.3744171e+00      
11        -5.4318908e+01      +3.9502766e-09      +8.6698548e-04      +1.0749255e-04      
12        -5.4318908e+01      +3.0347778e-09      +6.6605673e-04      +8.2580549e-05      
13        -5.4318908e+01      +2.9868872e-09      +6.5554596e-04      +8.1277379e-05      
Total time taken:                   9.9365141 s
===============================================

===============================================
            Relativistic DSRG-MRPT2            
===============================================
-----------------------------------------------
        DSRG-MRPT2 reference relaxation        
-----------------------------------------------
Iter                          Energy              Delta E   
   -Eref  -54.3487687       
   -Ecorr -0.1525591       
<Psi^(0)|Hbar^(0)|Psi^(0)>    -54.5013278         -5.45013e+01
   -Erelax-0.0000000       
<Psi^(0)|Hbar^(1)|Psi^(0)>    -54.5013278         -2.87332e-08
   -Eref  -54.3487687       
   -Ecorr -0.1525592       
<Psi^(1)|Hbar^(1)|Psi^(1)>    -54.5013279         -3.36508e-08
   -Erelax-0.0000000       
<Psi^(1)|Hbar^(2)|Psi^(1)>    -54.5013279         -2.27587e-11
   -Eref  -54.3487687       
   -Ecorr -0.1525592       
<Psi^(2)|Hbar^(2)|Psi^(2)>    -54.5013279         9.57215e-10
   -Erelax-0.0000000       
<Psi^(2)|Hbar^(3)|Psi^(2)>    -54.5013279         -4.26326e-14
Unrelaxed DSRG-MRPT2 energy:               -54.5013278 Eh
Unrelaxed DSRG-MRPT2 E_corr:                -0.1525591 Eh
Partially relaxed DSRG-MRPT2 energy:       -54.5013278 Eh
Partially relaxed DSRG-MRPT2 E_corr:        -0.1525591 Eh
Relaxed DSRG-MRPT2 energy:                 -54.5013279 Eh
Relaxed DSRG-MRPT2 E_corr:                  -0.1525592 Eh
Fully relaxed DSRG-MRPT2 energy:           -54.5013279 Eh
Fully relaxed DSRG-MRPT2 E_corr:            -0.1525592 Eh
State     Energy / Eh         Splitting / Eh      Splitting / cm-1    Splitting / meV     
0         -5.4567572e+01      +0.0000000e+00      +0.0000000e+00      +0.0000000e+00      
1         -5.4567572e+01      +6.9060491e-10      +1.5157026e-04      +1.8792326e-05      
2         -5.4567572e+01      +6.9056227e-10      +1.5156090e-04      +1.8791166e-05      
3         -5.4567572e+01      +6.9050543e-10      +1.5154842e-04      +1.8789619e-05      
4         -5.4474847e+01      +9.2724476e-02      +2.0350670e+04      +2.5231627e+03      
5         -5.4474847e+01      +3.8988901e-10      +8.5570746e-05      +1.0609425e-05      
6         -5.4474847e+01      +3.1755576e-10      +6.9695433e-05      +8.6411365e-06      
7         -5.4474847e+01      +2.1233859e-10      +4.6602934e-05      +5.7780301e-06      
8         -5.4474847e+01      +2.6395242e-10      +5.7930859e-05      +7.1825145e-06      
9         -5.4474847e+01      +3.2068215e-10      +7.0381596e-05      +8.7262099e-06      
10        -5.4474805e+01      +4.1792785e-05      +9.1724560e+00      +1.1372401e+00      
11        -5.4474805e+01      +1.0235937e-09      +2.2465284e-04      +2.7853415e-05      
12        -5.4474805e+01      +7.5176843e-10      +1.6499410e-04      +2.0456671e-05      
13        -5.4474805e+01      +7.2081718e-10      +1.5820108e-04      +1.9614444e-05      
Time taken:                       40.0247848 s
===============================================
===============================================
              PySCF DHF interface              
===============================================
Will now allocate 1.593 GB disk space for the AO ERI tensor!

Timing report
....integral retrieval:            0.6998873 s
....integral transformation:       3.4079990 s

===============================================
            Relativistic CASCI(6,8)            
===============================================
Will now allocate 0.013 MB memory for the CASCI Hamiltonian!
Time taken for 1-RDM build:        0.0117860 s
Time taken for 1-RDM build:        0.0117118 s
Time taken for 1-RDM build:        0.0117240 s
Time taken for 1-RDM build:        0.0117259 s
Time taken for 1-RDM build:        0.0117197 s
Time taken for 1-RDM build:        0.0117106 s
Time taken for 1-RDM build:        0.0117238 s
Time taken for 1-RDM build:        0.0117030 s
Time taken for 1-RDM build:        0.0117092 s
Time taken for 2-RDM build:        0.0307188 s
Time taken for 2-RDM build:        0.0304661 s
Time taken for 2-RDM build:        0.0304494 s
Time taken for 2-RDM build:        0.0306747 s
Time taken for 2-RDM build:        0.0304797 s
Time taken for 2-RDM build:        0.0304813 s
Time taken for 2-RDM build:        0.0304332 s
Time taken for 2-RDM build:        0.0304821 s
Time taken for 2-RDM build:        0.0304630 s
Time taken for 3-RDM build:        0.1577621 s
Time taken for 3-RDM build:        0.1576202 s
Time taken for 3-RDM build:        0.1571949 s
Time taken for 3-RDM build:        0.1574080 s
Time taken for 3-RDM build:        0.1573484 s
Time taken for 3-RDM build:        0.1572039 s
Time taken for 3-RDM build:        0.1573098 s
Time taken for 3-RDM build:        0.1576214 s
Time taken for 3-RDM build:        0.1571805 s
E_frzc:                          -59.1480236 Eh
E_cas:                           -15.7034833 Eh
E_nuc:                             0.0000000 Eh
E_casci:                         -74.8511626 Eh
E0 (from RDM):                   -74.8511626 Eh
Ecorr:                            -0.3302227 Eh

Timing summary
... Hamil build:                    0.0368485 s
... Hamil diag:                     0.0005515 s
... RDM build:                      4.5308921 s
State     Energy / Eh         Splitting / Eh      Splitting / cm-1    Splitting / meV     
0         -7.4851507e+01      +0.0000000e+00      +0.0000000e+00      +0.0000000e+00      
1         -7.4851507e+01      +6.1121170e-09      +1.3414546e-03      +1.6631926e-04      
2         -7.4851507e+01      +6.8041430e-09      +1.4933368e-03      +1.8515025e-04      
3         -7.4851507e+01      +7.2887616e-09      +1.5996983e-03      +1.9833740e-04      
4         -7.4851507e+01      +9.8173842e-09      +2.1546668e-03      +2.6714476e-04      
5         -7.4850809e+01      +6.9818897e-04      +1.5323477e+02      +1.8998699e+01      
6         -7.4850809e+01      +7.3982278e-09      +1.6237233e-03      +2.0131613e-04      
7         -7.4850809e+01      +7.5923197e-09      +1.6663215e-03      +2.0659764e-04      
8         -7.4850503e+01      +3.0523771e-04      +6.6991933e+01      +8.3059451e+00      
Total time taken:                   4.7572811 s
===============================================

===============================================
            Relativistic DSRG-MRPT2            
===============================================
-----------------------------------------------
        DSRG-MRPT2 reference relaxation        
-----------------------------------------------
Iter                          Energy              Delta E   
   -Eref  -74.8511626       
   -Ecorr -0.2066981       
<Psi^(0)|Hbar^(0)|Psi^(0)>    -75.0578608         -7.50579e+01
   -Erelax-0.0000000       
<Psi^(0)|Hbar^(1)|Psi^(0)>    -75.0578608         -2.06207e-08
   -Eref  -74.8511626       
   -Ecorr -0.2066981       
<Psi^(1)|Hbar^(1)|Psi^(1)>    -75.0578608         4.46355e-08
   -Erelax-0.0000000       
<Psi^(1)|Hbar^(2)|Psi^(1)>    -75.0578608         -3.96668e-10
   -Eref  -74.8511626       
   -Ecorr -0.2066981       
<Psi^(2)|Hbar^(2)|Psi^(2)>    -75.0578608         -6.42223e-09
   -Erelax-0.0000000       
<Psi^(2)|Hbar^(3)|Psi^(2)>    -75.0578608         -9.43601e-12
Unrelaxed DSRG-MRPT2 energy:               -75.0578608 Eh
Unrelaxed DSRG-MRPT2 E_corr:                -0.2066981 Eh
Partially relaxed DSRG-MRPT2 energy:       -75.0578608 Eh
Partially relaxed DSRG-MRPT2 E_corr:        -0.2066982 Eh
Relaxed DSRG-MRPT2 energy:                 -75.0578608 Eh
Relaxed DSRG-MRPT2 E_corr:                  -0.2066981 Eh
Fully relaxed DSRG-MRPT2 energy:           -75.0578608 Eh
Fully relaxed DSRG-MRPT2 E_corr:            -0.2066981 Eh
State     Energy / Eh         Splitting / Eh      Splitting / cm-1    Splitting / meV     
0         -7.5058167e+01      +0.0000000e+00      +0.0000000e+00      +0.0000000e+00      
1         -7.5058167e+01      +4.1987533e-09      +9.2151984e-04      +1.1425395e-04      
2         -7.5058167e+01      +3.8087791e-09      +8.3593038e-04      +1.0364221e-04      
3         -7.5058167e+01      +4.8936641e-09      +1.0740351e-03      +1.3316345e-04      
4         -7.5058167e+01      +5.8897882e-09      +1.2926591e-03      +1.6026938e-04      
5         -7.5057544e+01      +6.2332924e-04      +1.3680496e+02      +1.6961661e+01      
6         -7.5057544e+01      +4.8043773e-09      +1.0544389e-03      +1.3073383e-04      
7         -7.5057544e+01      +4.4980197e-09      +9.8720122e-04      +1.2239741e-04      
8         -7.5057279e+01      +2.6486999e-04      +5.8132244e+01      +7.2074831e+00      
Time taken:                       29.7095156 s
===============================================
===============================================
              PySCF DHF interface              
===============================================
Will now allocate 1.593 GB disk space for the AO ERI tensor!

Timing report
....integral retrieval:            0.7000549 s
....integral transformation:       3.5841639 s

===============================================
            Relativistic CASCI(7,8)            
===============================================
Will now allocate 0.001 MB memory for the CASCI Hamiltonian!
Time taken for 1-RDM build:        0.0019894 s
Time taken for 1-RDM build:        0.0019729 s
Time taken for 1-RDM build:        0.0019770 s
Time taken for 1-RDM build:        0.0019717 s
Time taken for 1-RDM build:        0.0020442 s
Time taken for 1-RDM build:        0.0019715 s
Time taken for 2-RDM build:        0.0032730 s
Time taken for 2-RDM build:        0.0032077 s
Time taken for 2-RDM build:        0.0031660 s
Time taken for 2-RDM build:        0.0031157 s
Time taken for 2-RDM build:        0.0031171 s
Time taken for 2-RDM build:        0.0031106 s
Time taken for 3-RDM build:        0.0286570 s
Time taken for 3-RDM build:        0.0286636 s
Time taken for 3-RDM build:        0.0283477 s
Time taken for 3-RDM build:        0.0283530 s
Time taken for 3-RDM build:        0.0286160 s
Time taken for 3-RDM build:        0.0283532 s
E_frzc:                          -75.5478008 Eh
E_cas:                           -23.9325131 Eh
E_nuc:                             0.0000000 Eh
E_casci:                         -99.4797328 Eh
E0 (from RDM):                   -99.4797328 Eh
Ecorr:                            -0.1043819 Eh

Timing summary
... Hamil build:                    0.0060883 s
... Hamil diag:                     0.0001743 s
... RDM build:                      2.9344368 s
State     Energy / Eh         Splitting / Eh      Splitting / cm-1    Splitting / meV     
0         -9.9480314e+01      +0.0000000e+00      +0.0000000e+00      +0.0000000e+00      
1         -9.9480314e+01      +2.4031038e-08      +5.2742033e-03      +6.5391818e-04      
2         -9.9480314e+01      +6.9549628e-09      +1.5264379e-03      +1.8925427e-04      
3         -9.9480314e+01      +2.1663126e-08      +4.7545067e-03      +5.8948398e-04      
4         -9.9478571e+01      +1.7431739e-03      +3.8258245e+02      +4.7434202e+01      
5         -9.9478571e+01      +1.6993965e-08      +3.7297443e-03      +4.6242957e-04      
Total time taken:                   3.1296425 s
===============================================

===============================================
            Relativistic DSRG-MRPT2            
===============================================
-----------------------------------------------
        DSRG-MRPT2 reference relaxation        
-----------------------------------------------
Iter                          Energy              Delta E   
   -Eref  -99.4797328       
   -Ecorr -0.2664447       
<Psi^(0)|Hbar^(0)|Psi^(0)>    -99.7461775         -9.97462e+01
   -Erelax-0.0000000       
<Psi^(0)|Hbar^(1)|Psi^(0)>    -99.7461775         -1.42109e-14
   -Eref  -99.4797328       
   -Ecorr -0.2664447       
<Psi^(1)|Hbar^(1)|Psi^(1)>    -99.7461775         1.42109e-14
   -Erelax-0.0000000       
<Psi^(1)|Hbar^(2)|Psi^(1)>    -99.7461775         -2.84217e-14
Unrelaxed DSRG-MRPT2 energy:               -99.7461775 Eh
Unrelaxed DSRG-MRPT2 E_corr:                -0.2664447 Eh
Partially relaxed DSRG-MRPT2 energy:       -99.7461775 Eh
Partially relaxed DSRG-MRPT2 E_corr:        -0.2664447 Eh
Relaxed DSRG-MRPT2 energy:                 -99.7461775 Eh
Relaxed DSRG-MRPT2 E_corr:                  -0.2664447 Eh
Fully relaxed DSRG-MRPT2 energy:           -99.7461775 Eh
Fully relaxed DSRG-MRPT2 E_corr:            -0.2664447 Eh
State     Energy / Eh         Splitting / Eh      Splitting / cm-1    Splitting / meV     
0         -9.9746758e+01      +0.0000000e+00      +0.0000000e+00      +0.0000000e+00      
1         -9.9746758e+01      +9.1998800e-09      +2.0191403e-03      +2.5034160e-04      
2         -9.9746758e+01      +6.2245817e-09      +1.3661378e-03      +1.6937958e-04      
3         -9.9746758e+01      +6.1032068e-09      +1.3394991e-03      +1.6607680e-04      
4         -9.9745017e+01      +1.7412913e-03      +3.8216927e+02      +4.7382973e+01      
5         -9.9745017e+01      +8.9495416e-09      +1.9641973e-03      +2.4352955e-04      
Time taken:                       15.6287258 s
===============================================
===============================================
              PySCF DHF interface              
===============================================
Will now allocate 0.320 MB disk space for the frozen core ERI tensor!
Will now allocate 74.650 MB disk space for the aacc and acca ERI tensor!
Will now allocate 4.354 GB disk space for the AO ERI tensor!

Timing report
....integral retrieval:            2.6623464 s
....integral transformation:       9.0568328 s

===============================================
            Relativistic CASCI(3,8)            
===============================================
Will now allocate 0.050 MB memory for the CASCI Hamiltonian!
Time taken for 1-RDM build:        0.0258031 s
Time taken for 1-RDM build:        0.0257490 s
Time taken for 1-RDM build:        0.0257697 s
Time taken for 1-RDM build:        0.0257308 s
Time taken for 1-RDM build:        0.0257461 s
Time taken for 1-RDM build:        0.0257297 s
Time taken for 2-RDM build:        0.0894322 s
Time taken for 2-RDM build:        0.0896266 s
Time taken for 2-RDM build:        0.0890946 s
Time taken for 2-RDM build:        0.0890639 s
Time taken for 2-RDM build:        0.0890803 s
Time taken for 2-RDM build:        0.0889118 s
Time taken for 3-RDM build:        0.1994081 s
Time taken for 3-RDM build:        0.1993005 s
Time taken for 3-RDM build:        0.1993673 s
Time taken for 3-RDM build:        0.1997712 s
Time taken for 3-RDM build:        0.1993771 s
Time taken for 3-RDM build:        0.1994927 s
E_frzc:                            0.0000000 Eh
E_cas:                            -1.8986420 Eh
E_nuc:                       -240.4061812+0.0000000j Eh
E_casci:                     -242.3045291+0.0000000j Eh
E0 (from RDM):                  -242.3045291 Eh
Ecorr:                            -0.1899047 Eh

Timing summary
... Hamil build:                    0.0604346 s
... Hamil diag:                     0.0012422 s
... RDM build:                      7.8963938 s
State     Energy / Eh         Splitting / Eh      Splitting / cm-1    Splitting / meV     
0         -2.4230482e+02      +0.0000000e+00      +0.0000000e+00      +0.0000000e+00      
1         -2.4230482e+02      +1.0992665e-09      +2.4126110e-04      +2.9912578e-05      
2         -2.4230438e+02      +4.4107881e-04      +9.6805609e+01      +1.2002372e+01      
3         -2.4230438e+02      +1.0805650e-09      +2.3715660e-04      +2.9403685e-05      
4         -2.4230438e+02      +8.9775654e-10      +1.9703478e-04      +2.4429211e-05      
5         -2.4230438e+02      +3.6629899e-10      +8.0393336e-05      +9.9675080e-06      
Total time taken:                   8.4322255 s
===============================================

===============================================
            Relativistic DSRG-MRPT2            
===============================================
-----------------------------------------------
        DSRG-MRPT2 reference relaxation        
-----------------------------------------------
Iter                          Energy              Delta E   
   -Eref  -242.3045291       
   -Ecorr -0.0106281       
<Psi^(0)|Hbar^(0)|Psi^(0)>    -242.3151572        -2.42315e+02
   -Erelax-0.0000770       
<Psi^(0)|Hbar^(1)|Psi^(0)>    -242.3152342        -7.69532e-05
   -Eref  -242.3044523       
   -Ecorr -0.0107744       
<Psi^(1)|Hbar^(1)|Psi^(1)>    -242.3152266        7.51999e-06
   -Erelax-0.0000000       
<Psi^(1)|Hbar^(2)|Psi^(1)>    -242.3152266        -1.57939e-10
   -Eref  -242.3044521       
   -Ecorr -0.0107746       
<Psi^(2)|Hbar^(2)|Psi^(2)>    -242.3152266        1.04188e-08
   -Erelax0.0000000       
<Psi^(2)|Hbar^(3)|Psi^(2)>    -242.3152266        0.00000e+00
   -Eref  -242.3044521       
   -Ecorr -0.0107746       
<Psi^(3)|Hbar^(3)|Psi^(3)>    -242.3152266        1.42961e-11
   -Erelax0.0000000       
<Psi^(3)|Hbar^(4)|Psi^(3)>    -242.3152266        0.00000e+00
Unrelaxed DSRG-MRPT2 energy:              -242.3151572 Eh
Unrelaxed DSRG-MRPT2 E_corr:                -0.0106281 Eh
Partially relaxed DSRG-MRPT2 energy:      -242.3152342 Eh
Partially relaxed DSRG-MRPT2 E_corr:        -0.0107050 Eh
Relaxed DSRG-MRPT2 energy:                -242.3152266 Eh
Relaxed DSRG-MRPT2 E_corr:                  -0.0107744 Eh
Fully relaxed DSRG-MRPT2 energy:          -242.3152266 Eh
Fully relaxed DSRG-MRPT2 E_corr:            -0.0107746 Eh
State     Energy / Eh         Splitting / Eh      Splitting / cm-1    Splitting / meV     
0         -2.4231554e+02      +0.0000000e+00      +0.0000000e+00      +0.0000000e+00      
1         -2.4231554e+02      +9.2475716e-10      +2.0296074e-04      +2.5163936e-05      
2         -2.4231507e+02      +4.6791857e-04      +1.0269625e+02      +1.2732719e+01      
3         -2.4231507e+02      +8.9568175e-10      +1.9657942e-04      +2.4372754e-05      
4         -2.4231507e+02      +7.2563466e-10      +1.5925840e-04      +1.9745534e-05      
5         -2.4231507e+02      +3.1090508e-10      +6.8235777e-05      +8.4601622e-06      
Time taken:                       72.2929556 s
===============================================
===============================================
              PySCF DHF interface              
===============================================
Will now allocate 0.320 MB disk space for the frozen core ERI tensor!
Will now allocate 74.650 MB disk space for the aacc and acca ERI tensor!
Will now allocate 4.354 GB disk space for the AO ERI tensor!

Timing report
....integral retrieval:            2.6506155 s
....integral transformation:       9.1846819 s

===============================================
            Relativistic CASCI(4,8)            
===============================================
Will now allocate 0.078 MB memory for the CASCI Hamiltonian!
Time taken for 1-RDM build:        0.0350254 s
Time taken for 1-RDM build:        0.0349388 s
Time taken for 1-RDM build:        0.0349069 s
Time taken for 1-RDM build:        0.0349531 s
Time taken for 1-RDM build:        0.0345466 s
Time taken for 1-RDM build:        0.0324454 s
Time taken for 1-RDM build:        0.0306702 s
Time taken for 1-RDM build:        0.0307052 s
Time taken for 1-RDM build:        0.0306807 s
Time taken for 2-RDM build:        0.1328654 s
Time taken for 2-RDM build:        0.1325114 s
Time taken for 2-RDM build:        0.1329813 s
Time taken for 2-RDM build:        0.1323535 s
Time taken for 2-RDM build:        0.1321726 s
Time taken for 2-RDM build:        0.1329439 s
Time taken for 2-RDM build:        0.1325214 s
Time taken for 2-RDM build:        0.1347966 s
Time taken for 2-RDM build:        0.1367507 s
Time taken for 3-RDM build:        0.4171710 s
Time taken for 3-RDM build:        0.4165862 s
Time taken for 3-RDM build:        0.4163280 s
Time taken for 3-RDM build:        0.4159787 s
Time taken for 3-RDM build:        0.4170535 s
Time taken for 3-RDM build:        0.4165728 s
Time taken for 3-RDM build:        0.4168463 s
Time taken for 3-RDM build:        0.4165432 s
Time taken for 3-RDM build:        0.4205232 s
E_frzc:                            0.0000000 Eh
E_cas:                            -3.6921024 Eh
E_nuc:                       -285.7423197+0.0000000j Eh
E_casci:                     -289.4337768+0.0000000j Eh
E0 (from RDM):                  -289.4337768 Eh
Ecorr:                            -0.2329780 Eh

Timing summary
... Hamil build:                    0.0930285 s
... Hamil diag:                     0.0017304 s
... RDM build:                     11.2896917 s
State     Energy / Eh         Splitting / Eh      Splitting / cm-1    Splitting / meV     
0         -2.8943442e+02      +0.0000000e+00      +0.0000000e+00      +0.0000000e+00      
1         -2.8943409e+02      +3.3211201e-04      +7.2890160e+01      +9.0372324e+00      
2         -2.8943409e+02      +8.1735152e-10      +1.7938792e-04      +2.2241278e-05      
3         -2.8943409e+02      +8.9210062e-10      +1.9579345e-04      +2.4275306e-05      
4         -2.8943346e+02      +6.3005266e-04      +1.3828057e+02      +1.7144614e+01      
5         -2.8943346e+02      +2.5920599e-10      +5.6889139e-05      +7.0533576e-06      
6         -2.8943346e+02      +7.8654239e-10      +1.7262610e-04      +2.1402919e-05      
7         -2.8943346e+02      +6.1896799e-10      +1.3584777e-04      +1.6842985e-05      
8         -2.8943346e+02      +4.2439297e-10      +9.3143489e-05      +1.1548326e-05      
Total time taken:                  11.8586020 s
===============================================

===============================================
            Relativistic DSRG-MRPT2            
===============================================
-----------------------------------------------
        DSRG-MRPT2 reference relaxation        
-----------------------------------------------
Iter                          Energy              Delta E   
   -Eref  -289.4337768       
   -Ecorr -0.0278821       
<Psi^(0)|Hbar^(0)|Psi^(0)>    -289.4616589        -2.89462e+02
   -Erelax-0.0000529       
<Psi^(0)|Hbar^(1)|Psi^(0)>    -289.4617118        -5.29100e-05
   -Eref  -289.4337242       
   -Ecorr -0.0279975       
<Psi^(1)|Hbar^(1)|Psi^(1)>    -289.4617217        -9.86512e-06
   -Erelax-0.0000000       
<Psi^(1)|Hbar^(2)|Psi^(1)>    -289.4617217        -3.00702e-11
   -Eref  -289.4337242       
   -Ecorr -0.0279975       
<Psi^(2)|Hbar^(2)|Psi^(2)>    -289.4617217        9.00798e-10
   -Erelax-0.0000000       
<Psi^(2)|Hbar^(3)|Psi^(2)>    -289.4617217        0.00000e+00
Unrelaxed DSRG-MRPT2 energy:              -289.4616589 Eh
Unrelaxed DSRG-MRPT2 E_corr:                -0.0278821 Eh
Partially relaxed DSRG-MRPT2 energy:      -289.4617118 Eh
Partially relaxed DSRG-MRPT2 E_corr:        -0.0279350 Eh
Relaxed DSRG-MRPT2 energy:                -289.4617217 Eh
Relaxed DSRG-MRPT2 E_corr:                  -0.0279975 Eh
Fully relaxed DSRG-MRPT2 energy:          -289.4617217 Eh
Fully relaxed DSRG-MRPT2 E_corr:            -0.0279975 Eh
State     Energy / Eh         Splitting / Eh      Splitting / cm-1    Splitting / meV     
0         -2.8946240e+02      +0.0000000e+00      +0.0000000e+00      +0.0000000e+00      
1         -2.8946205e+02      +3.5149161e-04      +7.7143491e+01      +9.5645785e+00      
2         -2.8946205e+02      +6.4625283e-10      +1.4183610e-04      +1.7585444e-05      
3         -2.8946205e+02      +6.8547479e-10      +1.5044433e-04      +1.8652728e-05      
4         -2.8946139e+02      +6.6520022e-04      +1.4599457e+02      +1.8101029e+01      
5         -2.8946139e+02      +2.2771474e-10      +4.9977607e-05      +6.1964365e-06      
6         -2.8946139e+02      +6.0373395e-10      +1.3250429e-04      +1.6428445e-05      
7         -2.8946139e+02      +5.1653615e-10      +1.1336658e-04      +1.4055671e-05      
8         -2.8946139e+02      +3.1309355e-10      +6.8716091e-05      +8.5197135e-06      
Time taken:                       56.6437449 s
===============================================
===============================================
              PySCF DHF interface              
===============================================
Will now allocate 0.320 MB disk space for the frozen core ERI tensor!
Will now allocate 74.650 MB disk space for the aacc and acca ERI tensor!
Will now allocate 4.354 GB disk space for the AO ERI tensor!

Timing report
....integral retrieval:            2.6210330 s
....integral transformation:       9.2340155 s

===============================================
            Relativistic CASCI(5,8)            
===============================================
Will now allocate 0.050 MB memory for the CASCI Hamiltonian!
Time taken for 1-RDM build:        0.0260501 s
Time taken for 1-RDM build:        0.0259411 s
Time taken for 1-RDM build:        0.0259712 s
Time taken for 1-RDM build:        0.0259700 s
Time taken for 1-RDM build:        0.0259957 s
Time taken for 1-RDM build:        0.0262034 s
Time taken for 1-RDM build:        0.0251999 s
Time taken for 1-RDM build:        0.0235381 s
Time taken for 1-RDM build:        0.0229397 s
Time taken for 1-RDM build:        0.0229404 s
Time taken for 1-RDM build:        0.0230494 s
Time taken for 1-RDM build:        0.0229719 s
Time taken for 1-RDM build:        0.0230038 s
Time taken for 1-RDM build:        0.0229940 s
Time taken for 2-RDM build:        0.0950823 s
Time taken for 2-RDM build:        0.0946836 s
Time taken for 2-RDM build:        0.0947649 s
Time taken for 2-RDM build:        0.0947037 s
Time taken for 2-RDM build:        0.0948615 s
Time taken for 2-RDM build:        0.0956700 s
Time taken for 2-RDM build:        0.0949998 s
Time taken for 2-RDM build:        0.0950644 s
Time taken for 2-RDM build:        0.0949895 s
Time taken for 2-RDM build:        0.0948758 s
Time taken for 2-RDM build:        0.0949345 s
Time taken for 2-RDM build:        0.0948570 s
Time taken for 2-RDM build:        0.0948284 s
Time taken for 2-RDM build:        0.0948329 s
Time taken for 3-RDM build:        0.3794646 s
Time taken for 3-RDM build:        0.3790267 s
Time taken for 3-RDM build:        0.3787804 s
Time taken for 3-RDM build:        0.3790936 s
Time taken for 3-RDM build:        0.3785882 s
Time taken for 3-RDM build:        0.3787713 s
Time taken for 3-RDM build:        0.3786311 s
Time taken for 3-RDM build:        0.3785422 s
Time taken for 3-RDM build:        0.3789091 s
Time taken for 3-RDM build:        0.3787804 s
Time taken for 3-RDM build:        0.3789122 s
Time taken for 3-RDM build:        0.3791859 s
Time taken for 3-RDM build:        0.3784773 s
Time taken for 3-RDM build:        0.3788426 s
E_frzc:                            0.0000000 Eh
E_cas:                            -6.3636403 Eh
E_nuc:                       -335.1272672-0.0000000j Eh
E_casci:                     -341.4410664-0.0000000j Eh
E0 (from RDM):                  -341.4410664 Eh
Ecorr:                            -0.2138107 Eh

Timing summary
... Hamil build:                    0.0728731 s
... Hamil diag:                     0.0104165 s
... RDM build:                     12.9290967 s
State     Energy / Eh         Splitting / Eh      Splitting / cm-1    Splitting / meV     
0         -3.4149091e+02      +0.0000000e+00      +0.0000000e+00      +0.0000000e+00      
1         -3.4149091e+02      +3.2849812e-10      +7.2097003e-05      +8.9388933e-06      
2         -3.4149091e+02      +3.2838443e-10      +7.2072051e-05      +8.9357998e-06      
3         -3.4149091e+02      +3.2792968e-10      +7.1972246e-05      +8.9234255e-06      
4         -3.4142117e+02      +6.9735531e-02      +1.5305180e+04      +1.8976014e+03      
5         -3.4142117e+02      +1.5667752e-09      +3.4386740e-04      +4.2634144e-05      
6         -3.4142117e+02      +1.3034196e-09      +2.8606753e-04      +3.5467871e-05      
7         -3.4142117e+02      +1.7383286e-09      +3.8151902e-04      +4.7302353e-05      
8         -3.4142110e+02      +6.9890622e-05      +1.5339218e+01      +1.9018216e+00      
9         -3.4142110e+02      +9.2740038e-10      +2.0354085e-04      +2.5235862e-05      
10        -3.4142110e+02      +9.6150643e-10      +2.1102627e-04      +2.6163935e-05      
11        -3.4142110e+02      +7.5050366e-10      +1.6471651e-04      +2.0422255e-05      
12        -3.4142110e+02      +9.6383701e-10      +2.1153777e-04      +2.6227353e-05      
13        -3.4142110e+02      +1.9558115e-09      +4.2925101e-04      +5.3220367e-05      
Total time taken:                  13.4902608 s
===============================================

===============================================
            Relativistic DSRG-MRPT2            
===============================================
-----------------------------------------------
        DSRG-MRPT2 reference relaxation        
-----------------------------------------------
Iter                          Energy              Delta E   
   -Eref  -341.4410664       
   -Ecorr -0.0594981       
<Psi^(0)|Hbar^(0)|Psi^(0)>    -341.5005645        -3.41501e+02
   -Erelax-0.0000002       
<Psi^(0)|Hbar^(1)|Psi^(0)>    -341.5005646        -1.74558e-07
   -Eref  -341.4410663       
   -Ecorr -0.0594984       
<Psi^(1)|Hbar^(1)|Psi^(1)>    -341.5005647        -5.04999e-08
   -Erelax-0.0000000       
<Psi^(1)|Hbar^(2)|Psi^(1)>    -341.5005647        -4.54747e-13
   -Eref  -341.4410663       
   -Ecorr -0.0594984       
<Psi^(2)|Hbar^(2)|Psi^(2)>    -341.5005647        2.44427e-12
   -Erelax0.0000000       
<Psi^(2)|Hbar^(3)|Psi^(2)>    -341.5005647        0.00000e+00
Unrelaxed DSRG-MRPT2 energy:              -341.5005645 Eh
Unrelaxed DSRG-MRPT2 E_corr:                -0.0594981 Eh
Partially relaxed DSRG-MRPT2 energy:      -341.5005646 Eh
Partially relaxed DSRG-MRPT2 E_corr:        -0.0594982 Eh
Relaxed DSRG-MRPT2 energy:                -341.5005647 Eh
Relaxed DSRG-MRPT2 E_corr:                  -0.0594984 Eh
Fully relaxed DSRG-MRPT2 energy:          -341.5005647 Eh
Fully relaxed DSRG-MRPT2 E_corr:            -0.0594984 Eh
State     Energy / Eh         Splitting / Eh      Splitting / cm-1    Splitting / meV     
0         -3.4154550e+02      +0.0000000e+00      +0.0000000e+00      +0.0000000e+00      
1         -3.4154550e+02      +3.2162006e-10      +7.0587445e-05      +8.7517319e-06      
2         -3.4154550e+02      +3.2139269e-10      +7.0537542e-05      +8.7455447e-06      
3         -3.4154550e+02      +3.2139269e-10      +7.0537542e-05      +8.7455447e-06      
4         -3.4148263e+02      +6.2873657e-02      +1.3799173e+04      +1.7108802e+03      
5         -3.4148263e+02      +1.0192025e-09      +2.2368909e-04      +2.7733926e-05      
6         -3.4148263e+02      +8.3014129e-10      +1.8219495e-04      +2.2589306e-05      
7         -3.4148263e+02      +1.1200427e-09      +2.4582096e-04      +3.0477929e-05      
8         -3.4148256e+02      +6.4709943e-05      +1.4202191e+01      +1.7608481e+00      
9         -3.4148256e+02      +5.8480509e-10      +1.2834988e-04      +1.5913365e-05      
10        -3.4148256e+02      +5.3796612e-10      +1.1806991e-04      +1.4638811e-05      
11        -3.4148256e+02      +5.2966698e-10      +1.1624846e-04      +1.4412979e-05      
12        -3.4148256e+02      +6.3369043e-10      +1.3907897e-04      +1.7243603e-05      
13        -3.4148256e+02      +1.1037855e-09      +2.4225292e-04      +3.0035548e-05      
Time taken:                       60.5563638 s
===============================================
===============================================
              PySCF DHF interface              
===============================================
Will now allocate 0.320 MB disk space for the frozen core ERI tensor!
Will now allocate 74.650 MB disk space for the aacc and acca ERI tensor!
Will now allocate 4.354 GB disk space for the AO ERI tensor!

Timing report
....integral retrieval:            2.6555557 s
....integral transformation:       9.5374107 s

===============================================
            Relativistic CASCI(6,8)            
===============================================
Will now allocate 0.013 MB memory for the CASCI Hamiltonian!
Time taken for 1-RDM build:        0.0101624 s
Time taken for 1-RDM build:        0.0101385 s
Time taken for 1-RDM build:        0.0101781 s
Time taken for 1-RDM build:        0.0101027 s
Time taken for 1-RDM build:        0.0100851 s
Time taken for 1-RDM build:        0.0101204 s
Time taken for 1-RDM build:        0.0101037 s
Time taken for 1-RDM build:        0.0101087 s
Time taken for 1-RDM build:        0.0100906 s
Time taken for 2-RDM build:        0.0305243 s
Time taken for 2-RDM build:        0.0308619 s
Time taken for 2-RDM build:        0.0304415 s
Time taken for 2-RDM build:        0.0304327 s
Time taken for 2-RDM build:        0.0304227 s
Time taken for 2-RDM build:        0.0304463 s
Time taken for 2-RDM build:        0.0304258 s
Time taken for 2-RDM build:        0.0303874 s
Time taken for 2-RDM build:        0.0303655 s
Time taken for 3-RDM build:        0.1569843 s
Time taken for 3-RDM build:        0.1575527 s
Time taken for 3-RDM build:        0.1572974 s
Time taken for 3-RDM build:        0.1573575 s
Time taken for 3-RDM build:        0.1570890 s
Time taken for 3-RDM build:        0.1570609 s
Time taken for 3-RDM build:        0.1573412 s
Time taken for 3-RDM build:        0.1568625 s
Time taken for 3-RDM build:        0.1571202 s
E_frzc:                            0.0000000 Eh
E_cas:                            -9.9659359 Eh
E_nuc:                       -388.5675376-0.0000000j Eh
E_casci:                     -398.5325748-0.0000000j Eh
E0 (from RDM):                  -398.5325748 Eh
Ecorr:                            -0.1603097 Eh

Timing summary
... Hamil build:                    0.0284150 s
... Hamil diag:                     0.0007067 s
... RDM build:                      7.8181050 s
State     Energy / Eh         Splitting / Eh      Splitting / cm-1    Splitting / meV     
0         -3.9853347e+02      +0.0000000e+00      +0.0000000e+00      +0.0000000e+00      
1         -3.9853347e+02      +5.6296585e-09      +1.2355672e-03      +1.5319088e-04      
2         -3.9853347e+02      +5.9783360e-09      +1.3120931e-03      +1.6267889e-04      
3         -3.9853347e+02      +5.6479053e-09      +1.2395719e-03      +1.5368740e-04      
4         -3.9853347e+02      +5.6580234e-09      +1.2417926e-03      +1.5396273e-04      
5         -3.9853166e+02      +1.8163270e-03      +3.9863770e+02      +4.9424800e+01      
6         -3.9853166e+02      +3.5533390e-09      +7.7986775e-04      +9.6691324e-05      
7         -3.9853166e+02      +3.5755079e-09      +7.8473327e-04      +9.7294572e-05      
8         -3.9853083e+02      +8.2294816e-04      +1.8061624e+02      +2.2393571e+01      
Total time taken:                   8.3221889 s
===============================================

===============================================
            Relativistic DSRG-MRPT2            
===============================================
-----------------------------------------------
        DSRG-MRPT2 reference relaxation        
-----------------------------------------------
Iter                          Energy              Delta E   
   -Eref  -398.5325748       
   -Ecorr -0.0973338       
<Psi^(0)|Hbar^(0)|Psi^(0)>    -398.6299086        -3.98630e+02
   -Erelax-0.0000002       
<Psi^(0)|Hbar^(1)|Psi^(0)>    -398.6299088        -1.92011e-07
   -Eref  -398.5325746       
   -Ecorr -0.0973343       
<Psi^(1)|Hbar^(1)|Psi^(1)>    -398.6299089        -1.01205e-07
   -Erelax-0.0000000       
<Psi^(1)|Hbar^(2)|Psi^(1)>    -398.6299089        -1.34719e-10
   -Eref  -398.5325746       
   -Ecorr -0.0973343       
<Psi^(2)|Hbar^(2)|Psi^(2)>    -398.6299089        2.88634e-09
   -Erelax-0.0000000       
<Psi^(2)|Hbar^(3)|Psi^(2)>    -398.6299089        -1.70530e-13
Unrelaxed DSRG-MRPT2 energy:              -398.6299086 Eh
Unrelaxed DSRG-MRPT2 E_corr:                -0.0973338 Eh
Partially relaxed DSRG-MRPT2 energy:      -398.6299088 Eh
Partially relaxed DSRG-MRPT2 E_corr:        -0.0973340 Eh
Relaxed DSRG-MRPT2 energy:                -398.6299089 Eh
Relaxed DSRG-MRPT2 E_corr:                  -0.0973343 Eh
Fully relaxed DSRG-MRPT2 energy:          -398.6299089 Eh
Fully relaxed DSRG-MRPT2 E_corr:            -0.0973343 Eh
State     Energy / Eh         Splitting / Eh      Splitting / cm-1    Splitting / meV     
0         -3.9863081e+02      +0.0000000e+00      +0.0000000e+00      +0.0000000e+00      
1         -3.9863081e+02      +3.1974992e-09      +7.0176994e-04      +8.7008425e-05      
2         -3.9863081e+02      +3.1137688e-09      +6.8339325e-04      +8.4730005e-05      
3         -3.9863081e+02      +2.9726266e-09      +6.5241612e-04      +8.0889328e-05      
4         -3.9863081e+02      +3.0944989e-09      +6.7916400e-04      +8.4205644e-05      
5         -3.9862899e+02      +1.8241887e-03      +4.0036313e+02      +4.9638725e+01      
6         -3.9862899e+02      +1.7013804e-09      +3.7340983e-04      +4.6296940e-05      
7         -3.9862899e+02      +1.7753337e-09      +3.8964070e-04      +4.8309313e-05      
8         -3.9862816e+02      +8.2626482e-04      +1.8134417e+02      +2.2483822e+01      
Time taken:                       50.1628053 s
===============================================
===============================================
              PySCF DHF interface              
===============================================
Will now allocate 0.320 MB disk space for the frozen core ERI tensor!
Will now allocate 74.650 MB disk space for the aacc and acca ERI tensor!
Will now allocate 4.354 GB disk space for the AO ERI tensor!

Timing report
....integral retrieval:            2.6366038 s
....integral transformation:       9.9975204 s

===============================================
            Relativistic CASCI(7,8)            
===============================================
Will now allocate 0.001 MB memory for the CASCI Hamiltonian!
Time taken for 1-RDM build:        0.0015137 s
Time taken for 1-RDM build:        0.0015001 s
Time taken for 1-RDM build:        0.0015018 s
Time taken for 1-RDM build:        0.0015018 s
Time taken for 1-RDM build:        0.0014951 s
Time taken for 1-RDM build:        0.0014942 s
Time taken for 2-RDM build:        0.0032430 s
Time taken for 2-RDM build:        0.0031230 s
Time taken for 2-RDM build:        0.0031271 s
Time taken for 2-RDM build:        0.0031278 s
Time taken for 2-RDM build:        0.0031271 s
Time taken for 2-RDM build:        0.0031261 s
Time taken for 3-RDM build:        0.0287004 s
Time taken for 3-RDM build:        0.0283840 s
Time taken for 3-RDM build:        0.0283971 s
Time taken for 3-RDM build:        0.0283909 s
Time taken for 3-RDM build:        0.0283935 s
Time taken for 3-RDM build:        0.0284047 s
E_frzc:                            0.0000000 Eh
E_cas:                           -14.7582517 Eh
E_nuc:                       -446.0682972-0.0000000j Eh
E_casci:                     -460.8252020-0.0000000j Eh
E0 (from RDM):                  -460.8252020 Eh
Ecorr:                             0.0013470 Eh

Timing summary
... Hamil build:                    0.0047882 s
... Hamil diag:                     0.0002146 s
... RDM build:                      6.0231586 s
State     Energy / Eh         Splitting / Eh      Splitting / cm-1    Splitting / meV     
0         -4.6082655e+02      +0.0000000e+00      +0.0000000e+00      +0.0000000e+00      
1         -4.6082655e+02      +1.2022326e-08      +2.6385956e-03      +3.2714432e-04      
2         -4.6082655e+02      +5.7600573e-09      +1.2641864e-03      +1.5673922e-04      
3         -4.6082655e+02      +1.1622035e-08      +2.5507418e-03      +3.1625183e-04      
4         -4.6082251e+02      +4.0408198e-03      +8.8685742e+02      +1.0995636e+02      
5         -4.6082251e+02      +2.0031848e-08      +4.3964825e-03      +5.4509461e-04      
Total time taken:                   6.5018399 s
===============================================

===============================================
            Relativistic DSRG-MRPT2            
===============================================
-----------------------------------------------
        DSRG-MRPT2 reference relaxation        
-----------------------------------------------
Iter                          Energy              Delta E   
   -Eref  -460.8252020       
   -Ecorr -0.1455729       
<Psi^(0)|Hbar^(0)|Psi^(0)>    -460.9707749        -4.60971e+02
   -Erelax0.0000000       
<Psi^(0)|Hbar^(1)|Psi^(0)>    -460.9707749        0.00000e+00
   -Eref  -460.8252020       
   -Ecorr -0.1455729       
<Psi^(1)|Hbar^(1)|Psi^(1)>    -460.9707749        5.68434e-14
   -Erelax0.0000000       
<Psi^(1)|Hbar^(2)|Psi^(1)>    -460.9707749        0.00000e+00
Unrelaxed DSRG-MRPT2 energy:              -460.9707749 Eh
Unrelaxed DSRG-MRPT2 E_corr:                -0.1455729 Eh
Partially relaxed DSRG-MRPT2 energy:      -460.9707749 Eh
Partially relaxed DSRG-MRPT2 E_corr:        -0.1455729 Eh
Relaxed DSRG-MRPT2 energy:                -460.9707749 Eh
Relaxed DSRG-MRPT2 E_corr:                  -0.1455729 Eh
Fully relaxed DSRG-MRPT2 energy:          -460.9707749 Eh
Fully relaxed DSRG-MRPT2 E_corr:            -0.1455729 Eh
State     Energy / Eh         Splitting / Eh      Splitting / cm-1    Splitting / meV     
0         -4.6097215e+02      +0.0000000e+00      +0.0000000e+00      +0.0000000e+00      
1         -4.6097215e+02      +5.5542273e-09      +1.2190120e-03      +1.5113830e-04      
2         -4.6097215e+02      +3.5723247e-09      +7.8403463e-04      +9.7207952e-05      
3         -4.6097215e+02      +5.3831286e-09      +1.1814602e-03      +1.4648246e-04      
4         -4.6096803e+02      +4.1199507e-03      +9.0422466e+02      +1.1210962e+02      
5         -4.6096803e+02      +9.8485202e-09      +2.1615003e-03      +2.6799201e-04      
Time taken:                       25.9469810 s
===============================================
===============================================
              PySCF DHF interface              
===============================================
Will now allocate 19.669 MB disk space for the frozen core ERI tensor!
Will now allocate 1.888 GB disk space for the aacc and acca ERI tensor!
Will now allocate 45.327 GB disk space for the AO ERI tensor!

Timing report
....integral retrieval:           31.9035115 s
....integral transformation:     107.3085432 s

===============================================
            Relativistic CASCI(3,8)            
===============================================
Will now allocate 0.050 MB memory for the CASCI Hamiltonian!
Time taken for 1-RDM build:        0.0256352 s
Time taken for 1-RDM build:        0.0255804 s
Time taken for 1-RDM build:        0.0255454 s
Time taken for 1-RDM build:        0.0255585 s
Time taken for 1-RDM build:        0.0255737 s
Time taken for 1-RDM build:        0.0255408 s
Time taken for 2-RDM build:        0.0890229 s
Time taken for 2-RDM build:        0.0890262 s
Time taken for 2-RDM build:        0.0893750 s
Time taken for 2-RDM build:        0.0890195 s
Time taken for 2-RDM build:        0.0888941 s
Time taken for 2-RDM build:        0.0888605 s
Time taken for 3-RDM build:        0.1987481 s
Time taken for 3-RDM build:        0.1985569 s
Time taken for 3-RDM build:        0.1984179 s
Time taken for 3-RDM build:        0.1987596 s
Time taken for 3-RDM build:        0.1985190 s
Time taken for 3-RDM build:        0.1982498 s
E_frzc:                            0.0000000 Eh
E_cas:                            -2.0100161 Eh
E_nuc:                       -1939.7138290-0.0000000j Eh
E_casci:                     -1941.7217616-0.0000000j Eh
E0 (from RDM):                 -1941.7217616 Eh
Ecorr:                            -0.1944870 Eh

Timing summary
... Hamil build:                    0.0604498 s
... Hamil diag:                     0.0015032 s
... RDM build:                    205.3741243 s
State     Energy / Eh         Splitting / Eh      Splitting / cm-1    Splitting / meV     
0         -1.9417238e+03      +0.0000000e+00      +0.0000000e+00      +0.0000000e+00      
1         -1.9417238e+03      +1.0702479e-09      +2.3489226e-04      +2.9122942e-05      
2         -1.9417207e+03      +3.1252750e-03      +6.8591858e+02      +8.5043106e+01      
3         -1.9417207e+03      +1.1004886e-09      +2.4152933e-04      +2.9945834e-05      
4         -1.9417207e+03      +9.5178621e-10      +2.0889293e-04      +2.5899434e-05      
5         -1.9417207e+03      +6.4619599e-10      +1.4182362e-04      +1.7583897e-05      
Total time taken:                 210.0877936 s
===============================================

===============================================
            Relativistic DSRG-MRPT2            
===============================================
-----------------------------------------------
        DSRG-MRPT2 reference relaxation        
-----------------------------------------------
Iter                          Energy              Delta E   
   -Eref  -1941.7217616       
   -Ecorr -0.0122624       
<Psi^(0)|Hbar^(0)|Psi^(0)>    -1941.7340241       -1.94173e+03
   -Erelax-0.0000704       
<Psi^(0)|Hbar^(1)|Psi^(0)>    -1941.7340944       -7.03628e-05
   -Eref  -1941.7216916       
   -Ecorr -0.0123948       
<Psi^(1)|Hbar^(1)|Psi^(1)>    -1941.7340863       8.08382e-06
   -Erelax-0.0000000       
<Psi^(1)|Hbar^(2)|Psi^(1)>    -1941.7340863       -3.84262e-11
   -Eref  -1941.7216915       
   -Ecorr -0.0123949       
<Psi^(2)|Hbar^(2)|Psi^(2)>    -1941.7340863       5.68753e-09
   -Erelax0.0000000       
<Psi^(2)|Hbar^(3)|Psi^(2)>    -1941.7340863       0.00000e+00
Unrelaxed DSRG-MRPT2 energy:             -1941.7340241 Eh
Unrelaxed DSRG-MRPT2 E_corr:                -0.0122624 Eh
Partially relaxed DSRG-MRPT2 energy:     -1941.7340944 Eh
Partially relaxed DSRG-MRPT2 E_corr:        -0.0123328 Eh
Relaxed DSRG-MRPT2 energy:               -1941.7340863 Eh
Relaxed DSRG-MRPT2 E_corr:                  -0.0123948 Eh
Fully relaxed DSRG-MRPT2 energy:         -1941.7340863 Eh
Fully relaxed DSRG-MRPT2 E_corr:            -0.0123949 Eh
State     Energy / Eh         Splitting / Eh      Splitting / cm-1    Splitting / meV     
0         -1.9417363e+03      +0.0000000e+00      +0.0000000e+00      +0.0000000e+00      
1         -1.9417363e+03      +8.6083674e-10      +1.8893182e-04      +2.3424572e-05      
2         -1.9417330e+03      +3.3096440e-03      +7.2638289e+02      +9.0060043e+01      
3         -1.9417330e+03      +8.7106855e-10      +1.9117745e-04      +2.3702994e-05      
4         -1.9417330e+03      +7.6533979e-10      +1.6797267e-04      +2.0825966e-05      
5         -1.9417330e+03      +5.2773430e-10      +1.1582429e-04      +1.4360389e-05      
Time taken:                     1533.8916163 s
===============================================
===============================================
              PySCF DHF interface              
===============================================
Will now allocate 19.669 MB disk space for the frozen core ERI tensor!
Will now allocate 1.888 GB disk space for the aacc and acca ERI tensor!
Will now allocate 45.327 GB disk space for the AO ERI tensor!

Timing report
....integral retrieval:           31.9414356 s
....integral transformation:     126.7102840 s

===============================================
            Relativistic CASCI(4,8)            
===============================================
Will now allocate 0.078 MB memory for the CASCI Hamiltonian!
Time taken for 1-RDM build:        0.0324821 s
Time taken for 1-RDM build:        0.0326326 s
Time taken for 1-RDM build:        0.0338013 s
Time taken for 1-RDM build:        0.0345199 s
Time taken for 1-RDM build:        0.0343537 s
Time taken for 1-RDM build:        0.0324540 s
Time taken for 1-RDM build:        0.0303965 s
Time taken for 1-RDM build:        0.0303686 s
Time taken for 1-RDM build:        0.0303326 s
Time taken for 2-RDM build:        0.1318550 s
Time taken for 2-RDM build:        0.1317761 s
Time taken for 2-RDM build:        0.1318917 s
Time taken for 2-RDM build:        0.1315613 s
Time taken for 2-RDM build:        0.1320369 s
Time taken for 2-RDM build:        0.1313889 s
Time taken for 2-RDM build:        0.1312213 s
Time taken for 2-RDM build:        0.1315327 s
Time taken for 2-RDM build:        0.1311669 s
Time taken for 3-RDM build:        0.4156547 s
Time taken for 3-RDM build:        0.4156005 s
Time taken for 3-RDM build:        0.4153783 s
Time taken for 3-RDM build:        0.4154694 s
Time taken for 3-RDM build:        0.4156032 s
Time taken for 3-RDM build:        0.4158375 s
Time taken for 3-RDM build:        0.4149439 s
Time taken for 3-RDM build:        0.4165370 s
Time taken for 3-RDM build:        0.4164286 s
E_frzc:                            0.0000000 Eh
E_cas:                            -3.6862998 Eh
E_nuc:                       -2092.8592106-0.0000000j Eh
E_casci:                     -2096.5413860-0.0000000j Eh
E0 (from RDM):                 -2096.5413860 Eh
Ecorr:                            -0.2153364 Eh

Timing summary
... Hamil build:                    0.0926099 s
... Hamil diag:                     0.0227551 s
... RDM build:                     84.1702867 s
State     Energy / Eh         Splitting / Eh      Splitting / cm-1    Splitting / meV     
0         -2.0965455e+03      +0.0000000e+00      +0.0000000e+00      +0.0000000e+00      
1         -2.0965432e+03      +2.3344184e-03      +5.1234561e+02      +6.3522789e+01      
2         -2.0965432e+03      +6.4164851e-10      +1.4082557e-04      +1.7460154e-05      
3         -2.0965432e+03      +5.3205440e-10      +1.1677244e-04      +1.4477945e-05      
4         -2.0965395e+03      +3.6890520e-03      +8.0965333e+02      +1.0038427e+02      
5         -2.0965395e+03      +9.3723429e-10      +2.0569915e-04      +2.5503456e-05      
6         -2.0965395e+03      +1.0586518e-09      +2.3234722e-04      +2.8807397e-05      
7         -2.0965395e+03      +1.1709744e-09      +2.5699918e-04      +3.1863852e-05      
8         -2.0965395e+03      +1.0372787e-09      +2.2765636e-04      +2.8225805e-05      
Total time taken:                  88.9348087 s
===============================================

===============================================
            Relativistic DSRG-MRPT2            
===============================================
-----------------------------------------------
        DSRG-MRPT2 reference relaxation        
-----------------------------------------------
Iter                          Energy              Delta E   
   -Eref  -2096.5413860       
   -Ecorr -0.0275318       
<Psi^(0)|Hbar^(0)|Psi^(0)>    -2096.5689177       -2.09657e+03
   -Erelax-0.0000417       
<Psi^(0)|Hbar^(1)|Psi^(0)>    -2096.5689594       -4.16910e-05
   -Eref  -2096.5413443       
   -Ecorr -0.0276216       
<Psi^(1)|Hbar^(1)|Psi^(1)>    -2096.5689659       -6.47579e-06
   -Erelax-0.0000000       
<Psi^(1)|Hbar^(2)|Psi^(1)>    -2096.5689659       -5.66615e-10
   -Eref  -2096.5413443       
   -Ecorr -0.0276216       
<Psi^(2)|Hbar^(2)|Psi^(2)>    -2096.5689659       3.58477e-09
   -Erelax-0.0000000       
<Psi^(2)|Hbar^(3)|Psi^(2)>    -2096.5689659       0.00000e+00
Unrelaxed DSRG-MRPT2 energy:             -2096.5689177 Eh
Unrelaxed DSRG-MRPT2 E_corr:                -0.0275318 Eh
Partially relaxed DSRG-MRPT2 energy:     -2096.5689594 Eh
Partially relaxed DSRG-MRPT2 E_corr:        -0.0275734 Eh
Relaxed DSRG-MRPT2 energy:               -2096.5689659 Eh
Relaxed DSRG-MRPT2 E_corr:                  -0.0276216 Eh
Fully relaxed DSRG-MRPT2 energy:         -2096.5689659 Eh
Fully relaxed DSRG-MRPT2 E_corr:            -0.0276216 Eh
State     Energy / Eh         Splitting / Eh      Splitting / cm-1    Splitting / meV     
0         -2.0965733e+03      +0.0000000e+00      +0.0000000e+00      +0.0000000e+00      
1         -2.0965708e+03      +2.4554368e-03      +5.3890608e+02      +6.6815870e+01      
2         -2.0965708e+03      +4.6884452e-10      +1.0289948e-04      +1.2757915e-05      
3         -2.0965708e+03      +3.9426595e-10      +8.6531374e-05      +1.0728528e-05      
4         -2.0965670e+03      +3.8142707e-03      +8.3713564e+02      +1.0379164e+02      
5         -2.0965670e+03      +6.7848305e-10      +1.4890982e-04      +1.8462473e-05      
6         -2.0965670e+03      +7.5488060e-10      +1.6567714e-04      +2.0541357e-05      
7         -2.0965670e+03      +8.1354301e-10      +1.7855205e-04      +2.2137643e-05      
8         -2.0965670e+03      +7.3305273e-10      +1.6088648e-04      +1.9947390e-05      
Time taken:                      970.3773441 s
===============================================
===============================================
              PySCF DHF interface              
===============================================
Will now allocate 19.669 MB disk space for the frozen core ERI tensor!
Will now allocate 1.888 GB disk space for the aacc and acca ERI tensor!
Will now allocate 45.327 GB disk space for the AO ERI tensor!

Timing report
....integral retrieval:           31.9094541 s
....integral transformation:     107.4574924 s

===============================================
            Relativistic CASCI(5,8)            
===============================================
Will now allocate 0.050 MB memory for the CASCI Hamiltonian!
Time taken for 1-RDM build:        0.0509634 s
Time taken for 1-RDM build:        0.0391395 s
Time taken for 1-RDM build:        0.0329735 s
Time taken for 1-RDM build:        0.0298038 s
Time taken for 1-RDM build:        0.0296235 s
Time taken for 1-RDM build:        0.0296569 s
Time taken for 1-RDM build:        0.0296483 s
Time taken for 1-RDM build:        0.0296564 s
Time taken for 1-RDM build:        0.0296764 s
Time taken for 1-RDM build:        0.0296631 s
Time taken for 1-RDM build:        0.0296931 s
Time taken for 1-RDM build:        0.0296381 s
Time taken for 1-RDM build:        0.0297024 s
Time taken for 1-RDM build:        0.0296836 s
Time taken for 2-RDM build:        0.0946460 s
Time taken for 2-RDM build:        0.0944109 s
Time taken for 2-RDM build:        0.0943322 s
Time taken for 2-RDM build:        0.0944207 s
Time taken for 2-RDM build:        0.0944307 s
Time taken for 2-RDM build:        0.0944650 s
Time taken for 2-RDM build:        0.0943532 s
Time taken for 2-RDM build:        0.0943985 s
Time taken for 2-RDM build:        0.0943890 s
Time taken for 2-RDM build:        0.0944588 s
Time taken for 2-RDM build:        0.0944631 s
Time taken for 2-RDM build:        0.0944276 s
Time taken for 2-RDM build:        0.0943875 s
Time taken for 2-RDM build:        0.0945253 s
Time taken for 3-RDM build:        0.3765576 s
Time taken for 3-RDM build:        0.3763149 s
Time taken for 3-RDM build:        0.3760049 s
Time taken for 3-RDM build:        0.3759069 s
Time taken for 3-RDM build:        0.3758273 s
Time taken for 3-RDM build:        0.3760273 s
Time taken for 3-RDM build:        0.3761759 s
Time taken for 3-RDM build:        0.3761549 s
Time taken for 3-RDM build:        0.3761113 s
Time taken for 3-RDM build:        0.3762658 s
Time taken for 3-RDM build:        0.3760383 s
Time taken for 3-RDM build:        0.3759303 s
Time taken for 3-RDM build:        0.3760881 s
Time taken for 3-RDM build:        0.3760116 s
E_frzc:                            0.0000000 Eh
E_cas:                            -6.0718308 Eh
E_nuc:                       -2252.3726240-0.0000000j Eh
E_casci:                     -2258.3972569-0.0000000j Eh
E0 (from RDM):                 -2258.3972569 Eh
Ecorr:                            -0.0178409 Eh

Timing summary
... Hamil build:                    0.0728741 s
... Hamil diag:                     0.0135152 s
... RDM build:                     70.5157597 s
State     Energy / Eh         Splitting / Eh      Splitting / cm-1    Splitting / meV     
0         -2.2584445e+03      +0.0000000e+00      +0.0000000e+00      +0.0000000e+00      
1         -2.2584445e+03      +5.2432370e-10      +1.1507575e-04      +1.4267581e-05      
2         -2.2584445e+03      +5.2705218e-10      +1.1567458e-04      +1.4341827e-05      
3         -2.2584445e+03      +5.1386451e-10      +1.1278022e-04      +1.3982972e-05      
4         -2.2583793e+03      +6.5107933e-02      +1.4289540e+04      +1.7716780e+03      
5         -2.2583793e+03      +9.2904884e-10      +2.0390265e-04      +2.5280719e-05      
6         -2.2583793e+03      +1.1159500e-09      +2.4492271e-04      +3.0366561e-05      
7         -2.2583793e+03      +5.1250026e-10      +1.1248081e-04      +1.3945849e-05      
8         -2.2583777e+03      +1.6153755e-03      +3.5453394e+02      +4.3956628e+01      
9         -2.2583777e+03      +7.5033313e-10      +1.6467909e-04      +2.0417614e-05      
10        -2.2583777e+03      +4.8839865e-10      +1.0719111e-04      +1.3290011e-05      
11        -2.2583777e+03      +1.4611032e-09      +3.2067509e-04      +3.9758663e-05      
12        -2.2583777e+03      +1.6329977e-09      +3.5840157e-04      +4.4436153e-05      
13        -2.2583777e+03      +6.3982952e-10      +1.4042635e-04      +1.7410656e-05      
Total time taken:                  75.2517781 s
===============================================

===============================================
            Relativistic DSRG-MRPT2            
===============================================
-----------------------------------------------
        DSRG-MRPT2 reference relaxation        
-----------------------------------------------
Iter                          Energy              Delta E   
   -Eref  -2258.3972569       
   -Ecorr -0.0525238       
<Psi^(0)|Hbar^(0)|Psi^(0)>    -2258.4497806       -2.25845e+03
   -Erelax-0.0000022       
<Psi^(0)|Hbar^(1)|Psi^(0)>    -2258.4497828       -2.18897e-06
   -Eref  -2258.3972547       
   -Ecorr -0.0525287       
<Psi^(1)|Hbar^(1)|Psi^(1)>    -2258.4497834       -5.49600e-07
   -Erelax-0.0000000       
<Psi^(1)|Hbar^(2)|Psi^(1)>    -2258.4497834       -3.63798e-12
   -Eref  -2258.3972547       
   -Ecorr -0.0525287       
<Psi^(2)|Hbar^(2)|Psi^(2)>    -2258.4497834       7.69433e-10
   -Erelax-0.0000000       
<Psi^(2)|Hbar^(3)|Psi^(2)>    -2258.4497834       0.00000e+00
Unrelaxed DSRG-MRPT2 energy:             -2258.4497806 Eh
Unrelaxed DSRG-MRPT2 E_corr:                -0.0525238 Eh
Partially relaxed DSRG-MRPT2 energy:     -2258.4497828 Eh
Partially relaxed DSRG-MRPT2 E_corr:        -0.0525260 Eh
Relaxed DSRG-MRPT2 energy:               -2258.4497834 Eh
Relaxed DSRG-MRPT2 E_corr:                  -0.0525287 Eh
Fully relaxed DSRG-MRPT2 energy:         -2258.4497834 Eh
Fully relaxed DSRG-MRPT2 E_corr:            -0.0525287 Eh
State     Energy / Eh         Splitting / Eh      Splitting / cm-1    Splitting / meV     
0         -2.2584927e+03      +0.0000000e+00      +0.0000000e+00      +0.0000000e+00      
1         -2.2584927e+03      +4.7793947e-10      +1.0489559e-04      +1.3005402e-05      
2         -2.2584927e+03      +4.8703441e-10      +1.0689170e-04      +1.3252888e-05      
3         -2.2584927e+03      +4.7339199e-10      +1.0389753e-04      +1.2881658e-05      
4         -2.2584336e+03      +5.9124675e-02      +1.2976366e+04      +1.6088651e+03      
5         -2.2584336e+03      +5.3569238e-10      +1.1757089e-04      +1.4576939e-05      
6         -2.2584336e+03      +7.6579454e-10      +1.6807247e-04      +2.0838341e-05      
7         -2.2584336e+03      +3.5288394e-10      +7.7449073e-05      +9.6024658e-06      
8         -2.2584320e+03      +1.5729281e-03      +3.4521781e+02      +4.2801574e+01      
9         -2.2584320e+03      +5.2341420e-10      +1.1487614e-04      +1.4242833e-05      
10        -2.2584320e+03      +2.8603608e-10      +6.2777664e-05      +7.7834420e-06      
11        -2.2584320e+03      +9.2313712e-10      +2.0260518e-04      +2.5119853e-05      
12        -2.2584320e+03      +1.0400072e-09      +2.2825519e-04      +2.8300051e-05      
13        -2.2584320e+03      +3.4651748e-10      +7.6051796e-05      +9.4292254e-06      
Time taken:                     1045.3781383 s
===============================================
===============================================
              PySCF DHF interface              
===============================================
Will now allocate 19.669 MB disk space for the frozen core ERI tensor!
Will now allocate 1.888 GB disk space for the aacc and acca ERI tensor!
Will now allocate 45.327 GB disk space for the AO ERI tensor!

Timing report
....integral retrieval:           31.9183793 s
....integral transformation:      95.4360793 s

===============================================
            Relativistic CASCI(6,8)            
===============================================
Will now allocate 0.013 MB memory for the CASCI Hamiltonian!
Time taken for 1-RDM build:        0.0101442 s
Time taken for 1-RDM build:        0.0100758 s
Time taken for 1-RDM build:        0.0100882 s
Time taken for 1-RDM build:        0.0100822 s
Time taken for 1-RDM build:        0.0100999 s
Time taken for 1-RDM build:        0.0100846 s
Time taken for 1-RDM build:        0.0100818 s
Time taken for 1-RDM build:        0.0100703 s
Time taken for 1-RDM build:        0.0100842 s
Time taken for 2-RDM build:        0.0305295 s
Time taken for 2-RDM build:        0.0304379 s
Time taken for 2-RDM build:        0.0304062 s
Time taken for 2-RDM build:        0.0304735 s
Time taken for 2-RDM build:        0.0304656 s
Time taken for 2-RDM build:        0.0305684 s
Time taken for 2-RDM build:        0.0307961 s
Time taken for 2-RDM build:        0.0304420 s
Time taken for 2-RDM build:        0.0304022 s
Time taken for 3-RDM build:        0.1569998 s
Time taken for 3-RDM build:        0.1565492 s
Time taken for 3-RDM build:        0.1565514 s
Time taken for 3-RDM build:        0.1567297 s
Time taken for 3-RDM build:        0.1567860 s
Time taken for 3-RDM build:        0.1570675 s
Time taken for 3-RDM build:        0.1568654 s
Time taken for 3-RDM build:        0.1570394 s
Time taken for 3-RDM build:        0.1565945 s
E_frzc:                            0.0000000 Eh
E_cas:                            -9.1774708 Eh
E_nuc:                       -2418.2608262-0.0000000j Eh
E_casci:                     -2427.4340589-0.0000000j Eh
E0 (from RDM):                 -2427.4340589 Eh
Ecorr:                            -0.1372548 Eh

Timing summary
... Hamil build:                    0.0281436 s
... Hamil diag:                     0.0011201 s
... RDM build:                     80.4366343 s
State     Energy / Eh         Splitting / Eh      Splitting / cm-1    Splitting / meV     
0         -2.4274383e+03      +0.0000000e+00      +0.0000000e+00      +0.0000000e+00      
1         -2.4274383e+03      +1.9413164e-09      +4.2606971e-04      +5.2825936e-05      
2         -2.4274383e+03      +8.9721652e-10      +1.9691626e-04      +2.4414517e-05      
3         -2.4274383e+03      +1.1737029e-09      +2.5759801e-04      +3.1938098e-05      
4         -2.4274383e+03      +1.8349056e-09      +4.0271522e-04      +4.9930347e-05      
5         -2.4274294e+03      +8.8831576e-03      +1.9496277e+03      +2.4172315e+02      
6         -2.4274294e+03      +4.1914063e-09      +9.1990735e-04      +1.1405403e-04      
7         -2.4274294e+03      +4.1027306e-09      +9.0044528e-04      +1.1164104e-04      
8         -2.4274268e+03      +2.6102260e-03      +5.7287839e+02      +7.1027902e+01      
Total time taken:                  85.1162362 s
===============================================

===============================================
            Relativistic DSRG-MRPT2            
===============================================
-----------------------------------------------
        DSRG-MRPT2 reference relaxation        
-----------------------------------------------
Iter                          Energy              Delta E   
   -Eref  -2427.4340589       
   -Ecorr -0.0808658       
<Psi^(0)|Hbar^(0)|Psi^(0)>    -2427.5149246       -2.42751e+03
   -Erelax-0.0000026       
<Psi^(0)|Hbar^(1)|Psi^(0)>    -2427.5149273       -2.63635e-06
   -Eref  -2427.4340560       
   -Ecorr -0.0808724       
<Psi^(1)|Hbar^(1)|Psi^(1)>    -2427.5149283       -1.08121e-06
   -Erelax-0.0000000       
<Psi^(1)|Hbar^(2)|Psi^(1)>    -2427.5149283       -8.02174e-10
   -Eref  -2427.4340561       
   -Ecorr -0.0808723       
<Psi^(2)|Hbar^(2)|Psi^(2)>    -2427.5149283       1.89439e-08
   -Erelax-0.0000000       
<Psi^(2)|Hbar^(3)|Psi^(2)>    -2427.5149283       -4.54747e-13
   -Eref  -2427.4340561       
   -Ecorr -0.0808723       
<Psi^(3)|Hbar^(3)|Psi^(3)>    -2427.5149283       -4.28827e-10
   -Erelax0.0000000       
<Psi^(3)|Hbar^(4)|Psi^(3)>    -2427.5149283       0.00000e+00
Unrelaxed DSRG-MRPT2 energy:             -2427.5149246 Eh
Unrelaxed DSRG-MRPT2 E_corr:                -0.0808658 Eh
Partially relaxed DSRG-MRPT2 energy:     -2427.5149273 Eh
Partially relaxed DSRG-MRPT2 E_corr:        -0.0808684 Eh
Relaxed DSRG-MRPT2 energy:               -2427.5149283 Eh
Relaxed DSRG-MRPT2 E_corr:                  -0.0808724 Eh
Fully relaxed DSRG-MRPT2 energy:         -2427.5149283 Eh
Fully relaxed DSRG-MRPT2 E_corr:            -0.0808723 Eh
State     Energy / Eh         Splitting / Eh      Splitting / cm-1    Splitting / meV     
0         -2.4275192e+03      +0.0000000e+00      +0.0000000e+00      +0.0000000e+00      
1         -2.4275192e+03      +9.8634700e-10      +2.1647814e-04      +2.6839882e-05      
2         -2.4275192e+03      +7.5488060e-10      +1.6567714e-04      +2.0541357e-05      
3         -2.4275192e+03      +8.9721652e-10      +1.9691626e-04      +2.4414517e-05      
4         -2.4275192e+03      +9.2177288e-10      +2.0230576e-04      +2.5082730e-05      
5         -2.4275103e+03      +8.9414997e-03      +1.9624323e+03      +2.4331071e+02      
6         -2.4275103e+03      +2.6493581e-09      +5.8146688e-04      +7.2092739e-05      
7         -2.4275103e+03      +2.5975169e-09      +5.7008905e-04      +7.0682068e-05      
8         -2.4275076e+03      +2.6164965e-03      +5.7425460e+02      +7.1198531e+01      
Time taken:                     1398.3271177 s
===============================================
===============================================
              PySCF DHF interface              
===============================================
Will now allocate 19.669 MB disk space for the frozen core ERI tensor!
Will now allocate 1.888 GB disk space for the aacc and acca ERI tensor!
Will now allocate 45.327 GB disk space for the AO ERI tensor!

Timing report
....integral retrieval:           31.9642177 s
....integral transformation:     118.9628932 s

===============================================
            Relativistic CASCI(7,8)            
===============================================
Will now allocate 0.001 MB memory for the CASCI Hamiltonian!
Time taken for 1-RDM build:        0.0015535 s
Time taken for 1-RDM build:        0.0014992 s
Time taken for 1-RDM build:        0.0015028 s
Time taken for 1-RDM build:        0.0014975 s
Time taken for 1-RDM build:        0.0015020 s
Time taken for 1-RDM build:        0.0014982 s
Time taken for 2-RDM build:        0.0031810 s
Time taken for 2-RDM build:        0.0031190 s
Time taken for 2-RDM build:        0.0031161 s
Time taken for 2-RDM build:        0.0031192 s
Time taken for 2-RDM build:        0.0031161 s
Time taken for 2-RDM build:        0.0031233 s
Time taken for 3-RDM build:        0.0286977 s
Time taken for 3-RDM build:        0.0283422 s
Time taken for 3-RDM build:        0.0283611 s
Time taken for 3-RDM build:        0.0283685 s
Time taken for 3-RDM build:        0.0283701 s
Time taken for 3-RDM build:        0.0283666 s
E_frzc:                            0.0000000 Eh
E_cas:                           -13.1880855 Eh
E_nuc:                       -2590.5378304-0.0000000j Eh
E_casci:                     -2603.7203212-0.0000000j Eh
E0 (from RDM):                 -2603.7203212 Eh
Ecorr:                            -0.0318830 Eh

Timing summary
... Hamil build:                    0.0046694 s
... Hamil diag:                     0.0002191 s
... RDM build:                     79.2529604 s
State     Energy / Eh         Splitting / Eh      Splitting / cm-1    Splitting / meV     
0         -2.6037259e+03      +0.0000000e+00      +0.0000000e+00      +0.0000000e+00      
1         -2.6037259e+03      +9.2413757e-09      +2.0282475e-03      +2.5147076e-04      
2         -2.6037259e+03      +1.8784249e-08      +4.1226661e-03      +5.1114569e-04      
3         -2.6037259e+03      +9.8884811e-09      +2.1702707e-03      +2.6907941e-04      
4         -2.6037091e+03      +1.6783801e-02      +3.6836186e+03      +4.5671072e+02      
5         -2.6037091e+03      +7.4087438e-09      +1.6260313e-03      +2.0160228e-04      
Total time taken:                  83.9072218 s
===============================================

===============================================
            Relativistic DSRG-MRPT2            
===============================================
-----------------------------------------------
        DSRG-MRPT2 reference relaxation        
-----------------------------------------------
Iter                          Energy              Delta E   
   -Eref  -2603.7203212       
   -Ecorr -0.1168455       
<Psi^(0)|Hbar^(0)|Psi^(0)>    -2603.8371667       -2.60384e+03
   -Erelax-0.0000000       
<Psi^(0)|Hbar^(1)|Psi^(0)>    -2603.8371667       0.00000e+00
   -Eref  -2603.7203212       
   -Ecorr -0.1168455       
<Psi^(1)|Hbar^(1)|Psi^(1)>    -2603.8371667       0.00000e+00
   -Erelax-0.0000000       
<Psi^(1)|Hbar^(2)|Psi^(1)>    -2603.8371667       0.00000e+00
Unrelaxed DSRG-MRPT2 energy:             -2603.8371667 Eh
Unrelaxed DSRG-MRPT2 E_corr:                -0.1168455 Eh
Partially relaxed DSRG-MRPT2 energy:     -2603.8371667 Eh
Partially relaxed DSRG-MRPT2 E_corr:        -0.1168455 Eh
Relaxed DSRG-MRPT2 energy:               -2603.8371667 Eh
Relaxed DSRG-MRPT2 E_corr:                  -0.1168455 Eh
Fully relaxed DSRG-MRPT2 energy:         -2603.8371667 Eh
Fully relaxed DSRG-MRPT2 E_corr:            -0.1168455 Eh
State     Energy / Eh         Splitting / Eh      Splitting / cm-1    Splitting / meV     
0         -2.6038428e+03      +0.0000000e+00      +0.0000000e+00      +0.0000000e+00      
1         -2.6038428e+03      +5.1331881e-09      +1.1266046e-03      +1.3968123e-04      
2         -2.6038428e+03      +1.0136318e-08      +2.2246647e-03      +2.7582341e-04      
3         -2.6038428e+03      +5.5338205e-09      +1.2145332e-03      +1.5058300e-04      
4         -2.6038259e+03      +1.6963248e-02      +3.7230025e+03      +4.6159370e+02      
5         -2.6038259e+03      +4.6243258e-09      +1.0149222e-03      +1.2583437e-04      
Time taken:                      327.2667074 s
===============================================
