NOW DOING s=0.28
===============================================
              PySCF DHF interface              
===============================================
Will now allocate 1.593 GB disk space for the AO ERI tensor!

Timing report
....integral retrieval:            0.7189696 s
....integral transformation:       3.5745292 s

===============================================
            Relativistic CASCI(3,8)            
===============================================
Will now allocate 0.050 MB memory for the CASCI Hamiltonian!
Time taken for 1-RDM build:        0.0542164 s
Time taken for 1-RDM build:        0.0394480 s
Time taken for 1-RDM build:        0.0298581 s
Time taken for 1-RDM build:        0.0297804 s
Time taken for 1-RDM build:        0.0298135 s
Time taken for 1-RDM build:        0.0297565 s
Time taken for 2-RDM build:        0.1187162 s
Time taken for 2-RDM build:        0.1181347 s
Time taken for 2-RDM build:        0.1182003 s
Time taken for 2-RDM build:        0.1179049 s
Time taken for 2-RDM build:        0.1178224 s
Time taken for 2-RDM build:        0.1178267 s
Time taken for 3-RDM build:        0.2306509 s
Time taken for 3-RDM build:        0.1996157 s
Time taken for 3-RDM build:        0.1990614 s
Time taken for 3-RDM build:        0.1990767 s
Time taken for 3-RDM build:        0.1989460 s
Time taken for 3-RDM build:        0.1991875 s
E_frzc:                          -21.9899228 Eh
E_cas:                            -2.5754278 Eh
E_nuc:                             0.0000000 Eh
E_casci:                         -24.5653104 Eh
E0 (from RDM):                   -24.5653104 Eh
Ecorr:                            -0.2764703 Eh

Timing summary
... Hamil build:                    0.0796189 s
... Hamil diag:                     0.0020757 s
... RDM build:                      4.8427918 s
State     Energy / Eh         Splitting / Eh      Splitting / cm-1    Splitting / meV     
0         -2.4565351e+01      +0.0000000e+00      +0.0000000e+00      +0.0000000e+00      
1         -2.4565351e+01      +1.6292176e-09      +3.5757194e-04      +4.4333292e-05      
2         -2.4565290e+01      +6.0370290e-05      +1.3249747e+01      +1.6427601e+00      
3         -2.4565290e+01      +8.2750162e-10      +1.8161561e-04      +2.2517477e-05      
4         -2.4565290e+01      +8.6880547e-10      +1.9068076e-04      +2.3641412e-05      
5         -2.4565290e+01      +1.8699744e-09      +4.1041194e-04      +5.0884619e-05      
Total time taken:                   5.1133173 s
===============================================

===============================================
            Relativistic DSRG-MRPT2            
===============================================
-----------------------------------------------
        DSRG-MRPT2 reference relaxation        
-----------------------------------------------
Iter                          Energy              Delta E   
   -Eref  -24.5653104       
   -Ecorr -0.0644895       
<Psi^(0)|Hbar^(0)|Psi^(0)>    -24.6297999         -2.46298e+01
   -Erelax-0.0002382       
<Psi^(0)|Hbar^(1)|Psi^(0)>    -24.6300381         -2.38175e-04
   -Eref  -24.5650643       
   -Ecorr -0.0649203       
<Psi^(1)|Hbar^(1)|Psi^(1)>    -24.6299846         5.34963e-05
   -Erelax-0.0000000       
<Psi^(1)|Hbar^(2)|Psi^(1)>    -24.6299846         -1.98686e-10
   -Eref  -24.5650647       
   -Ecorr -0.0649199       
<Psi^(2)|Hbar^(2)|Psi^(2)>    -24.6299846         -4.49368e-08
   -Erelax0.0000000       
<Psi^(2)|Hbar^(3)|Psi^(2)>    -24.6299846         7.10543e-15
   -Eref  -24.5650647       
   -Ecorr -0.0649199       
<Psi^(3)|Hbar^(3)|Psi^(3)>    -24.6299846         4.48921e-11
   -Erelax0.0000000       
<Psi^(3)|Hbar^(4)|Psi^(3)>    -24.6299846         7.10543e-15
Unrelaxed DSRG-MRPT2 energy:               -24.6297999 Eh
Unrelaxed DSRG-MRPT2 E_corr:                -0.0644895 Eh
Partially relaxed DSRG-MRPT2 energy:       -24.6300381 Eh
Partially relaxed DSRG-MRPT2 E_corr:        -0.0647277 Eh
Relaxed DSRG-MRPT2 energy:                 -24.6299846 Eh
Relaxed DSRG-MRPT2 E_corr:                  -0.0649203 Eh
Fully relaxed DSRG-MRPT2 energy:           -24.6299846 Eh
Fully relaxed DSRG-MRPT2 E_corr:            -0.0649199 Eh
State     Energy / Eh         Splitting / Eh      Splitting / cm-1    Splitting / meV     
0         -2.4630028e+01      +0.0000000e+00      +0.0000000e+00      +0.0000000e+00      
1         -2.4630028e+01      +8.0709839e-10      +1.7713762e-04      +2.1962276e-05      
2         -2.4629963e+01      +6.4857170e-05      +1.4234503e+01      +1.7648543e+00      
3         -2.4629963e+01      +4.9534776e-10      +1.0871627e-04      +1.3479106e-05      
4         -2.4629963e+01      +4.3413451e-10      +9.5281510e-05      +1.1813407e-05      
5         -2.4629963e+01      +9.2624575e-10      +2.0328744e-04      +2.5204443e-05      
Time taken:                       42.1961417 s
===============================================
===============================================
              PySCF DHF interface              
===============================================
Will now allocate 1.593 GB disk space for the AO ERI tensor!

Timing report
....integral retrieval:            0.7251096 s
....integral transformation:       3.3568757 s

===============================================
            Relativistic CASCI(4,8)            
===============================================
Will now allocate 0.078 MB memory for the CASCI Hamiltonian!
Time taken for 1-RDM build:        0.0402930 s
Time taken for 1-RDM build:        0.0401204 s
Time taken for 1-RDM build:        0.0400589 s
Time taken for 1-RDM build:        0.0400960 s
Time taken for 1-RDM build:        0.0400026 s
Time taken for 1-RDM build:        0.0400932 s
Time taken for 1-RDM build:        0.0382066 s
Time taken for 1-RDM build:        0.0340030 s
Time taken for 1-RDM build:        0.0310192 s
Time taken for 2-RDM build:        0.1331832 s
Time taken for 2-RDM build:        0.1336505 s
Time taken for 2-RDM build:        0.1329677 s
Time taken for 2-RDM build:        0.1330647 s
Time taken for 2-RDM build:        0.1329143 s
Time taken for 2-RDM build:        0.1331255 s
Time taken for 2-RDM build:        0.1324821 s
Time taken for 2-RDM build:        0.1330073 s
Time taken for 2-RDM build:        0.1330194 s
Time taken for 3-RDM build:        0.4254315 s
Time taken for 3-RDM build:        0.4246547 s
Time taken for 3-RDM build:        0.4251168 s
Time taken for 3-RDM build:        0.4248621 s
Time taken for 3-RDM build:        0.4247556 s
Time taken for 3-RDM build:        0.4246292 s
Time taken for 3-RDM build:        0.4246986 s
Time taken for 3-RDM build:        0.4376113 s
Time taken for 3-RDM build:        0.4304035 s
E_frzc:                          -32.3709352 Eh
E_cas:                            -5.3467114 Eh
E_nuc:                             0.0000000 Eh
E_casci:                         -37.7175257 Eh
E0 (from RDM):                   -37.7175257 Eh
Ecorr:                            -0.4429083 Eh

Timing summary
... Hamil build:                    0.1220412 s
... Hamil diag:                     0.0156186 s
... RDM build:                      8.2214537 s
State     Energy / Eh         Splitting / Eh      Splitting / cm-1    Splitting / meV     
0         -3.7717647e+01      +0.0000000e+00      +0.0000000e+00      +0.0000000e+00      
1         -3.7717578e+01      +6.8056777e-05      +1.4936736e+01      +1.8519201e+00      
2         -3.7717578e+01      +1.0789876e-09      +2.3681040e-04      +2.9360761e-05      
3         -3.7717578e+01      +1.2285781e-09      +2.6964173e-04      +3.3431330e-05      
4         -3.7717470e+01      +1.0852195e-04      +2.3817815e+01      +2.9530341e+00      
5         -3.7717470e+01      +3.7325520e-10      +8.1920048e-05      +1.0156796e-05      
6         -3.7717470e+01      +9.5214148e-10      +2.0897090e-04      +2.5909102e-05      
7         -3.7717470e+01      +4.4994408e-10      +9.8751311e-05      +1.2243608e-05      
8         -3.7717470e+01      +5.6218852e-10      +1.2338612e-04      +1.5297936e-05      
Total time taken:                   8.5477545 s
===============================================

===============================================
            Relativistic DSRG-MRPT2            
===============================================
-----------------------------------------------
        DSRG-MRPT2 reference relaxation        
-----------------------------------------------
Iter                          Energy              Delta E   
   -Eref  -37.7175257       
   -Ecorr -0.1055010       
<Psi^(0)|Hbar^(0)|Psi^(0)>    -37.8230268         -3.78230e+01
   -Erelax-0.0000382       
<Psi^(0)|Hbar^(1)|Psi^(0)>    -37.8230650         -3.82315e-05
   -Eref  -37.7174856       
   -Ecorr -0.1056356       
<Psi^(1)|Hbar^(1)|Psi^(1)>    -37.8231211         -5.61351e-05
   -Erelax-0.0000000       
<Psi^(1)|Hbar^(2)|Psi^(1)>    -37.8231211         -1.15691e-09
   -Eref  -37.7174860       
   -Ecorr -0.1056348       
<Psi^(2)|Hbar^(2)|Psi^(2)>    -37.8231208         3.02798e-07
   -Erelax-0.0000000       
<Psi^(2)|Hbar^(3)|Psi^(2)>    -37.8231208         -4.12115e-13
   -Eref  -37.7174860       
   -Ecorr -0.1056348       
<Psi^(3)|Hbar^(3)|Psi^(3)>    -37.8231208         -1.53127e-09
   -Erelax-0.0000000       
<Psi^(3)|Hbar^(4)|Psi^(3)>    -37.8231208         -7.10543e-15
Unrelaxed DSRG-MRPT2 energy:               -37.8230268 Eh
Unrelaxed DSRG-MRPT2 E_corr:                -0.1055010 Eh
Partially relaxed DSRG-MRPT2 energy:       -37.8230650 Eh
Partially relaxed DSRG-MRPT2 E_corr:        -0.1055393 Eh
Relaxed DSRG-MRPT2 energy:                 -37.8231211 Eh
Relaxed DSRG-MRPT2 E_corr:                  -0.1056356 Eh
Fully relaxed DSRG-MRPT2 energy:           -37.8231208 Eh
Fully relaxed DSRG-MRPT2 E_corr:            -0.1056348 Eh
State     Energy / Eh         Splitting / Eh      Splitting / cm-1    Splitting / meV     
0         -3.7823263e+01      +0.0000000e+00      +0.0000000e+00      +0.0000000e+00      
1         -3.7823185e+01      +7.7844228e-05      +1.7084833e+01      +2.1182503e+00      
2         -3.7823185e+01      +3.2945024e-10      +7.2305971e-05      +8.9648021e-06      
3         -3.7823185e+01      +3.7836401e-10      +8.3041300e-05      +1.0295814e-05      
4         -3.7823054e+01      +1.3103192e-04      +2.8758182e+01      +3.5655618e+00      
5         -3.7823054e+01      +1.1068835e-10      +2.4293284e-05      +3.0119848e-06      
6         -3.7823054e+01      +2.4076741e-10      +5.2842337e-05      +6.5516180e-06      
7         -3.7823054e+01      +1.5448620e-10      +3.3905802e-05      +4.2037857e-06      
8         -3.7823054e+01      +1.1934986e-10      +2.6194267e-05      +3.2476768e-06      
Time taken:                       52.5093985 s
===============================================
===============================================
              PySCF DHF interface              
===============================================
Will now allocate 1.593 GB disk space for the AO ERI tensor!

Timing report
....integral retrieval:            0.6984489 s
....integral transformation:       3.4977036 s

===============================================
            Relativistic CASCI(5,8)            
===============================================
Will now allocate 0.050 MB memory for the CASCI Hamiltonian!
Time taken for 1-RDM build:        0.0299778 s
Time taken for 1-RDM build:        0.0299790 s
Time taken for 1-RDM build:        0.0300097 s
Time taken for 1-RDM build:        0.0298657 s
Time taken for 1-RDM build:        0.0277762 s
Time taken for 1-RDM build:        0.0256453 s
Time taken for 1-RDM build:        0.0241210 s
Time taken for 1-RDM build:        0.0228510 s
Time taken for 1-RDM build:        0.0228460 s
Time taken for 1-RDM build:        0.0228426 s
Time taken for 1-RDM build:        0.0228736 s
Time taken for 1-RDM build:        0.0228255 s
Time taken for 1-RDM build:        0.0228267 s
Time taken for 1-RDM build:        0.0228486 s
Time taken for 2-RDM build:        0.0953658 s
Time taken for 2-RDM build:        0.0947266 s
Time taken for 2-RDM build:        0.0949485 s
Time taken for 2-RDM build:        0.0951068 s
Time taken for 2-RDM build:        0.0948892 s
Time taken for 2-RDM build:        0.0947826 s
Time taken for 2-RDM build:        0.0945950 s
Time taken for 2-RDM build:        0.0946274 s
Time taken for 2-RDM build:        0.0946386 s
Time taken for 2-RDM build:        0.0945768 s
Time taken for 2-RDM build:        0.0945344 s
Time taken for 2-RDM build:        0.0946941 s
Time taken for 2-RDM build:        0.0944984 s
Time taken for 2-RDM build:        0.0945117 s
Time taken for 3-RDM build:        0.3763855 s
Time taken for 3-RDM build:        0.3767016 s
Time taken for 3-RDM build:        0.3762920 s
Time taken for 3-RDM build:        0.3761611 s
Time taken for 3-RDM build:        0.3762629 s
Time taken for 3-RDM build:        0.3762603 s
Time taken for 3-RDM build:        0.3764367 s
Time taken for 3-RDM build:        0.3767436 s
Time taken for 3-RDM build:        0.3771513 s
Time taken for 3-RDM build:        0.3769565 s
Time taken for 3-RDM build:        0.3774428 s
Time taken for 3-RDM build:        0.3769517 s
Time taken for 3-RDM build:        0.3772128 s
Time taken for 3-RDM build:        0.3763316 s
E_frzc:                          -44.7567199 Eh
E_cas:                            -9.6666253 Eh
E_nuc:                             0.0000000 Eh
E_casci:                         -54.3487687 Eh
E0 (from RDM):                   -54.3487687 Eh
Ecorr:                            -0.4454114 Eh

Timing summary
... Hamil build:                    0.0962586 s
... Hamil diag:                     0.0103343 s
... RDM build:                      9.6425612 s
State     Energy / Eh         Splitting / Eh      Splitting / cm-1    Splitting / meV     
0         -5.4423345e+01      +0.0000000e+00      +0.0000000e+00      +0.0000000e+00      
1         -5.4423345e+01      +1.0766144e-09      +2.3628954e-04      +2.9296183e-05      
2         -5.4423345e+01      +1.0765291e-09      +2.3627082e-04      +2.9293863e-05      
3         -5.4423345e+01      +1.0764012e-09      +2.3624275e-04      +2.9290382e-05      
4         -5.4318958e+01      +1.0438692e-01      +2.2910281e+04      +2.8405142e+03      
5         -5.4318958e+01      +1.1012702e-09      +2.4170087e-04      +2.9967102e-05      
6         -5.4318958e+01      +1.1371171e-09      +2.4956835e-04      +3.0942546e-05      
7         -5.4318958e+01      +5.9976912e-10      +1.3163411e-04      +1.6320557e-05      
8         -5.4318958e+01      +1.1947421e-09      +2.6221558e-04      +3.2510604e-05      
9         -5.4318958e+01      +1.3783108e-09      +3.0250425e-04      +3.7505765e-05      
10        -5.4318908e+01      +5.0508872e-05      +1.1085416e+01      +1.3744171e+00      
11        -5.4318908e+01      +3.9502766e-09      +8.6698548e-04      +1.0749255e-04      
12        -5.4318908e+01      +3.0347778e-09      +6.6605673e-04      +8.2580549e-05      
13        -5.4318908e+01      +2.9868872e-09      +6.5554596e-04      +8.1277379e-05      
Total time taken:                   9.9394386 s
===============================================

===============================================
            Relativistic DSRG-MRPT2            
===============================================
-----------------------------------------------
        DSRG-MRPT2 reference relaxation        
-----------------------------------------------
Iter                          Energy              Delta E   
   -Eref  -54.3487687       
   -Ecorr -0.1635994       
<Psi^(0)|Hbar^(0)|Psi^(0)>    -54.5123681         -5.45124e+01
   -Erelax-0.0000000       
<Psi^(0)|Hbar^(1)|Psi^(0)>    -54.5123681         -4.05960e-08
   -Eref  -54.3487686       
   -Ecorr -0.1635995       
<Psi^(1)|Hbar^(1)|Psi^(1)>    -54.5123682         -6.05204e-08
   -Erelax-0.0000000       
<Psi^(1)|Hbar^(2)|Psi^(1)>    -54.5123682         -1.34328e-10
   -Eref  -54.3487686       
   -Ecorr -0.1635995       
<Psi^(2)|Hbar^(2)|Psi^(2)>    -54.5123682         3.57679e-09
   -Erelax-0.0000000       
<Psi^(2)|Hbar^(3)|Psi^(2)>    -54.5123682         -6.03961e-13
Unrelaxed DSRG-MRPT2 energy:               -54.5123681 Eh
Unrelaxed DSRG-MRPT2 E_corr:                -0.1635994 Eh
Partially relaxed DSRG-MRPT2 energy:       -54.5123681 Eh
Partially relaxed DSRG-MRPT2 E_corr:        -0.1635994 Eh
Relaxed DSRG-MRPT2 energy:                 -54.5123682 Eh
Relaxed DSRG-MRPT2 E_corr:                  -0.1635995 Eh
Fully relaxed DSRG-MRPT2 energy:           -54.5123682 Eh
Fully relaxed DSRG-MRPT2 E_corr:            -0.1635995 Eh
State     Energy / Eh         Splitting / Eh      Splitting / cm-1    Splitting / meV     
0         -5.4578155e+01      +0.0000000e+00      +0.0000000e+00      +0.0000000e+00      
1         -5.4578155e+01      +5.0602011e-10      +1.1105858e-04      +1.3769515e-05      
2         -5.4578155e+01      +5.0599169e-10      +1.1105234e-04      +1.3768742e-05      
3         -5.4578155e+01      +5.0597038e-10      +1.1104766e-04      +1.3768162e-05      
4         -5.4486068e+01      +9.2087772e-02      +2.0210930e+04      +2.5058371e+03      
5         -5.4486068e+01      +2.2420465e-10      +4.9207234e-05      +6.1009223e-06      
6         -5.4486068e+01      +1.7656987e-10      +3.8752607e-05      +4.8047132e-06      
7         -5.4486068e+01      +1.1993251e-10      +2.6322143e-05      +3.2635313e-06      
8         -5.4486068e+01      +1.2280310e-10      +2.6952165e-05      +3.3416442e-06      
9         -5.4486068e+01      +1.8359714e-10      +4.0294914e-05      +4.9959350e-06      
10        -5.4486032e+01      +3.5457659e-05      +7.7820565e+00      +9.6485250e-01      
11        -5.4486032e+01      +6.8377659e-10      +1.5007161e-04      +1.8606518e-05      
12        -5.4486032e+01      +3.7135806e-10      +8.1503672e-05      +1.0105172e-05      
13        -5.4486032e+01      +3.9793235e-10      +8.7336056e-05      +1.0828296e-05      
Time taken:                       40.2940960 s
===============================================
===============================================
              PySCF DHF interface              
===============================================
Will now allocate 1.593 GB disk space for the AO ERI tensor!

Timing report
....integral retrieval:            0.7000389 s
....integral transformation:       3.3482630 s

===============================================
            Relativistic CASCI(6,8)            
===============================================
Will now allocate 0.013 MB memory for the CASCI Hamiltonian!
Time taken for 1-RDM build:        0.0119092 s
Time taken for 1-RDM build:        0.0118785 s
Time taken for 1-RDM build:        0.0118659 s
Time taken for 1-RDM build:        0.0118482 s
Time taken for 1-RDM build:        0.0118537 s
Time taken for 1-RDM build:        0.0118454 s
Time taken for 1-RDM build:        0.0118558 s
Time taken for 1-RDM build:        0.0118191 s
Time taken for 1-RDM build:        0.0118208 s
Time taken for 2-RDM build:        0.0308001 s
Time taken for 2-RDM build:        0.0305915 s
Time taken for 2-RDM build:        0.0306091 s
Time taken for 2-RDM build:        0.0305333 s
Time taken for 2-RDM build:        0.0305433 s
Time taken for 2-RDM build:        0.0305810 s
Time taken for 2-RDM build:        0.0305510 s
Time taken for 2-RDM build:        0.0305724 s
Time taken for 2-RDM build:        0.0305598 s
Time taken for 3-RDM build:        0.1571605 s
Time taken for 3-RDM build:        0.1569047 s
Time taken for 3-RDM build:        0.1568761 s
Time taken for 3-RDM build:        0.1569164 s
Time taken for 3-RDM build:        0.1568177 s
Time taken for 3-RDM build:        0.1569846 s
Time taken for 3-RDM build:        0.1567910 s
Time taken for 3-RDM build:        0.1567862 s
Time taken for 3-RDM build:        0.1568112 s
E_frzc:                          -59.1480236 Eh
E_cas:                           -15.7034833 Eh
E_nuc:                             0.0000000 Eh
E_casci:                         -74.8511626 Eh
E0 (from RDM):                   -74.8511626 Eh
Ecorr:                            -0.3302227 Eh

Timing summary
... Hamil build:                    0.0371561 s
... Hamil diag:                     0.0005572 s
... RDM build:                      4.5198686 s
State     Energy / Eh         Splitting / Eh      Splitting / cm-1    Splitting / meV     
0         -7.4851507e+01      +0.0000000e+00      +0.0000000e+00      +0.0000000e+00      
1         -7.4851507e+01      +6.1121170e-09      +1.3414546e-03      +1.6631926e-04      
2         -7.4851507e+01      +6.8041430e-09      +1.4933368e-03      +1.8515025e-04      
3         -7.4851507e+01      +7.2887616e-09      +1.5996983e-03      +1.9833740e-04      
4         -7.4851507e+01      +9.8173842e-09      +2.1546668e-03      +2.6714476e-04      
5         -7.4850809e+01      +6.9818897e-04      +1.5323477e+02      +1.8998699e+01      
6         -7.4850809e+01      +7.3982278e-09      +1.6237233e-03      +2.0131613e-04      
7         -7.4850809e+01      +7.5923197e-09      +1.6663215e-03      +2.0659764e-04      
8         -7.4850503e+01      +3.0523771e-04      +6.6991933e+01      +8.3059451e+00      
Total time taken:                   4.7465081 s
===============================================

===============================================
            Relativistic DSRG-MRPT2            
===============================================
-----------------------------------------------
        DSRG-MRPT2 reference relaxation        
-----------------------------------------------
Iter                          Energy              Delta E   
   -Eref  -74.8511626       
   -Ecorr -0.2136574       
<Psi^(0)|Hbar^(0)|Psi^(0)>    -75.0648200         -7.50648e+01
   -Erelax-0.0000001       
<Psi^(0)|Hbar^(1)|Psi^(0)>    -75.0648201         -7.79567e-08
   -Eref  -74.8511626       
   -Ecorr -0.2136573       
<Psi^(1)|Hbar^(1)|Psi^(1)>    -75.0648199         1.61116e-07
   -Erelax-0.0000000       
<Psi^(1)|Hbar^(2)|Psi^(1)>    -75.0648199         -3.89228e-09
   -Eref  -74.8511626       
   -Ecorr -0.2136574       
<Psi^(2)|Hbar^(2)|Psi^(2)>    -75.0648199         -2.93836e-08
   -Erelax-0.0000000       
<Psi^(2)|Hbar^(3)|Psi^(2)>    -75.0648199         -2.05048e-10
   -Eref  -74.8511626       
   -Ecorr -0.2136573       
<Psi^(3)|Hbar^(3)|Psi^(3)>    -75.0648199         7.14293e-09
   -Erelax-0.0000000       
<Psi^(3)|Hbar^(4)|Psi^(3)>    -75.0648199         -1.08002e-11
Unrelaxed DSRG-MRPT2 energy:               -75.0648200 Eh
Unrelaxed DSRG-MRPT2 E_corr:                -0.2136574 Eh
Partially relaxed DSRG-MRPT2 energy:       -75.0648201 Eh
Partially relaxed DSRG-MRPT2 E_corr:        -0.2136574 Eh
Relaxed DSRG-MRPT2 energy:                 -75.0648199 Eh
Relaxed DSRG-MRPT2 E_corr:                  -0.2136573 Eh
Fully relaxed DSRG-MRPT2 energy:           -75.0648199 Eh
Fully relaxed DSRG-MRPT2 E_corr:            -0.2136573 Eh
State     Energy / Eh         Splitting / Eh      Splitting / cm-1    Splitting / meV     
0         -7.5065106e+01      +0.0000000e+00      +0.0000000e+00      +0.0000000e+00      
1         -7.5065106e+01      +3.1975844e-09      +7.0178866e-04      +8.7010745e-05      
2         -7.5065106e+01      +2.4735272e-09      +5.4287646e-04      +6.7308135e-05      
3         -7.5065106e+01      +3.6510528e-09      +8.0131346e-04      +9.9350254e-05      
4         -7.5065106e+01      +4.3932857e-09      +9.6421476e-04      +1.1954745e-04      
5         -7.5064523e+01      +5.8347286e-04      +1.2805749e+02      +1.5877113e+01      
6         -7.5064523e+01      +3.5411034e-09      +7.7718236e-04      +9.6358378e-05      
7         -7.5064523e+01      +3.1719054e-09      +6.9615277e-04      +8.6311984e-05      
8         -7.5064279e+01      +2.4353839e-04      +5.3450498e+01      +6.6270202e+00      
Time taken:                       42.2461421 s
===============================================
===============================================
              PySCF DHF interface              
===============================================
Will now allocate 1.593 GB disk space for the AO ERI tensor!

Timing report
....integral retrieval:            0.6988854 s
....integral transformation:       3.6839840 s

===============================================
            Relativistic CASCI(7,8)            
===============================================
Will now allocate 0.001 MB memory for the CASCI Hamiltonian!
Time taken for 1-RDM build:        0.0020139 s
Time taken for 1-RDM build:        0.0019891 s
Time taken for 1-RDM build:        0.0019810 s
Time taken for 1-RDM build:        0.0019805 s
Time taken for 1-RDM build:        0.0019760 s
Time taken for 1-RDM build:        0.0019784 s
Time taken for 2-RDM build:        0.0031867 s
Time taken for 2-RDM build:        0.0031080 s
Time taken for 2-RDM build:        0.0031021 s
Time taken for 2-RDM build:        0.0031016 s
Time taken for 2-RDM build:        0.0031075 s
Time taken for 2-RDM build:        0.0031083 s
Time taken for 3-RDM build:        0.0326157 s
Time taken for 3-RDM build:        0.0323262 s
Time taken for 3-RDM build:        0.0323310 s
Time taken for 3-RDM build:        0.0323505 s
Time taken for 3-RDM build:        0.0325067 s
Time taken for 3-RDM build:        0.0323474 s
E_frzc:                          -75.5478008 Eh
E_cas:                           -23.9325131 Eh
E_nuc:                             0.0000000 Eh
E_casci:                         -99.4797328 Eh
E0 (from RDM):                   -99.4797328 Eh
Ecorr:                            -0.1043819 Eh

Timing summary
... Hamil build:                    0.0062108 s
... Hamil diag:                     0.0002005 s
... RDM build:                      2.9920917 s
State     Energy / Eh         Splitting / Eh      Splitting / cm-1    Splitting / meV     
0         -9.9480314e+01      +0.0000000e+00      +0.0000000e+00      +0.0000000e+00      
1         -9.9480314e+01      +2.4031038e-08      +5.2742033e-03      +6.5391818e-04      
2         -9.9480314e+01      +6.9549628e-09      +1.5264379e-03      +1.8925427e-04      
3         -9.9480314e+01      +2.1663126e-08      +4.7545067e-03      +5.8948398e-04      
4         -9.9478571e+01      +1.7431739e-03      +3.8258245e+02      +4.7434202e+01      
5         -9.9478571e+01      +1.6993965e-08      +3.7297443e-03      +4.6242957e-04      
Total time taken:                   3.1891594 s
===============================================

===============================================
            Relativistic DSRG-MRPT2            
===============================================
-----------------------------------------------
        DSRG-MRPT2 reference relaxation        
-----------------------------------------------
Iter                          Energy              Delta E   
   -Eref  -99.4797328       
   -Ecorr -0.2695798       
<Psi^(0)|Hbar^(0)|Psi^(0)>    -99.7493126         -9.97493e+01
   -Erelax0.0000000       
<Psi^(0)|Hbar^(1)|Psi^(0)>    -99.7493126         0.00000e+00
   -Eref  -99.4797328       
   -Ecorr -0.2695798       
<Psi^(1)|Hbar^(1)|Psi^(1)>    -99.7493126         -2.84217e-14
   -Erelax0.0000000       
<Psi^(1)|Hbar^(2)|Psi^(1)>    -99.7493126         2.84217e-14
Unrelaxed DSRG-MRPT2 energy:               -99.7493126 Eh
Unrelaxed DSRG-MRPT2 E_corr:                -0.2695798 Eh
Partially relaxed DSRG-MRPT2 energy:       -99.7493126 Eh
Partially relaxed DSRG-MRPT2 E_corr:        -0.2695798 Eh
Relaxed DSRG-MRPT2 energy:                 -99.7493126 Eh
Relaxed DSRG-MRPT2 E_corr:                  -0.2695798 Eh
Fully relaxed DSRG-MRPT2 energy:           -99.7493126 Eh
Fully relaxed DSRG-MRPT2 E_corr:            -0.2695798 Eh
State     Energy / Eh         Splitting / Eh      Splitting / cm-1    Splitting / meV     
0         -9.9749890e+01      +0.0000000e+00      +0.0000000e+00      +0.0000000e+00      
1         -9.9749890e+01      +6.4419226e-09      +1.4138386e-03      +1.7529372e-04      
2         -9.9749890e+01      +5.7249991e-09      +1.2564921e-03      +1.5578524e-04      
3         -9.9749890e+01      +3.7797889e-09      +8.2956778e-04      +1.0285334e-04      
4         -9.9748158e+01      +1.7323131e-03      +3.8019878e+02      +4.7138663e+01      
5         -9.9748158e+01      +6.9825745e-09      +1.5324980e-03      +1.9000562e-04      
Time taken:                       15.9689860 s
===============================================
===============================================
              PySCF DHF interface              
===============================================
Will now allocate 0.320 MB disk space for the frozen core ERI tensor!
Will now allocate 74.650 MB disk space for the aacc and acca ERI tensor!
Will now allocate 4.354 GB disk space for the AO ERI tensor!

Timing report
....integral retrieval:            2.6231902 s
....integral transformation:       9.0916572 s

===============================================
            Relativistic CASCI(3,8)            
===============================================
Will now allocate 0.050 MB memory for the CASCI Hamiltonian!
Time taken for 1-RDM build:        0.0257616 s
Time taken for 1-RDM build:        0.0256867 s
Time taken for 1-RDM build:        0.0260375 s
Time taken for 1-RDM build:        0.0258529 s
Time taken for 1-RDM build:        0.0256553 s
Time taken for 1-RDM build:        0.0257425 s
Time taken for 2-RDM build:        0.0900838 s
Time taken for 2-RDM build:        0.0899193 s
Time taken for 2-RDM build:        0.0901039 s
Time taken for 2-RDM build:        0.0903177 s
Time taken for 2-RDM build:        0.0901496 s
Time taken for 2-RDM build:        0.0900905 s
Time taken for 3-RDM build:        0.1997793 s
Time taken for 3-RDM build:        0.1987696 s
Time taken for 3-RDM build:        0.1986592 s
Time taken for 3-RDM build:        0.1991916 s
Time taken for 3-RDM build:        0.1989493 s
Time taken for 3-RDM build:        0.1992269 s
E_frzc:                            0.0000000 Eh
E_cas:                            -1.8986420 Eh
E_nuc:                       -240.4061812+0.0000000j Eh
E_casci:                     -242.3045291+0.0000000j Eh
E0 (from RDM):                  -242.3045291 Eh
Ecorr:                            -0.1899047 Eh

Timing summary
... Hamil build:                    0.0608418 s
... Hamil diag:                     0.0241358 s
... RDM build:                      8.2268462 s
State     Energy / Eh         Splitting / Eh      Splitting / cm-1    Splitting / meV     
0         -2.4230482e+02      +0.0000000e+00      +0.0000000e+00      +0.0000000e+00      
1         -2.4230482e+02      +1.0992665e-09      +2.4126110e-04      +2.9912578e-05      
2         -2.4230438e+02      +4.4107881e-04      +9.6805609e+01      +1.2002372e+01      
3         -2.4230438e+02      +1.0805650e-09      +2.3715660e-04      +2.9403685e-05      
4         -2.4230438e+02      +8.9775654e-10      +1.9703478e-04      +2.4429211e-05      
5         -2.4230438e+02      +3.6629899e-10      +8.0393336e-05      +9.9675080e-06      
Total time taken:                   8.7854145 s
===============================================

===============================================
            Relativistic DSRG-MRPT2            
===============================================
-----------------------------------------------
        DSRG-MRPT2 reference relaxation        
-----------------------------------------------
Iter                          Energy              Delta E   
   -Eref  -242.3045291       
   -Ecorr -0.0157711       
<Psi^(0)|Hbar^(0)|Psi^(0)>    -242.3203002        -2.42320e+02
   -Erelax-0.0001554       
<Psi^(0)|Hbar^(1)|Psi^(0)>    -242.3204556        -1.55377e-04
   -Eref  -242.3043741       
   -Ecorr -0.0160560       
<Psi^(1)|Hbar^(1)|Psi^(1)>    -242.3204302        2.54278e-05
   -Erelax-0.0000000       
<Psi^(1)|Hbar^(2)|Psi^(1)>    -242.3204302        -3.74854e-10
   -Eref  -242.3043737       
   -Ecorr -0.0160565       
<Psi^(2)|Hbar^(2)|Psi^(2)>    -242.3204301        3.74093e-08
   -Erelax-0.0000000       
<Psi^(2)|Hbar^(3)|Psi^(2)>    -242.3204301        0.00000e+00
   -Eref  -242.3043737       
   -Ecorr -0.0160565       
<Psi^(3)|Hbar^(3)|Psi^(3)>    -242.3204301        5.39160e-11
   -Erelax-0.0000000       
<Psi^(3)|Hbar^(4)|Psi^(3)>    -242.3204301        0.00000e+00
Unrelaxed DSRG-MRPT2 energy:              -242.3203002 Eh
Unrelaxed DSRG-MRPT2 E_corr:                -0.0157711 Eh
Partially relaxed DSRG-MRPT2 energy:      -242.3204556 Eh
Partially relaxed DSRG-MRPT2 E_corr:        -0.0159265 Eh
Relaxed DSRG-MRPT2 energy:                -242.3204302 Eh
Relaxed DSRG-MRPT2 E_corr:                  -0.0160560 Eh
Fully relaxed DSRG-MRPT2 energy:          -242.3204301 Eh
Fully relaxed DSRG-MRPT2 E_corr:            -0.0160565 Eh
State     Energy / Eh         Splitting / Eh      Splitting / cm-1    Splitting / meV     
0         -2.4232075e+02      +0.0000000e+00      +0.0000000e+00      +0.0000000e+00      
1         -2.4232075e+02      +8.1161033e-10      +1.7812788e-04      +2.2085053e-05      
2         -2.4232027e+02      +4.7958079e-04      +1.0525582e+02      +1.3050064e+01      
3         -2.4232027e+02      +7.7986329e-10      +1.7116021e-04      +2.1221171e-05      
4         -2.4232027e+02      +6.2732397e-10      +1.3768170e-04      +1.7070363e-05      
5         -2.4232027e+02      +2.8188651e-10      +6.1866938e-05      +7.6705264e-06      
Time taken:                       74.1855216 s
===============================================
===============================================
              PySCF DHF interface              
===============================================
Will now allocate 0.320 MB disk space for the frozen core ERI tensor!
Will now allocate 74.650 MB disk space for the aacc and acca ERI tensor!
Will now allocate 4.354 GB disk space for the AO ERI tensor!

Timing report
....integral retrieval:            2.6440618 s
....integral transformation:       9.2407086 s

===============================================
            Relativistic CASCI(4,8)            
===============================================
Will now allocate 0.078 MB memory for the CASCI Hamiltonian!
Time taken for 1-RDM build:        0.0325997 s
Time taken for 1-RDM build:        0.0330548 s
Time taken for 1-RDM build:        0.0343127 s
Time taken for 1-RDM build:        0.0346460 s
Time taken for 1-RDM build:        0.0344903 s
Time taken for 1-RDM build:        0.0324907 s
Time taken for 1-RDM build:        0.0307317 s
Time taken for 1-RDM build:        0.0307639 s
Time taken for 1-RDM build:        0.0305421 s
Time taken for 2-RDM build:        0.1326175 s
Time taken for 2-RDM build:        0.1321476 s
Time taken for 2-RDM build:        0.1321318 s
Time taken for 2-RDM build:        0.1326013 s
Time taken for 2-RDM build:        0.1321931 s
Time taken for 2-RDM build:        0.1321747 s
Time taken for 2-RDM build:        0.1322327 s
Time taken for 2-RDM build:        0.1324697 s
Time taken for 2-RDM build:        0.1325510 s
Time taken for 3-RDM build:        0.4165971 s
Time taken for 3-RDM build:        0.4155788 s
Time taken for 3-RDM build:        0.4151497 s
Time taken for 3-RDM build:        0.4149618 s
Time taken for 3-RDM build:        0.4152412 s
Time taken for 3-RDM build:        0.4153256 s
Time taken for 3-RDM build:        0.4152839 s
Time taken for 3-RDM build:        0.4151587 s
Time taken for 3-RDM build:        0.4145133 s
E_frzc:                            0.0000000 Eh
E_cas:                            -3.6921024 Eh
E_nuc:                       -285.7423197+0.0000000j Eh
E_casci:                     -289.4337768+0.0000000j Eh
E0 (from RDM):                  -289.4337768 Eh
Ecorr:                            -0.2329780 Eh

Timing summary
... Hamil build:                    0.0942383 s
... Hamil diag:                     0.0166094 s
... RDM build:                     11.4170537 s
State     Energy / Eh         Splitting / Eh      Splitting / cm-1    Splitting / meV     
0         -2.8943442e+02      +0.0000000e+00      +0.0000000e+00      +0.0000000e+00      
1         -2.8943409e+02      +3.3211201e-04      +7.2890160e+01      +9.0372324e+00      
2         -2.8943409e+02      +8.1735152e-10      +1.7938792e-04      +2.2241278e-05      
3         -2.8943409e+02      +8.9210062e-10      +1.9579345e-04      +2.4275306e-05      
4         -2.8943346e+02      +6.3005266e-04      +1.3828057e+02      +1.7144614e+01      
5         -2.8943346e+02      +2.5920599e-10      +5.6889139e-05      +7.0533576e-06      
6         -2.8943346e+02      +7.8654239e-10      +1.7262610e-04      +2.1402919e-05      
7         -2.8943346e+02      +6.1896799e-10      +1.3584777e-04      +1.6842985e-05      
8         -2.8943346e+02      +4.2439297e-10      +9.3143489e-05      +1.1548326e-05      
Total time taken:                  12.0034032 s
===============================================

===============================================
            Relativistic DSRG-MRPT2            
===============================================
-----------------------------------------------
        DSRG-MRPT2 reference relaxation        
-----------------------------------------------
Iter                          Energy              Delta E   
   -Eref  -289.4337768       
   -Ecorr -0.0388129       
<Psi^(0)|Hbar^(0)|Psi^(0)>    -289.4725897        -2.89473e+02
   -Erelax-0.0000784       
<Psi^(0)|Hbar^(1)|Psi^(0)>    -289.4726681        -7.83917e-05
   -Eref  -289.4336987       
   -Ecorr -0.0389859       
<Psi^(1)|Hbar^(1)|Psi^(1)>    -289.4726846        -1.64467e-05
   -Erelax-0.0000000       
<Psi^(1)|Hbar^(2)|Psi^(1)>    -289.4726846        -1.47963e-10
   -Eref  -289.4336988       
   -Ecorr -0.0389858       
<Psi^(2)|Hbar^(2)|Psi^(2)>    -289.4726846        1.07702e-08
   -Erelax-0.0000000       
<Psi^(2)|Hbar^(3)|Psi^(2)>    -289.4726846        -1.13687e-13
   -Eref  -289.4336988       
   -Ecorr -0.0389858       
<Psi^(3)|Hbar^(3)|Psi^(3)>    -289.4726846        2.60911e-11
   -Erelax-0.0000000       
<Psi^(3)|Hbar^(4)|Psi^(3)>    -289.4726846        0.00000e+00
Unrelaxed DSRG-MRPT2 energy:              -289.4725897 Eh
Unrelaxed DSRG-MRPT2 E_corr:                -0.0388129 Eh
Partially relaxed DSRG-MRPT2 energy:      -289.4726681 Eh
Partially relaxed DSRG-MRPT2 E_corr:        -0.0388913 Eh
Relaxed DSRG-MRPT2 energy:                -289.4726846 Eh
Relaxed DSRG-MRPT2 E_corr:                  -0.0389859 Eh
Fully relaxed DSRG-MRPT2 energy:          -289.4726846 Eh
Fully relaxed DSRG-MRPT2 E_corr:            -0.0389858 Eh
State     Energy / Eh         Splitting / Eh      Splitting / cm-1    Splitting / meV     
0         -2.8947338e+02      +0.0000000e+00      +0.0000000e+00      +0.0000000e+00      
1         -2.8947302e+02      +3.5684527e-04      +7.8318484e+01      +9.7102591e+00      
2         -2.8947302e+02      +5.3239546e-10      +1.1684730e-04      +1.4487225e-05      
3         -2.8947302e+02      +5.5979399e-10      +1.2286058e-04      +1.5232778e-05      
4         -2.8947234e+02      +6.7526899e-04      +1.4820441e+02      +1.8375014e+01      
5         -2.8947234e+02      +1.9429081e-10      +4.2641903e-05      +5.2869246e-06      
6         -2.8947234e+02      +4.9249138e-10      +1.0808936e-04      +1.3401379e-05      
7         -2.8947234e+02      +4.3280579e-10      +9.4989891e-05      +1.1777251e-05      
8         -2.8947234e+02      +2.5119107e-10      +5.5130067e-05      +6.8352604e-06      
Time taken:                       84.0456541 s
===============================================
===============================================
              PySCF DHF interface              
===============================================
Will now allocate 0.320 MB disk space for the frozen core ERI tensor!
Will now allocate 74.650 MB disk space for the aacc and acca ERI tensor!
Will now allocate 4.354 GB disk space for the AO ERI tensor!

Timing report
....integral retrieval:            2.6346624 s
....integral transformation:       9.2135615 s

===============================================
            Relativistic CASCI(5,8)            
===============================================
Will now allocate 0.050 MB memory for the CASCI Hamiltonian!
Time taken for 1-RDM build:        0.0262420 s
Time taken for 1-RDM build:        0.0259109 s
Time taken for 1-RDM build:        0.0259769 s
Time taken for 1-RDM build:        0.0258532 s
Time taken for 1-RDM build:        0.0259376 s
Time taken for 1-RDM build:        0.0258904 s
Time taken for 1-RDM build:        0.0250490 s
Time taken for 1-RDM build:        0.0232866 s
Time taken for 1-RDM build:        0.0228796 s
Time taken for 1-RDM build:        0.0227737 s
Time taken for 1-RDM build:        0.0228376 s
Time taken for 1-RDM build:        0.0227690 s
Time taken for 1-RDM build:        0.0228481 s
Time taken for 1-RDM build:        0.0228441 s
Time taken for 2-RDM build:        0.0956793 s
Time taken for 2-RDM build:        0.0951777 s
Time taken for 2-RDM build:        0.0951686 s
Time taken for 2-RDM build:        0.0952632 s
Time taken for 2-RDM build:        0.0953293 s
Time taken for 2-RDM build:        0.0953839 s
Time taken for 2-RDM build:        0.0957737 s
Time taken for 2-RDM build:        0.0954006 s
Time taken for 2-RDM build:        0.0954330 s
Time taken for 2-RDM build:        0.0952229 s
Time taken for 2-RDM build:        0.0956445 s
Time taken for 2-RDM build:        0.0952969 s
Time taken for 2-RDM build:        0.0964167 s
Time taken for 2-RDM build:        0.0954685 s
Time taken for 3-RDM build:        0.3775895 s
Time taken for 3-RDM build:        0.3781557 s
Time taken for 3-RDM build:        0.3776574 s
Time taken for 3-RDM build:        0.3775997 s
Time taken for 3-RDM build:        0.3782384 s
Time taken for 3-RDM build:        0.3779116 s
Time taken for 3-RDM build:        0.3799450 s
Time taken for 3-RDM build:        0.3779042 s
Time taken for 3-RDM build:        0.3772483 s
Time taken for 3-RDM build:        0.3779061 s
Time taken for 3-RDM build:        0.3776991 s
Time taken for 3-RDM build:        0.3775899 s
Time taken for 3-RDM build:        0.3776841 s
Time taken for 3-RDM build:        0.3773263 s
E_frzc:                            0.0000000 Eh
E_cas:                            -6.3636403 Eh
E_nuc:                       -335.1272672-0.0000000j Eh
E_casci:                     -341.4410664-0.0000000j Eh
E0 (from RDM):                  -341.4410664 Eh
Ecorr:                            -0.2138107 Eh

Timing summary
... Hamil build:                    0.0735412 s
... Hamil diag:                     0.0117159 s
... RDM build:                     12.7411242 s
State     Energy / Eh         Splitting / Eh      Splitting / cm-1    Splitting / meV     
0         -3.4149091e+02      +0.0000000e+00      +0.0000000e+00      +0.0000000e+00      
1         -3.4149091e+02      +3.2849812e-10      +7.2097003e-05      +8.9388933e-06      
2         -3.4149091e+02      +3.2838443e-10      +7.2072051e-05      +8.9357998e-06      
3         -3.4149091e+02      +3.2792968e-10      +7.1972246e-05      +8.9234255e-06      
4         -3.4142117e+02      +6.9735531e-02      +1.5305180e+04      +1.8976014e+03      
5         -3.4142117e+02      +1.5667752e-09      +3.4386740e-04      +4.2634144e-05      
6         -3.4142117e+02      +1.3034196e-09      +2.8606753e-04      +3.5467871e-05      
7         -3.4142117e+02      +1.7383286e-09      +3.8151902e-04      +4.7302353e-05      
8         -3.4142110e+02      +6.9890622e-05      +1.5339218e+01      +1.9018216e+00      
9         -3.4142110e+02      +9.2740038e-10      +2.0354085e-04      +2.5235862e-05      
10        -3.4142110e+02      +9.6150643e-10      +2.1102627e-04      +2.6163935e-05      
11        -3.4142110e+02      +7.5050366e-10      +1.6471651e-04      +2.0422255e-05      
12        -3.4142110e+02      +9.6383701e-10      +2.1153777e-04      +2.6227353e-05      
13        -3.4142110e+02      +1.9558115e-09      +4.2925101e-04      +5.3220367e-05      
Total time taken:                  13.3013918 s
===============================================

===============================================
            Relativistic DSRG-MRPT2            
===============================================
-----------------------------------------------
        DSRG-MRPT2 reference relaxation        
-----------------------------------------------
Iter                          Energy              Delta E   
   -Eref  -341.4410664       
   -Ecorr -0.0782876       
<Psi^(0)|Hbar^(0)|Psi^(0)>    -341.5193540        -3.41519e+02
   -Erelax-0.0000006       
<Psi^(0)|Hbar^(1)|Psi^(0)>    -341.5193546        -5.79443e-07
   -Eref  -341.4410659       
   -Ecorr -0.0782889       
<Psi^(1)|Hbar^(1)|Psi^(1)>    -341.5193548        -2.61325e-07
   -Erelax-0.0000000       
<Psi^(1)|Hbar^(2)|Psi^(1)>    -341.5193548        -5.31486e-11
   -Eref  -341.4410659       
   -Ecorr -0.0782889       
<Psi^(2)|Hbar^(2)|Psi^(2)>    -341.5193548        2.41289e-09
   -Erelax-0.0000000       
<Psi^(2)|Hbar^(3)|Psi^(2)>    -341.5193548        0.00000e+00
Unrelaxed DSRG-MRPT2 energy:              -341.5193540 Eh
Unrelaxed DSRG-MRPT2 E_corr:                -0.0782876 Eh
Partially relaxed DSRG-MRPT2 energy:      -341.5193546 Eh
Partially relaxed DSRG-MRPT2 E_corr:        -0.0782882 Eh
Relaxed DSRG-MRPT2 energy:                -341.5193548 Eh
Relaxed DSRG-MRPT2 E_corr:                  -0.0782889 Eh
Fully relaxed DSRG-MRPT2 energy:          -341.5193548 Eh
Fully relaxed DSRG-MRPT2 E_corr:            -0.0782889 Eh
State     Energy / Eh         Splitting / Eh      Splitting / cm-1    Splitting / meV     
0         -3.4156239e+02      +0.0000000e+00      +0.0000000e+00      +0.0000000e+00      
1         -3.4156239e+02      +2.9569946e-10      +6.4898531e-05      +8.0463961e-06      
2         -3.4156239e+02      +2.9552893e-10      +6.4861104e-05      +8.0417558e-06      
3         -3.4156239e+02      +2.9552893e-10      +6.4861104e-05      +8.0417558e-06      
4         -3.4150218e+02      +6.0208597e-02      +1.3214260e+04      +1.6383602e+03      
5         -3.4150218e+02      +7.1850081e-10      +1.5769270e-04      +1.9551412e-05      
6         -3.4150218e+02      +5.7491434e-10      +1.2617911e-04      +1.5644223e-05      
7         -3.4150218e+02      +7.9131723e-10      +1.7367406e-04      +2.1532849e-05      
8         -3.4150212e+02      +6.4258479e-05      +1.4103106e+01      +1.7485631e+00      
9         -3.4150212e+02      +4.2109605e-10      +9.2419899e-05      +1.1458613e-05      
10        -3.4150212e+02      +3.6692427e-10      +8.0530568e-05      +9.9845227e-06      
11        -3.4150212e+02      +3.7658765e-10      +8.2651435e-05      +1.0247477e-05      
12        -3.4150212e+02      +4.5832849e-10      +1.0059147e-04      +1.2471759e-05      
13        -3.4150212e+02      +7.5760909e-10      +1.6627597e-04      +2.0615603e-05      
Time taken:                       60.3560643 s
===============================================
===============================================
              PySCF DHF interface              
===============================================
Will now allocate 0.320 MB disk space for the frozen core ERI tensor!
Will now allocate 74.650 MB disk space for the aacc and acca ERI tensor!
Will now allocate 4.354 GB disk space for the AO ERI tensor!

Timing report
....integral retrieval:            2.6705658 s
....integral transformation:       9.6544249 s

===============================================
            Relativistic CASCI(6,8)            
===============================================
Will now allocate 0.013 MB memory for the CASCI Hamiltonian!
Time taken for 1-RDM build:        0.0101826 s
Time taken for 1-RDM build:        0.0101311 s
Time taken for 1-RDM build:        0.0101445 s
Time taken for 1-RDM build:        0.0101521 s
Time taken for 1-RDM build:        0.0101531 s
Time taken for 1-RDM build:        0.0101538 s
Time taken for 1-RDM build:        0.0101833 s
Time taken for 1-RDM build:        0.0101516 s
Time taken for 1-RDM build:        0.0101731 s
Time taken for 2-RDM build:        0.0305812 s
Time taken for 2-RDM build:        0.0304723 s
Time taken for 2-RDM build:        0.0304213 s
Time taken for 2-RDM build:        0.0304441 s
Time taken for 2-RDM build:        0.0305433 s
Time taken for 2-RDM build:        0.0305047 s
Time taken for 2-RDM build:        0.0306180 s
Time taken for 2-RDM build:        0.0305250 s
Time taken for 2-RDM build:        0.0305610 s
Time taken for 3-RDM build:        0.1571736 s
Time taken for 3-RDM build:        0.1567996 s
Time taken for 3-RDM build:        0.1568470 s
Time taken for 3-RDM build:        0.1568723 s
Time taken for 3-RDM build:        0.1568468 s
Time taken for 3-RDM build:        0.1571867 s
Time taken for 3-RDM build:        0.1569469 s
Time taken for 3-RDM build:        0.1568739 s
Time taken for 3-RDM build:        0.1572421 s
E_frzc:                            0.0000000 Eh
E_cas:                            -9.9659359 Eh
E_nuc:                       -388.5675376-0.0000000j Eh
E_casci:                     -398.5325748-0.0000000j Eh
E0 (from RDM):                  -398.5325748 Eh
Ecorr:                            -0.1603097 Eh

Timing summary
... Hamil build:                    0.0283620 s
... Hamil diag:                     0.0086153 s
... RDM build:                      7.8149700 s
State     Energy / Eh         Splitting / Eh      Splitting / cm-1    Splitting / meV     
0         -3.9853347e+02      +0.0000000e+00      +0.0000000e+00      +0.0000000e+00      
1         -3.9853347e+02      +5.6296585e-09      +1.2355672e-03      +1.5319088e-04      
2         -3.9853347e+02      +5.9783360e-09      +1.3120931e-03      +1.6267889e-04      
3         -3.9853347e+02      +5.6479053e-09      +1.2395719e-03      +1.5368740e-04      
4         -3.9853347e+02      +5.6580234e-09      +1.2417926e-03      +1.5396273e-04      
5         -3.9853166e+02      +1.8163270e-03      +3.9863770e+02      +4.9424800e+01      
6         -3.9853166e+02      +3.5533390e-09      +7.7986775e-04      +9.6691324e-05      
7         -3.9853166e+02      +3.5755079e-09      +7.8473327e-04      +9.7294572e-05      
8         -3.9853083e+02      +8.2294816e-04      +1.8061624e+02      +2.2393571e+01      
Total time taken:                   8.3269534 s
===============================================

===============================================
            Relativistic DSRG-MRPT2            
===============================================
-----------------------------------------------
        DSRG-MRPT2 reference relaxation        
-----------------------------------------------
Iter                          Energy              Delta E   
   -Eref  -398.5325748       
   -Ecorr -0.1198923       
<Psi^(0)|Hbar^(0)|Psi^(0)>    -398.6524671        -3.98652e+02
   -Erelax-0.0000001       
<Psi^(0)|Hbar^(1)|Psi^(0)>    -398.6524673        -1.39083e-07
   -Eref  -398.5325747       
   -Ecorr -0.1198927       
<Psi^(1)|Hbar^(1)|Psi^(1)>    -398.6524674        -7.54571e-08
   -Erelax-0.0000000       
<Psi^(1)|Hbar^(2)|Psi^(1)>    -398.6524674        -1.09253e-10
   -Eref  -398.5325747       
   -Ecorr -0.1198927       
<Psi^(2)|Hbar^(2)|Psi^(2)>    -398.6524673        3.14839e-09
   -Erelax-0.0000000       
<Psi^(2)|Hbar^(3)|Psi^(2)>    -398.6524673        -6.25278e-13
Unrelaxed DSRG-MRPT2 energy:              -398.6524671 Eh
Unrelaxed DSRG-MRPT2 E_corr:                -0.1198923 Eh
Partially relaxed DSRG-MRPT2 energy:      -398.6524673 Eh
Partially relaxed DSRG-MRPT2 E_corr:        -0.1198924 Eh
Relaxed DSRG-MRPT2 energy:                -398.6524674 Eh
Relaxed DSRG-MRPT2 E_corr:                  -0.1198927 Eh
Fully relaxed DSRG-MRPT2 energy:          -398.6524673 Eh
Fully relaxed DSRG-MRPT2 E_corr:            -0.1198927 Eh
State     Energy / Eh         Splitting / Eh      Splitting / cm-1    Splitting / meV     
0         -3.9865332e+02      +0.0000000e+00      +0.0000000e+00      +0.0000000e+00      
1         -3.9865332e+02      +2.2312179e-09      +4.8969572e-04      +6.0714560e-05      
2         -3.9865332e+02      +1.7226398e-09      +3.7807573e-04      +4.6875439e-05      
3         -3.9865332e+02      +1.6027002e-09      +3.5175203e-04      +4.3611714e-05      
4         -3.9865332e+02      +2.0455673e-09      +4.4895012e-04      +5.5662747e-05      
5         -3.9865160e+02      +1.7204502e-03      +3.7759517e+02      +4.6815856e+01      
6         -3.9865160e+02      +9.4252073e-10      +2.0685939e-04      +2.5647308e-05      
7         -3.9865160e+02      +1.0983854e-09      +2.4106773e-04      +2.9888603e-05      
8         -3.9865082e+02      +7.8314347e-04      +1.7188012e+02      +2.1310429e+01      
Time taken:                       49.7112513 s
===============================================
===============================================
              PySCF DHF interface              
===============================================
Will now allocate 0.320 MB disk space for the frozen core ERI tensor!
Will now allocate 74.650 MB disk space for the aacc and acca ERI tensor!
Will now allocate 4.354 GB disk space for the AO ERI tensor!

Timing report
....integral retrieval:            2.6257837 s
....integral transformation:      10.0077641 s

===============================================
            Relativistic CASCI(7,8)            
===============================================
Will now allocate 0.001 MB memory for the CASCI Hamiltonian!
Time taken for 1-RDM build:        0.0015216 s
Time taken for 1-RDM build:        0.0015059 s
Time taken for 1-RDM build:        0.0015411 s
Time taken for 1-RDM build:        0.0015068 s
Time taken for 1-RDM build:        0.0015051 s
Time taken for 1-RDM build:        0.0015030 s
Time taken for 2-RDM build:        0.0032303 s
Time taken for 2-RDM build:        0.0031066 s
Time taken for 2-RDM build:        0.0031095 s
Time taken for 2-RDM build:        0.0031168 s
Time taken for 2-RDM build:        0.0031164 s
Time taken for 2-RDM build:        0.0031068 s
Time taken for 3-RDM build:        0.0286598 s
Time taken for 3-RDM build:        0.0283470 s
Time taken for 3-RDM build:        0.0283470 s
Time taken for 3-RDM build:        0.0283566 s
Time taken for 3-RDM build:        0.0283697 s
Time taken for 3-RDM build:        0.0283840 s
E_frzc:                            0.0000000 Eh
E_cas:                           -14.7582517 Eh
E_nuc:                       -446.0682972-0.0000000j Eh
E_casci:                     -460.8252020-0.0000000j Eh
E0 (from RDM):                  -460.8252020 Eh
Ecorr:                             0.0013470 Eh

Timing summary
... Hamil build:                    0.0046401 s
... Hamil diag:                     0.0001566 s
... RDM build:                      6.0936706 s
State     Energy / Eh         Splitting / Eh      Splitting / cm-1    Splitting / meV     
0         -4.6082655e+02      +0.0000000e+00      +0.0000000e+00      +0.0000000e+00      
1         -4.6082655e+02      +1.2022326e-08      +2.6385956e-03      +3.2714432e-04      
2         -4.6082655e+02      +5.7600573e-09      +1.2641864e-03      +1.5673922e-04      
3         -4.6082655e+02      +1.1622035e-08      +2.5507418e-03      +3.1625183e-04      
4         -4.6082251e+02      +4.0408198e-03      +8.8685742e+02      +1.0995636e+02      
5         -4.6082251e+02      +2.0031848e-08      +4.3964825e-03      +5.4509461e-04      
Total time taken:                   6.5727103 s
===============================================

===============================================
            Relativistic DSRG-MRPT2            
===============================================
-----------------------------------------------
        DSRG-MRPT2 reference relaxation        
-----------------------------------------------
Iter                          Energy              Delta E   
   -Eref  -460.8252020       
   -Ecorr -0.1675151       
<Psi^(0)|Hbar^(0)|Psi^(0)>    -460.9927170        -4.60993e+02
   -Erelax-0.0000000       
<Psi^(0)|Hbar^(1)|Psi^(0)>    -460.9927170        0.00000e+00
   -Eref  -460.8252020       
   -Ecorr -0.1675151       
<Psi^(1)|Hbar^(1)|Psi^(1)>    -460.9927170        5.68434e-14
   -Erelax0.0000000       
<Psi^(1)|Hbar^(2)|Psi^(1)>    -460.9927170        0.00000e+00
Unrelaxed DSRG-MRPT2 energy:              -460.9927170 Eh
Unrelaxed DSRG-MRPT2 E_corr:                -0.1675151 Eh
Partially relaxed DSRG-MRPT2 energy:      -460.9927170 Eh
Partially relaxed DSRG-MRPT2 E_corr:        -0.1675151 Eh
Relaxed DSRG-MRPT2 energy:                -460.9927170 Eh
Relaxed DSRG-MRPT2 E_corr:                  -0.1675151 Eh
Fully relaxed DSRG-MRPT2 energy:          -460.9927170 Eh
Fully relaxed DSRG-MRPT2 E_corr:            -0.1675151 Eh
State     Energy / Eh         Splitting / Eh      Splitting / cm-1    Splitting / meV     
0         -4.6099406e+02      +0.0000000e+00      +0.0000000e+00      +0.0000000e+00      
1         -4.6099406e+02      +3.3535343e-09      +7.3601571e-04      +9.1254361e-05      
2         -4.6099406e+02      +2.4693350e-09      +5.4195638e-04      +6.7194059e-05      
3         -4.6099406e+02      +3.1135414e-09      +6.8334335e-04      +8.4723818e-05      
4         -4.6099003e+02      +4.0354012e-03      +8.8566818e+02      +1.0980891e+02      
5         -4.6099003e+02      +5.9069976e-09      +1.2964361e-03      +1.6073767e-04      
Time taken:                       25.8544648 s
===============================================
===============================================
              PySCF DHF interface              
===============================================
Will now allocate 19.669 MB disk space for the frozen core ERI tensor!
Will now allocate 1.888 GB disk space for the aacc and acca ERI tensor!
Will now allocate 45.327 GB disk space for the AO ERI tensor!

Timing report
....integral retrieval:           31.8943536 s
....integral transformation:     108.0209641 s

===============================================
            Relativistic CASCI(3,8)            
===============================================
Will now allocate 0.050 MB memory for the CASCI Hamiltonian!
Time taken for 1-RDM build:        0.0256991 s
Time taken for 1-RDM build:        0.0256701 s
Time taken for 1-RDM build:        0.0256560 s
Time taken for 1-RDM build:        0.0256481 s
Time taken for 1-RDM build:        0.0256796 s
Time taken for 1-RDM build:        0.0256631 s
Time taken for 2-RDM build:        0.0898438 s
Time taken for 2-RDM build:        0.0895979 s
Time taken for 2-RDM build:        0.0897641 s
Time taken for 2-RDM build:        0.0897610 s
Time taken for 2-RDM build:        0.0898402 s
Time taken for 2-RDM build:        0.0898659 s
Time taken for 3-RDM build:        0.1991260 s
Time taken for 3-RDM build:        0.1985486 s
Time taken for 3-RDM build:        0.1990283 s
Time taken for 3-RDM build:        0.1983576 s
Time taken for 3-RDM build:        0.1987329 s
Time taken for 3-RDM build:        0.1984844 s
E_frzc:                            0.0000000 Eh
E_cas:                            -2.0100161 Eh
E_nuc:                       -1939.7138290-0.0000000j Eh
E_casci:                     -1941.7217616-0.0000000j Eh
E0 (from RDM):                 -1941.7217616 Eh
Ecorr:                            -0.1944870 Eh

Timing summary
... Hamil build:                    0.0605907 s
... Hamil diag:                     0.0114963 s
... RDM build:                    153.5439062 s
State     Energy / Eh         Splitting / Eh      Splitting / cm-1    Splitting / meV     
0         -1.9417238e+03      +0.0000000e+00      +0.0000000e+00      +0.0000000e+00      
1         -1.9417238e+03      +1.0702479e-09      +2.3489226e-04      +2.9122942e-05      
2         -1.9417207e+03      +3.1252750e-03      +6.8591858e+02      +8.5043106e+01      
3         -1.9417207e+03      +1.1004886e-09      +2.4152933e-04      +2.9945834e-05      
4         -1.9417207e+03      +9.5178621e-10      +2.0889293e-04      +2.5899434e-05      
5         -1.9417207e+03      +6.4619599e-10      +1.4182362e-04      +1.7583897e-05      
Total time taken:                 158.2774014 s
===============================================

===============================================
            Relativistic DSRG-MRPT2            
===============================================
-----------------------------------------------
        DSRG-MRPT2 reference relaxation        
-----------------------------------------------
Iter                          Energy              Delta E   
   -Eref  -1941.7217616       
   -Ecorr -0.0172607       
<Psi^(0)|Hbar^(0)|Psi^(0)>    -1941.7390223       -1.94174e+03
   -Erelax-0.0001244       
<Psi^(0)|Hbar^(1)|Psi^(0)>    -1941.7391467       -1.24414e-04
   -Eref  -1941.7216380       
   -Ecorr -0.0174869       
<Psi^(1)|Hbar^(1)|Psi^(1)>    -1941.7391249       2.18674e-05
   -Erelax-0.0000000       
<Psi^(1)|Hbar^(2)|Psi^(1)>    -1941.7391249       -5.04770e-11
   -Eref  -1941.7216379       
   -Ecorr -0.0174870       
<Psi^(2)|Hbar^(2)|Psi^(2)>    -1941.7391249       1.29548e-08
   -Erelax-0.0000000       
<Psi^(2)|Hbar^(3)|Psi^(2)>    -1941.7391249       0.00000e+00
   -Eref  -1941.7216379       
   -Ecorr -0.0174870       
<Psi^(3)|Hbar^(3)|Psi^(3)>    -1941.7391249       7.27596e-12
   -Erelax0.0000000       
<Psi^(3)|Hbar^(4)|Psi^(3)>    -1941.7391249       0.00000e+00
Unrelaxed DSRG-MRPT2 energy:             -1941.7390223 Eh
Unrelaxed DSRG-MRPT2 E_corr:                -0.0172607 Eh
Partially relaxed DSRG-MRPT2 energy:     -1941.7391467 Eh
Partially relaxed DSRG-MRPT2 E_corr:        -0.0173851 Eh
Relaxed DSRG-MRPT2 energy:               -1941.7391249 Eh
Relaxed DSRG-MRPT2 E_corr:                  -0.0174869 Eh
Fully relaxed DSRG-MRPT2 energy:         -1941.7391249 Eh
Fully relaxed DSRG-MRPT2 E_corr:            -0.0174870 Eh
State     Energy / Eh         Splitting / Eh      Splitting / cm-1    Splitting / meV     
0         -1.9417414e+03      +0.0000000e+00      +0.0000000e+00      +0.0000000e+00      
1         -1.9417414e+03      +7.5033313e-10      +1.6467909e-04      +2.0417614e-05      
2         -1.9417380e+03      +3.3676088e-03      +7.3910469e+02      +9.1637346e+01      
3         -1.9417380e+03      +7.5692697e-10      +1.6612627e-04      +2.0597042e-05      
4         -1.9417380e+03      +6.7848305e-10      +1.4890982e-04      +1.8462473e-05      
5         -1.9417380e+03      +4.6452442e-10      +1.0195132e-04      +1.2640359e-05      
Time taken:                     1299.8904951 s
===============================================
===============================================
              PySCF DHF interface              
===============================================
Will now allocate 19.669 MB disk space for the frozen core ERI tensor!
Will now allocate 1.888 GB disk space for the aacc and acca ERI tensor!
Will now allocate 45.327 GB disk space for the AO ERI tensor!

Timing report
....integral retrieval:           31.9793751 s
....integral transformation:     132.3105323 s

===============================================
            Relativistic CASCI(4,8)            
===============================================
Will now allocate 0.078 MB memory for the CASCI Hamiltonian!
Time taken for 1-RDM build:        0.0347407 s
Time taken for 1-RDM build:        0.0349557 s
Time taken for 1-RDM build:        0.0346723 s
Time taken for 1-RDM build:        0.0346811 s
Time taken for 1-RDM build:        0.0343058 s
Time taken for 1-RDM build:        0.0319991 s
Time taken for 1-RDM build:        0.0305274 s
Time taken for 1-RDM build:        0.0305424 s
Time taken for 1-RDM build:        0.0304906 s
Time taken for 2-RDM build:        0.1325791 s
Time taken for 2-RDM build:        0.1325104 s
Time taken for 2-RDM build:        0.1324000 s
Time taken for 2-RDM build:        0.1326306 s
Time taken for 2-RDM build:        0.1324482 s
Time taken for 2-RDM build:        0.1322188 s
Time taken for 2-RDM build:        0.1322074 s
Time taken for 2-RDM build:        0.1328304 s
Time taken for 2-RDM build:        0.1325562 s
Time taken for 3-RDM build:        0.4168971 s
Time taken for 3-RDM build:        0.4161930 s
Time taken for 3-RDM build:        0.4165788 s
Time taken for 3-RDM build:        0.4170809 s
Time taken for 3-RDM build:        0.4161124 s
Time taken for 3-RDM build:        0.4161704 s
Time taken for 3-RDM build:        0.4159956 s
Time taken for 3-RDM build:        0.4167593 s
Time taken for 3-RDM build:        0.4156425 s
E_frzc:                            0.0000000 Eh
E_cas:                            -3.6862998 Eh
E_nuc:                       -2092.8592106-0.0000000j Eh
E_casci:                     -2096.5413860-0.0000000j Eh
E0 (from RDM):                 -2096.5413860 Eh
Ecorr:                            -0.2153364 Eh

Timing summary
... Hamil build:                    0.0939043 s
... Hamil diag:                     0.0116377 s
... RDM build:                     86.2889135 s
State     Energy / Eh         Splitting / Eh      Splitting / cm-1    Splitting / meV     
0         -2.0965455e+03      +0.0000000e+00      +0.0000000e+00      +0.0000000e+00      
1         -2.0965432e+03      +2.3344184e-03      +5.1234561e+02      +6.3522789e+01      
2         -2.0965432e+03      +6.4164851e-10      +1.4082557e-04      +1.7460154e-05      
3         -2.0965432e+03      +5.3205440e-10      +1.1677244e-04      +1.4477945e-05      
4         -2.0965395e+03      +3.6890520e-03      +8.0965333e+02      +1.0038427e+02      
5         -2.0965395e+03      +9.3723429e-10      +2.0569915e-04      +2.5503456e-05      
6         -2.0965395e+03      +1.0586518e-09      +2.3234722e-04      +2.8807397e-05      
7         -2.0965395e+03      +1.1709744e-09      +2.5699918e-04      +3.1863852e-05      
8         -2.0965395e+03      +1.0372787e-09      +2.2765636e-04      +2.8225805e-05      
Total time taken:                  91.0577273 s
===============================================

===============================================
            Relativistic DSRG-MRPT2            
===============================================
-----------------------------------------------
        DSRG-MRPT2 reference relaxation        
-----------------------------------------------
Iter                          Energy              Delta E   
   -Eref  -2096.5413860       
   -Ecorr -0.0368397       
<Psi^(0)|Hbar^(0)|Psi^(0)>    -2096.5782256       -2.09658e+03
   -Erelax-0.0000569       
<Psi^(0)|Hbar^(1)|Psi^(0)>    -2096.5782826       -5.69498e-05
   -Eref  -2096.5413286       
   -Ecorr -0.0369631       
<Psi^(1)|Hbar^(1)|Psi^(1)>    -2096.5782917       -9.08927e-06
   -Erelax-0.0000000       
<Psi^(1)|Hbar^(2)|Psi^(1)>    -2096.5782917       -2.08456e-09
   -Eref  -2096.5413285       
   -Ecorr -0.0369632       
<Psi^(2)|Hbar^(2)|Psi^(2)>    -2096.5782917       2.75909e-08
   -Erelax-0.0000000       
<Psi^(2)|Hbar^(3)|Psi^(2)>    -2096.5782917       -9.09495e-13
   -Eref  -2096.5413285       
   -Ecorr -0.0369632       
<Psi^(3)|Hbar^(3)|Psi^(3)>    -2096.5782917       4.95675e-10
   -Erelax0.0000000       
<Psi^(3)|Hbar^(4)|Psi^(3)>    -2096.5782917       0.00000e+00
Unrelaxed DSRG-MRPT2 energy:             -2096.5782256 Eh
Unrelaxed DSRG-MRPT2 E_corr:                -0.0368397 Eh
Partially relaxed DSRG-MRPT2 energy:     -2096.5782826 Eh
Partially relaxed DSRG-MRPT2 E_corr:        -0.0368966 Eh
Relaxed DSRG-MRPT2 energy:               -2096.5782917 Eh
Relaxed DSRG-MRPT2 E_corr:                  -0.0369631 Eh
Fully relaxed DSRG-MRPT2 energy:         -2096.5782917 Eh
Fully relaxed DSRG-MRPT2 E_corr:            -0.0369632 Eh
State     Energy / Eh         Splitting / Eh      Splitting / cm-1    Splitting / meV     
0         -2.0965826e+03      +0.0000000e+00      +0.0000000e+00      +0.0000000e+00      
1         -2.0965801e+03      +2.4693698e-03      +5.4196403e+02      +6.7195007e+01      
2         -2.0965801e+03      +3.6970960e-10      +8.1141877e-05      +1.0060315e-05      
3         -2.0965801e+03      +3.0240699e-10      +6.6370662e-05      +8.2289172e-06      
4         -2.0965763e+03      +3.8297967e-03      +8.4054321e+02      +1.0421413e+02      
5         -2.0965763e+03      +5.4114935e-10      +1.1876855e-04      +1.4725431e-05      
6         -2.0965763e+03      +5.9390004e-10      +1.3034599e-04      +1.6160851e-05      
7         -2.0965763e+03      +6.3892003e-10      +1.4022674e-04      +1.7385908e-05      
8         -2.0965763e+03      +5.8480509e-10      +1.2834988e-04      +1.5913365e-05      
Time taken:                     1241.1110361 s
===============================================
===============================================
              PySCF DHF interface              
===============================================
Will now allocate 19.669 MB disk space for the frozen core ERI tensor!
Will now allocate 1.888 GB disk space for the aacc and acca ERI tensor!
Will now allocate 45.327 GB disk space for the AO ERI tensor!

Timing report
....integral retrieval:           31.9294839 s
....integral transformation:     114.2686639 s

===============================================
            Relativistic CASCI(5,8)            
===============================================
Will now allocate 0.050 MB memory for the CASCI Hamiltonian!
Time taken for 1-RDM build:        0.0259593 s
Time taken for 1-RDM build:        0.0258377 s
Time taken for 1-RDM build:        0.0268064 s
Time taken for 1-RDM build:        0.0313647 s
Time taken for 1-RDM build:        0.0300267 s
Time taken for 1-RDM build:        0.0299828 s
Time taken for 1-RDM build:        0.0299509 s
Time taken for 1-RDM build:        0.0299430 s
Time taken for 1-RDM build:        0.0299420 s
Time taken for 1-RDM build:        0.0299478 s
Time taken for 1-RDM build:        0.0299699 s
Time taken for 1-RDM build:        0.0298977 s
Time taken for 1-RDM build:        0.0299377 s
Time taken for 1-RDM build:        0.0302410 s
Time taken for 2-RDM build:        0.0958014 s
Time taken for 2-RDM build:        0.0956588 s
Time taken for 2-RDM build:        0.0956347 s
Time taken for 2-RDM build:        0.0957010 s
Time taken for 2-RDM build:        0.0955763 s
Time taken for 2-RDM build:        0.0954974 s
Time taken for 2-RDM build:        0.0956309 s
Time taken for 2-RDM build:        0.0955834 s
Time taken for 2-RDM build:        0.0955877 s
Time taken for 2-RDM build:        0.0955694 s
Time taken for 2-RDM build:        0.0955362 s
Time taken for 2-RDM build:        0.0955200 s
Time taken for 2-RDM build:        0.0955164 s
Time taken for 2-RDM build:        0.0954983 s
Time taken for 3-RDM build:        0.3812072 s
Time taken for 3-RDM build:        0.3808503 s
Time taken for 3-RDM build:        0.3809803 s
Time taken for 3-RDM build:        0.3811815 s
Time taken for 3-RDM build:        0.3810780 s
Time taken for 3-RDM build:        0.3810225 s
Time taken for 3-RDM build:        0.3812475 s
Time taken for 3-RDM build:        0.3805153 s
Time taken for 3-RDM build:        0.3806407 s
Time taken for 3-RDM build:        0.3807673 s
Time taken for 3-RDM build:        0.3807852 s
Time taken for 3-RDM build:        0.3808489 s
Time taken for 3-RDM build:        0.3808665 s
Time taken for 3-RDM build:        0.3809643 s
E_frzc:                            0.0000000 Eh
E_cas:                            -6.0718308 Eh
E_nuc:                       -2252.3726240-0.0000000j Eh
E_casci:                     -2258.3972569-0.0000000j Eh
E0 (from RDM):                 -2258.3972569 Eh
Ecorr:                            -0.0178409 Eh

Timing summary
... Hamil build:                    0.0731146 s
... Hamil diag:                     0.0208950 s
... RDM build:                     68.9482598 s
State     Energy / Eh         Splitting / Eh      Splitting / cm-1    Splitting / meV     
0         -2.2584445e+03      +0.0000000e+00      +0.0000000e+00      +0.0000000e+00      
1         -2.2584445e+03      +5.2432370e-10      +1.1507575e-04      +1.4267581e-05      
2         -2.2584445e+03      +5.2705218e-10      +1.1567458e-04      +1.4341827e-05      
3         -2.2584445e+03      +5.1386451e-10      +1.1278022e-04      +1.3982972e-05      
4         -2.2583793e+03      +6.5107933e-02      +1.4289540e+04      +1.7716780e+03      
5         -2.2583793e+03      +9.2904884e-10      +2.0390265e-04      +2.5280719e-05      
6         -2.2583793e+03      +1.1159500e-09      +2.4492271e-04      +3.0366561e-05      
7         -2.2583793e+03      +5.1250026e-10      +1.1248081e-04      +1.3945849e-05      
8         -2.2583777e+03      +1.6153755e-03      +3.5453394e+02      +4.3956628e+01      
9         -2.2583777e+03      +7.5033313e-10      +1.6467909e-04      +2.0417614e-05      
10        -2.2583777e+03      +4.8839865e-10      +1.0719111e-04      +1.3290011e-05      
11        -2.2583777e+03      +1.4611032e-09      +3.2067509e-04      +3.9758663e-05      
12        -2.2583777e+03      +1.6329977e-09      +3.5840157e-04      +4.4436153e-05      
13        -2.2583777e+03      +6.3982952e-10      +1.4042635e-04      +1.7410656e-05      
Total time taken:                  73.6903288 s
===============================================

===============================================
            Relativistic DSRG-MRPT2            
===============================================
-----------------------------------------------
        DSRG-MRPT2 reference relaxation        
-----------------------------------------------
Iter                          Energy              Delta E   
   -Eref  -2258.3972569       
   -Ecorr -0.0678560       
<Psi^(0)|Hbar^(0)|Psi^(0)>    -2258.4651128       -2.25847e+03
   -Erelax-0.0000071       
<Psi^(0)|Hbar^(1)|Psi^(0)>    -2258.4651199       -7.08647e-06
   -Eref  -2258.3972505       
   -Ecorr -0.0678722       
<Psi^(1)|Hbar^(1)|Psi^(1)>    -2258.4651227       -2.80985e-06
   -Erelax-0.0000000       
<Psi^(1)|Hbar^(2)|Psi^(1)>    -2258.4651227       -4.80213e-10
   -Eref  -2258.3972506       
   -Ecorr -0.0678721       
<Psi^(2)|Hbar^(2)|Psi^(2)>    -2258.4651227       2.55682e-08
   -Erelax-0.0000000       
<Psi^(2)|Hbar^(3)|Psi^(2)>    -2258.4651227       0.00000e+00
   -Eref  -2258.3972506       
   -Ecorr -0.0678721       
<Psi^(3)|Hbar^(3)|Psi^(3)>    -2258.4651227       -2.94222e-10
   -Erelax0.0000000       
<Psi^(3)|Hbar^(4)|Psi^(3)>    -2258.4651227       0.00000e+00
Unrelaxed DSRG-MRPT2 energy:             -2258.4651128 Eh
Unrelaxed DSRG-MRPT2 E_corr:                -0.0678560 Eh
Partially relaxed DSRG-MRPT2 energy:     -2258.4651199 Eh
Partially relaxed DSRG-MRPT2 E_corr:        -0.0678631 Eh
Relaxed DSRG-MRPT2 energy:               -2258.4651227 Eh
Relaxed DSRG-MRPT2 E_corr:                  -0.0678722 Eh
Fully relaxed DSRG-MRPT2 energy:         -2258.4651227 Eh
Fully relaxed DSRG-MRPT2 E_corr:            -0.0678721 Eh
State     Energy / Eh         Splitting / Eh      Splitting / cm-1    Splitting / meV     
0         -2.2585062e+03      +0.0000000e+00      +0.0000000e+00      +0.0000000e+00      
1         -2.2585062e+03      +4.3837645e-10      +9.6212508e-05      +1.1928836e-05      
2         -2.2585062e+03      +4.4519766e-10      +9.7709591e-05      +1.2114451e-05      
3         -2.2585062e+03      +4.3473847e-10      +9.5414064e-05      +1.1829842e-05      
4         -2.2584495e+03      +5.6685041e-02      +1.2440928e+04      +1.5424793e+03      
5         -2.2584495e+03      +3.7152859e-10      +8.1541099e-05      +1.0109813e-05      
6         -2.2584495e+03      +6.4846972e-10      +1.4232265e-04      +1.7645768e-05      
7         -2.2584495e+03      +2.6511771e-10      +5.8186610e-05      +7.2142237e-06      
8         -2.2584481e+03      +1.4534924e-03      +3.1900472e+02      +3.9551563e+01      
9         -2.2584481e+03      +3.8744474e-10      +8.5034292e-05      +1.0542913e-05      
10        -2.2584481e+03      +2.0918378e-10      +4.5910533e-05      +5.6921833e-06      
11        -2.2584481e+03      +6.6756911e-10      +1.4651448e-04      +1.8165489e-05      
12        -2.2584481e+03      +7.3350748e-10      +1.6098628e-04      +1.9959765e-05      
13        -2.2584481e+03      +2.2919266e-10      +5.0301975e-05      +6.2366531e-06      
Time taken:                      992.0043955 s
===============================================
===============================================
              PySCF DHF interface              
===============================================
Will now allocate 19.669 MB disk space for the frozen core ERI tensor!
Will now allocate 1.888 GB disk space for the aacc and acca ERI tensor!
Will now allocate 45.327 GB disk space for the AO ERI tensor!

Timing report
....integral retrieval:           32.0133138 s
....integral transformation:     105.0222502 s

===============================================
            Relativistic CASCI(6,8)            
===============================================
Will now allocate 0.013 MB memory for the CASCI Hamiltonian!
Time taken for 1-RDM build:        0.0227325 s
Time taken for 1-RDM build:        0.0195339 s
Time taken for 1-RDM build:        0.0175323 s
Time taken for 1-RDM build:        0.0158985 s
Time taken for 1-RDM build:        0.0132506 s
Time taken for 1-RDM build:        0.0118380 s
Time taken for 1-RDM build:        0.0118337 s
Time taken for 1-RDM build:        0.0118294 s
Time taken for 1-RDM build:        0.0118146 s
Time taken for 2-RDM build:        0.0309474 s
Time taken for 2-RDM build:        0.0308561 s
Time taken for 2-RDM build:        0.0308850 s
Time taken for 2-RDM build:        0.0308390 s
Time taken for 2-RDM build:        0.0308175 s
Time taken for 2-RDM build:        0.0308414 s
Time taken for 2-RDM build:        0.0308793 s
Time taken for 2-RDM build:        0.0308790 s
Time taken for 2-RDM build:        0.0308402 s
Time taken for 3-RDM build:        0.1617408 s
Time taken for 3-RDM build:        0.1612675 s
Time taken for 3-RDM build:        0.1613891 s
Time taken for 3-RDM build:        0.1614459 s
Time taken for 3-RDM build:        0.1612637 s
Time taken for 3-RDM build:        0.1617978 s
Time taken for 3-RDM build:        0.1616101 s
Time taken for 3-RDM build:        0.1614861 s
Time taken for 3-RDM build:        0.1614783 s
E_frzc:                            0.0000000 Eh
E_cas:                            -9.1774708 Eh
E_nuc:                       -2418.2608262-0.0000000j Eh
E_casci:                     -2427.4340589-0.0000000j Eh
E0 (from RDM):                 -2427.4340589 Eh
Ecorr:                            -0.1372548 Eh

Timing summary
... Hamil build:                    0.0287521 s
... Hamil diag:                     0.0089312 s
... RDM build:                     89.6999722 s
State     Energy / Eh         Splitting / Eh      Splitting / cm-1    Splitting / meV     
0         -2.4274383e+03      +0.0000000e+00      +0.0000000e+00      +0.0000000e+00      
1         -2.4274383e+03      +1.9413164e-09      +4.2606971e-04      +5.2825936e-05      
2         -2.4274383e+03      +8.9721652e-10      +1.9691626e-04      +2.4414517e-05      
3         -2.4274383e+03      +1.1737029e-09      +2.5759801e-04      +3.1938098e-05      
4         -2.4274383e+03      +1.8349056e-09      +4.0271522e-04      +4.9930347e-05      
5         -2.4274294e+03      +8.8831576e-03      +1.9496277e+03      +2.4172315e+02      
6         -2.4274294e+03      +4.1914063e-09      +9.1990735e-04      +1.1405403e-04      
7         -2.4274294e+03      +4.1027306e-09      +9.0044528e-04      +1.1164104e-04      
8         -2.4274268e+03      +2.6102260e-03      +5.7287839e+02      +7.1027902e+01      
Total time taken:                  94.3931794 s
===============================================

===============================================
            Relativistic DSRG-MRPT2            
===============================================
-----------------------------------------------
        DSRG-MRPT2 reference relaxation        
-----------------------------------------------
Iter                          Energy              Delta E   
   -Eref  -2427.4340589       
   -Ecorr -0.0993794       
<Psi^(0)|Hbar^(0)|Psi^(0)>    -2427.5334382       -2.42753e+03
   -Erelax-0.0000025       
<Psi^(0)|Hbar^(1)|Psi^(0)>    -2427.5334408       -2.54674e-06
   -Eref  -2427.4340561       
   -Ecorr -0.0993857       
<Psi^(1)|Hbar^(1)|Psi^(1)>    -2427.5334418       -1.01449e-06
   -Erelax-0.0000000       
<Psi^(1)|Hbar^(2)|Psi^(1)>    -2427.5334418       -1.00499e-09
   -Eref  -2427.4340561       
   -Ecorr -0.0993856       
<Psi^(2)|Hbar^(2)|Psi^(2)>    -2427.5334418       2.57692e-08
   -Erelax-0.0000000       
<Psi^(2)|Hbar^(3)|Psi^(2)>    -2427.5334418       -2.27374e-12
   -Eref  -2427.4340561       
   -Ecorr -0.0993856       
<Psi^(3)|Hbar^(3)|Psi^(3)>    -2427.5334418       -1.26556e-09
   -Erelax-0.0000000       
<Psi^(3)|Hbar^(4)|Psi^(3)>    -2427.5334418       0.00000e+00
Unrelaxed DSRG-MRPT2 energy:             -2427.5334382 Eh
Unrelaxed DSRG-MRPT2 E_corr:                -0.0993794 Eh
Partially relaxed DSRG-MRPT2 energy:     -2427.5334408 Eh
Partially relaxed DSRG-MRPT2 E_corr:        -0.0993819 Eh
Relaxed DSRG-MRPT2 energy:               -2427.5334418 Eh
Relaxed DSRG-MRPT2 E_corr:                  -0.0993857 Eh
Fully relaxed DSRG-MRPT2 energy:         -2427.5334418 Eh
Fully relaxed DSRG-MRPT2 E_corr:            -0.0993856 Eh
State     Energy / Eh         Splitting / Eh      Splitting / cm-1    Splitting / meV     
0         -2.4275375e+03      +0.0000000e+00      +0.0000000e+00      +0.0000000e+00      
1         -2.4275375e+03      +6.5529093e-10      +1.4381973e-04      +1.7831383e-05      
2         -2.4275375e+03      +5.9981176e-10      +1.3164346e-04      +1.6321717e-05      
3         -2.4275375e+03      +6.9121597e-10      +1.5170437e-04      +1.8808954e-05      
4         -2.4275375e+03      +5.8844307e-10      +1.2914833e-04      +1.6012359e-05      
5         -2.4275290e+03      +8.5465687e-03      +1.8757550e+03      +2.3256409e+02      
6         -2.4275290e+03      +1.7926141e-09      +3.9343331e-04      +4.8779536e-05      
7         -2.4275290e+03      +1.7316779e-09      +3.8005937e-04      +4.7121379e-05      
8         -2.4275264e+03      +2.5871174e-03      +5.6780664e+02      +7.0399084e+01      
Time taken:                     1061.0579915 s
===============================================
===============================================
              PySCF DHF interface              
===============================================
Will now allocate 19.669 MB disk space for the frozen core ERI tensor!
Will now allocate 1.888 GB disk space for the aacc and acca ERI tensor!
Will now allocate 45.327 GB disk space for the AO ERI tensor!

Timing report
....integral retrieval:           31.9290411 s
....integral transformation:     125.0321169 s

===============================================
            Relativistic CASCI(7,8)            
===============================================
Will now allocate 0.001 MB memory for the CASCI Hamiltonian!
Time taken for 1-RDM build:        0.0015795 s
Time taken for 1-RDM build:        0.0015621 s
Time taken for 1-RDM build:        0.0015504 s
Time taken for 1-RDM build:        0.0015521 s
Time taken for 1-RDM build:        0.0015543 s
Time taken for 1-RDM build:        0.0015516 s
Time taken for 2-RDM build:        0.0032165 s
Time taken for 2-RDM build:        0.0031204 s
Time taken for 2-RDM build:        0.0031133 s
Time taken for 2-RDM build:        0.0031090 s
Time taken for 2-RDM build:        0.0031087 s
Time taken for 2-RDM build:        0.0031159 s
Time taken for 3-RDM build:        0.0287275 s
Time taken for 3-RDM build:        0.0283761 s
Time taken for 3-RDM build:        0.0283682 s
Time taken for 3-RDM build:        0.0283647 s
Time taken for 3-RDM build:        0.0283749 s
Time taken for 3-RDM build:        0.0283880 s
E_frzc:                            0.0000000 Eh
E_cas:                           -13.1880855 Eh
E_nuc:                       -2590.5378304-0.0000000j Eh
E_casci:                     -2603.7203212-0.0000000j Eh
E0 (from RDM):                 -2603.7203212 Eh
Ecorr:                            -0.0318830 Eh

Timing summary
... Hamil build:                    0.0048749 s
... Hamil diag:                     0.0050588 s
... RDM build:                     71.9828341 s
State     Energy / Eh         Splitting / Eh      Splitting / cm-1    Splitting / meV     
0         -2.6037259e+03      +0.0000000e+00      +0.0000000e+00      +0.0000000e+00      
1         -2.6037259e+03      +9.2413757e-09      +2.0282475e-03      +2.5147076e-04      
2         -2.6037259e+03      +1.8784249e-08      +4.1226661e-03      +5.1114569e-04      
3         -2.6037259e+03      +9.8884811e-09      +2.1702707e-03      +2.6907941e-04      
4         -2.6037091e+03      +1.6783801e-02      +3.6836186e+03      +4.5671072e+02      
5         -2.6037091e+03      +7.4087438e-09      +1.6260313e-03      +2.0160228e-04      
Total time taken:                  76.6447339 s
===============================================

===============================================
            Relativistic DSRG-MRPT2            
===============================================
-----------------------------------------------
        DSRG-MRPT2 reference relaxation        
-----------------------------------------------
Iter                          Energy              Delta E   
   -Eref  -2603.7203212       
   -Ecorr -0.1366081       
<Psi^(0)|Hbar^(0)|Psi^(0)>    -2603.8569293       -2.60386e+03
   -Erelax0.0000000       
<Psi^(0)|Hbar^(1)|Psi^(0)>    -2603.8569293       0.00000e+00
   -Eref  -2603.7203212       
   -Ecorr -0.1366081       
<Psi^(1)|Hbar^(1)|Psi^(1)>    -2603.8569293       -4.54747e-13
   -Erelax0.0000000       
<Psi^(1)|Hbar^(2)|Psi^(1)>    -2603.8569293       0.00000e+00
Unrelaxed DSRG-MRPT2 energy:             -2603.8569293 Eh
Unrelaxed DSRG-MRPT2 E_corr:                -0.1366081 Eh
Partially relaxed DSRG-MRPT2 energy:     -2603.8569293 Eh
Partially relaxed DSRG-MRPT2 E_corr:        -0.1366081 Eh
Relaxed DSRG-MRPT2 energy:               -2603.8569293 Eh
Relaxed DSRG-MRPT2 E_corr:                  -0.1366081 Eh
Fully relaxed DSRG-MRPT2 energy:         -2603.8569293 Eh
Fully relaxed DSRG-MRPT2 E_corr:            -0.1366081 Eh
State     Energy / Eh         Splitting / Eh      Splitting / cm-1    Splitting / meV     
0         -2.6038625e+03      +0.0000000e+00      +0.0000000e+00      +0.0000000e+00      
1         -2.6038625e+03      +3.1845957e-09      +6.9893796e-04      +8.6657304e-05      
2         -2.6038625e+03      +6.3278094e-09      +1.3887936e-03      +1.7218855e-04      
3         -2.6038625e+03      +3.8503458e-09      +8.4505322e-04      +1.0477330e-04      
4         -2.6038458e+03      +1.6634221e-02      +3.6507896e+03      +4.5264044e+02      
5         -2.6038458e+03      +3.3760443e-09      +7.4095608e-04      +9.1866889e-05      
Time taken:                      266.8101878 s
===============================================
