NOW DOING s=0.30000000000000004
===============================================
              PySCF DHF interface              
===============================================
Will now allocate 1.593 GB disk space for the AO ERI tensor!

Timing report
....integral retrieval:            0.7589874 s
....integral transformation:       3.6542475 s

===============================================
            Relativistic CASCI(3,8)            
===============================================
Will now allocate 0.050 MB memory for the CASCI Hamiltonian!
Time taken for 1-RDM build:        0.0300353 s
Time taken for 1-RDM build:        0.0298703 s
Time taken for 1-RDM build:        0.0297575 s
Time taken for 1-RDM build:        0.0296729 s
Time taken for 1-RDM build:        0.0296812 s
Time taken for 1-RDM build:        0.0295877 s
Time taken for 2-RDM build:        0.0901279 s
Time taken for 2-RDM build:        0.0895321 s
Time taken for 2-RDM build:        0.0897000 s
Time taken for 2-RDM build:        0.0896201 s
Time taken for 2-RDM build:        0.0900521 s
Time taken for 2-RDM build:        0.0895631 s
Time taken for 3-RDM build:        0.1998968 s
Time taken for 3-RDM build:        0.1990356 s
Time taken for 3-RDM build:        0.1994629 s
Time taken for 3-RDM build:        0.1986136 s
Time taken for 3-RDM build:        0.1991405 s
Time taken for 3-RDM build:        0.1990600 s
E_frzc:                          -21.9899228 Eh
E_cas:                            -2.5754278 Eh
E_nuc:                             0.0000000 Eh
E_casci:                         -24.5653104 Eh
E0 (from RDM):                   -24.5653104 Eh
Ecorr:                            -0.2764703 Eh

Timing summary
... Hamil build:                    0.0798428 s
... Hamil diag:                     0.0126252 s
... RDM build:                      5.0461211 s
State     Energy / Eh         Splitting / Eh      Splitting / cm-1    Splitting / meV     
0         -2.4565351e+01      +0.0000000e+00      +0.0000000e+00      +0.0000000e+00      
1         -2.4565351e+01      +1.6292176e-09      +3.5757194e-04      +4.4333292e-05      
2         -2.4565290e+01      +6.0370290e-05      +1.3249747e+01      +1.6427601e+00      
3         -2.4565290e+01      +8.2750162e-10      +1.8161561e-04      +2.2517477e-05      
4         -2.4565290e+01      +8.6880547e-10      +1.9068076e-04      +2.3641412e-05      
5         -2.4565290e+01      +1.8699744e-09      +4.1041194e-04      +5.0884619e-05      
Total time taken:                   5.3280325 s
===============================================

===============================================
            Relativistic DSRG-MRPT2            
===============================================
-----------------------------------------------
        DSRG-MRPT2 reference relaxation        
-----------------------------------------------
Iter                          Energy              Delta E   
   -Eref  -24.5653104       
   -Ecorr -0.0649840       
<Psi^(0)|Hbar^(0)|Psi^(0)>    -24.6302944         -2.46303e+01
   -Erelax-0.0002436       
<Psi^(0)|Hbar^(1)|Psi^(0)>    -24.6305380         -2.43622e-04
   -Eref  -24.5650585       
   -Ecorr -0.0654244       
<Psi^(1)|Hbar^(1)|Psi^(1)>    -24.6304829         5.51506e-05
   -Erelax-0.0000000       
<Psi^(1)|Hbar^(2)|Psi^(1)>    -24.6304829         -3.81167e-10
   -Eref  -24.5650591       
   -Ecorr -0.0654238       
<Psi^(2)|Hbar^(2)|Psi^(2)>    -24.6304829         -6.31440e-08
   -Erelax0.0000000       
<Psi^(2)|Hbar^(3)|Psi^(2)>    -24.6304829         1.06581e-14
   -Eref  -24.5650591       
   -Ecorr -0.0654238       
<Psi^(3)|Hbar^(3)|Psi^(3)>    -24.6304829         8.40359e-11
   -Erelax0.0000000       
<Psi^(3)|Hbar^(4)|Psi^(3)>    -24.6304829         1.42109e-14
Unrelaxed DSRG-MRPT2 energy:               -24.6302944 Eh
Unrelaxed DSRG-MRPT2 E_corr:                -0.0649840 Eh
Partially relaxed DSRG-MRPT2 energy:       -24.6305380 Eh
Partially relaxed DSRG-MRPT2 E_corr:        -0.0652276 Eh
Relaxed DSRG-MRPT2 energy:                 -24.6304829 Eh
Relaxed DSRG-MRPT2 E_corr:                  -0.0654244 Eh
Fully relaxed DSRG-MRPT2 energy:           -24.6304829 Eh
Fully relaxed DSRG-MRPT2 E_corr:            -0.0654238 Eh
State     Energy / Eh         Splitting / Eh      Splitting / cm-1    Splitting / meV     
0         -2.4630526e+01      +0.0000000e+00      +0.0000000e+00      +0.0000000e+00      
1         -2.4630526e+01      +7.9174356e-10      +1.7376762e-04      +2.1544450e-05      
2         -2.4630461e+01      +6.4819214e-05      +1.4226173e+01      +1.7638215e+00      
3         -2.4630461e+01      +4.9335824e-10      +1.0827962e-04      +1.3424968e-05      
4         -2.4630461e+01      +4.2979664e-10      +9.4329459e-05      +1.1695368e-05      
5         -2.4630461e+01      +9.0592067e-10      +1.9882660e-04      +2.4651369e-05      
Time taken:                       42.1446095 s
===============================================
===============================================
              PySCF DHF interface              
===============================================
Will now allocate 1.593 GB disk space for the AO ERI tensor!

Timing report
....integral retrieval:            0.7707820 s
....integral transformation:       3.3908606 s

===============================================
            Relativistic CASCI(4,8)            
===============================================
Will now allocate 0.078 MB memory for the CASCI Hamiltonian!
Time taken for 1-RDM build:        0.0403006 s
Time taken for 1-RDM build:        0.0400598 s
Time taken for 1-RDM build:        0.0367067 s
Time taken for 1-RDM build:        0.0347028 s
Time taken for 1-RDM build:        0.0335312 s
Time taken for 1-RDM build:        0.0308642 s
Time taken for 1-RDM build:        0.0305858 s
Time taken for 1-RDM build:        0.0306711 s
Time taken for 1-RDM build:        0.0305779 s
Time taken for 2-RDM build:        0.1320019 s
Time taken for 2-RDM build:        0.1314082 s
Time taken for 2-RDM build:        0.1315935 s
Time taken for 2-RDM build:        0.1319282 s
Time taken for 2-RDM build:        0.1318343 s
Time taken for 2-RDM build:        0.1315989 s
Time taken for 2-RDM build:        0.1317215 s
Time taken for 2-RDM build:        0.1315014 s
Time taken for 2-RDM build:        0.1316280 s
Time taken for 3-RDM build:        0.4152319 s
Time taken for 3-RDM build:        0.4138560 s
Time taken for 3-RDM build:        0.4137661 s
Time taken for 3-RDM build:        0.4153316 s
Time taken for 3-RDM build:        0.4147975 s
Time taken for 3-RDM build:        0.4152644 s
Time taken for 3-RDM build:        0.4150631 s
Time taken for 3-RDM build:        0.4147158 s
Time taken for 3-RDM build:        0.4147861 s
E_frzc:                          -32.3709352 Eh
E_cas:                            -5.3467114 Eh
E_nuc:                             0.0000000 Eh
E_casci:                         -37.7175257 Eh
E0 (from RDM):                   -37.7175257 Eh
Ecorr:                            -0.4429083 Eh

Timing summary
... Hamil build:                    0.1213591 s
... Hamil diag:                     0.0423868 s
... RDM build:                      7.8928945 s
State     Energy / Eh         Splitting / Eh      Splitting / cm-1    Splitting / meV     
0         -3.7717647e+01      +0.0000000e+00      +0.0000000e+00      +0.0000000e+00      
1         -3.7717578e+01      +6.8056777e-05      +1.4936736e+01      +1.8519201e+00      
2         -3.7717578e+01      +1.0789876e-09      +2.3681040e-04      +2.9360761e-05      
3         -3.7717578e+01      +1.2285781e-09      +2.6964173e-04      +3.3431330e-05      
4         -3.7717470e+01      +1.0852195e-04      +2.3817815e+01      +2.9530341e+00      
5         -3.7717470e+01      +3.7325520e-10      +8.1920048e-05      +1.0156796e-05      
6         -3.7717470e+01      +9.5214148e-10      +2.0897090e-04      +2.5909102e-05      
7         -3.7717470e+01      +4.4994408e-10      +9.8751311e-05      +1.2243608e-05      
8         -3.7717470e+01      +5.6218852e-10      +1.2338612e-04      +1.5297936e-05      
Total time taken:                   8.2457027 s
===============================================

===============================================
            Relativistic DSRG-MRPT2            
===============================================
-----------------------------------------------
        DSRG-MRPT2 reference relaxation        
-----------------------------------------------
Iter                          Energy              Delta E   
   -Eref  -37.7175257       
   -Ecorr -0.1063560       
<Psi^(0)|Hbar^(0)|Psi^(0)>    -37.8238817         -3.78239e+01
   -Erelax-0.0000361       
<Psi^(0)|Hbar^(1)|Psi^(0)>    -37.8239179         -3.61262e-05
   -Eref  -37.7174877       
   -Ecorr -0.1064873       
<Psi^(1)|Hbar^(1)|Psi^(1)>    -37.8239751         -5.72303e-05
   -Erelax-0.0000000       
<Psi^(1)|Hbar^(2)|Psi^(1)>    -37.8239751         -1.24720e-09
   -Eref  -37.7174882       
   -Ecorr -0.1064866       
<Psi^(2)|Hbar^(2)|Psi^(2)>    -37.8239748         3.29442e-07
   -Erelax-0.0000000       
<Psi^(2)|Hbar^(3)|Psi^(2)>    -37.8239748         -5.18696e-13
   -Eref  -37.7174882       
   -Ecorr -0.1064866       
<Psi^(3)|Hbar^(3)|Psi^(3)>    -37.8239748         -1.77771e-09
   -Erelax-0.0000000       
<Psi^(3)|Hbar^(4)|Psi^(3)>    -37.8239748         -1.42109e-14
Unrelaxed DSRG-MRPT2 energy:               -37.8238817 Eh
Unrelaxed DSRG-MRPT2 E_corr:                -0.1063560 Eh
Partially relaxed DSRG-MRPT2 energy:       -37.8239179 Eh
Partially relaxed DSRG-MRPT2 E_corr:        -0.1063921 Eh
Relaxed DSRG-MRPT2 energy:                 -37.8239751 Eh
Relaxed DSRG-MRPT2 E_corr:                  -0.1064873 Eh
Fully relaxed DSRG-MRPT2 energy:           -37.8239748 Eh
Fully relaxed DSRG-MRPT2 E_corr:            -0.1064866 Eh
State     Energy / Eh         Splitting / Eh      Splitting / cm-1    Splitting / meV     
0         -3.7824117e+01      +0.0000000e+00      +0.0000000e+00      +0.0000000e+00      
1         -3.7824039e+01      +7.8116484e-05      +1.7144586e+01      +2.1256588e+00      
2         -3.7824039e+01      +3.1258907e-10      +6.8605370e-05      +8.5059858e-06      
3         -3.7824039e+01      +3.6008885e-10      +7.9030367e-05      +9.7985213e-06      
4         -3.7823908e+01      +1.3163868e-04      +2.8891351e+01      +3.5820727e+00      
5         -3.7823908e+01      +1.0540901e-10      +2.3134605e-05      +2.8683268e-06      
6         -3.7823908e+01      +2.2748736e-10      +4.9927705e-05      +6.1902494e-06      
7         -3.7823908e+01      +1.4700419e-10      +3.2263689e-05      +4.0001896e-06      
8         -3.7823908e+01      +1.1159074e-10      +2.4491336e-05      +3.0365401e-06      
Time taken:                       52.6179385 s
===============================================
===============================================
              PySCF DHF interface              
===============================================
Will now allocate 1.593 GB disk space for the AO ERI tensor!

Timing report
....integral retrieval:            0.6990864 s
....integral transformation:       3.4655709 s

===============================================
            Relativistic CASCI(5,8)            
===============================================
Will now allocate 0.050 MB memory for the CASCI Hamiltonian!
Time taken for 1-RDM build:        0.0298738 s
Time taken for 1-RDM build:        0.0297840 s
Time taken for 1-RDM build:        0.0297508 s
Time taken for 1-RDM build:        0.0297098 s
Time taken for 1-RDM build:        0.0279658 s
Time taken for 1-RDM build:        0.0255878 s
Time taken for 1-RDM build:        0.0242236 s
Time taken for 1-RDM build:        0.0228570 s
Time taken for 1-RDM build:        0.0226901 s
Time taken for 1-RDM build:        0.0226765 s
Time taken for 1-RDM build:        0.0227275 s
Time taken for 1-RDM build:        0.0226912 s
Time taken for 1-RDM build:        0.0226700 s
Time taken for 1-RDM build:        0.0227151 s
Time taken for 2-RDM build:        0.0954657 s
Time taken for 2-RDM build:        0.0948873 s
Time taken for 2-RDM build:        0.0948925 s
Time taken for 2-RDM build:        0.0948658 s
Time taken for 2-RDM build:        0.0954046 s
Time taken for 2-RDM build:        0.0954344 s
Time taken for 2-RDM build:        0.0951066 s
Time taken for 2-RDM build:        0.0949984 s
Time taken for 2-RDM build:        0.0950058 s
Time taken for 2-RDM build:        0.0948684 s
Time taken for 2-RDM build:        0.0949442 s
Time taken for 2-RDM build:        0.0948730 s
Time taken for 2-RDM build:        0.0948808 s
Time taken for 2-RDM build:        0.0948961 s
Time taken for 3-RDM build:        0.3777354 s
Time taken for 3-RDM build:        0.3777218 s
Time taken for 3-RDM build:        0.3772714 s
Time taken for 3-RDM build:        0.3777540 s
Time taken for 3-RDM build:        0.3775110 s
Time taken for 3-RDM build:        0.3775015 s
Time taken for 3-RDM build:        0.3773434 s
Time taken for 3-RDM build:        0.3770835 s
Time taken for 3-RDM build:        0.3778598 s
Time taken for 3-RDM build:        0.3774593 s
Time taken for 3-RDM build:        0.3775938 s
Time taken for 3-RDM build:        0.3773787 s
Time taken for 3-RDM build:        0.3772652 s
Time taken for 3-RDM build:        0.3781271 s
E_frzc:                          -44.7567199 Eh
E_cas:                            -9.6666253 Eh
E_nuc:                             0.0000000 Eh
E_casci:                         -54.3487687 Eh
E0 (from RDM):                   -54.3487687 Eh
Ecorr:                            -0.4454114 Eh

Timing summary
... Hamil build:                    0.0951397 s
... Hamil diag:                     0.0097578 s
... RDM build:                      9.6099794 s
State     Energy / Eh         Splitting / Eh      Splitting / cm-1    Splitting / meV     
0         -5.4423345e+01      +0.0000000e+00      +0.0000000e+00      +0.0000000e+00      
1         -5.4423345e+01      +1.0766144e-09      +2.3628954e-04      +2.9296183e-05      
2         -5.4423345e+01      +1.0765291e-09      +2.3627082e-04      +2.9293863e-05      
3         -5.4423345e+01      +1.0764012e-09      +2.3624275e-04      +2.9290382e-05      
4         -5.4318958e+01      +1.0438692e-01      +2.2910281e+04      +2.8405142e+03      
5         -5.4318958e+01      +1.1012702e-09      +2.4170087e-04      +2.9967102e-05      
6         -5.4318958e+01      +1.1371171e-09      +2.4956835e-04      +3.0942546e-05      
7         -5.4318958e+01      +5.9976912e-10      +1.3163411e-04      +1.6320557e-05      
8         -5.4318958e+01      +1.1947421e-09      +2.6221558e-04      +3.2510604e-05      
9         -5.4318958e+01      +1.3783108e-09      +3.0250425e-04      +3.7505765e-05      
10        -5.4318908e+01      +5.0508872e-05      +1.1085416e+01      +1.3744171e+00      
11        -5.4318908e+01      +3.9502766e-09      +8.6698548e-04      +1.0749255e-04      
12        -5.4318908e+01      +3.0347778e-09      +6.6605673e-04      +8.2580549e-05      
13        -5.4318908e+01      +2.9868872e-09      +6.5554596e-04      +8.1277379e-05      
Total time taken:                   9.9040277 s
===============================================

===============================================
            Relativistic DSRG-MRPT2            
===============================================
-----------------------------------------------
        DSRG-MRPT2 reference relaxation        
-----------------------------------------------
Iter                          Energy              Delta E   
   -Eref  -54.3487687       
   -Ecorr -0.1642986       
<Psi^(0)|Hbar^(0)|Psi^(0)>    -54.5130672         -5.45131e+01
   -Erelax-0.0000000       
<Psi^(0)|Hbar^(1)|Psi^(0)>    -54.5130673         -4.07027e-08
   -Eref  -54.3487686       
   -Ecorr -0.1642987       
<Psi^(1)|Hbar^(1)|Psi^(1)>    -54.5130674         -6.24650e-08
   -Erelax-0.0000000       
<Psi^(1)|Hbar^(2)|Psi^(1)>    -54.5130674         -1.50237e-10
   -Eref  -54.3487686       
   -Ecorr -0.1642987       
<Psi^(2)|Hbar^(2)|Psi^(2)>    -54.5130673         3.92733e-09
   -Erelax-0.0000000       
<Psi^(2)|Hbar^(3)|Psi^(2)>    -54.5130673         -7.53175e-13
Unrelaxed DSRG-MRPT2 energy:               -54.5130672 Eh
Unrelaxed DSRG-MRPT2 E_corr:                -0.1642986 Eh
Partially relaxed DSRG-MRPT2 energy:       -54.5130673 Eh
Partially relaxed DSRG-MRPT2 E_corr:        -0.1642986 Eh
Relaxed DSRG-MRPT2 energy:                 -54.5130674 Eh
Relaxed DSRG-MRPT2 E_corr:                  -0.1642987 Eh
Fully relaxed DSRG-MRPT2 energy:           -54.5130673 Eh
Fully relaxed DSRG-MRPT2 E_corr:            -0.1642987 Eh
State     Energy / Eh         Splitting / Eh      Splitting / cm-1    Splitting / meV     
0         -5.4578831e+01      +0.0000000e+00      +0.0000000e+00      +0.0000000e+00      
1         -5.4578831e+01      +4.8800075e-10      +1.0710378e-04      +1.3279183e-05      
2         -5.4578831e+01      +4.8797233e-10      +1.0709755e-04      +1.3278410e-05      
3         -5.4578831e+01      +4.8793680e-10      +1.0708975e-04      +1.3277443e-05      
4         -5.4486776e+01      +9.2055409e-02      +2.0203827e+04      +2.5049565e+03      
5         -5.4486776e+01      +2.1397284e-10      +4.6961610e-05      +5.8225003e-06      
6         -5.4486776e+01      +1.6383694e-10      +3.5958053e-05      +4.4582325e-06      
7         -5.4486776e+01      +1.1668533e-10      +2.5609469e-05      +3.1751710e-06      
8         -5.4486776e+01      +1.1510082e-10      +2.5261709e-05      +3.1320543e-06      
9         -5.4486776e+01      +1.7605828e-10      +3.8640326e-05      +4.7907921e-06      
10        -5.4486741e+01      +3.4604743e-05      +7.5948631e+00      +9.4164346e-01      
11        -5.4486741e+01      +6.6005157e-10      +1.4486457e-04      +1.7960927e-05      
12        -5.4486741e+01      +3.4582115e-10      +7.5898969e-05      +9.4102773e-06      
13        -5.4486741e+01      +3.7971404e-10      +8.3337598e-05      +1.0332550e-05      
Time taken:                       40.1059170 s
===============================================
===============================================
              PySCF DHF interface              
===============================================
Will now allocate 1.593 GB disk space for the AO ERI tensor!

Timing report
....integral retrieval:            0.6987090 s
....integral transformation:       3.3698132 s

===============================================
            Relativistic CASCI(6,8)            
===============================================
Will now allocate 0.013 MB memory for the CASCI Hamiltonian!
Time taken for 1-RDM build:        0.0117881 s
Time taken for 1-RDM build:        0.0118058 s
Time taken for 1-RDM build:        0.0117774 s
Time taken for 1-RDM build:        0.0117605 s
Time taken for 1-RDM build:        0.0117602 s
Time taken for 1-RDM build:        0.0117588 s
Time taken for 1-RDM build:        0.0117524 s
Time taken for 1-RDM build:        0.0117424 s
Time taken for 1-RDM build:        0.0117521 s
Time taken for 2-RDM build:        0.0305753 s
Time taken for 2-RDM build:        0.0304646 s
Time taken for 2-RDM build:        0.0304868 s
Time taken for 2-RDM build:        0.0304508 s
Time taken for 2-RDM build:        0.0304768 s
Time taken for 2-RDM build:        0.0303981 s
Time taken for 2-RDM build:        0.0304167 s
Time taken for 2-RDM build:        0.0304387 s
Time taken for 2-RDM build:        0.0303957 s
Time taken for 3-RDM build:        0.1569343 s
Time taken for 3-RDM build:        0.1569436 s
Time taken for 3-RDM build:        0.1572702 s
Time taken for 3-RDM build:        0.1566322 s
Time taken for 3-RDM build:        0.1566200 s
Time taken for 3-RDM build:        0.1569204 s
Time taken for 3-RDM build:        0.1568208 s
Time taken for 3-RDM build:        0.1568124 s
Time taken for 3-RDM build:        0.1572037 s
E_frzc:                          -59.1480236 Eh
E_cas:                           -15.7034833 Eh
E_nuc:                             0.0000000 Eh
E_casci:                         -74.8511626 Eh
E0 (from RDM):                   -74.8511626 Eh
Ecorr:                            -0.3302227 Eh

Timing summary
... Hamil build:                    0.0368075 s
... Hamil diag:                     0.0004942 s
... RDM build:                      4.4311733 s
State     Energy / Eh         Splitting / Eh      Splitting / cm-1    Splitting / meV     
0         -7.4851507e+01      +0.0000000e+00      +0.0000000e+00      +0.0000000e+00      
1         -7.4851507e+01      +6.1121170e-09      +1.3414546e-03      +1.6631926e-04      
2         -7.4851507e+01      +6.8041430e-09      +1.4933368e-03      +1.8515025e-04      
3         -7.4851507e+01      +7.2887616e-09      +1.5996983e-03      +1.9833740e-04      
4         -7.4851507e+01      +9.8173842e-09      +2.1546668e-03      +2.6714476e-04      
5         -7.4850809e+01      +6.9818897e-04      +1.5323477e+02      +1.8998699e+01      
6         -7.4850809e+01      +7.3982278e-09      +1.6237233e-03      +2.0131613e-04      
7         -7.4850809e+01      +7.5923197e-09      +1.6663215e-03      +2.0659764e-04      
8         -7.4850503e+01      +3.0523771e-04      +6.6991933e+01      +8.3059451e+00      
Total time taken:                   4.6576896 s
===============================================

===============================================
            Relativistic DSRG-MRPT2            
===============================================
-----------------------------------------------
        DSRG-MRPT2 reference relaxation        
-----------------------------------------------
Iter                          Energy              Delta E   
   -Eref  -74.8511626       
   -Ecorr -0.2139975       
<Psi^(0)|Hbar^(0)|Psi^(0)>    -75.0651601         -7.50652e+01
   -Erelax-0.0000001       
<Psi^(0)|Hbar^(1)|Psi^(0)>    -75.0651602         -8.66311e-08
   -Eref  -74.8511626       
   -Ecorr -0.2139975       
<Psi^(1)|Hbar^(1)|Psi^(1)>    -75.0651600         1.78494e-07
   -Erelax-0.0000000       
<Psi^(1)|Hbar^(2)|Psi^(1)>    -75.0651601         -4.65894e-09
   -Eref  -74.8511626       
   -Ecorr -0.2139975       
<Psi^(2)|Hbar^(2)|Psi^(2)>    -75.0651601         -3.32076e-08
   -Erelax-0.0000000       
<Psi^(2)|Hbar^(3)|Psi^(2)>    -75.0651601         -2.63000e-10
   -Eref  -74.8511626       
   -Ecorr -0.2139975       
<Psi^(3)|Hbar^(3)|Psi^(3)>    -75.0651601         8.40294e-09
   -Erelax-0.0000000       
<Psi^(3)|Hbar^(4)|Psi^(3)>    -75.0651601         -1.48361e-11
Unrelaxed DSRG-MRPT2 energy:               -75.0651601 Eh
Unrelaxed DSRG-MRPT2 E_corr:                -0.2139975 Eh
Partially relaxed DSRG-MRPT2 energy:       -75.0651602 Eh
Partially relaxed DSRG-MRPT2 E_corr:        -0.2139976 Eh
Relaxed DSRG-MRPT2 energy:                 -75.0651600 Eh
Relaxed DSRG-MRPT2 E_corr:                  -0.2139975 Eh
Fully relaxed DSRG-MRPT2 energy:           -75.0651601 Eh
Fully relaxed DSRG-MRPT2 E_corr:            -0.2139975 Eh
State     Energy / Eh         Splitting / Eh      Splitting / cm-1    Splitting / meV     
0         -7.5065445e+01      +0.0000000e+00      +0.0000000e+00      +0.0000000e+00      
1         -7.5065445e+01      +3.1053276e-09      +6.8154062e-04      +8.4500307e-05      
2         -7.5065445e+01      +2.3722180e-09      +5.2064166e-04      +6.4551370e-05      
3         -7.5065445e+01      +3.5387586e-09      +7.7666774e-04      +9.6294573e-05      
4         -7.5065445e+01      +4.2542325e-09      +9.3369611e-04      +1.1576362e-04      
5         -7.5064865e+01      +5.7963270e-04      +1.2721467e+02      +1.5772617e+01      
6         -7.5064865e+01      +3.4301166e-09      +7.5282358e-04      +9.3338272e-05      
7         -7.5064865e+01      +3.0589291e-09      +6.7135733e-04      +8.3237741e-05      
8         -7.5064623e+01      +2.4144918e-04      +5.2991970e+01      +6.5701701e+00      
Time taken:                       43.6152675 s
===============================================
===============================================
              PySCF DHF interface              
===============================================
Will now allocate 1.593 GB disk space for the AO ERI tensor!

Timing report
....integral retrieval:            0.6997509 s
....integral transformation:       3.6512201 s

===============================================
            Relativistic CASCI(7,8)            
===============================================
Will now allocate 0.001 MB memory for the CASCI Hamiltonian!
Time taken for 1-RDM build:        0.0020087 s
Time taken for 1-RDM build:        0.0019889 s
Time taken for 1-RDM build:        0.0019858 s
Time taken for 1-RDM build:        0.0019891 s
Time taken for 1-RDM build:        0.0019925 s
Time taken for 1-RDM build:        0.0019832 s
Time taken for 2-RDM build:        0.0032892 s
Time taken for 2-RDM build:        0.0032115 s
Time taken for 2-RDM build:        0.0031362 s
Time taken for 2-RDM build:        0.0031254 s
Time taken for 2-RDM build:        0.0031173 s
Time taken for 2-RDM build:        0.0031195 s
Time taken for 3-RDM build:        0.0326056 s
Time taken for 3-RDM build:        0.0323522 s
Time taken for 3-RDM build:        0.0323949 s
Time taken for 3-RDM build:        0.0323265 s
Time taken for 3-RDM build:        0.0323548 s
Time taken for 3-RDM build:        0.0323484 s
E_frzc:                          -75.5478008 Eh
E_cas:                           -23.9325131 Eh
E_nuc:                             0.0000000 Eh
E_casci:                         -99.4797328 Eh
E0 (from RDM):                   -99.4797328 Eh
Ecorr:                            -0.1043819 Eh

Timing summary
... Hamil build:                    0.0061624 s
... Hamil diag:                     0.0002108 s
... RDM build:                      3.0044160 s
State     Energy / Eh         Splitting / Eh      Splitting / cm-1    Splitting / meV     
0         -9.9480314e+01      +0.0000000e+00      +0.0000000e+00      +0.0000000e+00      
1         -9.9480314e+01      +2.4031038e-08      +5.2742033e-03      +6.5391818e-04      
2         -9.9480314e+01      +6.9549628e-09      +1.5264379e-03      +1.8925427e-04      
3         -9.9480314e+01      +2.1663126e-08      +4.7545067e-03      +5.8948398e-04      
4         -9.9478571e+01      +1.7431739e-03      +3.8258245e+02      +4.7434202e+01      
5         -9.9478571e+01      +1.6993965e-08      +3.7297443e-03      +4.6242957e-04      
Total time taken:                   3.1994572 s
===============================================

===============================================
            Relativistic DSRG-MRPT2            
===============================================
-----------------------------------------------
        DSRG-MRPT2 reference relaxation        
-----------------------------------------------
Iter                          Energy              Delta E   
   -Eref  -99.4797328       
   -Ecorr -0.2696809       
<Psi^(0)|Hbar^(0)|Psi^(0)>    -99.7494137         -9.97494e+01
   -Erelax-0.0000000       
<Psi^(0)|Hbar^(1)|Psi^(0)>    -99.7494137         0.00000e+00
   -Eref  -99.4797328       
   -Ecorr -0.2696809       
<Psi^(1)|Hbar^(1)|Psi^(1)>    -99.7494137         -1.42109e-14
   -Erelax0.0000000       
<Psi^(1)|Hbar^(2)|Psi^(1)>    -99.7494137         0.00000e+00
Unrelaxed DSRG-MRPT2 energy:               -99.7494137 Eh
Unrelaxed DSRG-MRPT2 E_corr:                -0.2696809 Eh
Partially relaxed DSRG-MRPT2 energy:       -99.7494137 Eh
Partially relaxed DSRG-MRPT2 E_corr:        -0.2696809 Eh
Relaxed DSRG-MRPT2 energy:                 -99.7494137 Eh
Relaxed DSRG-MRPT2 E_corr:                  -0.2696809 Eh
Fully relaxed DSRG-MRPT2 energy:           -99.7494137 Eh
Fully relaxed DSRG-MRPT2 E_corr:            -0.2696809 Eh
State     Energy / Eh         Splitting / Eh      Splitting / cm-1    Splitting / meV     
0         -9.9749991e+01      +0.0000000e+00      +0.0000000e+00      +0.0000000e+00      
1         -9.9749991e+01      +6.2239849e-09      +1.3660068e-03      +1.6936334e-04      
2         -9.9749991e+01      +5.6761849e-09      +1.2457786e-03      +1.5445693e-04      
3         -9.9749991e+01      +3.6246774e-09      +7.9552474e-04      +9.8632544e-05      
4         -9.9748259e+01      +1.7319145e-03      +3.8011129e+02      +4.7127817e+01      
5         -9.9748259e+01      +6.8185670e-09      +1.4965025e-03      +1.8554275e-04      
Time taken:                       16.5626402 s
===============================================
===============================================
              PySCF DHF interface              
===============================================
Will now allocate 0.320 MB disk space for the frozen core ERI tensor!
Will now allocate 74.650 MB disk space for the aacc and acca ERI tensor!
Will now allocate 4.354 GB disk space for the AO ERI tensor!

Timing report
....integral retrieval:            2.6256142 s
....integral transformation:       9.0450144 s

===============================================
            Relativistic CASCI(3,8)            
===============================================
Will now allocate 0.050 MB memory for the CASCI Hamiltonian!
Time taken for 1-RDM build:        0.0539360 s
Time taken for 1-RDM build:        0.0404019 s
Time taken for 1-RDM build:        0.0337925 s
Time taken for 1-RDM build:        0.0300355 s
Time taken for 1-RDM build:        0.0296381 s
Time taken for 1-RDM build:        0.0296600 s
Time taken for 2-RDM build:        0.1172059 s
Time taken for 2-RDM build:        0.1169717 s
Time taken for 2-RDM build:        0.1169479 s
Time taken for 2-RDM build:        0.1169200 s
Time taken for 2-RDM build:        0.1168609 s
Time taken for 2-RDM build:        0.1159093 s
Time taken for 3-RDM build:        0.2112157 s
Time taken for 3-RDM build:        0.2066309 s
Time taken for 3-RDM build:        0.2066867 s
Time taken for 3-RDM build:        0.2070043 s
Time taken for 3-RDM build:        0.2070363 s
Time taken for 3-RDM build:        0.2069373 s
E_frzc:                            0.0000000 Eh
E_cas:                            -1.8986420 Eh
E_nuc:                       -240.4061812+0.0000000j Eh
E_casci:                     -242.3045291+0.0000000j Eh
E0 (from RDM):                  -242.3045291 Eh
Ecorr:                            -0.1899047 Eh

Timing summary
... Hamil build:                    0.0604434 s
... Hamil diag:                     0.0035348 s
... RDM build:                      8.7892127 s
State     Energy / Eh         Splitting / Eh      Splitting / cm-1    Splitting / meV     
0         -2.4230482e+02      +0.0000000e+00      +0.0000000e+00      +0.0000000e+00      
1         -2.4230482e+02      +1.0992665e-09      +2.4126110e-04      +2.9912578e-05      
2         -2.4230438e+02      +4.4107881e-04      +9.6805609e+01      +1.2002372e+01      
3         -2.4230438e+02      +1.0805650e-09      +2.3715660e-04      +2.9403685e-05      
4         -2.4230438e+02      +8.9775654e-10      +1.9703478e-04      +2.4429211e-05      
5         -2.4230438e+02      +3.6629899e-10      +8.0393336e-05      +9.9675080e-06      
Total time taken:                   9.3296585 s
===============================================

===============================================
            Relativistic DSRG-MRPT2            
===============================================
-----------------------------------------------
        DSRG-MRPT2 reference relaxation        
-----------------------------------------------
Iter                          Energy              Delta E   
   -Eref  -242.3045291       
   -Ecorr -0.0163264       
<Psi^(0)|Hbar^(0)|Psi^(0)>    -242.3208555        -2.42321e+02
   -Erelax-0.0001647       
<Psi^(0)|Hbar^(1)|Psi^(0)>    -242.3210202        -1.64670e-04
   -Eref  -242.3043649       
   -Ecorr -0.0166272       
<Psi^(1)|Hbar^(1)|Psi^(1)>    -242.3209920        2.81425e-05
   -Erelax-0.0000000       
<Psi^(1)|Hbar^(2)|Psi^(1)>    -242.3209920        -3.87416e-10
   -Eref  -242.3043644       
   -Ecorr -0.0166276       
<Psi^(2)|Hbar^(2)|Psi^(2)>    -242.3209920        4.07881e-08
   -Erelax0.0000000       
<Psi^(2)|Hbar^(3)|Psi^(2)>    -242.3209920        0.00000e+00
   -Eref  -242.3043644       
   -Ecorr -0.0166276       
<Psi^(3)|Hbar^(3)|Psi^(3)>    -242.3209920        5.77529e-11
   -Erelax0.0000000       
<Psi^(3)|Hbar^(4)|Psi^(3)>    -242.3209920        0.00000e+00
Unrelaxed DSRG-MRPT2 energy:              -242.3208555 Eh
Unrelaxed DSRG-MRPT2 E_corr:                -0.0163264 Eh
Partially relaxed DSRG-MRPT2 energy:      -242.3210202 Eh
Partially relaxed DSRG-MRPT2 E_corr:        -0.0164911 Eh
Relaxed DSRG-MRPT2 energy:                -242.3209920 Eh
Relaxed DSRG-MRPT2 E_corr:                  -0.0166272 Eh
Fully relaxed DSRG-MRPT2 energy:          -242.3209920 Eh
Fully relaxed DSRG-MRPT2 E_corr:            -0.0166276 Eh
State     Energy / Eh         Splitting / Eh      Splitting / cm-1    Splitting / meV     
0         -2.4232131e+02      +0.0000000e+00      +0.0000000e+00      +0.0000000e+00      
1         -2.4232131e+02      +7.9813844e-10      +1.7517114e-04      +2.1718464e-05      
2         -2.4232083e+02      +4.8071545e-04      +1.0550484e+02      +1.3080940e+01      
3         -2.4232083e+02      +7.6627771e-10      +1.6817852e-04      +2.0851488e-05      
4         -2.4232083e+02      +6.1606897e-10      +1.3521151e-04      +1.6764099e-05      
5         -2.4232083e+02      +2.7856117e-10      +6.1137111e-05      +7.5800393e-06      
Time taken:                       74.1869001 s
===============================================
===============================================
              PySCF DHF interface              
===============================================
Will now allocate 0.320 MB disk space for the frozen core ERI tensor!
Will now allocate 74.650 MB disk space for the aacc and acca ERI tensor!
Will now allocate 4.354 GB disk space for the AO ERI tensor!

Timing report
....integral retrieval:            2.6226637 s
....integral transformation:       9.4156716 s

===============================================
            Relativistic CASCI(4,8)            
===============================================
Will now allocate 0.078 MB memory for the CASCI Hamiltonian!
Time taken for 1-RDM build:        0.0347888 s
Time taken for 1-RDM build:        0.0347385 s
Time taken for 1-RDM build:        0.0348170 s
Time taken for 1-RDM build:        0.0348799 s
Time taken for 1-RDM build:        0.0345433 s
Time taken for 1-RDM build:        0.0316491 s
Time taken for 1-RDM build:        0.0305123 s
Time taken for 1-RDM build:        0.0304401 s
Time taken for 1-RDM build:        0.0306189 s
Time taken for 2-RDM build:        0.1323371 s
Time taken for 2-RDM build:        0.1319535 s
Time taken for 2-RDM build:        0.1322355 s
Time taken for 2-RDM build:        0.1317492 s
Time taken for 2-RDM build:        0.1319559 s
Time taken for 2-RDM build:        0.1322799 s
Time taken for 2-RDM build:        0.1319995 s
Time taken for 2-RDM build:        0.1321003 s
Time taken for 2-RDM build:        0.1322427 s
Time taken for 3-RDM build:        0.4187396 s
Time taken for 3-RDM build:        0.4186127 s
Time taken for 3-RDM build:        0.4188716 s
Time taken for 3-RDM build:        0.4181159 s
Time taken for 3-RDM build:        0.4181983 s
Time taken for 3-RDM build:        0.4194322 s
Time taken for 3-RDM build:        0.4184017 s
Time taken for 3-RDM build:        0.4188664 s
Time taken for 3-RDM build:        0.4186924 s
E_frzc:                            0.0000000 Eh
E_cas:                            -3.6921024 Eh
E_nuc:                       -285.7423197+0.0000000j Eh
E_casci:                     -289.4337768+0.0000000j Eh
E0 (from RDM):                  -289.4337768 Eh
Ecorr:                            -0.2329780 Eh

Timing summary
... Hamil build:                    0.0925672 s
... Hamil diag:                     0.0033615 s
... RDM build:                     11.3982408 s
State     Energy / Eh         Splitting / Eh      Splitting / cm-1    Splitting / meV     
0         -2.8943442e+02      +0.0000000e+00      +0.0000000e+00      +0.0000000e+00      
1         -2.8943409e+02      +3.3211201e-04      +7.2890160e+01      +9.0372324e+00      
2         -2.8943409e+02      +8.1735152e-10      +1.7938792e-04      +2.2241278e-05      
3         -2.8943409e+02      +8.9210062e-10      +1.9579345e-04      +2.4275306e-05      
4         -2.8943346e+02      +6.3005266e-04      +1.3828057e+02      +1.7144614e+01      
5         -2.8943346e+02      +2.5920599e-10      +5.6889139e-05      +7.0533576e-06      
6         -2.8943346e+02      +7.8654239e-10      +1.7262610e-04      +2.1402919e-05      
7         -2.8943346e+02      +6.1896799e-10      +1.3584777e-04      +1.6842985e-05      
8         -2.8943346e+02      +4.2439297e-10      +9.3143489e-05      +1.1548326e-05      
Total time taken:                  11.9699965 s
===============================================

===============================================
            Relativistic DSRG-MRPT2            
===============================================
-----------------------------------------------
        DSRG-MRPT2 reference relaxation        
-----------------------------------------------
Iter                          Energy              Delta E   
   -Eref  -289.4337768       
   -Ecorr -0.0399290       
<Psi^(0)|Hbar^(0)|Psi^(0)>    -289.4737058        -2.89474e+02
   -Erelax-0.0000804       
<Psi^(0)|Hbar^(1)|Psi^(0)>    -289.4737861        -8.03718e-05
   -Eref  -289.4336967       
   -Ecorr -0.0401067       
<Psi^(1)|Hbar^(1)|Psi^(1)>    -289.4738034        -1.72357e-05
   -Erelax-0.0000000       
<Psi^(1)|Hbar^(2)|Psi^(1)>    -289.4738034        -1.72861e-10
   -Eref  -289.4336968       
   -Ecorr -0.0401066       
<Psi^(2)|Hbar^(2)|Psi^(2)>    -289.4738034        1.28198e-08
   -Erelax-0.0000000       
<Psi^(2)|Hbar^(3)|Psi^(2)>    -289.4738034        -1.13687e-13
   -Eref  -289.4336968       
   -Ecorr -0.0401066       
<Psi^(3)|Hbar^(3)|Psi^(3)>    -289.4738034        3.21165e-11
   -Erelax0.0000000       
<Psi^(3)|Hbar^(4)|Psi^(3)>    -289.4738034        0.00000e+00
Unrelaxed DSRG-MRPT2 energy:              -289.4737058 Eh
Unrelaxed DSRG-MRPT2 E_corr:                -0.0399290 Eh
Partially relaxed DSRG-MRPT2 energy:      -289.4737861 Eh
Partially relaxed DSRG-MRPT2 E_corr:        -0.0400093 Eh
Relaxed DSRG-MRPT2 energy:                -289.4738034 Eh
Relaxed DSRG-MRPT2 E_corr:                  -0.0401067 Eh
Fully relaxed DSRG-MRPT2 energy:          -289.4738034 Eh
Fully relaxed DSRG-MRPT2 E_corr:            -0.0401066 Eh
State     Energy / Eh         Splitting / Eh      Splitting / cm-1    Splitting / meV     
0         -2.8947450e+02      +0.0000000e+00      +0.0000000e+00      +0.0000000e+00      
1         -2.8947414e+02      +3.5731420e-04      +7.8421402e+01      +9.7230192e+00      
2         -2.8947414e+02      +5.1920779e-10      +1.1395294e-04      +1.4128370e-05      
3         -2.8947414e+02      +5.4541260e-10      +1.1970423e-04      +1.4841440e-05      
4         -2.8947346e+02      +6.7617368e-04      +1.4840297e+02      +1.8399632e+01      
5         -2.8947346e+02      +1.9014124e-10      +4.1731177e-05      +5.1740090e-06      
6         -2.8947346e+02      +4.7981530e-10      +1.0530729e-04      +1.3056446e-05      
7         -2.8947346e+02      +4.2268766e-10      +9.2769218e-05      +1.1501923e-05      
8         -2.8947346e+02      +2.4431301e-10      +5.3620508e-05      +6.6480989e-06      
Time taken:                       81.9598432 s
===============================================
===============================================
              PySCF DHF interface              
===============================================
Will now allocate 0.320 MB disk space for the frozen core ERI tensor!
Will now allocate 74.650 MB disk space for the aacc and acca ERI tensor!
Will now allocate 4.354 GB disk space for the AO ERI tensor!

Timing report
....integral retrieval:            2.6603551 s
....integral transformation:       9.3982267 s

===============================================
            Relativistic CASCI(5,8)            
===============================================
Will now allocate 0.050 MB memory for the CASCI Hamiltonian!
Time taken for 1-RDM build:        0.0245247 s
Time taken for 1-RDM build:        0.0243323 s
Time taken for 1-RDM build:        0.0247312 s
Time taken for 1-RDM build:        0.0255187 s
Time taken for 1-RDM build:        0.0259128 s
Time taken for 1-RDM build:        0.0259137 s
Time taken for 1-RDM build:        0.0254188 s
Time taken for 1-RDM build:        0.0241761 s
Time taken for 1-RDM build:        0.0228386 s
Time taken for 1-RDM build:        0.0227640 s
Time taken for 1-RDM build:        0.0227716 s
Time taken for 1-RDM build:        0.0227683 s
Time taken for 1-RDM build:        0.0227942 s
Time taken for 1-RDM build:        0.0227814 s
Time taken for 2-RDM build:        0.0949662 s
Time taken for 2-RDM build:        0.0951290 s
Time taken for 2-RDM build:        0.0950527 s
Time taken for 2-RDM build:        0.0949171 s
Time taken for 2-RDM build:        0.0948849 s
Time taken for 2-RDM build:        0.0948486 s
Time taken for 2-RDM build:        0.0947175 s
Time taken for 2-RDM build:        0.0948091 s
Time taken for 2-RDM build:        0.0948853 s
Time taken for 2-RDM build:        0.0949042 s
Time taken for 2-RDM build:        0.0949914 s
Time taken for 2-RDM build:        0.0948610 s
Time taken for 2-RDM build:        0.0949652 s
Time taken for 2-RDM build:        0.0946422 s
Time taken for 3-RDM build:        0.3770404 s
Time taken for 3-RDM build:        0.3770447 s
Time taken for 3-RDM build:        0.3768971 s
Time taken for 3-RDM build:        0.3770494 s
Time taken for 3-RDM build:        0.3775144 s
Time taken for 3-RDM build:        0.3768861 s
Time taken for 3-RDM build:        0.3769197 s
Time taken for 3-RDM build:        0.3775840 s
Time taken for 3-RDM build:        0.3770540 s
Time taken for 3-RDM build:        0.3772805 s
Time taken for 3-RDM build:        0.3775671 s
Time taken for 3-RDM build:        0.3771548 s
Time taken for 3-RDM build:        0.3777273 s
Time taken for 3-RDM build:        0.3772039 s
E_frzc:                            0.0000000 Eh
E_cas:                            -6.3636403 Eh
E_nuc:                       -335.1272672-0.0000000j Eh
E_casci:                     -341.4410664-0.0000000j Eh
E0 (from RDM):                  -341.4410664 Eh
Ecorr:                            -0.2138107 Eh

Timing summary
... Hamil build:                    0.0732553 s
... Hamil diag:                     0.0162058 s
... RDM build:                     12.8945723 s
State     Energy / Eh         Splitting / Eh      Splitting / cm-1    Splitting / meV     
0         -3.4149091e+02      +0.0000000e+00      +0.0000000e+00      +0.0000000e+00      
1         -3.4149091e+02      +3.2849812e-10      +7.2097003e-05      +8.9388933e-06      
2         -3.4149091e+02      +3.2838443e-10      +7.2072051e-05      +8.9357998e-06      
3         -3.4149091e+02      +3.2792968e-10      +7.1972246e-05      +8.9234255e-06      
4         -3.4142117e+02      +6.9735531e-02      +1.5305180e+04      +1.8976014e+03      
5         -3.4142117e+02      +1.5667752e-09      +3.4386740e-04      +4.2634144e-05      
6         -3.4142117e+02      +1.3034196e-09      +2.8606753e-04      +3.5467871e-05      
7         -3.4142117e+02      +1.7383286e-09      +3.8151902e-04      +4.7302353e-05      
8         -3.4142110e+02      +6.9890622e-05      +1.5339218e+01      +1.9018216e+00      
9         -3.4142110e+02      +9.2740038e-10      +2.0354085e-04      +2.5235862e-05      
10        -3.4142110e+02      +9.6150643e-10      +2.1102627e-04      +2.6163935e-05      
11        -3.4142110e+02      +7.5050366e-10      +1.6471651e-04      +2.0422255e-05      
12        -3.4142110e+02      +9.6383701e-10      +2.1153777e-04      +2.6227353e-05      
13        -3.4142110e+02      +1.9558115e-09      +4.2925101e-04      +5.3220367e-05      
Total time taken:                  13.4578834 s
===============================================

===============================================
            Relativistic DSRG-MRPT2            
===============================================
-----------------------------------------------
        DSRG-MRPT2 reference relaxation        
-----------------------------------------------
Iter                          Energy              Delta E   
   -Eref  -341.4410664       
   -Ecorr -0.0801078       
<Psi^(0)|Hbar^(0)|Psi^(0)>    -341.5211743        -3.41521e+02
   -Erelax-0.0000006       
<Psi^(0)|Hbar^(1)|Psi^(0)>    -341.5211749        -6.44179e-07
   -Eref  -341.4410659       
   -Ecorr -0.0801093       
<Psi^(1)|Hbar^(1)|Psi^(1)>    -341.5211752        -3.00523e-07
   -Erelax-0.0000000       
<Psi^(1)|Hbar^(2)|Psi^(1)>    -341.5211752        -8.65725e-11
   -Eref  -341.4410659       
   -Ecorr -0.0801093       
<Psi^(2)|Hbar^(2)|Psi^(2)>    -341.5211752        3.42845e-09
   -Erelax-0.0000000       
<Psi^(2)|Hbar^(3)|Psi^(2)>    -341.5211752        0.00000e+00
Unrelaxed DSRG-MRPT2 energy:              -341.5211743 Eh
Unrelaxed DSRG-MRPT2 E_corr:                -0.0801078 Eh
Partially relaxed DSRG-MRPT2 energy:      -341.5211749 Eh
Partially relaxed DSRG-MRPT2 E_corr:        -0.0801085 Eh
Relaxed DSRG-MRPT2 energy:                -341.5211752 Eh
Relaxed DSRG-MRPT2 E_corr:                  -0.0801093 Eh
Fully relaxed DSRG-MRPT2 energy:          -341.5211752 Eh
Fully relaxed DSRG-MRPT2 E_corr:            -0.0801093 Eh
State     Energy / Eh         Splitting / Eh      Splitting / cm-1    Splitting / meV     
0         -3.4156403e+02      +0.0000000e+00      +0.0000000e+00      +0.0000000e+00      
1         -3.4156403e+02      +2.9240255e-10      +6.4174941e-05      +7.9566824e-06      
2         -3.4156403e+02      +2.9223202e-10      +6.4137514e-05      +7.9520420e-06      
3         -3.4156403e+02      +2.9223202e-10      +6.4137514e-05      +7.9520420e-06      
4         -3.4150407e+02      +5.9957670e-02      +1.3159187e+04      +1.6315321e+03      
5         -3.4150407e+02      +6.8604322e-10      +1.5056908e-04      +1.8668196e-05      
6         -3.4150407e+02      +5.4768634e-10      +1.2020326e-04      +1.4903312e-05      
7         -3.4150407e+02      +7.5647222e-10      +1.6602646e-04      +2.0584667e-05      
8         -3.4150401e+02      +6.4538434e-05      +1.4164549e+01      +1.7561811e+00      
9         -3.4150401e+02      +4.0495252e-10      +8.8876804e-05      +1.1019324e-05      
10        -3.4150401e+02      +3.5038283e-10      +7.6900143e-05      +9.5344071e-06      
11        -3.4150401e+02      +3.5754510e-10      +7.8472080e-05      +9.7293025e-06      
12        -3.4150401e+02      +4.3974069e-10      +9.6511925e-05      +1.1965959e-05      
13        -3.4150401e+02      +7.2691364e-10      +1.5953910e-04      +1.9780337e-05      
Time taken:                       60.7866569 s
===============================================
===============================================
              PySCF DHF interface              
===============================================
Will now allocate 0.320 MB disk space for the frozen core ERI tensor!
Will now allocate 74.650 MB disk space for the aacc and acca ERI tensor!
Will now allocate 4.354 GB disk space for the AO ERI tensor!

Timing report
....integral retrieval:            2.6246305 s
....integral transformation:       9.7475901 s

===============================================
            Relativistic CASCI(6,8)            
===============================================
Will now allocate 0.013 MB memory for the CASCI Hamiltonian!
Time taken for 1-RDM build:        0.0101712 s
Time taken for 1-RDM build:        0.0101733 s
Time taken for 1-RDM build:        0.0101719 s
Time taken for 1-RDM build:        0.0101573 s
Time taken for 1-RDM build:        0.0101621 s
Time taken for 1-RDM build:        0.0102348 s
Time taken for 1-RDM build:        0.0102394 s
Time taken for 1-RDM build:        0.0102608 s
Time taken for 1-RDM build:        0.0101681 s
Time taken for 2-RDM build:        0.0304451 s
Time taken for 2-RDM build:        0.0304487 s
Time taken for 2-RDM build:        0.0304716 s
Time taken for 2-RDM build:        0.0303853 s
Time taken for 2-RDM build:        0.0303831 s
Time taken for 2-RDM build:        0.0303912 s
Time taken for 2-RDM build:        0.0303502 s
Time taken for 2-RDM build:        0.0303206 s
Time taken for 2-RDM build:        0.0303075 s
Time taken for 3-RDM build:        0.1567779 s
Time taken for 3-RDM build:        0.1566668 s
Time taken for 3-RDM build:        0.1565127 s
Time taken for 3-RDM build:        0.1568666 s
Time taken for 3-RDM build:        0.1564600 s
Time taken for 3-RDM build:        0.1565259 s
Time taken for 3-RDM build:        0.1568196 s
Time taken for 3-RDM build:        0.1565404 s
Time taken for 3-RDM build:        0.1564634 s
E_frzc:                            0.0000000 Eh
E_cas:                            -9.9659359 Eh
E_nuc:                       -388.5675376-0.0000000j Eh
E_casci:                     -398.5325748-0.0000000j Eh
E0 (from RDM):                  -398.5325748 Eh
Ecorr:                            -0.1603097 Eh

Timing summary
... Hamil build:                    0.0282934 s
... Hamil diag:                     0.0014007 s
... RDM build:                      7.9711409 s
State     Energy / Eh         Splitting / Eh      Splitting / cm-1    Splitting / meV     
0         -3.9853347e+02      +0.0000000e+00      +0.0000000e+00      +0.0000000e+00      
1         -3.9853347e+02      +5.6296585e-09      +1.2355672e-03      +1.5319088e-04      
2         -3.9853347e+02      +5.9783360e-09      +1.3120931e-03      +1.6267889e-04      
3         -3.9853347e+02      +5.6479053e-09      +1.2395719e-03      +1.5368740e-04      
4         -3.9853347e+02      +5.6580234e-09      +1.2417926e-03      +1.5396273e-04      
5         -3.9853166e+02      +1.8163270e-03      +3.9863770e+02      +4.9424800e+01      
6         -3.9853166e+02      +3.5533390e-09      +7.7986775e-04      +9.6691324e-05      
7         -3.9853166e+02      +3.5755079e-09      +7.8473327e-04      +9.7294572e-05      
8         -3.9853083e+02      +8.2294816e-04      +1.8061624e+02      +2.2393571e+01      
Total time taken:                   8.4747710 s
===============================================

===============================================
            Relativistic DSRG-MRPT2            
===============================================
-----------------------------------------------
        DSRG-MRPT2 reference relaxation        
-----------------------------------------------
Iter                          Energy              Delta E   
   -Eref  -398.5325748       
   -Ecorr -0.1218476       
<Psi^(0)|Hbar^(0)|Psi^(0)>    -398.6544224        -3.98654e+02
   -Erelax-0.0000001       
<Psi^(0)|Hbar^(1)|Psi^(0)>    -398.6544225        -1.35187e-07
   -Eref  -398.5325747       
   -Ecorr -0.1218479       
<Psi^(1)|Hbar^(1)|Psi^(1)>    -398.6544226        -6.86153e-08
   -Erelax-0.0000000       
<Psi^(1)|Hbar^(2)|Psi^(1)>    -398.6544226        -7.26459e-11
   -Eref  -398.5325747       
   -Ecorr -0.1218479       
<Psi^(2)|Hbar^(2)|Psi^(2)>    -398.6544226        2.64311e-09
   -Erelax-0.0000000       
<Psi^(2)|Hbar^(3)|Psi^(2)>    -398.6544226        -4.54747e-13
Unrelaxed DSRG-MRPT2 energy:              -398.6544224 Eh
Unrelaxed DSRG-MRPT2 E_corr:                -0.1218476 Eh
Partially relaxed DSRG-MRPT2 energy:      -398.6544225 Eh
Partially relaxed DSRG-MRPT2 E_corr:        -0.1218477 Eh
Relaxed DSRG-MRPT2 energy:                -398.6544226 Eh
Relaxed DSRG-MRPT2 E_corr:                  -0.1218479 Eh
Fully relaxed DSRG-MRPT2 energy:          -398.6544226 Eh
Fully relaxed DSRG-MRPT2 E_corr:            -0.1218479 Eh
State     Energy / Eh         Splitting / Eh      Splitting / cm-1    Splitting / meV     
0         -3.9865527e+02      +0.0000000e+00      +0.0000000e+00      +0.0000000e+00      
1         -3.9865527e+02      +2.1511255e-09      +4.7211747e-04      +5.8535134e-05      
2         -3.9865527e+02      +1.5887167e-09      +3.4868301e-04      +4.3231204e-05      
3         -3.9865527e+02      +1.4719603e-09      +3.2305795e-04      +4.0054100e-05      
4         -3.9865527e+02      +1.9547883e-09      +4.2902645e-04      +5.3192525e-05      
5         -3.9865356e+02      +1.7065979e-03      +3.7455493e+02      +4.6438915e+01      
6         -3.9865356e+02      +8.7635499e-10      +1.9233769e-04      +2.3846845e-05      
7         -3.9865356e+02      +1.0423946e-09      +2.2877917e-04      +2.8365016e-05      
8         -3.9865278e+02      +7.7726834e-04      +1.7059068e+02      +2.1150559e+01      
Time taken:                       49.9953330 s
===============================================
===============================================
              PySCF DHF interface              
===============================================
Will now allocate 0.320 MB disk space for the frozen core ERI tensor!
Will now allocate 74.650 MB disk space for the aacc and acca ERI tensor!
Will now allocate 4.354 GB disk space for the AO ERI tensor!

Timing report
....integral retrieval:            2.6224015 s
....integral transformation:      10.1059113 s

===============================================
            Relativistic CASCI(7,8)            
===============================================
Will now allocate 0.001 MB memory for the CASCI Hamiltonian!
Time taken for 1-RDM build:        0.0015087 s
Time taken for 1-RDM build:        0.0015051 s
Time taken for 1-RDM build:        0.0015006 s
Time taken for 1-RDM build:        0.0015030 s
Time taken for 1-RDM build:        0.0014958 s
Time taken for 1-RDM build:        0.0015049 s
Time taken for 2-RDM build:        0.0031700 s
Time taken for 2-RDM build:        0.0030985 s
Time taken for 2-RDM build:        0.0030916 s
Time taken for 2-RDM build:        0.0030959 s
Time taken for 2-RDM build:        0.0030887 s
Time taken for 2-RDM build:        0.0030909 s
Time taken for 3-RDM build:        0.0325036 s
Time taken for 3-RDM build:        0.0322306 s
Time taken for 3-RDM build:        0.0322893 s
Time taken for 3-RDM build:        0.0322504 s
Time taken for 3-RDM build:        0.0322592 s
Time taken for 3-RDM build:        0.0323052 s
E_frzc:                            0.0000000 Eh
E_cas:                           -14.7582517 Eh
E_nuc:                       -446.0682972-0.0000000j Eh
E_casci:                     -460.8252020-0.0000000j Eh
E0 (from RDM):                  -460.8252020 Eh
Ecorr:                             0.0013470 Eh

Timing summary
... Hamil build:                    0.0056741 s
... Hamil diag:                     0.0005994 s
... RDM build:                      6.5051143 s
State     Energy / Eh         Splitting / Eh      Splitting / cm-1    Splitting / meV     
0         -4.6082655e+02      +0.0000000e+00      +0.0000000e+00      +0.0000000e+00      
1         -4.6082655e+02      +1.2022326e-08      +2.6385956e-03      +3.2714432e-04      
2         -4.6082655e+02      +5.7600573e-09      +1.2641864e-03      +1.5673922e-04      
3         -4.6082655e+02      +1.1622035e-08      +2.5507418e-03      +3.1625183e-04      
4         -4.6082251e+02      +4.0408198e-03      +8.8685742e+02      +1.0995636e+02      
5         -4.6082251e+02      +2.0031848e-08      +4.3964825e-03      +5.4509461e-04      
Total time taken:                   6.9867835 s
===============================================

===============================================
            Relativistic DSRG-MRPT2            
===============================================
-----------------------------------------------
        DSRG-MRPT2 reference relaxation        
-----------------------------------------------
Iter                          Energy              Delta E   
   -Eref  -460.8252020       
   -Ecorr -0.1690066       
<Psi^(0)|Hbar^(0)|Psi^(0)>    -460.9942085        -4.60994e+02
   -Erelax0.0000000       
<Psi^(0)|Hbar^(1)|Psi^(0)>    -460.9942085        0.00000e+00
   -Eref  -460.8252020       
   -Ecorr -0.1690066       
<Psi^(1)|Hbar^(1)|Psi^(1)>    -460.9942085        5.68434e-14
   -Erelax0.0000000       
<Psi^(1)|Hbar^(2)|Psi^(1)>    -460.9942085        0.00000e+00
Unrelaxed DSRG-MRPT2 energy:              -460.9942085 Eh
Unrelaxed DSRG-MRPT2 E_corr:                -0.1690066 Eh
Partially relaxed DSRG-MRPT2 energy:      -460.9942085 Eh
Partially relaxed DSRG-MRPT2 E_corr:        -0.1690066 Eh
Relaxed DSRG-MRPT2 energy:                -460.9942085 Eh
Relaxed DSRG-MRPT2 E_corr:                  -0.1690066 Eh
Fully relaxed DSRG-MRPT2 energy:          -460.9942085 Eh
Fully relaxed DSRG-MRPT2 E_corr:            -0.1690066 Eh
State     Energy / Eh         Splitting / Eh      Splitting / cm-1    Splitting / meV     
0         -4.6099555e+02      +0.0000000e+00      +0.0000000e+00      +0.0000000e+00      
1         -4.6099555e+02      +3.1711238e-09      +6.9598122e-04      +8.6290715e-05      
2         -4.6099555e+02      +2.3709390e-09      +5.2036096e-04      +6.4516567e-05      
3         -4.6099555e+02      +2.9278340e-09      +6.4258528e-04      +7.9670459e-05      
4         -4.6099152e+02      +4.0263591e-03      +8.8368367e+02      +1.0956286e+02      
5         -4.6099152e+02      +5.5762825e-09      +1.2238525e-03      +1.5173845e-04      
Time taken:                       25.8733301 s
===============================================
===============================================
              PySCF DHF interface              
===============================================
Will now allocate 19.669 MB disk space for the frozen core ERI tensor!
Will now allocate 1.888 GB disk space for the aacc and acca ERI tensor!
Will now allocate 45.327 GB disk space for the AO ERI tensor!

Timing report
....integral retrieval:           31.8862648 s
....integral transformation:     110.7787898 s

===============================================
            Relativistic CASCI(3,8)            
===============================================
Will now allocate 0.050 MB memory for the CASCI Hamiltonian!
Time taken for 1-RDM build:        0.0256934 s
Time taken for 1-RDM build:        0.0256882 s
Time taken for 1-RDM build:        0.0257220 s
Time taken for 1-RDM build:        0.0257235 s
Time taken for 1-RDM build:        0.0257397 s
Time taken for 1-RDM build:        0.0256977 s
Time taken for 2-RDM build:        0.0900743 s
Time taken for 2-RDM build:        0.0899904 s
Time taken for 2-RDM build:        0.0897009 s
Time taken for 2-RDM build:        0.0895519 s
Time taken for 2-RDM build:        0.0898507 s
Time taken for 2-RDM build:        0.0901895 s
Time taken for 3-RDM build:        0.1995490 s
Time taken for 3-RDM build:        0.1989036 s
Time taken for 3-RDM build:        0.1991627 s
Time taken for 3-RDM build:        0.1987760 s
Time taken for 3-RDM build:        0.1990030 s
Time taken for 3-RDM build:        0.1988981 s
E_frzc:                            0.0000000 Eh
E_cas:                            -2.0100161 Eh
E_nuc:                       -1939.7138290-0.0000000j Eh
E_casci:                     -1941.7217616-0.0000000j Eh
E0 (from RDM):                 -1941.7217616 Eh
Ecorr:                            -0.1944870 Eh

Timing summary
... Hamil build:                    0.0607710 s
... Hamil diag:                     0.0038526 s
... RDM build:                    139.2248306 s
State     Energy / Eh         Splitting / Eh      Splitting / cm-1    Splitting / meV     
0         -1.9417238e+03      +0.0000000e+00      +0.0000000e+00      +0.0000000e+00      
1         -1.9417238e+03      +1.0702479e-09      +2.3489226e-04      +2.9122942e-05      
2         -1.9417207e+03      +3.1252750e-03      +6.8591858e+02      +8.5043106e+01      
3         -1.9417207e+03      +1.1004886e-09      +2.4152933e-04      +2.9945834e-05      
4         -1.9417207e+03      +9.5178621e-10      +2.0889293e-04      +2.5899434e-05      
5         -1.9417207e+03      +6.4619599e-10      +1.4182362e-04      +1.7583897e-05      
Total time taken:                 143.9362061 s
===============================================

===============================================
            Relativistic DSRG-MRPT2            
===============================================
-----------------------------------------------
        DSRG-MRPT2 reference relaxation        
-----------------------------------------------
Iter                          Energy              Delta E   
   -Eref  -1941.7217616       
   -Ecorr -0.0177793       
<Psi^(0)|Hbar^(0)|Psi^(0)>    -1941.7395409       -1.94174e+03
   -Erelax-0.0001303       
<Psi^(0)|Hbar^(1)|Psi^(0)>    -1941.7396712       -1.30288e-04
   -Eref  -1941.7216322       
   -Ecorr -0.0180152       
<Psi^(1)|Hbar^(1)|Psi^(1)>    -1941.7396474       2.37320e-05
   -Erelax-0.0000000       
<Psi^(1)|Hbar^(2)|Psi^(1)>    -1941.7396474       -4.70664e-11
   -Eref  -1941.7216320       
   -Ecorr -0.0180154       
<Psi^(2)|Hbar^(2)|Psi^(2)>    -1941.7396474       1.32204e-08
   -Erelax-0.0000000       
<Psi^(2)|Hbar^(3)|Psi^(2)>    -1941.7396474       0.00000e+00
   -Eref  -1941.7216320       
   -Ecorr -0.0180154       
<Psi^(3)|Hbar^(3)|Psi^(3)>    -1941.7396474       6.82121e-12
   -Erelax0.0000000       
<Psi^(3)|Hbar^(4)|Psi^(3)>    -1941.7396474       0.00000e+00
Unrelaxed DSRG-MRPT2 energy:             -1941.7395409 Eh
Unrelaxed DSRG-MRPT2 E_corr:                -0.0177793 Eh
Partially relaxed DSRG-MRPT2 energy:     -1941.7396712 Eh
Partially relaxed DSRG-MRPT2 E_corr:        -0.0179096 Eh
Relaxed DSRG-MRPT2 energy:               -1941.7396474 Eh
Relaxed DSRG-MRPT2 E_corr:                  -0.0180152 Eh
Fully relaxed DSRG-MRPT2 energy:         -1941.7396474 Eh
Fully relaxed DSRG-MRPT2 E_corr:            -0.0180154 Eh
State     Energy / Eh         Splitting / Eh      Splitting / cm-1    Splitting / meV     
0         -1.9417419e+03      +0.0000000e+00      +0.0000000e+00      +0.0000000e+00      
1         -1.9417419e+03      +7.3805495e-10      +1.6198434e-04      +2.0083508e-05      
2         -1.9417385e+03      +3.3725458e-03      +7.4018823e+02      +9.1771688e+01      
3         -1.9417385e+03      +7.4487616e-10      +1.6348142e-04      +2.0269122e-05      
4         -1.9417385e+03      +6.6893335e-10      +1.4681390e-04      +1.8202612e-05      
5         -1.9417385e+03      +4.5724846e-10      +1.0035444e-04      +1.2442370e-05      
Time taken:                     1550.5029345 s
===============================================
===============================================
              PySCF DHF interface              
===============================================
Will now allocate 19.669 MB disk space for the frozen core ERI tensor!
Will now allocate 1.888 GB disk space for the aacc and acca ERI tensor!
Will now allocate 45.327 GB disk space for the AO ERI tensor!

Timing report
....integral retrieval:           32.1062148 s
....integral transformation:     134.7292066 s

===============================================
            Relativistic CASCI(4,8)            
===============================================
Will now allocate 0.078 MB memory for the CASCI Hamiltonian!
Time taken for 1-RDM build:        0.0344248 s
Time taken for 1-RDM build:        0.0344074 s
Time taken for 1-RDM build:        0.0344999 s
Time taken for 1-RDM build:        0.0344448 s
Time taken for 1-RDM build:        0.0341940 s
Time taken for 1-RDM build:        0.0322130 s
Time taken for 1-RDM build:        0.0303400 s
Time taken for 1-RDM build:        0.0303385 s
Time taken for 1-RDM build:        0.0303609 s
Time taken for 2-RDM build:        0.1322100 s
Time taken for 2-RDM build:        0.1322892 s
Time taken for 2-RDM build:        0.1319253 s
Time taken for 2-RDM build:        0.1320007 s
Time taken for 2-RDM build:        0.1321793 s
Time taken for 2-RDM build:        0.1322312 s
Time taken for 2-RDM build:        0.1325984 s
Time taken for 2-RDM build:        0.1322129 s
Time taken for 2-RDM build:        0.1324375 s
Time taken for 3-RDM build:        0.4207935 s
Time taken for 3-RDM build:        0.4211352 s
Time taken for 3-RDM build:        0.4948635 s
Time taken for 3-RDM build:        0.4213049 s
Time taken for 3-RDM build:        0.4212394 s
Time taken for 3-RDM build:        0.4216051 s
Time taken for 3-RDM build:        0.4225612 s
Time taken for 3-RDM build:        0.4221745 s
Time taken for 3-RDM build:        0.4233382 s
E_frzc:                            0.0000000 Eh
E_cas:                            -3.6862998 Eh
E_nuc:                       -2092.8592106-0.0000000j Eh
E_casci:                     -2096.5413860-0.0000000j Eh
E0 (from RDM):                 -2096.5413860 Eh
Ecorr:                            -0.2153364 Eh

Timing summary
... Hamil build:                    0.0933201 s
... Hamil diag:                     0.0243363 s
... RDM build:                     86.1274855 s
State     Energy / Eh         Splitting / Eh      Splitting / cm-1    Splitting / meV     
0         -2.0965455e+03      +0.0000000e+00      +0.0000000e+00      +0.0000000e+00      
1         -2.0965432e+03      +2.3344184e-03      +5.1234561e+02      +6.3522789e+01      
2         -2.0965432e+03      +6.4164851e-10      +1.4082557e-04      +1.7460154e-05      
3         -2.0965432e+03      +5.3205440e-10      +1.1677244e-04      +1.4477945e-05      
4         -2.0965395e+03      +3.6890520e-03      +8.0965333e+02      +1.0038427e+02      
5         -2.0965395e+03      +9.3723429e-10      +2.0569915e-04      +2.5503456e-05      
6         -2.0965395e+03      +1.0586518e-09      +2.3234722e-04      +2.8807397e-05      
7         -2.0965395e+03      +1.1709744e-09      +2.5699918e-04      +3.1863852e-05      
8         -2.0965395e+03      +1.0372787e-09      +2.2765636e-04      +2.8225805e-05      
Total time taken:                  90.8926916 s
===============================================

===============================================
            Relativistic DSRG-MRPT2            
===============================================
-----------------------------------------------
        DSRG-MRPT2 reference relaxation        
-----------------------------------------------
Iter                          Energy              Delta E   
   -Eref  -2096.5413860       
   -Ecorr -0.0377523       
<Psi^(0)|Hbar^(0)|Psi^(0)>    -2096.5791383       -2.09658e+03
   -Erelax-0.0000581       
<Psi^(0)|Hbar^(1)|Psi^(0)>    -2096.5791964       -5.81129e-05
   -Eref  -2096.5413274       
   -Ecorr -0.0378784       
<Psi^(1)|Hbar^(1)|Psi^(1)>    -2096.5792057       -9.34101e-06
   -Erelax-0.0000000       
<Psi^(1)|Hbar^(2)|Psi^(1)>    -2096.5792057       -2.35059e-09
   -Eref  -2096.5413272       
   -Ecorr -0.0378785       
<Psi^(2)|Hbar^(2)|Psi^(2)>    -2096.5792057       3.25235e-08
   -Erelax-0.0000000       
<Psi^(2)|Hbar^(3)|Psi^(2)>    -2096.5792057       -1.36424e-12
   -Eref  -2096.5413272       
   -Ecorr -0.0378785       
<Psi^(3)|Hbar^(3)|Psi^(3)>    -2096.5792057       6.09361e-10
   -Erelax-0.0000000       
<Psi^(3)|Hbar^(4)|Psi^(3)>    -2096.5792057       0.00000e+00
Unrelaxed DSRG-MRPT2 energy:             -2096.5791383 Eh
Unrelaxed DSRG-MRPT2 E_corr:                -0.0377523 Eh
Partially relaxed DSRG-MRPT2 energy:     -2096.5791964 Eh
Partially relaxed DSRG-MRPT2 E_corr:        -0.0378104 Eh
Relaxed DSRG-MRPT2 energy:               -2096.5792057 Eh
Relaxed DSRG-MRPT2 E_corr:                  -0.0378784 Eh
Fully relaxed DSRG-MRPT2 energy:         -2096.5792057 Eh
Fully relaxed DSRG-MRPT2 E_corr:            -0.0378785 Eh
State     Energy / Eh         Splitting / Eh      Splitting / cm-1    Splitting / meV     
0         -2.0965835e+03      +0.0000000e+00      +0.0000000e+00      +0.0000000e+00      
1         -2.0965811e+03      +2.4698838e-03      +5.4207684e+02      +6.7208994e+01      
2         -2.0965811e+03      +3.5879566e-10      +7.8746545e-05      +9.7633319e-06      
3         -2.0965811e+03      +2.9240255e-10      +6.4174941e-05      +7.9566824e-06      
4         -2.0965772e+03      +3.8305495e-03      +8.4070843e+02      +1.0423461e+02      
5         -2.0965772e+03      +5.2614268e-10      +1.1547497e-04      +1.4317079e-05      
6         -2.0965772e+03      +5.7707439e-10      +1.2665319e-04      +1.5703001e-05      
7         -2.0965772e+03      +6.2073013e-10      +1.3623452e-04      +1.6890935e-05      
8         -2.0965772e+03      +5.6843419e-10      +1.2475688e-04      +1.5467890e-05      
Time taken:                     1167.7838261 s
===============================================
===============================================
              PySCF DHF interface              
===============================================
Will now allocate 19.669 MB disk space for the frozen core ERI tensor!
Will now allocate 1.888 GB disk space for the aacc and acca ERI tensor!
Will now allocate 45.327 GB disk space for the AO ERI tensor!

Timing report
....integral retrieval:           31.9193020 s
....integral transformation:     112.5167530 s

===============================================
            Relativistic CASCI(5,8)            
===============================================
Will now allocate 0.050 MB memory for the CASCI Hamiltonian!
Time taken for 1-RDM build:        0.0234404 s
Time taken for 1-RDM build:        0.0234776 s
Time taken for 1-RDM build:        0.0236363 s
Time taken for 1-RDM build:        0.0242767 s
Time taken for 1-RDM build:        0.0249145 s
Time taken for 1-RDM build:        0.0249913 s
Time taken for 1-RDM build:        0.0246897 s
Time taken for 1-RDM build:        0.0236013 s
Time taken for 1-RDM build:        0.0227132 s
Time taken for 1-RDM build:        0.0226779 s
Time taken for 1-RDM build:        0.0226715 s
Time taken for 1-RDM build:        0.0226679 s
Time taken for 1-RDM build:        0.0226848 s
Time taken for 1-RDM build:        0.0226851 s
Time taken for 2-RDM build:        0.0941317 s
Time taken for 2-RDM build:        0.0941529 s
Time taken for 2-RDM build:        0.0939581 s
Time taken for 2-RDM build:        0.0944581 s
Time taken for 2-RDM build:        0.0942287 s
Time taken for 2-RDM build:        0.0942802 s
Time taken for 2-RDM build:        0.0941045 s
Time taken for 2-RDM build:        0.0940795 s
Time taken for 2-RDM build:        0.0942798 s
Time taken for 2-RDM build:        0.0941625 s
Time taken for 2-RDM build:        0.0941536 s
Time taken for 2-RDM build:        0.0942206 s
Time taken for 2-RDM build:        0.0945742 s
Time taken for 2-RDM build:        0.0941436 s
Time taken for 3-RDM build:        0.3765523 s
Time taken for 3-RDM build:        0.3757696 s
Time taken for 3-RDM build:        0.3759511 s
Time taken for 3-RDM build:        0.3757148 s
Time taken for 3-RDM build:        0.3759515 s
Time taken for 3-RDM build:        0.3759222 s
Time taken for 3-RDM build:        0.3756881 s
Time taken for 3-RDM build:        0.3755968 s
Time taken for 3-RDM build:        0.3764555 s
Time taken for 3-RDM build:        0.3758795 s
Time taken for 3-RDM build:        0.3758872 s
Time taken for 3-RDM build:        0.3757145 s
Time taken for 3-RDM build:        0.3757434 s
Time taken for 3-RDM build:        0.3760872 s
E_frzc:                            0.0000000 Eh
E_cas:                            -6.0718308 Eh
E_nuc:                       -2252.3726240-0.0000000j Eh
E_casci:                     -2258.3972569-0.0000000j Eh
E0 (from RDM):                 -2258.3972569 Eh
Ecorr:                            -0.0178409 Eh

Timing summary
... Hamil build:                    0.0736020 s
... Hamil diag:                     0.0114965 s
... RDM build:                     84.3285012 s
State     Energy / Eh         Splitting / Eh      Splitting / cm-1    Splitting / meV     
0         -2.2584445e+03      +0.0000000e+00      +0.0000000e+00      +0.0000000e+00      
1         -2.2584445e+03      +5.2432370e-10      +1.1507575e-04      +1.4267581e-05      
2         -2.2584445e+03      +5.2705218e-10      +1.1567458e-04      +1.4341827e-05      
3         -2.2584445e+03      +5.1386451e-10      +1.1278022e-04      +1.3982972e-05      
4         -2.2583793e+03      +6.5107933e-02      +1.4289540e+04      +1.7716780e+03      
5         -2.2583793e+03      +9.2904884e-10      +2.0390265e-04      +2.5280719e-05      
6         -2.2583793e+03      +1.1159500e-09      +2.4492271e-04      +3.0366561e-05      
7         -2.2583793e+03      +5.1250026e-10      +1.1248081e-04      +1.3945849e-05      
8         -2.2583777e+03      +1.6153755e-03      +3.5453394e+02      +4.3956628e+01      
9         -2.2583777e+03      +7.5033313e-10      +1.6467909e-04      +2.0417614e-05      
10        -2.2583777e+03      +4.8839865e-10      +1.0719111e-04      +1.3290011e-05      
11        -2.2583777e+03      +1.4611032e-09      +3.2067509e-04      +3.9758663e-05      
12        -2.2583777e+03      +1.6329977e-09      +3.5840157e-04      +4.4436153e-05      
13        -2.2583777e+03      +6.3982952e-10      +1.4042635e-04      +1.7410656e-05      
Total time taken:                  89.0623646 s
===============================================

===============================================
            Relativistic DSRG-MRPT2            
===============================================
-----------------------------------------------
        DSRG-MRPT2 reference relaxation        
-----------------------------------------------
Iter                          Energy              Delta E   
   -Eref  -2258.3972569       
   -Ecorr -0.0693082       
<Psi^(0)|Hbar^(0)|Psi^(0)>    -2258.4665650       -2.25847e+03
   -Erelax-0.0000079       
<Psi^(0)|Hbar^(1)|Psi^(0)>    -2258.4665729       -7.91226e-06
   -Eref  -2258.3972499       
   -Ecorr -0.0693263       
<Psi^(1)|Hbar^(1)|Psi^(1)>    -2258.4665762       -3.22382e-06
   -Erelax-0.0000000       
<Psi^(1)|Hbar^(2)|Psi^(1)>    -2258.4665762       -7.33962e-10
   -Eref  -2258.3972500       
   -Ecorr -0.0693262       
<Psi^(2)|Hbar^(2)|Psi^(2)>    -2258.4665761       3.42493e-08
   -Erelax-0.0000000       
<Psi^(2)|Hbar^(3)|Psi^(2)>    -2258.4665761       0.00000e+00
   -Eref  -2258.3972500       
   -Ecorr -0.0693262       
<Psi^(3)|Hbar^(3)|Psi^(3)>    -2258.4665761       -4.52019e-10
   -Erelax-0.0000000       
<Psi^(3)|Hbar^(4)|Psi^(3)>    -2258.4665761       0.00000e+00
Unrelaxed DSRG-MRPT2 energy:             -2258.4665650 Eh
Unrelaxed DSRG-MRPT2 E_corr:                -0.0693082 Eh
Partially relaxed DSRG-MRPT2 energy:     -2258.4665729 Eh
Partially relaxed DSRG-MRPT2 E_corr:        -0.0693161 Eh
Relaxed DSRG-MRPT2 energy:               -2258.4665762 Eh
Relaxed DSRG-MRPT2 E_corr:                  -0.0693263 Eh
Fully relaxed DSRG-MRPT2 energy:         -2258.4665761 Eh
Fully relaxed DSRG-MRPT2 E_corr:            -0.0693262 Eh
State     Energy / Eh         Splitting / Eh      Splitting / cm-1    Splitting / meV     
0         -2.2585075e+03      +0.0000000e+00      +0.0000000e+00      +0.0000000e+00      
1         -2.2585075e+03      +4.3382897e-10      +9.5214453e-05      +1.1805093e-05      
2         -2.2585075e+03      +4.3974069e-10      +9.6511925e-05      +1.1965959e-05      
3         -2.2585075e+03      +4.3064574e-10      +9.4515815e-05      +1.1718473e-05      
4         -2.2584511e+03      +5.6447207e-02      +1.2388730e+04      +1.5360075e+03      
5         -2.2584511e+03      +3.5561243e-10      +7.8047906e-05      +9.6767117e-06      
6         -2.2584511e+03      +6.3801053e-10      +1.4002713e-04      +1.7361159e-05      
7         -2.2584511e+03      +2.5602276e-10      +5.6190500e-05      +6.9667374e-06      
8         -2.2584496e+03      +1.4413693e-03      +3.1634398e+02      +3.9221674e+01      
9         -2.2584496e+03      +3.7198333e-10      +8.1640904e-05      +1.0122187e-05      
10        -2.2584496e+03      +2.0418156e-10      +4.4812672e-05      +5.5560659e-06      
11        -2.2584496e+03      +6.3937478e-10      +1.4032654e-04      +1.7398282e-05      
12        -2.2584496e+03      +7.0212991e-10      +1.5409970e-04      +1.9105937e-05      
13        -2.2584496e+03      +2.1873348e-10      +4.8006449e-05      +5.9520439e-06      
Time taken:                     1149.7293777 s
===============================================
===============================================
              PySCF DHF interface              
===============================================
Will now allocate 19.669 MB disk space for the frozen core ERI tensor!
Will now allocate 1.888 GB disk space for the aacc and acca ERI tensor!
Will now allocate 45.327 GB disk space for the AO ERI tensor!

Timing report
....integral retrieval:           31.9417152 s
....integral transformation:     100.3313434 s

===============================================
            Relativistic CASCI(6,8)            
===============================================
Will now allocate 0.013 MB memory for the CASCI Hamiltonian!
Time taken for 1-RDM build:        0.0101726 s
Time taken for 1-RDM build:        0.0101483 s
Time taken for 1-RDM build:        0.0101602 s
Time taken for 1-RDM build:        0.0101314 s
Time taken for 1-RDM build:        0.0101297 s
Time taken for 1-RDM build:        0.0101244 s
Time taken for 1-RDM build:        0.0101304 s
Time taken for 1-RDM build:        0.0101311 s
Time taken for 1-RDM build:        0.0101137 s
Time taken for 2-RDM build:        0.0308068 s
Time taken for 2-RDM build:        0.0303590 s
Time taken for 2-RDM build:        0.0303907 s
Time taken for 2-RDM build:        0.0303738 s
Time taken for 2-RDM build:        0.0303714 s
Time taken for 2-RDM build:        0.0303016 s
Time taken for 2-RDM build:        0.0304430 s
Time taken for 2-RDM build:        0.0304952 s
Time taken for 2-RDM build:        0.0303478 s
Time taken for 3-RDM build:        0.1582355 s
Time taken for 3-RDM build:        0.1571383 s
Time taken for 3-RDM build:        0.1570745 s
Time taken for 3-RDM build:        0.1576037 s
Time taken for 3-RDM build:        0.1570575 s
Time taken for 3-RDM build:        0.1571863 s
Time taken for 3-RDM build:        0.1570561 s
Time taken for 3-RDM build:        0.1571319 s
Time taken for 3-RDM build:        0.1570914 s
E_frzc:                            0.0000000 Eh
E_cas:                            -9.1774708 Eh
E_nuc:                       -2418.2608262-0.0000000j Eh
E_casci:                     -2427.4340589-0.0000000j Eh
E0 (from RDM):                 -2427.4340589 Eh
Ecorr:                            -0.1372548 Eh

Timing summary
... Hamil build:                    0.0284054 s
... Hamil diag:                     0.0209005 s
... RDM build:                     78.7649047 s
State     Energy / Eh         Splitting / Eh      Splitting / cm-1    Splitting / meV     
0         -2.4274383e+03      +0.0000000e+00      +0.0000000e+00      +0.0000000e+00      
1         -2.4274383e+03      +1.9413164e-09      +4.2606971e-04      +5.2825936e-05      
2         -2.4274383e+03      +8.9721652e-10      +1.9691626e-04      +2.4414517e-05      
3         -2.4274383e+03      +1.1737029e-09      +2.5759801e-04      +3.1938098e-05      
4         -2.4274383e+03      +1.8349056e-09      +4.0271522e-04      +4.9930347e-05      
5         -2.4274294e+03      +8.8831576e-03      +1.9496277e+03      +2.4172315e+02      
6         -2.4274294e+03      +4.1914063e-09      +9.1990735e-04      +1.1405403e-04      
7         -2.4274294e+03      +4.1027306e-09      +9.0044528e-04      +1.1164104e-04      
8         -2.4274268e+03      +2.6102260e-03      +5.7287839e+02      +7.1027902e+01      
Total time taken:                  83.4642522 s
===============================================

===============================================
            Relativistic DSRG-MRPT2            
===============================================
-----------------------------------------------
        DSRG-MRPT2 reference relaxation        
-----------------------------------------------
Iter                          Energy              Delta E   
   -Eref  -2427.4340589       
   -Ecorr -0.1010175       
<Psi^(0)|Hbar^(0)|Psi^(0)>    -2427.5350763       -2.42754e+03
   -Erelax-0.0000025       
<Psi^(0)|Hbar^(1)|Psi^(0)>    -2427.5350789       -2.54511e-06
   -Eref  -2427.4340561       
   -Ecorr -0.1010237       
<Psi^(1)|Hbar^(1)|Psi^(1)>    -2427.5350798       -9.80274e-07
   -Erelax-0.0000000       
<Psi^(1)|Hbar^(2)|Psi^(1)>    -2427.5350798       -8.23547e-10
   -Eref  -2427.4340562       
   -Ecorr -0.1010237       
<Psi^(2)|Hbar^(2)|Psi^(2)>    -2427.5350798       2.40798e-08
   -Erelax-0.0000000       
<Psi^(2)|Hbar^(3)|Psi^(2)>    -2427.5350798       -2.27374e-12
   -Eref  -2427.4340562       
   -Ecorr -0.1010237       
<Psi^(3)|Hbar^(3)|Psi^(3)>    -2427.5350798       -1.26647e-09
   -Erelax0.0000000       
<Psi^(3)|Hbar^(4)|Psi^(3)>    -2427.5350798       0.00000e+00
Unrelaxed DSRG-MRPT2 energy:             -2427.5350763 Eh
Unrelaxed DSRG-MRPT2 E_corr:                -0.1010175 Eh
Partially relaxed DSRG-MRPT2 energy:     -2427.5350789 Eh
Partially relaxed DSRG-MRPT2 E_corr:        -0.1010200 Eh
Relaxed DSRG-MRPT2 energy:               -2427.5350798 Eh
Relaxed DSRG-MRPT2 E_corr:                  -0.1010237 Eh
Fully relaxed DSRG-MRPT2 energy:         -2427.5350798 Eh
Fully relaxed DSRG-MRPT2 E_corr:            -0.1010237 Eh
State     Energy / Eh         Splitting / Eh      Splitting / cm-1    Splitting / meV     
0         -2.4275391e+03      +0.0000000e+00      +0.0000000e+00      +0.0000000e+00      
1         -2.4275391e+03      +6.2755134e-10      +1.3773160e-04      +1.7076550e-05      
2         -2.4275391e+03      +5.8344085e-10      +1.2805046e-04      +1.5876242e-05      
3         -2.4275391e+03      +6.6984285e-10      +1.4701351e-04      +1.8227361e-05      
4         -2.4275391e+03      +5.6024874e-10      +1.2296038e-04      +1.5245152e-05      
5         -2.4275306e+03      +8.4931403e-03      +1.8640288e+03      +2.3111023e+02      
6         -2.4275306e+03      +1.7080310e-09      +3.7486948e-04      +4.6477914e-05      
7         -2.4275306e+03      +1.6461854e-09      +3.6129593e-04      +4.4795008e-05      
8         -2.4275281e+03      +2.5806952e-03      +5.6639713e+02      +7.0224327e+01      
Time taken:                     1097.2901313 s
===============================================
===============================================
              PySCF DHF interface              
===============================================
Will now allocate 19.669 MB disk space for the frozen core ERI tensor!
Will now allocate 1.888 GB disk space for the aacc and acca ERI tensor!
Will now allocate 45.327 GB disk space for the AO ERI tensor!

Timing report
....integral retrieval:           31.9022369 s
....integral transformation:     125.0594711 s

===============================================
            Relativistic CASCI(7,8)            
===============================================
Will now allocate 0.001 MB memory for the CASCI Hamiltonian!
Time taken for 1-RDM build:        0.0015378 s
Time taken for 1-RDM build:        0.0015101 s
Time taken for 1-RDM build:        0.0015090 s
Time taken for 1-RDM build:        0.0014985 s
Time taken for 1-RDM build:        0.0015049 s
Time taken for 1-RDM build:        0.0015004 s
Time taken for 2-RDM build:        0.0032055 s
Time taken for 2-RDM build:        0.0031137 s
Time taken for 2-RDM build:        0.0031047 s
Time taken for 2-RDM build:        0.0031085 s
Time taken for 2-RDM build:        0.0031021 s
Time taken for 2-RDM build:        0.0031109 s
Time taken for 3-RDM build:        0.0325282 s
Time taken for 3-RDM build:        0.0324023 s
Time taken for 3-RDM build:        0.0323234 s
Time taken for 3-RDM build:        0.0322850 s
Time taken for 3-RDM build:        0.0322971 s
Time taken for 3-RDM build:        0.0322969 s
E_frzc:                            0.0000000 Eh
E_cas:                           -13.1880855 Eh
E_nuc:                       -2590.5378304-0.0000000j Eh
E_casci:                     -2603.7203212-0.0000000j Eh
E0 (from RDM):                 -2603.7203212 Eh
Ecorr:                            -0.0318830 Eh

Timing summary
... Hamil build:                    0.0049701 s
... Hamil diag:                     0.0002658 s
... RDM build:                     79.8966529 s
State     Energy / Eh         Splitting / Eh      Splitting / cm-1    Splitting / meV     
0         -2.6037259e+03      +0.0000000e+00      +0.0000000e+00      +0.0000000e+00      
1         -2.6037259e+03      +9.2413757e-09      +2.0282475e-03      +2.5147076e-04      
2         -2.6037259e+03      +1.8784249e-08      +4.1226661e-03      +5.1114569e-04      
3         -2.6037259e+03      +9.8884811e-09      +2.1702707e-03      +2.6907941e-04      
4         -2.6037091e+03      +1.6783801e-02      +3.6836186e+03      +4.5671072e+02      
5         -2.6037091e+03      +7.4087438e-09      +1.6260313e-03      +2.0160228e-04      
Total time taken:                  84.5530002 s
===============================================

===============================================
            Relativistic DSRG-MRPT2            
===============================================
-----------------------------------------------
        DSRG-MRPT2 reference relaxation        
-----------------------------------------------
Iter                          Energy              Delta E   
   -Eref  -2603.7203212       
   -Ecorr -0.1381465       
<Psi^(0)|Hbar^(0)|Psi^(0)>    -2603.8584677       -2.60386e+03
   -Erelax-0.0000000       
<Psi^(0)|Hbar^(1)|Psi^(0)>    -2603.8584677       0.00000e+00
   -Eref  -2603.7203212       
   -Ecorr -0.1381465       
<Psi^(1)|Hbar^(1)|Psi^(1)>    -2603.8584677       0.00000e+00
   -Erelax0.0000000       
<Psi^(1)|Hbar^(2)|Psi^(1)>    -2603.8584677       0.00000e+00
Unrelaxed DSRG-MRPT2 energy:             -2603.8584677 Eh
Unrelaxed DSRG-MRPT2 E_corr:                -0.1381465 Eh
Partially relaxed DSRG-MRPT2 energy:     -2603.8584677 Eh
Partially relaxed DSRG-MRPT2 E_corr:        -0.1381465 Eh
Relaxed DSRG-MRPT2 energy:               -2603.8584677 Eh
Relaxed DSRG-MRPT2 E_corr:                  -0.1381465 Eh
Fully relaxed DSRG-MRPT2 energy:         -2603.8584677 Eh
Fully relaxed DSRG-MRPT2 E_corr:            -0.1381465 Eh
State     Energy / Eh         Splitting / Eh      Splitting / cm-1    Splitting / meV     
0         -2.6038640e+03      +0.0000000e+00      +0.0000000e+00      +0.0000000e+00      
1         -2.6038640e+03      +3.0136107e-09      +6.6141109e-04      +8.2004563e-05      
2         -2.6038640e+03      +5.9876584e-09      +1.3141391e-03      +1.6293256e-04      
3         -2.6038640e+03      +3.7043719e-09      +8.1301566e-04      +1.0080114e-04      
4         -2.6038474e+03      +1.6596638e-02      +3.6425411e+03      +4.5161775e+02      
5         -2.6038474e+03      +3.2605385e-09      +7.1560548e-04      +8.8723814e-05      
Time taken:                      289.6388149 s
===============================================
