NOW DOING s=0.3600000000000001
===============================================
              PySCF DHF interface              
===============================================
Will now allocate 1.593 GB disk space for the AO ERI tensor!

Timing report
....integral retrieval:            0.7016912 s
....integral transformation:       3.6889718 s

===============================================
            Relativistic CASCI(3,8)            
===============================================
Will now allocate 0.050 MB memory for the CASCI Hamiltonian!
Time taken for 1-RDM build:        0.0301270 s
Time taken for 1-RDM build:        0.0300763 s
Time taken for 1-RDM build:        0.0300612 s
Time taken for 1-RDM build:        0.0302451 s
Time taken for 1-RDM build:        0.0291545 s
Time taken for 1-RDM build:        0.0268688 s
Time taken for 2-RDM build:        0.0919478 s
Time taken for 2-RDM build:        0.0897484 s
Time taken for 2-RDM build:        0.0897686 s
Time taken for 2-RDM build:        0.0898883 s
Time taken for 2-RDM build:        0.0901980 s
Time taken for 2-RDM build:        0.0904038 s
Time taken for 3-RDM build:        0.2005541 s
Time taken for 3-RDM build:        0.1997757 s
Time taken for 3-RDM build:        0.1996737 s
Time taken for 3-RDM build:        0.1997845 s
Time taken for 3-RDM build:        0.2002063 s
Time taken for 3-RDM build:        0.2001269 s
E_frzc:                          -21.9899228 Eh
E_cas:                            -2.5754278 Eh
E_nuc:                             0.0000000 Eh
E_casci:                         -24.5653104 Eh
E0 (from RDM):                   -24.5653104 Eh
Ecorr:                            -0.2764703 Eh

Timing summary
... Hamil build:                    0.0808201 s
... Hamil diag:                     0.0031371 s
... RDM build:                      4.5402687 s
State     Energy / Eh         Splitting / Eh      Splitting / cm-1    Splitting / meV     
0         -2.4565351e+01      +0.0000000e+00      +0.0000000e+00      +0.0000000e+00      
1         -2.4565351e+01      +1.6292176e-09      +3.5757194e-04      +4.4333292e-05      
2         -2.4565290e+01      +6.0370290e-05      +1.3249747e+01      +1.6427601e+00      
3         -2.4565290e+01      +8.2750162e-10      +1.8161561e-04      +2.2517477e-05      
4         -2.4565290e+01      +8.6880547e-10      +1.9068076e-04      +2.3641412e-05      
5         -2.4565290e+01      +1.8699744e-09      +4.1041194e-04      +5.0884619e-05      
Total time taken:                   4.8132174 s
===============================================

===============================================
            Relativistic DSRG-MRPT2            
===============================================
-----------------------------------------------
        DSRG-MRPT2 reference relaxation        
-----------------------------------------------
Iter                          Energy              Delta E   
   -Eref  -24.5653104       
   -Ecorr -0.0662670       
<Psi^(0)|Hbar^(0)|Psi^(0)>    -24.6315774         -2.46316e+01
   -Erelax-0.0002574       
<Psi^(0)|Hbar^(1)|Psi^(0)>    -24.6318348         -2.57449e-04
   -Eref  -24.5650438       
   -Ecorr -0.0667316       
<Psi^(1)|Hbar^(1)|Psi^(1)>    -24.6317754         5.93914e-05
   -Erelax-0.0000000       
<Psi^(1)|Hbar^(2)|Psi^(1)>    -24.6317754         -1.31993e-09
   -Eref  -24.5650450       
   -Ecorr -0.0667306       
<Psi^(2)|Hbar^(2)|Psi^(2)>    -24.6317756         -1.21432e-07
   -Erelax-0.0000000       
<Psi^(2)|Hbar^(3)|Psi^(2)>    -24.6317756         0.00000e+00
   -Eref  -24.5650450       
   -Ecorr -0.0667306       
<Psi^(3)|Hbar^(3)|Psi^(3)>    -24.6317756         2.82391e-10
   -Erelax0.0000000       
<Psi^(3)|Hbar^(4)|Psi^(3)>    -24.6317756         3.55271e-15
Unrelaxed DSRG-MRPT2 energy:               -24.6315774 Eh
Unrelaxed DSRG-MRPT2 E_corr:                -0.0662670 Eh
Partially relaxed DSRG-MRPT2 energy:       -24.6318348 Eh
Partially relaxed DSRG-MRPT2 E_corr:        -0.0665244 Eh
Relaxed DSRG-MRPT2 energy:                 -24.6317754 Eh
Relaxed DSRG-MRPT2 E_corr:                  -0.0667316 Eh
Fully relaxed DSRG-MRPT2 energy:           -24.6317756 Eh
Fully relaxed DSRG-MRPT2 E_corr:            -0.0667306 Eh
State     Energy / Eh         Splitting / Eh      Splitting / cm-1    Splitting / meV     
0         -2.4631819e+01      +0.0000000e+00      +0.0000000e+00      +0.0000000e+00      
1         -2.4631819e+01      +7.5066708e-10      +1.6475238e-04      +2.0426702e-05      
2         -2.4631754e+01      +6.4695290e-05      +1.4198975e+01      +1.7604494e+00      
3         -2.4631754e+01      +4.8734350e-10      +1.0695953e-04      +1.3261298e-05      
4         -2.4631754e+01      +4.2015103e-10      +9.2212491e-05      +1.1432897e-05      
5         -2.4631754e+01      +8.4983753e-10      +1.8651778e-04      +2.3125268e-05      
Time taken:                       42.3587403 s
===============================================
===============================================
              PySCF DHF interface              
===============================================
Will now allocate 1.593 GB disk space for the AO ERI tensor!

Timing report
....integral retrieval:            0.6984024 s
....integral transformation:       3.3243601 s

===============================================
            Relativistic CASCI(4,8)            
===============================================
Will now allocate 0.078 MB memory for the CASCI Hamiltonian!
Time taken for 1-RDM build:        0.0406911 s
Time taken for 1-RDM build:        0.0404799 s
Time taken for 1-RDM build:        0.0400794 s
Time taken for 1-RDM build:        0.0368056 s
Time taken for 1-RDM build:        0.0335791 s
Time taken for 1-RDM build:        0.0311127 s
Time taken for 1-RDM build:        0.0309157 s
Time taken for 1-RDM build:        0.0309098 s
Time taken for 1-RDM build:        0.0309038 s
Time taken for 2-RDM build:        0.1338828 s
Time taken for 2-RDM build:        0.1332004 s
Time taken for 2-RDM build:        0.1332936 s
Time taken for 2-RDM build:        0.1340477 s
Time taken for 2-RDM build:        0.1332903 s
Time taken for 2-RDM build:        0.1335537 s
Time taken for 2-RDM build:        0.1340892 s
Time taken for 2-RDM build:        0.1339543 s
Time taken for 2-RDM build:        0.1346712 s
Time taken for 3-RDM build:        0.4181197 s
Time taken for 3-RDM build:        0.4172757 s
Time taken for 3-RDM build:        0.4176307 s
Time taken for 3-RDM build:        0.4168625 s
Time taken for 3-RDM build:        0.4172642 s
Time taken for 3-RDM build:        0.4174912 s
Time taken for 3-RDM build:        0.4176228 s
Time taken for 3-RDM build:        0.4179943 s
Time taken for 3-RDM build:        0.4177163 s
E_frzc:                          -32.3709352 Eh
E_cas:                            -5.3467114 Eh
E_nuc:                             0.0000000 Eh
E_casci:                         -37.7175257 Eh
E0 (from RDM):                   -37.7175257 Eh
Ecorr:                            -0.4429083 Eh

Timing summary
... Hamil build:                    0.1219800 s
... Hamil diag:                     0.0118051 s
... RDM build:                      7.9369462 s
State     Energy / Eh         Splitting / Eh      Splitting / cm-1    Splitting / meV     
0         -3.7717647e+01      +0.0000000e+00      +0.0000000e+00      +0.0000000e+00      
1         -3.7717578e+01      +6.8056777e-05      +1.4936736e+01      +1.8519201e+00      
2         -3.7717578e+01      +1.0789876e-09      +2.3681040e-04      +2.9360761e-05      
3         -3.7717578e+01      +1.2285781e-09      +2.6964173e-04      +3.3431330e-05      
4         -3.7717470e+01      +1.0852195e-04      +2.3817815e+01      +2.9530341e+00      
5         -3.7717470e+01      +3.7325520e-10      +8.1920048e-05      +1.0156796e-05      
6         -3.7717470e+01      +9.5214148e-10      +2.0897090e-04      +2.5909102e-05      
7         -3.7717470e+01      +4.4994408e-10      +9.8751311e-05      +1.2243608e-05      
8         -3.7717470e+01      +5.6218852e-10      +1.2338612e-04      +1.5297936e-05      
Total time taken:                   8.2597311 s
===============================================

===============================================
            Relativistic DSRG-MRPT2            
===============================================
-----------------------------------------------
        DSRG-MRPT2 reference relaxation        
-----------------------------------------------
Iter                          Energy              Delta E   
   -Eref  -37.7175257       
   -Ecorr -0.1084479       
<Psi^(0)|Hbar^(0)|Psi^(0)>    -37.8259736         -3.78260e+01
   -Erelax-0.0000298       
<Psi^(0)|Hbar^(1)|Psi^(0)>    -37.8260034         -2.97793e-05
   -Eref  -37.7174943       
   -Ecorr -0.1085680       
<Psi^(1)|Hbar^(1)|Psi^(1)>    -37.8260622         -5.88804e-05
   -Erelax-0.0000000       
<Psi^(1)|Hbar^(2)|Psi^(1)>    -37.8260622         -1.45046e-09
   -Eref  -37.7174947       
   -Ecorr -0.1085672       
<Psi^(2)|Hbar^(2)|Psi^(2)>    -37.8260618         4.00926e-07
   -Erelax-0.0000000       
<Psi^(2)|Hbar^(3)|Psi^(2)>    -37.8260618         -8.45546e-13
   -Eref  -37.7174947       
   -Ecorr -0.1085672       
<Psi^(3)|Hbar^(3)|Psi^(3)>    -37.8260619         -2.55510e-09
   -Erelax0.0000000       
<Psi^(3)|Hbar^(4)|Psi^(3)>    -37.8260619         0.00000e+00
Unrelaxed DSRG-MRPT2 energy:               -37.8259736 Eh
Unrelaxed DSRG-MRPT2 E_corr:                -0.1084479 Eh
Partially relaxed DSRG-MRPT2 energy:       -37.8260034 Eh
Partially relaxed DSRG-MRPT2 E_corr:        -0.1084776 Eh
Relaxed DSRG-MRPT2 energy:                 -37.8260622 Eh
Relaxed DSRG-MRPT2 E_corr:                  -0.1085680 Eh
Fully relaxed DSRG-MRPT2 energy:           -37.8260619 Eh
Fully relaxed DSRG-MRPT2 E_corr:            -0.1085672 Eh
State     Energy / Eh         Splitting / Eh      Splitting / cm-1    Splitting / meV     
0         -3.7826206e+01      +0.0000000e+00      +0.0000000e+00      +0.0000000e+00      
1         -3.7826127e+01      +7.8909578e-05      +1.7318650e+01      +2.1472400e+00      
2         -3.7826127e+01      +2.7012703e-10      +5.9286030e-05      +7.3505344e-06      
3         -3.7826127e+01      +3.1349856e-10      +6.8804981e-05      +8.5307344e-06      
4         -3.7825994e+01      +1.3340034e-04      +2.9277991e+01      +3.6300100e+00      
5         -3.7825994e+01      +9.2640562e-11      +2.0332253e-05      +2.5208793e-06      
6         -3.7825994e+01      +1.9264945e-10      +4.2281667e-05      +5.2422611e-06      
7         -3.7825994e+01      +1.2952484e-10      +2.8427415e-05      +3.5245520e-06      
8         -3.7825994e+01      +9.1915808e-11      +2.0173188e-05      +2.5011577e-06      
Time taken:                       52.8536470 s
===============================================
===============================================
              PySCF DHF interface              
===============================================
Will now allocate 1.593 GB disk space for the AO ERI tensor!

Timing report
....integral retrieval:            0.7259645 s
....integral transformation:       3.4123070 s

===============================================
            Relativistic CASCI(5,8)            
===============================================
Will now allocate 0.050 MB memory for the CASCI Hamiltonian!
Time taken for 1-RDM build:        0.0303874 s
Time taken for 1-RDM build:        0.0303268 s
Time taken for 1-RDM build:        0.0303357 s
Time taken for 1-RDM build:        0.0303085 s
Time taken for 1-RDM build:        0.0288370 s
Time taken for 1-RDM build:        0.0263436 s
Time taken for 1-RDM build:        0.0243511 s
Time taken for 1-RDM build:        0.0231626 s
Time taken for 1-RDM build:        0.0231299 s
Time taken for 1-RDM build:        0.0230892 s
Time taken for 1-RDM build:        0.0231063 s
Time taken for 1-RDM build:        0.0231013 s
Time taken for 1-RDM build:        0.0230913 s
Time taken for 1-RDM build:        0.0230849 s
Time taken for 2-RDM build:        0.0957739 s
Time taken for 2-RDM build:        0.0950444 s
Time taken for 2-RDM build:        0.0951729 s
Time taken for 2-RDM build:        0.0950515 s
Time taken for 2-RDM build:        0.0951917 s
Time taken for 2-RDM build:        0.0950172 s
Time taken for 2-RDM build:        0.0954247 s
Time taken for 2-RDM build:        0.0956621 s
Time taken for 2-RDM build:        0.0955772 s
Time taken for 2-RDM build:        0.0953622 s
Time taken for 2-RDM build:        0.0954666 s
Time taken for 2-RDM build:        0.0953760 s
Time taken for 2-RDM build:        0.0952849 s
Time taken for 2-RDM build:        0.0950978 s
Time taken for 3-RDM build:        0.3777602 s
Time taken for 3-RDM build:        0.3778877 s
Time taken for 3-RDM build:        0.3777201 s
Time taken for 3-RDM build:        0.3779485 s
Time taken for 3-RDM build:        0.3776512 s
Time taken for 3-RDM build:        0.3773289 s
Time taken for 3-RDM build:        0.3776824 s
Time taken for 3-RDM build:        0.3774753 s
Time taken for 3-RDM build:        0.3776469 s
Time taken for 3-RDM build:        0.3780308 s
Time taken for 3-RDM build:        0.3781252 s
Time taken for 3-RDM build:        0.3788321 s
Time taken for 3-RDM build:        0.3779230 s
Time taken for 3-RDM build:        0.3776846 s
E_frzc:                          -44.7567199 Eh
E_cas:                            -9.6666253 Eh
E_nuc:                             0.0000000 Eh
E_casci:                         -54.3487687 Eh
E0 (from RDM):                   -54.3487687 Eh
Ecorr:                            -0.4454114 Eh

Timing summary
... Hamil build:                    0.0957365 s
... Hamil diag:                     0.0015330 s
... RDM build:                      9.6419389 s
State     Energy / Eh         Splitting / Eh      Splitting / cm-1    Splitting / meV     
0         -5.4423345e+01      +0.0000000e+00      +0.0000000e+00      +0.0000000e+00      
1         -5.4423345e+01      +1.0766144e-09      +2.3628954e-04      +2.9296183e-05      
2         -5.4423345e+01      +1.0765291e-09      +2.3627082e-04      +2.9293863e-05      
3         -5.4423345e+01      +1.0764012e-09      +2.3624275e-04      +2.9290382e-05      
4         -5.4318958e+01      +1.0438692e-01      +2.2910281e+04      +2.8405142e+03      
5         -5.4318958e+01      +1.1012702e-09      +2.4170087e-04      +2.9967102e-05      
6         -5.4318958e+01      +1.1371171e-09      +2.4956835e-04      +3.0942546e-05      
7         -5.4318958e+01      +5.9976912e-10      +1.3163411e-04      +1.6320557e-05      
8         -5.4318958e+01      +1.1947421e-09      +2.6221558e-04      +3.2510604e-05      
9         -5.4318958e+01      +1.3783108e-09      +3.0250425e-04      +3.7505765e-05      
10        -5.4318908e+01      +5.0508872e-05      +1.1085416e+01      +1.3744171e+00      
11        -5.4318908e+01      +3.9502766e-09      +8.6698548e-04      +1.0749255e-04      
12        -5.4318908e+01      +3.0347778e-09      +6.6605673e-04      +8.2580549e-05      
13        -5.4318908e+01      +2.9868872e-09      +6.5554596e-04      +8.1277379e-05      
Total time taken:                   9.9281743 s
===============================================

===============================================
            Relativistic DSRG-MRPT2            
===============================================
-----------------------------------------------
        DSRG-MRPT2 reference relaxation        
-----------------------------------------------
Iter                          Energy              Delta E   
   -Eref  -54.3487687       
   -Ecorr -0.1658022       
<Psi^(0)|Hbar^(0)|Psi^(0)>    -54.5145708         -5.45146e+01
   -Erelax-0.0000000       
<Psi^(0)|Hbar^(1)|Psi^(0)>    -54.5145709         -3.97555e-08
   -Eref  -54.3487686       
   -Ecorr -0.1658023       
<Psi^(1)|Hbar^(1)|Psi^(1)>    -54.5145709         -6.61433e-08
   -Erelax-0.0000000       
<Psi^(1)|Hbar^(2)|Psi^(1)>    -54.5145709         -1.90532e-10
   -Eref  -54.3487686       
   -Ecorr -0.1658023       
<Psi^(2)|Hbar^(2)|Psi^(2)>    -54.5145709         4.87233e-09
   -Erelax-0.0000000       
<Psi^(2)|Hbar^(3)|Psi^(2)>    -54.5145709         -1.30029e-12
Unrelaxed DSRG-MRPT2 energy:               -54.5145708 Eh
Unrelaxed DSRG-MRPT2 E_corr:                -0.1658022 Eh
Partially relaxed DSRG-MRPT2 energy:       -54.5145709 Eh
Partially relaxed DSRG-MRPT2 E_corr:        -0.1658022 Eh
Relaxed DSRG-MRPT2 energy:                 -54.5145709 Eh
Relaxed DSRG-MRPT2 E_corr:                  -0.1658023 Eh
Fully relaxed DSRG-MRPT2 energy:           -54.5145709 Eh
Fully relaxed DSRG-MRPT2 E_corr:            -0.1658023 Eh
State     Energy / Eh         Splitting / Eh      Splitting / cm-1    Splitting / meV     
0         -5.4580292e+01      +0.0000000e+00      +0.0000000e+00      +0.0000000e+00      
1         -5.4580292e+01      +4.4218496e-10      +9.7048379e-05      +1.2032471e-05      
2         -5.4580292e+01      +4.4217074e-10      +9.7045261e-05      +1.2032085e-05      
3         -5.4580292e+01      +4.4214232e-10      +9.7039023e-05      +1.2031311e-05      
4         -5.4488296e+01      +9.1996116e-02      +2.0190813e+04      +2.5033430e+03      
5         -5.4488296e+01      +1.9157653e-10      +4.2046189e-05      +5.2130655e-06      
6         -5.4488296e+01      +1.3364598e-10      +2.9331903e-05      +3.6366942e-06      
7         -5.4488296e+01      +1.1062440e-10      +2.4279249e-05      +3.0102446e-06      
8         -5.4488296e+01      +1.0066259e-10      +2.2092885e-05      +2.7391699e-06      
9         -5.4488296e+01      +1.5955948e-10      +3.5019257e-05      +4.3418366e-06      
10        -5.4488263e+01      +3.2125444e-05      +7.0507200e+00      +8.7417828e-01      
11        -5.4488263e+01      +6.0586558e-10      +1.3297212e-04      +1.6486450e-05      
12        -5.4488263e+01      +2.9061198e-10      +6.3781957e-05      +7.9079585e-06      
13        -5.4488263e+01      +3.4187764e-10      +7.5033468e-05      +9.3029688e-06      
Time taken:                       40.2849090 s
===============================================
===============================================
              PySCF DHF interface              
===============================================
Will now allocate 1.593 GB disk space for the AO ERI tensor!

Timing report
....integral retrieval:            0.6992438 s
....integral transformation:       3.3353553 s

===============================================
            Relativistic CASCI(6,8)            
===============================================
Will now allocate 0.013 MB memory for the CASCI Hamiltonian!
Time taken for 1-RDM build:        0.0119154 s
Time taken for 1-RDM build:        0.0118823 s
Time taken for 1-RDM build:        0.0118868 s
Time taken for 1-RDM build:        0.0118849 s
Time taken for 1-RDM build:        0.0118811 s
Time taken for 1-RDM build:        0.0118828 s
Time taken for 1-RDM build:        0.0118639 s
Time taken for 1-RDM build:        0.0118659 s
Time taken for 1-RDM build:        0.0118740 s
Time taken for 2-RDM build:        0.0309489 s
Time taken for 2-RDM build:        0.0305686 s
Time taken for 2-RDM build:        0.0305848 s
Time taken for 2-RDM build:        0.0305727 s
Time taken for 2-RDM build:        0.0305629 s
Time taken for 2-RDM build:        0.0305712 s
Time taken for 2-RDM build:        0.0306385 s
Time taken for 2-RDM build:        0.0305846 s
Time taken for 2-RDM build:        0.0306160 s
Time taken for 3-RDM build:        0.1579018 s
Time taken for 3-RDM build:        0.1575053 s
Time taken for 3-RDM build:        0.1578846 s
Time taken for 3-RDM build:        0.1577375 s
Time taken for 3-RDM build:        0.1575391 s
Time taken for 3-RDM build:        0.1575193 s
Time taken for 3-RDM build:        0.1574991 s
Time taken for 3-RDM build:        0.1574802 s
Time taken for 3-RDM build:        0.1577890 s
E_frzc:                          -59.1480236 Eh
E_cas:                           -15.7034833 Eh
E_nuc:                             0.0000000 Eh
E_casci:                         -74.8511626 Eh
E0 (from RDM):                   -74.8511626 Eh
Ecorr:                            -0.3302227 Eh

Timing summary
... Hamil build:                    0.0368760 s
... Hamil diag:                     0.0005167 s
... RDM build:                      4.4715250 s
State     Energy / Eh         Splitting / Eh      Splitting / cm-1    Splitting / meV     
0         -7.4851507e+01      +0.0000000e+00      +0.0000000e+00      +0.0000000e+00      
1         -7.4851507e+01      +6.1121170e-09      +1.3414546e-03      +1.6631926e-04      
2         -7.4851507e+01      +6.8041430e-09      +1.4933368e-03      +1.8515025e-04      
3         -7.4851507e+01      +7.2887616e-09      +1.5996983e-03      +1.9833740e-04      
4         -7.4851507e+01      +9.8173842e-09      +2.1546668e-03      +2.6714476e-04      
5         -7.4850809e+01      +6.9818897e-04      +1.5323477e+02      +1.8998699e+01      
6         -7.4850809e+01      +7.3982278e-09      +1.6237233e-03      +2.0131613e-04      
7         -7.4850809e+01      +7.5923197e-09      +1.6663215e-03      +2.0659764e-04      
8         -7.4850503e+01      +3.0523771e-04      +6.6991933e+01      +8.3059451e+00      
Total time taken:                   4.6976347 s
===============================================

===============================================
            Relativistic DSRG-MRPT2            
===============================================
-----------------------------------------------
        DSRG-MRPT2 reference relaxation        
-----------------------------------------------
Iter                          Energy              Delta E   
   -Eref  -74.8511626       
   -Ecorr -0.2146900       
<Psi^(0)|Hbar^(0)|Psi^(0)>    -75.0658526         -7.50659e+01
   -Erelax-0.0000001       
<Psi^(0)|Hbar^(1)|Psi^(0)>    -75.0658527         -1.12182e-07
   -Eref  -74.8511625       
   -Ecorr -0.2146900       
<Psi^(1)|Hbar^(1)|Psi^(1)>    -75.0658525         2.29490e-07
   -Erelax-0.0000000       
<Psi^(1)|Hbar^(2)|Psi^(1)>    -75.0658525         -7.24165e-09
   -Eref  -74.8511626       
   -Ecorr -0.2146900       
<Psi^(2)|Hbar^(2)|Psi^(2)>    -75.0658526         -4.47983e-08
   -Erelax-0.0000000       
<Psi^(2)|Hbar^(3)|Psi^(2)>    -75.0658526         -4.85869e-10
   -Eref  -74.8511626       
   -Ecorr -0.2146900       
<Psi^(3)|Hbar^(3)|Psi^(3)>    -75.0658525         1.25589e-08
   -Erelax-0.0000000       
<Psi^(3)|Hbar^(4)|Psi^(3)>    -75.0658525         -3.25855e-11
   -Eref  -74.8511626       
   -Ecorr -0.2146900       
<Psi^(4)|Hbar^(4)|Psi^(4)>    -75.0658525         -3.18940e-09
   -Erelax-0.0000000       
<Psi^(4)|Hbar^(5)|Psi^(4)>    -75.0658525         -2.18847e-12
Unrelaxed DSRG-MRPT2 energy:               -75.0658526 Eh
Unrelaxed DSRG-MRPT2 E_corr:                -0.2146900 Eh
Partially relaxed DSRG-MRPT2 energy:       -75.0658527 Eh
Partially relaxed DSRG-MRPT2 E_corr:        -0.2146901 Eh
Relaxed DSRG-MRPT2 energy:                 -75.0658525 Eh
Relaxed DSRG-MRPT2 E_corr:                  -0.2146900 Eh
Fully relaxed DSRG-MRPT2 energy:           -75.0658525 Eh
Fully relaxed DSRG-MRPT2 E_corr:            -0.2146900 Eh
State     Energy / Eh         Splitting / Eh      Splitting / cm-1    Splitting / meV     
0         -7.5066132e+01      +0.0000000e+00      +0.0000000e+00      +0.0000000e+00      
1         -7.5066132e+01      +2.8835956e-09      +6.3287607e-04      +7.8466670e-05      
2         -7.5066132e+01      +2.1262423e-09      +4.6665624e-04      +5.7858027e-05      
3         -7.5066132e+01      +3.2666918e-09      +7.1695598e-04      +8.8891254e-05      
4         -7.5066132e+01      +3.8893262e-09      +8.5360843e-04      +1.0583401e-04      
5         -7.5065563e+01      +5.6909569e-04      +1.2490207e+02      +1.5485890e+01      
6         -7.5065563e+01      +3.1568135e-09      +6.9284047e-04      +8.5901311e-05      
7         -7.5065563e+01      +2.7717562e-09      +6.0833016e-04      +7.5423363e-05      
8         -7.5065327e+01      +2.3572383e-04      +5.1735401e+01      +6.4143753e+00      
Time taken:                       54.9271901 s
===============================================
===============================================
              PySCF DHF interface              
===============================================
Will now allocate 1.593 GB disk space for the AO ERI tensor!

Timing report
....integral retrieval:            0.6990640 s
....integral transformation:       3.6949100 s

===============================================
            Relativistic CASCI(7,8)            
===============================================
Will now allocate 0.001 MB memory for the CASCI Hamiltonian!
Time taken for 1-RDM build:        0.0020199 s
Time taken for 1-RDM build:        0.0020037 s
Time taken for 1-RDM build:        0.0020025 s
Time taken for 1-RDM build:        0.0019977 s
Time taken for 1-RDM build:        0.0019970 s
Time taken for 1-RDM build:        0.0019948 s
Time taken for 2-RDM build:        0.0031924 s
Time taken for 2-RDM build:        0.0031214 s
Time taken for 2-RDM build:        0.0031261 s
Time taken for 2-RDM build:        0.0031326 s
Time taken for 2-RDM build:        0.0031235 s
Time taken for 2-RDM build:        0.0031250 s
Time taken for 3-RDM build:        0.0286739 s
Time taken for 3-RDM build:        0.0283706 s
Time taken for 3-RDM build:        0.0284185 s
Time taken for 3-RDM build:        0.0283701 s
Time taken for 3-RDM build:        0.0283685 s
Time taken for 3-RDM build:        0.0283730 s
E_frzc:                          -75.5478008 Eh
E_cas:                           -23.9325131 Eh
E_nuc:                             0.0000000 Eh
E_casci:                         -99.4797328 Eh
E0 (from RDM):                   -99.4797328 Eh
Ecorr:                            -0.1043819 Eh

Timing summary
... Hamil build:                    0.0060997 s
... Hamil diag:                     0.0001607 s
... RDM build:                      2.8852682 s
State     Energy / Eh         Splitting / Eh      Splitting / cm-1    Splitting / meV     
0         -9.9480314e+01      +0.0000000e+00      +0.0000000e+00      +0.0000000e+00      
1         -9.9480314e+01      +2.4031038e-08      +5.2742033e-03      +6.5391818e-04      
2         -9.9480314e+01      +6.9549628e-09      +1.5264379e-03      +1.8925427e-04      
3         -9.9480314e+01      +2.1663126e-08      +4.7545067e-03      +5.8948398e-04      
4         -9.9478571e+01      +1.7431739e-03      +3.8258245e+02      +4.7434202e+01      
5         -9.9478571e+01      +1.6993965e-08      +3.7297443e-03      +4.6242957e-04      
Total time taken:                   3.0808370 s
===============================================

===============================================
            Relativistic DSRG-MRPT2            
===============================================
-----------------------------------------------
        DSRG-MRPT2 reference relaxation        
-----------------------------------------------
Iter                          Energy              Delta E   
   -Eref  -99.4797328       
   -Ecorr -0.2698681       
<Psi^(0)|Hbar^(0)|Psi^(0)>    -99.7496009         -9.97496e+01
   -Erelax-0.0000000       
<Psi^(0)|Hbar^(1)|Psi^(0)>    -99.7496009         -1.42109e-14
   -Eref  -99.4797328       
   -Ecorr -0.2698681       
<Psi^(1)|Hbar^(1)|Psi^(1)>    -99.7496009         -2.84217e-14
   -Erelax-0.0000000       
<Psi^(1)|Hbar^(2)|Psi^(1)>    -99.7496009         -1.42109e-14
Unrelaxed DSRG-MRPT2 energy:               -99.7496009 Eh
Unrelaxed DSRG-MRPT2 E_corr:                -0.2698681 Eh
Partially relaxed DSRG-MRPT2 energy:       -99.7496009 Eh
Partially relaxed DSRG-MRPT2 E_corr:        -0.2698681 Eh
Relaxed DSRG-MRPT2 energy:                 -99.7496009 Eh
Relaxed DSRG-MRPT2 E_corr:                  -0.2698681 Eh
Fully relaxed DSRG-MRPT2 energy:           -99.7496009 Eh
Fully relaxed DSRG-MRPT2 E_corr:            -0.2698681 Eh
State     Energy / Eh         Splitting / Eh      Splitting / cm-1    Splitting / meV     
0         -9.9750178e+01      +0.0000000e+00      +0.0000000e+00      +0.0000000e+00      
1         -9.9750178e+01      +5.7010539e-09      +1.2512367e-03      +1.5513365e-04      
2         -9.9750178e+01      +5.5566716e-09      +1.2195484e-03      +1.5120481e-04      
3         -9.9750178e+01      +3.2685818e-09      +7.1737079e-04      +8.8942685e-05      
4         -9.9748447e+01      +1.7312398e-03      +3.7996321e+02      +4.7109457e+01      
5         -9.9748447e+01      +6.4212031e-09      +1.4092912e-03      +1.7472992e-04      
Time taken:                       15.6561697 s
===============================================
===============================================
              PySCF DHF interface              
===============================================
Will now allocate 0.320 MB disk space for the frozen core ERI tensor!
Will now allocate 74.650 MB disk space for the aacc and acca ERI tensor!
Will now allocate 4.354 GB disk space for the AO ERI tensor!

Timing report
....integral retrieval:            2.6215336 s
....integral transformation:       9.0729911 s

===============================================
            Relativistic CASCI(3,8)            
===============================================
Will now allocate 0.050 MB memory for the CASCI Hamiltonian!
Time taken for 1-RDM build:        0.0260715 s
Time taken for 1-RDM build:        0.0259204 s
Time taken for 1-RDM build:        0.0258842 s
Time taken for 1-RDM build:        0.0258222 s
Time taken for 1-RDM build:        0.0258663 s
Time taken for 1-RDM build:        0.0258453 s
Time taken for 2-RDM build:        0.0899243 s
Time taken for 2-RDM build:        0.0897126 s
Time taken for 2-RDM build:        0.0899272 s
Time taken for 2-RDM build:        0.0898628 s
Time taken for 2-RDM build:        0.0897245 s
Time taken for 2-RDM build:        0.0900431 s
Time taken for 3-RDM build:        0.1990089 s
Time taken for 3-RDM build:        0.1991041 s
Time taken for 3-RDM build:        0.1987712 s
Time taken for 3-RDM build:        0.1987214 s
Time taken for 3-RDM build:        0.1986525 s
Time taken for 3-RDM build:        0.1985066 s
E_frzc:                            0.0000000 Eh
E_cas:                            -1.8986420 Eh
E_nuc:                       -240.4061812+0.0000000j Eh
E_casci:                     -242.3045291+0.0000000j Eh
E0 (from RDM):                  -242.3045291 Eh
Ecorr:                            -0.1899047 Eh

Timing summary
... Hamil build:                    0.0606999 s
... Hamil diag:                     0.0012655 s
... RDM build:                      7.8913941 s
State     Energy / Eh         Splitting / Eh      Splitting / cm-1    Splitting / meV     
0         -2.4230482e+02      +0.0000000e+00      +0.0000000e+00      +0.0000000e+00      
1         -2.4230482e+02      +1.0992665e-09      +2.4126110e-04      +2.9912578e-05      
2         -2.4230438e+02      +4.4107881e-04      +9.6805609e+01      +1.2002372e+01      
3         -2.4230438e+02      +1.0805650e-09      +2.3715660e-04      +2.9403685e-05      
4         -2.4230438e+02      +8.9775654e-10      +1.9703478e-04      +2.4429211e-05      
5         -2.4230438e+02      +3.6629899e-10      +8.0393336e-05      +9.9675080e-06      
Total time taken:                   8.4275484 s
===============================================

===============================================
            Relativistic DSRG-MRPT2            
===============================================
-----------------------------------------------
        DSRG-MRPT2 reference relaxation        
-----------------------------------------------
Iter                          Energy              Delta E   
   -Eref  -242.3045291       
   -Ecorr -0.0178153       
<Psi^(0)|Hbar^(0)|Psi^(0)>    -242.3223444        -2.42322e+02
   -Erelax-0.0001901       
<Psi^(0)|Hbar^(1)|Psi^(0)>    -242.3225345        -1.90070e-04
   -Eref  -242.3043396       
   -Ecorr -0.0181587       
<Psi^(1)|Hbar^(1)|Psi^(1)>    -242.3224983        3.62072e-05
   -Erelax-0.0000000       
<Psi^(1)|Hbar^(2)|Psi^(1)>    -242.3224983        -3.94550e-10
   -Eref  -242.3043391       
   -Ecorr -0.0181592       
<Psi^(2)|Hbar^(2)|Psi^(2)>    -242.3224982        4.89689e-08
   -Erelax-0.0000000       
<Psi^(2)|Hbar^(3)|Psi^(2)>    -242.3224982        0.00000e+00
   -Eref  -242.3043391       
   -Ecorr -0.0181592       
<Psi^(3)|Hbar^(3)|Psi^(3)>    -242.3224982        6.40625e-11
   -Erelax-0.0000000       
<Psi^(3)|Hbar^(4)|Psi^(3)>    -242.3224982        0.00000e+00
Unrelaxed DSRG-MRPT2 energy:              -242.3223444 Eh
Unrelaxed DSRG-MRPT2 E_corr:                -0.0178153 Eh
Partially relaxed DSRG-MRPT2 energy:      -242.3225345 Eh
Partially relaxed DSRG-MRPT2 E_corr:        -0.0180054 Eh
Relaxed DSRG-MRPT2 energy:                -242.3224983 Eh
Relaxed DSRG-MRPT2 E_corr:                  -0.0181587 Eh
Fully relaxed DSRG-MRPT2 energy:          -242.3224982 Eh
Fully relaxed DSRG-MRPT2 E_corr:            -0.0181592 Eh
State     Energy / Eh         Splitting / Eh      Splitting / cm-1    Splitting / meV     
0         -2.4232282e+02      +0.0000000e+00      +0.0000000e+00      +0.0000000e+00      
1         -2.4232282e+02      +7.6087758e-10      +1.6699333e-04      +2.0704544e-05      
2         -2.4232234e+02      +4.8360142e-04      +1.0613824e+02      +1.3159471e+01      
3         -2.4232234e+02      +7.2873263e-10      +1.5993832e-04      +1.9829834e-05      
4         -2.4232234e+02      +5.8528826e-10      +1.2845592e-04      +1.5926512e-05      
5         -2.4232234e+02      +2.6940938e-10      +5.9128525e-05      +7.3310062e-06      
Time taken:                       72.2304771 s
===============================================
===============================================
              PySCF DHF interface              
===============================================
Will now allocate 0.320 MB disk space for the frozen core ERI tensor!
Will now allocate 74.650 MB disk space for the aacc and acca ERI tensor!
Will now allocate 4.354 GB disk space for the AO ERI tensor!

Timing report
....integral retrieval:            2.6247709 s
....integral transformation:       9.1907513 s

===============================================
            Relativistic CASCI(4,8)            
===============================================
Will now allocate 0.078 MB memory for the CASCI Hamiltonian!
Time taken for 1-RDM build:        0.0355487 s
Time taken for 1-RDM build:        0.0352798 s
Time taken for 1-RDM build:        0.0352275 s
Time taken for 1-RDM build:        0.0351765 s
Time taken for 1-RDM build:        0.0347171 s
Time taken for 1-RDM build:        0.0318949 s
Time taken for 1-RDM build:        0.0309274 s
Time taken for 1-RDM build:        0.0309687 s
Time taken for 1-RDM build:        0.0310235 s
Time taken for 2-RDM build:        0.1331155 s
Time taken for 2-RDM build:        0.1331649 s
Time taken for 2-RDM build:        0.1330383 s
Time taken for 2-RDM build:        0.1330557 s
Time taken for 2-RDM build:        0.1330571 s
Time taken for 2-RDM build:        0.1328495 s
Time taken for 2-RDM build:        0.1330237 s
Time taken for 2-RDM build:        0.1328044 s
Time taken for 2-RDM build:        0.1331227 s
Time taken for 3-RDM build:        0.4172513 s
Time taken for 3-RDM build:        0.4169893 s
Time taken for 3-RDM build:        0.4167838 s
Time taken for 3-RDM build:        0.4171367 s
Time taken for 3-RDM build:        0.4168675 s
Time taken for 3-RDM build:        0.4175584 s
Time taken for 3-RDM build:        0.4171498 s
Time taken for 3-RDM build:        0.4174829 s
Time taken for 3-RDM build:        0.4171793 s
E_frzc:                            0.0000000 Eh
E_cas:                            -3.6921024 Eh
E_nuc:                       -285.7423197+0.0000000j Eh
E_casci:                     -289.4337768+0.0000000j Eh
E0 (from RDM):                  -289.4337768 Eh
Ecorr:                            -0.2329780 Eh

Timing summary
... Hamil build:                    0.0937133 s
... Hamil diag:                     0.0016887 s
... RDM build:                     11.2666695 s
State     Energy / Eh         Splitting / Eh      Splitting / cm-1    Splitting / meV     
0         -2.8943442e+02      +0.0000000e+00      +0.0000000e+00      +0.0000000e+00      
1         -2.8943409e+02      +3.3211201e-04      +7.2890160e+01      +9.0372324e+00      
2         -2.8943409e+02      +8.1735152e-10      +1.7938792e-04      +2.2241278e-05      
3         -2.8943409e+02      +8.9210062e-10      +1.9579345e-04      +2.4275306e-05      
4         -2.8943346e+02      +6.3005266e-04      +1.3828057e+02      +1.7144614e+01      
5         -2.8943346e+02      +2.5920599e-10      +5.6889139e-05      +7.0533576e-06      
6         -2.8943346e+02      +7.8654239e-10      +1.7262610e-04      +2.1402919e-05      
7         -2.8943346e+02      +6.1896799e-10      +1.3584777e-04      +1.6842985e-05      
8         -2.8943346e+02      +4.2439297e-10      +9.3143489e-05      +1.1548326e-05      
Total time taken:                  11.8365359 s
===============================================

===============================================
            Relativistic DSRG-MRPT2            
===============================================
-----------------------------------------------
        DSRG-MRPT2 reference relaxation        
-----------------------------------------------
Iter                          Energy              Delta E   
   -Eref  -289.4337768       
   -Ecorr -0.0428677       
<Psi^(0)|Hbar^(0)|Psi^(0)>    -289.4766445        -2.89477e+02
   -Erelax-0.0000847       
<Psi^(0)|Hbar^(1)|Psi^(0)>    -289.4767292        -8.47171e-05
   -Eref  -289.4336923       
   -Ecorr -0.0430564       
<Psi^(1)|Hbar^(1)|Psi^(1)>    -289.4767486        -1.94663e-05
   -Erelax-0.0000000       
<Psi^(1)|Hbar^(2)|Psi^(1)>    -289.4767486        -2.59206e-10
   -Eref  -289.4336924       
   -Ecorr -0.0430562       
<Psi^(2)|Hbar^(2)|Psi^(2)>    -289.4767486        1.98011e-08
   -Erelax-0.0000000       
<Psi^(2)|Hbar^(3)|Psi^(2)>    -289.4767486        -2.27374e-13
   -Eref  -289.4336924       
   -Ecorr -0.0430562       
<Psi^(3)|Hbar^(3)|Psi^(3)>    -289.4767486        5.41718e-11
   -Erelax-0.0000000       
<Psi^(3)|Hbar^(4)|Psi^(3)>    -289.4767486        0.00000e+00
Unrelaxed DSRG-MRPT2 energy:              -289.4766445 Eh
Unrelaxed DSRG-MRPT2 E_corr:                -0.0428677 Eh
Partially relaxed DSRG-MRPT2 energy:      -289.4767292 Eh
Partially relaxed DSRG-MRPT2 E_corr:        -0.0429524 Eh
Relaxed DSRG-MRPT2 energy:                -289.4767486 Eh
Relaxed DSRG-MRPT2 E_corr:                  -0.0430564 Eh
Fully relaxed DSRG-MRPT2 energy:          -289.4767486 Eh
Fully relaxed DSRG-MRPT2 E_corr:            -0.0430562 Eh
State     Energy / Eh         Splitting / Eh      Splitting / cm-1    Splitting / meV     
0         -2.8947744e+02      +0.0000000e+00      +0.0000000e+00      +0.0000000e+00      
1         -2.8947709e+02      +3.5850322e-04      +7.8682362e+01      +9.7553742e+00      
2         -2.8947709e+02      +4.8288484e-10      +1.0598097e-04      +1.3139972e-05      
3         -2.8947709e+02      +5.0630433e-10      +1.1112096e-04      +1.3777249e-05      
4         -2.8947641e+02      +6.7848797e-04      +1.4891090e+02      +1.8462607e+01      
5         -2.8947641e+02      +1.7848834e-10      +3.9173661e-05      +4.8569173e-06      
6         -2.8947641e+02      +4.4502713e-10      +9.7672164e-05      +1.2109811e-05      
7         -2.8947641e+02      +3.9472070e-10      +8.6631180e-05      +1.0740902e-05      
8         -2.8947641e+02      +2.2561153e-10      +4.9516007e-05      +6.1392053e-06      
Time taken:                       84.9650214 s
===============================================
===============================================
              PySCF DHF interface              
===============================================
Will now allocate 0.320 MB disk space for the frozen core ERI tensor!
Will now allocate 74.650 MB disk space for the aacc and acca ERI tensor!
Will now allocate 4.354 GB disk space for the AO ERI tensor!

Timing report
....integral retrieval:            2.6205590 s
....integral transformation:       9.1896408 s

===============================================
            Relativistic CASCI(5,8)            
===============================================
Will now allocate 0.050 MB memory for the CASCI Hamiltonian!
Time taken for 1-RDM build:        0.0259442 s
Time taken for 1-RDM build:        0.0258820 s
Time taken for 1-RDM build:        0.0258789 s
Time taken for 1-RDM build:        0.0259080 s
Time taken for 1-RDM build:        0.0258636 s
Time taken for 1-RDM build:        0.0258608 s
Time taken for 1-RDM build:        0.0252895 s
Time taken for 1-RDM build:        0.0238459 s
Time taken for 1-RDM build:        0.0227528 s
Time taken for 1-RDM build:        0.0227511 s
Time taken for 1-RDM build:        0.0227628 s
Time taken for 1-RDM build:        0.0227482 s
Time taken for 1-RDM build:        0.0227458 s
Time taken for 1-RDM build:        0.0226953 s
Time taken for 2-RDM build:        0.0947797 s
Time taken for 2-RDM build:        0.0946093 s
Time taken for 2-RDM build:        0.0944455 s
Time taken for 2-RDM build:        0.0945389 s
Time taken for 2-RDM build:        0.0944657 s
Time taken for 2-RDM build:        0.0946274 s
Time taken for 2-RDM build:        0.0948186 s
Time taken for 2-RDM build:        0.0946844 s
Time taken for 2-RDM build:        0.0946288 s
Time taken for 2-RDM build:        0.0946121 s
Time taken for 2-RDM build:        0.0944467 s
Time taken for 2-RDM build:        0.0945239 s
Time taken for 2-RDM build:        0.0946176 s
Time taken for 2-RDM build:        0.0944054 s
Time taken for 3-RDM build:        0.3763912 s
Time taken for 3-RDM build:        0.3761671 s
Time taken for 3-RDM build:        0.3761237 s
Time taken for 3-RDM build:        0.3759019 s
Time taken for 3-RDM build:        0.3758662 s
Time taken for 3-RDM build:        0.3763781 s
Time taken for 3-RDM build:        0.3761339 s
Time taken for 3-RDM build:        0.3763454 s
Time taken for 3-RDM build:        0.3758242 s
Time taken for 3-RDM build:        0.3756783 s
Time taken for 3-RDM build:        0.3758750 s
Time taken for 3-RDM build:        0.3759093 s
Time taken for 3-RDM build:        0.3759656 s
Time taken for 3-RDM build:        0.3759432 s
E_frzc:                            0.0000000 Eh
E_cas:                            -6.3636403 Eh
E_nuc:                       -335.1272672-0.0000000j Eh
E_casci:                     -341.4410664-0.0000000j Eh
E0 (from RDM):                  -341.4410664 Eh
Ecorr:                            -0.2138107 Eh

Timing summary
... Hamil build:                    0.0731480 s
... Hamil diag:                     0.0099862 s
... RDM build:                     12.7693012 s
State     Energy / Eh         Splitting / Eh      Splitting / cm-1    Splitting / meV     
0         -3.4149091e+02      +0.0000000e+00      +0.0000000e+00      +0.0000000e+00      
1         -3.4149091e+02      +3.2849812e-10      +7.2097003e-05      +8.9388933e-06      
2         -3.4149091e+02      +3.2838443e-10      +7.2072051e-05      +8.9357998e-06      
3         -3.4149091e+02      +3.2792968e-10      +7.1972246e-05      +8.9234255e-06      
4         -3.4142117e+02      +6.9735531e-02      +1.5305180e+04      +1.8976014e+03      
5         -3.4142117e+02      +1.5667752e-09      +3.4386740e-04      +4.2634144e-05      
6         -3.4142117e+02      +1.3034196e-09      +2.8606753e-04      +3.5467871e-05      
7         -3.4142117e+02      +1.7383286e-09      +3.8151902e-04      +4.7302353e-05      
8         -3.4142110e+02      +6.9890622e-05      +1.5339218e+01      +1.9018216e+00      
9         -3.4142110e+02      +9.2740038e-10      +2.0354085e-04      +2.5235862e-05      
10        -3.4142110e+02      +9.6150643e-10      +2.1102627e-04      +2.6163935e-05      
11        -3.4142110e+02      +7.5050366e-10      +1.6471651e-04      +2.0422255e-05      
12        -3.4142110e+02      +9.6383701e-10      +2.1153777e-04      +2.6227353e-05      
13        -3.4142110e+02      +1.9558115e-09      +4.2925101e-04      +5.3220367e-05      
Total time taken:                  13.3266132 s
===============================================

===============================================
            Relativistic DSRG-MRPT2            
===============================================
-----------------------------------------------
        DSRG-MRPT2 reference relaxation        
-----------------------------------------------
Iter                          Energy              Delta E   
   -Eref  -341.4410664       
   -Ecorr -0.0847894       
<Psi^(0)|Hbar^(0)|Psi^(0)>    -341.5258559        -3.41526e+02
   -Erelax-0.0000008       
<Psi^(0)|Hbar^(1)|Psi^(0)>    -341.5258567        -8.38198e-07
   -Eref  -341.4410657       
   -Ecorr -0.0847914       
<Psi^(1)|Hbar^(1)|Psi^(1)>    -341.5258571        -4.24046e-07
   -Erelax-0.0000000       
<Psi^(1)|Hbar^(2)|Psi^(1)>    -341.5258571        -2.78703e-10
   -Eref  -341.4410658       
   -Ecorr -0.0847913       
<Psi^(2)|Hbar^(2)|Psi^(2)>    -341.5258571        7.79755e-09
   -Erelax-0.0000000       
<Psi^(2)|Hbar^(3)|Psi^(2)>    -341.5258571        -1.13687e-13
Unrelaxed DSRG-MRPT2 energy:              -341.5258559 Eh
Unrelaxed DSRG-MRPT2 E_corr:                -0.0847894 Eh
Partially relaxed DSRG-MRPT2 energy:      -341.5258567 Eh
Partially relaxed DSRG-MRPT2 E_corr:        -0.0847903 Eh
Relaxed DSRG-MRPT2 energy:                -341.5258571 Eh
Relaxed DSRG-MRPT2 E_corr:                  -0.0847914 Eh
Fully relaxed DSRG-MRPT2 energy:          -341.5258571 Eh
Fully relaxed DSRG-MRPT2 E_corr:            -0.0847913 Eh
State     Energy / Eh         Splitting / Eh      Splitting / cm-1    Splitting / meV     
0         -3.4156826e+02      +0.0000000e+00      +0.0000000e+00      +0.0000000e+00      
1         -3.4156826e+02      +2.8319391e-10      +6.2153879e-05      +7.7061026e-06      
2         -3.4156826e+02      +2.8302338e-10      +6.2116452e-05      +7.7014622e-06      
3         -3.4156826e+02      +2.8308023e-10      +6.2128928e-05      +7.7030090e-06      
4         -3.4150893e+02      +5.9327046e-02      +1.3020782e+04      +1.6143719e+03      
5         -3.4150893e+02      +6.0003913e-10      +1.3169337e-04      +1.6327904e-05      
6         -3.4150893e+02      +4.7572257e-10      +1.0440904e-04      +1.2945077e-05      
7         -3.4150893e+02      +6.6472694e-10      +1.4589070e-04      +1.8088150e-05      
8         -3.4150887e+02      +6.5605370e-05      +1.4398714e+01      +1.7852139e+00      
9         -3.4150887e+02      +3.6408210e-10      +7.9906784e-05      +9.9071832e-06      
10        -3.4150887e+02      +3.0843239e-10      +6.7693085e-05      +8.3928768e-06      
11        -3.4150887e+02      +3.0394176e-10      +6.6707505e-05      +8.2706805e-06      
12        -3.4150887e+02      +3.9074166e-10      +8.5757882e-05      +1.0632627e-05      
13        -3.4150887e+02      +6.5216454e-10      +1.4313357e-04      +1.7746310e-05      
Time taken:                       59.6604483 s
===============================================
===============================================
              PySCF DHF interface              
===============================================
Will now allocate 0.320 MB disk space for the frozen core ERI tensor!
Will now allocate 74.650 MB disk space for the aacc and acca ERI tensor!
Will now allocate 4.354 GB disk space for the AO ERI tensor!

Timing report
....integral retrieval:            2.6239803 s
....integral transformation:       9.5939333 s

===============================================
            Relativistic CASCI(6,8)            
===============================================
Will now allocate 0.013 MB memory for the CASCI Hamiltonian!
Time taken for 1-RDM build:        0.0102422 s
Time taken for 1-RDM build:        0.0101922 s
Time taken for 1-RDM build:        0.0102100 s
Time taken for 1-RDM build:        0.0102072 s
Time taken for 1-RDM build:        0.0102015 s
Time taken for 1-RDM build:        0.0102179 s
Time taken for 1-RDM build:        0.0102081 s
Time taken for 1-RDM build:        0.0101860 s
Time taken for 1-RDM build:        0.0101962 s
Time taken for 2-RDM build:        0.0305464 s
Time taken for 2-RDM build:        0.0305011 s
Time taken for 2-RDM build:        0.0304828 s
Time taken for 2-RDM build:        0.0305178 s
Time taken for 2-RDM build:        0.0305190 s
Time taken for 2-RDM build:        0.0305810 s
Time taken for 2-RDM build:        0.0305030 s
Time taken for 2-RDM build:        0.0305088 s
Time taken for 2-RDM build:        0.0304728 s
Time taken for 3-RDM build:        0.1569233 s
Time taken for 3-RDM build:        0.1567550 s
Time taken for 3-RDM build:        0.1567981 s
Time taken for 3-RDM build:        0.1568630 s
Time taken for 3-RDM build:        0.1568792 s
Time taken for 3-RDM build:        0.1568797 s
Time taken for 3-RDM build:        0.1567125 s
Time taken for 3-RDM build:        0.1567581 s
Time taken for 3-RDM build:        0.1567407 s
E_frzc:                            0.0000000 Eh
E_cas:                            -9.9659359 Eh
E_nuc:                       -388.5675376-0.0000000j Eh
E_casci:                     -398.5325748-0.0000000j Eh
E0 (from RDM):                  -398.5325748 Eh
Ecorr:                            -0.1603097 Eh

Timing summary
... Hamil build:                    0.0285051 s
... Hamil diag:                     0.0006378 s
... RDM build:                      7.6714821 s
State     Energy / Eh         Splitting / Eh      Splitting / cm-1    Splitting / meV     
0         -3.9853347e+02      +0.0000000e+00      +0.0000000e+00      +0.0000000e+00      
1         -3.9853347e+02      +5.6296585e-09      +1.2355672e-03      +1.5319088e-04      
2         -3.9853347e+02      +5.9783360e-09      +1.3120931e-03      +1.6267889e-04      
3         -3.9853347e+02      +5.6479053e-09      +1.2395719e-03      +1.5368740e-04      
4         -3.9853347e+02      +5.6580234e-09      +1.2417926e-03      +1.5396273e-04      
5         -3.9853166e+02      +1.8163270e-03      +3.9863770e+02      +4.9424800e+01      
6         -3.9853166e+02      +3.5533390e-09      +7.7986775e-04      +9.6691324e-05      
7         -3.9853166e+02      +3.5755079e-09      +7.8473327e-04      +9.7294572e-05      
8         -3.9853083e+02      +8.2294816e-04      +1.8061624e+02      +2.2393571e+01      
Total time taken:                   8.1749883 s
===============================================

===============================================
            Relativistic DSRG-MRPT2            
===============================================
-----------------------------------------------
        DSRG-MRPT2 reference relaxation        
-----------------------------------------------
Iter                          Energy              Delta E   
   -Eref  -398.5325748       
   -Ecorr -0.1266175       
<Psi^(0)|Hbar^(0)|Psi^(0)>    -398.6591923        -3.98659e+02
   -Erelax-0.0000001       
<Psi^(0)|Hbar^(1)|Psi^(0)>    -398.6591924        -1.34951e-07
   -Eref  -398.5325747       
   -Ecorr -0.1266178       
<Psi^(1)|Hbar^(1)|Psi^(1)>    -398.6591925        -4.30430e-08
   -Erelax-0.0000000       
<Psi^(1)|Hbar^(2)|Psi^(1)>    -398.6591925        -3.41061e-13
   -Eref  -398.5325747       
   -Ecorr -0.1266178       
<Psi^(2)|Hbar^(2)|Psi^(2)>    -398.6591925        1.93495e-10
   -Erelax-0.0000000       
<Psi^(2)|Hbar^(3)|Psi^(2)>    -398.6591925        0.00000e+00
Unrelaxed DSRG-MRPT2 energy:              -398.6591923 Eh
Unrelaxed DSRG-MRPT2 E_corr:                -0.1266175 Eh
Partially relaxed DSRG-MRPT2 energy:      -398.6591924 Eh
Partially relaxed DSRG-MRPT2 E_corr:        -0.1266176 Eh
Relaxed DSRG-MRPT2 energy:                -398.6591925 Eh
Relaxed DSRG-MRPT2 E_corr:                  -0.1266178 Eh
Fully relaxed DSRG-MRPT2 energy:          -398.6591925 Eh
Fully relaxed DSRG-MRPT2 E_corr:            -0.1266178 Eh
State     Energy / Eh         Splitting / Eh      Splitting / cm-1    Splitting / meV     
0         -3.9866002e+02      +0.0000000e+00      +0.0000000e+00      +0.0000000e+00      
1         -3.9866002e+02      +1.9605864e-09      +4.3029897e-04      +5.3350298e-05      
2         -3.9866002e+02      +1.2508394e-09      +2.7452752e-04      +3.4037091e-05      
3         -3.9866002e+02      +1.1449401e-09      +2.5128531e-04      +3.1155423e-05      
4         -3.9866002e+02      +1.7356001e-09      +3.8092019e-04      +4.7228107e-05      
5         -3.9865835e+02      +1.6677344e-03      +3.6602540e+02      +4.5381387e+01      
6         -3.9865835e+02      +7.1918294e-10      +1.5784241e-04      +1.9569974e-05      
7         -3.9865835e+02      +9.1006314e-10      +1.9973577e-04      +2.4764091e-05      
8         -3.9865759e+02      +7.6067991e-04      +1.6694994e+02      +2.0699164e+01      
Time taken:                       49.6081059 s
===============================================
===============================================
              PySCF DHF interface              
===============================================
Will now allocate 0.320 MB disk space for the frozen core ERI tensor!
Will now allocate 74.650 MB disk space for the aacc and acca ERI tensor!
Will now allocate 4.354 GB disk space for the AO ERI tensor!

Timing report
....integral retrieval:            2.6251783 s
....integral transformation:      10.0057650 s

===============================================
            Relativistic CASCI(7,8)            
===============================================
Will now allocate 0.001 MB memory for the CASCI Hamiltonian!
Time taken for 1-RDM build:        0.0015423 s
Time taken for 1-RDM build:        0.0015206 s
Time taken for 1-RDM build:        0.0015285 s
Time taken for 1-RDM build:        0.0015256 s
Time taken for 1-RDM build:        0.0015204 s
Time taken for 1-RDM build:        0.0015244 s
Time taken for 2-RDM build:        0.0031898 s
Time taken for 2-RDM build:        0.0031154 s
Time taken for 2-RDM build:        0.0031176 s
Time taken for 2-RDM build:        0.0031183 s
Time taken for 2-RDM build:        0.0031171 s
Time taken for 2-RDM build:        0.0031228 s
Time taken for 3-RDM build:        0.0286589 s
Time taken for 3-RDM build:        0.0283587 s
Time taken for 3-RDM build:        0.0283573 s
Time taken for 3-RDM build:        0.0283623 s
Time taken for 3-RDM build:        0.0283577 s
Time taken for 3-RDM build:        0.0283718 s
E_frzc:                            0.0000000 Eh
E_cas:                           -14.7582517 Eh
E_nuc:                       -446.0682972-0.0000000j Eh
E_casci:                     -460.8252020-0.0000000j Eh
E0 (from RDM):                  -460.8252020 Eh
Ecorr:                             0.0013470 Eh

Timing summary
... Hamil build:                    0.0048151 s
... Hamil diag:                     0.0002604 s
... RDM build:                      6.1330545 s
State     Energy / Eh         Splitting / Eh      Splitting / cm-1    Splitting / meV     
0         -4.6082655e+02      +0.0000000e+00      +0.0000000e+00      +0.0000000e+00      
1         -4.6082655e+02      +1.2022326e-08      +2.6385956e-03      +3.2714432e-04      
2         -4.6082655e+02      +5.7600573e-09      +1.2641864e-03      +1.5673922e-04      
3         -4.6082655e+02      +1.1622035e-08      +2.5507418e-03      +3.1625183e-04      
4         -4.6082251e+02      +4.0408198e-03      +8.8685742e+02      +1.0995636e+02      
5         -4.6082251e+02      +2.0031848e-08      +4.3964825e-03      +5.4509461e-04      
Total time taken:                   6.6125762 s
===============================================

===============================================
            Relativistic DSRG-MRPT2            
===============================================
-----------------------------------------------
        DSRG-MRPT2 reference relaxation        
-----------------------------------------------
Iter                          Energy              Delta E   
   -Eref  -460.8252020       
   -Ecorr -0.1722808       
<Psi^(0)|Hbar^(0)|Psi^(0)>    -460.9974827        -4.60997e+02
   -Erelax0.0000000       
<Psi^(0)|Hbar^(1)|Psi^(0)>    -460.9974827        0.00000e+00
   -Eref  -460.8252020       
   -Ecorr -0.1722808       
<Psi^(1)|Hbar^(1)|Psi^(1)>    -460.9974827        5.68434e-14
   -Erelax0.0000000       
<Psi^(1)|Hbar^(2)|Psi^(1)>    -460.9974827        0.00000e+00
Unrelaxed DSRG-MRPT2 energy:              -460.9974827 Eh
Unrelaxed DSRG-MRPT2 E_corr:                -0.1722808 Eh
Partially relaxed DSRG-MRPT2 energy:      -460.9974827 Eh
Partially relaxed DSRG-MRPT2 E_corr:        -0.1722808 Eh
Relaxed DSRG-MRPT2 energy:                -460.9974827 Eh
Relaxed DSRG-MRPT2 E_corr:                  -0.1722808 Eh
Fully relaxed DSRG-MRPT2 energy:          -460.9974827 Eh
Fully relaxed DSRG-MRPT2 E_corr:            -0.1722808 Eh
State     Energy / Eh         Splitting / Eh      Splitting / cm-1    Splitting / meV     
0         -4.6099882e+02      +0.0000000e+00      +0.0000000e+00      +0.0000000e+00      
1         -4.6099882e+02      +2.7371811e-09      +6.0074182e-04      +7.4482528e-05      
2         -4.6099882e+02      +2.1298661e-09      +4.6745157e-04      +5.7956635e-05      
3         -4.6099882e+02      +2.4900828e-09      +5.4651000e-04      +6.7758637e-05      
4         -4.6099481e+02      +4.0035818e-03      +8.7868464e+02      +1.0894306e+02      
5         -4.6099481e+02      +4.7875233e-09      +1.0507399e-03      +1.3027521e-04      
Time taken:                       25.8324358 s
===============================================
===============================================
              PySCF DHF interface              
===============================================
Will now allocate 19.669 MB disk space for the frozen core ERI tensor!
Will now allocate 1.888 GB disk space for the aacc and acca ERI tensor!
Will now allocate 45.327 GB disk space for the AO ERI tensor!

Timing report
....integral retrieval:           31.9364510 s
....integral transformation:     106.9911926 s

===============================================
            Relativistic CASCI(3,8)            
===============================================
Will now allocate 0.050 MB memory for the CASCI Hamiltonian!
Time taken for 1-RDM build:        0.0257795 s
Time taken for 1-RDM build:        0.0256977 s
Time taken for 1-RDM build:        0.0257072 s
Time taken for 1-RDM build:        0.0256755 s
Time taken for 1-RDM build:        0.0257034 s
Time taken for 1-RDM build:        0.0256796 s
Time taken for 2-RDM build:        0.0894163 s
Time taken for 2-RDM build:        0.0892069 s
Time taken for 2-RDM build:        0.0892518 s
Time taken for 2-RDM build:        0.0893476 s
Time taken for 2-RDM build:        0.0893450 s
Time taken for 2-RDM build:        0.0890100 s
Time taken for 3-RDM build:        0.2069666 s
Time taken for 3-RDM build:        0.2063680 s
Time taken for 3-RDM build:        0.2066698 s
Time taken for 3-RDM build:        0.2068658 s
Time taken for 3-RDM build:        0.2062433 s
Time taken for 3-RDM build:        0.2067320 s
E_frzc:                            0.0000000 Eh
E_cas:                            -2.0100161 Eh
E_nuc:                       -1939.7138290-0.0000000j Eh
E_casci:                     -1941.7217616-0.0000000j Eh
E0 (from RDM):                 -1941.7217616 Eh
Ecorr:                            -0.1944870 Eh

Timing summary
... Hamil build:                    0.0608385 s
... Hamil diag:                     0.0120113 s
... RDM build:                    214.2571290 s
State     Energy / Eh         Splitting / Eh      Splitting / cm-1    Splitting / meV     
0         -1.9417238e+03      +0.0000000e+00      +0.0000000e+00      +0.0000000e+00      
1         -1.9417238e+03      +1.0702479e-09      +2.3489226e-04      +2.9122942e-05      
2         -1.9417207e+03      +3.1252750e-03      +6.8591858e+02      +8.5043106e+01      
3         -1.9417207e+03      +1.1004886e-09      +2.4152933e-04      +2.9945834e-05      
4         -1.9417207e+03      +9.5178621e-10      +2.0889293e-04      +2.5899434e-05      
5         -1.9417207e+03      +6.4619599e-10      +1.4182362e-04      +1.7583897e-05      
Total time taken:                 218.9830170 s
===============================================

===============================================
            Relativistic DSRG-MRPT2            
===============================================
-----------------------------------------------
        DSRG-MRPT2 reference relaxation        
-----------------------------------------------
Iter                          Energy              Delta E   
   -Eref  -1941.7217616       
   -Ecorr -0.0191494       
<Psi^(0)|Hbar^(0)|Psi^(0)>    -1941.7409110       -1.94174e+03
   -Erelax-0.0001459       
<Psi^(0)|Hbar^(1)|Psi^(0)>    -1941.7410569       -1.45874e-04
   -Eref  -1941.7216168       
   -Ecorr -0.0194111       
<Psi^(1)|Hbar^(1)|Psi^(1)>    -1941.7410279       2.90293e-05
   -Erelax-0.0000000       
<Psi^(1)|Hbar^(2)|Psi^(1)>    -1941.7410279       -3.27418e-11
   -Eref  -1941.7216167       
   -Ecorr -0.0194112       
<Psi^(2)|Hbar^(2)|Psi^(2)>    -1941.7410279       1.25044e-08
   -Erelax-0.0000000       
<Psi^(2)|Hbar^(3)|Psi^(2)>    -1941.7410279       0.00000e+00
   -Eref  -1941.7216167       
   -Ecorr -0.0194112       
<Psi^(3)|Hbar^(3)|Psi^(3)>    -1941.7410279       5.22959e-12
   -Erelax-0.0000000       
<Psi^(3)|Hbar^(4)|Psi^(3)>    -1941.7410279       0.00000e+00
Unrelaxed DSRG-MRPT2 energy:             -1941.7409110 Eh
Unrelaxed DSRG-MRPT2 E_corr:                -0.0191494 Eh
Partially relaxed DSRG-MRPT2 energy:     -1941.7410569 Eh
Partially relaxed DSRG-MRPT2 E_corr:        -0.0192953 Eh
Relaxed DSRG-MRPT2 energy:               -1941.7410279 Eh
Relaxed DSRG-MRPT2 E_corr:                  -0.0194111 Eh
Fully relaxed DSRG-MRPT2 energy:         -1941.7410279 Eh
Fully relaxed DSRG-MRPT2 E_corr:            -0.0194112 Eh
State     Energy / Eh         Splitting / Eh      Splitting / cm-1    Splitting / meV     
0         -1.9417433e+03      +0.0000000e+00      +0.0000000e+00      +0.0000000e+00      
1         -1.9417433e+03      +7.0485839e-10      +1.5469854e-04      +1.9180183e-05      
2         -1.9417399e+03      +3.3843795e-03      +7.4278544e+02      +9.2093702e+01      
3         -1.9417399e+03      +7.1145223e-10      +1.5614572e-04      +1.9359611e-05      
4         -1.9417399e+03      +6.4414962e-10      +1.4137450e-04      +1.7528212e-05      
5         -1.9417399e+03      +4.3837645e-10      +9.6212508e-05      +1.1928836e-05      
Time taken:                     1876.8797855 s
===============================================
===============================================
              PySCF DHF interface              
===============================================
Will now allocate 19.669 MB disk space for the frozen core ERI tensor!
Will now allocate 1.888 GB disk space for the aacc and acca ERI tensor!
Will now allocate 45.327 GB disk space for the AO ERI tensor!

Timing report
....integral retrieval:           32.0039079 s
....integral transformation:     127.9674089 s

===============================================
            Relativistic CASCI(4,8)            
===============================================
Will now allocate 0.078 MB memory for the CASCI Hamiltonian!
Time taken for 1-RDM build:        0.0636289 s
Time taken for 1-RDM build:        0.0459208 s
Time taken for 1-RDM build:        0.0406237 s
Time taken for 1-RDM build:        0.0405958 s
Time taken for 1-RDM build:        0.0407178 s
Time taken for 1-RDM build:        0.0411904 s
Time taken for 1-RDM build:        0.0404813 s
Time taken for 1-RDM build:        0.0404596 s
Time taken for 1-RDM build:        0.0404968 s
Time taken for 2-RDM build:        0.1338115 s
Time taken for 2-RDM build:        0.1336374 s
Time taken for 2-RDM build:        0.1337714 s
Time taken for 2-RDM build:        0.1335299 s
Time taken for 2-RDM build:        0.1337306 s
Time taken for 2-RDM build:        0.1337323 s
Time taken for 2-RDM build:        0.1336327 s
Time taken for 2-RDM build:        0.1336455 s
Time taken for 2-RDM build:        0.1336253 s
Time taken for 3-RDM build:        0.4184828 s
Time taken for 3-RDM build:        0.4180210 s
Time taken for 3-RDM build:        0.4179699 s
Time taken for 3-RDM build:        0.4182968 s
Time taken for 3-RDM build:        0.4183390 s
Time taken for 3-RDM build:        0.4182608 s
Time taken for 3-RDM build:        0.4183578 s
Time taken for 3-RDM build:        0.4186347 s
Time taken for 3-RDM build:        0.4184446 s
E_frzc:                            0.0000000 Eh
E_cas:                            -3.6862998 Eh
E_nuc:                       -2092.8592106-0.0000000j Eh
E_casci:                     -2096.5413860-0.0000000j Eh
E0 (from RDM):                 -2096.5413860 Eh
Ecorr:                            -0.2153364 Eh

Timing summary
... Hamil build:                    0.0940454 s
... Hamil diag:                     0.0120339 s
... RDM build:                     84.8370895 s
State     Energy / Eh         Splitting / Eh      Splitting / cm-1    Splitting / meV     
0         -2.0965455e+03      +0.0000000e+00      +0.0000000e+00      +0.0000000e+00      
1         -2.0965432e+03      +2.3344184e-03      +5.1234561e+02      +6.3522789e+01      
2         -2.0965432e+03      +6.4164851e-10      +1.4082557e-04      +1.7460154e-05      
3         -2.0965432e+03      +5.3205440e-10      +1.1677244e-04      +1.4477945e-05      
4         -2.0965395e+03      +3.6890520e-03      +8.0965333e+02      +1.0038427e+02      
5         -2.0965395e+03      +9.3723429e-10      +2.0569915e-04      +2.5503456e-05      
6         -2.0965395e+03      +1.0586518e-09      +2.3234722e-04      +2.8807397e-05      
7         -2.0965395e+03      +1.1709744e-09      +2.5699918e-04      +3.1863852e-05      
8         -2.0965395e+03      +1.0372787e-09      +2.2765636e-04      +2.8225805e-05      
Total time taken:                  89.5973217 s
===============================================

===============================================
            Relativistic DSRG-MRPT2            
===============================================
-----------------------------------------------
        DSRG-MRPT2 reference relaxation        
-----------------------------------------------
Iter                          Energy              Delta E   
   -Eref  -2096.5413860       
   -Ecorr -0.0401286       
<Psi^(0)|Hbar^(0)|Psi^(0)>    -2096.5815146       -2.09658e+03
   -Erelax-0.0000608       
<Psi^(0)|Hbar^(1)|Psi^(0)>    -2096.5815753       -6.07560e-05
   -Eref  -2096.5413244       
   -Ecorr -0.0402609       
<Psi^(1)|Hbar^(1)|Psi^(1)>    -2096.5815853       -1.00000e-05
   -Erelax-0.0000000       
<Psi^(1)|Hbar^(2)|Psi^(1)>    -2096.5815853       -3.21006e-09
   -Eref  -2096.5413242       
   -Ecorr -0.0402611       
<Psi^(2)|Hbar^(2)|Psi^(2)>    -2096.5815853       4.93897e-08
   -Erelax-0.0000000       
<Psi^(2)|Hbar^(3)|Psi^(2)>    -2096.5815853       -1.81899e-12
   -Eref  -2096.5413242       
   -Ecorr -0.0402611       
<Psi^(3)|Hbar^(3)|Psi^(3)>    -2096.5815853       1.02455e-09
   -Erelax-0.0000000       
<Psi^(3)|Hbar^(4)|Psi^(3)>    -2096.5815853       0.00000e+00
Unrelaxed DSRG-MRPT2 energy:             -2096.5815146 Eh
Unrelaxed DSRG-MRPT2 E_corr:                -0.0401286 Eh
Partially relaxed DSRG-MRPT2 energy:     -2096.5815753 Eh
Partially relaxed DSRG-MRPT2 E_corr:        -0.0401893 Eh
Relaxed DSRG-MRPT2 energy:               -2096.5815853 Eh
Relaxed DSRG-MRPT2 E_corr:                  -0.0402609 Eh
Fully relaxed DSRG-MRPT2 energy:         -2096.5815853 Eh
Fully relaxed DSRG-MRPT2 E_corr:            -0.0402611 Eh
State     Energy / Eh         Splitting / Eh      Splitting / cm-1    Splitting / meV     
0         -2.0965859e+03      +0.0000000e+00      +0.0000000e+00      +0.0000000e+00      
1         -2.0965834e+03      +2.4707254e-03      +5.4226155e+02      +6.7231896e+01      
2         -2.0965834e+03      +3.2923708e-10      +7.2259187e-05      +8.9590016e-06      
3         -2.0965834e+03      +2.6375346e-10      +5.7887194e-05      +7.1771007e-06      
4         -2.0965796e+03      +3.8320954e-03      +8.4104772e+02      +1.0427668e+02      
5         -2.0965796e+03      +4.8657967e-10      +1.0679189e-04      +1.3240513e-05      
6         -2.0965796e+03      +5.3023541e-10      +1.1637322e-04      +1.4428447e-05      
7         -2.0965796e+03      +5.7116267e-10      +1.2535572e-04      +1.5542135e-05      
8         -2.0965796e+03      +5.2659743e-10      +1.1557478e-04      +1.4329453e-05      
Time taken:                      986.4560885 s
===============================================
===============================================
              PySCF DHF interface              
===============================================
Will now allocate 19.669 MB disk space for the frozen core ERI tensor!
Will now allocate 1.888 GB disk space for the aacc and acca ERI tensor!
Will now allocate 45.327 GB disk space for the AO ERI tensor!

Timing report
....integral retrieval:           32.2487648 s
....integral transformation:     107.7071314 s

===============================================
            Relativistic CASCI(5,8)            
===============================================
Will now allocate 0.050 MB memory for the CASCI Hamiltonian!
Time taken for 1-RDM build:        0.0260241 s
Time taken for 1-RDM build:        0.0260258 s
Time taken for 1-RDM build:        0.0260196 s
Time taken for 1-RDM build:        0.0260010 s
Time taken for 1-RDM build:        0.0259559 s
Time taken for 1-RDM build:        0.0259893 s
Time taken for 1-RDM build:        0.0253029 s
Time taken for 1-RDM build:        0.0238528 s
Time taken for 1-RDM build:        0.0228038 s
Time taken for 1-RDM build:        0.0228627 s
Time taken for 1-RDM build:        0.0228670 s
Time taken for 1-RDM build:        0.0229070 s
Time taken for 1-RDM build:        0.0228472 s
Time taken for 1-RDM build:        0.0229125 s
Time taken for 2-RDM build:        0.0953205 s
Time taken for 2-RDM build:        0.0950599 s
Time taken for 2-RDM build:        0.0951464 s
Time taken for 2-RDM build:        0.0951879 s
Time taken for 2-RDM build:        0.0952182 s
Time taken for 2-RDM build:        0.0951049 s
Time taken for 2-RDM build:        0.0951970 s
Time taken for 2-RDM build:        0.0953102 s
Time taken for 2-RDM build:        0.0950985 s
Time taken for 2-RDM build:        0.1660087 s
Time taken for 2-RDM build:        0.1247265 s
Time taken for 2-RDM build:        0.1248434 s
Time taken for 2-RDM build:        0.1246376 s
Time taken for 2-RDM build:        0.1249149 s
Time taken for 3-RDM build:        0.4098418 s
Time taken for 3-RDM build:        0.3822205 s
Time taken for 3-RDM build:        0.3823209 s
Time taken for 3-RDM build:        0.3826098 s
Time taken for 3-RDM build:        0.4560070 s
Time taken for 3-RDM build:        0.3854465 s
Time taken for 3-RDM build:        0.3847952 s
Time taken for 3-RDM build:        0.3850050 s
Time taken for 3-RDM build:        0.3852069 s
Time taken for 3-RDM build:        0.3859117 s
Time taken for 3-RDM build:        0.3852315 s
Time taken for 3-RDM build:        0.3852081 s
Time taken for 3-RDM build:        0.3852656 s
Time taken for 3-RDM build:        0.3858583 s
E_frzc:                            0.0000000 Eh
E_cas:                            -6.0718308 Eh
E_nuc:                       -2252.3726240-0.0000000j Eh
E_casci:                     -2258.3972569-0.0000000j Eh
E0 (from RDM):                 -2258.3972569 Eh
Ecorr:                            -0.0178409 Eh

Timing summary
... Hamil build:                    0.0730047 s
... Hamil diag:                     0.0254829 s
... RDM build:                     80.1064565 s
State     Energy / Eh         Splitting / Eh      Splitting / cm-1    Splitting / meV     
0         -2.2584445e+03      +0.0000000e+00      +0.0000000e+00      +0.0000000e+00      
1         -2.2584445e+03      +5.2432370e-10      +1.1507575e-04      +1.4267581e-05      
2         -2.2584445e+03      +5.2705218e-10      +1.1567458e-04      +1.4341827e-05      
3         -2.2584445e+03      +5.1386451e-10      +1.1278022e-04      +1.3982972e-05      
4         -2.2583793e+03      +6.5107933e-02      +1.4289540e+04      +1.7716780e+03      
5         -2.2583793e+03      +9.2904884e-10      +2.0390265e-04      +2.5280719e-05      
6         -2.2583793e+03      +1.1159500e-09      +2.4492271e-04      +3.0366561e-05      
7         -2.2583793e+03      +5.1250026e-10      +1.1248081e-04      +1.3945849e-05      
8         -2.2583777e+03      +1.6153755e-03      +3.5453394e+02      +4.3956628e+01      
9         -2.2583777e+03      +7.5033313e-10      +1.6467909e-04      +2.0417614e-05      
10        -2.2583777e+03      +4.8839865e-10      +1.0719111e-04      +1.3290011e-05      
11        -2.2583777e+03      +1.4611032e-09      +3.2067509e-04      +3.9758663e-05      
12        -2.2583777e+03      +1.6329977e-09      +3.5840157e-04      +4.4436153e-05      
13        -2.2583777e+03      +6.3982952e-10      +1.4042635e-04      +1.7410656e-05      
Total time taken:                  84.8506148 s
===============================================

===============================================
            Relativistic DSRG-MRPT2            
===============================================
-----------------------------------------------
        DSRG-MRPT2 reference relaxation        
-----------------------------------------------
Iter                          Energy              Delta E   
   -Eref  -2258.3972569       
   -Ecorr -0.0730339       
<Psi^(0)|Hbar^(0)|Psi^(0)>    -2258.4702908       -2.25847e+03
   -Erelax-0.0000104       
<Psi^(0)|Hbar^(1)|Psi^(0)>    -2258.4703011       -1.03913e-05
   -Eref  -2258.3972478       
   -Ecorr -0.0730578       
<Psi^(1)|Hbar^(1)|Psi^(1)>    -2258.4703057       -4.51425e-06
   -Erelax-0.0000000       
<Psi^(1)|Hbar^(2)|Psi^(1)>    -2258.4703057       -2.05318e-09
   -Eref  -2258.3972480       
   -Ecorr -0.0730576       
<Psi^(2)|Hbar^(2)|Psi^(2)>    -2258.4703056       6.95659e-08
   -Erelax-0.0000000       
<Psi^(2)|Hbar^(3)|Psi^(2)>    -2258.4703056       -9.09495e-13
   -Eref  -2258.3972480       
   -Ecorr -0.0730576       
<Psi^(3)|Hbar^(3)|Psi^(3)>    -2258.4703056       -1.28102e-09
   -Erelax-0.0000000       
<Psi^(3)|Hbar^(4)|Psi^(3)>    -2258.4703056       0.00000e+00
Unrelaxed DSRG-MRPT2 energy:             -2258.4702908 Eh
Unrelaxed DSRG-MRPT2 E_corr:                -0.0730339 Eh
Partially relaxed DSRG-MRPT2 energy:     -2258.4703011 Eh
Partially relaxed DSRG-MRPT2 E_corr:        -0.0730443 Eh
Relaxed DSRG-MRPT2 energy:               -2258.4703057 Eh
Relaxed DSRG-MRPT2 E_corr:                  -0.0730578 Eh
Fully relaxed DSRG-MRPT2 energy:         -2258.4703056 Eh
Fully relaxed DSRG-MRPT2 E_corr:            -0.0730576 Eh
State     Energy / Eh         Splitting / Eh      Splitting / cm-1    Splitting / meV     
0         -2.2585108e+03      +0.0000000e+00      +0.0000000e+00      +0.0000000e+00      
1         -2.2585108e+03      +4.2155079e-10      +9.2519705e-05      +1.1470987e-05      
2         -2.2585108e+03      +4.2700776e-10      +9.3717371e-05      +1.1619479e-05      
3         -2.2585108e+03      +4.1836756e-10      +9.1821066e-05      +1.1384367e-05      
4         -2.2584550e+03      +5.5840834e-02      +1.2255646e+04      +1.5195072e+03      
5         -2.2584550e+03      +3.1513991e-10      +6.9165216e-05      +8.5753979e-06      
6         -2.2584550e+03      +6.1345418e-10      +1.3463763e-04      +1.6692946e-05      
7         -2.2584550e+03      +2.3055691e-10      +5.0601392e-05      +6.2737760e-06      
8         -2.2584535e+03      +1.4103511e-03      +3.0953629e+02      +3.8377627e+01      
9         -2.2584535e+03      +3.3151082e-10      +7.2758214e-05      +9.0208732e-06      
10        -2.2584535e+03      +1.9463187e-10      +4.2716757e-05      +5.2962054e-06      
11        -2.2584535e+03      +5.6343197e-10      +1.2365902e-04      +1.5331772e-05      
12        -2.2584535e+03      +6.1982064e-10      +1.3603491e-04      +1.6866187e-05      
13        -2.2584535e+03      +1.9417712e-10      +4.2616951e-05      +5.2838311e-06      
Time taken:                     1357.3354619 s
===============================================
===============================================
              PySCF DHF interface              
===============================================
Will now allocate 19.669 MB disk space for the frozen core ERI tensor!
Will now allocate 1.888 GB disk space for the aacc and acca ERI tensor!
Will now allocate 45.327 GB disk space for the AO ERI tensor!

Timing report
....integral retrieval:           31.9323103 s
....integral transformation:      95.9385839 s

===============================================
            Relativistic CASCI(6,8)            
===============================================
Will now allocate 0.013 MB memory for the CASCI Hamiltonian!
Time taken for 1-RDM build:        0.0102797 s
Time taken for 1-RDM build:        0.0102386 s
Time taken for 1-RDM build:        0.0102549 s
Time taken for 1-RDM build:        0.0102539 s
Time taken for 1-RDM build:        0.0102618 s
Time taken for 1-RDM build:        0.0102482 s
Time taken for 1-RDM build:        0.0102432 s
Time taken for 1-RDM build:        0.0102358 s
Time taken for 1-RDM build:        0.0102355 s
Time taken for 2-RDM build:        0.0308385 s
Time taken for 2-RDM build:        0.0307622 s
Time taken for 2-RDM build:        0.0307806 s
Time taken for 2-RDM build:        0.0310955 s
Time taken for 2-RDM build:        0.0307503 s
Time taken for 2-RDM build:        0.0307519 s
Time taken for 2-RDM build:        0.0310690 s
Time taken for 2-RDM build:        0.0310833 s
Time taken for 2-RDM build:        0.0307076 s
Time taken for 3-RDM build:        0.1574793 s
Time taken for 3-RDM build:        0.1571143 s
Time taken for 3-RDM build:        0.1568065 s
Time taken for 3-RDM build:        0.1571620 s
Time taken for 3-RDM build:        0.1568263 s
Time taken for 3-RDM build:        0.1575222 s
Time taken for 3-RDM build:        0.1568303 s
Time taken for 3-RDM build:        0.1568117 s
Time taken for 3-RDM build:        0.1568439 s
E_frzc:                            0.0000000 Eh
E_cas:                            -9.1774708 Eh
E_nuc:                       -2418.2608262-0.0000000j Eh
E_casci:                     -2427.4340589-0.0000000j Eh
E0 (from RDM):                 -2427.4340589 Eh
Ecorr:                            -0.1372548 Eh

Timing summary
... Hamil build:                    0.0283425 s
... Hamil diag:                     0.0111763 s
... RDM build:                     86.0408933 s
State     Energy / Eh         Splitting / Eh      Splitting / cm-1    Splitting / meV     
0         -2.4274383e+03      +0.0000000e+00      +0.0000000e+00      +0.0000000e+00      
1         -2.4274383e+03      +1.9413164e-09      +4.2606971e-04      +5.2825936e-05      
2         -2.4274383e+03      +8.9721652e-10      +1.9691626e-04      +2.4414517e-05      
3         -2.4274383e+03      +1.1737029e-09      +2.5759801e-04      +3.1938098e-05      
4         -2.4274383e+03      +1.8349056e-09      +4.0271522e-04      +4.9930347e-05      
5         -2.4274294e+03      +8.8831576e-03      +1.9496277e+03      +2.4172315e+02      
6         -2.4274294e+03      +4.1914063e-09      +9.1990735e-04      +1.1405403e-04      
7         -2.4274294e+03      +4.1027306e-09      +9.0044528e-04      +1.1164104e-04      
8         -2.4274268e+03      +2.6102260e-03      +5.7287839e+02      +7.1027902e+01      
Total time taken:                  90.7296331 s
===============================================

===============================================
            Relativistic DSRG-MRPT2            
===============================================
-----------------------------------------------
        DSRG-MRPT2 reference relaxation        
-----------------------------------------------
Iter                          Energy              Delta E   
   -Eref  -2427.4340589       
   -Ecorr -0.1050930       
<Psi^(0)|Hbar^(0)|Psi^(0)>    -2427.5391519       -2.42754e+03
   -Erelax-0.0000026       
<Psi^(0)|Hbar^(1)|Psi^(0)>    -2427.5391545       -2.60686e-06
   -Eref  -2427.4340561       
   -Ecorr -0.1050992       
<Psi^(1)|Hbar^(1)|Psi^(1)>    -2427.5391553       -8.35000e-07
   -Erelax-0.0000000       
<Psi^(1)|Hbar^(2)|Psi^(1)>    -2427.5391553       -2.31921e-10
   -Eref  -2427.4340561       
   -Ecorr -0.1050991       
<Psi^(2)|Hbar^(2)|Psi^(2)>    -2427.5391553       1.41640e-08
   -Erelax-0.0000000       
<Psi^(2)|Hbar^(3)|Psi^(2)>    -2427.5391553       -9.09495e-13
   -Eref  -2427.4340561       
   -Ecorr -0.1050991       
<Psi^(3)|Hbar^(3)|Psi^(3)>    -2427.5391553       -8.90395e-10
   -Erelax0.0000000       
<Psi^(3)|Hbar^(4)|Psi^(3)>    -2427.5391553       0.00000e+00
Unrelaxed DSRG-MRPT2 energy:             -2427.5391519 Eh
Unrelaxed DSRG-MRPT2 E_corr:                -0.1050930 Eh
Partially relaxed DSRG-MRPT2 energy:     -2427.5391545 Eh
Partially relaxed DSRG-MRPT2 E_corr:        -0.1050956 Eh
Relaxed DSRG-MRPT2 energy:               -2427.5391553 Eh
Relaxed DSRG-MRPT2 E_corr:                  -0.1050992 Eh
Fully relaxed DSRG-MRPT2 energy:         -2427.5391553 Eh
Fully relaxed DSRG-MRPT2 E_corr:            -0.1050991 Eh
State     Energy / Eh         Splitting / Eh      Splitting / cm-1    Splitting / meV     
0         -2.4275431e+03      +0.0000000e+00      +0.0000000e+00      +0.0000000e+00      
1         -2.4275431e+03      +5.5979399e-10      +1.2286058e-04      +1.5232778e-05      
2         -2.4275431e+03      +5.4296834e-10      +1.1916777e-04      +1.4774928e-05      
3         -2.4275431e+03      +6.1345418e-10      +1.3463763e-04      +1.6692946e-05      
4         -2.4275431e+03      +4.9340088e-10      +1.0828897e-04      +1.3426128e-05      
5         -2.4275348e+03      +8.3405357e-03      +1.8305360e+03      +2.2695765e+02      
6         -2.4275348e+03      +1.4924808e-09      +3.2756167e-04      +4.0612491e-05      
7         -2.4275348e+03      +1.4279067e-09      +3.1338929e-04      +3.8855338e-05      
8         -2.4275322e+03      +2.5599672e-03      +5.6184786e+02      +6.9660289e+01      
Time taken:                     1149.7408736 s
===============================================
===============================================
              PySCF DHF interface              
===============================================
Will now allocate 19.669 MB disk space for the frozen core ERI tensor!
Will now allocate 1.888 GB disk space for the aacc and acca ERI tensor!
Will now allocate 45.327 GB disk space for the AO ERI tensor!

Timing report
....integral retrieval:           31.9927518 s
....integral transformation:     118.7461669 s

===============================================
            Relativistic CASCI(7,8)            
===============================================
Will now allocate 0.001 MB memory for the CASCI Hamiltonian!
Time taken for 1-RDM build:        0.0015383 s
Time taken for 1-RDM build:        0.0015275 s
Time taken for 1-RDM build:        0.0015287 s
Time taken for 1-RDM build:        0.0015192 s
Time taken for 1-RDM build:        0.0015273 s
Time taken for 1-RDM build:        0.0015261 s
Time taken for 2-RDM build:        0.0035050 s
Time taken for 2-RDM build:        0.0031612 s
Time taken for 2-RDM build:        0.0031576 s
Time taken for 2-RDM build:        0.0031509 s
Time taken for 2-RDM build:        0.0031543 s
Time taken for 2-RDM build:        0.0031552 s
Time taken for 3-RDM build:        0.0325973 s
Time taken for 3-RDM build:        0.0323780 s
Time taken for 3-RDM build:        0.0322857 s
Time taken for 3-RDM build:        0.0322971 s
Time taken for 3-RDM build:        0.0322990 s
Time taken for 3-RDM build:        0.0322974 s
E_frzc:                            0.0000000 Eh
E_cas:                           -13.1880855 Eh
E_nuc:                       -2590.5378304-0.0000000j Eh
E_casci:                     -2603.7203212-0.0000000j Eh
E0 (from RDM):                 -2603.7203212 Eh
Ecorr:                            -0.0318830 Eh

Timing summary
... Hamil build:                    0.0049684 s
... Hamil diag:                     0.0002584 s
... RDM build:                     78.7836537 s
State     Energy / Eh         Splitting / Eh      Splitting / cm-1    Splitting / meV     
0         -2.6037259e+03      +0.0000000e+00      +0.0000000e+00      +0.0000000e+00      
1         -2.6037259e+03      +9.2413757e-09      +2.0282475e-03      +2.5147076e-04      
2         -2.6037259e+03      +1.8784249e-08      +4.1226661e-03      +5.1114569e-04      
3         -2.6037259e+03      +9.8884811e-09      +2.1702707e-03      +2.6907941e-04      
4         -2.6037091e+03      +1.6783801e-02      +3.6836186e+03      +4.5671072e+02      
5         -2.6037091e+03      +7.4087438e-09      +1.6260313e-03      +2.0160228e-04      
Total time taken:                  83.4397800 s
===============================================

===============================================
            Relativistic DSRG-MRPT2            
===============================================
-----------------------------------------------
        DSRG-MRPT2 reference relaxation        
-----------------------------------------------
Iter                          Energy              Delta E   
   -Eref  -2603.7203212       
   -Ecorr -0.1417426       
<Psi^(0)|Hbar^(0)|Psi^(0)>    -2603.8620638       -2.60386e+03
   -Erelax-0.0000000       
<Psi^(0)|Hbar^(1)|Psi^(0)>    -2603.8620638       0.00000e+00
   -Eref  -2603.7203212       
   -Ecorr -0.1417426       
<Psi^(1)|Hbar^(1)|Psi^(1)>    -2603.8620638       -4.54747e-13
   -Erelax-0.0000000       
<Psi^(1)|Hbar^(2)|Psi^(1)>    -2603.8620638       0.00000e+00
Unrelaxed DSRG-MRPT2 energy:             -2603.8620638 Eh
Unrelaxed DSRG-MRPT2 E_corr:                -0.1417426 Eh
Partially relaxed DSRG-MRPT2 energy:     -2603.8620638 Eh
Partially relaxed DSRG-MRPT2 E_corr:        -0.1417426 Eh
Relaxed DSRG-MRPT2 energy:               -2603.8620638 Eh
Relaxed DSRG-MRPT2 E_corr:                  -0.1417426 Eh
Fully relaxed DSRG-MRPT2 energy:         -2603.8620638 Eh
Fully relaxed DSRG-MRPT2 E_corr:            -0.1417426 Eh
State     Energy / Eh         Splitting / Eh      Splitting / cm-1    Splitting / meV     
0         -2.6038676e+03      +0.0000000e+00      +0.0000000e+00      +0.0000000e+00      
1         -2.6038676e+03      +2.6002454e-09      +5.7068789e-04      +7.0756314e-05      
2         -2.6038676e+03      +5.1550160e-09      +1.1313952e-03      +1.4027520e-04      
3         -2.6038676e+03      +3.3455763e-09      +7.3426911e-04      +9.1037811e-05      
4         -2.6038511e+03      +1.6497772e-02      +3.6208424e+03      +4.4892746e+02      
5         -2.6038511e+03      +2.9708644e-09      +6.5202937e-04      +8.0841378e-05      
Time taken:                      268.2053213 s
===============================================
