NOW DOING s=0.4600000000000001
===============================================
              PySCF DHF interface              
===============================================
Will now allocate 1.593 GB disk space for the AO ERI tensor!

Timing report
....integral retrieval:            0.8635440 s
....integral transformation:       3.6656728 s

===============================================
            Relativistic CASCI(3,8)            
===============================================
Will now allocate 0.050 MB memory for the CASCI Hamiltonian!
Time taken for 1-RDM build:        0.0300629 s
Time taken for 1-RDM build:        0.0300081 s
Time taken for 1-RDM build:        0.0299792 s
Time taken for 1-RDM build:        0.0290270 s
Time taken for 1-RDM build:        0.0264952 s
Time taken for 1-RDM build:        0.0256710 s
Time taken for 2-RDM build:        0.0902271 s
Time taken for 2-RDM build:        0.0900238 s
Time taken for 2-RDM build:        0.0901105 s
Time taken for 2-RDM build:        0.0900953 s
Time taken for 2-RDM build:        0.0901489 s
Time taken for 2-RDM build:        0.0901392 s
Time taken for 3-RDM build:        0.2000656 s
Time taken for 3-RDM build:        0.2013292 s
Time taken for 3-RDM build:        0.2005594 s
Time taken for 3-RDM build:        0.2010174 s
Time taken for 3-RDM build:        0.2002690 s
Time taken for 3-RDM build:        0.2008464 s
E_frzc:                          -21.9899228 Eh
E_cas:                            -2.5754278 Eh
E_nuc:                             0.0000000 Eh
E_casci:                         -24.5653104 Eh
E0 (from RDM):                   -24.5653104 Eh
Ecorr:                            -0.2764703 Eh

Timing summary
... Hamil build:                    0.0807297 s
... Hamil diag:                     0.0097718 s
... RDM build:                      4.6089792 s
State     Energy / Eh         Splitting / Eh      Splitting / cm-1    Splitting / meV     
0         -2.4565351e+01      +0.0000000e+00      +0.0000000e+00      +0.0000000e+00      
1         -2.4565351e+01      +1.6292176e-09      +3.5757194e-04      +4.4333292e-05      
2         -2.4565290e+01      +6.0370290e-05      +1.3249747e+01      +1.6427601e+00      
3         -2.4565290e+01      +8.2750162e-10      +1.8161561e-04      +2.2517477e-05      
4         -2.4565290e+01      +8.6880547e-10      +1.9068076e-04      +2.3641412e-05      
5         -2.4565290e+01      +1.8699744e-09      +4.1041194e-04      +5.0884619e-05      
Total time taken:                   4.8884830 s
===============================================

===============================================
            Relativistic DSRG-MRPT2            
===============================================
-----------------------------------------------
        DSRG-MRPT2 reference relaxation        
-----------------------------------------------
Iter                          Energy              Delta E   
   -Eref  -24.5653104       
   -Ecorr -0.0679272       
<Psi^(0)|Hbar^(0)|Psi^(0)>    -24.6332376         -2.46332e+01
   -Erelax-0.0002743       
<Psi^(0)|Hbar^(1)|Psi^(0)>    -24.6335119         -2.74280e-04
   -Eref  -24.5650258       
   -Ecorr -0.0684213       
<Psi^(1)|Hbar^(1)|Psi^(1)>    -24.6334471         6.48025e-05
   -Erelax-0.0000000       
<Psi^(1)|Hbar^(2)|Psi^(1)>    -24.6334471         -4.20960e-09
   -Eref  -24.5650280       
   -Ecorr -0.0684193       
<Psi^(2)|Hbar^(2)|Psi^(2)>    -24.6334473         -2.24539e-07
   -Erelax-0.0000000       
<Psi^(2)|Hbar^(3)|Psi^(2)>    -24.6334473         -6.39488e-14
   -Eref  -24.5650280       
   -Ecorr -0.0684193       
<Psi^(3)|Hbar^(3)|Psi^(3)>    -24.6334473         8.85265e-10
   -Erelax0.0000000       
<Psi^(3)|Hbar^(4)|Psi^(3)>    -24.6334473         3.55271e-15
Unrelaxed DSRG-MRPT2 energy:               -24.6332376 Eh
Unrelaxed DSRG-MRPT2 E_corr:                -0.0679272 Eh
Partially relaxed DSRG-MRPT2 energy:       -24.6335119 Eh
Partially relaxed DSRG-MRPT2 E_corr:        -0.0682015 Eh
Relaxed DSRG-MRPT2 energy:                 -24.6334471 Eh
Relaxed DSRG-MRPT2 E_corr:                  -0.0684213 Eh
Fully relaxed DSRG-MRPT2 energy:           -24.6334473 Eh
Fully relaxed DSRG-MRPT2 E_corr:            -0.0684193 Eh
State     Energy / Eh         Splitting / Eh      Splitting / cm-1    Splitting / meV     
0         -2.4633490e+01      +0.0000000e+00      +0.0000000e+00      +0.0000000e+00      
1         -2.4633490e+01      +6.9218231e-10      +1.5191646e-04      +1.8835249e-05      
2         -2.4633426e+01      +6.4486361e-05      +1.4153120e+01      +1.7547641e+00      
3         -2.4633426e+01      +4.7546678e-10      +1.0435289e-04      +1.2938116e-05      
4         -2.4633426e+01      +4.0895287e-10      +8.9754780e-05      +1.1128180e-05      
5         -2.4633426e+01      +7.6760642e-10      +1.6847014e-04      +2.0887645e-05      
Time taken:                       43.0761056 s
===============================================
===============================================
              PySCF DHF interface              
===============================================
Will now allocate 1.593 GB disk space for the AO ERI tensor!

Timing report
....integral retrieval:            0.6996467 s
....integral transformation:       3.3232603 s

===============================================
            Relativistic CASCI(4,8)            
===============================================
Will now allocate 0.078 MB memory for the CASCI Hamiltonian!
Time taken for 1-RDM build:        0.0406692 s
Time taken for 1-RDM build:        0.0404847 s
Time taken for 1-RDM build:        0.0403371 s
Time taken for 1-RDM build:        0.0369833 s
Time taken for 1-RDM build:        0.0332463 s
Time taken for 1-RDM build:        0.0308697 s
Time taken for 1-RDM build:        0.0308342 s
Time taken for 1-RDM build:        0.0308836 s
Time taken for 1-RDM build:        0.0309169 s
Time taken for 2-RDM build:        0.1346843 s
Time taken for 2-RDM build:        0.1339507 s
Time taken for 2-RDM build:        0.1343181 s
Time taken for 2-RDM build:        0.1338370 s
Time taken for 2-RDM build:        0.1346974 s
Time taken for 2-RDM build:        0.1338520 s
Time taken for 2-RDM build:        0.1341064 s
Time taken for 2-RDM build:        0.1336470 s
Time taken for 2-RDM build:        0.1337221 s
Time taken for 3-RDM build:        0.4175124 s
Time taken for 3-RDM build:        0.4167442 s
Time taken for 3-RDM build:        0.4173336 s
Time taken for 3-RDM build:        0.4182267 s
Time taken for 3-RDM build:        0.4180374 s
Time taken for 3-RDM build:        0.4179702 s
Time taken for 3-RDM build:        0.4173672 s
Time taken for 3-RDM build:        0.4173377 s
Time taken for 3-RDM build:        0.4176610 s
E_frzc:                          -32.3709352 Eh
E_cas:                            -5.3467114 Eh
E_nuc:                             0.0000000 Eh
E_casci:                         -37.7175257 Eh
E0 (from RDM):                   -37.7175257 Eh
Ecorr:                            -0.4429083 Eh

Timing summary
... Hamil build:                    0.1236274 s
... Hamil diag:                     0.0107889 s
... RDM build:                      7.9758928 s
State     Energy / Eh         Splitting / Eh      Splitting / cm-1    Splitting / meV     
0         -3.7717647e+01      +0.0000000e+00      +0.0000000e+00      +0.0000000e+00      
1         -3.7717578e+01      +6.8056777e-05      +1.4936736e+01      +1.8519201e+00      
2         -3.7717578e+01      +1.0789876e-09      +2.3681040e-04      +2.9360761e-05      
3         -3.7717578e+01      +1.2285781e-09      +2.6964173e-04      +3.3431330e-05      
4         -3.7717470e+01      +1.0852195e-04      +2.3817815e+01      +2.9530341e+00      
5         -3.7717470e+01      +3.7325520e-10      +8.1920048e-05      +1.0156796e-05      
6         -3.7717470e+01      +9.5214148e-10      +2.0897090e-04      +2.5909102e-05      
7         -3.7717470e+01      +4.4994408e-10      +9.8751311e-05      +1.2243608e-05      
8         -3.7717470e+01      +5.6218852e-10      +1.2338612e-04      +1.5297936e-05      
Total time taken:                   8.2995071 s
===============================================

===============================================
            Relativistic DSRG-MRPT2            
===============================================
-----------------------------------------------
        DSRG-MRPT2 reference relaxation        
-----------------------------------------------
Iter                          Energy              Delta E   
   -Eref  -37.7175257       
   -Ecorr -0.1107957       
<Psi^(0)|Hbar^(0)|Psi^(0)>    -37.8283214         -3.78283e+01
   -Erelax-0.0000197       
<Psi^(0)|Hbar^(1)|Psi^(0)>    -37.8283411         -1.97051e-05
   -Eref  -37.7175047       
   -Ecorr -0.1108932       
<Psi^(1)|Hbar^(1)|Psi^(1)>    -37.8283980         -5.68326e-05
   -Erelax-0.0000000       
<Psi^(1)|Hbar^(2)|Psi^(1)>    -37.8283980         -1.53695e-09
   -Eref  -37.7175051       
   -Ecorr -0.1108924       
<Psi^(2)|Hbar^(2)|Psi^(2)>    -37.8283975         4.82868e-07
   -Erelax-0.0000000       
<Psi^(2)|Hbar^(3)|Psi^(2)>    -37.8283975         -1.69820e-12
   -Eref  -37.7175051       
   -Ecorr -0.1108924       
<Psi^(3)|Hbar^(3)|Psi^(3)>    -37.8283975         -3.81132e-09
   -Erelax-0.0000000       
<Psi^(3)|Hbar^(4)|Psi^(3)>    -37.8283975         -2.13163e-14
Unrelaxed DSRG-MRPT2 energy:               -37.8283214 Eh
Unrelaxed DSRG-MRPT2 E_corr:                -0.1107957 Eh
Partially relaxed DSRG-MRPT2 energy:       -37.8283411 Eh
Partially relaxed DSRG-MRPT2 E_corr:        -0.1108154 Eh
Relaxed DSRG-MRPT2 energy:                 -37.8283980 Eh
Relaxed DSRG-MRPT2 E_corr:                  -0.1108932 Eh
Fully relaxed DSRG-MRPT2 energy:           -37.8283975 Eh
Fully relaxed DSRG-MRPT2 E_corr:            -0.1108924 Eh
State     Energy / Eh         Splitting / Eh      Splitting / cm-1    Splitting / meV     
0         -3.7828545e+01      +0.0000000e+00      +0.0000000e+00      +0.0000000e+00      
1         -3.7828464e+01      +8.0244694e-05      +1.7611675e+01      +2.1835704e+00      
2         -3.7828464e+01      +2.2062352e-10      +4.8421265e-05      +6.0034746e-06      
3         -3.7828464e+01      +2.5781333e-10      +5.6583484e-05      +7.0154613e-06      
4         -3.7828328e+01      +1.3634142e-04      +2.9923482e+01      +3.7100407e+00      
5         -3.7828328e+01      +7.9282358e-11      +1.7400466e-05      +2.1573839e-06      
6         -3.7828328e+01      +1.4838974e-10      +3.2567784e-05      +4.0378926e-06      
7         -3.7828328e+01      +1.1327472e-10      +2.4860928e-05      +3.0823637e-06      
8         -3.7828328e+01      +6.8766326e-11      +1.5092464e-05      +1.8712279e-06      
Time taken:                       53.1206746 s
===============================================
===============================================
              PySCF DHF interface              
===============================================
Will now allocate 1.593 GB disk space for the AO ERI tensor!

Timing report
....integral retrieval:            0.6989625 s
....integral transformation:       3.3937094 s

===============================================
            Relativistic CASCI(5,8)            
===============================================
Will now allocate 0.050 MB memory for the CASCI Hamiltonian!
Time taken for 1-RDM build:        0.0302737 s
Time taken for 1-RDM build:        0.0302105 s
Time taken for 1-RDM build:        0.0302336 s
Time taken for 1-RDM build:        0.0296769 s
Time taken for 1-RDM build:        0.0272014 s
Time taken for 1-RDM build:        0.0257876 s
Time taken for 1-RDM build:        0.0245526 s
Time taken for 1-RDM build:        0.0231488 s
Time taken for 1-RDM build:        0.0230477 s
Time taken for 1-RDM build:        0.0230136 s
Time taken for 1-RDM build:        0.0230308 s
Time taken for 1-RDM build:        0.0230570 s
Time taken for 1-RDM build:        0.0230124 s
Time taken for 1-RDM build:        0.0232317 s
Time taken for 2-RDM build:        0.0960274 s
Time taken for 2-RDM build:        0.0953193 s
Time taken for 2-RDM build:        0.0957148 s
Time taken for 2-RDM build:        0.0953896 s
Time taken for 2-RDM build:        0.0954835 s
Time taken for 2-RDM build:        0.0953157 s
Time taken for 2-RDM build:        0.0953586 s
Time taken for 2-RDM build:        0.0953753 s
Time taken for 2-RDM build:        0.0959349 s
Time taken for 2-RDM build:        0.0955617 s
Time taken for 2-RDM build:        0.0957129 s
Time taken for 2-RDM build:        0.0958235 s
Time taken for 2-RDM build:        0.0956018 s
Time taken for 2-RDM build:        0.0955503 s
Time taken for 3-RDM build:        0.3797019 s
Time taken for 3-RDM build:        0.3796916 s
Time taken for 3-RDM build:        0.3792293 s
Time taken for 3-RDM build:        0.3793035 s
Time taken for 3-RDM build:        0.3794620 s
Time taken for 3-RDM build:        0.3794670 s
Time taken for 3-RDM build:        0.3794367 s
Time taken for 3-RDM build:        0.3793716 s
Time taken for 3-RDM build:        0.3795280 s
Time taken for 3-RDM build:        0.3813057 s
Time taken for 3-RDM build:        0.3907661 s
Time taken for 3-RDM build:        0.3799999 s
Time taken for 3-RDM build:        0.3796425 s
Time taken for 3-RDM build:        0.3792701 s
E_frzc:                          -44.7567199 Eh
E_cas:                            -9.6666253 Eh
E_nuc:                             0.0000000 Eh
E_casci:                         -54.3487687 Eh
E0 (from RDM):                   -54.3487687 Eh
Ecorr:                            -0.4454114 Eh

Timing summary
... Hamil build:                    0.0963907 s
... Hamil diag:                     0.0104542 s
... RDM build:                      9.7217472 s
State     Energy / Eh         Splitting / Eh      Splitting / cm-1    Splitting / meV     
0         -5.4423345e+01      +0.0000000e+00      +0.0000000e+00      +0.0000000e+00      
1         -5.4423345e+01      +1.0766144e-09      +2.3628954e-04      +2.9296183e-05      
2         -5.4423345e+01      +1.0765291e-09      +2.3627082e-04      +2.9293863e-05      
3         -5.4423345e+01      +1.0764012e-09      +2.3624275e-04      +2.9290382e-05      
4         -5.4318958e+01      +1.0438692e-01      +2.2910281e+04      +2.8405142e+03      
5         -5.4318958e+01      +1.1012702e-09      +2.4170087e-04      +2.9967102e-05      
6         -5.4318958e+01      +1.1371171e-09      +2.4956835e-04      +3.0942546e-05      
7         -5.4318958e+01      +5.9976912e-10      +1.3163411e-04      +1.6320557e-05      
8         -5.4318958e+01      +1.1947421e-09      +2.6221558e-04      +3.2510604e-05      
9         -5.4318958e+01      +1.3783108e-09      +3.0250425e-04      +3.7505765e-05      
10        -5.4318908e+01      +5.0508872e-05      +1.1085416e+01      +1.3744171e+00      
11        -5.4318908e+01      +3.9502766e-09      +8.6698548e-04      +1.0749255e-04      
12        -5.4318908e+01      +3.0347778e-09      +6.6605673e-04      +8.2580549e-05      
13        -5.4318908e+01      +2.9868872e-09      +6.5554596e-04      +8.1277379e-05      
Total time taken:                  10.0176005 s
===============================================

===============================================
            Relativistic DSRG-MRPT2            
===============================================
-----------------------------------------------
        DSRG-MRPT2 reference relaxation        
-----------------------------------------------
Iter                          Energy              Delta E   
   -Eref  -54.3487687       
   -Ecorr -0.1671371       
<Psi^(0)|Hbar^(0)|Psi^(0)>    -54.5159058         -5.45159e+01
   -Erelax-0.0000000       
<Psi^(0)|Hbar^(1)|Psi^(0)>    -54.5159058         -3.62632e-08
   -Eref  -54.3487686       
   -Ecorr -0.1671373       
<Psi^(1)|Hbar^(1)|Psi^(1)>    -54.5159059         -6.70418e-08
   -Erelax-0.0000000       
<Psi^(1)|Hbar^(2)|Psi^(1)>    -54.5159059         -2.31324e-10
   -Eref  -54.3487687       
   -Ecorr -0.1671372       
<Psi^(2)|Hbar^(2)|Psi^(2)>    -54.5159059         6.09635e-09
   -Erelax-0.0000000       
<Psi^(2)|Hbar^(3)|Psi^(2)>    -54.5159059         -2.13873e-12
Unrelaxed DSRG-MRPT2 energy:               -54.5159058 Eh
Unrelaxed DSRG-MRPT2 E_corr:                -0.1671371 Eh
Partially relaxed DSRG-MRPT2 energy:       -54.5159058 Eh
Partially relaxed DSRG-MRPT2 E_corr:        -0.1671372 Eh
Relaxed DSRG-MRPT2 energy:                 -54.5159059 Eh
Relaxed DSRG-MRPT2 E_corr:                  -0.1671373 Eh
Fully relaxed DSRG-MRPT2 energy:           -54.5159059 Eh
Fully relaxed DSRG-MRPT2 E_corr:            -0.1671372 Eh
State     Energy / Eh         Splitting / Eh      Splitting / cm-1    Splitting / meV     
0         -5.4581606e+01      +0.0000000e+00      +0.0000000e+00      +0.0000000e+00      
1         -5.4581606e+01      +3.8640735e-10      +8.4806610e-05      +1.0514685e-05      
2         -5.4581606e+01      +3.8642156e-10      +8.4809729e-05      +1.0515071e-05      
3         -5.4581606e+01      +3.8639314e-10      +8.4803491e-05      +1.0514298e-05      
4         -5.4489637e+01      +9.1968308e-02      +2.0184710e+04      +2.5025863e+03      
5         -5.4489637e+01      +1.6901680e-10      +3.7094900e-05      +4.5991836e-06      
6         -5.4489637e+01      +1.0413004e-10      +2.2853902e-05      +2.8335240e-06      
7         -5.4489637e+01      +1.0570744e-10      +2.3200102e-05      +2.8764474e-06      
8         -5.4489637e+01      +8.9080743e-11      +1.9550963e-05      +2.4240116e-06      
9         -5.4489637e+01      +1.4341595e-10      +3.1476162e-05      +3.9025485e-06      
10        -5.4489609e+01      +2.8282856e-05      +6.2073694e+00      +7.6961609e-01      
11        -5.4489609e+01      +5.5001692e-10      +1.2071476e-04      +1.4966730e-05      
12        -5.4489609e+01      +2.4112978e-10      +5.2921870e-05      +6.5614787e-06      
13        -5.4489609e+01      +3.0804159e-10      +6.7607314e-05      +8.3822427e-06      
Time taken:                       40.5679266 s
===============================================
===============================================
              PySCF DHF interface              
===============================================
Will now allocate 1.593 GB disk space for the AO ERI tensor!

Timing report
....integral retrieval:            0.6977448 s
....integral transformation:       3.3351910 s

===============================================
            Relativistic CASCI(6,8)            
===============================================
Will now allocate 0.013 MB memory for the CASCI Hamiltonian!
Time taken for 1-RDM build:        0.0119092 s
Time taken for 1-RDM build:        0.0118968 s
Time taken for 1-RDM build:        0.0118642 s
Time taken for 1-RDM build:        0.0118833 s
Time taken for 1-RDM build:        0.0118816 s
Time taken for 1-RDM build:        0.0118625 s
Time taken for 1-RDM build:        0.0118797 s
Time taken for 1-RDM build:        0.0119445 s
Time taken for 1-RDM build:        0.0118794 s
Time taken for 2-RDM build:        0.0312412 s
Time taken for 2-RDM build:        0.0308969 s
Time taken for 2-RDM build:        0.0308917 s
Time taken for 2-RDM build:        0.0308731 s
Time taken for 2-RDM build:        0.0309105 s
Time taken for 2-RDM build:        0.0308905 s
Time taken for 2-RDM build:        0.0308621 s
Time taken for 2-RDM build:        0.0308666 s
Time taken for 2-RDM build:        0.0308771 s
Time taken for 3-RDM build:        0.1572955 s
Time taken for 3-RDM build:        0.1576707 s
Time taken for 3-RDM build:        0.1571045 s
Time taken for 3-RDM build:        0.1570756 s
Time taken for 3-RDM build:        0.1570327 s
Time taken for 3-RDM build:        0.1569984 s
Time taken for 3-RDM build:        0.1570175 s
Time taken for 3-RDM build:        0.1574919 s
Time taken for 3-RDM build:        0.1572046 s
E_frzc:                          -59.1480236 Eh
E_cas:                           -15.7034833 Eh
E_nuc:                             0.0000000 Eh
E_casci:                         -74.8511626 Eh
E0 (from RDM):                   -74.8511626 Eh
Ecorr:                            -0.3302227 Eh

Timing summary
... Hamil build:                    0.0374572 s
... Hamil diag:                     0.0006568 s
... RDM build:                      4.4498801 s
State     Energy / Eh         Splitting / Eh      Splitting / cm-1    Splitting / meV     
0         -7.4851507e+01      +0.0000000e+00      +0.0000000e+00      +0.0000000e+00      
1         -7.4851507e+01      +6.1121170e-09      +1.3414546e-03      +1.6631926e-04      
2         -7.4851507e+01      +6.8041430e-09      +1.4933368e-03      +1.8515025e-04      
3         -7.4851507e+01      +7.2887616e-09      +1.5996983e-03      +1.9833740e-04      
4         -7.4851507e+01      +9.8173842e-09      +2.1546668e-03      +2.6714476e-04      
5         -7.4850809e+01      +6.9818897e-04      +1.5323477e+02      +1.8998699e+01      
6         -7.4850809e+01      +7.3982278e-09      +1.6237233e-03      +2.0131613e-04      
7         -7.4850809e+01      +7.5923197e-09      +1.6663215e-03      +2.0659764e-04      
8         -7.4850503e+01      +3.0523771e-04      +6.6991933e+01      +8.3059451e+00      
Total time taken:                   4.6771610 s
===============================================

===============================================
            Relativistic DSRG-MRPT2            
===============================================
-----------------------------------------------
        DSRG-MRPT2 reference relaxation        
-----------------------------------------------
Iter                          Energy              Delta E   
   -Eref  -74.8511626       
   -Ecorr -0.2152719       
<Psi^(0)|Hbar^(0)|Psi^(0)>    -75.0664345         -7.50664e+01
   -Erelax-0.0000002       
<Psi^(0)|Hbar^(1)|Psi^(0)>    -75.0664347         -1.51806e-07
   -Eref  -74.8511625       
   -Ecorr -0.2152719       
<Psi^(1)|Hbar^(1)|Psi^(1)>    -75.0664344         3.07934e-07
   -Erelax-0.0000000       
<Psi^(1)|Hbar^(2)|Psi^(1)>    -75.0664344         -1.21560e-08
   -Eref  -74.8511626       
   -Ecorr -0.2152719       
<Psi^(2)|Hbar^(2)|Psi^(2)>    -75.0664344         -6.34209e-08
   -Erelax-0.0000000       
<Psi^(2)|Hbar^(3)|Psi^(2)>    -75.0664344         -1.00378e-09
   -Eref  -74.8511625       
   -Ecorr -0.2152719       
<Psi^(3)|Hbar^(3)|Psi^(3)>    -75.0664344         2.02181e-08
   -Erelax-0.0000000       
<Psi^(3)|Hbar^(4)|Psi^(3)>    -75.0664344         -8.28919e-11
   -Eref  -74.8511626       
   -Ecorr -0.2152719       
<Psi^(4)|Hbar^(4)|Psi^(4)>    -75.0664344         -5.64627e-09
   -Erelax-0.0000000       
<Psi^(4)|Hbar^(5)|Psi^(4)>    -75.0664344         -6.82121e-12
Unrelaxed DSRG-MRPT2 energy:               -75.0664345 Eh
Unrelaxed DSRG-MRPT2 E_corr:                -0.2152719 Eh
Partially relaxed DSRG-MRPT2 energy:       -75.0664347 Eh
Partially relaxed DSRG-MRPT2 E_corr:        -0.2152720 Eh
Relaxed DSRG-MRPT2 energy:                 -75.0664344 Eh
Relaxed DSRG-MRPT2 E_corr:                  -0.2152719 Eh
Fully relaxed DSRG-MRPT2 energy:           -75.0664344 Eh
Fully relaxed DSRG-MRPT2 E_corr:            -0.2152719 Eh
State     Energy / Eh         Splitting / Eh      Splitting / cm-1    Splitting / meV     
0         -7.5066707e+01      +0.0000000e+00      +0.0000000e+00      +0.0000000e+00      
1         -7.5066707e+01      +2.5925999e-09      +5.6900991e-04      +7.0548271e-05      
2         -7.5066707e+01      +1.8626167e-09      +4.0879712e-04      +5.0684407e-05      
3         -7.5066707e+01      +2.9224196e-09      +6.4139697e-04      +7.9523127e-05      
4         -7.5066707e+01      +3.4441143e-09      +7.5589572e-04      +9.3719169e-05      
5         -7.5066151e+01      +5.5650981e-04      +1.2213978e+02      +1.5143410e+01      
6         -7.5066151e+01      +2.8189788e-09      +6.1869434e-04      +7.6708358e-05      
7         -7.5066151e+01      +2.4370479e-09      +5.3487019e-04      +6.6315483e-05      
8         -7.5065922e+01      +2.2877672e-04      +5.0210687e+01      +6.2253347e+00      
Time taken:                       54.9807870 s
===============================================
===============================================
              PySCF DHF interface              
===============================================
Will now allocate 1.593 GB disk space for the AO ERI tensor!

Timing report
....integral retrieval:            0.6987038 s
....integral transformation:       3.5978789 s

===============================================
            Relativistic CASCI(7,8)            
===============================================
Will now allocate 0.001 MB memory for the CASCI Hamiltonian!
Time taken for 1-RDM build:        0.0020156 s
Time taken for 1-RDM build:        0.0020018 s
Time taken for 1-RDM build:        0.0020041 s
Time taken for 1-RDM build:        0.0019982 s
Time taken for 1-RDM build:        0.0019989 s
Time taken for 1-RDM build:        0.0019979 s
Time taken for 2-RDM build:        0.0033021 s
Time taken for 2-RDM build:        0.0032270 s
Time taken for 2-RDM build:        0.0031629 s
Time taken for 2-RDM build:        0.0031621 s
Time taken for 2-RDM build:        0.0031290 s
Time taken for 2-RDM build:        0.0031281 s
Time taken for 3-RDM build:        0.0286272 s
Time taken for 3-RDM build:        0.0283222 s
Time taken for 3-RDM build:        0.0283082 s
Time taken for 3-RDM build:        0.0283158 s
Time taken for 3-RDM build:        0.0283570 s
Time taken for 3-RDM build:        0.0283487 s
E_frzc:                          -75.5478008 Eh
E_cas:                           -23.9325131 Eh
E_nuc:                             0.0000000 Eh
E_casci:                         -99.4797328 Eh
E0 (from RDM):                   -99.4797328 Eh
Ecorr:                            -0.1043819 Eh

Timing summary
... Hamil build:                    0.0061862 s
... Hamil diag:                     0.0001721 s
... RDM build:                      2.9168568 s
State     Energy / Eh         Splitting / Eh      Splitting / cm-1    Splitting / meV     
0         -9.9480314e+01      +0.0000000e+00      +0.0000000e+00      +0.0000000e+00      
1         -9.9480314e+01      +2.4031038e-08      +5.2742033e-03      +6.5391818e-04      
2         -9.9480314e+01      +6.9549628e-09      +1.5264379e-03      +1.8925427e-04      
3         -9.9480314e+01      +2.1663126e-08      +4.7545067e-03      +5.8948398e-04      
4         -9.9478571e+01      +1.7431739e-03      +3.8258245e+02      +4.7434202e+01      
5         -9.9478571e+01      +1.6993965e-08      +3.7297443e-03      +4.6242957e-04      
Total time taken:                   3.1125216 s
===============================================

===============================================
            Relativistic DSRG-MRPT2            
===============================================
-----------------------------------------------
        DSRG-MRPT2 reference relaxation        
-----------------------------------------------
Iter                          Energy              Delta E   
   -Eref  -99.4797328       
   -Ecorr -0.2700117       
<Psi^(0)|Hbar^(0)|Psi^(0)>    -99.7497445         -9.97497e+01
   -Erelax-0.0000000       
<Psi^(0)|Hbar^(1)|Psi^(0)>    -99.7497445         -1.42109e-14
   -Eref  -99.4797328       
   -Ecorr -0.2700117       
<Psi^(1)|Hbar^(1)|Psi^(1)>    -99.7497445         -1.42109e-14
   -Erelax-0.0000000       
<Psi^(1)|Hbar^(2)|Psi^(1)>    -99.7497445         0.00000e+00
Unrelaxed DSRG-MRPT2 energy:               -99.7497445 Eh
Unrelaxed DSRG-MRPT2 E_corr:                -0.2700117 Eh
Partially relaxed DSRG-MRPT2 energy:       -99.7497445 Eh
Partially relaxed DSRG-MRPT2 E_corr:        -0.2700117 Eh
Relaxed DSRG-MRPT2 energy:                 -99.7497445 Eh
Relaxed DSRG-MRPT2 E_corr:                  -0.2700117 Eh
Fully relaxed DSRG-MRPT2 energy:           -99.7497445 Eh
Fully relaxed DSRG-MRPT2 E_corr:            -0.2700117 Eh
State     Energy / Eh         Splitting / Eh      Splitting / cm-1    Splitting / meV     
0         -9.9750322e+01      +0.0000000e+00      +0.0000000e+00      +0.0000000e+00      
1         -9.9750322e+01      +5.1278448e-09      +1.1254318e-03      +1.3953583e-04      
2         -9.9750322e+01      +5.4225069e-09      +1.1901027e-03      +1.4755400e-04      
3         -9.9750322e+01      +2.9036613e-09      +6.3727999e-04      +7.9012687e-05      
4         -9.9748590e+01      +1.7310710e-03      +3.7992617e+02      +4.7104864e+01      
5         -9.9748590e+01      +5.9795866e-09      +1.3123676e-03      +1.6271292e-04      
Time taken:                       15.7784321 s
===============================================
===============================================
              PySCF DHF interface              
===============================================
Will now allocate 0.320 MB disk space for the frozen core ERI tensor!
Will now allocate 74.650 MB disk space for the aacc and acca ERI tensor!
Will now allocate 4.354 GB disk space for the AO ERI tensor!

Timing report
....integral retrieval:            2.6209435 s
....integral transformation:       9.1766889 s

===============================================
            Relativistic CASCI(3,8)            
===============================================
Will now allocate 0.050 MB memory for the CASCI Hamiltonian!
Time taken for 1-RDM build:        0.0259533 s
Time taken for 1-RDM build:        0.0258389 s
Time taken for 1-RDM build:        0.0258331 s
Time taken for 1-RDM build:        0.0258338 s
Time taken for 1-RDM build:        0.0258474 s
Time taken for 1-RDM build:        0.0258439 s
Time taken for 2-RDM build:        0.0901072 s
Time taken for 2-RDM build:        0.0900087 s
Time taken for 2-RDM build:        0.0898154 s
Time taken for 2-RDM build:        0.0899484 s
Time taken for 2-RDM build:        0.0897245 s
Time taken for 2-RDM build:        0.0900557 s
Time taken for 3-RDM build:        0.1998968 s
Time taken for 3-RDM build:        0.1993697 s
Time taken for 3-RDM build:        0.1994483 s
Time taken for 3-RDM build:        0.1995580 s
Time taken for 3-RDM build:        0.1992936 s
Time taken for 3-RDM build:        0.1996090 s
E_frzc:                            0.0000000 Eh
E_cas:                            -1.8986420 Eh
E_nuc:                       -240.4061812+0.0000000j Eh
E_casci:                     -242.3045291+0.0000000j Eh
E0 (from RDM):                  -242.3045291 Eh
Ecorr:                            -0.1899047 Eh

Timing summary
... Hamil build:                    0.0618150 s
... Hamil diag:                     0.0016024 s
... RDM build:                      8.0895789 s
State     Energy / Eh         Splitting / Eh      Splitting / cm-1    Splitting / meV     
0         -2.4230482e+02      +0.0000000e+00      +0.0000000e+00      +0.0000000e+00      
1         -2.4230482e+02      +1.0992665e-09      +2.4126110e-04      +2.9912578e-05      
2         -2.4230438e+02      +4.4107881e-04      +9.6805609e+01      +1.2002372e+01      
3         -2.4230438e+02      +1.0805650e-09      +2.3715660e-04      +2.9403685e-05      
4         -2.4230438e+02      +8.9775654e-10      +1.9703478e-04      +2.4429211e-05      
5         -2.4230438e+02      +3.6629899e-10      +8.0393336e-05      +9.9675080e-06      
Total time taken:                   8.6271534 s
===============================================

===============================================
            Relativistic DSRG-MRPT2            
===============================================
-----------------------------------------------
        DSRG-MRPT2 reference relaxation        
-----------------------------------------------
Iter                          Energy              Delta E   
   -Eref  -242.3045291       
   -Ecorr -0.0198407       
<Psi^(0)|Hbar^(0)|Psi^(0)>    -242.3243698        -2.42324e+02
   -Erelax-0.0002253       
<Psi^(0)|Hbar^(1)|Psi^(0)>    -242.3245951        -2.25301e-04
   -Eref  -242.3043045       
   -Ecorr -0.0202416       
<Psi^(1)|Hbar^(1)|Psi^(1)>    -242.3245461        4.90076e-05
   -Erelax-0.0000000       
<Psi^(1)|Hbar^(2)|Psi^(1)>    -242.3245461        -3.22245e-10
   -Eref  -242.3043040       
   -Ecorr -0.0202421       
<Psi^(2)|Hbar^(2)|Psi^(2)>    -242.3245460        5.44987e-08
   -Erelax0.0000000       
<Psi^(2)|Hbar^(3)|Psi^(2)>    -242.3245460        0.00000e+00
   -Eref  -242.3043040       
   -Ecorr -0.0202421       
<Psi^(3)|Hbar^(3)|Psi^(3)>    -242.3245460        5.71845e-11
   -Erelax0.0000000       
<Psi^(3)|Hbar^(4)|Psi^(3)>    -242.3245460        0.00000e+00
Unrelaxed DSRG-MRPT2 energy:              -242.3243698 Eh
Unrelaxed DSRG-MRPT2 E_corr:                -0.0198407 Eh
Partially relaxed DSRG-MRPT2 energy:      -242.3245951 Eh
Partially relaxed DSRG-MRPT2 E_corr:        -0.0200660 Eh
Relaxed DSRG-MRPT2 energy:                -242.3245461 Eh
Relaxed DSRG-MRPT2 E_corr:                  -0.0202416 Eh
Fully relaxed DSRG-MRPT2 energy:          -242.3245460 Eh
Fully relaxed DSRG-MRPT2 E_corr:            -0.0202421 Eh
State     Energy / Eh         Splitting / Eh      Splitting / cm-1    Splitting / meV     
0         -2.4232487e+02      +0.0000000e+00      +0.0000000e+00      +0.0000000e+00      
1         -2.4232487e+02      +7.0713213e-10      +1.5519756e-04      +1.9242055e-05      
2         -2.4232438e+02      +4.8710170e-04      +1.0690647e+02      +1.3254719e+01      
3         -2.4232438e+02      +6.7495876e-10      +1.4813632e-04      +1.8366572e-05      
4         -2.4232438e+02      +5.4194516e-10      +1.1894321e-04      +1.4747086e-05      
5         -2.4232438e+02      +2.5622171e-10      +5.6234165e-05      +6.9721512e-06      
Time taken:                       71.4612219 s
===============================================
===============================================
              PySCF DHF interface              
===============================================
Will now allocate 0.320 MB disk space for the frozen core ERI tensor!
Will now allocate 74.650 MB disk space for the aacc and acca ERI tensor!
Will now allocate 4.354 GB disk space for the AO ERI tensor!

Timing report
....integral retrieval:            2.6517947 s
....integral transformation:       9.2047741 s

===============================================
            Relativistic CASCI(4,8)            
===============================================
Will now allocate 0.078 MB memory for the CASCI Hamiltonian!
Time taken for 1-RDM build:        0.0351968 s
Time taken for 1-RDM build:        0.0352061 s
Time taken for 1-RDM build:        0.0351374 s
Time taken for 1-RDM build:        0.0351975 s
Time taken for 1-RDM build:        0.0347791 s
Time taken for 1-RDM build:        0.0321376 s
Time taken for 1-RDM build:        0.0309689 s
Time taken for 1-RDM build:        0.0309262 s
Time taken for 1-RDM build:        0.0309451 s
Time taken for 2-RDM build:        0.1338391 s
Time taken for 2-RDM build:        0.1339560 s
Time taken for 2-RDM build:        0.1338773 s
Time taken for 2-RDM build:        0.1337156 s
Time taken for 2-RDM build:        0.1338663 s
Time taken for 2-RDM build:        0.1338389 s
Time taken for 2-RDM build:        0.1335227 s
Time taken for 2-RDM build:        0.1333694 s
Time taken for 2-RDM build:        0.1337390 s
Time taken for 3-RDM build:        0.4174635 s
Time taken for 3-RDM build:        0.4171245 s
Time taken for 3-RDM build:        0.4174862 s
Time taken for 3-RDM build:        0.4172535 s
Time taken for 3-RDM build:        0.4177992 s
Time taken for 3-RDM build:        0.4171312 s
Time taken for 3-RDM build:        0.4171383 s
Time taken for 3-RDM build:        0.4166889 s
Time taken for 3-RDM build:        0.4168878 s
E_frzc:                            0.0000000 Eh
E_cas:                            -3.6921024 Eh
E_nuc:                       -285.7423197+0.0000000j Eh
E_casci:                     -289.4337768+0.0000000j Eh
E0 (from RDM):                  -289.4337768 Eh
Ecorr:                            -0.2329780 Eh

Timing summary
... Hamil build:                    0.0943468 s
... Hamil diag:                     0.0016680 s
... RDM build:                     11.3021724 s
State     Energy / Eh         Splitting / Eh      Splitting / cm-1    Splitting / meV     
0         -2.8943442e+02      +0.0000000e+00      +0.0000000e+00      +0.0000000e+00      
1         -2.8943409e+02      +3.3211201e-04      +7.2890160e+01      +9.0372324e+00      
2         -2.8943409e+02      +8.1735152e-10      +1.7938792e-04      +2.2241278e-05      
3         -2.8943409e+02      +8.9210062e-10      +1.9579345e-04      +2.4275306e-05      
4         -2.8943346e+02      +6.3005266e-04      +1.3828057e+02      +1.7144614e+01      
5         -2.8943346e+02      +2.5920599e-10      +5.6889139e-05      +7.0533576e-06      
6         -2.8943346e+02      +7.8654239e-10      +1.7262610e-04      +2.1402919e-05      
7         -2.8943346e+02      +6.1896799e-10      +1.3584777e-04      +1.6842985e-05      
8         -2.8943346e+02      +4.2439297e-10      +9.3143489e-05      +1.1548326e-05      
Total time taken:                  11.8725281 s
===============================================

===============================================
            Relativistic DSRG-MRPT2            
===============================================
-----------------------------------------------
        DSRG-MRPT2 reference relaxation        
-----------------------------------------------
Iter                          Energy              Delta E   
   -Eref  -289.4337768       
   -Ecorr -0.0467473       
<Psi^(0)|Hbar^(0)|Psi^(0)>    -289.4805241        -2.89481e+02
   -Erelax-0.0000881       
<Psi^(0)|Hbar^(1)|Psi^(0)>    -289.4806122        -8.80597e-05
   -Eref  -289.4336887       
   -Ecorr -0.0469463       
<Psi^(1)|Hbar^(1)|Psi^(1)>    -289.4806350        -2.28333e-05
   -Erelax-0.0000000       
<Psi^(1)|Hbar^(2)|Psi^(1)>    -289.4806350        -4.39172e-10
   -Eref  -289.4336889       
   -Ecorr -0.0469460       
<Psi^(2)|Hbar^(2)|Psi^(2)>    -289.4806350        3.39001e-08
   -Erelax-0.0000000       
<Psi^(2)|Hbar^(3)|Psi^(2)>    -289.4806350        -3.97904e-13
   -Eref  -289.4336889       
   -Ecorr -0.0469460       
<Psi^(3)|Hbar^(3)|Psi^(3)>    -289.4806350        1.04194e-10
   -Erelax0.0000000       
<Psi^(3)|Hbar^(4)|Psi^(3)>    -289.4806350        0.00000e+00
Unrelaxed DSRG-MRPT2 energy:              -289.4805241 Eh
Unrelaxed DSRG-MRPT2 E_corr:                -0.0467473 Eh
Partially relaxed DSRG-MRPT2 energy:      -289.4806122 Eh
Partially relaxed DSRG-MRPT2 E_corr:        -0.0468354 Eh
Relaxed DSRG-MRPT2 energy:                -289.4806350 Eh
Relaxed DSRG-MRPT2 E_corr:                  -0.0469463 Eh
Fully relaxed DSRG-MRPT2 energy:          -289.4806350 Eh
Fully relaxed DSRG-MRPT2 E_corr:            -0.0469460 Eh
State     Energy / Eh         Splitting / Eh      Splitting / cm-1    Splitting / meV     
0         -2.8948133e+02      +0.0000000e+00      +0.0000000e+00      +0.0000000e+00      
1         -2.8948097e+02      +3.6001877e-04      +7.9014986e+01      +9.7966143e+00      
2         -2.8948097e+02      +4.3161208e-10      +9.4727901e-05      +1.1744769e-05      
3         -2.8948097e+02      +4.5127990e-10      +9.9044490e-05      +1.2279957e-05      
4         -2.8948029e+02      +6.8148274e-04      +1.4956817e+02      +1.8544099e+01      
5         -2.8948029e+02      +1.6171953e-10      +3.5493333e-05      +4.4006146e-06      
6         -2.8948029e+02      +3.9619863e-10      +8.6955548e-05      +1.0781119e-05      
7         -2.8948029e+02      +3.5470293e-10      +7.7848295e-05      +9.6519631e-06      
8         -2.8948029e+02      +1.9957724e-10      +4.3802142e-05      +5.4307760e-06      
Time taken:                       83.0090613 s
===============================================
===============================================
              PySCF DHF interface              
===============================================
Will now allocate 0.320 MB disk space for the frozen core ERI tensor!
Will now allocate 74.650 MB disk space for the aacc and acca ERI tensor!
Will now allocate 4.354 GB disk space for the AO ERI tensor!

Timing report
....integral retrieval:            2.6396565 s
....integral transformation:       9.2510211 s

===============================================
            Relativistic CASCI(5,8)            
===============================================
Will now allocate 0.050 MB memory for the CASCI Hamiltonian!
Time taken for 1-RDM build:        0.0260825 s
Time taken for 1-RDM build:        0.0260708 s
Time taken for 1-RDM build:        0.0288930 s
Time taken for 1-RDM build:        0.0303690 s
Time taken for 1-RDM build:        0.0301852 s
Time taken for 1-RDM build:        0.0301602 s
Time taken for 1-RDM build:        0.0309432 s
Time taken for 1-RDM build:        0.0301898 s
Time taken for 1-RDM build:        0.0301154 s
Time taken for 1-RDM build:        0.0301352 s
Time taken for 1-RDM build:        0.0301321 s
Time taken for 1-RDM build:        0.0301335 s
Time taken for 1-RDM build:        0.0301392 s
Time taken for 1-RDM build:        0.0301569 s
Time taken for 2-RDM build:        0.1258056 s
Time taken for 2-RDM build:        0.1211987 s
Time taken for 2-RDM build:        0.0976086 s
Time taken for 2-RDM build:        0.0953696 s
Time taken for 2-RDM build:        0.0955243 s
Time taken for 2-RDM build:        0.0953598 s
Time taken for 2-RDM build:        0.0955091 s
Time taken for 2-RDM build:        0.0954485 s
Time taken for 2-RDM build:        0.0953903 s
Time taken for 2-RDM build:        0.0956132 s
Time taken for 2-RDM build:        0.0955815 s
Time taken for 2-RDM build:        0.0955122 s
Time taken for 2-RDM build:        0.0956120 s
Time taken for 2-RDM build:        0.0956593 s
Time taken for 3-RDM build:        0.3791513 s
Time taken for 3-RDM build:        0.3793063 s
Time taken for 3-RDM build:        0.3790357 s
Time taken for 3-RDM build:        0.3785992 s
Time taken for 3-RDM build:        0.3793445 s
Time taken for 3-RDM build:        0.3784471 s
Time taken for 3-RDM build:        0.3788900 s
Time taken for 3-RDM build:        0.3788199 s
Time taken for 3-RDM build:        0.3797030 s
Time taken for 3-RDM build:        0.3787508 s
Time taken for 3-RDM build:        0.3781462 s
Time taken for 3-RDM build:        0.3782554 s
Time taken for 3-RDM build:        0.3786666 s
Time taken for 3-RDM build:        0.3782153 s
E_frzc:                            0.0000000 Eh
E_cas:                            -6.3636403 Eh
E_nuc:                       -335.1272672-0.0000000j Eh
E_casci:                     -341.4410664-0.0000000j Eh
E0 (from RDM):                  -341.4410664 Eh
Ecorr:                            -0.2138107 Eh

Timing summary
... Hamil build:                    0.0736403 s
... Hamil diag:                     0.0256734 s
... RDM build:                     13.1962557 s
State     Energy / Eh         Splitting / Eh      Splitting / cm-1    Splitting / meV     
0         -3.4149091e+02      +0.0000000e+00      +0.0000000e+00      +0.0000000e+00      
1         -3.4149091e+02      +3.2849812e-10      +7.2097003e-05      +8.9388933e-06      
2         -3.4149091e+02      +3.2838443e-10      +7.2072051e-05      +8.9357998e-06      
3         -3.4149091e+02      +3.2792968e-10      +7.1972246e-05      +8.9234255e-06      
4         -3.4142117e+02      +6.9735531e-02      +1.5305180e+04      +1.8976014e+03      
5         -3.4142117e+02      +1.5667752e-09      +3.4386740e-04      +4.2634144e-05      
6         -3.4142117e+02      +1.3034196e-09      +2.8606753e-04      +3.5467871e-05      
7         -3.4142117e+02      +1.7383286e-09      +3.8151902e-04      +4.7302353e-05      
8         -3.4142110e+02      +6.9890622e-05      +1.5339218e+01      +1.9018216e+00      
9         -3.4142110e+02      +9.2740038e-10      +2.0354085e-04      +2.5235862e-05      
10        -3.4142110e+02      +9.6150643e-10      +2.1102627e-04      +2.6163935e-05      
11        -3.4142110e+02      +7.5050366e-10      +1.6471651e-04      +2.0422255e-05      
12        -3.4142110e+02      +9.6383701e-10      +2.1153777e-04      +2.6227353e-05      
13        -3.4142110e+02      +1.9558115e-09      +4.2925101e-04      +5.3220367e-05      
Total time taken:                  13.8222618 s
===============================================

===============================================
            Relativistic DSRG-MRPT2            
===============================================
-----------------------------------------------
        DSRG-MRPT2 reference relaxation        
-----------------------------------------------
Iter                          Energy              Delta E   
   -Eref  -341.4410664       
   -Ecorr -0.0906548       
<Psi^(0)|Hbar^(0)|Psi^(0)>    -341.5317213        -3.41532e+02
   -Erelax-0.0000012       
<Psi^(0)|Hbar^(1)|Psi^(0)>    -341.5317224        -1.15173e-06
   -Eref  -341.4410655       
   -Ecorr -0.0906575       
<Psi^(1)|Hbar^(1)|Psi^(1)>    -341.5317230        -6.35915e-07
   -Erelax-0.0000000       
<Psi^(1)|Hbar^(2)|Psi^(1)>    -341.5317230        -1.05348e-09
   -Eref  -341.4410656       
   -Ecorr -0.0906575       
<Psi^(2)|Hbar^(2)|Psi^(2)>    -341.5317230        1.95182e-08
   -Erelax-0.0000000       
<Psi^(2)|Hbar^(3)|Psi^(2)>    -341.5317230        -1.30740e-12
   -Eref  -341.4410656       
   -Ecorr -0.0906575       
<Psi^(3)|Hbar^(3)|Psi^(3)>    -341.5317230        -6.93262e-10
   -Erelax0.0000000       
<Psi^(3)|Hbar^(4)|Psi^(3)>    -341.5317230        0.00000e+00
Unrelaxed DSRG-MRPT2 energy:              -341.5317213 Eh
Unrelaxed DSRG-MRPT2 E_corr:                -0.0906548 Eh
Partially relaxed DSRG-MRPT2 energy:      -341.5317224 Eh
Partially relaxed DSRG-MRPT2 E_corr:        -0.0906560 Eh
Relaxed DSRG-MRPT2 energy:                -341.5317230 Eh
Relaxed DSRG-MRPT2 E_corr:                  -0.0906575 Eh
Fully relaxed DSRG-MRPT2 energy:          -341.5317230 Eh
Fully relaxed DSRG-MRPT2 E_corr:            -0.0906575 Eh
State     Energy / Eh         Splitting / Eh      Splitting / cm-1    Splitting / meV     
0         -3.4157359e+02      +0.0000000e+00      +0.0000000e+00      +0.0000000e+00      
1         -3.4157359e+02      +2.6994940e-10      +5.9247044e-05      +7.3457007e-06      
2         -3.4157359e+02      +2.6983571e-10      +5.9222092e-05      +7.3426072e-06      
3         -3.4157359e+02      +2.6989255e-10      +5.9234568e-05      +7.3441539e-06      
4         -3.4151502e+02      +5.8574507e-02      +1.2855618e+04      +1.5938943e+03      
5         -3.4151502e+02      +4.8697757e-10      +1.0687922e-04      +1.3251341e-05      
6         -3.4151502e+02      +3.8198777e-10      +8.3836626e-05      +1.0394422e-05      
7         -3.4151502e+02      +5.4524207e-10      +1.1966680e-04      +1.4836800e-05      
8         -3.4151495e+02      +6.7768055e-05      +1.4873369e+01      +1.8440636e+00      
9         -3.4151495e+02      +3.1343461e-10      +6.8790945e-05      +8.5289943e-06      
10        -3.4151495e+02      +2.6017233e-10      +5.7101225e-05      +7.0796530e-06      
11        -3.4151495e+02      +2.2498625e-10      +4.9378774e-05      +6.1221907e-06      
12        -3.4151495e+02      +3.2724756e-10      +7.1822538e-05      +8.9048640e-06      
13        -3.4151495e+02      +5.6905947e-10      +1.2489412e-04      +1.5484904e-05      
Time taken:                       88.2227290 s
===============================================
===============================================
              PySCF DHF interface              
===============================================
Will now allocate 0.320 MB disk space for the frozen core ERI tensor!
Will now allocate 74.650 MB disk space for the aacc and acca ERI tensor!
Will now allocate 4.354 GB disk space for the AO ERI tensor!

Timing report
....integral retrieval:            2.6218593 s
....integral transformation:       9.6926479 s

===============================================
            Relativistic CASCI(6,8)            
===============================================
Will now allocate 0.013 MB memory for the CASCI Hamiltonian!
Time taken for 1-RDM build:        0.0096054 s
Time taken for 1-RDM build:        0.0095384 s
Time taken for 1-RDM build:        0.0095701 s
Time taken for 1-RDM build:        0.0095503 s
Time taken for 1-RDM build:        0.0095768 s
Time taken for 1-RDM build:        0.0095868 s
Time taken for 1-RDM build:        0.0098567 s
Time taken for 1-RDM build:        0.0098972 s
Time taken for 1-RDM build:        0.0098848 s
Time taken for 2-RDM build:        0.0306981 s
Time taken for 2-RDM build:        0.0305600 s
Time taken for 2-RDM build:        0.0305133 s
Time taken for 2-RDM build:        0.0308375 s
Time taken for 2-RDM build:        0.0312150 s
Time taken for 2-RDM build:        0.0305328 s
Time taken for 2-RDM build:        0.0304794 s
Time taken for 2-RDM build:        0.0305204 s
Time taken for 2-RDM build:        0.0305068 s
Time taken for 3-RDM build:        0.1640654 s
Time taken for 3-RDM build:        0.1636930 s
Time taken for 3-RDM build:        0.1635327 s
Time taken for 3-RDM build:        0.1635432 s
Time taken for 3-RDM build:        0.1634445 s
Time taken for 3-RDM build:        0.1638820 s
Time taken for 3-RDM build:        0.1635063 s
Time taken for 3-RDM build:        0.1634266 s
Time taken for 3-RDM build:        0.1635089 s
E_frzc:                            0.0000000 Eh
E_cas:                            -9.9659359 Eh
E_nuc:                       -388.5675376-0.0000000j Eh
E_casci:                     -398.5325748-0.0000000j Eh
E0 (from RDM):                  -398.5325748 Eh
Ecorr:                            -0.1603097 Eh

Timing summary
... Hamil build:                    0.0286407 s
... Hamil diag:                     0.0240710 s
... RDM build:                      8.3814507 s
State     Energy / Eh         Splitting / Eh      Splitting / cm-1    Splitting / meV     
0         -3.9853347e+02      +0.0000000e+00      +0.0000000e+00      +0.0000000e+00      
1         -3.9853347e+02      +5.6296585e-09      +1.2355672e-03      +1.5319088e-04      
2         -3.9853347e+02      +5.9783360e-09      +1.3120931e-03      +1.6267889e-04      
3         -3.9853347e+02      +5.6479053e-09      +1.2395719e-03      +1.5368740e-04      
4         -3.9853347e+02      +5.6580234e-09      +1.2417926e-03      +1.5396273e-04      
5         -3.9853166e+02      +1.8163270e-03      +3.9863770e+02      +4.9424800e+01      
6         -3.9853166e+02      +3.5533390e-09      +7.7986775e-04      +9.6691324e-05      
7         -3.9853166e+02      +3.5755079e-09      +7.8473327e-04      +9.7294572e-05      
8         -3.9853083e+02      +8.2294816e-04      +1.8061624e+02      +2.2393571e+01      
Total time taken:                   8.9095354 s
===============================================

===============================================
            Relativistic DSRG-MRPT2            
===============================================
-----------------------------------------------
        DSRG-MRPT2 reference relaxation        
-----------------------------------------------
Iter                          Energy              Delta E   
   -Eref  -398.5325748       
   -Ecorr -0.1319666       
<Psi^(0)|Hbar^(0)|Psi^(0)>    -398.6645414        -3.98665e+02
   -Erelax-0.0000002       
<Psi^(0)|Hbar^(1)|Psi^(0)>    -398.6645416        -1.70733e-07
   -Eref  -398.5325747       
   -Ecorr -0.1319669       
<Psi^(1)|Hbar^(1)|Psi^(1)>    -398.6645416        1.95473e-08
   -Erelax-0.0000000       
<Psi^(1)|Hbar^(2)|Psi^(1)>    -398.6645416        -3.24917e-10
   -Eref  -398.5325747       
   -Ecorr -0.1319669       
<Psi^(2)|Hbar^(2)|Psi^(2)>    -398.6645416        -7.36901e-09
   -Erelax-0.0000000       
<Psi^(2)|Hbar^(3)|Psi^(2)>    -398.6645416        -4.60432e-12
Unrelaxed DSRG-MRPT2 energy:              -398.6645414 Eh
Unrelaxed DSRG-MRPT2 E_corr:                -0.1319666 Eh
Partially relaxed DSRG-MRPT2 energy:      -398.6645416 Eh
Partially relaxed DSRG-MRPT2 E_corr:        -0.1319668 Eh
Relaxed DSRG-MRPT2 energy:                -398.6645416 Eh
Relaxed DSRG-MRPT2 E_corr:                  -0.1319669 Eh
Fully relaxed DSRG-MRPT2 energy:          -398.6645416 Eh
Fully relaxed DSRG-MRPT2 E_corr:            -0.1319669 Eh
State     Energy / Eh         Splitting / Eh      Splitting / cm-1    Splitting / meV     
0         -3.9866534e+02      +0.0000000e+00      +0.0000000e+00      +0.0000000e+00      
1         -3.9866534e+02      +1.7502657e-09      +3.8413892e-04      +4.7627179e-05      
2         -3.9866534e+02      +8.5026386e-10      +1.8661135e-04      +2.3136869e-05      
3         -3.9866534e+02      +7.6681772e-10      +1.6829704e-04      +2.0866183e-05      
4         -3.9866534e+02      +1.4899797e-09      +3.2701274e-04      +4.0544432e-05      
5         -3.9866373e+02      +1.6123818e-03      +3.5387691e+02      +4.3875166e+01      
6         -3.9866373e+02      +5.5968030e-10      +1.2283563e-04      +1.5229684e-05      
7         -3.9866373e+02      +7.6840934e-10      +1.6864635e-04      +2.0909493e-05      
8         -3.9866299e+02      +7.3680940e-04      +1.6171097e+02      +2.0049615e+01      
Time taken:                       49.5575736 s
===============================================
===============================================
              PySCF DHF interface              
===============================================
Will now allocate 0.320 MB disk space for the frozen core ERI tensor!
Will now allocate 74.650 MB disk space for the aacc and acca ERI tensor!
Will now allocate 4.354 GB disk space for the AO ERI tensor!

Timing report
....integral retrieval:            2.6312280 s
....integral transformation:       9.9516318 s

===============================================
            Relativistic CASCI(7,8)            
===============================================
Will now allocate 0.001 MB memory for the CASCI Hamiltonian!
Time taken for 1-RDM build:        0.0015402 s
Time taken for 1-RDM build:        0.0015292 s
Time taken for 1-RDM build:        0.0015204 s
Time taken for 1-RDM build:        0.0015275 s
Time taken for 1-RDM build:        0.0015211 s
Time taken for 1-RDM build:        0.0015244 s
Time taken for 2-RDM build:        0.0031939 s
Time taken for 2-RDM build:        0.0031207 s
Time taken for 2-RDM build:        0.0031235 s
Time taken for 2-RDM build:        0.0031190 s
Time taken for 2-RDM build:        0.0031190 s
Time taken for 2-RDM build:        0.0031238 s
Time taken for 3-RDM build:        0.0286705 s
Time taken for 3-RDM build:        0.0283668 s
Time taken for 3-RDM build:        0.0287538 s
Time taken for 3-RDM build:        0.0286789 s
Time taken for 3-RDM build:        0.0285072 s
Time taken for 3-RDM build:        0.0283487 s
E_frzc:                            0.0000000 Eh
E_cas:                           -14.7582517 Eh
E_nuc:                       -446.0682972-0.0000000j Eh
E_casci:                     -460.8252020-0.0000000j Eh
E0 (from RDM):                  -460.8252020 Eh
Ecorr:                             0.0013470 Eh

Timing summary
... Hamil build:                    0.0048704 s
... Hamil diag:                     0.0002117 s
... RDM build:                      6.3662188 s
State     Energy / Eh         Splitting / Eh      Splitting / cm-1    Splitting / meV     
0         -4.6082655e+02      +0.0000000e+00      +0.0000000e+00      +0.0000000e+00      
1         -4.6082655e+02      +1.2022326e-08      +2.6385956e-03      +3.2714432e-04      
2         -4.6082655e+02      +5.7600573e-09      +1.2641864e-03      +1.5673922e-04      
3         -4.6082655e+02      +1.1622035e-08      +2.5507418e-03      +3.1625183e-04      
4         -4.6082251e+02      +4.0408198e-03      +8.8685742e+02      +1.0995636e+02      
5         -4.6082251e+02      +2.0031848e-08      +4.3964825e-03      +5.4509461e-04      
Total time taken:                   6.8473973 s
===============================================

===============================================
            Relativistic DSRG-MRPT2            
===============================================
-----------------------------------------------
        DSRG-MRPT2 reference relaxation        
-----------------------------------------------
Iter                          Energy              Delta E   
   -Eref  -460.8252020       
   -Ecorr -0.1752603       
<Psi^(0)|Hbar^(0)|Psi^(0)>    -461.0004623        -4.61000e+02
   -Erelax0.0000000       
<Psi^(0)|Hbar^(1)|Psi^(0)>    -461.0004623        0.00000e+00
   -Eref  -460.8252020       
   -Ecorr -0.1752603       
<Psi^(1)|Hbar^(1)|Psi^(1)>    -461.0004623        5.68434e-14
   -Erelax0.0000000       
<Psi^(1)|Hbar^(2)|Psi^(1)>    -461.0004623        0.00000e+00
Unrelaxed DSRG-MRPT2 energy:              -461.0004623 Eh
Unrelaxed DSRG-MRPT2 E_corr:                -0.1752603 Eh
Partially relaxed DSRG-MRPT2 energy:      -461.0004623 Eh
Partially relaxed DSRG-MRPT2 E_corr:        -0.1752603 Eh
Relaxed DSRG-MRPT2 energy:                -461.0004623 Eh
Relaxed DSRG-MRPT2 E_corr:                  -0.1752603 Eh
Fully relaxed DSRG-MRPT2 energy:          -461.0004623 Eh
Fully relaxed DSRG-MRPT2 E_corr:            -0.1752603 Eh
State     Energy / Eh         Splitting / Eh      Splitting / cm-1    Splitting / meV     
0         -4.6100179e+02      +0.0000000e+00      +0.0000000e+00      +0.0000000e+00      
1         -4.6100179e+02      +2.2735662e-09      +4.9899011e-04      +6.1866918e-05      
2         -4.6100179e+02      +1.8565629e-09      +4.0746846e-04      +5.0519674e-05      
3         -4.6100179e+02      +2.0345965e-09      +4.4654231e-04      +5.5364217e-05      
4         -4.6099781e+02      +3.9775257e-03      +8.7296599e+02      +1.0823404e+02      
5         -4.6099781e+02      +3.9444785e-09      +8.6571296e-04      +1.0733478e-04      
Time taken:                       26.1666386 s
===============================================
===============================================
              PySCF DHF interface              
===============================================
Will now allocate 19.669 MB disk space for the frozen core ERI tensor!
Will now allocate 1.888 GB disk space for the aacc and acca ERI tensor!
Will now allocate 45.327 GB disk space for the AO ERI tensor!

Timing report
....integral retrieval:           32.3307314 s
....integral transformation:     107.6686068 s

===============================================
            Relativistic CASCI(3,8)            
===============================================
Will now allocate 0.050 MB memory for the CASCI Hamiltonian!
Time taken for 1-RDM build:        0.0258517 s
Time taken for 1-RDM build:        0.0258546 s
Time taken for 1-RDM build:        0.0258605 s
Time taken for 1-RDM build:        0.0258727 s
Time taken for 1-RDM build:        0.0259645 s
Time taken for 1-RDM build:        0.0259221 s
Time taken for 2-RDM build:        0.0900106 s
Time taken for 2-RDM build:        0.0899544 s
Time taken for 2-RDM build:        0.0898442 s
Time taken for 2-RDM build:        0.0899644 s
Time taken for 2-RDM build:        0.0903778 s
Time taken for 2-RDM build:        0.0898111 s
Time taken for 3-RDM build:        0.1996272 s
Time taken for 3-RDM build:        0.1992745 s
Time taken for 3-RDM build:        0.1991768 s
Time taken for 3-RDM build:        0.1993086 s
Time taken for 3-RDM build:        0.2001197 s
Time taken for 3-RDM build:        0.2004671 s
E_frzc:                            0.0000000 Eh
E_cas:                            -2.0100161 Eh
E_nuc:                       -1939.7138290-0.0000000j Eh
E_casci:                     -1941.7217616-0.0000000j Eh
E0 (from RDM):                 -1941.7217616 Eh
Ecorr:                            -0.1944870 Eh

Timing summary
... Hamil build:                    0.0613699 s
... Hamil diag:                     0.0249057 s
... RDM build:                    151.9617572 s
State     Energy / Eh         Splitting / Eh      Splitting / cm-1    Splitting / meV     
0         -1.9417238e+03      +0.0000000e+00      +0.0000000e+00      +0.0000000e+00      
1         -1.9417238e+03      +1.0702479e-09      +2.3489226e-04      +2.9122942e-05      
2         -1.9417207e+03      +3.1252750e-03      +6.8591858e+02      +8.5043106e+01      
3         -1.9417207e+03      +1.1004886e-09      +2.4152933e-04      +2.9945834e-05      
4         -1.9417207e+03      +9.5178621e-10      +2.0889293e-04      +2.5899434e-05      
5         -1.9417207e+03      +6.4619599e-10      +1.4182362e-04      +1.7583897e-05      
Total time taken:                 156.6978173 s
===============================================

===============================================
            Relativistic DSRG-MRPT2            
===============================================
-----------------------------------------------
        DSRG-MRPT2 reference relaxation        
-----------------------------------------------
Iter                          Energy              Delta E   
   -Eref  -1941.7217616       
   -Ecorr -0.0209640       
<Psi^(0)|Hbar^(0)|Psi^(0)>    -1941.7427256       -1.94174e+03
   -Erelax-0.0001663       
<Psi^(0)|Hbar^(1)|Psi^(0)>    -1941.7428919       -1.66283e-04
   -Eref  -1941.7215966       
   -Ecorr -0.0212585       
<Psi^(1)|Hbar^(1)|Psi^(1)>    -1941.7428551       3.67533e-05
   -Erelax-0.0000000       
<Psi^(1)|Hbar^(2)|Psi^(1)>    -1941.7428551       -7.73070e-12
   -Eref  -1941.7215965       
   -Ecorr -0.0212586       
<Psi^(2)|Hbar^(2)|Psi^(2)>    -1941.7428551       6.18252e-09
   -Erelax-0.0000000       
<Psi^(2)|Hbar^(3)|Psi^(2)>    -1941.7428551       0.00000e+00
Unrelaxed DSRG-MRPT2 energy:             -1941.7427256 Eh
Unrelaxed DSRG-MRPT2 E_corr:                -0.0209640 Eh
Partially relaxed DSRG-MRPT2 energy:     -1941.7428919 Eh
Partially relaxed DSRG-MRPT2 E_corr:        -0.0211302 Eh
Relaxed DSRG-MRPT2 energy:               -1941.7428551 Eh
Relaxed DSRG-MRPT2 E_corr:                  -0.0212585 Eh
Fully relaxed DSRG-MRPT2 energy:         -1941.7428551 Eh
Fully relaxed DSRG-MRPT2 E_corr:            -0.0212586 Eh
State     Energy / Eh         Splitting / Eh      Splitting / cm-1    Splitting / meV     
0         -1.9417451e+03      +0.0000000e+00      +0.0000000e+00      +0.0000000e+00      
1         -1.9417451e+03      +6.5915629e-10      +1.4466808e-04      +1.7936565e-05      
2         -1.9417417e+03      +3.3969832e-03      +7.4555164e+02      +9.2436666e+01      
3         -1.9417417e+03      +6.6597750e-10      +1.4616516e-04      +1.8122179e-05      
4         -1.9417417e+03      +6.0981620e-10      +1.3383918e-04      +1.6593952e-05      
5         -1.9417417e+03      +4.1177373e-10      +9.0373886e-05      +1.1204939e-05      
Time taken:                     1287.9398220 s
===============================================
===============================================
              PySCF DHF interface              
===============================================
Will now allocate 19.669 MB disk space for the frozen core ERI tensor!
Will now allocate 1.888 GB disk space for the aacc and acca ERI tensor!
Will now allocate 45.327 GB disk space for the AO ERI tensor!

Timing report
....integral retrieval:           32.0177085 s
....integral transformation:     128.3807080 s

===============================================
            Relativistic CASCI(4,8)            
===============================================
Will now allocate 0.078 MB memory for the CASCI Hamiltonian!
Time taken for 1-RDM build:        0.0348043 s
Time taken for 1-RDM build:        0.0347006 s
Time taken for 1-RDM build:        0.0347264 s
Time taken for 1-RDM build:        0.0346737 s
Time taken for 1-RDM build:        0.0342696 s
Time taken for 1-RDM build:        0.0321884 s
Time taken for 1-RDM build:        0.0305159 s
Time taken for 1-RDM build:        0.0305257 s
Time taken for 1-RDM build:        0.0305605 s
Time taken for 2-RDM build:        0.1326036 s
Time taken for 2-RDM build:        0.1324577 s
Time taken for 2-RDM build:        0.1329365 s
Time taken for 2-RDM build:        0.1322005 s
Time taken for 2-RDM build:        0.1322227 s
Time taken for 2-RDM build:        0.1324670 s
Time taken for 2-RDM build:        0.1319742 s
Time taken for 2-RDM build:        0.1317794 s
Time taken for 2-RDM build:        0.1319754 s
Time taken for 3-RDM build:        0.4155610 s
Time taken for 3-RDM build:        0.4155424 s
Time taken for 3-RDM build:        0.4155498 s
Time taken for 3-RDM build:        0.4156301 s
Time taken for 3-RDM build:        0.4148173 s
Time taken for 3-RDM build:        0.4154251 s
Time taken for 3-RDM build:        0.4149058 s
Time taken for 3-RDM build:        0.4156973 s
Time taken for 3-RDM build:        0.4157391 s
E_frzc:                            0.0000000 Eh
E_cas:                            -3.6862998 Eh
E_nuc:                       -2092.8592106-0.0000000j Eh
E_casci:                     -2096.5413860-0.0000000j Eh
E0 (from RDM):                 -2096.5413860 Eh
Ecorr:                            -0.2153364 Eh

Timing summary
... Hamil build:                    0.0949600 s
... Hamil diag:                     0.0107014 s
... RDM build:                     89.5315502 s
State     Energy / Eh         Splitting / Eh      Splitting / cm-1    Splitting / meV     
0         -2.0965455e+03      +0.0000000e+00      +0.0000000e+00      +0.0000000e+00      
1         -2.0965432e+03      +2.3344184e-03      +5.1234561e+02      +6.3522789e+01      
2         -2.0965432e+03      +6.4164851e-10      +1.4082557e-04      +1.7460154e-05      
3         -2.0965432e+03      +5.3205440e-10      +1.1677244e-04      +1.4477945e-05      
4         -2.0965395e+03      +3.6890520e-03      +8.0965333e+02      +1.0038427e+02      
5         -2.0965395e+03      +9.3723429e-10      +2.0569915e-04      +2.5503456e-05      
6         -2.0965395e+03      +1.0586518e-09      +2.3234722e-04      +2.8807397e-05      
7         -2.0965395e+03      +1.1709744e-09      +2.5699918e-04      +3.1863852e-05      
8         -2.0965395e+03      +1.0372787e-09      +2.2765636e-04      +2.8225805e-05      
Total time taken:                  94.2999287 s
===============================================

===============================================
            Relativistic DSRG-MRPT2            
===============================================
-----------------------------------------------
        DSRG-MRPT2 reference relaxation        
-----------------------------------------------
Iter                          Energy              Delta E   
   -Eref  -2096.5413860       
   -Ecorr -0.0432133       
<Psi^(0)|Hbar^(0)|Psi^(0)>    -2096.5845993       -2.09658e+03
   -Erelax-0.0000632       
<Psi^(0)|Hbar^(1)|Psi^(0)>    -2096.5846624       -6.31537e-05
   -Eref  -2096.5413215       
   -Ecorr -0.0433518       
<Psi^(1)|Hbar^(1)|Psi^(1)>    -2096.5846733       -1.08723e-05
   -Erelax-0.0000000       
<Psi^(1)|Hbar^(2)|Psi^(1)>    -2096.5846733       -4.82305e-09
   -Eref  -2096.5413212       
   -Ecorr -0.0433520       
<Psi^(2)|Hbar^(2)|Psi^(2)>    -2096.5846732       8.40014e-08
   -Erelax-0.0000000       
<Psi^(2)|Hbar^(3)|Psi^(2)>    -2096.5846732       -3.63798e-12
   -Eref  -2096.5413212       
   -Ecorr -0.0433520       
<Psi^(3)|Hbar^(3)|Psi^(3)>    -2096.5846732       1.98497e-09
   -Erelax0.0000000       
<Psi^(3)|Hbar^(4)|Psi^(3)>    -2096.5846732       0.00000e+00
Unrelaxed DSRG-MRPT2 energy:             -2096.5845993 Eh
Unrelaxed DSRG-MRPT2 E_corr:                -0.0432133 Eh
Partially relaxed DSRG-MRPT2 energy:     -2096.5846624 Eh
Partially relaxed DSRG-MRPT2 E_corr:        -0.0432765 Eh
Relaxed DSRG-MRPT2 energy:               -2096.5846733 Eh
Relaxed DSRG-MRPT2 E_corr:                  -0.0433518 Eh
Fully relaxed DSRG-MRPT2 energy:         -2096.5846732 Eh
Fully relaxed DSRG-MRPT2 E_corr:            -0.0433520 Eh
State     Energy / Eh         Splitting / Eh      Splitting / cm-1    Splitting / meV     
0         -2.0965890e+03      +0.0000000e+00      +0.0000000e+00      +0.0000000e+00      
1         -2.0965865e+03      +2.4711136e-03      +5.4234674e+02      +6.7242457e+01      
2         -2.0965865e+03      +2.8830982e-10      +6.3276691e-05      +7.8453136e-06      
3         -2.0965865e+03      +2.2419044e-10      +4.9204115e-05      +6.1005356e-06      
4         -2.0965827e+03      +3.8337076e-03      +8.4140155e+02      +1.0432055e+02      
5         -2.0965827e+03      +4.3155524e-10      +9.4715426e-05      +1.1743222e-05      
6         -2.0965827e+03      +4.6748028e-10      +1.0260006e-04      +1.2720792e-05      
7         -2.0965827e+03      +5.0431481e-10      +1.1068431e-04      +1.3723112e-05      
8         -2.0965827e+03      +4.6975401e-10      +1.0309909e-04      +1.2782664e-05      
Time taken:                     1009.1587644 s
===============================================
===============================================
              PySCF DHF interface              
===============================================
Will now allocate 19.669 MB disk space for the frozen core ERI tensor!
Will now allocate 1.888 GB disk space for the aacc and acca ERI tensor!
Will now allocate 45.327 GB disk space for the AO ERI tensor!

Timing report
....integral retrieval:           31.9651926 s
....integral transformation:     110.0609908 s

===============================================
            Relativistic CASCI(5,8)            
===============================================
Will now allocate 0.050 MB memory for the CASCI Hamiltonian!
Time taken for 1-RDM build:        0.0257683 s
Time taken for 1-RDM build:        0.0257077 s
Time taken for 1-RDM build:        0.0290911 s
Time taken for 1-RDM build:        0.0297837 s
Time taken for 1-RDM build:        0.0297470 s
Time taken for 1-RDM build:        0.0297921 s
Time taken for 1-RDM build:        0.0297132 s
Time taken for 1-RDM build:        0.0297909 s
Time taken for 1-RDM build:        0.0297379 s
Time taken for 1-RDM build:        0.0297916 s
Time taken for 1-RDM build:        0.0297406 s
Time taken for 1-RDM build:        0.0297799 s
Time taken for 1-RDM build:        0.0297987 s
Time taken for 1-RDM build:        0.0298142 s
Time taken for 2-RDM build:        0.0949793 s
Time taken for 2-RDM build:        0.0947471 s
Time taken for 2-RDM build:        0.0948009 s
Time taken for 2-RDM build:        0.0948908 s
Time taken for 2-RDM build:        0.0948303 s
Time taken for 2-RDM build:        0.0948153 s
Time taken for 2-RDM build:        0.0948205 s
Time taken for 2-RDM build:        0.0948682 s
Time taken for 2-RDM build:        0.0947566 s
Time taken for 2-RDM build:        0.0947587 s
Time taken for 2-RDM build:        0.0948255 s
Time taken for 2-RDM build:        0.0948317 s
Time taken for 2-RDM build:        0.0946703 s
Time taken for 2-RDM build:        0.0946794 s
Time taken for 3-RDM build:        0.3771205 s
Time taken for 3-RDM build:        0.3767457 s
Time taken for 3-RDM build:        0.3767812 s
Time taken for 3-RDM build:        0.3764739 s
Time taken for 3-RDM build:        0.3763998 s
Time taken for 3-RDM build:        0.3763947 s
Time taken for 3-RDM build:        0.3764901 s
Time taken for 3-RDM build:        0.3763471 s
Time taken for 3-RDM build:        0.3765874 s
Time taken for 3-RDM build:        0.3766599 s
Time taken for 3-RDM build:        0.3762155 s
Time taken for 3-RDM build:        0.3762152 s
Time taken for 3-RDM build:        0.3763897 s
Time taken for 3-RDM build:        0.3763268 s
E_frzc:                            0.0000000 Eh
E_cas:                            -6.0718308 Eh
E_nuc:                       -2252.3726240-0.0000000j Eh
E_casci:                     -2258.3972569-0.0000000j Eh
E0 (from RDM):                 -2258.3972569 Eh
Ecorr:                            -0.0178409 Eh

Timing summary
... Hamil build:                    0.0736558 s
... Hamil diag:                     0.0879297 s
... RDM build:                     75.5989392 s
State     Energy / Eh         Splitting / Eh      Splitting / cm-1    Splitting / meV     
0         -2.2584445e+03      +0.0000000e+00      +0.0000000e+00      +0.0000000e+00      
1         -2.2584445e+03      +5.2432370e-10      +1.1507575e-04      +1.4267581e-05      
2         -2.2584445e+03      +5.2705218e-10      +1.1567458e-04      +1.4341827e-05      
3         -2.2584445e+03      +5.1386451e-10      +1.1278022e-04      +1.3982972e-05      
4         -2.2583793e+03      +6.5107933e-02      +1.4289540e+04      +1.7716780e+03      
5         -2.2583793e+03      +9.2904884e-10      +2.0390265e-04      +2.5280719e-05      
6         -2.2583793e+03      +1.1159500e-09      +2.4492271e-04      +3.0366561e-05      
7         -2.2583793e+03      +5.1250026e-10      +1.1248081e-04      +1.3945849e-05      
8         -2.2583777e+03      +1.6153755e-03      +3.5453394e+02      +4.3956628e+01      
9         -2.2583777e+03      +7.5033313e-10      +1.6467909e-04      +2.0417614e-05      
10        -2.2583777e+03      +4.8839865e-10      +1.0719111e-04      +1.3290011e-05      
11        -2.2583777e+03      +1.4611032e-09      +3.2067509e-04      +3.9758663e-05      
12        -2.2583777e+03      +1.6329977e-09      +3.5840157e-04      +4.4436153e-05      
13        -2.2583777e+03      +6.3982952e-10      +1.4042635e-04      +1.7410656e-05      
Total time taken:                  80.4053059 s
===============================================

===============================================
            Relativistic DSRG-MRPT2            
===============================================
-----------------------------------------------
        DSRG-MRPT2 reference relaxation        
-----------------------------------------------
Iter                          Energy              Delta E   
   -Eref  -2258.3972569       
   -Ecorr -0.0777119       
<Psi^(0)|Hbar^(0)|Psi^(0)>    -2258.4749688       -2.25847e+03
   -Erelax-0.0000144       
<Psi^(0)|Hbar^(1)|Psi^(0)>    -2258.4749831       -1.43514e-05
   -Eref  -2258.3972446       
   -Ecorr -0.0777452       
<Psi^(1)|Hbar^(1)|Psi^(1)>    -2258.4749898       -6.69843e-06
   -Erelax-0.0000000       
<Psi^(1)|Hbar^(2)|Psi^(1)>    -2258.4749899       -6.84440e-09
   -Eref  -2258.3972450       
   -Ecorr -0.0777447       
<Psi^(2)|Hbar^(2)|Psi^(2)>    -2258.4749897       1.59202e-07
   -Erelax-0.0000000       
<Psi^(2)|Hbar^(3)|Psi^(2)>    -2258.4749897       -5.00222e-12
   -Eref  -2258.3972450       
   -Ecorr -0.0777447       
<Psi^(3)|Hbar^(3)|Psi^(3)>    -2258.4749897       -4.34602e-09
   -Erelax-0.0000000       
<Psi^(3)|Hbar^(4)|Psi^(3)>    -2258.4749897       0.00000e+00
Unrelaxed DSRG-MRPT2 energy:             -2258.4749688 Eh
Unrelaxed DSRG-MRPT2 E_corr:                -0.0777119 Eh
Partially relaxed DSRG-MRPT2 energy:     -2258.4749831 Eh
Partially relaxed DSRG-MRPT2 E_corr:        -0.0777263 Eh
Relaxed DSRG-MRPT2 energy:               -2258.4749898 Eh
Relaxed DSRG-MRPT2 E_corr:                  -0.0777452 Eh
Fully relaxed DSRG-MRPT2 energy:         -2258.4749897 Eh
Fully relaxed DSRG-MRPT2 E_corr:            -0.0777447 Eh
State     Energy / Eh         Splitting / Eh      Splitting / cm-1    Splitting / meV     
0         -2.2585149e+03      +0.0000000e+00      +0.0000000e+00      +0.0000000e+00      
1         -2.2585149e+03      +4.0472514e-10      +8.8826901e-05      +1.1013137e-05      
2         -2.2585149e+03      +4.0881787e-10      +8.9725150e-05      +1.1124506e-05      
3         -2.2585149e+03      +4.0199666e-10      +8.8228068e-05      +1.0938891e-05      
4         -2.2584598e+03      +5.5098555e-02      +1.2092735e+04      +1.4993088e+03      
5         -2.2584598e+03      +2.6602720e-10      +5.8386221e-05      +7.2389723e-06      
6         -2.2584598e+03      +5.8616934e-10      +1.2864930e-04      +1.5950488e-05      
7         -2.2584598e+03      +1.9736035e-10      +4.3315590e-05      +5.3704512e-06      
8         -2.2584585e+03      +1.3718885e-03      +3.0109471e+02      +3.7331005e+01      
9         -2.2584585e+03      +2.7648639e-10      +6.0681748e-05      +7.5235815e-06      
10        -2.2584585e+03      +1.9190338e-10      +4.2117924e-05      +5.2219595e-06      
11        -2.2584585e+03      +4.5884008e-10      +1.0070376e-04      +1.2485680e-05      
12        -2.2584585e+03      +5.1613824e-10      +1.1327925e-04      +1.4044844e-05      
13        -2.2584585e+03      +1.6643753e-10      +3.6528815e-05      +4.5289980e-06      
Time taken:                     1568.7622612 s
===============================================
===============================================
              PySCF DHF interface              
===============================================
Will now allocate 19.669 MB disk space for the frozen core ERI tensor!
Will now allocate 1.888 GB disk space for the aacc and acca ERI tensor!
Will now allocate 45.327 GB disk space for the AO ERI tensor!

Timing report
....integral retrieval:           31.9337394 s
....integral transformation:      96.3110673 s

===============================================
            Relativistic CASCI(6,8)            
===============================================
Will now allocate 0.013 MB memory for the CASCI Hamiltonian!
Time taken for 1-RDM build:        0.0102971 s
Time taken for 1-RDM build:        0.0102637 s
Time taken for 1-RDM build:        0.0102506 s
Time taken for 1-RDM build:        0.0102520 s
Time taken for 1-RDM build:        0.0102565 s
Time taken for 1-RDM build:        0.0102274 s
Time taken for 1-RDM build:        0.0102453 s
Time taken for 1-RDM build:        0.0102553 s
Time taken for 1-RDM build:        0.0102670 s
Time taken for 2-RDM build:        0.0309319 s
Time taken for 2-RDM build:        0.0307710 s
Time taken for 2-RDM build:        0.0307004 s
Time taken for 2-RDM build:        0.0307226 s
Time taken for 2-RDM build:        0.0307255 s
Time taken for 2-RDM build:        0.0307305 s
Time taken for 2-RDM build:        0.0307453 s
Time taken for 2-RDM build:        0.0307705 s
Time taken for 2-RDM build:        0.0309482 s
Time taken for 3-RDM build:        0.1583354 s
Time taken for 3-RDM build:        0.1578085 s
Time taken for 3-RDM build:        0.1577206 s
Time taken for 3-RDM build:        0.1575656 s
Time taken for 3-RDM build:        0.1578703 s
Time taken for 3-RDM build:        0.1575711 s
Time taken for 3-RDM build:        0.1577616 s
Time taken for 3-RDM build:        0.1575193 s
Time taken for 3-RDM build:        0.1575320 s
E_frzc:                            0.0000000 Eh
E_cas:                            -9.1774708 Eh
E_nuc:                       -2418.2608262-0.0000000j Eh
E_casci:                     -2427.4340589-0.0000000j Eh
E0 (from RDM):                 -2427.4340589 Eh
Ecorr:                            -0.1372548 Eh

Timing summary
... Hamil build:                    0.0289273 s
... Hamil diag:                     0.0088823 s
... RDM build:                     81.2744997 s
State     Energy / Eh         Splitting / Eh      Splitting / cm-1    Splitting / meV     
0         -2.4274383e+03      +0.0000000e+00      +0.0000000e+00      +0.0000000e+00      
1         -2.4274383e+03      +1.9413164e-09      +4.2606971e-04      +5.2825936e-05      
2         -2.4274383e+03      +8.9721652e-10      +1.9691626e-04      +2.4414517e-05      
3         -2.4274383e+03      +1.1737029e-09      +2.5759801e-04      +3.1938098e-05      
4         -2.4274383e+03      +1.8349056e-09      +4.0271522e-04      +4.9930347e-05      
5         -2.4274294e+03      +8.8831576e-03      +1.9496277e+03      +2.4172315e+02      
6         -2.4274294e+03      +4.1914063e-09      +9.1990735e-04      +1.1405403e-04      
7         -2.4274294e+03      +4.1027306e-09      +9.0044528e-04      +1.1164104e-04      
8         -2.4274268e+03      +2.6102260e-03      +5.7287839e+02      +7.1027902e+01      
Total time taken:                  85.9686072 s
===============================================

===============================================
            Relativistic DSRG-MRPT2            
===============================================
-----------------------------------------------
        DSRG-MRPT2 reference relaxation        
-----------------------------------------------
Iter                          Energy              Delta E   
   -Eref  -2427.4340589       
   -Ecorr -0.1098791       
<Psi^(0)|Hbar^(0)|Psi^(0)>    -2427.5439379       -2.42754e+03
   -Erelax-0.0000030       
<Psi^(0)|Hbar^(1)|Psi^(0)>    -2427.5439409       -2.96614e-06
   -Eref  -2427.4340559       
   -Ecorr -0.1098854       
<Psi^(1)|Hbar^(1)|Psi^(1)>    -2427.5439413       -4.20149e-07
   -Erelax-0.0000000       
<Psi^(1)|Hbar^(2)|Psi^(1)>    -2427.5439413       -3.77895e-10
   -Eref  -2427.4340559       
   -Ecorr -0.1098854       
<Psi^(2)|Hbar^(2)|Psi^(2)>    -2427.5439413       -2.19034e-08
   -Erelax-0.0000000       
<Psi^(2)|Hbar^(3)|Psi^(2)>    -2427.5439413       -2.27374e-12
   -Eref  -2427.4340559       
   -Ecorr -0.1098854       
<Psi^(3)|Hbar^(3)|Psi^(3)>    -2427.5439413       1.71849e-09
   -Erelax-0.0000000       
<Psi^(3)|Hbar^(4)|Psi^(3)>    -2427.5439413       0.00000e+00
Unrelaxed DSRG-MRPT2 energy:             -2427.5439379 Eh
Unrelaxed DSRG-MRPT2 E_corr:                -0.1098791 Eh
Partially relaxed DSRG-MRPT2 energy:     -2427.5439409 Eh
Partially relaxed DSRG-MRPT2 E_corr:        -0.1098820 Eh
Relaxed DSRG-MRPT2 energy:               -2427.5439413 Eh
Relaxed DSRG-MRPT2 E_corr:                  -0.1098854 Eh
Fully relaxed DSRG-MRPT2 energy:         -2427.5439413 Eh
Fully relaxed DSRG-MRPT2 E_corr:            -0.1098854 Eh
State     Energy / Eh         Splitting / Eh      Splitting / cm-1    Splitting / meV     
0         -2.4275478e+03      +0.0000000e+00      +0.0000000e+00      +0.0000000e+00      
1         -2.4275478e+03      +4.8521542e-10      +1.0649248e-04      +1.3203390e-05      
2         -2.4275478e+03      +4.9385562e-10      +1.0838878e-04      +1.3438502e-05      
3         -2.4275478e+03      +5.4251359e-10      +1.1906797e-04      +1.4762554e-05      
4         -2.4275478e+03      +4.2200554e-10      +9.2619510e-05      +1.1483361e-05      
5         -2.4275397e+03      +8.1140818e-03      +1.7808351e+03      +2.2079552e+02      
6         -2.4275397e+03      +1.2291821e-09      +2.6977428e-04      +3.3447764e-05      
7         -2.4275397e+03      +1.1627890e-09      +2.5520268e-04      +3.1641115e-05      
8         -2.4275372e+03      +2.5237345e-03      +5.5389569e+02      +6.8674346e+01      
Time taken:                     1015.0160289 s
===============================================
===============================================
              PySCF DHF interface              
===============================================
Will now allocate 19.669 MB disk space for the frozen core ERI tensor!
Will now allocate 1.888 GB disk space for the aacc and acca ERI tensor!
Will now allocate 45.327 GB disk space for the AO ERI tensor!

Timing report
....integral retrieval:           32.1197302 s
....integral transformation:     119.1063411 s

===============================================
            Relativistic CASCI(7,8)            
===============================================
Will now allocate 0.001 MB memory for the CASCI Hamiltonian!
Time taken for 1-RDM build:        0.0015459 s
Time taken for 1-RDM build:        0.0015237 s
Time taken for 1-RDM build:        0.0015185 s
Time taken for 1-RDM build:        0.0015209 s
Time taken for 1-RDM build:        0.0015163 s
Time taken for 1-RDM build:        0.0015182 s
Time taken for 2-RDM build:        0.0034845 s
Time taken for 2-RDM build:        0.0031550 s
Time taken for 2-RDM build:        0.0031486 s
Time taken for 2-RDM build:        0.0031848 s
Time taken for 2-RDM build:        0.0031469 s
Time taken for 2-RDM build:        0.0031428 s
Time taken for 3-RDM build:        0.0287259 s
Time taken for 3-RDM build:        0.0284042 s
Time taken for 3-RDM build:        0.0284266 s
Time taken for 3-RDM build:        0.0284135 s
Time taken for 3-RDM build:        0.0283773 s
Time taken for 3-RDM build:        0.0283563 s
E_frzc:                            0.0000000 Eh
E_cas:                           -13.1880855 Eh
E_nuc:                       -2590.5378304-0.0000000j Eh
E_casci:                     -2603.7203212-0.0000000j Eh
E0 (from RDM):                 -2603.7203212 Eh
Ecorr:                            -0.0318830 Eh

Timing summary
... Hamil build:                    0.0055273 s
... Hamil diag:                     0.0003197 s
... RDM build:                     87.4212556 s
State     Energy / Eh         Splitting / Eh      Splitting / cm-1    Splitting / meV     
0         -2.6037259e+03      +0.0000000e+00      +0.0000000e+00      +0.0000000e+00      
1         -2.6037259e+03      +9.2413757e-09      +2.0282475e-03      +2.5147076e-04      
2         -2.6037259e+03      +1.8784249e-08      +4.1226661e-03      +5.1114569e-04      
3         -2.6037259e+03      +9.8884811e-09      +2.1702707e-03      +2.6907941e-04      
4         -2.6037091e+03      +1.6783801e-02      +3.6836186e+03      +4.5671072e+02      
5         -2.6037091e+03      +7.4087438e-09      +1.6260313e-03      +2.0160228e-04      
Total time taken:                  92.0842137 s
===============================================

===============================================
            Relativistic DSRG-MRPT2            
===============================================
-----------------------------------------------
        DSRG-MRPT2 reference relaxation        
-----------------------------------------------
Iter                          Energy              Delta E   
   -Eref  -2603.7203212       
   -Ecorr -0.1454474       
<Psi^(0)|Hbar^(0)|Psi^(0)>    -2603.8657686       -2.60387e+03
   -Erelax0.0000000       
<Psi^(0)|Hbar^(1)|Psi^(0)>    -2603.8657686       0.00000e+00
   -Eref  -2603.7203212       
   -Ecorr -0.1454474       
<Psi^(1)|Hbar^(1)|Psi^(1)>    -2603.8657686       0.00000e+00
   -Erelax0.0000000       
<Psi^(1)|Hbar^(2)|Psi^(1)>    -2603.8657686       0.00000e+00
Unrelaxed DSRG-MRPT2 energy:             -2603.8657686 Eh
Unrelaxed DSRG-MRPT2 E_corr:                -0.1454474 Eh
Partially relaxed DSRG-MRPT2 energy:     -2603.8657686 Eh
Partially relaxed DSRG-MRPT2 E_corr:        -0.1454474 Eh
Relaxed DSRG-MRPT2 energy:               -2603.8657686 Eh
Relaxed DSRG-MRPT2 E_corr:                  -0.1454474 Eh
Fully relaxed DSRG-MRPT2 energy:         -2603.8657686 Eh
Fully relaxed DSRG-MRPT2 E_corr:            -0.1454474 Eh
State     Energy / Eh         Splitting / Eh      Splitting / cm-1    Splitting / meV     
0         -2.6038712e+03      +0.0000000e+00      +0.0000000e+00      +0.0000000e+00      
1         -2.6038712e+03      +2.1450433e-09      +4.7078257e-04      +5.8369628e-05      
2         -2.6038712e+03      +4.2182364e-09      +9.2579588e-04      +1.1478411e-04      
3         -2.6038712e+03      +2.9358489e-09      +6.4434435e-04      +7.9888556e-05      
4         -2.6038549e+03      +1.6373609e-02      +3.5935918e+03      +4.4554881e+02      
5         -2.6038549e+03      +2.6261660e-09      +5.7637680e-04      +7.1461650e-05      
Time taken:                      462.1161284 s
===============================================
