NOW DOING s=0.5200000000000001
===============================================
              PySCF DHF interface              
===============================================
Will now allocate 1.593 GB disk space for the AO ERI tensor!

Timing report
....integral retrieval:            0.7244790 s
....integral transformation:       3.5873849 s

===============================================
            Relativistic CASCI(3,8)            
===============================================
Will now allocate 0.050 MB memory for the CASCI Hamiltonian!
Time taken for 1-RDM build:        0.0303133 s
Time taken for 1-RDM build:        0.0302243 s
Time taken for 1-RDM build:        0.0301700 s
Time taken for 1-RDM build:        0.0291142 s
Time taken for 1-RDM build:        0.0265133 s
Time taken for 1-RDM build:        0.0249195 s
Time taken for 2-RDM build:        0.0907917 s
Time taken for 2-RDM build:        0.0912187 s
Time taken for 2-RDM build:        0.0908866 s
Time taken for 2-RDM build:        0.0909879 s
Time taken for 2-RDM build:        0.0908403 s
Time taken for 2-RDM build:        0.0909014 s
Time taken for 3-RDM build:        0.2012939 s
Time taken for 3-RDM build:        0.2014878 s
Time taken for 3-RDM build:        0.2013068 s
Time taken for 3-RDM build:        0.2009428 s
Time taken for 3-RDM build:        0.2013044 s
Time taken for 3-RDM build:        0.2007530 s
E_frzc:                          -21.9899228 Eh
E_cas:                            -2.5754278 Eh
E_nuc:                             0.0000000 Eh
E_casci:                         -24.5653104 Eh
E0 (from RDM):                   -24.5653104 Eh
Ecorr:                            -0.2764703 Eh

Timing summary
... Hamil build:                    0.0814388 s
... Hamil diag:                     0.0637951 s
... RDM build:                      4.6881137 s
State     Energy / Eh         Splitting / Eh      Splitting / cm-1    Splitting / meV     
0         -2.4565351e+01      +0.0000000e+00      +0.0000000e+00      +0.0000000e+00      
1         -2.4565351e+01      +1.6292176e-09      +3.5757194e-04      +4.4333292e-05      
2         -2.4565290e+01      +6.0370290e-05      +1.3249747e+01      +1.6427601e+00      
3         -2.4565290e+01      +8.2750162e-10      +1.8161561e-04      +2.2517477e-05      
4         -2.4565290e+01      +8.6880547e-10      +1.9068076e-04      +2.3641412e-05      
5         -2.4565290e+01      +1.8699744e-09      +4.1041194e-04      +5.0884619e-05      
Total time taken:                   5.0223005 s
===============================================

===============================================
            Relativistic DSRG-MRPT2            
===============================================
-----------------------------------------------
        DSRG-MRPT2 reference relaxation        
-----------------------------------------------
Iter                          Energy              Delta E   
   -Eref  -24.5653104       
   -Ecorr -0.0687200       
<Psi^(0)|Hbar^(0)|Psi^(0)>    -24.6340304         -2.46340e+01
   -Erelax-0.0002816       
<Psi^(0)|Hbar^(1)|Psi^(0)>    -24.6343120         -2.81583e-04
   -Eref  -24.5650179       
   -Ecorr -0.0692268       
<Psi^(1)|Hbar^(1)|Psi^(1)>    -24.6342447         6.72601e-05
   -Erelax-0.0000000       
<Psi^(1)|Hbar^(2)|Psi^(1)>    -24.6342447         -6.70697e-09
   -Eref  -24.5650207       
   -Ecorr -0.0692243       
<Psi^(2)|Hbar^(2)|Psi^(2)>    -24.6342450         -2.86995e-07
   -Erelax-0.0000000       
<Psi^(2)|Hbar^(3)|Psi^(2)>    -24.6342450         -1.49214e-13
   -Eref  -24.5650207       
   -Ecorr -0.0692243       
<Psi^(3)|Hbar^(3)|Psi^(3)>    -24.6342450         1.40126e-09
   -Erelax0.0000000       
<Psi^(3)|Hbar^(4)|Psi^(3)>    -24.6342450         0.00000e+00
Unrelaxed DSRG-MRPT2 energy:               -24.6340304 Eh
Unrelaxed DSRG-MRPT2 E_corr:                -0.0687200 Eh
Partially relaxed DSRG-MRPT2 energy:       -24.6343120 Eh
Partially relaxed DSRG-MRPT2 E_corr:        -0.0690016 Eh
Relaxed DSRG-MRPT2 energy:                 -24.6342447 Eh
Relaxed DSRG-MRPT2 E_corr:                  -0.0692268 Eh
Fully relaxed DSRG-MRPT2 energy:           -24.6342450 Eh
Fully relaxed DSRG-MRPT2 E_corr:            -0.0692243 Eh
State     Energy / Eh         Splitting / Eh      Splitting / cm-1    Splitting / meV     
0         -2.4634288e+01      +0.0000000e+00      +0.0000000e+00      +0.0000000e+00      
1         -2.4634288e+01      +6.6068750e-10      +1.4500415e-04      +1.7978231e-05      
2         -2.4634224e+01      +6.4369547e-05      +1.4127483e+01      +1.7515854e+00      
3         -2.4634224e+01      +4.6697224e-10      +1.0248856e-04      +1.2706968e-05      
4         -2.4634224e+01      +4.0258641e-10      +8.8357503e-05      +1.0954939e-05      
5         -2.4634224e+01      +7.2332895e-10      +1.5875235e-04      +1.9682793e-05      
Time taken:                       42.0654631 s
===============================================
===============================================
              PySCF DHF interface              
===============================================
Will now allocate 1.593 GB disk space for the AO ERI tensor!

Timing report
....integral retrieval:            0.6989570 s
....integral transformation:       3.3825746 s

===============================================
            Relativistic CASCI(4,8)            
===============================================
Will now allocate 0.078 MB memory for the CASCI Hamiltonian!
Time taken for 1-RDM build:        0.0410786 s
Time taken for 1-RDM build:        0.0410733 s
Time taken for 1-RDM build:        0.0411005 s
Time taken for 1-RDM build:        0.0380557 s
Time taken for 1-RDM build:        0.0343006 s
Time taken for 1-RDM build:        0.0315206 s
Time taken for 1-RDM build:        0.0313029 s
Time taken for 1-RDM build:        0.0312545 s
Time taken for 1-RDM build:        0.0313110 s
Time taken for 2-RDM build:        0.1344142 s
Time taken for 2-RDM build:        0.1340077 s
Time taken for 2-RDM build:        0.1340566 s
Time taken for 2-RDM build:        0.1347308 s
Time taken for 2-RDM build:        0.1348591 s
Time taken for 2-RDM build:        0.1340618 s
Time taken for 2-RDM build:        0.1345389 s
Time taken for 2-RDM build:        0.1342707 s
Time taken for 2-RDM build:        0.1343129 s
Time taken for 3-RDM build:        0.4186304 s
Time taken for 3-RDM build:        0.4182155 s
Time taken for 3-RDM build:        0.4184730 s
Time taken for 3-RDM build:        0.4188900 s
Time taken for 3-RDM build:        0.4187384 s
Time taken for 3-RDM build:        0.4196322 s
Time taken for 3-RDM build:        0.4184391 s
Time taken for 3-RDM build:        0.4184868 s
Time taken for 3-RDM build:        0.4183245 s
E_frzc:                          -32.3709352 Eh
E_cas:                            -5.3467114 Eh
E_nuc:                             0.0000000 Eh
E_casci:                         -37.7175257 Eh
E0 (from RDM):                   -37.7175257 Eh
Ecorr:                            -0.4429083 Eh

Timing summary
... Hamil build:                    0.1239512 s
... Hamil diag:                     0.0034409 s
... RDM build:                      8.0210724 s
State     Energy / Eh         Splitting / Eh      Splitting / cm-1    Splitting / meV     
0         -3.7717647e+01      +0.0000000e+00      +0.0000000e+00      +0.0000000e+00      
1         -3.7717578e+01      +6.8056777e-05      +1.4936736e+01      +1.8519201e+00      
2         -3.7717578e+01      +1.0789876e-09      +2.3681040e-04      +2.9360761e-05      
3         -3.7717578e+01      +1.2285781e-09      +2.6964173e-04      +3.3431330e-05      
4         -3.7717470e+01      +1.0852195e-04      +2.3817815e+01      +2.9530341e+00      
5         -3.7717470e+01      +3.7325520e-10      +8.1920048e-05      +1.0156796e-05      
6         -3.7717470e+01      +9.5214148e-10      +2.0897090e-04      +2.5909102e-05      
7         -3.7717470e+01      +4.4994408e-10      +9.8751311e-05      +1.2243608e-05      
8         -3.7717470e+01      +5.6218852e-10      +1.2338612e-04      +1.5297936e-05      
Total time taken:                   8.3375797 s
===============================================

===============================================
            Relativistic DSRG-MRPT2            
===============================================
-----------------------------------------------
        DSRG-MRPT2 reference relaxation        
-----------------------------------------------
Iter                          Energy              Delta E   
   -Eref  -37.7175257       
   -Ecorr -0.1117443       
<Psi^(0)|Hbar^(0)|Psi^(0)>    -37.8292700         -3.78293e+01
   -Erelax-0.0000143       
<Psi^(0)|Hbar^(1)|Psi^(0)>    -37.8292844         -1.43422e-05
   -Eref  -37.7175104       
   -Ecorr -0.1118270       
<Psi^(1)|Hbar^(1)|Psi^(1)>    -37.8293374         -5.29885e-05
   -Erelax-0.0000000       
<Psi^(1)|Hbar^(2)|Psi^(1)>    -37.8293374         -1.44179e-09
   -Eref  -37.7175107       
   -Ecorr -0.1118262       
<Psi^(2)|Hbar^(2)|Psi^(2)>    -37.8293369         5.02894e-07
   -Erelax-0.0000000       
<Psi^(2)|Hbar^(3)|Psi^(2)>    -37.8293369         -2.47269e-12
   -Eref  -37.7175107       
   -Ecorr -0.1118262       
<Psi^(3)|Hbar^(3)|Psi^(3)>    -37.8293369         -4.39498e-09
   -Erelax-0.0000000       
<Psi^(3)|Hbar^(4)|Psi^(3)>    -37.8293369         -4.97380e-14
Unrelaxed DSRG-MRPT2 energy:               -37.8292700 Eh
Unrelaxed DSRG-MRPT2 E_corr:                -0.1117443 Eh
Partially relaxed DSRG-MRPT2 energy:       -37.8292844 Eh
Partially relaxed DSRG-MRPT2 E_corr:        -0.1117586 Eh
Relaxed DSRG-MRPT2 energy:                 -37.8293374 Eh
Relaxed DSRG-MRPT2 E_corr:                  -0.1118270 Eh
Fully relaxed DSRG-MRPT2 energy:           -37.8293369 Eh
Fully relaxed DSRG-MRPT2 E_corr:            -0.1118262 Eh
State     Energy / Eh         Splitting / Eh      Splitting / cm-1    Splitting / meV     
0         -3.7829486e+01      +0.0000000e+00      +0.0000000e+00      +0.0000000e+00      
1         -3.7829405e+01      +8.1089332e-05      +1.7797051e+01      +2.2065542e+00      
2         -3.7829405e+01      +2.0035884e-10      +4.3973682e-05      +5.4520444e-06      
3         -3.7829405e+01      +2.3422331e-10      +5.1406074e-05      +6.3735439e-06      
4         -3.7829266e+01      +1.3818558e-04      +3.0328228e+01      +3.7602228e+00      
5         -3.7829266e+01      +7.4756201e-11      +1.6407090e-05      +2.0342208e-06      
6         -3.7829266e+01      +1.2842349e-10      +2.8185699e-05      +3.4945829e-06      
7         -3.7829266e+01      +1.0908252e-10      +2.3940846e-05      +2.9682880e-06      
8         -3.7829266e+01      +5.9159788e-11      +1.2984073e-05      +1.6098206e-06      
Time taken:                       52.6130440 s
===============================================
===============================================
              PySCF DHF interface              
===============================================
Will now allocate 1.593 GB disk space for the AO ERI tensor!

Timing report
....integral retrieval:            0.7013557 s
....integral transformation:       3.4392984 s

===============================================
            Relativistic CASCI(5,8)            
===============================================
Will now allocate 0.050 MB memory for the CASCI Hamiltonian!
Time taken for 1-RDM build:        0.0304291 s
Time taken for 1-RDM build:        0.0304499 s
Time taken for 1-RDM build:        0.0303352 s
Time taken for 1-RDM build:        0.0304248 s
Time taken for 1-RDM build:        0.0288768 s
Time taken for 1-RDM build:        0.0264096 s
Time taken for 1-RDM build:        0.0244493 s
Time taken for 1-RDM build:        0.0231659 s
Time taken for 1-RDM build:        0.0231178 s
Time taken for 1-RDM build:        0.0231307 s
Time taken for 1-RDM build:        0.0231798 s
Time taken for 1-RDM build:        0.0231574 s
Time taken for 1-RDM build:        0.0230527 s
Time taken for 1-RDM build:        0.0231230 s
Time taken for 2-RDM build:        0.0965242 s
Time taken for 2-RDM build:        0.0961127 s
Time taken for 2-RDM build:        0.0961976 s
Time taken for 2-RDM build:        0.0966322 s
Time taken for 2-RDM build:        0.0964203 s
Time taken for 2-RDM build:        0.0961463 s
Time taken for 2-RDM build:        0.0961525 s
Time taken for 2-RDM build:        0.0961685 s
Time taken for 2-RDM build:        0.0959952 s
Time taken for 2-RDM build:        0.0960090 s
Time taken for 2-RDM build:        0.0959563 s
Time taken for 2-RDM build:        0.0962739 s
Time taken for 2-RDM build:        0.0963302 s
Time taken for 2-RDM build:        0.0962594 s
Time taken for 3-RDM build:        0.3797033 s
Time taken for 3-RDM build:        0.3787551 s
Time taken for 3-RDM build:        0.3788943 s
Time taken for 3-RDM build:        0.3785479 s
Time taken for 3-RDM build:        0.3784971 s
Time taken for 3-RDM build:        0.3788056 s
Time taken for 3-RDM build:        0.3783624 s
Time taken for 3-RDM build:        0.3787489 s
Time taken for 3-RDM build:        0.3788388 s
Time taken for 3-RDM build:        0.3784292 s
Time taken for 3-RDM build:        0.3786793 s
Time taken for 3-RDM build:        0.3785760 s
Time taken for 3-RDM build:        0.3785386 s
Time taken for 3-RDM build:        0.3788431 s
E_frzc:                          -44.7567199 Eh
E_cas:                            -9.6666253 Eh
E_nuc:                             0.0000000 Eh
E_casci:                         -54.3487687 Eh
E0 (from RDM):                   -54.3487687 Eh
Ecorr:                            -0.4454114 Eh

Timing summary
... Hamil build:                    0.0977108 s
... Hamil diag:                     0.0014648 s
... RDM build:                      9.6929760 s
State     Energy / Eh         Splitting / Eh      Splitting / cm-1    Splitting / meV     
0         -5.4423345e+01      +0.0000000e+00      +0.0000000e+00      +0.0000000e+00      
1         -5.4423345e+01      +1.0766144e-09      +2.3628954e-04      +2.9296183e-05      
2         -5.4423345e+01      +1.0765291e-09      +2.3627082e-04      +2.9293863e-05      
3         -5.4423345e+01      +1.0764012e-09      +2.3624275e-04      +2.9290382e-05      
4         -5.4318958e+01      +1.0438692e-01      +2.2910281e+04      +2.8405142e+03      
5         -5.4318958e+01      +1.1012702e-09      +2.4170087e-04      +2.9967102e-05      
6         -5.4318958e+01      +1.1371171e-09      +2.4956835e-04      +3.0942546e-05      
7         -5.4318958e+01      +5.9976912e-10      +1.3163411e-04      +1.6320557e-05      
8         -5.4318958e+01      +1.1947421e-09      +2.6221558e-04      +3.2510604e-05      
9         -5.4318958e+01      +1.3783108e-09      +3.0250425e-04      +3.7505765e-05      
10        -5.4318908e+01      +5.0508872e-05      +1.1085416e+01      +1.3744171e+00      
11        -5.4318908e+01      +3.9502766e-09      +8.6698548e-04      +1.0749255e-04      
12        -5.4318908e+01      +3.0347778e-09      +6.6605673e-04      +8.2580549e-05      
13        -5.4318908e+01      +2.9868872e-09      +6.5554596e-04      +8.1277379e-05      
Total time taken:                   9.9814239 s
===============================================

===============================================
            Relativistic DSRG-MRPT2            
===============================================
-----------------------------------------------
        DSRG-MRPT2 reference relaxation        
-----------------------------------------------
Iter                          Energy              Delta E   
   -Eref  -54.3487687       
   -Ecorr -0.1675708       
<Psi^(0)|Hbar^(0)|Psi^(0)>    -54.5163395         -5.45163e+01
   -Erelax-0.0000000       
<Psi^(0)|Hbar^(1)|Psi^(0)>    -54.5163395         -3.40500e-08
   -Eref  -54.3487686       
   -Ecorr -0.1675710       
<Psi^(1)|Hbar^(1)|Psi^(1)>    -54.5163396         -6.55398e-08
   -Erelax-0.0000000       
<Psi^(1)|Hbar^(2)|Psi^(1)>    -54.5163396         -2.43098e-10
   -Eref  -54.3487687       
   -Ecorr -0.1675709       
<Psi^(2)|Hbar^(2)|Psi^(2)>    -54.5163396         6.65286e-09
   -Erelax-0.0000000       
<Psi^(2)|Hbar^(3)|Psi^(2)>    -54.5163396         -2.66454e-12
Unrelaxed DSRG-MRPT2 energy:               -54.5163395 Eh
Unrelaxed DSRG-MRPT2 E_corr:                -0.1675708 Eh
Partially relaxed DSRG-MRPT2 energy:       -54.5163395 Eh
Partially relaxed DSRG-MRPT2 E_corr:        -0.1675709 Eh
Relaxed DSRG-MRPT2 energy:                 -54.5163396 Eh
Relaxed DSRG-MRPT2 E_corr:                  -0.1675710 Eh
Fully relaxed DSRG-MRPT2 energy:           -54.5163396 Eh
Fully relaxed DSRG-MRPT2 E_corr:            -0.1675709 Eh
State     Energy / Eh         Splitting / Eh      Splitting / cm-1    Splitting / meV     
0         -5.4582041e+01      +0.0000000e+00      +0.0000000e+00      +0.0000000e+00      
1         -5.4582041e+01      +3.6168046e-10      +7.9379686e-05      +9.8418314e-06      
2         -5.4582041e+01      +3.6168046e-10      +7.9379686e-05      +9.8418314e-06      
3         -5.4582041e+01      +3.6165204e-10      +7.9373448e-05      +9.8410580e-06      
4         -5.4490070e+01      +9.1971314e-02      +2.0185370e+04      +2.5026681e+03      
5         -5.4490070e+01      +1.5975843e-10      +3.5062922e-05      +4.3472503e-06      
6         -5.4490070e+01      +9.4473762e-11      +2.0734594e-05      +2.5707632e-06      
7         -5.4490070e+01      +1.0439294e-10      +2.2911602e-05      +2.8406779e-06      
8         -5.4490070e+01      +8.3772989e-11      +1.8386046e-05      +2.2795802e-06      
9         -5.4490070e+01      +1.3787371e-10      +3.0259782e-05      +3.7517366e-06      
10        -5.4490043e+01      +2.6161127e-05      +5.7417036e+00      +7.1188086e-01      
11        -5.4490043e+01      +5.2787641e-10      +1.1585548e-04      +1.4364256e-05      
12        -5.4490043e+01      +2.2443203e-10      +4.9257136e-05      +6.1071095e-06      
13        -5.4490043e+01      +2.9541525e-10      +6.4836152e-05      +8.0386622e-06      
Time taken:                       40.2839196 s
===============================================
===============================================
              PySCF DHF interface              
===============================================
Will now allocate 1.593 GB disk space for the AO ERI tensor!

Timing report
....integral retrieval:            0.7005208 s
....integral transformation:       3.3917530 s

===============================================
            Relativistic CASCI(6,8)            
===============================================
Will now allocate 0.013 MB memory for the CASCI Hamiltonian!
Time taken for 1-RDM build:        0.0119874 s
Time taken for 1-RDM build:        0.0119319 s
Time taken for 1-RDM build:        0.0119419 s
Time taken for 1-RDM build:        0.0119476 s
Time taken for 1-RDM build:        0.0119700 s
Time taken for 1-RDM build:        0.0119479 s
Time taken for 1-RDM build:        0.0119615 s
Time taken for 1-RDM build:        0.0119615 s
Time taken for 1-RDM build:        0.0119381 s
Time taken for 2-RDM build:        0.0312452 s
Time taken for 2-RDM build:        0.0309465 s
Time taken for 2-RDM build:        0.0309651 s
Time taken for 2-RDM build:        0.0310147 s
Time taken for 2-RDM build:        0.0309529 s
Time taken for 2-RDM build:        0.0309739 s
Time taken for 2-RDM build:        0.0311816 s
Time taken for 2-RDM build:        0.0309684 s
Time taken for 2-RDM build:        0.0309608 s
Time taken for 3-RDM build:        0.1586230 s
Time taken for 3-RDM build:        0.1580007 s
Time taken for 3-RDM build:        0.1578817 s
Time taken for 3-RDM build:        0.1579490 s
Time taken for 3-RDM build:        0.1578934 s
Time taken for 3-RDM build:        0.1582839 s
Time taken for 3-RDM build:        0.1579950 s
Time taken for 3-RDM build:        0.1578882 s
Time taken for 3-RDM build:        0.1580048 s
E_frzc:                          -59.1480236 Eh
E_cas:                           -15.7034833 Eh
E_nuc:                             0.0000000 Eh
E_casci:                         -74.8511626 Eh
E0 (from RDM):                   -74.8511626 Eh
Ecorr:                            -0.3302227 Eh

Timing summary
... Hamil build:                    0.0379047 s
... Hamil diag:                     0.0010290 s
... RDM build:                      4.4839163 s
State     Energy / Eh         Splitting / Eh      Splitting / cm-1    Splitting / meV     
0         -7.4851507e+01      +0.0000000e+00      +0.0000000e+00      +0.0000000e+00      
1         -7.4851507e+01      +6.1121170e-09      +1.3414546e-03      +1.6631926e-04      
2         -7.4851507e+01      +6.8041430e-09      +1.4933368e-03      +1.8515025e-04      
3         -7.4851507e+01      +7.2887616e-09      +1.5996983e-03      +1.9833740e-04      
4         -7.4851507e+01      +9.8173842e-09      +2.1546668e-03      +2.6714476e-04      
5         -7.4850809e+01      +6.9818897e-04      +1.5323477e+02      +1.8998699e+01      
6         -7.4850809e+01      +7.3982278e-09      +1.6237233e-03      +2.0131613e-04      
7         -7.4850809e+01      +7.5923197e-09      +1.6663215e-03      +2.0659764e-04      
8         -7.4850503e+01      +3.0523771e-04      +6.6991933e+01      +8.3059451e+00      
Total time taken:                   4.7113986 s
===============================================

===============================================
            Relativistic DSRG-MRPT2            
===============================================
-----------------------------------------------
        DSRG-MRPT2 reference relaxation        
-----------------------------------------------
Iter                          Energy              Delta E   
   -Eref  -74.8511626       
   -Ecorr -0.2154629       
<Psi^(0)|Hbar^(0)|Psi^(0)>    -75.0666255         -7.50666e+01
   -Erelax-0.0000002       
<Psi^(0)|Hbar^(1)|Psi^(0)>    -75.0666257         -1.73277e-07
   -Eref  -74.8511625       
   -Ecorr -0.2154629       
<Psi^(1)|Hbar^(1)|Psi^(1)>    -75.0666254         3.50079e-07
   -Erelax-0.0000000       
<Psi^(1)|Hbar^(2)|Psi^(1)>    -75.0666254         -1.52606e-08
   -Eref  -74.8511626       
   -Ecorr -0.2154629       
<Psi^(2)|Hbar^(2)|Psi^(2)>    -75.0666255         -7.36995e-08
   -Erelax-0.0000000       
<Psi^(2)|Hbar^(3)|Psi^(2)>    -75.0666255         -1.38263e-09
   -Eref  -74.8511625       
   -Ecorr -0.2154629       
<Psi^(3)|Hbar^(3)|Psi^(3)>    -75.0666254         2.49408e-08
   -Erelax-0.0000000       
<Psi^(3)|Hbar^(4)|Psi^(3)>    -75.0666254         -1.25340e-10
   -Eref  -74.8511625       
   -Ecorr -0.2154629       
<Psi^(4)|Hbar^(4)|Psi^(4)>    -75.0666254         -7.25869e-09
   -Erelax-0.0000000       
<Psi^(4)|Hbar^(5)|Psi^(4)>    -75.0666254         -1.13829e-11
Unrelaxed DSRG-MRPT2 energy:               -75.0666255 Eh
Unrelaxed DSRG-MRPT2 E_corr:                -0.2154629 Eh
Partially relaxed DSRG-MRPT2 energy:       -75.0666257 Eh
Partially relaxed DSRG-MRPT2 E_corr:        -0.2154631 Eh
Relaxed DSRG-MRPT2 energy:                 -75.0666254 Eh
Relaxed DSRG-MRPT2 E_corr:                  -0.2154629 Eh
Fully relaxed DSRG-MRPT2 energy:           -75.0666254 Eh
Fully relaxed DSRG-MRPT2 E_corr:            -0.2154629 Eh
State     Energy / Eh         Splitting / Eh      Splitting / cm-1    Splitting / meV     
0         -7.5066895e+01      +0.0000000e+00      +0.0000000e+00      +0.0000000e+00      
1         -7.5066895e+01      +2.4581794e-09      +5.3950802e-04      +6.6890501e-05      
2         -7.5066895e+01      +1.7530652e-09      +3.8475335e-04      +4.7703358e-05      
3         -7.5066895e+01      +2.7655886e-09      +6.0697655e-04      +7.5255536e-05      
4         -7.5066895e+01      +3.2392649e-09      +7.1093646e-04      +8.8144928e-05      
5         -7.5066345e+01      +5.5072195e-04      +1.2086950e+02      +1.4985915e+01      
6         -7.5066345e+01      +2.6654874e-09      +5.8500686e-04      +7.2531641e-05      
7         -7.5066345e+01      +2.2883881e-09      +5.0224314e-04      +6.2270243e-05      
8         -7.5066119e+01      +2.2555384e-04      +4.9503345e+01      +6.1376354e+00      
Time taken:                       54.5728216 s
===============================================
===============================================
              PySCF DHF interface              
===============================================
Will now allocate 1.593 GB disk space for the AO ERI tensor!

Timing report
....integral retrieval:            0.6989369 s
....integral transformation:       3.5739319 s

===============================================
            Relativistic CASCI(7,8)            
===============================================
Will now allocate 0.001 MB memory for the CASCI Hamiltonian!
Time taken for 1-RDM build:        0.0020311 s
Time taken for 1-RDM build:        0.0020249 s
Time taken for 1-RDM build:        0.0020177 s
Time taken for 1-RDM build:        0.0020242 s
Time taken for 1-RDM build:        0.0020177 s
Time taken for 1-RDM build:        0.0020158 s
Time taken for 2-RDM build:        0.0032153 s
Time taken for 2-RDM build:        0.0031524 s
Time taken for 2-RDM build:        0.0031579 s
Time taken for 2-RDM build:        0.0031490 s
Time taken for 2-RDM build:        0.0031500 s
Time taken for 2-RDM build:        0.0031533 s
Time taken for 3-RDM build:        0.0286808 s
Time taken for 3-RDM build:        0.0283515 s
Time taken for 3-RDM build:        0.0283952 s
Time taken for 3-RDM build:        0.0283406 s
Time taken for 3-RDM build:        0.0283995 s
Time taken for 3-RDM build:        0.0283992 s
E_frzc:                          -75.5478008 Eh
E_cas:                           -23.9325131 Eh
E_nuc:                             0.0000000 Eh
E_casci:                         -99.4797328 Eh
E0 (from RDM):                   -99.4797328 Eh
Ecorr:                            -0.1043819 Eh

Timing summary
... Hamil build:                    0.0062301 s
... Hamil diag:                     0.0001640 s
... RDM build:                      2.8907413 s
State     Energy / Eh         Splitting / Eh      Splitting / cm-1    Splitting / meV     
0         -9.9480314e+01      +0.0000000e+00      +0.0000000e+00      +0.0000000e+00      
1         -9.9480314e+01      +2.4031038e-08      +5.2742033e-03      +6.5391818e-04      
2         -9.9480314e+01      +6.9549628e-09      +1.5264379e-03      +1.8925427e-04      
3         -9.9480314e+01      +2.1663126e-08      +4.7545067e-03      +5.8948398e-04      
4         -9.9478571e+01      +1.7431739e-03      +3.8258245e+02      +4.7434202e+01      
5         -9.9478571e+01      +1.6993965e-08      +3.7297443e-03      +4.6242957e-04      
Total time taken:                   3.0857656 s
===============================================

===============================================
            Relativistic DSRG-MRPT2            
===============================================
-----------------------------------------------
        DSRG-MRPT2 reference relaxation        
-----------------------------------------------
Iter                          Energy              Delta E   
   -Eref  -99.4797328       
   -Ecorr -0.2700590       
<Psi^(0)|Hbar^(0)|Psi^(0)>    -99.7497918         -9.97498e+01
   -Erelax-0.0000000       
<Psi^(0)|Hbar^(1)|Psi^(0)>    -99.7497918         0.00000e+00
   -Eref  -99.4797328       
   -Ecorr -0.2700590       
<Psi^(1)|Hbar^(1)|Psi^(1)>    -99.7497918         0.00000e+00
   -Erelax0.0000000       
<Psi^(1)|Hbar^(2)|Psi^(1)>    -99.7497918         0.00000e+00
Unrelaxed DSRG-MRPT2 energy:               -99.7497918 Eh
Unrelaxed DSRG-MRPT2 E_corr:                -0.2700590 Eh
Partially relaxed DSRG-MRPT2 energy:       -99.7497918 Eh
Partially relaxed DSRG-MRPT2 E_corr:        -0.2700590 Eh
Relaxed DSRG-MRPT2 energy:                 -99.7497918 Eh
Relaxed DSRG-MRPT2 E_corr:                  -0.2700590 Eh
Fully relaxed DSRG-MRPT2 energy:           -99.7497918 Eh
Fully relaxed DSRG-MRPT2 E_corr:            -0.2700590 Eh
State     Energy / Eh         Splitting / Eh      Splitting / cm-1    Splitting / meV     
0         -9.9750369e+01      +0.0000000e+00      +0.0000000e+00      +0.0000000e+00      
1         -9.9750369e+01      +4.9005280e-09      +1.0755416e-03      +1.3335022e-04      
2         -9.9750369e+01      +5.3678235e-09      +1.1781011e-03      +1.4606599e-04      
3         -9.9750369e+01      +2.7665692e-09      +6.0719175e-04      +7.5282218e-05      
4         -9.9748638e+01      +1.7312325e-03      +3.7996161e+02      +4.7109257e+01      
5         -9.9748638e+01      +5.8023915e-09      +1.2734777e-03      +1.5789119e-04      
Time taken:                       15.7096691 s
===============================================
===============================================
              PySCF DHF interface              
===============================================
Will now allocate 0.320 MB disk space for the frozen core ERI tensor!
Will now allocate 74.650 MB disk space for the aacc and acca ERI tensor!
Will now allocate 4.354 GB disk space for the AO ERI tensor!

Timing report
....integral retrieval:            2.6246989 s
....integral transformation:       9.0360060 s

===============================================
            Relativistic CASCI(3,8)            
===============================================
Will now allocate 0.050 MB memory for the CASCI Hamiltonian!
Time taken for 1-RDM build:        0.0263011 s
Time taken for 1-RDM build:        0.0262604 s
Time taken for 1-RDM build:        0.0261939 s
Time taken for 1-RDM build:        0.0262458 s
Time taken for 1-RDM build:        0.0262482 s
Time taken for 1-RDM build:        0.0262372 s
Time taken for 2-RDM build:        0.0910852 s
Time taken for 2-RDM build:        0.0910761 s
Time taken for 2-RDM build:        0.0914404 s
Time taken for 2-RDM build:        0.0912344 s
Time taken for 2-RDM build:        0.0910625 s
Time taken for 2-RDM build:        0.0910408 s
Time taken for 3-RDM build:        0.2015595 s
Time taken for 3-RDM build:        0.2013972 s
Time taken for 3-RDM build:        0.2013388 s
Time taken for 3-RDM build:        0.2024190 s
Time taken for 3-RDM build:        0.2010229 s
Time taken for 3-RDM build:        0.2013927 s
E_frzc:                            0.0000000 Eh
E_cas:                            -1.8986420 Eh
E_nuc:                       -240.4061812+0.0000000j Eh
E_casci:                     -242.3045291+0.0000000j Eh
E0 (from RDM):                  -242.3045291 Eh
Ecorr:                            -0.1899047 Eh

Timing summary
... Hamil build:                    0.0622900 s
... Hamil diag:                     0.0016892 s
... RDM build:                      7.9409492 s
State     Energy / Eh         Splitting / Eh      Splitting / cm-1    Splitting / meV     
0         -2.4230482e+02      +0.0000000e+00      +0.0000000e+00      +0.0000000e+00      
1         -2.4230482e+02      +1.0992665e-09      +2.4126110e-04      +2.9912578e-05      
2         -2.4230438e+02      +4.4107881e-04      +9.6805609e+01      +1.2002372e+01      
3         -2.4230438e+02      +1.0805650e-09      +2.3715660e-04      +2.9403685e-05      
4         -2.4230438e+02      +8.9775654e-10      +1.9703478e-04      +2.4429211e-05      
5         -2.4230438e+02      +3.6629899e-10      +8.0393336e-05      +9.9675080e-06      
Total time taken:                   8.4799757 s
===============================================

===============================================
            Relativistic DSRG-MRPT2            
===============================================
-----------------------------------------------
        DSRG-MRPT2 reference relaxation        
-----------------------------------------------
Iter                          Energy              Delta E   
   -Eref  -242.3045291       
   -Ecorr -0.0208505       
<Psi^(0)|Hbar^(0)|Psi^(0)>    -242.3253796        -2.42325e+02
   -Erelax-0.0002429       
<Psi^(0)|Hbar^(1)|Psi^(0)>    -242.3256225        -2.42873e-04
   -Eref  -242.3042870       
   -Ecorr -0.0212794       
<Psi^(1)|Hbar^(1)|Psi^(1)>    -242.3255663        5.61380e-05
   -Erelax-0.0000000       
<Psi^(1)|Hbar^(2)|Psi^(1)>    -242.3255663        -2.47269e-10
   -Eref  -242.3042865       
   -Ecorr -0.0212798       
<Psi^(2)|Hbar^(2)|Psi^(2)>    -242.3255663        5.24010e-08
   -Erelax0.0000000       
<Psi^(2)|Hbar^(3)|Psi^(2)>    -242.3255663        0.00000e+00
   -Eref  -242.3042865       
   -Ecorr -0.0212798       
<Psi^(3)|Hbar^(3)|Psi^(3)>    -242.3255663        4.49916e-11
   -Erelax0.0000000       
<Psi^(3)|Hbar^(4)|Psi^(3)>    -242.3255663        0.00000e+00
Unrelaxed DSRG-MRPT2 energy:              -242.3253796 Eh
Unrelaxed DSRG-MRPT2 E_corr:                -0.0208505 Eh
Partially relaxed DSRG-MRPT2 energy:      -242.3256225 Eh
Partially relaxed DSRG-MRPT2 E_corr:        -0.0210934 Eh
Relaxed DSRG-MRPT2 energy:                -242.3255663 Eh
Relaxed DSRG-MRPT2 E_corr:                  -0.0212794 Eh
Fully relaxed DSRG-MRPT2 energy:          -242.3255663 Eh
Fully relaxed DSRG-MRPT2 E_corr:            -0.0212798 Eh
State     Energy / Eh         Splitting / Eh      Splitting / cm-1    Splitting / meV     
0         -2.4232589e+02      +0.0000000e+00      +0.0000000e+00      +0.0000000e+00      
1         -2.4232589e+02      +6.7888095e-10      +1.4899715e-04      +1.8473300e-05      
2         -2.4232540e+02      +4.8863090e-04      +1.0724209e+02      +1.3296330e+01      
3         -2.4232540e+02      +6.4690653e-10      +1.4197957e-04      +1.7603232e-05      
4         -2.4232540e+02      +5.1957727e-10      +1.1403403e-04      +1.4138424e-05      
5         -2.4232540e+02      +2.4934366e-10      +5.4724607e-05      +6.7849897e-06      
Time taken:                       71.4931877 s
===============================================
===============================================
              PySCF DHF interface              
===============================================
Will now allocate 0.320 MB disk space for the frozen core ERI tensor!
Will now allocate 74.650 MB disk space for the aacc and acca ERI tensor!
Will now allocate 4.354 GB disk space for the AO ERI tensor!

Timing report
....integral retrieval:            2.6276112 s
....integral transformation:       9.4127188 s

===============================================
            Relativistic CASCI(4,8)            
===============================================
Will now allocate 0.078 MB memory for the CASCI Hamiltonian!
Time taken for 1-RDM build:        0.0357630 s
Time taken for 1-RDM build:        0.0357807 s
Time taken for 1-RDM build:        0.0356622 s
Time taken for 1-RDM build:        0.0356178 s
Time taken for 1-RDM build:        0.0351427 s
Time taken for 1-RDM build:        0.0322890 s
Time taken for 1-RDM build:        0.0314229 s
Time taken for 1-RDM build:        0.0314674 s
Time taken for 1-RDM build:        0.0314143 s
Time taken for 2-RDM build:        0.1357396 s
Time taken for 2-RDM build:        0.1357265 s
Time taken for 2-RDM build:        0.1356556 s
Time taken for 2-RDM build:        0.1355298 s
Time taken for 2-RDM build:        0.1359227 s
Time taken for 2-RDM build:        0.1355605 s
Time taken for 2-RDM build:        0.1355855 s
Time taken for 2-RDM build:        0.1356971 s
Time taken for 2-RDM build:        0.1354046 s
Time taken for 3-RDM build:        0.4211059 s
Time taken for 3-RDM build:        0.4208002 s
Time taken for 3-RDM build:        0.4198532 s
Time taken for 3-RDM build:        0.4202545 s
Time taken for 3-RDM build:        0.4200327 s
Time taken for 3-RDM build:        0.4237823 s
Time taken for 3-RDM build:        0.4200664 s
Time taken for 3-RDM build:        0.4207139 s
Time taken for 3-RDM build:        0.4199960 s
E_frzc:                            0.0000000 Eh
E_cas:                            -3.6921024 Eh
E_nuc:                       -285.7423197+0.0000000j Eh
E_casci:                     -289.4337768+0.0000000j Eh
E0 (from RDM):                  -289.4337768 Eh
Ecorr:                            -0.2329780 Eh

Timing summary
... Hamil build:                    0.0962431 s
... Hamil diag:                     0.0025570 s
... RDM build:                     11.3728337 s
State     Energy / Eh         Splitting / Eh      Splitting / cm-1    Splitting / meV     
0         -2.8943442e+02      +0.0000000e+00      +0.0000000e+00      +0.0000000e+00      
1         -2.8943409e+02      +3.3211201e-04      +7.2890160e+01      +9.0372324e+00      
2         -2.8943409e+02      +8.1735152e-10      +1.7938792e-04      +2.2241278e-05      
3         -2.8943409e+02      +8.9210062e-10      +1.9579345e-04      +2.4275306e-05      
4         -2.8943346e+02      +6.3005266e-04      +1.3828057e+02      +1.7144614e+01      
5         -2.8943346e+02      +2.5920599e-10      +5.6889139e-05      +7.0533576e-06      
6         -2.8943346e+02      +7.8654239e-10      +1.7262610e-04      +2.1402919e-05      
7         -2.8943346e+02      +6.1896799e-10      +1.3584777e-04      +1.6842985e-05      
8         -2.8943346e+02      +4.2439297e-10      +9.3143489e-05      +1.1548326e-05      
Total time taken:                  11.9463568 s
===============================================

===============================================
            Relativistic DSRG-MRPT2            
===============================================
-----------------------------------------------
        DSRG-MRPT2 reference relaxation        
-----------------------------------------------
Iter                          Energy              Delta E   
   -Eref  -289.4337768       
   -Ecorr -0.0486326       
<Psi^(0)|Hbar^(0)|Psi^(0)>    -289.4824094        -2.89482e+02
   -Erelax-0.0000885       
<Psi^(0)|Hbar^(1)|Psi^(0)>    -289.4824979        -8.84790e-05
   -Eref  -289.4336882       
   -Ecorr -0.0488344       
<Psi^(1)|Hbar^(1)|Psi^(1)>    -289.4825226        -2.46896e-05
   -Erelax-0.0000000       
<Psi^(1)|Hbar^(2)|Psi^(1)>    -289.4825226        -5.65535e-10
   -Eref  -289.4336884       
   -Ecorr -0.0488341       
<Psi^(2)|Hbar^(2)|Psi^(2)>    -289.4825225        4.36302e-08
   -Erelax-0.0000000       
<Psi^(2)|Hbar^(3)|Psi^(2)>    -289.4825225        -6.25278e-13
   -Eref  -289.4336884       
   -Ecorr -0.0488341       
<Psi^(3)|Hbar^(3)|Psi^(3)>    -289.4825225        1.41824e-10
   -Erelax-0.0000000       
<Psi^(3)|Hbar^(4)|Psi^(3)>    -289.4825225        0.00000e+00
Unrelaxed DSRG-MRPT2 energy:              -289.4824094 Eh
Unrelaxed DSRG-MRPT2 E_corr:                -0.0486326 Eh
Partially relaxed DSRG-MRPT2 energy:      -289.4824979 Eh
Partially relaxed DSRG-MRPT2 E_corr:        -0.0487211 Eh
Relaxed DSRG-MRPT2 energy:                -289.4825226 Eh
Relaxed DSRG-MRPT2 E_corr:                  -0.0488344 Eh
Fully relaxed DSRG-MRPT2 energy:          -289.4825225 Eh
Fully relaxed DSRG-MRPT2 E_corr:            -0.0488341 Eh
State     Energy / Eh         Splitting / Eh      Splitting / cm-1    Splitting / meV     
0         -2.8948322e+02      +0.0000000e+00      +0.0000000e+00      +0.0000000e+00      
1         -2.8948286e+02      +3.6076309e-04      +7.9178346e+01      +9.8168685e+00      
2         -2.8948286e+02      +4.0529358e-10      +8.8951658e-05      +1.1028605e-05      
3         -2.8948286e+02      +4.2302872e-10      +9.2844072e-05      +1.1511203e-05      
4         -2.8948218e+02      +6.8297212e-04      +1.4989505e+02      +1.8584627e+01      
5         -2.8948218e+02      +1.5296564e-10      +3.3572077e-05      +4.1624091e-06      
6         -2.8948218e+02      +3.7124437e-10      +8.1478720e-05      +1.0102079e-05      
7         -2.8948218e+02      +3.3389824e-10      +7.3282193e-05      +9.0858383e-06      
8         -2.8948218e+02      +1.8650326e-10      +4.0932733e-05      +5.0750145e-06      
Time taken:                       82.1841950 s
===============================================
===============================================
              PySCF DHF interface              
===============================================
Will now allocate 0.320 MB disk space for the frozen core ERI tensor!
Will now allocate 74.650 MB disk space for the aacc and acca ERI tensor!
Will now allocate 4.354 GB disk space for the AO ERI tensor!

Timing report
....integral retrieval:            2.6297224 s
....integral transformation:       9.2126875 s

===============================================
            Relativistic CASCI(5,8)            
===============================================
Will now allocate 0.050 MB memory for the CASCI Hamiltonian!
Time taken for 1-RDM build:        0.0264924 s
Time taken for 1-RDM build:        0.0264089 s
Time taken for 1-RDM build:        0.0263968 s
Time taken for 1-RDM build:        0.0263891 s
Time taken for 1-RDM build:        0.0264399 s
Time taken for 1-RDM build:        0.0265620 s
Time taken for 1-RDM build:        0.0254395 s
Time taken for 1-RDM build:        0.0236137 s
Time taken for 1-RDM build:        0.0232699 s
Time taken for 1-RDM build:        0.0232422 s
Time taken for 1-RDM build:        0.0233045 s
Time taken for 1-RDM build:        0.0232360 s
Time taken for 1-RDM build:        0.0232213 s
Time taken for 1-RDM build:        0.0232222 s
Time taken for 2-RDM build:        0.0960920 s
Time taken for 2-RDM build:        0.0959988 s
Time taken for 2-RDM build:        0.0960779 s
Time taken for 2-RDM build:        0.0959284 s
Time taken for 2-RDM build:        0.0960481 s
Time taken for 2-RDM build:        0.0959711 s
Time taken for 2-RDM build:        0.0964012 s
Time taken for 2-RDM build:        0.0958793 s
Time taken for 2-RDM build:        0.0960197 s
Time taken for 2-RDM build:        0.0959475 s
Time taken for 2-RDM build:        0.0958254 s
Time taken for 2-RDM build:        0.0958805 s
Time taken for 2-RDM build:        0.0960810 s
Time taken for 2-RDM build:        0.0962198 s
Time taken for 3-RDM build:        0.3788435 s
Time taken for 3-RDM build:        0.3781862 s
Time taken for 3-RDM build:        0.3791165 s
Time taken for 3-RDM build:        0.3787334 s
Time taken for 3-RDM build:        0.3791060 s
Time taken for 3-RDM build:        0.3781595 s
Time taken for 3-RDM build:        0.3786004 s
Time taken for 3-RDM build:        0.3783085 s
Time taken for 3-RDM build:        0.3784056 s
Time taken for 3-RDM build:        0.3782144 s
Time taken for 3-RDM build:        0.3787825 s
Time taken for 3-RDM build:        0.3784752 s
Time taken for 3-RDM build:        0.3790033 s
Time taken for 3-RDM build:        0.3783946 s
E_frzc:                            0.0000000 Eh
E_cas:                            -6.3636403 Eh
E_nuc:                       -335.1272672-0.0000000j Eh
E_casci:                     -341.4410664-0.0000000j Eh
E0 (from RDM):                  -341.4410664 Eh
Ecorr:                            -0.2138107 Eh

Timing summary
... Hamil build:                    0.0751112 s
... Hamil diag:                     0.0024693 s
... RDM build:                     12.9871824 s
State     Energy / Eh         Splitting / Eh      Splitting / cm-1    Splitting / meV     
0         -3.4149091e+02      +0.0000000e+00      +0.0000000e+00      +0.0000000e+00      
1         -3.4149091e+02      +3.2849812e-10      +7.2097003e-05      +8.9388933e-06      
2         -3.4149091e+02      +3.2838443e-10      +7.2072051e-05      +8.9357998e-06      
3         -3.4149091e+02      +3.2792968e-10      +7.1972246e-05      +8.9234255e-06      
4         -3.4142117e+02      +6.9735531e-02      +1.5305180e+04      +1.8976014e+03      
5         -3.4142117e+02      +1.5667752e-09      +3.4386740e-04      +4.2634144e-05      
6         -3.4142117e+02      +1.3034196e-09      +2.8606753e-04      +3.5467871e-05      
7         -3.4142117e+02      +1.7383286e-09      +3.8151902e-04      +4.7302353e-05      
8         -3.4142110e+02      +6.9890622e-05      +1.5339218e+01      +1.9018216e+00      
9         -3.4142110e+02      +9.2740038e-10      +2.0354085e-04      +2.5235862e-05      
10        -3.4142110e+02      +9.6150643e-10      +2.1102627e-04      +2.6163935e-05      
11        -3.4142110e+02      +7.5050366e-10      +1.6471651e-04      +2.0422255e-05      
12        -3.4142110e+02      +9.6383701e-10      +2.1153777e-04      +2.6227353e-05      
13        -3.4142110e+02      +1.9558115e-09      +4.2925101e-04      +5.3220367e-05      
Total time taken:                  13.5398493 s
===============================================

===============================================
            Relativistic DSRG-MRPT2            
===============================================
-----------------------------------------------
        DSRG-MRPT2 reference relaxation        
-----------------------------------------------
Iter                          Energy              Delta E   
   -Eref  -341.4410664       
   -Ecorr -0.0933348       
<Psi^(0)|Hbar^(0)|Psi^(0)>    -341.5344012        -3.41534e+02
   -Erelax-0.0000013       
<Psi^(0)|Hbar^(1)|Psi^(0)>    -341.5344026        -1.33025e-06
   -Eref  -341.4410654       
   -Ecorr -0.0933379       
<Psi^(1)|Hbar^(1)|Psi^(1)>    -341.5344033        -7.59146e-07
   -Erelax-0.0000000       
<Psi^(1)|Hbar^(2)|Psi^(1)>    -341.5344033        -1.87504e-09
   -Eref  -341.4410654       
   -Ecorr -0.0933378       
<Psi^(2)|Hbar^(2)|Psi^(2)>    -341.5344033        2.89173e-08
   -Erelax-0.0000000       
<Psi^(2)|Hbar^(3)|Psi^(2)>    -341.5344033        -3.52429e-12
   -Eref  -341.4410654       
   -Ecorr -0.0933379       
<Psi^(3)|Hbar^(3)|Psi^(3)>    -341.5344033        -1.25692e-09
   -Erelax-0.0000000       
<Psi^(3)|Hbar^(4)|Psi^(3)>    -341.5344033        0.00000e+00
Unrelaxed DSRG-MRPT2 energy:              -341.5344012 Eh
Unrelaxed DSRG-MRPT2 E_corr:                -0.0933348 Eh
Partially relaxed DSRG-MRPT2 energy:      -341.5344026 Eh
Partially relaxed DSRG-MRPT2 E_corr:        -0.0933361 Eh
Relaxed DSRG-MRPT2 energy:                -341.5344033 Eh
Relaxed DSRG-MRPT2 E_corr:                  -0.0933379 Eh
Fully relaxed DSRG-MRPT2 energy:          -341.5344033 Eh
Fully relaxed DSRG-MRPT2 E_corr:            -0.0933379 Eh
State     Energy / Eh         Splitting / Eh      Splitting / cm-1    Splitting / meV     
0         -3.4157604e+02      +0.0000000e+00      +0.0000000e+00      +0.0000000e+00      
1         -3.4157604e+02      +2.6312819e-10      +5.7749961e-05      +7.1600861e-06      
2         -3.4157604e+02      +2.6301450e-10      +5.7725010e-05      +7.1569925e-06      
3         -3.4157604e+02      +2.6301450e-10      +5.7725010e-05      +7.1569925e-06      
4         -3.4151779e+02      +5.8247012e-02      +1.2783741e+04      +1.5849827e+03      
5         -3.4151779e+02      +4.3343107e-10      +9.5127123e-05      +1.1794266e-05      
6         -3.4151779e+02      +3.3782044e-10      +7.4143016e-05      +9.1925667e-06      
7         -3.4151779e+02      +4.8885340e-10      +1.0729092e-04      +1.3302385e-05      
8         -3.4151772e+02      +6.9147202e-05      +1.5176056e+01      +1.8815921e+00      
9         -3.4151772e+02      +2.9001512e-10      +6.3650962e-05      +7.8917172e-06      
10        -3.4151772e+02      +2.4215296e-10      +5.3146432e-05      +6.5893209e-06      
11        -3.4151772e+02      +1.8314950e-10      +4.0196668e-05      +4.9837540e-06      
12        -3.4151772e+02      +2.9723424e-10      +6.5235374e-05      +8.0881594e-06      
13        -3.4151772e+02      +5.3563554e-10      +1.1755841e-04      +1.4575392e-05      
Time taken:                       86.4147820 s
===============================================
===============================================
              PySCF DHF interface              
===============================================
Will now allocate 0.320 MB disk space for the frozen core ERI tensor!
Will now allocate 74.650 MB disk space for the aacc and acca ERI tensor!
Will now allocate 4.354 GB disk space for the AO ERI tensor!

Timing report
....integral retrieval:            2.6250811 s
....integral transformation:       9.5896947 s

===============================================
            Relativistic CASCI(6,8)            
===============================================
Will now allocate 0.013 MB memory for the CASCI Hamiltonian!
Time taken for 1-RDM build:        0.0103889 s
Time taken for 1-RDM build:        0.0103524 s
Time taken for 1-RDM build:        0.0103915 s
Time taken for 1-RDM build:        0.0104439 s
Time taken for 1-RDM build:        0.0104291 s
Time taken for 1-RDM build:        0.0104120 s
Time taken for 1-RDM build:        0.0104053 s
Time taken for 1-RDM build:        0.0104146 s
Time taken for 1-RDM build:        0.0104084 s
Time taken for 2-RDM build:        0.0311491 s
Time taken for 2-RDM build:        0.0311217 s
Time taken for 2-RDM build:        0.0310864 s
Time taken for 2-RDM build:        0.0310869 s
Time taken for 2-RDM build:        0.0310674 s
Time taken for 2-RDM build:        0.0310850 s
Time taken for 2-RDM build:        0.0310917 s
Time taken for 2-RDM build:        0.0310884 s
Time taken for 2-RDM build:        0.0311258 s
Time taken for 3-RDM build:        0.1587477 s
Time taken for 3-RDM build:        0.1581299 s
Time taken for 3-RDM build:        0.1583776 s
Time taken for 3-RDM build:        0.1580920 s
Time taken for 3-RDM build:        0.1587410 s
Time taken for 3-RDM build:        0.1581364 s
Time taken for 3-RDM build:        0.1584492 s
Time taken for 3-RDM build:        0.1581833 s
Time taken for 3-RDM build:        0.1580660 s
E_frzc:                            0.0000000 Eh
E_cas:                            -9.9659359 Eh
E_nuc:                       -388.5675376-0.0000000j Eh
E_casci:                     -398.5325748-0.0000000j Eh
E0 (from RDM):                  -398.5325748 Eh
Ecorr:                            -0.1603097 Eh

Timing summary
... Hamil build:                    0.0291224 s
... Hamil diag:                     0.0006855 s
... RDM build:                      7.7577693 s
State     Energy / Eh         Splitting / Eh      Splitting / cm-1    Splitting / meV     
0         -3.9853347e+02      +0.0000000e+00      +0.0000000e+00      +0.0000000e+00      
1         -3.9853347e+02      +5.6296585e-09      +1.2355672e-03      +1.5319088e-04      
2         -3.9853347e+02      +5.9783360e-09      +1.3120931e-03      +1.6267889e-04      
3         -3.9853347e+02      +5.6479053e-09      +1.2395719e-03      +1.5368740e-04      
4         -3.9853347e+02      +5.6580234e-09      +1.2417926e-03      +1.5396273e-04      
5         -3.9853166e+02      +1.8163270e-03      +3.9863770e+02      +4.9424800e+01      
6         -3.9853166e+02      +3.5533390e-09      +7.7986775e-04      +9.6691324e-05      
7         -3.9853166e+02      +3.5755079e-09      +7.8473327e-04      +9.7294572e-05      
8         -3.9853083e+02      +8.2294816e-04      +1.8061624e+02      +2.2393571e+01      
Total time taken:                   8.2624452 s
===============================================

===============================================
            Relativistic DSRG-MRPT2            
===============================================
-----------------------------------------------
        DSRG-MRPT2 reference relaxation        
-----------------------------------------------
Iter                          Energy              Delta E   
   -Eref  -398.5325748       
   -Ecorr -0.1341323       
<Psi^(0)|Hbar^(0)|Psi^(0)>    -398.6667072        -3.98667e+02
   -Erelax-0.0000002       
<Psi^(0)|Hbar^(1)|Psi^(0)>    -398.6667074        -2.09076e-07
   -Eref  -398.5325746       
   -Ecorr -0.1341326       
<Psi^(1)|Hbar^(1)|Psi^(1)>    -398.6667073        6.99380e-08
   -Erelax-0.0000000       
<Psi^(1)|Hbar^(2)|Psi^(1)>    -398.6667073        -9.65713e-10
   -Eref  -398.5325747       
   -Ecorr -0.1341327       
<Psi^(2)|Hbar^(2)|Psi^(2)>    -398.6667073        -1.41612e-08
   -Erelax-0.0000000       
<Psi^(2)|Hbar^(3)|Psi^(2)>    -398.6667073        -1.67120e-11
   -Eref  -398.5325747       
   -Ecorr -0.1341327       
<Psi^(3)|Hbar^(3)|Psi^(3)>    -398.6667073        1.88680e-09
   -Erelax-0.0000000       
<Psi^(3)|Hbar^(4)|Psi^(3)>    -398.6667073        -2.84217e-13
Unrelaxed DSRG-MRPT2 energy:              -398.6667072 Eh
Unrelaxed DSRG-MRPT2 E_corr:                -0.1341323 Eh
Partially relaxed DSRG-MRPT2 energy:      -398.6667074 Eh
Partially relaxed DSRG-MRPT2 E_corr:        -0.1341325 Eh
Relaxed DSRG-MRPT2 energy:                -398.6667073 Eh
Relaxed DSRG-MRPT2 E_corr:                  -0.1341326 Eh
Fully relaxed DSRG-MRPT2 energy:          -398.6667073 Eh
Fully relaxed DSRG-MRPT2 E_corr:            -0.1341327 Eh
State     Energy / Eh         Splitting / Eh      Splitting / cm-1    Splitting / meV     
0         -3.9866749e+02      +0.0000000e+00      +0.0000000e+00      +0.0000000e+00      
1         -3.9866749e+02      +1.6671038e-09      +3.6588699e-04      +4.5364226e-05      
2         -3.9866749e+02      +7.0656370e-10      +1.5507281e-04      +1.9226587e-05      
3         -3.9866749e+02      +6.3641892e-10      +1.3967781e-04      +1.7317849e-05      
4         -3.9866749e+02      +1.3957333e-09      +3.0632805e-04      +3.7979856e-05      
5         -3.9866591e+02      +1.5847488e-03      +3.4781215e+02      +4.3123232e+01      
6         -3.9866591e+02      +5.1227289e-10      +1.1243090e-04      +1.3939662e-05      
7         -3.9866591e+02      +7.1884187e-10      +1.5776755e-04      +1.9560693e-05      
8         -3.9866518e+02      +7.2478722e-04      +1.5907241e+02      +1.9722474e+01      
Time taken:                       71.3231573 s
===============================================
===============================================
              PySCF DHF interface              
===============================================
Will now allocate 0.320 MB disk space for the frozen core ERI tensor!
Will now allocate 74.650 MB disk space for the aacc and acca ERI tensor!
Will now allocate 4.354 GB disk space for the AO ERI tensor!

Timing report
....integral retrieval:            2.6963201 s
....integral transformation:       9.9431648 s

===============================================
            Relativistic CASCI(7,8)            
===============================================
Will now allocate 0.001 MB memory for the CASCI Hamiltonian!
Time taken for 1-RDM build:        0.0015571 s
Time taken for 1-RDM build:        0.0015538 s
Time taken for 1-RDM build:        0.0015471 s
Time taken for 1-RDM build:        0.0015471 s
Time taken for 1-RDM build:        0.0015435 s
Time taken for 1-RDM build:        0.0015450 s
Time taken for 2-RDM build:        0.0032415 s
Time taken for 2-RDM build:        0.0031691 s
Time taken for 2-RDM build:        0.0031703 s
Time taken for 2-RDM build:        0.0031621 s
Time taken for 2-RDM build:        0.0031676 s
Time taken for 2-RDM build:        0.0031672 s
Time taken for 3-RDM build:        0.0286558 s
Time taken for 3-RDM build:        0.0284548 s
Time taken for 3-RDM build:        0.0284495 s
Time taken for 3-RDM build:        0.0283384 s
Time taken for 3-RDM build:        0.0283711 s
Time taken for 3-RDM build:        0.0283227 s
E_frzc:                            0.0000000 Eh
E_cas:                           -14.7582517 Eh
E_nuc:                       -446.0682972-0.0000000j Eh
E_casci:                     -460.8252020-0.0000000j Eh
E0 (from RDM):                  -460.8252020 Eh
Ecorr:                             0.0013470 Eh

Timing summary
... Hamil build:                    0.0049305 s
... Hamil diag:                     0.0002112 s
... RDM build:                      6.0628872 s
State     Energy / Eh         Splitting / Eh      Splitting / cm-1    Splitting / meV     
0         -4.6082655e+02      +0.0000000e+00      +0.0000000e+00      +0.0000000e+00      
1         -4.6082655e+02      +1.2022326e-08      +2.6385956e-03      +3.2714432e-04      
2         -4.6082655e+02      +5.7600573e-09      +1.2641864e-03      +1.5673922e-04      
3         -4.6082655e+02      +1.1622035e-08      +2.5507418e-03      +3.1625183e-04      
4         -4.6082251e+02      +4.0408198e-03      +8.8685742e+02      +1.0995636e+02      
5         -4.6082251e+02      +2.0031848e-08      +4.3964825e-03      +5.4509461e-04      
Total time taken:                   6.5430677 s
===============================================

===============================================
            Relativistic DSRG-MRPT2            
===============================================
-----------------------------------------------
        DSRG-MRPT2 reference relaxation        
-----------------------------------------------
Iter                          Energy              Delta E   
   -Eref  -460.8252020       
   -Ecorr -0.1762298       
<Psi^(0)|Hbar^(0)|Psi^(0)>    -461.0014318        -4.61001e+02
   -Erelax-0.0000000       
<Psi^(0)|Hbar^(1)|Psi^(0)>    -461.0014318        0.00000e+00
   -Eref  -460.8252020       
   -Ecorr -0.1762298       
<Psi^(1)|Hbar^(1)|Psi^(1)>    -461.0014318        5.68434e-14
   -Erelax-0.0000000       
<Psi^(1)|Hbar^(2)|Psi^(1)>    -461.0014318        0.00000e+00
Unrelaxed DSRG-MRPT2 energy:              -461.0014318 Eh
Unrelaxed DSRG-MRPT2 E_corr:                -0.1762298 Eh
Partially relaxed DSRG-MRPT2 energy:      -461.0014318 Eh
Partially relaxed DSRG-MRPT2 E_corr:        -0.1762298 Eh
Relaxed DSRG-MRPT2 energy:                -461.0014318 Eh
Relaxed DSRG-MRPT2 E_corr:                  -0.1762298 Eh
Fully relaxed DSRG-MRPT2 energy:          -461.0014318 Eh
Fully relaxed DSRG-MRPT2 E_corr:            -0.1762298 Eh
State     Energy / Eh         Splitting / Eh      Splitting / cm-1    Splitting / meV     
0         -4.6100275e+02      +0.0000000e+00      +0.0000000e+00      +0.0000000e+00      
1         -4.6100275e+02      +2.0941684e-09      +4.5961683e-04      +5.6985252e-05      
2         -4.6100275e+02      +1.7440129e-09      +3.8276659e-04      +4.7457032e-05      
3         -4.6100275e+02      +1.8648052e-09      +4.0927743e-04      +5.0743958e-05      
4         -4.6099879e+02      +3.9671862e-03      +8.7069672e+02      +1.0795269e+02      
5         -4.6099879e+02      +3.6200731e-09      +7.9451421e-04      +9.8507254e-05      
Time taken:                       25.8796701 s
===============================================
===============================================
              PySCF DHF interface              
===============================================
Will now allocate 19.669 MB disk space for the frozen core ERI tensor!
Will now allocate 1.888 GB disk space for the aacc and acca ERI tensor!
Will now allocate 45.327 GB disk space for the AO ERI tensor!

Timing report
....integral retrieval:           31.9118340 s
....integral transformation:     105.4755375 s

===============================================
            Relativistic CASCI(3,8)            
===============================================
Will now allocate 0.050 MB memory for the CASCI Hamiltonian!
Time taken for 1-RDM build:        0.0264611 s
Time taken for 1-RDM build:        0.0263653 s
Time taken for 1-RDM build:        0.0262673 s
Time taken for 1-RDM build:        0.0262139 s
Time taken for 1-RDM build:        0.0262692 s
Time taken for 1-RDM build:        0.0262082 s
Time taken for 2-RDM build:        0.0909870 s
Time taken for 2-RDM build:        0.0910296 s
Time taken for 2-RDM build:        0.0912519 s
Time taken for 2-RDM build:        0.0909820 s
Time taken for 2-RDM build:        0.0912147 s
Time taken for 2-RDM build:        0.0910640 s
Time taken for 3-RDM build:        0.2017314 s
Time taken for 3-RDM build:        0.2012827 s
Time taken for 3-RDM build:        0.2018065 s
Time taken for 3-RDM build:        0.2013233 s
Time taken for 3-RDM build:        0.2016141 s
Time taken for 3-RDM build:        0.2013695 s
E_frzc:                            0.0000000 Eh
E_cas:                            -2.0100161 Eh
E_nuc:                       -1939.7138290-0.0000000j Eh
E_casci:                     -1941.7217616-0.0000000j Eh
E0 (from RDM):                 -1941.7217616 Eh
Ecorr:                            -0.1944870 Eh

Timing summary
... Hamil build:                    0.0621221 s
... Hamil diag:                     0.0033228 s
... RDM build:                    234.7692857 s
State     Energy / Eh         Splitting / Eh      Splitting / cm-1    Splitting / meV     
0         -1.9417238e+03      +0.0000000e+00      +0.0000000e+00      +0.0000000e+00      
1         -1.9417238e+03      +1.0702479e-09      +2.3489226e-04      +2.9122942e-05      
2         -1.9417207e+03      +3.1252750e-03      +6.8591858e+02      +8.5043106e+01      
3         -1.9417207e+03      +1.1004886e-09      +2.4152933e-04      +2.9945834e-05      
4         -1.9417207e+03      +9.5178621e-10      +2.0889293e-04      +2.5899434e-05      
5         -1.9417207e+03      +6.4619599e-10      +1.4182362e-04      +1.7583897e-05      
Total time taken:                 239.4865558 s
===============================================

===============================================
            Relativistic DSRG-MRPT2            
===============================================
-----------------------------------------------
        DSRG-MRPT2 reference relaxation        
-----------------------------------------------
Iter                          Energy              Delta E   
   -Eref  -1941.7217616       
   -Ecorr -0.0218465       
<Psi^(0)|Hbar^(0)|Psi^(0)>    -1941.7436081       -1.94174e+03
   -Erelax-0.0001759       
<Psi^(0)|Hbar^(1)|Psi^(0)>    -1941.7437840       -1.75850e-04
   -Eref  -1941.7215871       
   -Ecorr -0.0221562       
<Psi^(1)|Hbar^(1)|Psi^(1)>    -1941.7437433       4.06960e-05
   -Erelax-0.0000000       
<Psi^(1)|Hbar^(2)|Psi^(1)>    -1941.7437433       -2.95586e-12
   -Eref  -1941.7215871       
   -Ecorr -0.0221562       
<Psi^(2)|Hbar^(2)|Psi^(2)>    -1941.7437433       -4.57931e-10
   -Erelax-0.0000000       
<Psi^(2)|Hbar^(3)|Psi^(2)>    -1941.7437433       0.00000e+00
Unrelaxed DSRG-MRPT2 energy:             -1941.7436081 Eh
Unrelaxed DSRG-MRPT2 E_corr:                -0.0218465 Eh
Partially relaxed DSRG-MRPT2 energy:     -1941.7437840 Eh
Partially relaxed DSRG-MRPT2 E_corr:        -0.0220224 Eh
Relaxed DSRG-MRPT2 energy:               -1941.7437433 Eh
Relaxed DSRG-MRPT2 E_corr:                  -0.0221562 Eh
Fully relaxed DSRG-MRPT2 energy:         -1941.7437433 Eh
Fully relaxed DSRG-MRPT2 E_corr:            -0.0221562 Eh
State     Energy / Eh         Splitting / Eh      Splitting / cm-1    Splitting / meV     
0         -1.9417460e+03      +0.0000000e+00      +0.0000000e+00      +0.0000000e+00      
1         -1.9417460e+03      +6.3505468e-10      +1.3937839e-04      +1.7280726e-05      
2         -1.9417426e+03      +3.4016613e-03      +7.4657835e+02      +9.2563962e+01      
3         -1.9417426e+03      +6.4278538e-10      +1.4107508e-04      +1.7491089e-05      
4         -1.9417426e+03      +5.9253580e-10      +1.3004658e-04      +1.6123728e-05      
5         -1.9417426e+03      +3.9790393e-10      +8.7329818e-05      +1.0827523e-05      
Time taken:                     1174.0722206 s
===============================================
===============================================
              PySCF DHF interface              
===============================================
Will now allocate 19.669 MB disk space for the frozen core ERI tensor!
Will now allocate 1.888 GB disk space for the aacc and acca ERI tensor!
Will now allocate 45.327 GB disk space for the AO ERI tensor!

Timing report
....integral retrieval:           31.9329667 s
....integral transformation:     129.4425380 s

===============================================
            Relativistic CASCI(4,8)            
===============================================
Will now allocate 0.078 MB memory for the CASCI Hamiltonian!
Time taken for 1-RDM build:        0.0353968 s
Time taken for 1-RDM build:        0.0353515 s
Time taken for 1-RDM build:        0.0353193 s
Time taken for 1-RDM build:        0.0353296 s
Time taken for 1-RDM build:        0.0348327 s
Time taken for 1-RDM build:        0.0318539 s
Time taken for 1-RDM build:        0.0311162 s
Time taken for 1-RDM build:        0.0311117 s
Time taken for 1-RDM build:        0.0311215 s
Time taken for 2-RDM build:        0.1348510 s
Time taken for 2-RDM build:        0.1345139 s
Time taken for 2-RDM build:        0.1348214 s
Time taken for 2-RDM build:        0.1347876 s
Time taken for 2-RDM build:        0.1345658 s
Time taken for 2-RDM build:        0.1343045 s
Time taken for 2-RDM build:        0.1345928 s
Time taken for 2-RDM build:        0.1343415 s
Time taken for 2-RDM build:        0.1346250 s
Time taken for 3-RDM build:        0.4189484 s
Time taken for 3-RDM build:        0.4180202 s
Time taken for 3-RDM build:        0.4183528 s
Time taken for 3-RDM build:        0.4191587 s
Time taken for 3-RDM build:        0.4196091 s
Time taken for 3-RDM build:        0.4204969 s
Time taken for 3-RDM build:        0.4195552 s
Time taken for 3-RDM build:        0.4193652 s
Time taken for 3-RDM build:        0.4189351 s
E_frzc:                            0.0000000 Eh
E_cas:                            -3.6862998 Eh
E_nuc:                       -2092.8592106-0.0000000j Eh
E_casci:                     -2096.5413860-0.0000000j Eh
E0 (from RDM):                 -2096.5413860 Eh
Ecorr:                            -0.2153364 Eh

Timing summary
... Hamil build:                    0.0949547 s
... Hamil diag:                     0.0044491 s
... RDM build:                     88.3844740 s
State     Energy / Eh         Splitting / Eh      Splitting / cm-1    Splitting / meV     
0         -2.0965455e+03      +0.0000000e+00      +0.0000000e+00      +0.0000000e+00      
1         -2.0965432e+03      +2.3344184e-03      +5.1234561e+02      +6.3522789e+01      
2         -2.0965432e+03      +6.4164851e-10      +1.4082557e-04      +1.7460154e-05      
3         -2.0965432e+03      +5.3205440e-10      +1.1677244e-04      +1.4477945e-05      
4         -2.0965395e+03      +3.6890520e-03      +8.0965333e+02      +1.0038427e+02      
5         -2.0965395e+03      +9.3723429e-10      +2.0569915e-04      +2.5503456e-05      
6         -2.0965395e+03      +1.0586518e-09      +2.3234722e-04      +2.8807397e-05      
7         -2.0965395e+03      +1.1709744e-09      +2.5699918e-04      +3.1863852e-05      
8         -2.0965395e+03      +1.0372787e-09      +2.2765636e-04      +2.8225805e-05      
Total time taken:                  93.1472158 s
===============================================

===============================================
            Relativistic DSRG-MRPT2            
===============================================
-----------------------------------------------
        DSRG-MRPT2 reference relaxation        
-----------------------------------------------
Iter                          Energy              Delta E   
   -Eref  -2096.5413860       
   -Ecorr -0.0446938       
<Psi^(0)|Hbar^(0)|Psi^(0)>    -2096.5860798       -2.09659e+03
   -Erelax-0.0000638       
<Psi^(0)|Hbar^(1)|Psi^(0)>    -2096.5861436       -6.37802e-05
   -Eref  -2096.5413206       
   -Ecorr -0.0448342       
<Psi^(1)|Hbar^(1)|Psi^(1)>    -2096.5861549       -1.13012e-05
   -Erelax-0.0000000       
<Psi^(1)|Hbar^(2)|Psi^(1)>    -2096.5861549       -5.88579e-09
   -Eref  -2096.5413202       
   -Ecorr -0.0448345       
<Psi^(2)|Hbar^(2)|Psi^(2)>    -2096.5861548       1.08414e-07
   -Erelax-0.0000000       
<Psi^(2)|Hbar^(3)|Psi^(2)>    -2096.5861548       -5.00222e-12
   -Eref  -2096.5413202       
   -Ecorr -0.0448345       
<Psi^(3)|Hbar^(3)|Psi^(3)>    -2096.5861548       2.72576e-09
   -Erelax-0.0000000       
<Psi^(3)|Hbar^(4)|Psi^(3)>    -2096.5861548       0.00000e+00
Unrelaxed DSRG-MRPT2 energy:             -2096.5860798 Eh
Unrelaxed DSRG-MRPT2 E_corr:                -0.0446938 Eh
Partially relaxed DSRG-MRPT2 energy:     -2096.5861436 Eh
Partially relaxed DSRG-MRPT2 E_corr:        -0.0447576 Eh
Relaxed DSRG-MRPT2 energy:               -2096.5861549 Eh
Relaxed DSRG-MRPT2 E_corr:                  -0.0448342 Eh
Fully relaxed DSRG-MRPT2 energy:         -2096.5861548 Eh
Fully relaxed DSRG-MRPT2 E_corr:            -0.0448345 Eh
State     Energy / Eh         Splitting / Eh      Splitting / cm-1    Splitting / meV     
0         -2.0965905e+03      +0.0000000e+00      +0.0000000e+00      +0.0000000e+00      
1         -2.0965880e+03      +2.4712238e-03      +5.4237092e+02      +6.7245456e+01      
2         -2.0965880e+03      +2.6739144e-10      +5.8685638e-05      +7.2760952e-06      
3         -2.0965880e+03      +2.0418156e-10      +4.4812672e-05      +5.5560659e-06      
4         -2.0965842e+03      +3.8346385e-03      +8.4160586e+02      +1.0434588e+02      
5         -2.0965842e+03      +4.0427039e-10      +8.8727095e-05      +1.1000763e-05      
6         -2.0965842e+03      +4.3564796e-10      +9.5613675e-05      +1.1854591e-05      
7         -2.0965842e+03      +4.7157300e-10      +1.0349831e-04      +1.2832161e-05      
8         -2.0965842e+03      +4.4155968e-10      +9.6911147e-05      +1.2015457e-05      
Time taken:                     1358.4330127 s
===============================================
===============================================
              PySCF DHF interface              
===============================================
Will now allocate 19.669 MB disk space for the frozen core ERI tensor!
Will now allocate 1.888 GB disk space for the aacc and acca ERI tensor!
Will now allocate 45.327 GB disk space for the AO ERI tensor!

Timing report
....integral retrieval:           31.9185891 s
....integral transformation:     108.6867752 s

===============================================
            Relativistic CASCI(5,8)            
===============================================
Will now allocate 0.050 MB memory for the CASCI Hamiltonian!
Time taken for 1-RDM build:        0.0264578 s
Time taken for 1-RDM build:        0.0265038 s
Time taken for 1-RDM build:        0.0263734 s
Time taken for 1-RDM build:        0.0264344 s
Time taken for 1-RDM build:        0.0264030 s
Time taken for 1-RDM build:        0.0264475 s
Time taken for 1-RDM build:        0.0255101 s
Time taken for 1-RDM build:        0.0238402 s
Time taken for 1-RDM build:        0.0232117 s
Time taken for 1-RDM build:        0.0232399 s
Time taken for 1-RDM build:        0.0232544 s
Time taken for 1-RDM build:        0.0232494 s
Time taken for 1-RDM build:        0.0234118 s
Time taken for 1-RDM build:        0.0232131 s
Time taken for 2-RDM build:        0.0964537 s
Time taken for 2-RDM build:        0.0967450 s
Time taken for 2-RDM build:        0.0967422 s
Time taken for 2-RDM build:        0.0963922 s
Time taken for 2-RDM build:        0.0963182 s
Time taken for 2-RDM build:        0.0963376 s
Time taken for 2-RDM build:        0.0962510 s
Time taken for 2-RDM build:        0.0963738 s
Time taken for 2-RDM build:        0.0963678 s
Time taken for 2-RDM build:        0.0961838 s
Time taken for 2-RDM build:        0.0961707 s
Time taken for 2-RDM build:        0.0962794 s
Time taken for 2-RDM build:        0.0963554 s
Time taken for 2-RDM build:        0.0961256 s
Time taken for 3-RDM build:        0.3784468 s
Time taken for 3-RDM build:        0.3784392 s
Time taken for 3-RDM build:        0.3783352 s
Time taken for 3-RDM build:        0.3782620 s
Time taken for 3-RDM build:        0.3787553 s
Time taken for 3-RDM build:        0.3785810 s
Time taken for 3-RDM build:        0.3787446 s
Time taken for 3-RDM build:        0.3790383 s
Time taken for 3-RDM build:        0.3786652 s
Time taken for 3-RDM build:        0.3786352 s
Time taken for 3-RDM build:        0.3787358 s
Time taken for 3-RDM build:        0.3786936 s
Time taken for 3-RDM build:        0.3784182 s
Time taken for 3-RDM build:        0.3781705 s
E_frzc:                            0.0000000 Eh
E_cas:                            -6.0718308 Eh
E_nuc:                       -2252.3726240-0.0000000j Eh
E_casci:                     -2258.3972569-0.0000000j Eh
E0 (from RDM):                 -2258.3972569 Eh
Ecorr:                            -0.0178409 Eh

Timing summary
... Hamil build:                    0.0739663 s
... Hamil diag:                     0.0024672 s
... RDM build:                     86.2235610 s
State     Energy / Eh         Splitting / Eh      Splitting / cm-1    Splitting / meV     
0         -2.2584445e+03      +0.0000000e+00      +0.0000000e+00      +0.0000000e+00      
1         -2.2584445e+03      +5.2432370e-10      +1.1507575e-04      +1.4267581e-05      
2         -2.2584445e+03      +5.2705218e-10      +1.1567458e-04      +1.4341827e-05      
3         -2.2584445e+03      +5.1386451e-10      +1.1278022e-04      +1.3982972e-05      
4         -2.2583793e+03      +6.5107933e-02      +1.4289540e+04      +1.7716780e+03      
5         -2.2583793e+03      +9.2904884e-10      +2.0390265e-04      +2.5280719e-05      
6         -2.2583793e+03      +1.1159500e-09      +2.4492271e-04      +3.0366561e-05      
7         -2.2583793e+03      +5.1250026e-10      +1.1248081e-04      +1.3945849e-05      
8         -2.2583777e+03      +1.6153755e-03      +3.5453394e+02      +4.3956628e+01      
9         -2.2583777e+03      +7.5033313e-10      +1.6467909e-04      +2.0417614e-05      
10        -2.2583777e+03      +4.8839865e-10      +1.0719111e-04      +1.3290011e-05      
11        -2.2583777e+03      +1.4611032e-09      +3.2067509e-04      +3.9758663e-05      
12        -2.2583777e+03      +1.6329977e-09      +3.5840157e-04      +4.4436153e-05      
13        -2.2583777e+03      +6.3982952e-10      +1.4042635e-04      +1.7410656e-05      
Total time taken:                  90.9511070 s
===============================================

===============================================
            Relativistic DSRG-MRPT2            
===============================================
-----------------------------------------------
        DSRG-MRPT2 reference relaxation        
-----------------------------------------------
Iter                          Energy              Delta E   
   -Eref  -2258.3972569       
   -Ecorr -0.0798678       
<Psi^(0)|Hbar^(0)|Psi^(0)>    -2258.4771247       -2.25848e+03
   -Erelax-0.0000166       
<Psi^(0)|Hbar^(1)|Psi^(0)>    -2258.4771412       -1.65670e-05
   -Eref  -2258.3972428       
   -Ecorr -0.0799064       
<Psi^(1)|Hbar^(1)|Psi^(1)>    -2258.4771492       -7.96421e-06
   -Erelax-0.0000000       
<Psi^(1)|Hbar^(2)|Psi^(1)>    -2258.4771492       -1.17097e-08
   -Eref  -2258.3972434       
   -Ecorr -0.0799056       
<Psi^(2)|Hbar^(2)|Psi^(2)>    -2258.4771490       2.29780e-07
   -Erelax-0.0000000       
<Psi^(2)|Hbar^(3)|Psi^(2)>    -2258.4771490       -1.22782e-11
   -Eref  -2258.3972434       
   -Ecorr -0.0799056       
<Psi^(3)|Hbar^(3)|Psi^(3)>    -2258.4771490       -7.48742e-09
   -Erelax-0.0000000       
<Psi^(3)|Hbar^(4)|Psi^(3)>    -2258.4771490       0.00000e+00
Unrelaxed DSRG-MRPT2 energy:             -2258.4771247 Eh
Unrelaxed DSRG-MRPT2 E_corr:                -0.0798678 Eh
Partially relaxed DSRG-MRPT2 energy:     -2258.4771412 Eh
Partially relaxed DSRG-MRPT2 E_corr:        -0.0798844 Eh
Relaxed DSRG-MRPT2 energy:               -2258.4771492 Eh
Relaxed DSRG-MRPT2 E_corr:                  -0.0799064 Eh
Fully relaxed DSRG-MRPT2 energy:         -2258.4771490 Eh
Fully relaxed DSRG-MRPT2 E_corr:            -0.0799056 Eh
State     Energy / Eh         Splitting / Eh      Splitting / cm-1    Splitting / meV     
0         -2.2585168e+03      +0.0000000e+00      +0.0000000e+00      +0.0000000e+00      
1         -2.2585168e+03      +3.9608494e-10      +8.6930596e-05      +1.0778025e-05      
2         -2.2585168e+03      +4.0017767e-10      +8.7828846e-05      +1.0889394e-05      
3         -2.2585168e+03      +3.9381121e-10      +8.6431569e-05      +1.0716154e-05      
4         -2.2584621e+03      +5.4768130e-02      +1.2020215e+04      +1.4903174e+03      
5         -2.2584621e+03      +2.4374458e-10      +5.3495752e-05      +6.6326310e-06      
6         -2.2584621e+03      +5.7616489e-10      +1.2645358e-04      +1.5678253e-05      
7         -2.2584621e+03      +1.8053470e-10      +3.9622786e-05      +4.9126017e-06      
8         -2.2584607e+03      +1.3544187e-03      +2.9726054e+02      +3.6855627e+01      
9         -2.2584607e+03      +2.5056579e-10      +5.4992834e-05      +6.8182457e-06      
10        -2.2584607e+03      +1.9463187e-10      +4.2716757e-05      +5.2962054e-06      
11        -2.2584607e+03      +4.0790837e-10      +8.9525539e-05      +1.1099758e-05      
12        -2.2584607e+03      +4.6748028e-10      +1.0260006e-04      +1.2720792e-05      
13        -2.2584607e+03      +1.5552359e-10      +3.4133483e-05      +4.2320146e-06      
Time taken:                      996.0935335 s
===============================================
===============================================
              PySCF DHF interface              
===============================================
Will now allocate 19.669 MB disk space for the frozen core ERI tensor!
Will now allocate 1.888 GB disk space for the aacc and acca ERI tensor!
Will now allocate 45.327 GB disk space for the AO ERI tensor!

Timing report
....integral retrieval:           31.9067852 s
....integral transformation:      98.4602301 s

===============================================
            Relativistic CASCI(6,8)            
===============================================
Will now allocate 0.013 MB memory for the CASCI Hamiltonian!
Time taken for 1-RDM build:        0.0104554 s
Time taken for 1-RDM build:        0.0104153 s
Time taken for 1-RDM build:        0.0103934 s
Time taken for 1-RDM build:        0.0104215 s
Time taken for 1-RDM build:        0.0104229 s
Time taken for 1-RDM build:        0.0104265 s
Time taken for 1-RDM build:        0.0104434 s
Time taken for 1-RDM build:        0.0104389 s
Time taken for 1-RDM build:        0.0104251 s
Time taken for 2-RDM build:        0.0312462 s
Time taken for 2-RDM build:        0.0311413 s
Time taken for 2-RDM build:        0.0312212 s
Time taken for 2-RDM build:        0.0310879 s
Time taken for 2-RDM build:        0.0310228 s
Time taken for 2-RDM build:        0.0310857 s
Time taken for 2-RDM build:        0.0311117 s
Time taken for 2-RDM build:        0.0310874 s
Time taken for 2-RDM build:        0.0310400 s
Time taken for 3-RDM build:        0.1610644 s
Time taken for 3-RDM build:        0.1607981 s
Time taken for 3-RDM build:        0.1608167 s
Time taken for 3-RDM build:        0.1606889 s
Time taken for 3-RDM build:        0.1606839 s
Time taken for 3-RDM build:        0.1606858 s
Time taken for 3-RDM build:        0.1606417 s
Time taken for 3-RDM build:        0.1609511 s
Time taken for 3-RDM build:        0.1610262 s
E_frzc:                            0.0000000 Eh
E_cas:                            -9.1774708 Eh
E_nuc:                       -2418.2608262-0.0000000j Eh
E_casci:                     -2427.4340589-0.0000000j Eh
E0 (from RDM):                 -2427.4340589 Eh
Ecorr:                            -0.1372548 Eh

Timing summary
... Hamil build:                    0.0288346 s
... Hamil diag:                     0.0095339 s
... RDM build:                     84.9007084 s
State     Energy / Eh         Splitting / Eh      Splitting / cm-1    Splitting / meV     
0         -2.4274383e+03      +0.0000000e+00      +0.0000000e+00      +0.0000000e+00      
1         -2.4274383e+03      +1.9413164e-09      +4.2606971e-04      +5.2825936e-05      
2         -2.4274383e+03      +8.9721652e-10      +1.9691626e-04      +2.4414517e-05      
3         -2.4274383e+03      +1.1737029e-09      +2.5759801e-04      +3.1938098e-05      
4         -2.4274383e+03      +1.8349056e-09      +4.0271522e-04      +4.9930347e-05      
5         -2.4274294e+03      +8.8831576e-03      +1.9496277e+03      +2.4172315e+02      
6         -2.4274294e+03      +4.1914063e-09      +9.1990735e-04      +1.1405403e-04      
7         -2.4274294e+03      +4.1027306e-09      +9.0044528e-04      +1.1164104e-04      
8         -2.4274268e+03      +2.6102260e-03      +5.7287839e+02      +7.1027902e+01      
Total time taken:                  89.6054180 s
===============================================

===============================================
            Relativistic DSRG-MRPT2            
===============================================
-----------------------------------------------
        DSRG-MRPT2 reference relaxation        
-----------------------------------------------
Iter                          Energy              Delta E   
   -Eref  -2427.4340589       
   -Ecorr -0.1119226       
<Psi^(0)|Hbar^(0)|Psi^(0)>    -2427.5459815       -2.42755e+03
   -Erelax-0.0000033       
<Psi^(0)|Hbar^(1)|Psi^(0)>    -2427.5459848       -3.32983e-06
   -Eref  -2427.4340556       
   -Ecorr -0.1119292       
<Psi^(1)|Hbar^(1)|Psi^(1)>    -2427.5459848       -4.99767e-08
   -Erelax-0.0000000       
<Psi^(1)|Hbar^(2)|Psi^(1)>    -2427.5459848       -2.07956e-09
   -Eref  -2427.4340557       
   -Ecorr -0.1119292       
<Psi^(2)|Hbar^(2)|Psi^(2)>    -2427.5459849       -5.77957e-08
   -Erelax-0.0000000       
<Psi^(2)|Hbar^(3)|Psi^(2)>    -2427.5459849       -1.54614e-11
   -Eref  -2427.4340557       
   -Ecorr -0.1119292       
<Psi^(3)|Hbar^(3)|Psi^(3)>    -2427.5459849       5.03815e-09
   -Erelax-0.0000000       
<Psi^(3)|Hbar^(4)|Psi^(3)>    -2427.5459849       0.00000e+00
Unrelaxed DSRG-MRPT2 energy:             -2427.5459815 Eh
Unrelaxed DSRG-MRPT2 E_corr:                -0.1119226 Eh
Partially relaxed DSRG-MRPT2 energy:     -2427.5459848 Eh
Partially relaxed DSRG-MRPT2 E_corr:        -0.1119259 Eh
Relaxed DSRG-MRPT2 energy:               -2427.5459848 Eh
Relaxed DSRG-MRPT2 E_corr:                  -0.1119292 Eh
Fully relaxed DSRG-MRPT2 energy:         -2427.5459849 Eh
Fully relaxed DSRG-MRPT2 E_corr:            -0.1119292 Eh
State     Energy / Eh         Splitting / Eh      Splitting / cm-1    Splitting / meV     
0         -2.4275498e+03      +0.0000000e+00      +0.0000000e+00      +0.0000000e+00      
1         -2.4275498e+03      +4.5565685e-10      +1.0000512e-04      +1.2399060e-05      
2         -2.4275498e+03      +4.7111826e-10      +1.0339850e-04      +1.2819787e-05      
3         -2.4275498e+03      +5.1113602e-10      +1.1218139e-04      +1.3908726e-05      
4         -2.4275498e+03      +3.9563020e-10      +8.6830791e-05      +1.0765651e-05      
5         -2.4275418e+03      +7.9951412e-03      +1.7547306e+03      +2.1755898e+02      
6         -2.4275418e+03      +1.1136763e-09      +2.4442369e-04      +3.0304689e-05      
7         -2.4275418e+03      +1.0459189e-09      +2.2955267e-04      +2.8460917e-05      
8         -2.4275393e+03      +2.5024775e-03      +5.4923031e+02      +6.8095913e+01      
Time taken:                     1654.1764951 s
===============================================
===============================================
              PySCF DHF interface              
===============================================
Will now allocate 19.669 MB disk space for the frozen core ERI tensor!
Will now allocate 1.888 GB disk space for the aacc and acca ERI tensor!
Will now allocate 45.327 GB disk space for the AO ERI tensor!

Timing report
....integral retrieval:           31.9269540 s
....integral transformation:     118.8091631 s

===============================================
            Relativistic CASCI(7,8)            
===============================================
Will now allocate 0.001 MB memory for the CASCI Hamiltonian!
Time taken for 1-RDM build:        0.0015817 s
Time taken for 1-RDM build:        0.0015759 s
Time taken for 1-RDM build:        0.0015690 s
Time taken for 1-RDM build:        0.0015683 s
Time taken for 1-RDM build:        0.0015740 s
Time taken for 1-RDM build:        0.0015678 s
Time taken for 2-RDM build:        0.0032787 s
Time taken for 2-RDM build:        0.0032008 s
Time taken for 2-RDM build:        0.0031965 s
Time taken for 2-RDM build:        0.0031958 s
Time taken for 2-RDM build:        0.0032101 s
Time taken for 2-RDM build:        0.0031891 s
Time taken for 3-RDM build:        0.0287466 s
Time taken for 3-RDM build:        0.0284519 s
Time taken for 3-RDM build:        0.0284469 s
Time taken for 3-RDM build:        0.0284488 s
Time taken for 3-RDM build:        0.0284867 s
Time taken for 3-RDM build:        0.0284312 s
E_frzc:                            0.0000000 Eh
E_cas:                           -13.1880855 Eh
E_nuc:                       -2590.5378304-0.0000000j Eh
E_casci:                     -2603.7203212-0.0000000j Eh
E0 (from RDM):                 -2603.7203212 Eh
Ecorr:                            -0.0318830 Eh

Timing summary
... Hamil build:                    0.0048838 s
... Hamil diag:                     0.0002275 s
... RDM build:                     81.4206588 s
State     Energy / Eh         Splitting / Eh      Splitting / cm-1    Splitting / meV     
0         -2.6037259e+03      +0.0000000e+00      +0.0000000e+00      +0.0000000e+00      
1         -2.6037259e+03      +9.2413757e-09      +2.0282475e-03      +2.5147076e-04      
2         -2.6037259e+03      +1.8784249e-08      +4.1226661e-03      +5.1114569e-04      
3         -2.6037259e+03      +9.8884811e-09      +2.1702707e-03      +2.6907941e-04      
4         -2.6037091e+03      +1.6783801e-02      +3.6836186e+03      +4.5671072e+02      
5         -2.6037091e+03      +7.4087438e-09      +1.6260313e-03      +2.0160228e-04      
Total time taken:                  86.0850739 s
===============================================

===============================================
            Relativistic DSRG-MRPT2            
===============================================
-----------------------------------------------
        DSRG-MRPT2 reference relaxation        
-----------------------------------------------
Iter                          Energy              Delta E   
   -Eref  -2603.7203212       
   -Ecorr -0.1468183       
<Psi^(0)|Hbar^(0)|Psi^(0)>    -2603.8671395       -2.60387e+03
   -Erelax-0.0000000       
<Psi^(0)|Hbar^(1)|Psi^(0)>    -2603.8671395       0.00000e+00
   -Eref  -2603.7203212       
   -Ecorr -0.1468183       
<Psi^(1)|Hbar^(1)|Psi^(1)>    -2603.8671395       0.00000e+00
   -Erelax0.0000000       
<Psi^(1)|Hbar^(2)|Psi^(1)>    -2603.8671395       0.00000e+00
Unrelaxed DSRG-MRPT2 energy:             -2603.8671395 Eh
Unrelaxed DSRG-MRPT2 E_corr:                -0.1468183 Eh
Partially relaxed DSRG-MRPT2 energy:     -2603.8671395 Eh
Partially relaxed DSRG-MRPT2 E_corr:        -0.1468183 Eh
Relaxed DSRG-MRPT2 energy:               -2603.8671395 Eh
Relaxed DSRG-MRPT2 E_corr:                  -0.1468183 Eh
Fully relaxed DSRG-MRPT2 energy:         -2603.8671395 Eh
Fully relaxed DSRG-MRPT2 E_corr:            -0.1468183 Eh
State     Energy / Eh         Splitting / Eh      Splitting / cm-1    Splitting / meV     
0         -2.6038726e+03      +0.0000000e+00      +0.0000000e+00      +0.0000000e+00      
1         -2.6038726e+03      +1.9640538e-09      +4.3105998e-04      +5.3444652e-05      
2         -2.6038726e+03      +3.8407961e-09      +8.4295731e-04      +1.0451344e-04      
3         -2.6038726e+03      +2.7603164e-09      +6.0581942e-04      +7.5112071e-05      
4         -2.6038563e+03      +1.6318993e-02      +3.5816049e+03      +4.4406263e+02      
5         -2.6038563e+03      +2.4760993e-09      +5.4344098e-04      +6.7378127e-05      
Time taken:                      282.3677430 s
===============================================
