NOW DOING s=0.66
===============================================
              PySCF DHF interface              
===============================================
Will now allocate 1.593 GB disk space for the AO ERI tensor!

Timing report
....integral retrieval:            0.7001739 s
....integral transformation:       3.6257420 s

===============================================
            Relativistic CASCI(3,8)            
===============================================
Will now allocate 0.050 MB memory for the CASCI Hamiltonian!
Time taken for 1-RDM build:        0.0298278 s
Time taken for 1-RDM build:        0.0297303 s
Time taken for 1-RDM build:        0.0297382 s
Time taken for 1-RDM build:        0.0296621 s
Time taken for 1-RDM build:        0.0278080 s
Time taken for 1-RDM build:        0.0254753 s
Time taken for 2-RDM build:        0.0905781 s
Time taken for 2-RDM build:        0.0899906 s
Time taken for 2-RDM build:        0.0900078 s
Time taken for 2-RDM build:        0.0900824 s
Time taken for 2-RDM build:        0.0900214 s
Time taken for 2-RDM build:        0.0902731 s
Time taken for 3-RDM build:        0.1996751 s
Time taken for 3-RDM build:        0.1995411 s
Time taken for 3-RDM build:        0.1993010 s
Time taken for 3-RDM build:        0.1993308 s
Time taken for 3-RDM build:        0.1995189 s
Time taken for 3-RDM build:        0.1989982 s
E_frzc:                          -21.9899228 Eh
E_cas:                            -2.5754278 Eh
E_nuc:                             0.0000000 Eh
E_casci:                         -24.5653104 Eh
E0 (from RDM):                   -24.5653104 Eh
Ecorr:                            -0.2764703 Eh

Timing summary
... Hamil build:                    0.0793393 s
... Hamil diag:                     0.0056198 s
... RDM build:                      4.8562791 s
State     Energy / Eh         Splitting / Eh      Splitting / cm-1    Splitting / meV     
0         -2.4565351e+01      +0.0000000e+00      +0.0000000e+00      +0.0000000e+00      
1         -2.4565351e+01      +1.6292176e-09      +3.5757194e-04      +4.4333292e-05      
2         -2.4565290e+01      +6.0370290e-05      +1.3249747e+01      +1.6427601e+00      
3         -2.4565290e+01      +8.2750162e-10      +1.8161561e-04      +2.2517477e-05      
4         -2.4565290e+01      +8.6880547e-10      +1.9068076e-04      +2.3641412e-05      
5         -2.4565290e+01      +1.8699744e-09      +4.1041194e-04      +5.0884619e-05      
Total time taken:                   5.1305161 s
===============================================

===============================================
            Relativistic DSRG-MRPT2            
===============================================
-----------------------------------------------
        DSRG-MRPT2 reference relaxation        
-----------------------------------------------
Iter                          Energy              Delta E   
   -Eref  -24.5653104       
   -Ecorr -0.0701552       
<Psi^(0)|Hbar^(0)|Psi^(0)>    -24.6354656         -2.46355e+01
   -Erelax-0.0002924       
<Psi^(0)|Hbar^(1)|Psi^(0)>    -24.6357580         -2.92383e-04
   -Eref  -24.5650059       
   -Ecorr -0.0706814       
<Psi^(1)|Hbar^(1)|Psi^(1)>    -24.6356873         7.06613e-05
   -Erelax-0.0000000       
<Psi^(1)|Hbar^(2)|Psi^(1)>    -24.6356873         -1.45568e-08
   -Eref  -24.5650102       
   -Ecorr -0.0706776       
<Psi^(2)|Hbar^(2)|Psi^(2)>    -24.6356878         -4.24650e-07
   -Erelax-0.0000000       
<Psi^(2)|Hbar^(3)|Psi^(2)>    -24.6356878         -7.06990e-13
   -Eref  -24.5650101       
   -Ecorr -0.0706776       
<Psi^(3)|Hbar^(3)|Psi^(3)>    -24.6356877         2.97454e-09
   -Erelax0.0000000       
<Psi^(3)|Hbar^(4)|Psi^(3)>    -24.6356877         3.55271e-15
Unrelaxed DSRG-MRPT2 energy:               -24.6354656 Eh
Unrelaxed DSRG-MRPT2 E_corr:                -0.0701552 Eh
Partially relaxed DSRG-MRPT2 energy:       -24.6357580 Eh
Partially relaxed DSRG-MRPT2 E_corr:        -0.0704476 Eh
Relaxed DSRG-MRPT2 energy:                 -24.6356873 Eh
Relaxed DSRG-MRPT2 E_corr:                  -0.0706814 Eh
Fully relaxed DSRG-MRPT2 energy:           -24.6356877 Eh
Fully relaxed DSRG-MRPT2 E_corr:            -0.0706776 Eh
State     Energy / Eh         Splitting / Eh      Splitting / cm-1    Splitting / meV     
0         -2.4635731e+01      +0.0000000e+00      +0.0000000e+00      +0.0000000e+00      
1         -2.4635731e+01      +5.9414162e-10      +1.3039901e-04      +1.6167425e-05      
2         -2.4635666e+01      +6.4130588e-05      +1.4075037e+01      +1.7450830e+00      
3         -2.4635666e+01      +4.4400039e-10      +9.7446822e-05      +1.2081872e-05      
4         -2.4635666e+01      +3.8503245e-10      +8.4504855e-05      +1.0477272e-05      
5         -2.4635666e+01      +6.3229422e-10      +1.3877254e-04      +1.7205610e-05      
Time taken:                       42.9333053 s
===============================================
===============================================
              PySCF DHF interface              
===============================================
Will now allocate 1.593 GB disk space for the AO ERI tensor!

Timing report
....integral retrieval:            0.6994538 s
....integral transformation:       3.3819485 s

===============================================
            Relativistic CASCI(4,8)            
===============================================
Will now allocate 0.078 MB memory for the CASCI Hamiltonian!
Time taken for 1-RDM build:        0.0406439 s
Time taken for 1-RDM build:        0.0406480 s
Time taken for 1-RDM build:        0.0406373 s
Time taken for 1-RDM build:        0.0380642 s
Time taken for 1-RDM build:        0.0336273 s
Time taken for 1-RDM build:        0.0310507 s
Time taken for 1-RDM build:        0.0311508 s
Time taken for 1-RDM build:        0.0308342 s
Time taken for 1-RDM build:        0.0308068 s
Time taken for 2-RDM build:        0.1336849 s
Time taken for 2-RDM build:        0.1332207 s
Time taken for 2-RDM build:        0.1331141 s
Time taken for 2-RDM build:        0.1338732 s
Time taken for 2-RDM build:        0.1333542 s
Time taken for 2-RDM build:        0.1330743 s
Time taken for 2-RDM build:        0.1332517 s
Time taken for 2-RDM build:        0.1331110 s
Time taken for 2-RDM build:        0.1334512 s
Time taken for 3-RDM build:        0.4166675 s
Time taken for 3-RDM build:        0.4168334 s
Time taken for 3-RDM build:        0.4174635 s
Time taken for 3-RDM build:        0.4164512 s
Time taken for 3-RDM build:        0.4172184 s
Time taken for 3-RDM build:        0.4161289 s
Time taken for 3-RDM build:        0.4165208 s
Time taken for 3-RDM build:        0.4174833 s
Time taken for 3-RDM build:        0.4168110 s
E_frzc:                          -32.3709352 Eh
E_cas:                            -5.3467114 Eh
E_nuc:                             0.0000000 Eh
E_casci:                         -37.7175257 Eh
E0 (from RDM):                   -37.7175257 Eh
Ecorr:                            -0.4429083 Eh

Timing summary
... Hamil build:                    0.1224465 s
... Hamil diag:                     0.0109472 s
... RDM build:                      7.9352596 s
State     Energy / Eh         Splitting / Eh      Splitting / cm-1    Splitting / meV     
0         -3.7717647e+01      +0.0000000e+00      +0.0000000e+00      +0.0000000e+00      
1         -3.7717578e+01      +6.8056777e-05      +1.4936736e+01      +1.8519201e+00      
2         -3.7717578e+01      +1.0789876e-09      +2.3681040e-04      +2.9360761e-05      
3         -3.7717578e+01      +1.2285781e-09      +2.6964173e-04      +3.3431330e-05      
4         -3.7717470e+01      +1.0852195e-04      +2.3817815e+01      +2.9530341e+00      
5         -3.7717470e+01      +3.7325520e-10      +8.1920048e-05      +1.0156796e-05      
6         -3.7717470e+01      +9.5214148e-10      +2.0897090e-04      +2.5909102e-05      
7         -3.7717470e+01      +4.4994408e-10      +9.8751311e-05      +1.2243608e-05      
8         -3.7717470e+01      +5.6218852e-10      +1.2338612e-04      +1.5297936e-05      
Total time taken:                   8.2572808 s
===============================================

===============================================
            Relativistic DSRG-MRPT2            
===============================================
-----------------------------------------------
        DSRG-MRPT2 reference relaxation        
-----------------------------------------------
Iter                          Energy              Delta E   
   -Eref  -37.7175257       
   -Ecorr -0.1131523       
<Psi^(0)|Hbar^(0)|Psi^(0)>    -37.8306780         -3.78307e+01
   -Erelax-0.0000048       
<Psi^(0)|Hbar^(1)|Psi^(0)>    -37.8306828         -4.84765e-06
   -Eref  -37.7175205       
   -Ecorr -0.1131992       
<Psi^(1)|Hbar^(1)|Psi^(1)>    -37.8307197         -3.68853e-05
   -Erelax-0.0000000       
<Psi^(1)|Hbar^(2)|Psi^(1)>    -37.8307197         -9.40432e-10
   -Eref  -37.7175206       
   -Ecorr -0.1131987       
<Psi^(2)|Hbar^(2)|Psi^(2)>    -37.8307193         4.35844e-07
   -Erelax-0.0000000       
<Psi^(2)|Hbar^(3)|Psi^(2)>    -37.8307193         -5.52092e-12
   -Eref  -37.7175206       
   -Ecorr -0.1131987       
<Psi^(3)|Hbar^(3)|Psi^(3)>    -37.8307193         -4.49898e-09
   -Erelax-0.0000000       
<Psi^(3)|Hbar^(4)|Psi^(3)>    -37.8307193         -1.20792e-13
Unrelaxed DSRG-MRPT2 energy:               -37.8306780 Eh
Unrelaxed DSRG-MRPT2 E_corr:                -0.1131523 Eh
Partially relaxed DSRG-MRPT2 energy:       -37.8306828 Eh
Partially relaxed DSRG-MRPT2 E_corr:        -0.1131571 Eh
Relaxed DSRG-MRPT2 energy:                 -37.8307197 Eh
Relaxed DSRG-MRPT2 E_corr:                  -0.1131992 Eh
Fully relaxed DSRG-MRPT2 energy:           -37.8307193 Eh
Fully relaxed DSRG-MRPT2 E_corr:            -0.1131987 Eh
State     Energy / Eh         Splitting / Eh      Splitting / cm-1    Splitting / meV     
0         -3.7830873e+01      +0.0000000e+00      +0.0000000e+00      +0.0000000e+00      
1         -3.7830789e+01      +8.3226767e-05      +1.8266164e+01      +2.2647168e+00      
2         -3.7830789e+01      +1.7142554e-10      +3.7623557e-05      +4.6647288e-06      
3         -3.7830789e+01      +1.9826274e-10      +4.3513641e-05      +5.3950065e-06      
4         -3.7830647e+01      +1.4280409e-04      +3.1341875e+01      +3.8858991e+00      
5         -3.7830647e+01      +7.0905060e-11      +1.5561862e-05      +1.9294259e-06      
6         -3.7830647e+01      +9.5901953e-11      +2.1048046e-05      +2.6096263e-06      
7         -3.7830647e+01      +1.0957990e-10      +2.4050008e-05      +2.9818224e-06      
8         -3.7830647e+01      +4.4622084e-11      +9.7934153e-06      +1.2142293e-06      
Time taken:                       52.2696421 s
===============================================
===============================================
              PySCF DHF interface              
===============================================
Will now allocate 1.593 GB disk space for the AO ERI tensor!

Timing report
....integral retrieval:            0.7001777 s
....integral transformation:       3.5232141 s

===============================================
            Relativistic CASCI(5,8)            
===============================================
Will now allocate 0.050 MB memory for the CASCI Hamiltonian!
Time taken for 1-RDM build:        0.0301530 s
Time taken for 1-RDM build:        0.0301533 s
Time taken for 1-RDM build:        0.0301580 s
Time taken for 1-RDM build:        0.0301120 s
Time taken for 1-RDM build:        0.0286021 s
Time taken for 1-RDM build:        0.0260100 s
Time taken for 1-RDM build:        0.0239749 s
Time taken for 1-RDM build:        0.0229402 s
Time taken for 1-RDM build:        0.0231164 s
Time taken for 1-RDM build:        0.0232985 s
Time taken for 1-RDM build:        0.0230594 s
Time taken for 1-RDM build:        0.0229192 s
Time taken for 1-RDM build:        0.0229492 s
Time taken for 1-RDM build:        0.0229030 s
Time taken for 2-RDM build:        0.0965528 s
Time taken for 2-RDM build:        0.0957572 s
Time taken for 2-RDM build:        0.0958824 s
Time taken for 2-RDM build:        0.0959470 s
Time taken for 2-RDM build:        0.0957146 s
Time taken for 2-RDM build:        0.0955732 s
Time taken for 2-RDM build:        0.0957508 s
Time taken for 2-RDM build:        0.0956204 s
Time taken for 2-RDM build:        0.0955865 s
Time taken for 2-RDM build:        0.0955575 s
Time taken for 2-RDM build:        0.0957170 s
Time taken for 2-RDM build:        0.0957432 s
Time taken for 2-RDM build:        0.0958264 s
Time taken for 2-RDM build:        0.0960367 s
Time taken for 3-RDM build:        0.3796561 s
Time taken for 3-RDM build:        0.3788252 s
Time taken for 3-RDM build:        0.3793566 s
Time taken for 3-RDM build:        0.3793979 s
Time taken for 3-RDM build:        0.3789542 s
Time taken for 3-RDM build:        0.3795195 s
Time taken for 3-RDM build:        0.3795874 s
Time taken for 3-RDM build:        0.3794982 s
Time taken for 3-RDM build:        0.3791156 s
Time taken for 3-RDM build:        0.3803384 s
Time taken for 3-RDM build:        0.3831072 s
Time taken for 3-RDM build:        0.3791807 s
Time taken for 3-RDM build:        0.3795040 s
Time taken for 3-RDM build:        0.3795485 s
E_frzc:                          -44.7567199 Eh
E_cas:                            -9.6666253 Eh
E_nuc:                             0.0000000 Eh
E_casci:                         -54.3487687 Eh
E0 (from RDM):                   -54.3487687 Eh
Ecorr:                            -0.4454114 Eh

Timing summary
... Hamil build:                    0.0965412 s
... Hamil diag:                     0.0019810 s
... RDM build:                      9.6574876 s
State     Energy / Eh         Splitting / Eh      Splitting / cm-1    Splitting / meV     
0         -5.4423345e+01      +0.0000000e+00      +0.0000000e+00      +0.0000000e+00      
1         -5.4423345e+01      +1.0766144e-09      +2.3628954e-04      +2.9296183e-05      
2         -5.4423345e+01      +1.0765291e-09      +2.3627082e-04      +2.9293863e-05      
3         -5.4423345e+01      +1.0764012e-09      +2.3624275e-04      +2.9290382e-05      
4         -5.4318958e+01      +1.0438692e-01      +2.2910281e+04      +2.8405142e+03      
5         -5.4318958e+01      +1.1012702e-09      +2.4170087e-04      +2.9967102e-05      
6         -5.4318958e+01      +1.1371171e-09      +2.4956835e-04      +3.0942546e-05      
7         -5.4318958e+01      +5.9976912e-10      +1.3163411e-04      +1.6320557e-05      
8         -5.4318958e+01      +1.1947421e-09      +2.6221558e-04      +3.2510604e-05      
9         -5.4318958e+01      +1.3783108e-09      +3.0250425e-04      +3.7505765e-05      
10        -5.4318908e+01      +5.0508872e-05      +1.1085416e+01      +1.3744171e+00      
11        -5.4318908e+01      +3.9502766e-09      +8.6698548e-04      +1.0749255e-04      
12        -5.4318908e+01      +3.0347778e-09      +6.6605673e-04      +8.2580549e-05      
13        -5.4318908e+01      +2.9868872e-09      +6.5554596e-04      +8.1277379e-05      
Total time taken:                   9.9450660 s
===============================================

===============================================
            Relativistic DSRG-MRPT2            
===============================================
-----------------------------------------------
        DSRG-MRPT2 reference relaxation        
-----------------------------------------------
Iter                          Energy              Delta E   
   -Eref  -54.3487687       
   -Ecorr -0.1681041       
<Psi^(0)|Hbar^(0)|Psi^(0)>    -54.5168728         -5.45169e+01
   -Erelax-0.0000000       
<Psi^(0)|Hbar^(1)|Psi^(0)>    -54.5168728         -3.00937e-08
   -Eref  -54.3487687       
   -Ecorr -0.1681042       
<Psi^(1)|Hbar^(1)|Psi^(1)>    -54.5168729         -5.88157e-08
   -Erelax-0.0000000       
<Psi^(1)|Hbar^(2)|Psi^(1)>    -54.5168729         -2.49543e-10
   -Eref  -54.3487687       
   -Ecorr -0.1681042       
<Psi^(2)|Hbar^(2)|Psi^(2)>    -54.5168729         7.58636e-09
   -Erelax-0.0000000       
<Psi^(2)|Hbar^(3)|Psi^(2)>    -54.5168729         -3.71614e-12
Unrelaxed DSRG-MRPT2 energy:               -54.5168728 Eh
Unrelaxed DSRG-MRPT2 E_corr:                -0.1681041 Eh
Partially relaxed DSRG-MRPT2 energy:       -54.5168728 Eh
Partially relaxed DSRG-MRPT2 E_corr:        -0.1681041 Eh
Relaxed DSRG-MRPT2 energy:                 -54.5168729 Eh
Relaxed DSRG-MRPT2 E_corr:                  -0.1681042 Eh
Fully relaxed DSRG-MRPT2 energy:           -54.5168729 Eh
Fully relaxed DSRG-MRPT2 E_corr:            -0.1681042 Eh
State     Energy / Eh         Splitting / Eh      Splitting / cm-1    Splitting / meV     
0         -5.4582591e+01      +0.0000000e+00      +0.0000000e+00      +0.0000000e+00      
1         -5.4582591e+01      +3.2035530e-10      +7.0309860e-05      +8.7173158e-06      
2         -5.4582591e+01      +3.2034109e-10      +7.0306742e-05      +8.7169291e-06      
3         -5.4582591e+01      +3.2034109e-10      +7.0306742e-05      +8.7169291e-06      
4         -5.4490594e+01      +9.1996398e-02      +2.0190875e+04      +2.5033507e+03      
5         -5.4490594e+01      +1.4408386e-10      +3.1622751e-05      +3.9207233e-06      
6         -5.4490594e+01      +8.3872465e-11      +1.8407878e-05      +2.2822871e-06      
7         -5.4490594e+01      +1.0379608e-10      +2.2780607e-05      +2.8244366e-06      
8         -5.4490594e+01      +7.1622708e-11      +1.5719367e-05      +1.9489541e-06      
9         -5.4490594e+01      +1.3231727e-10      +2.9040283e-05      +3.6005380e-06      
10        -5.4490573e+01      +2.1744044e-05      +4.7722660e+00      +5.9168585e-01      
11        -5.4490573e+01      +4.9215032e-10      +1.0801451e-04      +1.3392099e-05      
12        -5.4490573e+01      +2.0163782e-10      +4.4254385e-05      +5.4868471e-06      
13        -5.4490573e+01      +2.7399949e-10      +6.0135937e-05      +7.4559094e-06      
Time taken:                       40.1058550 s
===============================================
===============================================
              PySCF DHF interface              
===============================================
Will now allocate 1.593 GB disk space for the AO ERI tensor!

Timing report
....integral retrieval:            0.6992867 s
....integral transformation:       3.3453004 s

===============================================
            Relativistic CASCI(6,8)            
===============================================
Will now allocate 0.013 MB memory for the CASCI Hamiltonian!
Time taken for 1-RDM build:        0.0118275 s
Time taken for 1-RDM build:        0.0117764 s
Time taken for 1-RDM build:        0.0117912 s
Time taken for 1-RDM build:        0.0117996 s
Time taken for 1-RDM build:        0.0118754 s
Time taken for 1-RDM build:        0.0118408 s
Time taken for 1-RDM build:        0.0117886 s
Time taken for 1-RDM build:        0.0117793 s
Time taken for 1-RDM build:        0.0117567 s
Time taken for 2-RDM build:        0.0310583 s
Time taken for 2-RDM build:        0.0308802 s
Time taken for 2-RDM build:        0.0308833 s
Time taken for 2-RDM build:        0.0314033 s
Time taken for 2-RDM build:        0.0308692 s
Time taken for 2-RDM build:        0.0315812 s
Time taken for 2-RDM build:        0.0308037 s
Time taken for 2-RDM build:        0.0308764 s
Time taken for 2-RDM build:        0.0308156 s
Time taken for 3-RDM build:        0.1574588 s
Time taken for 3-RDM build:        0.1577146 s
Time taken for 3-RDM build:        0.1571972 s
Time taken for 3-RDM build:        0.1575215 s
Time taken for 3-RDM build:        0.1572027 s
Time taken for 3-RDM build:        0.1571846 s
Time taken for 3-RDM build:        0.1573045 s
Time taken for 3-RDM build:        0.1576228 s
Time taken for 3-RDM build:        0.1571367 s
E_frzc:                          -59.1480236 Eh
E_cas:                           -15.7034833 Eh
E_nuc:                             0.0000000 Eh
E_casci:                         -74.8511626 Eh
E0 (from RDM):                   -74.8511626 Eh
Ecorr:                            -0.3302227 Eh

Timing summary
... Hamil build:                    0.0370193 s
... Hamil diag:                     0.0007479 s
... RDM build:                      4.5257945 s
State     Energy / Eh         Splitting / Eh      Splitting / cm-1    Splitting / meV     
0         -7.4851507e+01      +0.0000000e+00      +0.0000000e+00      +0.0000000e+00      
1         -7.4851507e+01      +6.1121170e-09      +1.3414546e-03      +1.6631926e-04      
2         -7.4851507e+01      +6.8041430e-09      +1.4933368e-03      +1.8515025e-04      
3         -7.4851507e+01      +7.2887616e-09      +1.5996983e-03      +1.9833740e-04      
4         -7.4851507e+01      +9.8173842e-09      +2.1546668e-03      +2.6714476e-04      
5         -7.4850809e+01      +6.9818897e-04      +1.5323477e+02      +1.8998699e+01      
6         -7.4850809e+01      +7.3982278e-09      +1.6237233e-03      +2.0131613e-04      
7         -7.4850809e+01      +7.5923197e-09      +1.6663215e-03      +2.0659764e-04      
8         -7.4850503e+01      +3.0523771e-04      +6.6991933e+01      +8.3059451e+00      
Total time taken:                   4.7538333 s
===============================================

===============================================
            Relativistic DSRG-MRPT2            
===============================================
-----------------------------------------------
        DSRG-MRPT2 reference relaxation        
-----------------------------------------------
Iter                          Energy              Delta E   
   -Eref  -74.8511626       
   -Ecorr -0.2157206       
<Psi^(0)|Hbar^(0)|Psi^(0)>    -75.0668832         -7.50669e+01
   -Erelax-0.0000002       
<Psi^(0)|Hbar^(1)|Psi^(0)>    -75.0668834         -2.16168e-07
   -Eref  -74.8511624       
   -Ecorr -0.2157206       
<Psi^(1)|Hbar^(1)|Psi^(1)>    -75.0668830         4.33478e-07
   -Erelax-0.0000000       
<Psi^(1)|Hbar^(2)|Psi^(1)>    -75.0668830         -2.23615e-08
   -Eref  -74.8511625       
   -Ecorr -0.2157206       
<Psi^(2)|Hbar^(2)|Psi^(2)>    -75.0668831         -9.43853e-08
   -Erelax-0.0000000       
<Psi^(2)|Hbar^(3)|Psi^(2)>    -75.0668831         -2.37247e-09
   -Eref  -74.8511625       
   -Ecorr -0.2157206       
<Psi^(3)|Hbar^(3)|Psi^(3)>    -75.0668831         3.55050e-08
   -Erelax-0.0000000       
<Psi^(3)|Hbar^(4)|Psi^(3)>    -75.0668831         -2.51859e-10
   -Eref  -74.8511625       
   -Ecorr -0.2157206       
<Psi^(4)|Hbar^(4)|Psi^(4)>    -75.0668831         -1.10620e-08
   -Erelax-0.0000000       
<Psi^(4)|Hbar^(5)|Psi^(4)>    -75.0668831         -2.67448e-11
   -Eref  -74.8511625       
   -Ecorr -0.2157206       
<Psi^(5)|Hbar^(5)|Psi^(5)>    -75.0668831         3.65735e-09
   -Erelax-0.0000000       
<Psi^(5)|Hbar^(6)|Psi^(5)>    -75.0668831         -2.79954e-12
Unrelaxed DSRG-MRPT2 energy:               -75.0668832 Eh
Unrelaxed DSRG-MRPT2 E_corr:                -0.2157206 Eh
Partially relaxed DSRG-MRPT2 energy:       -75.0668834 Eh
Partially relaxed DSRG-MRPT2 E_corr:        -0.2157208 Eh
Relaxed DSRG-MRPT2 energy:                 -75.0668830 Eh
Relaxed DSRG-MRPT2 E_corr:                  -0.2157206 Eh
Fully relaxed DSRG-MRPT2 energy:           -75.0668831 Eh
Fully relaxed DSRG-MRPT2 E_corr:            -0.2157206 Eh
State     Energy / Eh         Splitting / Eh      Splitting / cm-1    Splitting / meV     
0         -7.5067148e+01      +0.0000000e+00      +0.0000000e+00      +0.0000000e+00      
1         -7.5067148e+01      +2.2047288e-09      +4.8388205e-04      +5.9993756e-05      
2         -7.5067148e+01      +1.5828476e-09      +3.4739490e-04      +4.3071498e-05      
3         -7.5067148e+01      +2.4794815e-09      +5.4418329e-04      +6.7470161e-05      
4         -7.5067148e+01      +2.8920653e-09      +6.3473495e-04      +7.8697142e-05      
5         -7.5066607e+01      +5.4152143e-04      +1.1885022e+02      +1.4735556e+01      
6         -7.5066607e+01      +2.3923690e-09      +5.2506429e-04      +6.5099707e-05      
7         -7.5066607e+01      +2.0443167e-09      +4.4867565e-04      +5.5628718e-05      
8         -7.5066386e+01      +2.2032685e-04      +4.8356154e+01      +5.9954018e+00      
Time taken:                       66.9896004 s
===============================================
===============================================
              PySCF DHF interface              
===============================================
Will now allocate 1.593 GB disk space for the AO ERI tensor!

Timing report
....integral retrieval:            0.7013128 s
....integral transformation:       3.6089315 s

===============================================
            Relativistic CASCI(7,8)            
===============================================
Will now allocate 0.001 MB memory for the CASCI Hamiltonian!
Time taken for 1-RDM build:        0.0019984 s
Time taken for 1-RDM build:        0.0019917 s
Time taken for 1-RDM build:        0.0019922 s
Time taken for 1-RDM build:        0.0019884 s
Time taken for 1-RDM build:        0.0019927 s
Time taken for 1-RDM build:        0.0019879 s
Time taken for 2-RDM build:        0.0032053 s
Time taken for 2-RDM build:        0.0031400 s
Time taken for 2-RDM build:        0.0031350 s
Time taken for 2-RDM build:        0.0031304 s
Time taken for 2-RDM build:        0.0031331 s
Time taken for 2-RDM build:        0.0031314 s
Time taken for 3-RDM build:        0.0289800 s
Time taken for 3-RDM build:        0.0286648 s
Time taken for 3-RDM build:        0.0286715 s
Time taken for 3-RDM build:        0.0286775 s
Time taken for 3-RDM build:        0.0286632 s
Time taken for 3-RDM build:        0.0286753 s
E_frzc:                          -75.5478008 Eh
E_cas:                           -23.9325131 Eh
E_nuc:                             0.0000000 Eh
E_casci:                         -99.4797328 Eh
E0 (from RDM):                   -99.4797328 Eh
Ecorr:                            -0.1043819 Eh

Timing summary
... Hamil build:                    0.0062318 s
... Hamil diag:                     0.0002508 s
... RDM build:                      2.8681037 s
State     Energy / Eh         Splitting / Eh      Splitting / cm-1    Splitting / meV     
0         -9.9480314e+01      +0.0000000e+00      +0.0000000e+00      +0.0000000e+00      
1         -9.9480314e+01      +2.4031038e-08      +5.2742033e-03      +6.5391818e-04      
2         -9.9480314e+01      +6.9549628e-09      +1.5264379e-03      +1.8925427e-04      
3         -9.9480314e+01      +2.1663126e-08      +4.7545067e-03      +5.8948398e-04      
4         -9.9478571e+01      +1.7431739e-03      +3.8258245e+02      +4.7434202e+01      
5         -9.9478571e+01      +1.6993965e-08      +3.7297443e-03      +4.6242957e-04      
Total time taken:                   3.0648415 s
===============================================

===============================================
            Relativistic DSRG-MRPT2            
===============================================
-----------------------------------------------
        DSRG-MRPT2 reference relaxation        
-----------------------------------------------
Iter                          Energy              Delta E   
   -Eref  -99.4797328       
   -Ecorr -0.2701243       
<Psi^(0)|Hbar^(0)|Psi^(0)>    -99.7498571         -9.97499e+01
   -Erelax-0.0000000       
<Psi^(0)|Hbar^(1)|Psi^(0)>    -99.7498571         0.00000e+00
   -Eref  -99.4797328       
   -Ecorr -0.2701243       
<Psi^(1)|Hbar^(1)|Psi^(1)>    -99.7498571         -4.26326e-14
   -Erelax-0.0000000       
<Psi^(1)|Hbar^(2)|Psi^(1)>    -99.7498571         -1.42109e-14
Unrelaxed DSRG-MRPT2 energy:               -99.7498571 Eh
Unrelaxed DSRG-MRPT2 E_corr:                -0.2701243 Eh
Partially relaxed DSRG-MRPT2 energy:       -99.7498571 Eh
Partially relaxed DSRG-MRPT2 E_corr:        -0.2701243 Eh
Relaxed DSRG-MRPT2 energy:                 -99.7498571 Eh
Relaxed DSRG-MRPT2 E_corr:                  -0.2701243 Eh
Fully relaxed DSRG-MRPT2 energy:           -99.7498571 Eh
Fully relaxed DSRG-MRPT2 E_corr:            -0.2701243 Eh
State     Energy / Eh         Splitting / Eh      Splitting / cm-1    Splitting / meV     
0         -9.9750434e+01      +0.0000000e+00      +0.0000000e+00      +0.0000000e+00      
1         -9.9750434e+01      +4.5719446e-09      +1.0034258e-03      +1.2440901e-04      
2         -9.9750434e+01      +5.2848748e-09      +1.1598959e-03      +1.4380884e-04      
3         -9.9750434e+01      +2.5778775e-09      +5.6577870e-04      +7.0147652e-05      
4         -9.9748703e+01      +1.7318372e-03      +3.8009433e+02      +4.7125714e+01      
5         -9.9748703e+01      +5.5433418e-09      +1.2166229e-03      +1.5084209e-04      
Time taken:                       15.5273876 s
===============================================
===============================================
              PySCF DHF interface              
===============================================
Will now allocate 0.320 MB disk space for the frozen core ERI tensor!
Will now allocate 74.650 MB disk space for the aacc and acca ERI tensor!
Will now allocate 4.354 GB disk space for the AO ERI tensor!

Timing report
....integral retrieval:            2.6235313 s
....integral transformation:       9.0679643 s

===============================================
            Relativistic CASCI(3,8)            
===============================================
Will now allocate 0.050 MB memory for the CASCI Hamiltonian!
Time taken for 1-RDM build:        0.0260758 s
Time taken for 1-RDM build:        0.0260682 s
Time taken for 1-RDM build:        0.0261002 s
Time taken for 1-RDM build:        0.0259888 s
Time taken for 1-RDM build:        0.0259974 s
Time taken for 1-RDM build:        0.0259604 s
Time taken for 2-RDM build:        0.0915616 s
Time taken for 2-RDM build:        0.0931530 s
Time taken for 2-RDM build:        0.0932918 s
Time taken for 2-RDM build:        0.0931950 s
Time taken for 2-RDM build:        0.0932887 s
Time taken for 2-RDM build:        0.0928607 s
Time taken for 3-RDM build:        0.2010994 s
Time taken for 3-RDM build:        0.2003722 s
Time taken for 3-RDM build:        0.2008164 s
Time taken for 3-RDM build:        0.2003646 s
Time taken for 3-RDM build:        0.2004013 s
Time taken for 3-RDM build:        0.2006850 s
E_frzc:                            0.0000000 Eh
E_cas:                            -1.8986420 Eh
E_nuc:                       -240.4061812+0.0000000j Eh
E_casci:                     -242.3045291+0.0000000j Eh
E0 (from RDM):                  -242.3045291 Eh
Ecorr:                            -0.1899047 Eh

Timing summary
... Hamil build:                    0.0602856 s
... Hamil diag:                     0.0028076 s
... RDM build:                      7.7540743 s
State     Energy / Eh         Splitting / Eh      Splitting / cm-1    Splitting / meV     
0         -2.4230482e+02      +0.0000000e+00      +0.0000000e+00      +0.0000000e+00      
1         -2.4230482e+02      +1.0992665e-09      +2.4126110e-04      +2.9912578e-05      
2         -2.4230438e+02      +4.4107881e-04      +9.6805609e+01      +1.2002372e+01      
3         -2.4230438e+02      +1.0805650e-09      +2.3715660e-04      +2.9403685e-05      
4         -2.4230438e+02      +8.9775654e-10      +1.9703478e-04      +2.4429211e-05      
5         -2.4230438e+02      +3.6629899e-10      +8.0393336e-05      +9.9675080e-06      
Total time taken:                   8.2911341 s
===============================================

===============================================
            Relativistic DSRG-MRPT2            
===============================================
-----------------------------------------------
        DSRG-MRPT2 reference relaxation        
-----------------------------------------------
Iter                          Energy              Delta E   
   -Eref  -242.3045291       
   -Ecorr -0.0227786       
<Psi^(0)|Hbar^(0)|Psi^(0)>    -242.3273077        -2.42327e+02
   -Erelax-0.0002755       
<Psi^(0)|Hbar^(1)|Psi^(0)>    -242.3275833        -2.75516e-04
   -Eref  -242.3042543       
   -Ecorr -0.0232581       
<Psi^(1)|Hbar^(1)|Psi^(1)>    -242.3275124        7.08731e-05
   -Erelax-0.0000000       
<Psi^(1)|Hbar^(2)|Psi^(1)>    -242.3275124        -6.69047e-11
   -Eref  -242.3042541       
   -Ecorr -0.0232583       
<Psi^(2)|Hbar^(2)|Psi^(2)>    -242.3275124        3.19459e-08
   -Erelax-0.0000000       
<Psi^(2)|Hbar^(3)|Psi^(2)>    -242.3275124        0.00000e+00
   -Eref  -242.3042541       
   -Ecorr -0.0232583       
<Psi^(3)|Hbar^(3)|Psi^(3)>    -242.3275124        1.09992e-11
   -Erelax-0.0000000       
<Psi^(3)|Hbar^(4)|Psi^(3)>    -242.3275124        0.00000e+00
Unrelaxed DSRG-MRPT2 energy:              -242.3273077 Eh
Unrelaxed DSRG-MRPT2 E_corr:                -0.0227786 Eh
Partially relaxed DSRG-MRPT2 energy:      -242.3275833 Eh
Partially relaxed DSRG-MRPT2 E_corr:        -0.0230542 Eh
Relaxed DSRG-MRPT2 energy:                -242.3275124 Eh
Relaxed DSRG-MRPT2 E_corr:                  -0.0232581 Eh
Fully relaxed DSRG-MRPT2 energy:          -242.3275124 Eh
Fully relaxed DSRG-MRPT2 E_corr:            -0.0232583 Eh
State     Energy / Eh         Splitting / Eh      Splitting / cm-1    Splitting / meV     
0         -2.4232784e+02      +0.0000000e+00      +0.0000000e+00      +0.0000000e+00      
1         -2.4232784e+02      +6.2163963e-10      +1.3643413e-04      +1.6915684e-05      
2         -2.4232735e+02      +4.9107322e-04      +1.0777811e+02      +1.3362789e+01      
3         -2.4232735e+02      +5.9048944e-10      +1.2959745e-04      +1.6068044e-05      
4         -2.4232735e+02      +4.7532467e-10      +1.0432171e-04      +1.2934249e-05      
5         -2.4232735e+02      +2.3524649e-10      +5.1630636e-05      +6.4013861e-06      
Time taken:                       71.2741895 s
===============================================
===============================================
              PySCF DHF interface              
===============================================
Will now allocate 0.320 MB disk space for the frozen core ERI tensor!
Will now allocate 74.650 MB disk space for the aacc and acca ERI tensor!
Will now allocate 4.354 GB disk space for the AO ERI tensor!

Timing report
....integral retrieval:            2.6267180 s
....integral transformation:       9.2788999 s

===============================================
            Relativistic CASCI(4,8)            
===============================================
Will now allocate 0.078 MB memory for the CASCI Hamiltonian!
Time taken for 1-RDM build:        0.0352209 s
Time taken for 1-RDM build:        0.0352755 s
Time taken for 1-RDM build:        0.0351183 s
Time taken for 1-RDM build:        0.0351155 s
Time taken for 1-RDM build:        0.0346506 s
Time taken for 1-RDM build:        0.0317297 s
Time taken for 1-RDM build:        0.0308058 s
Time taken for 1-RDM build:        0.0308275 s
Time taken for 1-RDM build:        0.0311821 s
Time taken for 2-RDM build:        0.1342697 s
Time taken for 2-RDM build:        0.1337306 s
Time taken for 2-RDM build:        0.1343446 s
Time taken for 2-RDM build:        0.1333690 s
Time taken for 2-RDM build:        0.1332889 s
Time taken for 2-RDM build:        0.1336730 s
Time taken for 2-RDM build:        0.1337459 s
Time taken for 2-RDM build:        0.1345639 s
Time taken for 2-RDM build:        0.1334147 s
Time taken for 3-RDM build:        0.4176543 s
Time taken for 3-RDM build:        0.4160523 s
Time taken for 3-RDM build:        0.4165142 s
Time taken for 3-RDM build:        0.4162452 s
Time taken for 3-RDM build:        0.4163933 s
Time taken for 3-RDM build:        0.4162514 s
Time taken for 3-RDM build:        0.4161088 s
Time taken for 3-RDM build:        0.4164729 s
Time taken for 3-RDM build:        0.4168773 s
E_frzc:                            0.0000000 Eh
E_cas:                            -3.6921024 Eh
E_nuc:                       -285.7423197+0.0000000j Eh
E_casci:                     -289.4337768+0.0000000j Eh
E0 (from RDM):                  -289.4337768 Eh
Ecorr:                            -0.2329780 Eh

Timing summary
... Hamil build:                    0.0934045 s
... Hamil diag:                     0.0016346 s
... RDM build:                     11.0418906 s
State     Energy / Eh         Splitting / Eh      Splitting / cm-1    Splitting / meV     
0         -2.8943442e+02      +0.0000000e+00      +0.0000000e+00      +0.0000000e+00      
1         -2.8943409e+02      +3.3211201e-04      +7.2890160e+01      +9.0372324e+00      
2         -2.8943409e+02      +8.1735152e-10      +1.7938792e-04      +2.2241278e-05      
3         -2.8943409e+02      +8.9210062e-10      +1.9579345e-04      +2.4275306e-05      
4         -2.8943346e+02      +6.3005266e-04      +1.3828057e+02      +1.7144614e+01      
5         -2.8943346e+02      +2.5920599e-10      +5.6889139e-05      +7.0533576e-06      
6         -2.8943346e+02      +7.8654239e-10      +1.7262610e-04      +2.1402919e-05      
7         -2.8943346e+02      +6.1896799e-10      +1.3584777e-04      +1.6842985e-05      
8         -2.8943346e+02      +4.2439297e-10      +9.3143489e-05      +1.1548326e-05      
Total time taken:                  11.6108592 s
===============================================

===============================================
            Relativistic DSRG-MRPT2            
===============================================
-----------------------------------------------
        DSRG-MRPT2 reference relaxation        
-----------------------------------------------
Iter                          Energy              Delta E   
   -Eref  -289.4337768       
   -Ecorr -0.0521338       
<Psi^(0)|Hbar^(0)|Psi^(0)>    -289.4859106        -2.89486e+02
   -Erelax-0.0000867       
<Psi^(0)|Hbar^(1)|Psi^(0)>    -289.4859974        -8.67405e-05
   -Eref  -289.4336895       
   -Ecorr -0.0523365       
<Psi^(1)|Hbar^(1)|Psi^(1)>    -289.4860260        -2.86485e-05
   -Erelax-0.0000000       
<Psi^(1)|Hbar^(2)|Psi^(1)>    -289.4860260        -9.01764e-10
   -Eref  -289.4336899       
   -Ecorr -0.0523361       
<Psi^(2)|Hbar^(2)|Psi^(2)>    -289.4860260        6.94003e-08
   -Erelax-0.0000000       
<Psi^(2)|Hbar^(3)|Psi^(2)>    -289.4860260        -1.08002e-12
   -Eref  -289.4336899       
   -Ecorr -0.0523361       
<Psi^(3)|Hbar^(3)|Psi^(3)>    -289.4860260        2.50566e-10
   -Erelax0.0000000       
<Psi^(3)|Hbar^(4)|Psi^(3)>    -289.4860260        0.00000e+00
Unrelaxed DSRG-MRPT2 energy:              -289.4859106 Eh
Unrelaxed DSRG-MRPT2 E_corr:                -0.0521338 Eh
Partially relaxed DSRG-MRPT2 energy:      -289.4859974 Eh
Partially relaxed DSRG-MRPT2 E_corr:        -0.0522206 Eh
Relaxed DSRG-MRPT2 energy:                -289.4860260 Eh
Relaxed DSRG-MRPT2 E_corr:                  -0.0523365 Eh
Fully relaxed DSRG-MRPT2 energy:          -289.4860260 Eh
Fully relaxed DSRG-MRPT2 E_corr:            -0.0523361 Eh
State     Energy / Eh         Splitting / Eh      Splitting / cm-1    Splitting / meV     
0         -2.8948673e+02      +0.0000000e+00      +0.0000000e+00      +0.0000000e+00      
1         -2.8948637e+02      +3.6225548e-04      +7.9505887e+01      +9.8574783e+00      
2         -2.8948637e+02      +3.5362291e-10      +7.7611257e-05      +9.6225741e-06      
3         -2.8948637e+02      +3.6794745e-10      +8.0755131e-05      +1.0012365e-05      
4         -2.8948568e+02      +6.8598720e-04      +1.5055679e+02      +1.8666672e+01      
5         -2.8948568e+02      +1.3585577e-10      +2.9816895e-05      +3.6968256e-06      
6         -2.8948568e+02      +3.2247272e-10      +7.0774580e-05      +8.7749337e-06      
7         -2.8948568e+02      +2.9325520e-10      +6.4362076e-05      +7.9798842e-06      
8         -2.8948568e+02      +1.6086688e-10      +3.5306198e-05      +4.3774127e-06      
Time taken:                       82.1015654 s
===============================================
===============================================
              PySCF DHF interface              
===============================================
Will now allocate 0.320 MB disk space for the frozen core ERI tensor!
Will now allocate 74.650 MB disk space for the aacc and acca ERI tensor!
Will now allocate 4.354 GB disk space for the AO ERI tensor!

Timing report
....integral retrieval:            2.6264369 s
....integral transformation:       9.3054957 s

===============================================
            Relativistic CASCI(5,8)            
===============================================
Will now allocate 0.050 MB memory for the CASCI Hamiltonian!
Time taken for 1-RDM build:        0.0262237 s
Time taken for 1-RDM build:        0.0261776 s
Time taken for 1-RDM build:        0.0261252 s
Time taken for 1-RDM build:        0.0260909 s
Time taken for 1-RDM build:        0.0260842 s
Time taken for 1-RDM build:        0.0260983 s
Time taken for 1-RDM build:        0.0251122 s
Time taken for 1-RDM build:        0.0232778 s
Time taken for 1-RDM build:        0.0230091 s
Time taken for 1-RDM build:        0.0229490 s
Time taken for 1-RDM build:        0.0229483 s
Time taken for 1-RDM build:        0.0229666 s
Time taken for 1-RDM build:        0.0230696 s
Time taken for 1-RDM build:        0.0230136 s
Time taken for 2-RDM build:        0.0952101 s
Time taken for 2-RDM build:        0.0951571 s
Time taken for 2-RDM build:        0.0952997 s
Time taken for 2-RDM build:        0.0976019 s
Time taken for 2-RDM build:        0.0980461 s
Time taken for 2-RDM build:        0.0981057 s
Time taken for 2-RDM build:        0.0979433 s
Time taken for 2-RDM build:        0.0981059 s
Time taken for 2-RDM build:        0.0980113 s
Time taken for 2-RDM build:        0.0980649 s
Time taken for 2-RDM build:        0.0980287 s
Time taken for 2-RDM build:        0.0981781 s
Time taken for 2-RDM build:        0.0981171 s
Time taken for 2-RDM build:        0.0953288 s
Time taken for 3-RDM build:        0.3778560 s
Time taken for 3-RDM build:        0.3773758 s
Time taken for 3-RDM build:        0.3775828 s
Time taken for 3-RDM build:        0.3771248 s
Time taken for 3-RDM build:        0.3774259 s
Time taken for 3-RDM build:        0.3776152 s
Time taken for 3-RDM build:        0.3774090 s
Time taken for 3-RDM build:        0.3776097 s
Time taken for 3-RDM build:        0.3774087 s
Time taken for 3-RDM build:        0.3773332 s
Time taken for 3-RDM build:        0.3777721 s
Time taken for 3-RDM build:        0.3772526 s
Time taken for 3-RDM build:        0.3770280 s
Time taken for 3-RDM build:        0.3775427 s
E_frzc:                            0.0000000 Eh
E_cas:                            -6.3636403 Eh
E_nuc:                       -335.1272672-0.0000000j Eh
E_casci:                     -341.4410664-0.0000000j Eh
E0 (from RDM):                  -341.4410664 Eh
Ecorr:                            -0.2138107 Eh

Timing summary
... Hamil build:                    0.0734923 s
... Hamil diag:                     0.0106719 s
... RDM build:                     13.0652945 s
State     Energy / Eh         Splitting / Eh      Splitting / cm-1    Splitting / meV     
0         -3.4149091e+02      +0.0000000e+00      +0.0000000e+00      +0.0000000e+00      
1         -3.4149091e+02      +3.2849812e-10      +7.2097003e-05      +8.9388933e-06      
2         -3.4149091e+02      +3.2838443e-10      +7.2072051e-05      +8.9357998e-06      
3         -3.4149091e+02      +3.2792968e-10      +7.1972246e-05      +8.9234255e-06      
4         -3.4142117e+02      +6.9735531e-02      +1.5305180e+04      +1.8976014e+03      
5         -3.4142117e+02      +1.5667752e-09      +3.4386740e-04      +4.2634144e-05      
6         -3.4142117e+02      +1.3034196e-09      +2.8606753e-04      +3.5467871e-05      
7         -3.4142117e+02      +1.7383286e-09      +3.8151902e-04      +4.7302353e-05      
8         -3.4142110e+02      +6.9890622e-05      +1.5339218e+01      +1.9018216e+00      
9         -3.4142110e+02      +9.2740038e-10      +2.0354085e-04      +2.5235862e-05      
10        -3.4142110e+02      +9.6150643e-10      +2.1102627e-04      +2.6163935e-05      
11        -3.4142110e+02      +7.5050366e-10      +1.6471651e-04      +2.0422255e-05      
12        -3.4142110e+02      +9.6383701e-10      +2.1153777e-04      +2.6227353e-05      
13        -3.4142110e+02      +1.9558115e-09      +4.2925101e-04      +5.3220367e-05      
Total time taken:                  13.6238480 s
===============================================

===============================================
            Relativistic DSRG-MRPT2            
===============================================
-----------------------------------------------
        DSRG-MRPT2 reference relaxation        
-----------------------------------------------
Iter                          Energy              Delta E   
   -Eref  -341.4410664       
   -Ecorr -0.0979189       
<Psi^(0)|Hbar^(0)|Psi^(0)>    -341.5389853        -3.41539e+02
   -Erelax-0.0000017       
<Psi^(0)|Hbar^(1)|Psi^(0)>    -341.5389870        -1.71074e-06
   -Eref  -341.4410651       
   -Ecorr -0.0979229       
<Psi^(1)|Hbar^(1)|Psi^(1)>    -341.5389880        -1.01743e-06
   -Erelax-0.0000000       
<Psi^(1)|Hbar^(2)|Psi^(1)>    -341.5389881        -4.95862e-09
   -Eref  -341.4410652       
   -Ecorr -0.0979228       
<Psi^(2)|Hbar^(2)|Psi^(2)>    -341.5389880        5.55430e-08
   -Erelax-0.0000000       
<Psi^(2)|Hbar^(3)|Psi^(2)>    -341.5389880        -1.83604e-11
   -Eref  -341.4410652       
   -Ecorr -0.0979228       
<Psi^(3)|Hbar^(3)|Psi^(3)>    -341.5389880        -3.37889e-09
   -Erelax-0.0000000       
<Psi^(3)|Hbar^(4)|Psi^(3)>    -341.5389880        -5.68434e-14
Unrelaxed DSRG-MRPT2 energy:              -341.5389853 Eh
Unrelaxed DSRG-MRPT2 E_corr:                -0.0979189 Eh
Partially relaxed DSRG-MRPT2 energy:      -341.5389870 Eh
Partially relaxed DSRG-MRPT2 E_corr:        -0.0979206 Eh
Relaxed DSRG-MRPT2 energy:                -341.5389880 Eh
Relaxed DSRG-MRPT2 E_corr:                  -0.0979229 Eh
Fully relaxed DSRG-MRPT2 energy:          -341.5389880 Eh
Fully relaxed DSRG-MRPT2 E_corr:            -0.0979228 Eh
State     Energy / Eh         Splitting / Eh      Splitting / cm-1    Splitting / meV     
0         -3.4158024e+02      +0.0000000e+00      +0.0000000e+00      +0.0000000e+00      
1         -3.4158024e+02      +2.4965630e-10      +5.4793223e-05      +6.7934971e-06      
2         -3.4158024e+02      +2.4959945e-10      +5.4780747e-05      +6.7919503e-06      
3         -3.4158024e+02      +2.4959945e-10      +5.4780747e-05      +6.7919503e-06      
4         -3.4152253e+02      +5.7712914e-02      +1.2666521e+04      +1.5704491e+03      
5         -3.4152253e+02      +3.3895731e-10      +7.4392529e-05      +9.2235025e-06      
6         -3.4152253e+02      +2.6028601e-10      +5.7126177e-05      +7.0827466e-06      
7         -3.4152253e+02      +3.8954795e-10      +8.5495892e-05      +1.0600145e-05      
8         -3.4152246e+02      +7.2372455e-05      +1.5883918e+01      +1.9693558e+00      
9         -3.4152246e+02      +2.4692781e-10      +5.4194390e-05      +6.7192512e-06      
10        -3.4152246e+02      +2.2322411e-10      +4.8992028e-05      +6.0742402e-06      
11        -3.4152246e+02      +1.0300027e-10      +2.2605947e-05      +2.8027816e-06      
12        -3.4152246e+02      +2.4260771e-10      +5.3246238e-05      +6.6016952e-06      
13        -3.4152246e+02      +4.8567017e-10      +1.0659228e-04      +1.3215765e-05      
Time taken:                       86.8925092 s
===============================================
===============================================
              PySCF DHF interface              
===============================================
Will now allocate 0.320 MB disk space for the frozen core ERI tensor!
Will now allocate 74.650 MB disk space for the aacc and acca ERI tensor!
Will now allocate 4.354 GB disk space for the AO ERI tensor!

Timing report
....integral retrieval:            2.6562781 s
....integral transformation:       9.6041470 s

===============================================
            Relativistic CASCI(6,8)            
===============================================
Will now allocate 0.013 MB memory for the CASCI Hamiltonian!
Time taken for 1-RDM build:        0.0102594 s
Time taken for 1-RDM build:        0.0102727 s
Time taken for 1-RDM build:        0.0102572 s
Time taken for 1-RDM build:        0.0102448 s
Time taken for 1-RDM build:        0.0102656 s
Time taken for 1-RDM build:        0.0102732 s
Time taken for 1-RDM build:        0.0102780 s
Time taken for 1-RDM build:        0.0102735 s
Time taken for 1-RDM build:        0.0102811 s
Time taken for 2-RDM build:        0.0307360 s
Time taken for 2-RDM build:        0.0306594 s
Time taken for 2-RDM build:        0.0306194 s
Time taken for 2-RDM build:        0.0306132 s
Time taken for 2-RDM build:        0.0306187 s
Time taken for 2-RDM build:        0.0311079 s
Time taken for 2-RDM build:        0.0306323 s
Time taken for 2-RDM build:        0.0306082 s
Time taken for 2-RDM build:        0.0306387 s
Time taken for 3-RDM build:        0.1571152 s
Time taken for 3-RDM build:        0.1566422 s
Time taken for 3-RDM build:        0.1566260 s
Time taken for 3-RDM build:        0.1570346 s
Time taken for 3-RDM build:        0.1567395 s
Time taken for 3-RDM build:        0.1566572 s
Time taken for 3-RDM build:        0.1567600 s
Time taken for 3-RDM build:        0.1567037 s
Time taken for 3-RDM build:        0.1567142 s
E_frzc:                            0.0000000 Eh
E_cas:                            -9.9659359 Eh
E_nuc:                       -388.5675376-0.0000000j Eh
E_casci:                     -398.5325748-0.0000000j Eh
E0 (from RDM):                  -398.5325748 Eh
Ecorr:                            -0.1603097 Eh

Timing summary
... Hamil build:                    0.0283153 s
... Hamil diag:                     0.0008779 s
... RDM build:                      7.6204391 s
State     Energy / Eh         Splitting / Eh      Splitting / cm-1    Splitting / meV     
0         -3.9853347e+02      +0.0000000e+00      +0.0000000e+00      +0.0000000e+00      
1         -3.9853347e+02      +5.6296585e-09      +1.2355672e-03      +1.5319088e-04      
2         -3.9853347e+02      +5.9783360e-09      +1.3120931e-03      +1.6267889e-04      
3         -3.9853347e+02      +5.6479053e-09      +1.2395719e-03      +1.5368740e-04      
4         -3.9853347e+02      +5.6580234e-09      +1.2417926e-03      +1.5396273e-04      
5         -3.9853166e+02      +1.8163270e-03      +3.9863770e+02      +4.9424800e+01      
6         -3.9853166e+02      +3.5533390e-09      +7.7986775e-04      +9.6691324e-05      
7         -3.9853166e+02      +3.5755079e-09      +7.8473327e-04      +9.7294572e-05      
8         -3.9853083e+02      +8.2294816e-04      +1.8061624e+02      +2.2393571e+01      
Total time taken:                   8.1244287 s
===============================================

===============================================
            Relativistic DSRG-MRPT2            
===============================================
-----------------------------------------------
        DSRG-MRPT2 reference relaxation        
-----------------------------------------------
Iter                          Energy              Delta E   
   -Eref  -398.5325748       
   -Ecorr -0.1373493       
<Psi^(0)|Hbar^(0)|Psi^(0)>    -398.6699242        -3.98670e+02
   -Erelax-0.0000003       
<Psi^(0)|Hbar^(1)|Psi^(0)>    -398.6699245        -3.25577e-07
   -Eref  -398.5325745       
   -Ecorr -0.1373497       
<Psi^(1)|Hbar^(1)|Psi^(1)>    -398.6699243        2.19617e-07
   -Erelax-0.0000000       
<Psi^(1)|Hbar^(2)|Psi^(1)>    -398.6699243        -3.98916e-09
   -Eref  -398.5325746       
   -Ecorr -0.1373497       
<Psi^(2)|Hbar^(2)|Psi^(2)>    -398.6699243        -3.62502e-08
   -Erelax-0.0000000       
<Psi^(2)|Hbar^(3)|Psi^(2)>    -398.6699243        -9.65770e-11
   -Eref  -398.5325746       
   -Ecorr -0.1373497       
<Psi^(3)|Hbar^(3)|Psi^(3)>    -398.6699243        5.79195e-09
   -Erelax-0.0000000       
<Psi^(3)|Hbar^(4)|Psi^(3)>    -398.6699243        -2.33058e-12
Unrelaxed DSRG-MRPT2 energy:              -398.6699242 Eh
Unrelaxed DSRG-MRPT2 E_corr:                -0.1373493 Eh
Partially relaxed DSRG-MRPT2 energy:      -398.6699245 Eh
Partially relaxed DSRG-MRPT2 E_corr:        -0.1373497 Eh
Relaxed DSRG-MRPT2 energy:                -398.6699243 Eh
Relaxed DSRG-MRPT2 E_corr:                  -0.1373497 Eh
Fully relaxed DSRG-MRPT2 energy:          -398.6699243 Eh
Fully relaxed DSRG-MRPT2 E_corr:            -0.1373497 Eh
State     Energy / Eh         Splitting / Eh      Splitting / cm-1    Splitting / meV     
0         -3.9867068e+02      +0.0000000e+00      +0.0000000e+00      +0.0000000e+00      
1         -3.9867068e+02      +1.5102160e-09      +3.3145409e-04      +4.1095089e-05      
2         -3.9867068e+02      +4.6810555e-10      +1.0273729e-04      +1.2737807e-05      
3         -3.9867068e+02      +4.3587534e-10      +9.5663578e-05      +1.1860778e-05      
4         -3.9867068e+02      +1.2245778e-09      +2.6876375e-04      +3.3322474e-05      
5         -3.9866915e+02      +1.5332469e-03      +3.3650880e+02      +4.1721794e+01      
6         -3.9866915e+02      +4.4661874e-10      +9.8021483e-05      +1.2153121e-05      
7         -3.9866915e+02      +6.3278094e-10      +1.3887936e-04      +1.7218855e-05      
8         -3.9866845e+02      +7.0218718e-04      +1.5411227e+02      +1.9107496e+01      
Time taken:                       71.6781824 s
===============================================
===============================================
              PySCF DHF interface              
===============================================
Will now allocate 0.320 MB disk space for the frozen core ERI tensor!
Will now allocate 74.650 MB disk space for the aacc and acca ERI tensor!
Will now allocate 4.354 GB disk space for the AO ERI tensor!

Timing report
....integral retrieval:            2.6218367 s
....integral transformation:       9.9354572 s

===============================================
            Relativistic CASCI(7,8)            
===============================================
Will now allocate 0.001 MB memory for the CASCI Hamiltonian!
Time taken for 1-RDM build:        0.0015335 s
Time taken for 1-RDM build:        0.0015130 s
Time taken for 1-RDM build:        0.0015206 s
Time taken for 1-RDM build:        0.0015171 s
Time taken for 1-RDM build:        0.0015197 s
Time taken for 1-RDM build:        0.0015140 s
Time taken for 2-RDM build:        0.0032105 s
Time taken for 2-RDM build:        0.0031397 s
Time taken for 2-RDM build:        0.0031335 s
Time taken for 2-RDM build:        0.0031395 s
Time taken for 2-RDM build:        0.0031393 s
Time taken for 2-RDM build:        0.0031443 s
Time taken for 3-RDM build:        0.0286634 s
Time taken for 3-RDM build:        0.0283515 s
Time taken for 3-RDM build:        0.0283453 s
Time taken for 3-RDM build:        0.0283418 s
Time taken for 3-RDM build:        0.0283575 s
Time taken for 3-RDM build:        0.0283618 s
E_frzc:                            0.0000000 Eh
E_cas:                           -14.7582517 Eh
E_nuc:                       -446.0682972-0.0000000j Eh
E_casci:                     -460.8252020-0.0000000j Eh
E0 (from RDM):                  -460.8252020 Eh
Ecorr:                             0.0013470 Eh

Timing summary
... Hamil build:                    0.0048432 s
... Hamil diag:                     0.0002275 s
... RDM build:                      6.2599082 s
State     Energy / Eh         Splitting / Eh      Splitting / cm-1    Splitting / meV     
0         -4.6082655e+02      +0.0000000e+00      +0.0000000e+00      +0.0000000e+00      
1         -4.6082655e+02      +1.2022326e-08      +2.6385956e-03      +3.2714432e-04      
2         -4.6082655e+02      +5.7600573e-09      +1.2641864e-03      +1.5673922e-04      
3         -4.6082655e+02      +1.1622035e-08      +2.5507418e-03      +3.1625183e-04      
4         -4.6082251e+02      +4.0408198e-03      +8.8685742e+02      +1.0995636e+02      
5         -4.6082251e+02      +2.0031848e-08      +4.3964825e-03      +5.4509461e-04      
Total time taken:                   6.7397637 s
===============================================

===============================================
            Relativistic DSRG-MRPT2            
===============================================
-----------------------------------------------
        DSRG-MRPT2 reference relaxation        
-----------------------------------------------
Iter                          Energy              Delta E   
   -Eref  -460.8252020       
   -Ecorr -0.1773806       
<Psi^(0)|Hbar^(0)|Psi^(0)>    -461.0025826        -4.61003e+02
   -Erelax0.0000000       
<Psi^(0)|Hbar^(1)|Psi^(0)>    -461.0025826        0.00000e+00
   -Eref  -460.8252020       
   -Ecorr -0.1773806       
<Psi^(1)|Hbar^(1)|Psi^(1)>    -461.0025826        5.68434e-14
   -Erelax-0.0000000       
<Psi^(1)|Hbar^(2)|Psi^(1)>    -461.0025826        0.00000e+00
Unrelaxed DSRG-MRPT2 energy:              -461.0025826 Eh
Unrelaxed DSRG-MRPT2 E_corr:                -0.1773806 Eh
Partially relaxed DSRG-MRPT2 energy:      -461.0025826 Eh
Partially relaxed DSRG-MRPT2 E_corr:        -0.1773806 Eh
Relaxed DSRG-MRPT2 energy:                -461.0025826 Eh
Relaxed DSRG-MRPT2 E_corr:                  -0.1773806 Eh
Fully relaxed DSRG-MRPT2 energy:          -461.0025826 Eh
Fully relaxed DSRG-MRPT2 E_corr:            -0.1773806 Eh
State     Energy / Eh         Splitting / Eh      Splitting / cm-1    Splitting / meV     
0         -4.6100390e+02      +0.0000000e+00      +0.0000000e+00      +0.0000000e+00      
1         -4.6100390e+02      +1.8361561e-09      +4.0298968e-04      +4.9964377e-05      
2         -4.6100390e+02      +1.5709816e-09      +3.4479060e-04      +4.2748606e-05      
3         -4.6100390e+02      +1.6348736e-09      +3.5881327e-04      +4.4487197e-05      
4         -4.6099995e+02      +3.9527911e-03      +8.6753736e+02      +1.0756097e+02      
5         -4.6099995e+02      +3.1619152e-09      +6.9396016e-04      +8.6040135e-05      
Time taken:                       25.8640394 s
===============================================
===============================================
              PySCF DHF interface              
===============================================
Will now allocate 19.669 MB disk space for the frozen core ERI tensor!
Will now allocate 1.888 GB disk space for the aacc and acca ERI tensor!
Will now allocate 45.327 GB disk space for the AO ERI tensor!

Timing report
....integral retrieval:           31.8758895 s
....integral transformation:     107.5489581 s

===============================================
            Relativistic CASCI(3,8)            
===============================================
Will now allocate 0.050 MB memory for the CASCI Hamiltonian!
Time taken for 1-RDM build:        0.0538487 s
Time taken for 1-RDM build:        0.0403304 s
Time taken for 1-RDM build:        0.0337856 s
Time taken for 1-RDM build:        0.0301301 s
Time taken for 1-RDM build:        0.0296843 s
Time taken for 1-RDM build:        0.0296359 s
Time taken for 2-RDM build:        0.0903656 s
Time taken for 2-RDM build:        0.0902600 s
Time taken for 2-RDM build:        0.0902998 s
Time taken for 2-RDM build:        0.0903437 s
Time taken for 2-RDM build:        0.0901430 s
Time taken for 2-RDM build:        0.0905778 s
Time taken for 3-RDM build:        0.2001376 s
Time taken for 3-RDM build:        0.1996810 s
Time taken for 3-RDM build:        0.1999202 s
Time taken for 3-RDM build:        0.2007468 s
Time taken for 3-RDM build:        0.2006586 s
Time taken for 3-RDM build:        0.2005563 s
E_frzc:                            0.0000000 Eh
E_cas:                            -2.0100161 Eh
E_nuc:                       -1939.7138290-0.0000000j Eh
E_casci:                     -1941.7217616-0.0000000j Eh
E0 (from RDM):                 -1941.7217616 Eh
Ecorr:                            -0.1944870 Eh

Timing summary
... Hamil build:                    0.0609469 s
... Hamil diag:                     0.0041070 s
... RDM build:                    180.2151043 s
State     Energy / Eh         Splitting / Eh      Splitting / cm-1    Splitting / meV     
0         -1.9417238e+03      +0.0000000e+00      +0.0000000e+00      +0.0000000e+00      
1         -1.9417238e+03      +1.0702479e-09      +2.3489226e-04      +2.9122942e-05      
2         -1.9417207e+03      +3.1252750e-03      +6.8591858e+02      +8.5043106e+01      
3         -1.9417207e+03      +1.1004886e-09      +2.4152933e-04      +2.9945834e-05      
4         -1.9417207e+03      +9.5178621e-10      +2.0889293e-04      +2.5899434e-05      
5         -1.9417207e+03      +6.4619599e-10      +1.4182362e-04      +1.7583897e-05      
Total time taken:                 184.9377594 s
===============================================

===============================================
            Relativistic DSRG-MRPT2            
===============================================
-----------------------------------------------
        DSRG-MRPT2 reference relaxation        
-----------------------------------------------
Iter                          Energy              Delta E   
   -Eref  -1941.7217616       
   -Ecorr -0.0234891       
<Psi^(0)|Hbar^(0)|Psi^(0)>    -1941.7452507       -1.94175e+03
   -Erelax-0.0001922       
<Psi^(0)|Hbar^(1)|Psi^(0)>    -1941.7454429       -1.92213e-04
   -Eref  -1941.7215708       
   -Ecorr -0.0238242       
<Psi^(1)|Hbar^(1)|Psi^(1)>    -1941.7453950       4.79543e-05
   -Erelax-0.0000000       
<Psi^(1)|Hbar^(2)|Psi^(1)>    -1941.7453950       -5.52518e-11
   -Eref  -1941.7215710       
   -Ecorr -0.0238240       
<Psi^(2)|Hbar^(2)|Psi^(2)>    -1941.7453950       -2.24331e-08
   -Erelax0.0000000       
<Psi^(2)|Hbar^(3)|Psi^(2)>    -1941.7453950       0.00000e+00
   -Eref  -1941.7215710       
   -Ecorr -0.0238240       
<Psi^(3)|Hbar^(3)|Psi^(3)>    -1941.7453950       1.40972e-11
   -Erelax-0.0000000       
<Psi^(3)|Hbar^(4)|Psi^(3)>    -1941.7453950       0.00000e+00
Unrelaxed DSRG-MRPT2 energy:             -1941.7452507 Eh
Unrelaxed DSRG-MRPT2 E_corr:                -0.0234891 Eh
Partially relaxed DSRG-MRPT2 energy:     -1941.7454429 Eh
Partially relaxed DSRG-MRPT2 E_corr:        -0.0236813 Eh
Relaxed DSRG-MRPT2 energy:               -1941.7453950 Eh
Relaxed DSRG-MRPT2 E_corr:                  -0.0238242 Eh
Fully relaxed DSRG-MRPT2 energy:         -1941.7453950 Eh
Fully relaxed DSRG-MRPT2 E_corr:            -0.0238240 Eh
State     Energy / Eh         Splitting / Eh      Splitting / cm-1    Splitting / meV     
0         -1.9417477e+03      +0.0000000e+00      +0.0000000e+00      +0.0000000e+00      
1         -1.9417477e+03      +5.8821570e-10      +1.2909842e-04      +1.6006172e-05      
2         -1.9417443e+03      +3.4074439e-03      +7.4784750e+02      +9.2721316e+01      
3         -1.9417443e+03      +5.9640115e-10      +1.3089492e-04      +1.6228910e-05      
4         -1.9417443e+03      +5.5774763e-10      +1.2241145e-04      +1.5177093e-05      
5         -1.9417443e+03      +3.7130121e-10      +8.1491196e-05      +1.0103625e-05      
Time taken:                     1674.5033493 s
===============================================
===============================================
              PySCF DHF interface              
===============================================
Will now allocate 19.669 MB disk space for the frozen core ERI tensor!
Will now allocate 1.888 GB disk space for the aacc and acca ERI tensor!
Will now allocate 45.327 GB disk space for the AO ERI tensor!

Timing report
....integral retrieval:           31.9382112 s
....integral transformation:     130.8323472 s

===============================================
            Relativistic CASCI(4,8)            
===============================================
Will now allocate 0.078 MB memory for the CASCI Hamiltonian!
Time taken for 1-RDM build:        0.0327833 s
Time taken for 1-RDM build:        0.0327544 s
Time taken for 1-RDM build:        0.0339510 s
Time taken for 1-RDM build:        0.0348833 s
Time taken for 1-RDM build:        0.0347078 s
Time taken for 1-RDM build:        0.0324295 s
Time taken for 1-RDM build:        0.0307095 s
Time taken for 1-RDM build:        0.0306962 s
Time taken for 1-RDM build:        0.0306902 s
Time taken for 2-RDM build:        0.1340544 s
Time taken for 2-RDM build:        0.1340280 s
Time taken for 2-RDM build:        0.1339130 s
Time taken for 2-RDM build:        0.1337926 s
Time taken for 2-RDM build:        0.1335435 s
Time taken for 2-RDM build:        0.1335561 s
Time taken for 2-RDM build:        0.1339595 s
Time taken for 2-RDM build:        0.1340122 s
Time taken for 2-RDM build:        0.1339469 s
Time taken for 3-RDM build:        0.4190712 s
Time taken for 3-RDM build:        0.4191685 s
Time taken for 3-RDM build:        0.4189665 s
Time taken for 3-RDM build:        0.4198115 s
Time taken for 3-RDM build:        0.4190774 s
Time taken for 3-RDM build:        0.4191105 s
Time taken for 3-RDM build:        0.4191313 s
Time taken for 3-RDM build:        0.4181945 s
Time taken for 3-RDM build:        0.4186895 s
E_frzc:                            0.0000000 Eh
E_cas:                            -3.6862998 Eh
E_nuc:                       -2092.8592106-0.0000000j Eh
E_casci:                     -2096.5413860-0.0000000j Eh
E0 (from RDM):                 -2096.5413860 Eh
Ecorr:                            -0.2153364 Eh

Timing summary
... Hamil build:                    0.0943589 s
... Hamil diag:                     0.0162833 s
... RDM build:                     92.4340713 s
State     Energy / Eh         Splitting / Eh      Splitting / cm-1    Splitting / meV     
0         -2.0965455e+03      +0.0000000e+00      +0.0000000e+00      +0.0000000e+00      
1         -2.0965432e+03      +2.3344184e-03      +5.1234561e+02      +6.3522789e+01      
2         -2.0965432e+03      +6.4164851e-10      +1.4082557e-04      +1.7460154e-05      
3         -2.0965432e+03      +5.3205440e-10      +1.1677244e-04      +1.4477945e-05      
4         -2.0965395e+03      +3.6890520e-03      +8.0965333e+02      +1.0038427e+02      
5         -2.0965395e+03      +9.3723429e-10      +2.0569915e-04      +2.5503456e-05      
6         -2.0965395e+03      +1.0586518e-09      +2.3234722e-04      +2.8807397e-05      
7         -2.0965395e+03      +1.1709744e-09      +2.5699918e-04      +3.1863852e-05      
8         -2.0965395e+03      +1.0372787e-09      +2.2765636e-04      +2.8225805e-05      
Total time taken:                  97.2101138 s
===============================================

===============================================
            Relativistic DSRG-MRPT2            
===============================================
-----------------------------------------------
        DSRG-MRPT2 reference relaxation        
-----------------------------------------------
Iter                          Energy              Delta E   
   -Eref  -2096.5413860       
   -Ecorr -0.0474153       
<Psi^(0)|Hbar^(0)|Psi^(0)>    -2096.5888013       -2.09659e+03
   -Erelax-0.0000638       
<Psi^(0)|Hbar^(1)|Psi^(0)>    -2096.5888651       -6.38054e-05
   -Eref  -2096.5413199       
   -Ecorr -0.0475573       
<Psi^(1)|Hbar^(1)|Psi^(1)>    -2096.5888772       -1.21167e-05
   -Erelax-0.0000000       
<Psi^(1)|Hbar^(2)|Psi^(1)>    -2096.5888772       -8.61792e-09
   -Eref  -2096.5413194       
   -Ecorr -0.0475577       
<Psi^(2)|Hbar^(2)|Psi^(2)>    -2096.5888770       1.75209e-07
   -Erelax-0.0000000       
<Psi^(2)|Hbar^(3)|Psi^(2)>    -2096.5888770       -8.64020e-12
   -Eref  -2096.5413194       
   -Ecorr -0.0475577       
<Psi^(3)|Hbar^(3)|Psi^(3)>    -2096.5888770       4.95947e-09
   -Erelax-0.0000000       
<Psi^(3)|Hbar^(4)|Psi^(3)>    -2096.5888770       0.00000e+00
Unrelaxed DSRG-MRPT2 energy:             -2096.5888013 Eh
Unrelaxed DSRG-MRPT2 E_corr:                -0.0474153 Eh
Partially relaxed DSRG-MRPT2 energy:     -2096.5888651 Eh
Partially relaxed DSRG-MRPT2 E_corr:        -0.0474791 Eh
Relaxed DSRG-MRPT2 energy:               -2096.5888772 Eh
Relaxed DSRG-MRPT2 E_corr:                  -0.0475573 Eh
Fully relaxed DSRG-MRPT2 energy:         -2096.5888770 Eh
Fully relaxed DSRG-MRPT2 E_corr:            -0.0475577 Eh
State     Energy / Eh         Splitting / Eh      Splitting / cm-1    Splitting / meV     
0         -2.0965932e+03      +0.0000000e+00      +0.0000000e+00      +0.0000000e+00      
1         -2.0965907e+03      +2.4719164e-03      +5.4252293e+02      +6.7264302e+01      
2         -2.0965907e+03      +2.2737368e-10      +4.9902753e-05      +6.1871558e-06      
3         -2.0965907e+03      +1.6507329e-10      +3.6229399e-05      +4.4918751e-06      
4         -2.0965869e+03      +3.8375871e-03      +8.4225302e+02      +1.0442611e+02      
5         -2.0965869e+03      +3.5288394e-10      +7.7449073e-05      +9.6024658e-06      
6         -2.0965869e+03      +3.7607606e-10      +8.2539154e-05      +1.0233556e-05      
7         -2.0965869e+03      +4.0881787e-10      +8.9725150e-05      +1.1124506e-05      
8         -2.0965869e+03      +3.8789949e-10      +8.5134097e-05      +1.0555288e-05      
Time taken:                     1137.5941575 s
===============================================
===============================================
              PySCF DHF interface              
===============================================
Will now allocate 19.669 MB disk space for the frozen core ERI tensor!
Will now allocate 1.888 GB disk space for the aacc and acca ERI tensor!
Will now allocate 45.327 GB disk space for the AO ERI tensor!

Timing report
....integral retrieval:           31.8976731 s
....integral transformation:     107.8671765 s

===============================================
            Relativistic CASCI(5,8)            
===============================================
Will now allocate 0.050 MB memory for the CASCI Hamiltonian!
Time taken for 1-RDM build:        0.0471931 s
Time taken for 1-RDM build:        0.0337126 s
Time taken for 1-RDM build:        0.0301986 s
Time taken for 1-RDM build:        0.0302386 s
Time taken for 1-RDM build:        0.0302701 s
Time taken for 1-RDM build:        0.0303009 s
Time taken for 1-RDM build:        0.0302627 s
Time taken for 1-RDM build:        0.0302827 s
Time taken for 1-RDM build:        0.0303068 s
Time taken for 1-RDM build:        0.0303011 s
Time taken for 1-RDM build:        0.0303235 s
Time taken for 1-RDM build:        0.0302660 s
Time taken for 1-RDM build:        0.0303106 s
Time taken for 1-RDM build:        0.0303023 s
Time taken for 2-RDM build:        0.0964832 s
Time taken for 2-RDM build:        0.0962729 s
Time taken for 2-RDM build:        0.0963500 s
Time taken for 2-RDM build:        0.0963333 s
Time taken for 2-RDM build:        0.0963976 s
Time taken for 2-RDM build:        0.0962358 s
Time taken for 2-RDM build:        0.0965044 s
Time taken for 2-RDM build:        0.0962431 s
Time taken for 2-RDM build:        0.0960858 s
Time taken for 2-RDM build:        0.0959520 s
Time taken for 2-RDM build:        0.0960746 s
Time taken for 2-RDM build:        0.0960581 s
Time taken for 2-RDM build:        0.0960836 s
Time taken for 2-RDM build:        0.0960767 s
Time taken for 3-RDM build:        0.3784781 s
Time taken for 3-RDM build:        0.3784533 s
Time taken for 3-RDM build:        0.3781309 s
Time taken for 3-RDM build:        0.3782589 s
Time taken for 3-RDM build:        0.3784182 s
Time taken for 3-RDM build:        0.3786528 s
Time taken for 3-RDM build:        0.3783133 s
Time taken for 3-RDM build:        0.3782728 s
Time taken for 3-RDM build:        0.3778532 s
Time taken for 3-RDM build:        0.3779254 s
Time taken for 3-RDM build:        0.3781705 s
Time taken for 3-RDM build:        0.3784699 s
Time taken for 3-RDM build:        0.3779993 s
Time taken for 3-RDM build:        0.3777092 s
E_frzc:                            0.0000000 Eh
E_cas:                            -6.0718308 Eh
E_nuc:                       -2252.3726240-0.0000000j Eh
E_casci:                     -2258.3972569-0.0000000j Eh
E0 (from RDM):                 -2258.3972569 Eh
Ecorr:                            -0.0178409 Eh

Timing summary
... Hamil build:                    0.0737200 s
... Hamil diag:                     0.0308313 s
... RDM build:                     86.0178156 s
State     Energy / Eh         Splitting / Eh      Splitting / cm-1    Splitting / meV     
0         -2.2584445e+03      +0.0000000e+00      +0.0000000e+00      +0.0000000e+00      
1         -2.2584445e+03      +5.2432370e-10      +1.1507575e-04      +1.4267581e-05      
2         -2.2584445e+03      +5.2705218e-10      +1.1567458e-04      +1.4341827e-05      
3         -2.2584445e+03      +5.1386451e-10      +1.1278022e-04      +1.3982972e-05      
4         -2.2583793e+03      +6.5107933e-02      +1.4289540e+04      +1.7716780e+03      
5         -2.2583793e+03      +9.2904884e-10      +2.0390265e-04      +2.5280719e-05      
6         -2.2583793e+03      +1.1159500e-09      +2.4492271e-04      +3.0366561e-05      
7         -2.2583793e+03      +5.1250026e-10      +1.1248081e-04      +1.3945849e-05      
8         -2.2583777e+03      +1.6153755e-03      +3.5453394e+02      +4.3956628e+01      
9         -2.2583777e+03      +7.5033313e-10      +1.6467909e-04      +2.0417614e-05      
10        -2.2583777e+03      +4.8839865e-10      +1.0719111e-04      +1.3290011e-05      
11        -2.2583777e+03      +1.4611032e-09      +3.2067509e-04      +3.9758663e-05      
12        -2.2583777e+03      +1.6329977e-09      +3.5840157e-04      +4.4436153e-05      
13        -2.2583777e+03      +6.3982952e-10      +1.4042635e-04      +1.7410656e-05      
Total time taken:                  90.7690282 s
===============================================

===============================================
            Relativistic DSRG-MRPT2            
===============================================
-----------------------------------------------
        DSRG-MRPT2 reference relaxation        
-----------------------------------------------
Iter                          Energy              Delta E   
   -Eref  -2258.3972569       
   -Ecorr -0.0836122       
<Psi^(0)|Hbar^(0)|Psi^(0)>    -2258.4808690       -2.25848e+03
   -Erelax-0.0000212       
<Psi^(0)|Hbar^(1)|Psi^(0)>    -2258.4808902       -2.12062e-05
   -Eref  -2258.3972391       
   -Ecorr -0.0836618       
<Psi^(1)|Hbar^(1)|Psi^(1)>    -2258.4809009       -1.06354e-05
   -Erelax-0.0000000       
<Psi^(1)|Hbar^(2)|Psi^(1)>    -2258.4809009       -2.97482e-08
   -Eref  -2258.3972401       
   -Ecorr -0.0836603       
<Psi^(2)|Hbar^(2)|Psi^(2)>    -2258.4809005       4.30967e-07
   -Erelax-0.0000000       
<Psi^(2)|Hbar^(3)|Psi^(2)>    -2258.4809005       -5.86624e-11
   -Eref  -2258.3972401       
   -Ecorr -0.0836604       
<Psi^(3)|Hbar^(3)|Psi^(3)>    -2258.4809005       -1.91367e-08
   -Erelax-0.0000000       
<Psi^(3)|Hbar^(4)|Psi^(3)>    -2258.4809005       0.00000e+00
   -Eref  -2258.3972401       
   -Ecorr -0.0836604       
<Psi^(4)|Hbar^(4)|Psi^(4)>    -2258.4809005       8.50832e-10
   -Erelax-0.0000000       
<Psi^(4)|Hbar^(5)|Psi^(4)>    -2258.4809005       0.00000e+00
Unrelaxed DSRG-MRPT2 energy:             -2258.4808690 Eh
Unrelaxed DSRG-MRPT2 E_corr:                -0.0836122 Eh
Partially relaxed DSRG-MRPT2 energy:     -2258.4808902 Eh
Partially relaxed DSRG-MRPT2 E_corr:        -0.0836334 Eh
Relaxed DSRG-MRPT2 energy:               -2258.4809009 Eh
Relaxed DSRG-MRPT2 E_corr:                  -0.0836618 Eh
Fully relaxed DSRG-MRPT2 energy:         -2258.4809005 Eh
Fully relaxed DSRG-MRPT2 E_corr:            -0.0836604 Eh
State     Energy / Eh         Splitting / Eh      Splitting / cm-1    Splitting / meV     
0         -2.2585202e+03      +0.0000000e+00      +0.0000000e+00      +0.0000000e+00      
1         -2.2585202e+03      +3.8016879e-10      +8.3437404e-05      +1.0344925e-05      
2         -2.2585202e+03      +3.8244252e-10      +8.3936431e-05      +1.0406796e-05      
3         -2.2585202e+03      +3.7789505e-10      +8.2938376e-05      +1.0283053e-05      
4         -2.2584660e+03      +5.4217523e-02      +1.1899371e+04      +1.4753347e+03      
5         -2.2584660e+03      +2.0600055e-10      +4.5211894e-05      +5.6055632e-06      
6         -2.2584660e+03      +5.6115823e-10      +1.2316000e-04      +1.5269901e-05      
7         -2.2584660e+03      +1.5143087e-10      +3.3235234e-05      +4.1206458e-06      
8         -2.2584647e+03      +1.3247282e-03      +2.9074423e+02      +3.6047707e+01      
9         -2.2584647e+03      +2.0372681e-10      +4.4712867e-05      +5.5436916e-06      
10        -2.2584647e+03      +2.0645530e-10      +4.5311700e-05      +5.6179375e-06      
11        -2.2584647e+03      +3.1695890e-10      +6.9564438e-05      +8.6248952e-06      
12        -2.2584647e+03      +3.8198777e-10      +8.3836626e-05      +1.0394422e-05      
13        -2.2584647e+03      +1.3778845e-10      +3.0241068e-05      +3.7494164e-06      
Time taken:                     1264.0983336 s
===============================================
===============================================
              PySCF DHF interface              
===============================================
Will now allocate 19.669 MB disk space for the frozen core ERI tensor!
Will now allocate 1.888 GB disk space for the aacc and acca ERI tensor!
Will now allocate 45.327 GB disk space for the AO ERI tensor!

Timing report
....integral retrieval:           31.9217746 s
....integral transformation:      98.0489421 s

===============================================
            Relativistic CASCI(6,8)            
===============================================
Will now allocate 0.013 MB memory for the CASCI Hamiltonian!
Time taken for 1-RDM build:        0.0102298 s
Time taken for 1-RDM build:        0.0101976 s
Time taken for 1-RDM build:        0.0102191 s
Time taken for 1-RDM build:        0.0102186 s
Time taken for 1-RDM build:        0.0102084 s
Time taken for 1-RDM build:        0.0102155 s
Time taken for 1-RDM build:        0.0102057 s
Time taken for 1-RDM build:        0.0102031 s
Time taken for 1-RDM build:        0.0102060 s
Time taken for 2-RDM build:        0.0307648 s
Time taken for 2-RDM build:        0.0307276 s
Time taken for 2-RDM build:        0.0311227 s
Time taken for 2-RDM build:        0.0307574 s
Time taken for 2-RDM build:        0.0307095 s
Time taken for 2-RDM build:        0.0307052 s
Time taken for 2-RDM build:        0.0306618 s
Time taken for 2-RDM build:        0.0307841 s
Time taken for 2-RDM build:        0.0307221 s
Time taken for 3-RDM build:        0.1577890 s
Time taken for 3-RDM build:        0.1574233 s
Time taken for 3-RDM build:        0.1576269 s
Time taken for 3-RDM build:        0.1576252 s
Time taken for 3-RDM build:        0.1574879 s
Time taken for 3-RDM build:        0.1580567 s
Time taken for 3-RDM build:        0.1578257 s
Time taken for 3-RDM build:        0.1574674 s
Time taken for 3-RDM build:        0.1577990 s
E_frzc:                            0.0000000 Eh
E_cas:                            -9.1774708 Eh
E_nuc:                       -2418.2608262-0.0000000j Eh
E_casci:                     -2427.4340589-0.0000000j Eh
E0 (from RDM):                 -2427.4340589 Eh
Ecorr:                            -0.1372548 Eh

Timing summary
... Hamil build:                    0.0285516 s
... Hamil diag:                     0.0014195 s
... RDM build:                     84.4901872 s
State     Energy / Eh         Splitting / Eh      Splitting / cm-1    Splitting / meV     
0         -2.4274383e+03      +0.0000000e+00      +0.0000000e+00      +0.0000000e+00      
1         -2.4274383e+03      +1.9413164e-09      +4.2606971e-04      +5.2825936e-05      
2         -2.4274383e+03      +8.9721652e-10      +1.9691626e-04      +2.4414517e-05      
3         -2.4274383e+03      +1.1737029e-09      +2.5759801e-04      +3.1938098e-05      
4         -2.4274383e+03      +1.8349056e-09      +4.0271522e-04      +4.9930347e-05      
5         -2.4274294e+03      +8.8831576e-03      +1.9496277e+03      +2.4172315e+02      
6         -2.4274294e+03      +4.1914063e-09      +9.1990735e-04      +1.1405403e-04      
7         -2.4274294e+03      +4.1027306e-09      +9.0044528e-04      +1.1164104e-04      
8         -2.4274268e+03      +2.6102260e-03      +5.7287839e+02      +7.1027902e+01      
Total time taken:                  89.1687531 s
===============================================

===============================================
            Relativistic DSRG-MRPT2            
===============================================
-----------------------------------------------
        DSRG-MRPT2 reference relaxation        
-----------------------------------------------
Iter                          Energy              Delta E   
   -Eref  -2427.4340589       
   -Ecorr -0.1151523       
<Psi^(0)|Hbar^(0)|Psi^(0)>    -2427.5492111       -2.42755e+03
   -Erelax-0.0000045       
<Psi^(0)|Hbar^(1)|Psi^(0)>    -2427.5492156       -4.49867e-06
   -Eref  -2427.4340547       
   -Ecorr -0.1151598       
<Psi^(1)|Hbar^(1)|Psi^(1)>    -2427.5492144       1.18053e-06
   -Erelax-0.0000000       
<Psi^(1)|Hbar^(2)|Psi^(1)>    -2427.5492144       -1.32673e-08
   -Eref  -2427.4340549       
   -Ecorr -0.1151598       
<Psi^(2)|Hbar^(2)|Psi^(2)>    -2427.5492146       -1.89562e-07
   -Erelax-0.0000000       
<Psi^(2)|Hbar^(3)|Psi^(2)>    -2427.5492146       -1.44155e-10
   -Eref  -2427.4340548       
   -Ecorr -0.1151598       
<Psi^(3)|Hbar^(3)|Psi^(3)>    -2427.5492146       1.99552e-08
   -Erelax-0.0000000       
<Psi^(3)|Hbar^(4)|Psi^(3)>    -2427.5492146       -1.36424e-12
   -Eref  -2427.4340548       
   -Ecorr -0.1151598       
<Psi^(4)|Hbar^(4)|Psi^(4)>    -2427.5492146       -2.07683e-09
   -Erelax0.0000000       
<Psi^(4)|Hbar^(5)|Psi^(4)>    -2427.5492146       0.00000e+00
Unrelaxed DSRG-MRPT2 energy:             -2427.5492111 Eh
Unrelaxed DSRG-MRPT2 E_corr:                -0.1151523 Eh
Partially relaxed DSRG-MRPT2 energy:     -2427.5492156 Eh
Partially relaxed DSRG-MRPT2 E_corr:        -0.1151568 Eh
Relaxed DSRG-MRPT2 energy:               -2427.5492144 Eh
Relaxed DSRG-MRPT2 E_corr:                  -0.1151598 Eh
Fully relaxed DSRG-MRPT2 energy:         -2427.5492146 Eh
Fully relaxed DSRG-MRPT2 E_corr:            -0.1151598 Eh
State     Energy / Eh         Splitting / Eh      Splitting / cm-1    Splitting / meV     
0         -2.4275529e+03      +0.0000000e+00      +0.0000000e+00      +0.0000000e+00      
1         -2.4275529e+03      +4.0608938e-10      +8.9126317e-05      +1.1050260e-05      
2         -2.4275529e+03      +4.3473847e-10      +9.5414064e-05      +1.1829842e-05      
3         -2.4275529e+03      +4.5656634e-10      +1.0020473e-04      +1.2423809e-05      
4         -2.4275529e+03      +3.5424819e-10      +7.7748490e-05      +9.6395887e-06      
5         -2.4275452e+03      +7.7628377e-03      +1.7037459e+03      +2.1123767e+02      
6         -2.4275452e+03      +9.1677066e-10      +2.0120790e-04      +2.4946612e-05      
7         -2.4275452e+03      +8.5083229e-10      +1.8673610e-04      +2.3152337e-05      
8         -2.4275427e+03      +2.4570355e-03      +5.3925695e+02      +6.6859373e+01      
Time taken:                     2066.0236504 s
===============================================
===============================================
              PySCF DHF interface              
===============================================
Will now allocate 19.669 MB disk space for the frozen core ERI tensor!
Will now allocate 1.888 GB disk space for the aacc and acca ERI tensor!
Will now allocate 45.327 GB disk space for the AO ERI tensor!

Timing report
....integral retrieval:           32.0367353 s
....integral transformation:     118.7394753 s

===============================================
            Relativistic CASCI(7,8)            
===============================================
Will now allocate 0.001 MB memory for the CASCI Hamiltonian!
Time taken for 1-RDM build:        0.0016274 s
Time taken for 1-RDM build:        0.0015461 s
Time taken for 1-RDM build:        0.0015328 s
Time taken for 1-RDM build:        0.0015366 s
Time taken for 1-RDM build:        0.0015295 s
Time taken for 1-RDM build:        0.0015326 s
Time taken for 2-RDM build:        0.0032530 s
Time taken for 2-RDM build:        0.0031424 s
Time taken for 2-RDM build:        0.0031443 s
Time taken for 2-RDM build:        0.0031462 s
Time taken for 2-RDM build:        0.0031445 s
Time taken for 2-RDM build:        0.0031614 s
Time taken for 3-RDM build:        0.0287578 s
Time taken for 3-RDM build:        0.0283234 s
Time taken for 3-RDM build:        0.0283477 s
Time taken for 3-RDM build:        0.0283451 s
Time taken for 3-RDM build:        0.0283358 s
Time taken for 3-RDM build:        0.0283425 s
E_frzc:                            0.0000000 Eh
E_cas:                           -13.1880855 Eh
E_nuc:                       -2590.5378304-0.0000000j Eh
E_casci:                     -2603.7203212-0.0000000j Eh
E0 (from RDM):                 -2603.7203212 Eh
Ecorr:                            -0.0318830 Eh

Timing summary
... Hamil build:                    0.0053012 s
... Hamil diag:                     0.0022357 s
... RDM build:                     80.1088791 s
State     Energy / Eh         Splitting / Eh      Splitting / cm-1    Splitting / meV     
0         -2.6037259e+03      +0.0000000e+00      +0.0000000e+00      +0.0000000e+00      
1         -2.6037259e+03      +9.2413757e-09      +2.0282475e-03      +2.5147076e-04      
2         -2.6037259e+03      +1.8784249e-08      +4.1226661e-03      +5.1114569e-04      
3         -2.6037259e+03      +9.8884811e-09      +2.1702707e-03      +2.6907941e-04      
4         -2.6037091e+03      +1.6783801e-02      +3.6836186e+03      +4.5671072e+02      
5         -2.6037091e+03      +7.4087438e-09      +1.6260313e-03      +2.0160228e-04      
Total time taken:                  84.7667065 s
===============================================

===============================================
            Relativistic DSRG-MRPT2            
===============================================
-----------------------------------------------
        DSRG-MRPT2 reference relaxation        
-----------------------------------------------
Iter                          Energy              Delta E   
   -Eref  -2603.7203212       
   -Ecorr -0.1486645       
<Psi^(0)|Hbar^(0)|Psi^(0)>    -2603.8689858       -2.60387e+03
   -Erelax-0.0000000       
<Psi^(0)|Hbar^(1)|Psi^(0)>    -2603.8689858       0.00000e+00
   -Eref  -2603.7203212       
   -Ecorr -0.1486645       
<Psi^(1)|Hbar^(1)|Psi^(1)>    -2603.8689858       0.00000e+00
   -Erelax0.0000000       
<Psi^(1)|Hbar^(2)|Psi^(1)>    -2603.8689858       0.00000e+00
Unrelaxed DSRG-MRPT2 energy:             -2603.8689858 Eh
Unrelaxed DSRG-MRPT2 E_corr:                -0.1486645 Eh
Partially relaxed DSRG-MRPT2 energy:     -2603.8689858 Eh
Partially relaxed DSRG-MRPT2 E_corr:        -0.1486645 Eh
Relaxed DSRG-MRPT2 energy:               -2603.8689858 Eh
Relaxed DSRG-MRPT2 E_corr:                  -0.1486645 Eh
Fully relaxed DSRG-MRPT2 energy:         -2603.8689858 Eh
Fully relaxed DSRG-MRPT2 E_corr:            -0.1486645 Eh
State     Energy / Eh         Splitting / Eh      Splitting / cm-1    Splitting / meV     
0         -2.6038744e+03      +0.0000000e+00      +0.0000000e+00      +0.0000000e+00      
1         -2.6038744e+03      +1.7007551e-09      +3.7327259e-04      +4.6279925e-05      
2         -2.6038744e+03      +3.2873686e-09      +7.2149401e-04      +8.9453899e-05      
3         -2.6038744e+03      +2.4724613e-09      +5.4264254e-04      +6.7279132e-05      
4         -2.6038582e+03      +1.6233328e-02      +3.5628037e+03      +4.4173157e+02      
5         -2.6038582e+03      +2.2287168e-09      +4.8914679e-04      +6.0646501e-05      
Time taken:                      279.7678359 s
===============================================
