NOW DOING s=0.8600000000000001
===============================================
              PySCF DHF interface              
===============================================
Will now allocate 1.593 GB disk space for the AO ERI tensor!

Timing report
....integral retrieval:            0.6993177 s
....integral transformation:       3.5957153 s

===============================================
            Relativistic CASCI(3,8)            
===============================================
Will now allocate 0.050 MB memory for the CASCI Hamiltonian!
Time taken for 1-RDM build:        0.0299032 s
Time taken for 1-RDM build:        0.0297382 s
Time taken for 1-RDM build:        0.0297363 s
Time taken for 1-RDM build:        0.0294745 s
Time taken for 1-RDM build:        0.0273755 s
Time taken for 1-RDM build:        0.0254240 s
Time taken for 2-RDM build:        0.0900519 s
Time taken for 2-RDM build:        0.0894852 s
Time taken for 2-RDM build:        0.0896921 s
Time taken for 2-RDM build:        0.0895913 s
Time taken for 2-RDM build:        0.0895815 s
Time taken for 2-RDM build:        0.0896952 s
Time taken for 3-RDM build:        0.1997087 s
Time taken for 3-RDM build:        0.1989298 s
Time taken for 3-RDM build:        0.1995170 s
Time taken for 3-RDM build:        0.1989245 s
Time taken for 3-RDM build:        0.1989918 s
Time taken for 3-RDM build:        0.1994152 s
E_frzc:                          -21.9899228 Eh
E_cas:                            -2.5754278 Eh
E_nuc:                             0.0000000 Eh
E_casci:                         -24.5653104 Eh
E0 (from RDM):                   -24.5653104 Eh
Ecorr:                            -0.2764703 Eh

Timing summary
... Hamil build:                    0.0794342 s
... Hamil diag:                     0.0149388 s
... RDM build:                      4.5699503 s
State     Energy / Eh         Splitting / Eh      Splitting / cm-1    Splitting / meV     
0         -2.4565351e+01      +0.0000000e+00      +0.0000000e+00      +0.0000000e+00      
1         -2.4565351e+01      +1.6292176e-09      +3.5757194e-04      +4.4333292e-05      
2         -2.4565290e+01      +6.0370290e-05      +1.3249747e+01      +1.6427601e+00      
3         -2.4565290e+01      +8.2750162e-10      +1.8161561e-04      +2.2517477e-05      
4         -2.4565290e+01      +8.6880547e-10      +1.9068076e-04      +2.3641412e-05      
5         -2.4565290e+01      +1.8699744e-09      +4.1041194e-04      +5.0884619e-05      
Total time taken:                   4.8532720 s
===============================================

===============================================
            Relativistic DSRG-MRPT2            
===============================================
-----------------------------------------------
        DSRG-MRPT2 reference relaxation        
-----------------------------------------------
Iter                          Energy              Delta E   
   -Eref  -24.5653104       
   -Ecorr -0.0715142       
<Psi^(0)|Hbar^(0)|Psi^(0)>    -24.6368246         -2.46368e+01
   -Erelax-0.0002960       
<Psi^(0)|Hbar^(1)|Psi^(0)>    -24.6371206         -2.96020e-04
   -Eref  -24.5650010       
   -Ecorr -0.0720503       
<Psi^(1)|Hbar^(1)|Psi^(1)>    -24.6370513         6.92877e-05
   -Erelax-0.0000000       
<Psi^(1)|Hbar^(2)|Psi^(1)>    -24.6370513         -2.99808e-08
   -Eref  -24.5650072       
   -Ecorr -0.0720447       
<Psi^(2)|Hbar^(2)|Psi^(2)>    -24.6370519         -5.69348e-07
   -Erelax-0.0000000       
<Psi^(2)|Hbar^(3)|Psi^(2)>    -24.6370519         -2.94520e-12
   -Eref  -24.5650071       
   -Ecorr -0.0720448       
<Psi^(3)|Hbar^(3)|Psi^(3)>    -24.6370519         5.66018e-09
   -Erelax-0.0000000       
<Psi^(3)|Hbar^(4)|Psi^(3)>    -24.6370519         0.00000e+00
Unrelaxed DSRG-MRPT2 energy:               -24.6368246 Eh
Unrelaxed DSRG-MRPT2 E_corr:                -0.0715142 Eh
Partially relaxed DSRG-MRPT2 energy:       -24.6371206 Eh
Partially relaxed DSRG-MRPT2 E_corr:        -0.0718102 Eh
Relaxed DSRG-MRPT2 energy:                 -24.6370513 Eh
Relaxed DSRG-MRPT2 E_corr:                  -0.0720503 Eh
Fully relaxed DSRG-MRPT2 energy:           -24.6370519 Eh
Fully relaxed DSRG-MRPT2 E_corr:            -0.0720448 Eh
State     Energy / Eh         Splitting / Eh      Splitting / cm-1    Splitting / meV     
0         -2.4637094e+01      +0.0000000e+00      +0.0000000e+00      +0.0000000e+00      
1         -2.4637094e+01      +5.1230842e-10      +1.1243870e-04      +1.3940629e-05      
2         -2.4637031e+01      +6.3861807e-05      +1.4016046e+01      +1.7377691e+00      
3         -2.4637031e+01      +4.0721559e-10      +8.9373492e-05      +1.1080906e-05      
4         -2.4637031e+01      +3.5192471e-10      +7.7238546e-05      +9.5763637e-06      
5         -2.4637031e+01      +5.2780535e-10      +1.1583988e-04      +1.4362322e-05      
Time taken:                       42.5912840 s
===============================================
===============================================
              PySCF DHF interface              
===============================================
Will now allocate 1.593 GB disk space for the AO ERI tensor!

Timing report
....integral retrieval:            0.6990685 s
....integral transformation:       3.3462379 s

===============================================
            Relativistic CASCI(4,8)            
===============================================
Will now allocate 0.078 MB memory for the CASCI Hamiltonian!
Time taken for 1-RDM build:        0.0404387 s
Time taken for 1-RDM build:        0.0404985 s
Time taken for 1-RDM build:        0.0403416 s
Time taken for 1-RDM build:        0.0376446 s
Time taken for 1-RDM build:        0.0335491 s
Time taken for 1-RDM build:        0.0308774 s
Time taken for 1-RDM build:        0.0305376 s
Time taken for 1-RDM build:        0.0305796 s
Time taken for 1-RDM build:        0.0306811 s
Time taken for 2-RDM build:        0.1320956 s
Time taken for 2-RDM build:        0.1318326 s
Time taken for 2-RDM build:        0.1320481 s
Time taken for 2-RDM build:        0.1317177 s
Time taken for 2-RDM build:        0.1315651 s
Time taken for 2-RDM build:        0.1318634 s
Time taken for 2-RDM build:        0.1318259 s
Time taken for 2-RDM build:        0.1323071 s
Time taken for 2-RDM build:        0.1319911 s
Time taken for 3-RDM build:        0.4162786 s
Time taken for 3-RDM build:        0.4160306 s
Time taken for 3-RDM build:        0.4158311 s
Time taken for 3-RDM build:        0.4158721 s
Time taken for 3-RDM build:        0.4160099 s
Time taken for 3-RDM build:        0.4159694 s
Time taken for 3-RDM build:        0.4157684 s
Time taken for 3-RDM build:        0.4159763 s
Time taken for 3-RDM build:        0.4157050 s
E_frzc:                          -32.3709352 Eh
E_cas:                            -5.3467114 Eh
E_nuc:                             0.0000000 Eh
E_casci:                         -37.7175257 Eh
E0 (from RDM):                   -37.7175257 Eh
Ecorr:                            -0.4429083 Eh

Timing summary
... Hamil build:                    0.1218688 s
... Hamil diag:                     0.0015695 s
... RDM build:                      7.8748009 s
State     Energy / Eh         Splitting / Eh      Splitting / cm-1    Splitting / meV     
0         -3.7717647e+01      +0.0000000e+00      +0.0000000e+00      +0.0000000e+00      
1         -3.7717578e+01      +6.8056777e-05      +1.4936736e+01      +1.8519201e+00      
2         -3.7717578e+01      +1.0789876e-09      +2.3681040e-04      +2.9360761e-05      
3         -3.7717578e+01      +1.2285781e-09      +2.6964173e-04      +3.3431330e-05      
4         -3.7717470e+01      +1.0852195e-04      +2.3817815e+01      +2.9530341e+00      
5         -3.7717470e+01      +3.7325520e-10      +8.1920048e-05      +1.0156796e-05      
6         -3.7717470e+01      +9.5214148e-10      +2.0897090e-04      +2.5909102e-05      
7         -3.7717470e+01      +4.4994408e-10      +9.8751311e-05      +1.2243608e-05      
8         -3.7717470e+01      +5.6218852e-10      +1.2338612e-04      +1.5297936e-05      
Total time taken:                   8.1869693 s
===============================================

===============================================
            Relativistic DSRG-MRPT2            
===============================================
-----------------------------------------------
        DSRG-MRPT2 reference relaxation        
-----------------------------------------------
Iter                          Energy              Delta E   
   -Eref  -37.7175257       
   -Ecorr -0.1141194       
<Psi^(0)|Hbar^(0)|Psi^(0)>    -37.8316451         -3.78316e+01
   -Erelax-0.0000000       
<Psi^(0)|Hbar^(1)|Psi^(0)>    -37.8316452         -2.92222e-08
   -Eref  -37.7175257       
   -Ecorr -0.1141173       
<Psi^(1)|Hbar^(1)|Psi^(1)>    -37.8316430         2.15664e-06
   -Erelax-0.0000000       
<Psi^(1)|Hbar^(2)|Psi^(1)>    -37.8316430         -5.29305e-10
   -Eref  -37.7175257       
   -Ecorr -0.1141174       
<Psi^(2)|Hbar^(2)|Psi^(2)>    -37.8316430         -2.53394e-08
   -Erelax-0.0000000       
<Psi^(2)|Hbar^(3)|Psi^(2)>    -37.8316430         -1.52127e-11
   -Eref  -37.7175257       
   -Ecorr -0.1141174       
<Psi^(3)|Hbar^(3)|Psi^(3)>    -37.8316430         1.60576e-09
   -Erelax-0.0000000       
<Psi^(3)|Hbar^(4)|Psi^(3)>    -37.8316430         -4.40536e-13
Unrelaxed DSRG-MRPT2 energy:               -37.8316451 Eh
Unrelaxed DSRG-MRPT2 E_corr:                -0.1141194 Eh
Partially relaxed DSRG-MRPT2 energy:       -37.8316452 Eh
Partially relaxed DSRG-MRPT2 E_corr:        -0.1141194 Eh
Relaxed DSRG-MRPT2 energy:                 -37.8316430 Eh
Relaxed DSRG-MRPT2 E_corr:                  -0.1141173 Eh
Fully relaxed DSRG-MRPT2 energy:           -37.8316430 Eh
Fully relaxed DSRG-MRPT2 E_corr:            -0.1141174 Eh
State     Energy / Eh         Splitting / Eh      Splitting / cm-1    Splitting / meV     
0         -3.7831803e+01      +0.0000000e+00      +0.0000000e+00      +0.0000000e+00      
1         -3.7831717e+01      +8.6644531e-05      +1.9016276e+01      +2.3577189e+00      
2         -3.7831717e+01      +1.5681678e-10      +3.4417305e-05      +4.2672040e-06      
3         -3.7831717e+01      +1.7420376e-10      +3.8233306e-05      +4.7403281e-06      
4         -3.7831567e+01      +1.5008325e-04      +3.2939465e+01      +4.0839751e+00      
5         -3.7831567e+01      +7.4862783e-11      +1.6430482e-05      +2.0371210e-06      
6         -3.7831567e+01      +7.2105877e-11      +1.5825411e-05      +1.9621018e-06      
7         -3.7831567e+01      +1.2349943e-10      +2.7104992e-05      +3.3605923e-06      
8         -3.7831567e+01      +3.4390268e-11      +7.5477914e-06      +9.3580732e-07      
Time taken:                       52.7829003 s
===============================================
===============================================
              PySCF DHF interface              
===============================================
Will now allocate 1.593 GB disk space for the AO ERI tensor!

Timing report
....integral retrieval:            0.7006733 s
....integral transformation:       3.4478796 s

===============================================
            Relativistic CASCI(5,8)            
===============================================
Will now allocate 0.050 MB memory for the CASCI Hamiltonian!
Time taken for 1-RDM build:        0.0300448 s
Time taken for 1-RDM build:        0.0299559 s
Time taken for 1-RDM build:        0.0299759 s
Time taken for 1-RDM build:        0.0299222 s
Time taken for 1-RDM build:        0.0287318 s
Time taken for 1-RDM build:        0.0260804 s
Time taken for 1-RDM build:        0.0241313 s
Time taken for 1-RDM build:        0.0228035 s
Time taken for 1-RDM build:        0.0228529 s
Time taken for 1-RDM build:        0.0228276 s
Time taken for 1-RDM build:        0.0228548 s
Time taken for 1-RDM build:        0.0227997 s
Time taken for 1-RDM build:        0.0230629 s
Time taken for 1-RDM build:        0.0227935 s
Time taken for 2-RDM build:        0.0954611 s
Time taken for 2-RDM build:        0.0948329 s
Time taken for 2-RDM build:        0.0946176 s
Time taken for 2-RDM build:        0.0953543 s
Time taken for 2-RDM build:        0.0948949 s
Time taken for 2-RDM build:        0.0950005 s
Time taken for 2-RDM build:        0.0945311 s
Time taken for 2-RDM build:        0.0948119 s
Time taken for 2-RDM build:        0.0948257 s
Time taken for 2-RDM build:        0.0947080 s
Time taken for 2-RDM build:        0.0947266 s
Time taken for 2-RDM build:        0.0952630 s
Time taken for 2-RDM build:        0.0946748 s
Time taken for 2-RDM build:        0.0945809 s
Time taken for 3-RDM build:        0.3778822 s
Time taken for 3-RDM build:        0.3777902 s
Time taken for 3-RDM build:        0.3789325 s
Time taken for 3-RDM build:        0.3779445 s
Time taken for 3-RDM build:        0.3778551 s
Time taken for 3-RDM build:        0.3774755 s
Time taken for 3-RDM build:        0.3779831 s
Time taken for 3-RDM build:        0.3776877 s
Time taken for 3-RDM build:        0.3776975 s
Time taken for 3-RDM build:        0.3781905 s
Time taken for 3-RDM build:        0.3775940 s
Time taken for 3-RDM build:        0.3780656 s
Time taken for 3-RDM build:        0.3777263 s
Time taken for 3-RDM build:        0.3775537 s
E_frzc:                          -44.7567199 Eh
E_cas:                            -9.6666253 Eh
E_nuc:                             0.0000000 Eh
E_casci:                         -54.3487687 Eh
E0 (from RDM):                   -54.3487687 Eh
Ecorr:                            -0.4454114 Eh

Timing summary
... Hamil build:                    0.0954962 s
... Hamil diag:                     0.0014296 s
... RDM build:                      9.7064264 s
State     Energy / Eh         Splitting / Eh      Splitting / cm-1    Splitting / meV     
0         -5.4423345e+01      +0.0000000e+00      +0.0000000e+00      +0.0000000e+00      
1         -5.4423345e+01      +1.0766144e-09      +2.3628954e-04      +2.9296183e-05      
2         -5.4423345e+01      +1.0765291e-09      +2.3627082e-04      +2.9293863e-05      
3         -5.4423345e+01      +1.0764012e-09      +2.3624275e-04      +2.9290382e-05      
4         -5.4318958e+01      +1.0438692e-01      +2.2910281e+04      +2.8405142e+03      
5         -5.4318958e+01      +1.1012702e-09      +2.4170087e-04      +2.9967102e-05      
6         -5.4318958e+01      +1.1371171e-09      +2.4956835e-04      +3.0942546e-05      
7         -5.4318958e+01      +5.9976912e-10      +1.3163411e-04      +1.6320557e-05      
8         -5.4318958e+01      +1.1947421e-09      +2.6221558e-04      +3.2510604e-05      
9         -5.4318958e+01      +1.3783108e-09      +3.0250425e-04      +3.7505765e-05      
10        -5.4318908e+01      +5.0508872e-05      +1.1085416e+01      +1.3744171e+00      
11        -5.4318908e+01      +3.9502766e-09      +8.6698548e-04      +1.0749255e-04      
12        -5.4318908e+01      +3.0347778e-09      +6.6605673e-04      +8.2580549e-05      
13        -5.4318908e+01      +2.9868872e-09      +6.5554596e-04      +8.1277379e-05      
Total time taken:                   9.9922473 s
===============================================

===============================================
            Relativistic DSRG-MRPT2            
===============================================
-----------------------------------------------
        DSRG-MRPT2 reference relaxation        
-----------------------------------------------
Iter                          Energy              Delta E   
   -Eref  -54.3487687       
   -Ecorr -0.1683979       
<Psi^(0)|Hbar^(0)|Psi^(0)>    -54.5171666         -5.45172e+01
   -Erelax-0.0000000       
<Psi^(0)|Hbar^(1)|Psi^(0)>    -54.5171666         -2.78467e-08
   -Eref  -54.3487687       
   -Ecorr -0.1683980       
<Psi^(1)|Hbar^(1)|Psi^(1)>    -54.5171666         -4.60504e-08
   -Erelax-0.0000000       
<Psi^(1)|Hbar^(2)|Psi^(1)>    -54.5171666         -2.40220e-10
   -Eref  -54.3487687       
   -Ecorr -0.1683980       
<Psi^(2)|Hbar^(2)|Psi^(2)>    -54.5171666         8.40295e-09
   -Erelax-0.0000000       
<Psi^(2)|Hbar^(3)|Psi^(2)>    -54.5171666         -5.03775e-12
Unrelaxed DSRG-MRPT2 energy:               -54.5171666 Eh
Unrelaxed DSRG-MRPT2 E_corr:                -0.1683979 Eh
Partially relaxed DSRG-MRPT2 energy:       -54.5171666 Eh
Partially relaxed DSRG-MRPT2 E_corr:        -0.1683979 Eh
Relaxed DSRG-MRPT2 energy:                 -54.5171666 Eh
Relaxed DSRG-MRPT2 E_corr:                  -0.1683980 Eh
Fully relaxed DSRG-MRPT2 energy:           -54.5171666 Eh
Fully relaxed DSRG-MRPT2 E_corr:            -0.1683980 Eh
State     Energy / Eh         Splitting / Eh      Splitting / cm-1    Splitting / meV     
0         -5.4582911e+01      +0.0000000e+00      +0.0000000e+00      +0.0000000e+00      
1         -5.4582911e+01      +2.8487079e-10      +6.2521912e-05      +7.7517328e-06      
2         -5.4582911e+01      +2.8488500e-10      +6.2525031e-05      +7.7521195e-06      
3         -5.4582911e+01      +2.8487790e-10      +6.2523471e-05      +7.7519262e-06      
4         -5.4490875e+01      +9.2036057e-02      +2.0199580e+04      +2.5044299e+03      
5         -5.4490875e+01      +1.2918377e-10      +2.8352561e-05      +3.5152712e-06      
6         -5.4490875e+01      +8.1001872e-11      +1.7777856e-05      +2.2041743e-06      
7         -5.4490875e+01      +1.0420109e-10      +2.2869496e-05      +2.8354575e-06      
8         -5.4490875e+01      +5.7596594e-11      +1.2640991e-05      +1.5672839e-06      
9         -5.4490875e+01      +1.3314150e-10      +2.9221181e-05      +3.6229664e-06      
10        -5.4490859e+01      +1.6621762e-05      +3.6480551e+00      +4.5230140e-01      
11        -5.4490859e+01      +4.5887560e-10      +1.0071155e-04      +1.2486647e-05      
12        -5.4490859e+01      +1.8476243e-10      +4.0550665e-05      +5.0276441e-06      
13        -5.4490859e+01      +2.5051605e-10      +5.4981918e-05      +6.8168923e-06      
Time taken:                       40.3510683 s
===============================================
===============================================
              PySCF DHF interface              
===============================================
Will now allocate 1.593 GB disk space for the AO ERI tensor!

Timing report
....integral retrieval:            0.7000055 s
....integral transformation:       3.3444293 s

===============================================
            Relativistic CASCI(6,8)            
===============================================
Will now allocate 0.013 MB memory for the CASCI Hamiltonian!
Time taken for 1-RDM build:        0.0117598 s
Time taken for 1-RDM build:        0.0117605 s
Time taken for 1-RDM build:        0.0117407 s
Time taken for 1-RDM build:        0.0117469 s
Time taken for 1-RDM build:        0.0117502 s
Time taken for 1-RDM build:        0.0117404 s
Time taken for 1-RDM build:        0.0117180 s
Time taken for 1-RDM build:        0.0117209 s
Time taken for 1-RDM build:        0.0117078 s
Time taken for 2-RDM build:        0.0305777 s
Time taken for 2-RDM build:        0.0304055 s
Time taken for 2-RDM build:        0.0303593 s
Time taken for 2-RDM build:        0.0303993 s
Time taken for 2-RDM build:        0.0303664 s
Time taken for 2-RDM build:        0.0303826 s
Time taken for 2-RDM build:        0.0303762 s
Time taken for 2-RDM build:        0.0304527 s
Time taken for 2-RDM build:        0.0303755 s
Time taken for 3-RDM build:        0.1578503 s
Time taken for 3-RDM build:        0.1573696 s
Time taken for 3-RDM build:        0.1576309 s
Time taken for 3-RDM build:        0.1574228 s
Time taken for 3-RDM build:        0.1580191 s
Time taken for 3-RDM build:        0.1574128 s
Time taken for 3-RDM build:        0.1575007 s
Time taken for 3-RDM build:        0.1574321 s
Time taken for 3-RDM build:        0.1577709 s
E_frzc:                          -59.1480236 Eh
E_cas:                           -15.7034833 Eh
E_nuc:                             0.0000000 Eh
E_casci:                         -74.8511626 Eh
E0 (from RDM):                   -74.8511626 Eh
Ecorr:                            -0.3302227 Eh

Timing summary
... Hamil build:                    0.0369401 s
... Hamil diag:                     0.0005434 s
... RDM build:                      4.5186343 s
State     Energy / Eh         Splitting / Eh      Splitting / cm-1    Splitting / meV     
0         -7.4851507e+01      +0.0000000e+00      +0.0000000e+00      +0.0000000e+00      
1         -7.4851507e+01      +6.1121170e-09      +1.3414546e-03      +1.6631926e-04      
2         -7.4851507e+01      +6.8041430e-09      +1.4933368e-03      +1.8515025e-04      
3         -7.4851507e+01      +7.2887616e-09      +1.5996983e-03      +1.9833740e-04      
4         -7.4851507e+01      +9.8173842e-09      +2.1546668e-03      +2.6714476e-04      
5         -7.4850809e+01      +6.9818897e-04      +1.5323477e+02      +1.8998699e+01      
6         -7.4850809e+01      +7.3982278e-09      +1.6237233e-03      +2.0131613e-04      
7         -7.4850809e+01      +7.5923197e-09      +1.6663215e-03      +2.0659764e-04      
8         -7.4850503e+01      +3.0523771e-04      +6.6991933e+01      +8.3059451e+00      
Total time taken:                   4.7448206 s
===============================================

===============================================
            Relativistic DSRG-MRPT2            
===============================================
-----------------------------------------------
        DSRG-MRPT2 reference relaxation        
-----------------------------------------------
Iter                          Energy              Delta E   
   -Eref  -74.8511626       
   -Ecorr -0.2159038       
<Psi^(0)|Hbar^(0)|Psi^(0)>    -75.0670664         -7.50671e+01
   -Erelax-0.0000003       
<Psi^(0)|Hbar^(1)|Psi^(0)>    -75.0670667         -2.61391e-07
   -Eref  -74.8511624       
   -Ecorr -0.2159038       
<Psi^(1)|Hbar^(1)|Psi^(1)>    -75.0670662         5.20418e-07
   -Erelax-0.0000000       
<Psi^(1)|Hbar^(2)|Psi^(1)>    -75.0670662         -3.11278e-08
   -Eref  -74.8511625       
   -Ecorr -0.2159038       
<Psi^(2)|Hbar^(2)|Psi^(2)>    -75.0670663         -1.16210e-07
   -Erelax-0.0000000       
<Psi^(2)|Hbar^(3)|Psi^(2)>    -75.0670663         -3.79487e-09
   -Eref  -74.8511625       
   -Ecorr -0.2159038       
<Psi^(3)|Hbar^(3)|Psi^(3)>    -75.0670663         4.82260e-08
   -Erelax-0.0000000       
<Psi^(3)|Hbar^(4)|Psi^(3)>    -75.0670663         -4.62890e-10
   -Eref  -74.8511625       
   -Ecorr -0.2159038       
<Psi^(4)|Hbar^(4)|Psi^(4)>    -75.0670663         -1.59097e-08
   -Erelax-0.0000000       
<Psi^(4)|Hbar^(5)|Psi^(4)>    -75.0670663         -5.64455e-11
   -Eref  -74.8511625       
   -Ecorr -0.2159038       
<Psi^(5)|Hbar^(5)|Psi^(5)>    -75.0670663         5.66968e-09
   -Erelax-0.0000000       
<Psi^(5)|Hbar^(6)|Psi^(5)>    -75.0670663         -6.86384e-12
Unrelaxed DSRG-MRPT2 energy:               -75.0670664 Eh
Unrelaxed DSRG-MRPT2 E_corr:                -0.2159038 Eh
Partially relaxed DSRG-MRPT2 energy:       -75.0670667 Eh
Partially relaxed DSRG-MRPT2 E_corr:        -0.2159040 Eh
Relaxed DSRG-MRPT2 energy:                 -75.0670662 Eh
Relaxed DSRG-MRPT2 E_corr:                  -0.2159038 Eh
Fully relaxed DSRG-MRPT2 energy:           -75.0670663 Eh
Fully relaxed DSRG-MRPT2 E_corr:            -0.2159038 Eh
State     Energy / Eh         Splitting / Eh      Splitting / cm-1    Splitting / meV     
0         -7.5067327e+01      +0.0000000e+00      +0.0000000e+00      +0.0000000e+00      
1         -7.5067327e+01      +1.9843753e-09      +4.3552004e-04      +5.3997629e-05      
2         -7.5067327e+01      +1.4352253e-09      +3.1499554e-04      +3.9054488e-05      
3         -7.5067327e+01      +2.2288305e-09      +4.8917174e-04      +6.0649595e-05      
4         -7.5067327e+01      +2.5726621e-09      +5.6463406e-04      +7.0005734e-05      
5         -7.5066794e+01      +5.3289359e-04      +1.1695662e+02      +1.4500780e+01      
6         -7.5066794e+01      +2.1485391e-09      +4.7154983e-04      +5.8464755e-05      
7         -7.5066794e+01      +1.8247590e-09      +4.0048831e-04      +4.9654246e-05      
8         -7.5066579e+01      +2.1540887e-04      +4.7276782e+01      +5.8615767e+00      
Time taken:                       68.0621243 s
===============================================
===============================================
              PySCF DHF interface              
===============================================
Will now allocate 1.593 GB disk space for the AO ERI tensor!

Timing report
....integral retrieval:            0.6985769 s
....integral transformation:       3.6439579 s

===============================================
            Relativistic CASCI(7,8)            
===============================================
Will now allocate 0.001 MB memory for the CASCI Hamiltonian!
Time taken for 1-RDM build:        0.0019917 s
Time taken for 1-RDM build:        0.0019784 s
Time taken for 1-RDM build:        0.0019748 s
Time taken for 1-RDM build:        0.0019739 s
Time taken for 1-RDM build:        0.0019732 s
Time taken for 1-RDM build:        0.0019724 s
Time taken for 2-RDM build:        0.0031765 s
Time taken for 2-RDM build:        0.0031145 s
Time taken for 2-RDM build:        0.0031173 s
Time taken for 2-RDM build:        0.0031095 s
Time taken for 2-RDM build:        0.0031154 s
Time taken for 2-RDM build:        0.0031161 s
Time taken for 3-RDM build:        0.0286748 s
Time taken for 3-RDM build:        0.0283904 s
Time taken for 3-RDM build:        0.0283718 s
Time taken for 3-RDM build:        0.0283833 s
Time taken for 3-RDM build:        0.0283706 s
Time taken for 3-RDM build:        0.0283787 s
E_frzc:                          -75.5478008 Eh
E_cas:                           -23.9325131 Eh
E_nuc:                             0.0000000 Eh
E_casci:                         -99.4797328 Eh
E0 (from RDM):                   -99.4797328 Eh
Ecorr:                            -0.1043819 Eh

Timing summary
... Hamil build:                    0.0060740 s
... Hamil diag:                     0.0001614 s
... RDM build:                      2.9293635 s
State     Energy / Eh         Splitting / Eh      Splitting / cm-1    Splitting / meV     
0         -9.9480314e+01      +0.0000000e+00      +0.0000000e+00      +0.0000000e+00      
1         -9.9480314e+01      +2.4031038e-08      +5.2742033e-03      +6.5391818e-04      
2         -9.9480314e+01      +6.9549628e-09      +1.5264379e-03      +1.8925427e-04      
3         -9.9480314e+01      +2.1663126e-08      +4.7545067e-03      +5.8948398e-04      
4         -9.9478571e+01      +1.7431739e-03      +3.8258245e+02      +4.7434202e+01      
5         -9.9478571e+01      +1.6993965e-08      +3.7297443e-03      +4.6242957e-04      
Total time taken:                   3.1258214 s
===============================================

===============================================
            Relativistic DSRG-MRPT2            
===============================================
-----------------------------------------------
        DSRG-MRPT2 reference relaxation        
-----------------------------------------------
Iter                          Energy              Delta E   
   -Eref  -99.4797328       
   -Ecorr -0.2701670       
<Psi^(0)|Hbar^(0)|Psi^(0)>    -99.7498998         -9.97499e+01
   -Erelax-0.0000000       
<Psi^(0)|Hbar^(1)|Psi^(0)>    -99.7498998         -1.42109e-14
   -Eref  -99.4797328       
   -Ecorr -0.2701670       
<Psi^(1)|Hbar^(1)|Psi^(1)>    -99.7498998         -1.42109e-14
   -Erelax0.0000000       
<Psi^(1)|Hbar^(2)|Psi^(1)>    -99.7498998         1.42109e-14
Unrelaxed DSRG-MRPT2 energy:               -99.7498998 Eh
Unrelaxed DSRG-MRPT2 E_corr:                -0.2701670 Eh
Partially relaxed DSRG-MRPT2 energy:       -99.7498998 Eh
Partially relaxed DSRG-MRPT2 E_corr:        -0.2701670 Eh
Relaxed DSRG-MRPT2 energy:                 -99.7498998 Eh
Relaxed DSRG-MRPT2 E_corr:                  -0.2701670 Eh
Fully relaxed DSRG-MRPT2 energy:           -99.7498998 Eh
Fully relaxed DSRG-MRPT2 E_corr:            -0.2701670 Eh
State     Energy / Eh         Splitting / Eh      Splitting / cm-1    Splitting / meV     
0         -9.9750477e+01      +0.0000000e+00      +0.0000000e+00      +0.0000000e+00      
1         -9.9750477e+01      +4.3634145e-09      +9.5765879e-04      +1.1873461e-04      
2         -9.9750477e+01      +5.2262124e-09      +1.1470210e-03      +1.4221255e-04      
3         -9.9750477e+01      +2.4670328e-09      +5.4145111e-04      +6.7131414e-05      
4         -9.9748745e+01      +1.7326536e-03      +3.8027352e+02      +4.7147930e+01      
5         -9.9748745e+01      +5.3760516e-09      +1.1799069e-03      +1.4628989e-04      
Time taken:                       15.9826918 s
===============================================
===============================================
              PySCF DHF interface              
===============================================
Will now allocate 0.320 MB disk space for the frozen core ERI tensor!
Will now allocate 74.650 MB disk space for the aacc and acca ERI tensor!
Will now allocate 4.354 GB disk space for the AO ERI tensor!

Timing report
....integral retrieval:            2.6238430 s
....integral transformation:       9.0418849 s

===============================================
            Relativistic CASCI(3,8)            
===============================================
Will now allocate 0.050 MB memory for the CASCI Hamiltonian!
Time taken for 1-RDM build:        0.0258350 s
Time taken for 1-RDM build:        0.0258505 s
Time taken for 1-RDM build:        0.0259078 s
Time taken for 1-RDM build:        0.0259490 s
Time taken for 1-RDM build:        0.0259769 s
Time taken for 1-RDM build:        0.0259616 s
Time taken for 2-RDM build:        0.0898890 s
Time taken for 2-RDM build:        0.0894716 s
Time taken for 2-RDM build:        0.0893843 s
Time taken for 2-RDM build:        0.0894644 s
Time taken for 2-RDM build:        0.0892124 s
Time taken for 2-RDM build:        0.0894773 s
Time taken for 3-RDM build:        0.1985428 s
Time taken for 3-RDM build:        0.1980209 s
Time taken for 3-RDM build:        0.1981039 s
Time taken for 3-RDM build:        0.1986642 s
Time taken for 3-RDM build:        0.1981103 s
Time taken for 3-RDM build:        0.1983716 s
E_frzc:                            0.0000000 Eh
E_cas:                            -1.8986420 Eh
E_nuc:                       -240.4061812+0.0000000j Eh
E_casci:                     -242.3045291+0.0000000j Eh
E0 (from RDM):                  -242.3045291 Eh
Ecorr:                            -0.1899047 Eh

Timing summary
... Hamil build:                    0.0606179 s
... Hamil diag:                     0.0015790 s
... RDM build:                      7.8790684 s
State     Energy / Eh         Splitting / Eh      Splitting / cm-1    Splitting / meV     
0         -2.4230482e+02      +0.0000000e+00      +0.0000000e+00      +0.0000000e+00      
1         -2.4230482e+02      +1.0992665e-09      +2.4126110e-04      +2.9912578e-05      
2         -2.4230438e+02      +4.4107881e-04      +9.6805609e+01      +1.2002372e+01      
3         -2.4230438e+02      +1.0805650e-09      +2.3715660e-04      +2.9403685e-05      
4         -2.4230438e+02      +8.9775654e-10      +1.9703478e-04      +2.4429211e-05      
5         -2.4230438e+02      +3.6629899e-10      +8.0393336e-05      +9.9675080e-06      
Total time taken:                   8.4193933 s
===============================================

===============================================
            Relativistic DSRG-MRPT2            
===============================================
-----------------------------------------------
        DSRG-MRPT2 reference relaxation        
-----------------------------------------------
Iter                          Energy              Delta E   
   -Eref  -242.3045291       
   -Ecorr -0.0248199       
<Psi^(0)|Hbar^(0)|Psi^(0)>    -242.3293490        -2.42329e+02
   -Erelax-0.0003066       
<Psi^(0)|Hbar^(1)|Psi^(0)>    -242.3296556        -3.06569e-04
   -Eref  -242.3042229       
   -Ecorr -0.0253455       
<Psi^(1)|Hbar^(1)|Psi^(1)>    -242.3295684        8.71528e-05
   -Erelax-0.0000000       
<Psi^(1)|Hbar^(2)|Psi^(1)>    -242.3295684        -4.11831e-11
   -Eref  -242.3042232       
   -Ecorr -0.0253453       
<Psi^(2)|Hbar^(2)|Psi^(2)>    -242.3295684        -2.88022e-08
   -Erelax-0.0000000       
<Psi^(2)|Hbar^(3)|Psi^(2)>    -242.3295684        0.00000e+00
   -Eref  -242.3042232       
   -Ecorr -0.0253453       
<Psi^(3)|Hbar^(3)|Psi^(3)>    -242.3295684        1.44098e-11
   -Erelax-0.0000000       
<Psi^(3)|Hbar^(4)|Psi^(3)>    -242.3295684        0.00000e+00
Unrelaxed DSRG-MRPT2 energy:              -242.3293490 Eh
Unrelaxed DSRG-MRPT2 E_corr:                -0.0248199 Eh
Partially relaxed DSRG-MRPT2 energy:      -242.3296556 Eh
Partially relaxed DSRG-MRPT2 E_corr:        -0.0251264 Eh
Relaxed DSRG-MRPT2 energy:                -242.3295684 Eh
Relaxed DSRG-MRPT2 E_corr:                  -0.0253455 Eh
Fully relaxed DSRG-MRPT2 energy:          -242.3295684 Eh
Fully relaxed DSRG-MRPT2 E_corr:            -0.0253453 Eh
State     Energy / Eh         Splitting / Eh      Splitting / cm-1    Splitting / meV     
0         -2.4232990e+02      +0.0000000e+00      +0.0000000e+00      +0.0000000e+00      
1         -2.4232990e+02      +5.5516125e-10      +1.2184381e-04      +1.5106714e-05      
2         -2.4232940e+02      +4.9284581e-04      +1.0816715e+02      +1.3411024e+01      
3         -2.4232940e+02      +5.2571636e-10      +1.1538140e-04      +1.4305478e-05      
4         -2.4232940e+02      +4.2541615e-10      +9.3368051e-05      +1.1576169e-05      
5         -2.4232940e+02      +2.1839242e-10      +4.7931595e-05      +5.9427632e-06      
Time taken:                       72.2231245 s
===============================================
===============================================
              PySCF DHF interface              
===============================================
Will now allocate 0.320 MB disk space for the frozen core ERI tensor!
Will now allocate 74.650 MB disk space for the aacc and acca ERI tensor!
Will now allocate 4.354 GB disk space for the AO ERI tensor!

Timing report
....integral retrieval:            2.6566801 s
....integral transformation:       9.2941780 s

===============================================
            Relativistic CASCI(4,8)            
===============================================
Will now allocate 0.078 MB memory for the CASCI Hamiltonian!
Time taken for 1-RDM build:        0.0349219 s
Time taken for 1-RDM build:        0.0348980 s
Time taken for 1-RDM build:        0.0347979 s
Time taken for 1-RDM build:        0.0348074 s
Time taken for 1-RDM build:        0.0344505 s
Time taken for 1-RDM build:        0.0317376 s
Time taken for 1-RDM build:        0.0308444 s
Time taken for 1-RDM build:        0.0306406 s
Time taken for 1-RDM build:        0.0306275 s
Time taken for 2-RDM build:        0.1329238 s
Time taken for 2-RDM build:        0.1322064 s
Time taken for 2-RDM build:        0.1324770 s
Time taken for 2-RDM build:        0.1326852 s
Time taken for 2-RDM build:        0.1324456 s
Time taken for 2-RDM build:        0.1326849 s
Time taken for 2-RDM build:        0.1332111 s
Time taken for 2-RDM build:        0.1326146 s
Time taken for 2-RDM build:        0.1327085 s
Time taken for 3-RDM build:        0.4169416 s
Time taken for 3-RDM build:        0.4155819 s
Time taken for 3-RDM build:        0.4158883 s
Time taken for 3-RDM build:        0.4153423 s
Time taken for 3-RDM build:        0.4153154 s
Time taken for 3-RDM build:        0.4162056 s
Time taken for 3-RDM build:        0.4156201 s
Time taken for 3-RDM build:        0.4157567 s
Time taken for 3-RDM build:        0.4155188 s
E_frzc:                            0.0000000 Eh
E_cas:                            -3.6921024 Eh
E_nuc:                       -285.7423197+0.0000000j Eh
E_casci:                     -289.4337768+0.0000000j Eh
E0 (from RDM):                  -289.4337768 Eh
Ecorr:                            -0.2329780 Eh

Timing summary
... Hamil build:                    0.0930431 s
... Hamil diag:                     0.0016477 s
... RDM build:                     11.2514906 s
State     Energy / Eh         Splitting / Eh      Splitting / cm-1    Splitting / meV     
0         -2.8943442e+02      +0.0000000e+00      +0.0000000e+00      +0.0000000e+00      
1         -2.8943409e+02      +3.3211201e-04      +7.2890160e+01      +9.0372324e+00      
2         -2.8943409e+02      +8.1735152e-10      +1.7938792e-04      +2.2241278e-05      
3         -2.8943409e+02      +8.9210062e-10      +1.9579345e-04      +2.4275306e-05      
4         -2.8943346e+02      +6.3005266e-04      +1.3828057e+02      +1.7144614e+01      
5         -2.8943346e+02      +2.5920599e-10      +5.6889139e-05      +7.0533576e-06      
6         -2.8943346e+02      +7.8654239e-10      +1.7262610e-04      +2.1402919e-05      
7         -2.8943346e+02      +6.1896799e-10      +1.3584777e-04      +1.6842985e-05      
8         -2.8943346e+02      +4.2439297e-10      +9.3143489e-05      +1.1548326e-05      
Total time taken:                  11.8203888 s
===============================================

===============================================
            Relativistic DSRG-MRPT2            
===============================================
-----------------------------------------------
        DSRG-MRPT2 reference relaxation        
-----------------------------------------------
Iter                          Energy              Delta E   
   -Eref  -289.4337768       
   -Ecorr -0.0556540       
<Psi^(0)|Hbar^(0)|Psi^(0)>    -289.4894308        -2.89489e+02
   -Erelax-0.0000811       
<Psi^(0)|Hbar^(1)|Psi^(0)>    -289.4895119        -8.10546e-05
   -Eref  -289.4336948       
   -Ecorr -0.0558507       
<Psi^(1)|Hbar^(1)|Psi^(1)>    -289.4895455        -3.36226e-05
   -Erelax-0.0000000       
<Psi^(1)|Hbar^(2)|Psi^(1)>    -289.4895455        -1.45616e-09
   -Eref  -289.4336952       
   -Ecorr -0.0558502       
<Psi^(2)|Hbar^(2)|Psi^(2)>    -289.4895454        1.12396e-07
   -Erelax-0.0000000       
<Psi^(2)|Hbar^(3)|Psi^(2)>    -289.4895454        -2.10321e-12
   -Eref  -289.4336952       
   -Ecorr -0.0558502       
<Psi^(3)|Hbar^(3)|Psi^(3)>    -289.4895454        4.49916e-10
   -Erelax-0.0000000       
<Psi^(3)|Hbar^(4)|Psi^(3)>    -289.4895454        0.00000e+00
Unrelaxed DSRG-MRPT2 energy:              -289.4894308 Eh
Unrelaxed DSRG-MRPT2 E_corr:                -0.0556540 Eh
Partially relaxed DSRG-MRPT2 energy:      -289.4895119 Eh
Partially relaxed DSRG-MRPT2 E_corr:        -0.0557351 Eh
Relaxed DSRG-MRPT2 energy:                -289.4895455 Eh
Relaxed DSRG-MRPT2 E_corr:                  -0.0558507 Eh
Fully relaxed DSRG-MRPT2 energy:          -289.4895454 Eh
Fully relaxed DSRG-MRPT2 E_corr:            -0.0558502 Eh
State     Energy / Eh         Splitting / Eh      Splitting / cm-1    Splitting / meV     
0         -2.8949025e+02      +0.0000000e+00      +0.0000000e+00      +0.0000000e+00      
1         -2.8948989e+02      +3.6416573e-04      +7.9925139e+01      +9.9094590e+00      
2         -2.8948989e+02      +2.9803005e-10      +6.5410034e-05      +8.1098145e-06      
3         -2.8948989e+02      +3.0837555e-10      +6.7680609e-05      +8.3913301e-06      
4         -2.8948920e+02      +6.8985673e-04      +1.5140605e+02      +1.8771967e+01      
5         -2.8948920e+02      +1.1789325e-10      +2.5874578e-05      +3.2080403e-06      
6         -2.8948920e+02      +2.6983571e-10      +5.9222092e-05      +7.3426072e-06      
7         -2.8948920e+02      +2.4959945e-10      +5.4780747e-05      +6.7919503e-06      
8         -2.8948920e+02      +1.3346835e-10      +2.9292916e-05      +3.6318605e-06      
Time taken:                       82.7050700 s
===============================================
===============================================
              PySCF DHF interface              
===============================================
Will now allocate 0.320 MB disk space for the frozen core ERI tensor!
Will now allocate 74.650 MB disk space for the aacc and acca ERI tensor!
Will now allocate 4.354 GB disk space for the AO ERI tensor!

Timing report
....integral retrieval:            2.6253185 s
....integral transformation:       9.2681863 s

===============================================
            Relativistic CASCI(5,8)            
===============================================
Will now allocate 0.050 MB memory for the CASCI Hamiltonian!
Time taken for 1-RDM build:        0.0260603 s
Time taken for 1-RDM build:        0.0260680 s
Time taken for 1-RDM build:        0.0261037 s
Time taken for 1-RDM build:        0.0261512 s
Time taken for 1-RDM build:        0.0260503 s
Time taken for 1-RDM build:        0.0260773 s
Time taken for 1-RDM build:        0.0251501 s
Time taken for 1-RDM build:        0.0234478 s
Time taken for 1-RDM build:        0.0229557 s
Time taken for 1-RDM build:        0.0229204 s
Time taken for 1-RDM build:        0.0228989 s
Time taken for 1-RDM build:        0.0229282 s
Time taken for 1-RDM build:        0.0229263 s
Time taken for 1-RDM build:        0.0229313 s
Time taken for 2-RDM build:        0.0950000 s
Time taken for 2-RDM build:        0.0967562 s
Time taken for 2-RDM build:        0.0973101 s
Time taken for 2-RDM build:        0.0950997 s
Time taken for 2-RDM build:        0.0948422 s
Time taken for 2-RDM build:        0.0948551 s
Time taken for 2-RDM build:        0.0947614 s
Time taken for 2-RDM build:        0.0947518 s
Time taken for 2-RDM build:        0.0946646 s
Time taken for 2-RDM build:        0.0952649 s
Time taken for 2-RDM build:        0.0949008 s
Time taken for 2-RDM build:        0.0948591 s
Time taken for 2-RDM build:        0.0946951 s
Time taken for 2-RDM build:        0.0949163 s
Time taken for 3-RDM build:        0.3769066 s
Time taken for 3-RDM build:        0.3769374 s
Time taken for 3-RDM build:        0.3767400 s
Time taken for 3-RDM build:        0.3769901 s
Time taken for 3-RDM build:        0.3770692 s
Time taken for 3-RDM build:        0.3767731 s
Time taken for 3-RDM build:        0.3767540 s
Time taken for 3-RDM build:        0.3769720 s
Time taken for 3-RDM build:        0.3762965 s
Time taken for 3-RDM build:        0.3764997 s
Time taken for 3-RDM build:        0.3776426 s
Time taken for 3-RDM build:        0.3765390 s
Time taken for 3-RDM build:        0.3771634 s
Time taken for 3-RDM build:        0.3766830 s
E_frzc:                            0.0000000 Eh
E_cas:                            -6.3636403 Eh
E_nuc:                       -335.1272672-0.0000000j Eh
E_casci:                     -341.4410664-0.0000000j Eh
E0 (from RDM):                  -341.4410664 Eh
Ecorr:                            -0.2138107 Eh

Timing summary
... Hamil build:                    0.0735574 s
... Hamil diag:                     0.0036154 s
... RDM build:                     13.0714629 s
State     Energy / Eh         Splitting / Eh      Splitting / cm-1    Splitting / meV     
0         -3.4149091e+02      +0.0000000e+00      +0.0000000e+00      +0.0000000e+00      
1         -3.4149091e+02      +3.2849812e-10      +7.2097003e-05      +8.9388933e-06      
2         -3.4149091e+02      +3.2838443e-10      +7.2072051e-05      +8.9357998e-06      
3         -3.4149091e+02      +3.2792968e-10      +7.1972246e-05      +8.9234255e-06      
4         -3.4142117e+02      +6.9735531e-02      +1.5305180e+04      +1.8976014e+03      
5         -3.4142117e+02      +1.5667752e-09      +3.4386740e-04      +4.2634144e-05      
6         -3.4142117e+02      +1.3034196e-09      +2.8606753e-04      +3.5467871e-05      
7         -3.4142117e+02      +1.7383286e-09      +3.8151902e-04      +4.7302353e-05      
8         -3.4142110e+02      +6.9890622e-05      +1.5339218e+01      +1.9018216e+00      
9         -3.4142110e+02      +9.2740038e-10      +2.0354085e-04      +2.5235862e-05      
10        -3.4142110e+02      +9.6150643e-10      +2.1102627e-04      +2.6163935e-05      
11        -3.4142110e+02      +7.5050366e-10      +1.6471651e-04      +2.0422255e-05      
12        -3.4142110e+02      +9.6383701e-10      +2.1153777e-04      +2.6227353e-05      
13        -3.4142110e+02      +1.9558115e-09      +4.2925101e-04      +5.3220367e-05      
Total time taken:                  13.6224577 s
===============================================

===============================================
            Relativistic DSRG-MRPT2            
===============================================
-----------------------------------------------
        DSRG-MRPT2 reference relaxation        
-----------------------------------------------
Iter                          Energy              Delta E   
   -Eref  -341.4410664       
   -Ecorr -0.1018630       
<Psi^(0)|Hbar^(0)|Psi^(0)>    -341.5429294        -3.41543e+02
   -Erelax-0.0000022       
<Psi^(0)|Hbar^(1)|Psi^(0)>    -341.5429316        -2.15329e-06
   -Eref  -341.4410648       
   -Ecorr -0.1018681       
<Psi^(1)|Hbar^(1)|Psi^(1)>    -341.5429329        -1.29412e-06
   -Erelax-0.0000000       
<Psi^(1)|Hbar^(2)|Psi^(1)>    -341.5429329        -1.17785e-08
   -Eref  -341.4410650       
   -Ecorr -0.1018678       
<Psi^(2)|Hbar^(2)|Psi^(2)>    -341.5429328        9.74107e-08
   -Erelax-0.0000000       
<Psi^(2)|Hbar^(3)|Psi^(2)>    -341.5429328        -7.87281e-11
   -Eref  -341.4410650       
   -Ecorr -0.1018678       
<Psi^(3)|Hbar^(3)|Psi^(3)>    -341.5429328        -7.96246e-09
   -Erelax-0.0000000       
<Psi^(3)|Hbar^(4)|Psi^(3)>    -341.5429328        -5.11591e-13
Unrelaxed DSRG-MRPT2 energy:              -341.5429294 Eh
Unrelaxed DSRG-MRPT2 E_corr:                -0.1018630 Eh
Partially relaxed DSRG-MRPT2 energy:      -341.5429316 Eh
Partially relaxed DSRG-MRPT2 E_corr:        -0.1018652 Eh
Relaxed DSRG-MRPT2 energy:                -341.5429329 Eh
Relaxed DSRG-MRPT2 E_corr:                  -0.1018681 Eh
Fully relaxed DSRG-MRPT2 energy:          -341.5429328 Eh
Fully relaxed DSRG-MRPT2 E_corr:            -0.1018678 Eh
State     Energy / Eh         Splitting / Eh      Splitting / cm-1    Splitting / meV     
0         -3.4158388e+02      +0.0000000e+00      +0.0000000e+00      +0.0000000e+00      
1         -3.4158388e+02      +2.3476332e-10      +5.1524593e-05      +6.3882384e-06      
2         -3.4158388e+02      +2.3470648e-10      +5.1512117e-05      +6.3866916e-06      
3         -3.4158388e+02      +2.3470648e-10      +5.1512117e-05      +6.3866916e-06      
4         -3.4152660e+02      +5.7280478e-02      +1.2571612e+04      +1.5586820e+03      
5         -3.4152660e+02      +2.5488589e-10      +5.5940986e-05      +6.9358017e-06      
6         -3.4152660e+02      +1.9178970e-10      +4.2092972e-05      +5.2188659e-06      
7         -3.4152660e+02      +3.0019010e-10      +6.5884110e-05      +8.1685925e-06      
8         -3.4152652e+02      +7.6819058e-05      +1.6859834e+01      +2.0903540e+00      
9         -3.4152652e+02      +2.0276048e-10      +4.4500780e-05      +5.5173962e-06      
10        -3.4152652e+02      +2.0486368e-10      +4.4962381e-05      +5.5746274e-06      
11        -3.4152652e+02      +6.8212103e-11      +1.4970826e-05      +1.8561467e-06      
12        -3.4152652e+02      +1.7058710e-10      +3.7439541e-05      +4.6419136e-06      
13        -3.4152652e+02      +4.4803983e-10      +9.8333375e-05      +1.2191791e-05      
Time taken:                       87.4946773 s
===============================================
===============================================
              PySCF DHF interface              
===============================================
Will now allocate 0.320 MB disk space for the frozen core ERI tensor!
Will now allocate 74.650 MB disk space for the aacc and acca ERI tensor!
Will now allocate 4.354 GB disk space for the AO ERI tensor!

Timing report
....integral retrieval:            2.6237006 s
....integral transformation:       9.8209863 s

===============================================
            Relativistic CASCI(6,8)            
===============================================
Will now allocate 0.013 MB memory for the CASCI Hamiltonian!
Time taken for 1-RDM build:        0.0101707 s
Time taken for 1-RDM build:        0.0101566 s
Time taken for 1-RDM build:        0.0101295 s
Time taken for 1-RDM build:        0.0101178 s
Time taken for 1-RDM build:        0.0101280 s
Time taken for 1-RDM build:        0.0103521 s
Time taken for 1-RDM build:        0.0101230 s
Time taken for 1-RDM build:        0.0101309 s
Time taken for 1-RDM build:        0.0101442 s
Time taken for 2-RDM build:        0.0304806 s
Time taken for 2-RDM build:        0.0303457 s
Time taken for 2-RDM build:        0.0303221 s
Time taken for 2-RDM build:        0.0303454 s
Time taken for 2-RDM build:        0.0303533 s
Time taken for 2-RDM build:        0.0303037 s
Time taken for 2-RDM build:        0.0302999 s
Time taken for 2-RDM build:        0.0302999 s
Time taken for 2-RDM build:        0.0302992 s
Time taken for 3-RDM build:        0.1566594 s
Time taken for 3-RDM build:        0.1564286 s
Time taken for 3-RDM build:        0.1566565 s
Time taken for 3-RDM build:        0.1565070 s
Time taken for 3-RDM build:        0.1564512 s
Time taken for 3-RDM build:        0.1564982 s
Time taken for 3-RDM build:        0.1565862 s
Time taken for 3-RDM build:        0.1565070 s
Time taken for 3-RDM build:        0.1568816 s
E_frzc:                            0.0000000 Eh
E_cas:                            -9.9659359 Eh
E_nuc:                       -388.5675376-0.0000000j Eh
E_casci:                     -398.5325748-0.0000000j Eh
E0 (from RDM):                  -398.5325748 Eh
Ecorr:                            -0.1603097 Eh

Timing summary
... Hamil build:                    0.0283706 s
... Hamil diag:                     0.0085843 s
... RDM build:                      7.8112378 s
State     Energy / Eh         Splitting / Eh      Splitting / cm-1    Splitting / meV     
0         -3.9853347e+02      +0.0000000e+00      +0.0000000e+00      +0.0000000e+00      
1         -3.9853347e+02      +5.6296585e-09      +1.2355672e-03      +1.5319088e-04      
2         -3.9853347e+02      +5.9783360e-09      +1.3120931e-03      +1.6267889e-04      
3         -3.9853347e+02      +5.6479053e-09      +1.2395719e-03      +1.5368740e-04      
4         -3.9853347e+02      +5.6580234e-09      +1.2417926e-03      +1.5396273e-04      
5         -3.9853166e+02      +1.8163270e-03      +3.9863770e+02      +4.9424800e+01      
6         -3.9853166e+02      +3.5533390e-09      +7.7986775e-04      +9.6691324e-05      
7         -3.9853166e+02      +3.5755079e-09      +7.8473327e-04      +9.7294572e-05      
8         -3.9853083e+02      +8.2294816e-04      +1.8061624e+02      +2.2393571e+01      
Total time taken:                   8.3235238 s
===============================================

===============================================
            Relativistic DSRG-MRPT2            
===============================================
-----------------------------------------------
        DSRG-MRPT2 reference relaxation        
-----------------------------------------------
Iter                          Energy              Delta E   
   -Eref  -398.5325748       
   -Ecorr -0.1395292       
<Psi^(0)|Hbar^(0)|Psi^(0)>    -398.6721040        -3.98672e+02
   -Erelax-0.0000005       
<Psi^(0)|Hbar^(1)|Psi^(0)>    -398.6721045        -5.08463e-07
   -Eref  -398.5325744       
   -Ecorr -0.1395297       
<Psi^(1)|Hbar^(1)|Psi^(1)>    -398.6721040        4.78109e-07
   -Erelax-0.0000000       
<Psi^(1)|Hbar^(2)|Psi^(1)>    -398.6721040        -1.12989e-08
   -Eref  -398.5325745       
   -Ecorr -0.1395297       
<Psi^(2)|Hbar^(2)|Psi^(2)>    -398.6721041        -7.86211e-08
   -Erelax-0.0000000       
<Psi^(2)|Hbar^(3)|Psi^(2)>    -398.6721041        -3.71188e-10
   -Eref  -398.5325744       
   -Ecorr -0.1395297       
<Psi^(3)|Hbar^(3)|Psi^(3)>    -398.6721041        1.48466e-08
   -Erelax-0.0000000       
<Psi^(3)|Hbar^(4)|Psi^(3)>    -398.6721041        -1.21645e-11
   -Eref  -398.5325745       
   -Ecorr -0.1395297       
<Psi^(4)|Hbar^(4)|Psi^(4)>    -398.6721041        -2.67170e-09
   -Erelax-0.0000000       
<Psi^(4)|Hbar^(5)|Psi^(4)>    -398.6721041        -3.97904e-13
Unrelaxed DSRG-MRPT2 energy:              -398.6721040 Eh
Unrelaxed DSRG-MRPT2 E_corr:                -0.1395292 Eh
Partially relaxed DSRG-MRPT2 energy:      -398.6721045 Eh
Partially relaxed DSRG-MRPT2 E_corr:        -0.1395297 Eh
Relaxed DSRG-MRPT2 energy:                -398.6721040 Eh
Relaxed DSRG-MRPT2 E_corr:                  -0.1395297 Eh
Fully relaxed DSRG-MRPT2 energy:          -398.6721041 Eh
Fully relaxed DSRG-MRPT2 E_corr:            -0.1395297 Eh
State     Energy / Eh         Splitting / Eh      Splitting / cm-1    Splitting / meV     
0         -3.9867284e+02      +0.0000000e+00      +0.0000000e+00      +0.0000000e+00      
1         -3.9867284e+02      +1.3342287e-09      +2.9282936e-04      +3.6306230e-05      
2         -3.9867284e+02      +3.1269565e-10      +6.8628761e-05      +8.5088860e-06      
3         -3.9867284e+02      +3.2116532e-10      +7.0487639e-05      +8.7393576e-06      
4         -3.9867284e+02      +1.0545591e-09      +2.3144897e-04      +2.8696029e-05      
5         -3.9867136e+02      +1.4829192e-03      +3.2546315e+02      +4.0352306e+01      
6         -3.9867136e+02      +4.0864734e-10      +8.9687723e-05      +1.1119866e-05      
7         -3.9867136e+02      +5.5865712e-10      +1.2261106e-04      +1.5201842e-05      
8         -3.9867068e+02      +6.7981666e-04      +1.4920251e+02      +1.8498762e+01      
Time taken:                       96.2796381 s
===============================================
===============================================
              PySCF DHF interface              
===============================================
Will now allocate 0.320 MB disk space for the frozen core ERI tensor!
Will now allocate 74.650 MB disk space for the aacc and acca ERI tensor!
Will now allocate 4.354 GB disk space for the AO ERI tensor!

Timing report
....integral retrieval:            2.6231320 s
....integral transformation:       9.9637973 s

===============================================
            Relativistic CASCI(7,8)            
===============================================
Will now allocate 0.001 MB memory for the CASCI Hamiltonian!
Time taken for 1-RDM build:        0.0015330 s
Time taken for 1-RDM build:        0.0015225 s
Time taken for 1-RDM build:        0.0015185 s
Time taken for 1-RDM build:        0.0015152 s
Time taken for 1-RDM build:        0.0015182 s
Time taken for 1-RDM build:        0.0015142 s
Time taken for 2-RDM build:        0.0032153 s
Time taken for 2-RDM build:        0.0031388 s
Time taken for 2-RDM build:        0.0031326 s
Time taken for 2-RDM build:        0.0031414 s
Time taken for 2-RDM build:        0.0031283 s
Time taken for 2-RDM build:        0.0031247 s
Time taken for 3-RDM build:        0.0287068 s
Time taken for 3-RDM build:        0.0284057 s
Time taken for 3-RDM build:        0.0283806 s
Time taken for 3-RDM build:        0.0283902 s
Time taken for 3-RDM build:        0.0283825 s
Time taken for 3-RDM build:        0.0283864 s
E_frzc:                            0.0000000 Eh
E_cas:                           -14.7582517 Eh
E_nuc:                       -446.0682972-0.0000000j Eh
E_casci:                     -460.8252020-0.0000000j Eh
E0 (from RDM):                  -460.8252020 Eh
Ecorr:                             0.0013470 Eh

Timing summary
... Hamil build:                    0.0055950 s
... Hamil diag:                     0.0003808 s
... RDM build:                      6.2221222 s
State     Energy / Eh         Splitting / Eh      Splitting / cm-1    Splitting / meV     
0         -4.6082655e+02      +0.0000000e+00      +0.0000000e+00      +0.0000000e+00      
1         -4.6082655e+02      +1.2022326e-08      +2.6385956e-03      +3.2714432e-04      
2         -4.6082655e+02      +5.7600573e-09      +1.2641864e-03      +1.5673922e-04      
3         -4.6082655e+02      +1.1622035e-08      +2.5507418e-03      +3.1625183e-04      
4         -4.6082251e+02      +4.0408198e-03      +8.8685742e+02      +1.0995636e+02      
5         -4.6082251e+02      +2.0031848e-08      +4.3964825e-03      +5.4509461e-04      
Total time taken:                   6.7047534 s
===============================================

===============================================
            Relativistic DSRG-MRPT2            
===============================================
-----------------------------------------------
        DSRG-MRPT2 reference relaxation        
-----------------------------------------------
Iter                          Energy              Delta E   
   -Eref  -460.8252020       
   -Ecorr -0.1779356       
<Psi^(0)|Hbar^(0)|Psi^(0)>    -461.0031375        -4.61003e+02
   -Erelax-0.0000000       
<Psi^(0)|Hbar^(1)|Psi^(0)>    -461.0031375        0.00000e+00
   -Eref  -460.8252020       
   -Ecorr -0.1779356       
<Psi^(1)|Hbar^(1)|Psi^(1)>    -461.0031375        5.68434e-14
   -Erelax0.0000000       
<Psi^(1)|Hbar^(2)|Psi^(1)>    -461.0031375        0.00000e+00
Unrelaxed DSRG-MRPT2 energy:              -461.0031375 Eh
Unrelaxed DSRG-MRPT2 E_corr:                -0.1779356 Eh
Partially relaxed DSRG-MRPT2 energy:      -461.0031375 Eh
Partially relaxed DSRG-MRPT2 E_corr:        -0.1779356 Eh
Relaxed DSRG-MRPT2 energy:                -461.0031375 Eh
Relaxed DSRG-MRPT2 E_corr:                  -0.1779356 Eh
Fully relaxed DSRG-MRPT2 energy:          -461.0031375 Eh
Fully relaxed DSRG-MRPT2 E_corr:            -0.1779356 Eh
State     Energy / Eh         Splitting / Eh      Splitting / cm-1    Splitting / meV     
0         -4.6100445e+02      +0.0000000e+00      +0.0000000e+00      +0.0000000e+00      
1         -4.6100445e+02      +1.6626700e-09      +3.6491388e-04      +4.5243577e-05      
2         -4.6100445e+02      +1.4402417e-09      +3.1609652e-04      +3.9190992e-05      
3         -4.6100445e+02      +1.5015189e-09      +3.2954531e-04      +4.0858430e-05      
4         -4.6100051e+02      +3.9447512e-03      +8.6577280e+02      +1.0734220e+02      
5         -4.6100051e+02      +2.8688873e-09      +6.2964799e-04      +7.8066438e-05      
Time taken:                       26.5115206 s
===============================================
===============================================
              PySCF DHF interface              
===============================================
Will now allocate 19.669 MB disk space for the frozen core ERI tensor!
Will now allocate 1.888 GB disk space for the aacc and acca ERI tensor!
Will now allocate 45.327 GB disk space for the AO ERI tensor!

Timing report
....integral retrieval:           31.8986022 s
....integral transformation:     104.4572031 s

===============================================
            Relativistic CASCI(3,8)            
===============================================
Will now allocate 0.050 MB memory for the CASCI Hamiltonian!
Time taken for 1-RDM build:        0.0460658 s
Time taken for 1-RDM build:        0.0347526 s
Time taken for 1-RDM build:        0.0298705 s
Time taken for 1-RDM build:        0.0298824 s
Time taken for 1-RDM build:        0.0300279 s
Time taken for 1-RDM build:        0.0298390 s
Time taken for 2-RDM build:        0.0894158 s
Time taken for 2-RDM build:        0.0893672 s
Time taken for 2-RDM build:        0.0893462 s
Time taken for 2-RDM build:        0.0893564 s
Time taken for 2-RDM build:        0.0893824 s
Time taken for 2-RDM build:        0.0893223 s
Time taken for 3-RDM build:        0.1990223 s
Time taken for 3-RDM build:        0.1987915 s
Time taken for 3-RDM build:        0.1985972 s
Time taken for 3-RDM build:        0.1985481 s
Time taken for 3-RDM build:        0.1987343 s
Time taken for 3-RDM build:        0.1987247 s
E_frzc:                            0.0000000 Eh
E_cas:                            -2.0100161 Eh
E_nuc:                       -1939.7138290-0.0000000j Eh
E_casci:                     -1941.7217616-0.0000000j Eh
E0 (from RDM):                 -1941.7217616 Eh
Ecorr:                            -0.1944870 Eh

Timing summary
... Hamil build:                    0.0608110 s
... Hamil diag:                     0.0227356 s
... RDM build:                    153.6595507 s
State     Energy / Eh         Splitting / Eh      Splitting / cm-1    Splitting / meV     
0         -1.9417238e+03      +0.0000000e+00      +0.0000000e+00      +0.0000000e+00      
1         -1.9417238e+03      +1.0702479e-09      +2.3489226e-04      +2.9122942e-05      
2         -1.9417207e+03      +3.1252750e-03      +6.8591858e+02      +8.5043106e+01      
3         -1.9417207e+03      +1.1004886e-09      +2.4152933e-04      +2.9945834e-05      
4         -1.9417207e+03      +9.5178621e-10      +2.0889293e-04      +2.5899434e-05      
5         -1.9417207e+03      +6.4619599e-10      +1.4182362e-04      +1.7583897e-05      
Total time taken:                 158.4118314 s
===============================================

===============================================
            Relativistic DSRG-MRPT2            
===============================================
-----------------------------------------------
        DSRG-MRPT2 reference relaxation        
-----------------------------------------------
Iter                          Energy              Delta E   
   -Eref  -1941.7217616       
   -Ecorr -0.0251641       
<Psi^(0)|Hbar^(0)|Psi^(0)>    -1941.7469257       -1.94175e+03
   -Erelax-0.0002052       
<Psi^(0)|Hbar^(1)|Psi^(0)>    -1941.7471309       -2.05247e-04
   -Eref  -1941.7215575       
   -Ecorr -0.0255193       
<Psi^(1)|Hbar^(1)|Psi^(1)>    -1941.7470767       5.42095e-05
   -Erelax-0.0000000       
<Psi^(1)|Hbar^(2)|Psi^(1)>    -1941.7470767       -3.50155e-10
   -Eref  -1941.7215580       
   -Ecorr -0.0255188       
<Psi^(2)|Hbar^(2)|Psi^(2)>    -1941.7470768       -6.30300e-08
   -Erelax-0.0000000       
<Psi^(2)|Hbar^(3)|Psi^(2)>    -1941.7470768       0.00000e+00
   -Eref  -1941.7215580       
   -Ecorr -0.0255188       
<Psi^(3)|Hbar^(3)|Psi^(3)>    -1941.7470768       8.59472e-11
   -Erelax-0.0000000       
<Psi^(3)|Hbar^(4)|Psi^(3)>    -1941.7470768       0.00000e+00
Unrelaxed DSRG-MRPT2 energy:             -1941.7469257 Eh
Unrelaxed DSRG-MRPT2 E_corr:                -0.0251641 Eh
Partially relaxed DSRG-MRPT2 energy:     -1941.7471309 Eh
Partially relaxed DSRG-MRPT2 E_corr:        -0.0253693 Eh
Relaxed DSRG-MRPT2 energy:               -1941.7470767 Eh
Relaxed DSRG-MRPT2 E_corr:                  -0.0255193 Eh
Fully relaxed DSRG-MRPT2 energy:         -1941.7470768 Eh
Fully relaxed DSRG-MRPT2 E_corr:            -0.0255188 Eh
State     Energy / Eh         Splitting / Eh      Splitting / cm-1    Splitting / meV     
0         -1.9417493e+03      +0.0000000e+00      +0.0000000e+00      +0.0000000e+00      
1         -1.9417493e+03      +5.3341864e-10      +1.1707186e-04      +1.4515068e-05      
2         -1.9417459e+03      +3.4088770e-03      +7.4816201e+02      +9.2760311e+01      
3         -1.9417459e+03      +5.4433258e-10      +1.1946719e-04      +1.4812051e-05      
4         -1.9417459e+03      +5.1636562e-10      +1.1332915e-04      +1.4051031e-05      
5         -1.9417459e+03      +3.3878678e-10      +7.4355102e-05      +9.2188621e-06      
Time taken:                     1466.3796158 s
===============================================
===============================================
              PySCF DHF interface              
===============================================
Will now allocate 19.669 MB disk space for the frozen core ERI tensor!
Will now allocate 1.888 GB disk space for the aacc and acca ERI tensor!
Will now allocate 45.327 GB disk space for the AO ERI tensor!

Timing report
....integral retrieval:           31.9193683 s
....integral transformation:     128.2299404 s

===============================================
            Relativistic CASCI(4,8)            
===============================================
Will now allocate 0.078 MB memory for the CASCI Hamiltonian!
Time taken for 1-RDM build:        0.0348117 s
Time taken for 1-RDM build:        0.0348806 s
Time taken for 1-RDM build:        0.0347781 s
Time taken for 1-RDM build:        0.0348301 s
Time taken for 1-RDM build:        0.0344429 s
Time taken for 1-RDM build:        0.0317032 s
Time taken for 1-RDM build:        0.0306304 s
Time taken for 1-RDM build:        0.0306146 s
Time taken for 1-RDM build:        0.0305583 s
Time taken for 2-RDM build:        0.1329000 s
Time taken for 2-RDM build:        0.1325514 s
Time taken for 2-RDM build:        0.1328723 s
Time taken for 2-RDM build:        0.1324859 s
Time taken for 2-RDM build:        0.1324649 s
Time taken for 2-RDM build:        0.1321759 s
Time taken for 2-RDM build:        0.1324794 s
Time taken for 2-RDM build:        0.1325190 s
Time taken for 2-RDM build:        0.1322618 s
Time taken for 3-RDM build:        0.4158230 s
Time taken for 3-RDM build:        0.4152811 s
Time taken for 3-RDM build:        0.4150994 s
Time taken for 3-RDM build:        0.4153852 s
Time taken for 3-RDM build:        0.4149504 s
Time taken for 3-RDM build:        0.4159021 s
Time taken for 3-RDM build:        0.4156182 s
Time taken for 3-RDM build:        0.4163620 s
Time taken for 3-RDM build:        0.4155521 s
E_frzc:                            0.0000000 Eh
E_cas:                            -3.6862998 Eh
E_nuc:                       -2092.8592106-0.0000000j Eh
E_casci:                     -2096.5413860-0.0000000j Eh
E0 (from RDM):                 -2096.5413860 Eh
Ecorr:                            -0.2153364 Eh

Timing summary
... Hamil build:                    0.0927415 s
... Hamil diag:                     0.0024905 s
... RDM build:                     85.3435135 s
State     Energy / Eh         Splitting / Eh      Splitting / cm-1    Splitting / meV     
0         -2.0965455e+03      +0.0000000e+00      +0.0000000e+00      +0.0000000e+00      
1         -2.0965432e+03      +2.3344184e-03      +5.1234561e+02      +6.3522789e+01      
2         -2.0965432e+03      +6.4164851e-10      +1.4082557e-04      +1.7460154e-05      
3         -2.0965432e+03      +5.3205440e-10      +1.1677244e-04      +1.4477945e-05      
4         -2.0965395e+03      +3.6890520e-03      +8.0965333e+02      +1.0038427e+02      
5         -2.0965395e+03      +9.3723429e-10      +2.0569915e-04      +2.5503456e-05      
6         -2.0965395e+03      +1.0586518e-09      +2.3234722e-04      +2.8807397e-05      
7         -2.0965395e+03      +1.1709744e-09      +2.5699918e-04      +3.1863852e-05      
8         -2.0965395e+03      +1.0372787e-09      +2.2765636e-04      +2.8225805e-05      
Total time taken:                  90.0858433 s
===============================================

===============================================
            Relativistic DSRG-MRPT2            
===============================================
-----------------------------------------------
        DSRG-MRPT2 reference relaxation        
-----------------------------------------------
Iter                          Energy              Delta E   
   -Eref  -2096.5413860       
   -Ecorr -0.0501152       
<Psi^(0)|Hbar^(0)|Psi^(0)>    -2096.5915012       -2.09659e+03
   -Erelax-0.0000620       
<Psi^(0)|Hbar^(1)|Psi^(0)>    -2096.5915632       -6.20039e-05
   -Eref  -2096.5413208       
   -Ecorr -0.0502554       
<Psi^(1)|Hbar^(1)|Psi^(1)>    -2096.5915762       -1.30028e-05
   -Erelax-0.0000000       
<Psi^(1)|Hbar^(2)|Psi^(1)>    -2096.5915762       -1.31922e-08
   -Eref  -2096.5413201       
   -Ecorr -0.0502559       
<Psi^(2)|Hbar^(2)|Psi^(2)>    -2096.5915759       2.93237e-07
   -Erelax-0.0000000       
<Psi^(2)|Hbar^(3)|Psi^(2)>    -2096.5915759       -1.72804e-11
   -Eref  -2096.5413200       
   -Ecorr -0.0502559       
<Psi^(3)|Hbar^(3)|Psi^(3)>    -2096.5915759       9.47739e-09
   -Erelax-0.0000000       
<Psi^(3)|Hbar^(4)|Psi^(3)>    -2096.5915759       0.00000e+00
Unrelaxed DSRG-MRPT2 energy:             -2096.5915012 Eh
Unrelaxed DSRG-MRPT2 E_corr:                -0.0501152 Eh
Partially relaxed DSRG-MRPT2 energy:     -2096.5915632 Eh
Partially relaxed DSRG-MRPT2 E_corr:        -0.0501772 Eh
Relaxed DSRG-MRPT2 energy:               -2096.5915762 Eh
Relaxed DSRG-MRPT2 E_corr:                  -0.0502554 Eh
Fully relaxed DSRG-MRPT2 energy:         -2096.5915759 Eh
Fully relaxed DSRG-MRPT2 E_corr:            -0.0502559 Eh
State     Energy / Eh         Splitting / Eh      Splitting / cm-1    Splitting / meV     
0         -2.0965959e+03      +0.0000000e+00      +0.0000000e+00      +0.0000000e+00      
1         -2.0965934e+03      +2.4750325e-03      +5.4320683e+02      +6.7349096e+01      
2         -2.0965934e+03      +1.8599167e-10      +4.0820452e-05      +5.0610934e-06      
3         -2.0965934e+03      +1.2323653e-10      +2.7047292e-05      +3.3534384e-06      
4         -2.0965896e+03      +3.8446782e-03      +8.4380932e+02      +1.0461907e+02      
5         -2.0965896e+03      +2.9831426e-10      +6.5472412e-05      +8.1175484e-06      
6         -2.0965896e+03      +3.1423042e-10      +6.8965605e-05      +8.5506493e-06      
7         -2.0965896e+03      +3.4378900e-10      +7.5452963e-05      +9.3549796e-06      
8         -2.0965896e+03      +3.3151082e-10      +7.2758214e-05      +9.0208732e-06      
Time taken:                     1097.9756141 s
===============================================
===============================================
              PySCF DHF interface              
===============================================
Will now allocate 19.669 MB disk space for the frozen core ERI tensor!
Will now allocate 1.888 GB disk space for the aacc and acca ERI tensor!
Will now allocate 45.327 GB disk space for the AO ERI tensor!

Timing report
....integral retrieval:           31.8773494 s
....integral transformation:     109.0122609 s

===============================================
            Relativistic CASCI(5,8)            
===============================================
Will now allocate 0.050 MB memory for the CASCI Hamiltonian!
Time taken for 1-RDM build:        0.0259213 s
Time taken for 1-RDM build:        0.0257609 s
Time taken for 1-RDM build:        0.0257311 s
Time taken for 1-RDM build:        0.0257461 s
Time taken for 1-RDM build:        0.0257223 s
Time taken for 1-RDM build:        0.0257361 s
Time taken for 1-RDM build:        0.0250893 s
Time taken for 1-RDM build:        0.0234656 s
Time taken for 1-RDM build:        0.0226405 s
Time taken for 1-RDM build:        0.0226364 s
Time taken for 1-RDM build:        0.0226238 s
Time taken for 1-RDM build:        0.0226598 s
Time taken for 1-RDM build:        0.0227013 s
Time taken for 1-RDM build:        0.0226817 s
Time taken for 2-RDM build:        0.0952077 s
Time taken for 2-RDM build:        0.0942197 s
Time taken for 2-RDM build:        0.0944355 s
Time taken for 2-RDM build:        0.0938022 s
Time taken for 2-RDM build:        0.0940156 s
Time taken for 2-RDM build:        0.0938535 s
Time taken for 2-RDM build:        0.0937917 s
Time taken for 2-RDM build:        0.0938146 s
Time taken for 2-RDM build:        0.0937805 s
Time taken for 2-RDM build:        0.0936871 s
Time taken for 2-RDM build:        0.0941813 s
Time taken for 2-RDM build:        0.0938923 s
Time taken for 2-RDM build:        0.0938671 s
Time taken for 2-RDM build:        0.0939293 s
Time taken for 3-RDM build:        0.3755782 s
Time taken for 3-RDM build:        0.3750165 s
Time taken for 3-RDM build:        0.3756013 s
Time taken for 3-RDM build:        0.3751900 s
Time taken for 3-RDM build:        0.3753579 s
Time taken for 3-RDM build:        0.3752298 s
Time taken for 3-RDM build:        0.3748987 s
Time taken for 3-RDM build:        0.3750584 s
Time taken for 3-RDM build:        0.3751216 s
Time taken for 3-RDM build:        0.3753538 s
Time taken for 3-RDM build:        0.3753822 s
Time taken for 3-RDM build:        0.3748174 s
Time taken for 3-RDM build:        0.3751237 s
Time taken for 3-RDM build:        0.3753178 s
E_frzc:                            0.0000000 Eh
E_cas:                            -6.0718308 Eh
E_nuc:                       -2252.3726240-0.0000000j Eh
E_casci:                     -2258.3972569-0.0000000j Eh
E0 (from RDM):                 -2258.3972569 Eh
Ecorr:                            -0.0178409 Eh

Timing summary
... Hamil build:                    0.1542215 s
... Hamil diag:                     0.0264943 s
... RDM build:                     85.7366168 s
State     Energy / Eh         Splitting / Eh      Splitting / cm-1    Splitting / meV     
0         -2.2584445e+03      +0.0000000e+00      +0.0000000e+00      +0.0000000e+00      
1         -2.2584445e+03      +5.2432370e-10      +1.1507575e-04      +1.4267581e-05      
2         -2.2584445e+03      +5.2705218e-10      +1.1567458e-04      +1.4341827e-05      
3         -2.2584445e+03      +5.1386451e-10      +1.1278022e-04      +1.3982972e-05      
4         -2.2583793e+03      +6.5107933e-02      +1.4289540e+04      +1.7716780e+03      
5         -2.2583793e+03      +9.2904884e-10      +2.0390265e-04      +2.5280719e-05      
6         -2.2583793e+03      +1.1159500e-09      +2.4492271e-04      +3.0366561e-05      
7         -2.2583793e+03      +5.1250026e-10      +1.1248081e-04      +1.3945849e-05      
8         -2.2583777e+03      +1.6153755e-03      +3.5453394e+02      +4.3956628e+01      
9         -2.2583777e+03      +7.5033313e-10      +1.6467909e-04      +2.0417614e-05      
10        -2.2583777e+03      +4.8839865e-10      +1.0719111e-04      +1.3290011e-05      
11        -2.2583777e+03      +1.4611032e-09      +3.2067509e-04      +3.9758663e-05      
12        -2.2583777e+03      +1.6329977e-09      +3.5840157e-04      +4.4436153e-05      
13        -2.2583777e+03      +6.3982952e-10      +1.4042635e-04      +1.7410656e-05      
Total time taken:                  90.5730371 s
===============================================

===============================================
            Relativistic DSRG-MRPT2            
===============================================
-----------------------------------------------
        DSRG-MRPT2 reference relaxation        
-----------------------------------------------
Iter                          Energy              Delta E   
   -Eref  -2258.3972569       
   -Ecorr -0.0869361       
<Psi^(0)|Hbar^(0)|Psi^(0)>    -2258.4841929       -2.25848e+03
   -Erelax-0.0000265       
<Psi^(0)|Hbar^(1)|Psi^(0)>    -2258.4842195       -2.65463e-05
   -Eref  -2258.3972347       
   -Ecorr -0.0869984       
<Psi^(1)|Hbar^(1)|Psi^(1)>    -2258.4842331       -1.35675e-05
   -Erelax-0.0000001       
<Psi^(1)|Hbar^(2)|Psi^(1)>    -2258.4842331       -7.08501e-08
   -Eref  -2258.3972366       
   -Ecorr -0.0869958       
<Psi^(2)|Hbar^(2)|Psi^(2)>    -2258.4842324       7.59742e-07
   -Erelax-0.0000000       
<Psi^(2)|Hbar^(3)|Psi^(2)>    -2258.4842324       -2.51021e-10
   -Eref  -2258.3972365       
   -Ecorr -0.0869959       
<Psi^(3)|Hbar^(3)|Psi^(3)>    -2258.4842324       -4.51387e-08
   -Erelax-0.0000000       
<Psi^(3)|Hbar^(4)|Psi^(3)>    -2258.4842324       -9.09495e-13
   -Eref  -2258.3972365       
   -Ecorr -0.0869959       
<Psi^(4)|Hbar^(4)|Psi^(4)>    -2258.4842324       2.68892e-09
   -Erelax0.0000000       
<Psi^(4)|Hbar^(5)|Psi^(4)>    -2258.4842324       0.00000e+00
Unrelaxed DSRG-MRPT2 energy:             -2258.4841929 Eh
Unrelaxed DSRG-MRPT2 E_corr:                -0.0869361 Eh
Partially relaxed DSRG-MRPT2 energy:     -2258.4842195 Eh
Partially relaxed DSRG-MRPT2 E_corr:        -0.0869626 Eh
Relaxed DSRG-MRPT2 energy:               -2258.4842331 Eh
Relaxed DSRG-MRPT2 E_corr:                  -0.0869984 Eh
Fully relaxed DSRG-MRPT2 energy:         -2258.4842324 Eh
Fully relaxed DSRG-MRPT2 E_corr:            -0.0869959 Eh
State     Energy / Eh         Splitting / Eh      Splitting / cm-1    Splitting / meV     
0         -2.2585232e+03      +0.0000000e+00      +0.0000000e+00      +0.0000000e+00      
1         -2.2585232e+03      +3.6243364e-10      +7.9544989e-05      +9.8623264e-06      
2         -2.2585232e+03      +3.6425263e-10      +7.9944211e-05      +9.9118236e-06      
3         -2.2585232e+03      +3.6061465e-10      +7.9145767e-05      +9.8128291e-06      
4         -2.2584694e+03      +5.3756536e-02      +1.1798196e+04      +1.4627905e+03      
5         -2.2584694e+03      +1.7416824e-10      +3.8225509e-05      +4.7393613e-06      
6         -2.2584694e+03      +5.4933480e-10      +1.2056505e-04      +1.4948168e-05      
7         -2.2584694e+03      +1.2278178e-10      +2.6947487e-05      +3.3410641e-06      
8         -2.2584681e+03      +1.3004576e-03      +2.8541746e+02      +3.5387271e+01      
9         -2.2584681e+03      +1.6370905e-10      +3.5929982e-05      +4.4547522e-06      
10        -2.2584681e+03      +2.2191671e-10      +4.8705087e-05      +6.0386641e-06      
11        -2.2584681e+03      +2.4283509e-10      +5.3296141e-05      +6.6078824e-06      
12        -2.2584681e+03      +2.9876901e-10      +6.5572218e-05      +8.1299227e-06      
13        -2.2584681e+03      +1.2460077e-10      +2.7346709e-05      +3.3905614e-06      
Time taken:                     2182.7940776 s
===============================================
===============================================
              PySCF DHF interface              
===============================================
Will now allocate 19.669 MB disk space for the frozen core ERI tensor!
Will now allocate 1.888 GB disk space for the aacc and acca ERI tensor!
Will now allocate 45.327 GB disk space for the AO ERI tensor!

Timing report
....integral retrieval:           31.9178743 s
....integral transformation:      97.4957101 s

===============================================
            Relativistic CASCI(6,8)            
===============================================
Will now allocate 0.013 MB memory for the CASCI Hamiltonian!
Time taken for 1-RDM build:        0.0101733 s
Time taken for 1-RDM build:        0.0101264 s
Time taken for 1-RDM build:        0.0101333 s
Time taken for 1-RDM build:        0.0101264 s
Time taken for 1-RDM build:        0.0101166 s
Time taken for 1-RDM build:        0.0101626 s
Time taken for 1-RDM build:        0.0101473 s
Time taken for 1-RDM build:        0.0101550 s
Time taken for 1-RDM build:        0.0101585 s
Time taken for 2-RDM build:        0.0305419 s
Time taken for 2-RDM build:        0.0304315 s
Time taken for 2-RDM build:        0.0304158 s
Time taken for 2-RDM build:        0.0304444 s
Time taken for 2-RDM build:        0.0304668 s
Time taken for 2-RDM build:        0.0304546 s
Time taken for 2-RDM build:        0.0305092 s
Time taken for 2-RDM build:        0.0304227 s
Time taken for 2-RDM build:        0.0305493 s
Time taken for 3-RDM build:        0.1569221 s
Time taken for 3-RDM build:        0.1565638 s
Time taken for 3-RDM build:        0.1568890 s
Time taken for 3-RDM build:        0.1566424 s
Time taken for 3-RDM build:        0.1566358 s
Time taken for 3-RDM build:        0.1568179 s
Time taken for 3-RDM build:        0.1565783 s
Time taken for 3-RDM build:        0.1566300 s
Time taken for 3-RDM build:        0.1570539 s
E_frzc:                            0.0000000 Eh
E_cas:                            -9.1774708 Eh
E_nuc:                       -2418.2608262-0.0000000j Eh
E_casci:                     -2427.4340589-0.0000000j Eh
E0 (from RDM):                 -2427.4340589 Eh
Ecorr:                            -0.1372548 Eh

Timing summary
... Hamil build:                    0.0281169 s
... Hamil diag:                     0.0087612 s
... RDM build:                     81.6767633 s
State     Energy / Eh         Splitting / Eh      Splitting / cm-1    Splitting / meV     
0         -2.4274383e+03      +0.0000000e+00      +0.0000000e+00      +0.0000000e+00      
1         -2.4274383e+03      +1.9413164e-09      +4.2606971e-04      +5.2825936e-05      
2         -2.4274383e+03      +8.9721652e-10      +1.9691626e-04      +2.4414517e-05      
3         -2.4274383e+03      +1.1737029e-09      +2.5759801e-04      +3.1938098e-05      
4         -2.4274383e+03      +1.8349056e-09      +4.0271522e-04      +4.9930347e-05      
5         -2.4274294e+03      +8.8831576e-03      +1.9496277e+03      +2.4172315e+02      
6         -2.4274294e+03      +4.1914063e-09      +9.1990735e-04      +1.1405403e-04      
7         -2.4274294e+03      +4.1027306e-09      +9.0044528e-04      +1.1164104e-04      
8         -2.4274268e+03      +2.6102260e-03      +5.7287839e+02      +7.1027902e+01      
Total time taken:                  86.3689449 s
===============================================

===============================================
            Relativistic DSRG-MRPT2            
===============================================
-----------------------------------------------
        DSRG-MRPT2 reference relaxation        
-----------------------------------------------
Iter                          Energy              Delta E   
   -Eref  -2427.4340589       
   -Ecorr -0.1175816       
<Psi^(0)|Hbar^(0)|Psi^(0)>    -2427.5516404       -2.42755e+03
   -Erelax-0.0000065       
<Psi^(0)|Hbar^(1)|Psi^(0)>    -2427.5516470       -6.54859e-06
   -Eref  -2427.4340528       
   -Ecorr -0.1175905       
<Psi^(1)|Hbar^(1)|Psi^(1)>    -2427.5516433       3.65939e-06
   -Erelax-0.0000000       
<Psi^(1)|Hbar^(2)|Psi^(1)>    -2427.5516434       -4.81505e-08
   -Eref  -2427.4340534       
   -Ecorr -0.1175904       
<Psi^(2)|Hbar^(2)|Psi^(2)>    -2427.5516438       -4.90254e-07
   -Erelax-0.0000000       
<Psi^(2)|Hbar^(3)|Psi^(2)>    -2427.5516438       -7.38510e-10
   -Eref  -2427.4340534       
   -Ecorr -0.1175904       
<Psi^(3)|Hbar^(3)|Psi^(3)>    -2427.5516438       6.18288e-08
   -Erelax-0.0000000       
<Psi^(3)|Hbar^(4)|Psi^(3)>    -2427.5516438       -1.13687e-11
   -Eref  -2427.4340534       
   -Ecorr -0.1175904       
<Psi^(4)|Hbar^(4)|Psi^(4)>    -2427.5516438       -7.64066e-09
   -Erelax-0.0000000       
<Psi^(4)|Hbar^(5)|Psi^(4)>    -2427.5516438       0.00000e+00
Unrelaxed DSRG-MRPT2 energy:             -2427.5516404 Eh
Unrelaxed DSRG-MRPT2 E_corr:                -0.1175816 Eh
Partially relaxed DSRG-MRPT2 energy:     -2427.5516470 Eh
Partially relaxed DSRG-MRPT2 E_corr:        -0.1175881 Eh
Relaxed DSRG-MRPT2 energy:               -2427.5516433 Eh
Relaxed DSRG-MRPT2 E_corr:                  -0.1175905 Eh
Fully relaxed DSRG-MRPT2 energy:         -2427.5516438 Eh
Fully relaxed DSRG-MRPT2 E_corr:            -0.1175904 Eh
State     Energy / Eh         Splitting / Eh      Splitting / cm-1    Splitting / meV     
0         -2.4275553e+03      +0.0000000e+00      +0.0000000e+00      +0.0000000e+00      
1         -2.4275553e+03      +3.6698111e-10      +8.0543044e-05      +9.9860695e-06      
2         -2.4275553e+03      +3.9835868e-10      +8.7429624e-05      +1.0839897e-05      
3         -2.4275553e+03      +4.1018211e-10      +9.0024567e-05      +1.1161629e-05      
4         -2.4275553e+03      +3.2378011e-10      +7.1061521e-05      +8.8105099e-06      
5         -2.4275477e+03      +7.5201174e-03      +1.6504750e+03      +2.0463291e+02      
6         -2.4275477e+03      +7.5533535e-10      +1.6577695e-04      +2.0553732e-05      
7         -2.4275477e+03      +6.9394446e-10      +1.5230320e-04      +1.8883200e-05      
8         -2.4275453e+03      +2.4042147e-03      +5.2766413e+02      +6.5422046e+01      
Time taken:                     1683.9157510 s
===============================================
===============================================
              PySCF DHF interface              
===============================================
Will now allocate 19.669 MB disk space for the frozen core ERI tensor!
Will now allocate 1.888 GB disk space for the aacc and acca ERI tensor!
Will now allocate 45.327 GB disk space for the AO ERI tensor!

Timing report
....integral retrieval:           32.1637862 s
....integral transformation:     119.1994734 s

===============================================
            Relativistic CASCI(7,8)            
===============================================
Will now allocate 0.001 MB memory for the CASCI Hamiltonian!
Time taken for 1-RDM build:        0.0015140 s
Time taken for 1-RDM build:        0.0015030 s
Time taken for 1-RDM build:        0.0014899 s
Time taken for 1-RDM build:        0.0014954 s
Time taken for 1-RDM build:        0.0014951 s
Time taken for 1-RDM build:        0.0015004 s
Time taken for 2-RDM build:        0.0031838 s
Time taken for 2-RDM build:        0.0031054 s
Time taken for 2-RDM build:        0.0030980 s
Time taken for 2-RDM build:        0.0031011 s
Time taken for 2-RDM build:        0.0031075 s
Time taken for 2-RDM build:        0.0031092 s
Time taken for 3-RDM build:        0.0286481 s
Time taken for 3-RDM build:        0.0283413 s
Time taken for 3-RDM build:        0.0283132 s
Time taken for 3-RDM build:        0.0283778 s
Time taken for 3-RDM build:        0.0283122 s
Time taken for 3-RDM build:        0.0283155 s
E_frzc:                            0.0000000 Eh
E_cas:                           -13.1880855 Eh
E_nuc:                       -2590.5378304-0.0000000j Eh
E_casci:                     -2603.7203212-0.0000000j Eh
E0 (from RDM):                 -2603.7203212 Eh
Ecorr:                            -0.0318830 Eh

Timing summary
... Hamil build:                    0.0047410 s
... Hamil diag:                     0.0002322 s
... RDM build:                     81.6357129 s
State     Energy / Eh         Splitting / Eh      Splitting / cm-1    Splitting / meV     
0         -2.6037259e+03      +0.0000000e+00      +0.0000000e+00      +0.0000000e+00      
1         -2.6037259e+03      +9.2413757e-09      +2.0282475e-03      +2.5147076e-04      
2         -2.6037259e+03      +1.8784249e-08      +4.1226661e-03      +5.1114569e-04      
3         -2.6037259e+03      +9.8884811e-09      +2.1702707e-03      +2.6907941e-04      
4         -2.6037091e+03      +1.6783801e-02      +3.6836186e+03      +4.5671072e+02      
5         -2.6037091e+03      +7.4087438e-09      +1.6260313e-03      +2.0160228e-04      
Total time taken:                  86.3055391 s
===============================================

===============================================
            Relativistic DSRG-MRPT2            
===============================================
-----------------------------------------------
        DSRG-MRPT2 reference relaxation        
-----------------------------------------------
Iter                          Energy              Delta E   
   -Eref  -2603.7203212       
   -Ecorr -0.1497326       
<Psi^(0)|Hbar^(0)|Psi^(0)>    -2603.8700538       -2.60387e+03
   -Erelax-0.0000000       
<Psi^(0)|Hbar^(1)|Psi^(0)>    -2603.8700538       0.00000e+00
   -Eref  -2603.7203212       
   -Ecorr -0.1497326       
<Psi^(1)|Hbar^(1)|Psi^(1)>    -2603.8700538       0.00000e+00
   -Erelax0.0000000       
<Psi^(1)|Hbar^(2)|Psi^(1)>    -2603.8700538       0.00000e+00
Unrelaxed DSRG-MRPT2 energy:             -2603.8700538 Eh
Unrelaxed DSRG-MRPT2 E_corr:                -0.1497326 Eh
Partially relaxed DSRG-MRPT2 energy:     -2603.8700538 Eh
Partially relaxed DSRG-MRPT2 E_corr:        -0.1497326 Eh
Relaxed DSRG-MRPT2 energy:               -2603.8700538 Eh
Relaxed DSRG-MRPT2 E_corr:                  -0.1497326 Eh
Fully relaxed DSRG-MRPT2 energy:         -2603.8700538 Eh
Fully relaxed DSRG-MRPT2 E_corr:            -0.1497326 Eh
State     Energy / Eh         Splitting / Eh      Splitting / cm-1    Splitting / meV     
0         -2.6038754e+03      +0.0000000e+00      +0.0000000e+00      +0.0000000e+00      
1         -2.6038754e+03      +1.5274964e-09      +3.3524670e-04      +4.1565313e-05      
2         -2.6038754e+03      +2.9290277e-09      +6.4284727e-04      +7.9702941e-05      
3         -2.6038754e+03      +2.2214408e-09      +4.8754990e-04      +6.0448512e-05      
4         -2.6038593e+03      +1.6173933e-02      +3.5497680e+03      +4.4011535e+02      
5         -2.6038593e+03      +2.0181687e-09      +4.4293684e-04      +5.4917195e-05      
Time taken:                      300.2874298 s
===============================================
