NOW DOING s=0.9600000000000002
===============================================
              PySCF DHF interface              
===============================================
Will now allocate 1.593 GB disk space for the AO ERI tensor!

Timing report
....integral retrieval:            0.6996605 s
....integral transformation:       3.5681705 s

===============================================
            Relativistic CASCI(3,8)            
===============================================
Will now allocate 0.050 MB memory for the CASCI Hamiltonian!
Time taken for 1-RDM build:        0.0300632 s
Time taken for 1-RDM build:        0.0300047 s
Time taken for 1-RDM build:        0.0301344 s
Time taken for 1-RDM build:        0.0299914 s
Time taken for 1-RDM build:        0.0277426 s
Time taken for 1-RDM build:        0.0255497 s
Time taken for 2-RDM build:        0.0909567 s
Time taken for 2-RDM build:        0.0911493 s
Time taken for 2-RDM build:        0.0907023 s
Time taken for 2-RDM build:        0.0907187 s
Time taken for 2-RDM build:        0.0908957 s
Time taken for 2-RDM build:        0.0906332 s
Time taken for 3-RDM build:        0.2013478 s
Time taken for 3-RDM build:        0.2011321 s
Time taken for 3-RDM build:        0.2022228 s
Time taken for 3-RDM build:        0.2021208 s
Time taken for 3-RDM build:        0.2017281 s
Time taken for 3-RDM build:        0.2020848 s
E_frzc:                          -21.9899228 Eh
E_cas:                            -2.5754278 Eh
E_nuc:                             0.0000000 Eh
E_casci:                         -24.5653104 Eh
E0 (from RDM):                   -24.5653104 Eh
Ecorr:                            -0.2764703 Eh

Timing summary
... Hamil build:                    0.0794370 s
... Hamil diag:                     0.0131185 s
... RDM build:                      4.6569045 s
State     Energy / Eh         Splitting / Eh      Splitting / cm-1    Splitting / meV     
0         -2.4565351e+01      +0.0000000e+00      +0.0000000e+00      +0.0000000e+00      
1         -2.4565351e+01      +1.6292176e-09      +3.5757194e-04      +4.4333292e-05      
2         -2.4565290e+01      +6.0370290e-05      +1.3249747e+01      +1.6427601e+00      
3         -2.4565290e+01      +8.2750162e-10      +1.8161561e-04      +2.2517477e-05      
4         -2.4565290e+01      +8.6880547e-10      +1.9068076e-04      +2.3641412e-05      
5         -2.4565290e+01      +1.8699744e-09      +4.1041194e-04      +5.0884619e-05      
Total time taken:                   4.9384623 s
===============================================

===============================================
            Relativistic DSRG-MRPT2            
===============================================
-----------------------------------------------
        DSRG-MRPT2 reference relaxation        
-----------------------------------------------
Iter                          Energy              Delta E   
   -Eref  -24.5653104       
   -Ecorr -0.0719864       
<Psi^(0)|Hbar^(0)|Psi^(0)>    -24.6372968         -2.46373e+01
   -Erelax-0.0002938       
<Psi^(0)|Hbar^(1)|Psi^(0)>    -24.6375906         -2.93796e-04
   -Eref  -24.5650027       
   -Ecorr -0.0725220       
<Psi^(1)|Hbar^(1)|Psi^(1)>    -24.6375247         6.58398e-05
   -Erelax-0.0000000       
<Psi^(1)|Hbar^(2)|Psi^(1)>    -24.6375248         -3.91955e-08
   -Eref  -24.5650098       
   -Ecorr -0.0725156       
<Psi^(2)|Hbar^(2)|Psi^(2)>    -24.6375254         -6.04227e-07
   -Erelax-0.0000000       
<Psi^(2)|Hbar^(3)|Psi^(2)>    -24.6375254         -5.06262e-12
   -Eref  -24.5650097       
   -Ecorr -0.0725157       
<Psi^(3)|Hbar^(3)|Psi^(3)>    -24.6375254         6.88686e-09
   -Erelax-0.0000000       
<Psi^(3)|Hbar^(4)|Psi^(3)>    -24.6375254         -7.10543e-15
Unrelaxed DSRG-MRPT2 energy:               -24.6372968 Eh
Unrelaxed DSRG-MRPT2 E_corr:                -0.0719864 Eh
Partially relaxed DSRG-MRPT2 energy:       -24.6375906 Eh
Partially relaxed DSRG-MRPT2 E_corr:        -0.0722802 Eh
Relaxed DSRG-MRPT2 energy:                 -24.6375247 Eh
Relaxed DSRG-MRPT2 E_corr:                  -0.0725220 Eh
Fully relaxed DSRG-MRPT2 energy:           -24.6375254 Eh
Fully relaxed DSRG-MRPT2 E_corr:            -0.0725157 Eh
State     Energy / Eh         Splitting / Eh      Splitting / cm-1    Splitting / meV     
0         -2.4637568e+01      +0.0000000e+00      +0.0000000e+00      +0.0000000e+00      
1         -2.4637568e+01      +4.7634074e-10      +1.0454471e-04      +1.2961898e-05      
2         -2.4637504e+01      +6.3751995e-05      +1.3991945e+01      +1.7347810e+00      
3         -2.4637504e+01      +3.8840042e-10      +8.5244039e-05      +1.0568919e-05      
4         -2.4637504e+01      +3.3264058e-10      +7.3006169e-05      +9.0516156e-06      
5         -2.4637504e+01      +4.8497739e-10      +1.0644023e-04      +1.3196913e-05      
Time taken:                       44.4912705 s
===============================================
===============================================
              PySCF DHF interface              
===============================================
Will now allocate 1.593 GB disk space for the AO ERI tensor!

Timing report
....integral retrieval:            0.7006962 s
....integral transformation:       3.4234719 s

===============================================
            Relativistic CASCI(4,8)            
===============================================
Will now allocate 0.078 MB memory for the CASCI Hamiltonian!
Time taken for 1-RDM build:        0.0408936 s
Time taken for 1-RDM build:        0.0409014 s
Time taken for 1-RDM build:        0.0397933 s
Time taken for 1-RDM build:        0.0357873 s
Time taken for 1-RDM build:        0.0341458 s
Time taken for 1-RDM build:        0.0315349 s
Time taken for 1-RDM build:        0.0311751 s
Time taken for 1-RDM build:        0.0311100 s
Time taken for 1-RDM build:        0.0311460 s
Time taken for 2-RDM build:        0.1358409 s
Time taken for 2-RDM build:        0.1353776 s
Time taken for 2-RDM build:        0.1355519 s
Time taken for 2-RDM build:        0.1352651 s
Time taken for 2-RDM build:        0.1356280 s
Time taken for 2-RDM build:        0.1352117 s
Time taken for 2-RDM build:        0.1350822 s
Time taken for 2-RDM build:        0.1360054 s
Time taken for 2-RDM build:        0.1355147 s
Time taken for 3-RDM build:        0.4204202 s
Time taken for 3-RDM build:        0.4201500 s
Time taken for 3-RDM build:        0.4197445 s
Time taken for 3-RDM build:        0.4200017 s
Time taken for 3-RDM build:        0.4206367 s
Time taken for 3-RDM build:        0.4208944 s
Time taken for 3-RDM build:        0.4203811 s
Time taken for 3-RDM build:        0.4206831 s
Time taken for 3-RDM build:        0.4203973 s
E_frzc:                          -32.3709352 Eh
E_cas:                            -5.3467114 Eh
E_nuc:                             0.0000000 Eh
E_casci:                         -37.7175257 Eh
E0 (from RDM):                   -37.7175257 Eh
Ecorr:                            -0.4429083 Eh

Timing summary
... Hamil build:                    0.1227713 s
... Hamil diag:                     0.0284083 s
... RDM build:                      8.0659618 s
State     Energy / Eh         Splitting / Eh      Splitting / cm-1    Splitting / meV     
0         -3.7717647e+01      +0.0000000e+00      +0.0000000e+00      +0.0000000e+00      
1         -3.7717578e+01      +6.8056777e-05      +1.4936736e+01      +1.8519201e+00      
2         -3.7717578e+01      +1.0789876e-09      +2.3681040e-04      +2.9360761e-05      
3         -3.7717578e+01      +1.2285781e-09      +2.6964173e-04      +3.3431330e-05      
4         -3.7717470e+01      +1.0852195e-04      +2.3817815e+01      +2.9530341e+00      
5         -3.7717470e+01      +3.7325520e-10      +8.1920048e-05      +1.0156796e-05      
6         -3.7717470e+01      +9.5214148e-10      +2.0897090e-04      +2.5909102e-05      
7         -3.7717470e+01      +4.4994408e-10      +9.8751311e-05      +1.2243608e-05      
8         -3.7717470e+01      +5.6218852e-10      +1.2338612e-04      +1.5297936e-05      
Total time taken:                   8.4055514 s
===============================================

===============================================
            Relativistic DSRG-MRPT2            
===============================================
-----------------------------------------------
        DSRG-MRPT2 reference relaxation        
-----------------------------------------------
Iter                          Energy              Delta E   
   -Eref  -37.7175257       
   -Ecorr -0.1143775       
<Psi^(0)|Hbar^(0)|Psi^(0)>    -37.8319032         -3.78319e+01
   -Erelax-0.0000015       
<Psi^(0)|Hbar^(1)|Psi^(0)>    -37.8319047         -1.53286e-06
   -Eref  -37.7175240       
   -Ecorr -0.1143527       
<Psi^(1)|Hbar^(1)|Psi^(1)>    -37.8318768         2.79698e-05
   -Erelax-0.0000000       
<Psi^(1)|Hbar^(2)|Psi^(1)>    -37.8318768         -1.11024e-09
   -Eref  -37.7175241       
   -Ecorr -0.1143531       
<Psi^(2)|Hbar^(2)|Psi^(2)>    -37.8318772         -4.53124e-07
   -Erelax-0.0000000       
<Psi^(2)|Hbar^(3)|Psi^(2)>    -37.8318772         -2.40448e-11
   -Eref  -37.7175241       
   -Ecorr -0.1143531       
<Psi^(3)|Hbar^(3)|Psi^(3)>    -37.8318772         9.20850e-09
   -Erelax-0.0000000       
<Psi^(3)|Hbar^(4)|Psi^(3)>    -37.8318772         -8.10019e-13
Unrelaxed DSRG-MRPT2 energy:               -37.8319032 Eh
Unrelaxed DSRG-MRPT2 E_corr:                -0.1143775 Eh
Partially relaxed DSRG-MRPT2 energy:       -37.8319047 Eh
Partially relaxed DSRG-MRPT2 E_corr:        -0.1143790 Eh
Relaxed DSRG-MRPT2 energy:                 -37.8318768 Eh
Relaxed DSRG-MRPT2 E_corr:                  -0.1143527 Eh
Fully relaxed DSRG-MRPT2 energy:           -37.8318772 Eh
Fully relaxed DSRG-MRPT2 E_corr:            -0.1143531 Eh
State     Energy / Eh         Splitting / Eh      Splitting / cm-1    Splitting / meV     
0         -3.7832041e+01      +0.0000000e+00      +0.0000000e+00      +0.0000000e+00      
1         -3.7831953e+01      +8.8473971e-05      +1.9417792e+01      +2.4075005e+00      
2         -3.7831953e+01      +1.5621282e-10      +3.4284751e-05      +4.2507694e-06      
3         -3.7831953e+01      +1.6876101e-10      +3.7038759e-05      +4.5922230e-06      
4         -3.7831799e+01      +1.5394078e-04      +3.3786097e+01      +4.1889441e+00      
5         -3.7831799e+01      +7.8912876e-11      +1.7319374e-05      +2.1473298e-06      
6         -3.7831799e+01      +6.6357586e-11      +1.4563807e-05      +1.8056828e-06      
7         -3.7831799e+01      +1.3297807e-10      +2.9185313e-05      +3.6185194e-06      
8         -3.7831799e+01      +3.1860736e-11      +6.9926233e-06      +8.6697521e-07      
Time taken:                       54.6568494 s
===============================================
===============================================
              PySCF DHF interface              
===============================================
Will now allocate 1.593 GB disk space for the AO ERI tensor!

Timing report
....integral retrieval:            0.6980350 s
....integral transformation:       3.4716079 s

===============================================
            Relativistic CASCI(5,8)            
===============================================
Will now allocate 0.050 MB memory for the CASCI Hamiltonian!
Time taken for 1-RDM build:        0.0305135 s
Time taken for 1-RDM build:        0.0301762 s
Time taken for 1-RDM build:        0.0301545 s
Time taken for 1-RDM build:        0.0301054 s
Time taken for 1-RDM build:        0.0286410 s
Time taken for 1-RDM build:        0.0263338 s
Time taken for 1-RDM build:        0.0244882 s
Time taken for 1-RDM build:        0.0237083 s
Time taken for 1-RDM build:        0.0229518 s
Time taken for 1-RDM build:        0.0229352 s
Time taken for 1-RDM build:        0.0229108 s
Time taken for 1-RDM build:        0.0228643 s
Time taken for 1-RDM build:        0.0229032 s
Time taken for 1-RDM build:        0.0228627 s
Time taken for 2-RDM build:        0.0961752 s
Time taken for 2-RDM build:        0.0958028 s
Time taken for 2-RDM build:        0.0955625 s
Time taken for 2-RDM build:        0.0957613 s
Time taken for 2-RDM build:        0.0954914 s
Time taken for 2-RDM build:        0.0954392 s
Time taken for 2-RDM build:        0.0954306 s
Time taken for 2-RDM build:        0.0953934 s
Time taken for 2-RDM build:        0.0952363 s
Time taken for 2-RDM build:        0.0953078 s
Time taken for 2-RDM build:        0.0952508 s
Time taken for 2-RDM build:        0.0956433 s
Time taken for 2-RDM build:        0.0953050 s
Time taken for 2-RDM build:        0.0954278 s
Time taken for 3-RDM build:        0.3778813 s
Time taken for 3-RDM build:        0.3775282 s
Time taken for 3-RDM build:        0.3782721 s
Time taken for 3-RDM build:        0.3776257 s
Time taken for 3-RDM build:        0.3781161 s
Time taken for 3-RDM build:        0.3780570 s
Time taken for 3-RDM build:        0.3782728 s
Time taken for 3-RDM build:        0.3781178 s
Time taken for 3-RDM build:        0.3774018 s
Time taken for 3-RDM build:        0.3779500 s
Time taken for 3-RDM build:        0.3777342 s
Time taken for 3-RDM build:        0.3779907 s
Time taken for 3-RDM build:        0.3791552 s
Time taken for 3-RDM build:        0.3774931 s
E_frzc:                          -44.7567199 Eh
E_cas:                            -9.6666253 Eh
E_nuc:                             0.0000000 Eh
E_casci:                         -54.3487687 Eh
E0 (from RDM):                   -54.3487687 Eh
Ecorr:                            -0.4454114 Eh

Timing summary
... Hamil build:                    0.0956447 s
... Hamil diag:                     0.0031879 s
... RDM build:                      9.7145636 s
State     Energy / Eh         Splitting / Eh      Splitting / cm-1    Splitting / meV     
0         -5.4423345e+01      +0.0000000e+00      +0.0000000e+00      +0.0000000e+00      
1         -5.4423345e+01      +1.0766144e-09      +2.3628954e-04      +2.9296183e-05      
2         -5.4423345e+01      +1.0765291e-09      +2.3627082e-04      +2.9293863e-05      
3         -5.4423345e+01      +1.0764012e-09      +2.3624275e-04      +2.9290382e-05      
4         -5.4318958e+01      +1.0438692e-01      +2.2910281e+04      +2.8405142e+03      
5         -5.4318958e+01      +1.1012702e-09      +2.4170087e-04      +2.9967102e-05      
6         -5.4318958e+01      +1.1371171e-09      +2.4956835e-04      +3.0942546e-05      
7         -5.4318958e+01      +5.9976912e-10      +1.3163411e-04      +1.6320557e-05      
8         -5.4318958e+01      +1.1947421e-09      +2.6221558e-04      +3.2510604e-05      
9         -5.4318958e+01      +1.3783108e-09      +3.0250425e-04      +3.7505765e-05      
10        -5.4318908e+01      +5.0508872e-05      +1.1085416e+01      +1.3744171e+00      
11        -5.4318908e+01      +3.9502766e-09      +8.6698548e-04      +1.0749255e-04      
12        -5.4318908e+01      +3.0347778e-09      +6.6605673e-04      +8.2580549e-05      
13        -5.4318908e+01      +2.9868872e-09      +6.5554596e-04      +8.1277379e-05      
Total time taken:                  10.0023212 s
===============================================

===============================================
            Relativistic DSRG-MRPT2            
===============================================
-----------------------------------------------
        DSRG-MRPT2 reference relaxation        
-----------------------------------------------
Iter                          Energy              Delta E   
   -Eref  -54.3487687       
   -Ecorr -0.1684680       
<Psi^(0)|Hbar^(0)|Psi^(0)>    -54.5172366         -5.45172e+01
   -Erelax-0.0000000       
<Psi^(0)|Hbar^(1)|Psi^(0)>    -54.5172367         -2.78636e-08
   -Eref  -54.3487687       
   -Ecorr -0.1684681       
<Psi^(1)|Hbar^(1)|Psi^(1)>    -54.5172367         -3.94985e-08
   -Erelax-0.0000000       
<Psi^(1)|Hbar^(2)|Psi^(1)>    -54.5172367         -2.35303e-10
   -Eref  -54.3487687       
   -Ecorr -0.1684680       
<Psi^(2)|Hbar^(2)|Psi^(2)>    -54.5172367         8.70276e-09
   -Erelax-0.0000000       
<Psi^(2)|Hbar^(3)|Psi^(2)>    -54.5172367         -5.74829e-12
Unrelaxed DSRG-MRPT2 energy:               -54.5172366 Eh
Unrelaxed DSRG-MRPT2 E_corr:                -0.1684680 Eh
Partially relaxed DSRG-MRPT2 energy:       -54.5172367 Eh
Partially relaxed DSRG-MRPT2 E_corr:        -0.1684680 Eh
Relaxed DSRG-MRPT2 energy:                 -54.5172367 Eh
Relaxed DSRG-MRPT2 E_corr:                  -0.1684681 Eh
Fully relaxed DSRG-MRPT2 energy:           -54.5172367 Eh
Fully relaxed DSRG-MRPT2 E_corr:            -0.1684680 Eh
State     Energy / Eh         Splitting / Eh      Splitting / cm-1    Splitting / meV     
0         -5.4582993e+01      +0.0000000e+00      +0.0000000e+00      +0.0000000e+00      
1         -5.4582993e+01      +2.7303315e-10      +5.9923850e-05      +7.4296140e-06      
2         -5.4582993e+01      +2.7304736e-10      +5.9926969e-05      +7.4300007e-06      
3         -5.4582993e+01      +2.7304736e-10      +5.9926969e-05      +7.4300007e-06      
4         -5.4490940e+01      +9.2052363e-02      +2.0203158e+04      +2.5048736e+03      
5         -5.4490940e+01      +1.2366996e-10      +2.7142419e-05      +3.3652327e-06      
6         -5.4490940e+01      +8.1570306e-11      +1.7902613e-05      +2.2196421e-06      
7         -5.4490940e+01      +1.0363266e-10      +2.2744739e-05      +2.8199896e-06      
8         -5.4490940e+01      +5.3560711e-11      +1.1755217e-05      +1.4574619e-06      
9         -5.4490940e+01      +1.3444890e-10      +2.9508122e-05      +3.6585426e-06      
10        -5.4490926e+01      +1.4516021e-05      +3.1858983e+00      +3.9500123e-01      
11        -5.4490926e+01      +4.4610715e-10      +9.7909202e-05      +1.2139200e-05      
12        -5.4490926e+01      +1.7913493e-10      +3.9315572e-05      +4.8745120e-06      
13        -5.4490926e+01      +2.4032687e-10      +5.2745651e-05      +6.5396303e-06      
Time taken:                       40.3371766 s
===============================================
===============================================
              PySCF DHF interface              
===============================================
Will now allocate 1.593 GB disk space for the AO ERI tensor!

Timing report
....integral retrieval:            0.7019598 s
....integral transformation:       3.3875842 s

===============================================
            Relativistic CASCI(6,8)            
===============================================
Will now allocate 0.013 MB memory for the CASCI Hamiltonian!
Time taken for 1-RDM build:        0.0119009 s
Time taken for 1-RDM build:        0.0118701 s
Time taken for 1-RDM build:        0.0118697 s
Time taken for 1-RDM build:        0.0118635 s
Time taken for 1-RDM build:        0.0118506 s
Time taken for 1-RDM build:        0.0118458 s
Time taken for 1-RDM build:        0.0118594 s
Time taken for 1-RDM build:        0.0118353 s
Time taken for 1-RDM build:        0.0118444 s
Time taken for 2-RDM build:        0.0311661 s
Time taken for 2-RDM build:        0.0308361 s
Time taken for 2-RDM build:        0.0307965 s
Time taken for 2-RDM build:        0.0310135 s
Time taken for 2-RDM build:        0.0308514 s
Time taken for 2-RDM build:        0.0308492 s
Time taken for 2-RDM build:        0.0308609 s
Time taken for 2-RDM build:        0.0308633 s
Time taken for 2-RDM build:        0.0308354 s
Time taken for 3-RDM build:        0.1578796 s
Time taken for 3-RDM build:        0.1579647 s
Time taken for 3-RDM build:        0.1577597 s
Time taken for 3-RDM build:        0.1577108 s
Time taken for 3-RDM build:        0.1581612 s
Time taken for 3-RDM build:        0.1578236 s
Time taken for 3-RDM build:        0.1577482 s
Time taken for 3-RDM build:        0.1577885 s
Time taken for 3-RDM build:        0.1579158 s
E_frzc:                          -59.1480236 Eh
E_cas:                           -15.7034833 Eh
E_nuc:                             0.0000000 Eh
E_casci:                         -74.8511626 Eh
E0 (from RDM):                   -74.8511626 Eh
Ecorr:                            -0.3302227 Eh

Timing summary
... Hamil build:                    0.0366697 s
... Hamil diag:                     0.0005224 s
... RDM build:                      4.4679778 s
State     Energy / Eh         Splitting / Eh      Splitting / cm-1    Splitting / meV     
0         -7.4851507e+01      +0.0000000e+00      +0.0000000e+00      +0.0000000e+00      
1         -7.4851507e+01      +6.1121170e-09      +1.3414546e-03      +1.6631926e-04      
2         -7.4851507e+01      +6.8041430e-09      +1.4933368e-03      +1.8515025e-04      
3         -7.4851507e+01      +7.2887616e-09      +1.5996983e-03      +1.9833740e-04      
4         -7.4851507e+01      +9.8173842e-09      +2.1546668e-03      +2.6714476e-04      
5         -7.4850809e+01      +6.9818897e-04      +1.5323477e+02      +1.8998699e+01      
6         -7.4850809e+01      +7.3982278e-09      +1.6237233e-03      +2.0131613e-04      
7         -7.4850809e+01      +7.5923197e-09      +1.6663215e-03      +2.0659764e-04      
8         -7.4850503e+01      +3.0523771e-04      +6.6991933e+01      +8.3059451e+00      
Total time taken:                   4.6940880 s
===============================================

===============================================
            Relativistic DSRG-MRPT2            
===============================================
-----------------------------------------------
        DSRG-MRPT2 reference relaxation        
-----------------------------------------------
Iter                          Energy              Delta E   
   -Eref  -74.8511626       
   -Ecorr -0.2159600       
<Psi^(0)|Hbar^(0)|Psi^(0)>    -75.0671227         -7.50671e+01
   -Erelax-0.0000003       
<Psi^(0)|Hbar^(1)|Psi^(0)>    -75.0671230         -2.78128e-07
   -Eref  -74.8511624       
   -Ecorr -0.2159600       
<Psi^(1)|Hbar^(1)|Psi^(1)>    -75.0671224         5.52441e-07
   -Erelax-0.0000000       
<Psi^(1)|Hbar^(2)|Psi^(1)>    -75.0671225         -3.47075e-08
   -Eref  -74.8511625       
   -Ecorr -0.2159600       
<Psi^(2)|Hbar^(2)|Psi^(2)>    -75.0671226         -1.24279e-07
   -Erelax-0.0000000       
<Psi^(2)|Hbar^(3)|Psi^(2)>    -75.0671226         -4.43183e-09
   -Eref  -74.8511625       
   -Ecorr -0.2159600       
<Psi^(3)|Hbar^(3)|Psi^(3)>    -75.0671225         5.33544e-08
   -Erelax-0.0000000       
<Psi^(3)|Hbar^(4)|Psi^(3)>    -75.0671225         -5.66146e-10
   -Eref  -74.8511625       
   -Ecorr -0.2159600       
<Psi^(4)|Hbar^(4)|Psi^(4)>    -75.0671225         -1.79278e-08
   -Erelax-0.0000000       
<Psi^(4)|Hbar^(5)|Psi^(4)>    -75.0671225         -7.23048e-11
   -Eref  -74.8511625       
   -Ecorr -0.2159600       
<Psi^(5)|Hbar^(5)|Psi^(5)>    -75.0671225         6.55307e-09
   -Erelax-0.0000000       
<Psi^(5)|Hbar^(6)|Psi^(5)>    -75.0671225         -9.29390e-12
Unrelaxed DSRG-MRPT2 energy:               -75.0671227 Eh
Unrelaxed DSRG-MRPT2 E_corr:                -0.2159600 Eh
Partially relaxed DSRG-MRPT2 energy:       -75.0671230 Eh
Partially relaxed DSRG-MRPT2 E_corr:        -0.2159603 Eh
Relaxed DSRG-MRPT2 energy:                 -75.0671224 Eh
Relaxed DSRG-MRPT2 E_corr:                  -0.2159600 Eh
Fully relaxed DSRG-MRPT2 energy:           -75.0671225 Eh
Fully relaxed DSRG-MRPT2 E_corr:            -0.2159600 Eh
State     Energy / Eh         Splitting / Eh      Splitting / cm-1    Splitting / meV     
0         -7.5067382e+01      +0.0000000e+00      +0.0000000e+00      +0.0000000e+00      
1         -7.5067382e+01      +1.9100383e-09      +4.1920496e-04      +5.1974816e-05      
2         -7.5067382e+01      +1.3871642e-09      +3.0444734e-04      +3.7746677e-05      
3         -7.5067382e+01      +2.1443611e-09      +4.7063287e-04      +5.8351066e-05      
4         -7.5067382e+01      +2.4657254e-09      +5.4116417e-04      +6.7095838e-05      
5         -7.5066852e+01      +5.3002818e-04      +1.1632774e+02      +1.4422808e+01      
6         -7.5066852e+01      +2.0661020e-09      +4.5345696e-04      +5.6221525e-05      
7         -7.5066852e+01      +1.7522126e-09      +3.8456621e-04      +4.7680156e-05      
8         -7.5066638e+01      +2.1376302e-04      +4.6915560e+01      +5.8167908e+00      
Time taken:                       68.4932475 s
===============================================
===============================================
              PySCF DHF interface              
===============================================
Will now allocate 1.593 GB disk space for the AO ERI tensor!

Timing report
....integral retrieval:            0.6984491 s
....integral transformation:       3.6883831 s

===============================================
            Relativistic CASCI(7,8)            
===============================================
Will now allocate 0.001 MB memory for the CASCI Hamiltonian!
Time taken for 1-RDM build:        0.0020056 s
Time taken for 1-RDM build:        0.0019925 s
Time taken for 1-RDM build:        0.0019875 s
Time taken for 1-RDM build:        0.0019827 s
Time taken for 1-RDM build:        0.0019917 s
Time taken for 1-RDM build:        0.0019891 s
Time taken for 2-RDM build:        0.0032055 s
Time taken for 2-RDM build:        0.0031469 s
Time taken for 2-RDM build:        0.0031435 s
Time taken for 2-RDM build:        0.0031412 s
Time taken for 2-RDM build:        0.0031462 s
Time taken for 2-RDM build:        0.0031362 s
Time taken for 3-RDM build:        0.0288448 s
Time taken for 3-RDM build:        0.0285263 s
Time taken for 3-RDM build:        0.0285327 s
Time taken for 3-RDM build:        0.0286145 s
Time taken for 3-RDM build:        0.0285606 s
Time taken for 3-RDM build:        0.0285721 s
E_frzc:                          -75.5478008 Eh
E_cas:                           -23.9325131 Eh
E_nuc:                             0.0000000 Eh
E_casci:                         -99.4797328 Eh
E0 (from RDM):                   -99.4797328 Eh
Ecorr:                            -0.1043819 Eh

Timing summary
... Hamil build:                    0.0061173 s
... Hamil diag:                     0.0001709 s
... RDM build:                      2.9382217 s
State     Energy / Eh         Splitting / Eh      Splitting / cm-1    Splitting / meV     
0         -9.9480314e+01      +0.0000000e+00      +0.0000000e+00      +0.0000000e+00      
1         -9.9480314e+01      +2.4031038e-08      +5.2742033e-03      +6.5391818e-04      
2         -9.9480314e+01      +6.9549628e-09      +1.5264379e-03      +1.8925427e-04      
3         -9.9480314e+01      +2.1663126e-08      +4.7545067e-03      +5.8948398e-04      
4         -9.9478571e+01      +1.7431739e-03      +3.8258245e+02      +4.7434202e+01      
5         -9.9478571e+01      +1.6993965e-08      +3.7297443e-03      +4.6242957e-04      
Total time taken:                   3.1337948 s
===============================================

===============================================
            Relativistic DSRG-MRPT2            
===============================================
-----------------------------------------------
        DSRG-MRPT2 reference relaxation        
-----------------------------------------------
Iter                          Energy              Delta E   
   -Eref  -99.4797328       
   -Ecorr -0.2701776       
<Psi^(0)|Hbar^(0)|Psi^(0)>    -99.7499104         -9.97499e+01
   -Erelax-0.0000000       
<Psi^(0)|Hbar^(1)|Psi^(0)>    -99.7499104         -1.42109e-14
   -Eref  -99.4797328       
   -Ecorr -0.2701776       
<Psi^(1)|Hbar^(1)|Psi^(1)>    -99.7499104         -1.42109e-14
   -Erelax0.0000000       
<Psi^(1)|Hbar^(2)|Psi^(1)>    -99.7499104         0.00000e+00
Unrelaxed DSRG-MRPT2 energy:               -99.7499104 Eh
Unrelaxed DSRG-MRPT2 E_corr:                -0.2701776 Eh
Partially relaxed DSRG-MRPT2 energy:       -99.7499104 Eh
Partially relaxed DSRG-MRPT2 E_corr:        -0.2701776 Eh
Relaxed DSRG-MRPT2 energy:                 -99.7499104 Eh
Relaxed DSRG-MRPT2 E_corr:                  -0.2701776 Eh
Fully relaxed DSRG-MRPT2 energy:           -99.7499104 Eh
Fully relaxed DSRG-MRPT2 E_corr:            -0.2701776 Eh
State     Energy / Eh         Splitting / Eh      Splitting / cm-1    Splitting / meV     
0         -9.9750488e+01      +0.0000000e+00      +0.0000000e+00      +0.0000000e+00      
1         -9.9750488e+01      +4.3147423e-09      +9.4697648e-04      +1.1741018e-04      
2         -9.9750488e+01      +5.2107225e-09      +1.1436214e-03      +1.4179105e-04      
3         -9.9750488e+01      +2.4431017e-09      +5.3619885e-04      +6.6480216e-05      
4         -9.9748755e+01      +1.7329562e-03      +3.8033992e+02      +4.7156162e+01      
5         -9.9748755e+01      +5.3362896e-09      +1.1711802e-03      +1.4520791e-04      
Time taken:                       16.0542374 s
===============================================
===============================================
              PySCF DHF interface              
===============================================
Will now allocate 0.320 MB disk space for the frozen core ERI tensor!
Will now allocate 74.650 MB disk space for the aacc and acca ERI tensor!
Will now allocate 4.354 GB disk space for the AO ERI tensor!

Timing report
....integral retrieval:            2.6288083 s
....integral transformation:       9.0710702 s

===============================================
            Relativistic CASCI(3,8)            
===============================================
Will now allocate 0.050 MB memory for the CASCI Hamiltonian!
Time taken for 1-RDM build:        0.0259283 s
Time taken for 1-RDM build:        0.0258636 s
Time taken for 1-RDM build:        0.0257685 s
Time taken for 1-RDM build:        0.0257912 s
Time taken for 1-RDM build:        0.0258632 s
Time taken for 1-RDM build:        0.0258505 s
Time taken for 2-RDM build:        0.0909956 s
Time taken for 2-RDM build:        0.0903864 s
Time taken for 2-RDM build:        0.0902994 s
Time taken for 2-RDM build:        0.0902922 s
Time taken for 2-RDM build:        0.0907614 s
Time taken for 2-RDM build:        0.0900614 s
Time taken for 3-RDM build:        0.2002935 s
Time taken for 3-RDM build:        0.2002923 s
Time taken for 3-RDM build:        0.2005634 s
Time taken for 3-RDM build:        0.2002866 s
Time taken for 3-RDM build:        0.2000418 s
Time taken for 3-RDM build:        0.2000813 s
E_frzc:                            0.0000000 Eh
E_cas:                            -1.8986420 Eh
E_nuc:                       -240.4061812+0.0000000j Eh
E_casci:                     -242.3045291+0.0000000j Eh
E0 (from RDM):                  -242.3045291 Eh
Ecorr:                            -0.1899047 Eh

Timing summary
... Hamil build:                    0.0604653 s
... Hamil diag:                     0.0015399 s
... RDM build:                      7.9103317 s
State     Energy / Eh         Splitting / Eh      Splitting / cm-1    Splitting / meV     
0         -2.4230482e+02      +0.0000000e+00      +0.0000000e+00      +0.0000000e+00      
1         -2.4230482e+02      +1.0992665e-09      +2.4126110e-04      +2.9912578e-05      
2         -2.4230438e+02      +4.4107881e-04      +9.6805609e+01      +1.2002372e+01      
3         -2.4230438e+02      +1.0805650e-09      +2.3715660e-04      +2.9403685e-05      
4         -2.4230438e+02      +8.9775654e-10      +1.9703478e-04      +2.4429211e-05      
5         -2.4230438e+02      +3.6629899e-10      +8.0393336e-05      +9.9675080e-06      
Total time taken:                   8.4465203 s
===============================================

===============================================
            Relativistic DSRG-MRPT2            
===============================================
-----------------------------------------------
        DSRG-MRPT2 reference relaxation        
-----------------------------------------------
Iter                          Energy              Delta E   
   -Eref  -242.3045291       
   -Ecorr -0.0256252       
<Psi^(0)|Hbar^(0)|Psi^(0)>    -242.3301543        -2.42330e+02
   -Erelax-0.0003170       
<Psi^(0)|Hbar^(1)|Psi^(0)>    -242.3304713        -3.16969e-04
   -Eref  -242.3042123       
   -Ecorr -0.0261657       
<Psi^(1)|Hbar^(1)|Psi^(1)>    -242.3303780        9.33147e-05
   -Erelax-0.0000000       
<Psi^(1)|Hbar^(2)|Psi^(1)>    -242.3303780        -2.15323e-10
   -Eref  -242.3042128       
   -Ecorr -0.0261652       
<Psi^(2)|Hbar^(2)|Psi^(2)>    -242.3303780        -6.91949e-08
   -Erelax0.0000000       
<Psi^(2)|Hbar^(3)|Psi^(2)>    -242.3303780        0.00000e+00
   -Eref  -242.3042128       
   -Ecorr -0.0261652       
<Psi^(3)|Hbar^(3)|Psi^(3)>    -242.3303780        6.51994e-11
   -Erelax0.0000000       
<Psi^(3)|Hbar^(4)|Psi^(3)>    -242.3303780        0.00000e+00
Unrelaxed DSRG-MRPT2 energy:              -242.3301543 Eh
Unrelaxed DSRG-MRPT2 E_corr:                -0.0256252 Eh
Partially relaxed DSRG-MRPT2 energy:      -242.3304713 Eh
Partially relaxed DSRG-MRPT2 E_corr:        -0.0259422 Eh
Relaxed DSRG-MRPT2 energy:                -242.3303780 Eh
Relaxed DSRG-MRPT2 E_corr:                  -0.0261657 Eh
Fully relaxed DSRG-MRPT2 energy:          -242.3303780 Eh
Fully relaxed DSRG-MRPT2 E_corr:            -0.0261652 Eh
State     Energy / Eh         Splitting / Eh      Splitting / cm-1    Splitting / meV     
0         -2.4233071e+02      +0.0000000e+00      +0.0000000e+00      +0.0000000e+00      
1         -2.4233071e+02      +5.2682481e-10      +1.1562468e-04      +1.4335640e-05      
2         -2.4233021e+02      +4.9327663e-04      +1.0826171e+02      +1.3422747e+01      
3         -2.4233021e+02      +4.9834625e-10      +1.0937436e-04      +1.3560699e-05      
4         -2.4233021e+02      +4.0449777e-10      +8.8776998e-05      +1.1006950e-05      
5         -2.4233021e+02      +2.1088908e-10      +4.6284804e-05      +5.7385870e-06      
Time taken:                       72.5244172 s
===============================================
===============================================
              PySCF DHF interface              
===============================================
Will now allocate 0.320 MB disk space for the frozen core ERI tensor!
Will now allocate 74.650 MB disk space for the aacc and acca ERI tensor!
Will now allocate 4.354 GB disk space for the AO ERI tensor!

Timing report
....integral retrieval:            2.6320176 s
....integral transformation:       9.2382925 s

===============================================
            Relativistic CASCI(4,8)            
===============================================
Will now allocate 0.078 MB memory for the CASCI Hamiltonian!
Time taken for 1-RDM build:        0.0352857 s
Time taken for 1-RDM build:        0.0352054 s
Time taken for 1-RDM build:        0.0352006 s
Time taken for 1-RDM build:        0.0352745 s
Time taken for 1-RDM build:        0.0347044 s
Time taken for 1-RDM build:        0.0317216 s
Time taken for 1-RDM build:        0.0309219 s
Time taken for 1-RDM build:        0.0308952 s
Time taken for 1-RDM build:        0.0309041 s
Time taken for 2-RDM build:        0.1348531 s
Time taken for 2-RDM build:        0.1343207 s
Time taken for 2-RDM build:        0.1343434 s
Time taken for 2-RDM build:        0.1346006 s
Time taken for 2-RDM build:        0.1349893 s
Time taken for 2-RDM build:        0.1340721 s
Time taken for 2-RDM build:        0.1343017 s
Time taken for 2-RDM build:        0.1347060 s
Time taken for 2-RDM build:        0.1345541 s
Time taken for 3-RDM build:        0.4193573 s
Time taken for 3-RDM build:        0.4197764 s
Time taken for 3-RDM build:        0.4193416 s
Time taken for 3-RDM build:        0.4190867 s
Time taken for 3-RDM build:        0.4192698 s
Time taken for 3-RDM build:        0.4195564 s
Time taken for 3-RDM build:        0.4198337 s
Time taken for 3-RDM build:        0.4192419 s
Time taken for 3-RDM build:        0.4194944 s
E_frzc:                            0.0000000 Eh
E_cas:                            -3.6921024 Eh
E_nuc:                       -285.7423197+0.0000000j Eh
E_casci:                     -289.4337768+0.0000000j Eh
E0 (from RDM):                  -289.4337768 Eh
Ecorr:                            -0.2329780 Eh

Timing summary
... Hamil build:                    0.0931396 s
... Hamil diag:                     0.0016723 s
... RDM build:                     11.0581241 s
State     Energy / Eh         Splitting / Eh      Splitting / cm-1    Splitting / meV     
0         -2.8943442e+02      +0.0000000e+00      +0.0000000e+00      +0.0000000e+00      
1         -2.8943409e+02      +3.3211201e-04      +7.2890160e+01      +9.0372324e+00      
2         -2.8943409e+02      +8.1735152e-10      +1.7938792e-04      +2.2241278e-05      
3         -2.8943409e+02      +8.9210062e-10      +1.9579345e-04      +2.4275306e-05      
4         -2.8943346e+02      +6.3005266e-04      +1.3828057e+02      +1.7144614e+01      
5         -2.8943346e+02      +2.5920599e-10      +5.6889139e-05      +7.0533576e-06      
6         -2.8943346e+02      +7.8654239e-10      +1.7262610e-04      +2.1402919e-05      
7         -2.8943346e+02      +6.1896799e-10      +1.3584777e-04      +1.6842985e-05      
8         -2.8943346e+02      +4.2439297e-10      +9.3143489e-05      +1.1548326e-05      
Total time taken:                  11.6274028 s
===============================================

===============================================
            Relativistic DSRG-MRPT2            
===============================================
-----------------------------------------------
        DSRG-MRPT2 reference relaxation        
-----------------------------------------------
Iter                          Energy              Delta E   
   -Eref  -289.4337768       
   -Ecorr -0.0569663       
<Psi^(0)|Hbar^(0)|Psi^(0)>    -289.4907431        -2.89491e+02
   -Erelax-0.0000777       
<Psi^(0)|Hbar^(1)|Psi^(0)>    -289.4908208        -7.76914e-05
   -Eref  -289.4336979       
   -Ecorr -0.0571588       
<Psi^(1)|Hbar^(1)|Psi^(1)>    -289.4908567        -3.58868e-05
   -Erelax-0.0000000       
<Psi^(1)|Hbar^(2)|Psi^(1)>    -289.4908567        -1.75919e-09
   -Eref  -289.4336984       
   -Ecorr -0.0571582       
<Psi^(2)|Hbar^(2)|Psi^(2)>    -289.4908566        1.36268e-07
   -Erelax-0.0000000       
<Psi^(2)|Hbar^(3)|Psi^(2)>    -289.4908566        -2.78533e-12
   -Eref  -289.4336984       
   -Ecorr -0.0571582       
<Psi^(3)|Hbar^(3)|Psi^(3)>    -289.4908566        5.67070e-10
   -Erelax-0.0000000       
<Psi^(3)|Hbar^(4)|Psi^(3)>    -289.4908566        0.00000e+00
Unrelaxed DSRG-MRPT2 energy:              -289.4907431 Eh
Unrelaxed DSRG-MRPT2 E_corr:                -0.0569663 Eh
Partially relaxed DSRG-MRPT2 energy:      -289.4908208 Eh
Partially relaxed DSRG-MRPT2 E_corr:        -0.0570440 Eh
Relaxed DSRG-MRPT2 energy:                -289.4908567 Eh
Relaxed DSRG-MRPT2 E_corr:                  -0.0571588 Eh
Fully relaxed DSRG-MRPT2 energy:          -289.4908566 Eh
Fully relaxed DSRG-MRPT2 E_corr:            -0.0571582 Eh
State     Energy / Eh         Splitting / Eh      Splitting / cm-1    Splitting / meV     
0         -2.8949157e+02      +0.0000000e+00      +0.0000000e+00      +0.0000000e+00      
1         -2.8949120e+02      +3.6512040e-04      +8.0134664e+01      +9.9354368e+00      
2         -2.8949120e+02      +2.7637270e-10      +6.0656797e-05      +7.5204879e-06      
3         -2.8949120e+02      +2.8484237e-10      +6.2515674e-05      +7.7509594e-06      
4         -2.8949051e+02      +6.9177318e-04      +1.5182666e+02      +1.8824116e+01      
5         -2.8949051e+02      +1.1107204e-10      +2.4377495e-05      +3.0224256e-06      
6         -2.8949051e+02      +2.4920155e-10      +5.4693418e-05      +6.7811228e-06      
7         -2.8949051e+02      +2.3271696e-10      +5.1075468e-05      +6.3325540e-06      
8         -2.8949051e+02      +1.2266810e-10      +2.6922535e-05      +3.3379706e-06      
Time taken:                       85.5762577 s
===============================================
===============================================
              PySCF DHF interface              
===============================================
Will now allocate 0.320 MB disk space for the frozen core ERI tensor!
Will now allocate 74.650 MB disk space for the aacc and acca ERI tensor!
Will now allocate 4.354 GB disk space for the AO ERI tensor!

Timing report
....integral retrieval:            2.6254396 s
....integral transformation:       9.4509442 s

===============================================
            Relativistic CASCI(5,8)            
===============================================
Will now allocate 0.050 MB memory for the CASCI Hamiltonian!
Time taken for 1-RDM build:        0.0263119 s
Time taken for 1-RDM build:        0.0262115 s
Time taken for 1-RDM build:        0.0262854 s
Time taken for 1-RDM build:        0.0263205 s
Time taken for 1-RDM build:        0.0263417 s
Time taken for 1-RDM build:        0.0262978 s
Time taken for 1-RDM build:        0.0254190 s
Time taken for 1-RDM build:        0.0236752 s
Time taken for 1-RDM build:        0.0232863 s
Time taken for 1-RDM build:        0.0231636 s
Time taken for 1-RDM build:        0.0233002 s
Time taken for 1-RDM build:        0.0232167 s
Time taken for 1-RDM build:        0.0233028 s
Time taken for 1-RDM build:        0.0232296 s
Time taken for 2-RDM build:        0.0966644 s
Time taken for 2-RDM build:        0.0964930 s
Time taken for 2-RDM build:        0.0968993 s
Time taken for 2-RDM build:        0.0964575 s
Time taken for 2-RDM build:        0.0964162 s
Time taken for 2-RDM build:        0.0965741 s
Time taken for 2-RDM build:        0.0964816 s
Time taken for 2-RDM build:        0.0965190 s
Time taken for 2-RDM build:        0.0963919 s
Time taken for 2-RDM build:        0.0965240 s
Time taken for 2-RDM build:        0.0964301 s
Time taken for 2-RDM build:        0.0963464 s
Time taken for 2-RDM build:        0.0963976 s
Time taken for 2-RDM build:        0.0965779 s
Time taken for 3-RDM build:        0.3800659 s
Time taken for 3-RDM build:        0.3790605 s
Time taken for 3-RDM build:        0.3793099 s
Time taken for 3-RDM build:        0.3794556 s
Time taken for 3-RDM build:        0.3788784 s
Time taken for 3-RDM build:        0.3787327 s
Time taken for 3-RDM build:        0.3789706 s
Time taken for 3-RDM build:        0.3791068 s
Time taken for 3-RDM build:        0.3790061 s
Time taken for 3-RDM build:        0.4539182 s
Time taken for 3-RDM build:        0.5003109 s
Time taken for 3-RDM build:        0.4098656 s
Time taken for 3-RDM build:        0.3845348 s
Time taken for 3-RDM build:        0.3841295 s
E_frzc:                            0.0000000 Eh
E_cas:                            -6.3636403 Eh
E_nuc:                       -335.1272672-0.0000000j Eh
E_casci:                     -341.4410664-0.0000000j Eh
E0 (from RDM):                  -341.4410664 Eh
Ecorr:                            -0.2138107 Eh

Timing summary
... Hamil build:                    0.0731492 s
... Hamil diag:                     0.0020750 s
... RDM build:                     13.5205028 s
State     Energy / Eh         Splitting / Eh      Splitting / cm-1    Splitting / meV     
0         -3.4149091e+02      +0.0000000e+00      +0.0000000e+00      +0.0000000e+00      
1         -3.4149091e+02      +3.2849812e-10      +7.2097003e-05      +8.9388933e-06      
2         -3.4149091e+02      +3.2838443e-10      +7.2072051e-05      +8.9357998e-06      
3         -3.4149091e+02      +3.2792968e-10      +7.1972246e-05      +8.9234255e-06      
4         -3.4142117e+02      +6.9735531e-02      +1.5305180e+04      +1.8976014e+03      
5         -3.4142117e+02      +1.5667752e-09      +3.4386740e-04      +4.2634144e-05      
6         -3.4142117e+02      +1.3034196e-09      +2.8606753e-04      +3.5467871e-05      
7         -3.4142117e+02      +1.7383286e-09      +3.8151902e-04      +4.7302353e-05      
8         -3.4142110e+02      +6.9890622e-05      +1.5339218e+01      +1.9018216e+00      
9         -3.4142110e+02      +9.2740038e-10      +2.0354085e-04      +2.5235862e-05      
10        -3.4142110e+02      +9.6150643e-10      +2.1102627e-04      +2.6163935e-05      
11        -3.4142110e+02      +7.5050366e-10      +1.6471651e-04      +2.0422255e-05      
12        -3.4142110e+02      +9.6383701e-10      +2.1153777e-04      +2.6227353e-05      
13        -3.4142110e+02      +1.9558115e-09      +4.2925101e-04      +5.3220367e-05      
Total time taken:                  14.0704062 s
===============================================

===============================================
            Relativistic DSRG-MRPT2            
===============================================
-----------------------------------------------
        DSRG-MRPT2 reference relaxation        
-----------------------------------------------
Iter                          Energy              Delta E   
   -Eref  -341.4410664       
   -Ecorr -0.1031212       
<Psi^(0)|Hbar^(0)|Psi^(0)>    -341.5441876        -3.41544e+02
   -Erelax-0.0000023       
<Psi^(0)|Hbar^(1)|Psi^(0)>    -341.5441899        -2.32860e-06
   -Eref  -341.4410647       
   -Ecorr -0.1031266       
<Psi^(1)|Hbar^(1)|Psi^(1)>    -341.5441913        -1.39229e-06
   -Erelax-0.0000000       
<Psi^(1)|Hbar^(2)|Psi^(1)>    -341.5441913        -1.58328e-08
   -Eref  -341.4410649       
   -Ecorr -0.1031263       
<Psi^(2)|Hbar^(2)|Psi^(2)>    -341.5441912        1.17264e-07
   -Erelax-0.0000000       
<Psi^(2)|Hbar^(3)|Psi^(2)>    -341.5441912        -1.29660e-10
   -Eref  -341.4410649       
   -Ecorr -0.1031263       
<Psi^(3)|Hbar^(3)|Psi^(3)>    -341.5441912        -1.06025e-08
   -Erelax-0.0000000       
<Psi^(3)|Hbar^(4)|Psi^(3)>    -341.5441912        -1.08002e-12
   -Eref  -341.4410649       
   -Ecorr -0.1031263       
<Psi^(4)|Hbar^(4)|Psi^(4)>    -341.5441912        9.60142e-10
   -Erelax-0.0000000       
<Psi^(4)|Hbar^(5)|Psi^(4)>    -341.5441912        -5.68434e-14
Unrelaxed DSRG-MRPT2 energy:              -341.5441876 Eh
Unrelaxed DSRG-MRPT2 E_corr:                -0.1031212 Eh
Partially relaxed DSRG-MRPT2 energy:      -341.5441899 Eh
Partially relaxed DSRG-MRPT2 E_corr:        -0.1031235 Eh
Relaxed DSRG-MRPT2 energy:                -341.5441913 Eh
Relaxed DSRG-MRPT2 E_corr:                  -0.1031266 Eh
Fully relaxed DSRG-MRPT2 energy:          -341.5441912 Eh
Fully relaxed DSRG-MRPT2 E_corr:            -0.1031263 Eh
State     Energy / Eh         Splitting / Eh      Splitting / cm-1    Splitting / meV     
0         -3.4158504e+02      +0.0000000e+00      +0.0000000e+00      +0.0000000e+00      
1         -3.4158504e+02      +2.2862423e-10      +5.0177218e-05      +6.2211852e-06      
2         -3.4158504e+02      +2.2862423e-10      +5.0177218e-05      +6.2211852e-06      
3         -3.4158504e+02      +2.2862423e-10      +5.0177218e-05      +6.2211852e-06      
4         -3.4152790e+02      +5.7147820e-02      +1.2542497e+04      +1.5550721e+03      
5         -3.4152790e+02      +2.2771474e-10      +4.9977607e-05      +6.1964365e-06      
6         -3.4152790e+02      +1.6973445e-10      +3.7252405e-05      +4.6187118e-06      
7         -3.4152790e+02      +2.7057467e-10      +5.9384276e-05      +7.3627154e-06      
8         -3.4152782e+02      +7.8962226e-05      +1.7330205e+01      +2.1486726e+00      
9         -3.4152782e+02      +1.8650326e-10      +4.0932733e-05      +5.0750145e-06      
10        -3.4152782e+02      +1.8849278e-10      +4.1369382e-05      +5.1291522e-06      
11        -3.4152782e+02      +8.5094598e-11      +1.8676105e-05      +2.3155431e-06      
12        -3.4152782e+02      +1.3443469e-10      +2.9505003e-05      +3.6581559e-06      
13        -3.4152782e+02      +4.3496584e-10      +9.5463967e-05      +1.1836029e-05      
Time taken:                      117.1352134 s
===============================================
===============================================
              PySCF DHF interface              
===============================================
Will now allocate 0.320 MB disk space for the frozen core ERI tensor!
Will now allocate 74.650 MB disk space for the aacc and acca ERI tensor!
Will now allocate 4.354 GB disk space for the AO ERI tensor!

Timing report
....integral retrieval:            2.6225770 s
....integral transformation:       9.4653404 s

===============================================
            Relativistic CASCI(6,8)            
===============================================
Will now allocate 0.013 MB memory for the CASCI Hamiltonian!
Time taken for 1-RDM build:        0.0103953 s
Time taken for 1-RDM build:        0.0103915 s
Time taken for 1-RDM build:        0.0104074 s
Time taken for 1-RDM build:        0.0104022 s
Time taken for 1-RDM build:        0.0104065 s
Time taken for 1-RDM build:        0.0103989 s
Time taken for 1-RDM build:        0.0104399 s
Time taken for 1-RDM build:        0.0103824 s
Time taken for 1-RDM build:        0.0103931 s
Time taken for 2-RDM build:        0.0312455 s
Time taken for 2-RDM build:        0.0311882 s
Time taken for 2-RDM build:        0.0311961 s
Time taken for 2-RDM build:        0.0312774 s
Time taken for 2-RDM build:        0.0311606 s
Time taken for 2-RDM build:        0.0313361 s
Time taken for 2-RDM build:        0.0311756 s
Time taken for 2-RDM build:        0.0314040 s
Time taken for 2-RDM build:        0.0312510 s
Time taken for 3-RDM build:        0.1581287 s
Time taken for 3-RDM build:        0.1578362 s
Time taken for 3-RDM build:        0.1577711 s
Time taken for 3-RDM build:        0.1579325 s
Time taken for 3-RDM build:        0.1576746 s
Time taken for 3-RDM build:        0.1577239 s
Time taken for 3-RDM build:        0.1576138 s
Time taken for 3-RDM build:        0.1576619 s
Time taken for 3-RDM build:        0.1575949 s
E_frzc:                            0.0000000 Eh
E_cas:                            -9.9659359 Eh
E_nuc:                       -388.5675376-0.0000000j Eh
E_casci:                     -398.5325748-0.0000000j Eh
E0 (from RDM):                  -398.5325748 Eh
Ecorr:                            -0.1603097 Eh

Timing summary
... Hamil build:                    0.0284936 s
... Hamil diag:                     0.0096760 s
... RDM build:                      7.8369615 s
State     Energy / Eh         Splitting / Eh      Splitting / cm-1    Splitting / meV     
0         -3.9853347e+02      +0.0000000e+00      +0.0000000e+00      +0.0000000e+00      
1         -3.9853347e+02      +5.6296585e-09      +1.2355672e-03      +1.5319088e-04      
2         -3.9853347e+02      +5.9783360e-09      +1.3120931e-03      +1.6267889e-04      
3         -3.9853347e+02      +5.6479053e-09      +1.2395719e-03      +1.5368740e-04      
4         -3.9853347e+02      +5.6580234e-09      +1.2417926e-03      +1.5396273e-04      
5         -3.9853166e+02      +1.8163270e-03      +3.9863770e+02      +4.9424800e+01      
6         -3.9853166e+02      +3.5533390e-09      +7.7986775e-04      +9.6691324e-05      
7         -3.9853166e+02      +3.5755079e-09      +7.8473327e-04      +9.7294572e-05      
8         -3.9853083e+02      +8.2294816e-04      +1.8061624e+02      +2.2393571e+01      
Total time taken:                   8.3492434 s
===============================================

===============================================
            Relativistic DSRG-MRPT2            
===============================================
-----------------------------------------------
        DSRG-MRPT2 reference relaxation        
-----------------------------------------------
Iter                          Energy              Delta E   
   -Eref  -398.5325748       
   -Ecorr -0.1400878       
<Psi^(0)|Hbar^(0)|Psi^(0)>    -398.6726627        -3.98673e+02
   -Erelax-0.0000006       
<Psi^(0)|Hbar^(1)|Psi^(0)>    -398.6726633        -5.94728e-07
   -Eref  -398.5325743       
   -Ecorr -0.1400884       
<Psi^(1)|Hbar^(1)|Psi^(1)>    -398.6726626        6.12204e-07
   -Erelax-0.0000000       
<Psi^(1)|Hbar^(2)|Psi^(1)>    -398.6726627        -1.57186e-08
   -Eref  -398.5325744       
   -Ecorr -0.1400883       
<Psi^(2)|Hbar^(2)|Psi^(2)>    -398.6726628        -1.02106e-07
   -Erelax-0.0000000       
<Psi^(2)|Hbar^(3)|Psi^(2)>    -398.6726628        -5.74232e-10
   -Eref  -398.5325744       
   -Ecorr -0.1400884       
<Psi^(3)|Hbar^(3)|Psi^(3)>    -398.6726627        2.04521e-08
   -Erelax-0.0000000       
<Psi^(3)|Hbar^(4)|Psi^(3)>    -398.6726627        -2.09752e-11
   -Eref  -398.5325744       
   -Ecorr -0.1400884       
<Psi^(4)|Hbar^(4)|Psi^(4)>    -398.6726627        -3.87564e-09
   -Erelax-0.0000000       
<Psi^(4)|Hbar^(5)|Psi^(4)>    -398.6726627        -7.95808e-13
Unrelaxed DSRG-MRPT2 energy:              -398.6726627 Eh
Unrelaxed DSRG-MRPT2 E_corr:                -0.1400878 Eh
Partially relaxed DSRG-MRPT2 energy:      -398.6726633 Eh
Partially relaxed DSRG-MRPT2 E_corr:        -0.1400884 Eh
Relaxed DSRG-MRPT2 energy:                -398.6726626 Eh
Relaxed DSRG-MRPT2 E_corr:                  -0.1400884 Eh
Fully relaxed DSRG-MRPT2 energy:          -398.6726627 Eh
Fully relaxed DSRG-MRPT2 E_corr:            -0.1400884 Eh
State     Energy / Eh         Splitting / Eh      Splitting / cm-1    Splitting / meV     
0         -3.9867339e+02      +0.0000000e+00      +0.0000000e+00      +0.0000000e+00      
1         -3.9867339e+02      +1.2647092e-09      +2.7757159e-04      +3.4414507e-05      
2         -3.9867339e+02      +2.8342129e-10      +6.2203782e-05      +7.7122897e-06      
3         -3.9867339e+02      +2.9751845e-10      +6.5297753e-05      +8.0958934e-06      
4         -3.9867339e+02      +9.9771569e-10      +2.1897328e-04      +2.7149240e-05      
5         -3.9867192e+02      +1.4648007e-03      +3.2148659e+02      +3.9859276e+01      
6         -3.9867192e+02      +3.9688075e-10      +8.7105256e-05      +1.0799680e-05      
7         -3.9867192e+02      +5.3387339e-10      +1.1717166e-04      +1.4527442e-05      
8         -3.9867125e+02      +6.7167525e-04      +1.4741568e+02      +1.8277223e+01      
Time taken:                       94.1964288 s
===============================================
===============================================
              PySCF DHF interface              
===============================================
Will now allocate 0.320 MB disk space for the frozen core ERI tensor!
Will now allocate 74.650 MB disk space for the aacc and acca ERI tensor!
Will now allocate 4.354 GB disk space for the AO ERI tensor!

Timing report
....integral retrieval:            2.6303830 s
....integral transformation:      10.0754468 s

===============================================
            Relativistic CASCI(7,8)            
===============================================
Will now allocate 0.001 MB memory for the CASCI Hamiltonian!
Time taken for 1-RDM build:        0.0015607 s
Time taken for 1-RDM build:        0.0015469 s
Time taken for 1-RDM build:        0.0015383 s
Time taken for 1-RDM build:        0.0015390 s
Time taken for 1-RDM build:        0.0015342 s
Time taken for 1-RDM build:        0.0015414 s
Time taken for 2-RDM build:        0.0032454 s
Time taken for 2-RDM build:        0.0031598 s
Time taken for 2-RDM build:        0.0031586 s
Time taken for 2-RDM build:        0.0031579 s
Time taken for 2-RDM build:        0.0031595 s
Time taken for 2-RDM build:        0.0031552 s
Time taken for 3-RDM build:        0.0325437 s
Time taken for 3-RDM build:        0.0325093 s
Time taken for 3-RDM build:        0.0324671 s
Time taken for 3-RDM build:        0.0323231 s
Time taken for 3-RDM build:        0.0322762 s
Time taken for 3-RDM build:        0.0323887 s
E_frzc:                            0.0000000 Eh
E_cas:                           -14.7582517 Eh
E_nuc:                       -446.0682972-0.0000000j Eh
E_casci:                     -460.8252020-0.0000000j Eh
E0 (from RDM):                  -460.8252020 Eh
Ecorr:                             0.0013470 Eh

Timing summary
... Hamil build:                    0.0048966 s
... Hamil diag:                     0.0002499 s
... RDM build:                      6.6315923 s
State     Energy / Eh         Splitting / Eh      Splitting / cm-1    Splitting / meV     
0         -4.6082655e+02      +0.0000000e+00      +0.0000000e+00      +0.0000000e+00      
1         -4.6082655e+02      +1.2022326e-08      +2.6385956e-03      +3.2714432e-04      
2         -4.6082655e+02      +5.7600573e-09      +1.2641864e-03      +1.5673922e-04      
3         -4.6082655e+02      +1.1622035e-08      +2.5507418e-03      +3.1625183e-04      
4         -4.6082251e+02      +4.0408198e-03      +8.8685742e+02      +1.0995636e+02      
5         -4.6082251e+02      +2.0031848e-08      +4.3964825e-03      +5.4509461e-04      
Total time taken:                   7.1125219 s
===============================================

===============================================
            Relativistic DSRG-MRPT2            
===============================================
-----------------------------------------------
        DSRG-MRPT2 reference relaxation        
-----------------------------------------------
Iter                          Energy              Delta E   
   -Eref  -460.8252020       
   -Ecorr -0.1780447       
<Psi^(0)|Hbar^(0)|Psi^(0)>    -461.0032467        -4.61003e+02
   -Erelax-0.0000000       
<Psi^(0)|Hbar^(1)|Psi^(0)>    -461.0032467        0.00000e+00
   -Eref  -460.8252020       
   -Ecorr -0.1780447       
<Psi^(1)|Hbar^(1)|Psi^(1)>    -461.0032467        5.68434e-14
   -Erelax-0.0000000       
<Psi^(1)|Hbar^(2)|Psi^(1)>    -461.0032467        0.00000e+00
Unrelaxed DSRG-MRPT2 energy:              -461.0032467 Eh
Unrelaxed DSRG-MRPT2 E_corr:                -0.1780447 Eh
Partially relaxed DSRG-MRPT2 energy:      -461.0032467 Eh
Partially relaxed DSRG-MRPT2 E_corr:        -0.1780447 Eh
Relaxed DSRG-MRPT2 energy:                -461.0032467 Eh
Relaxed DSRG-MRPT2 E_corr:                  -0.1780447 Eh
Fully relaxed DSRG-MRPT2 energy:          -461.0032467 Eh
Fully relaxed DSRG-MRPT2 E_corr:            -0.1780447 Eh
State     Energy / Eh         Splitting / Eh      Splitting / cm-1    Splitting / meV     
0         -4.6100456e+02      +0.0000000e+00      +0.0000000e+00      +0.0000000e+00      
1         -4.6100456e+02      +1.6160584e-09      +3.5468382e-04      +4.3975210e-05      
2         -4.6100456e+02      +1.4003945e-09      +3.0735106e-04      +3.8106693e-05      
3         -4.6100456e+02      +1.4722445e-09      +3.2312033e-04      +4.0061834e-05      
4         -4.6100062e+02      +3.9432774e-03      +8.6544934e+02      +1.0730209e+02      
5         -4.6100062e+02      +2.7947635e-09      +6.1337969e-04      +7.6049426e-05      
Time taken:                       25.9841368 s
===============================================
===============================================
              PySCF DHF interface              
===============================================
Will now allocate 19.669 MB disk space for the frozen core ERI tensor!
Will now allocate 1.888 GB disk space for the aacc and acca ERI tensor!
Will now allocate 45.327 GB disk space for the AO ERI tensor!

Timing report
....integral retrieval:           31.9476521 s
....integral transformation:     105.1857493 s

===============================================
            Relativistic CASCI(3,8)            
===============================================
Will now allocate 0.050 MB memory for the CASCI Hamiltonian!
Time taken for 1-RDM build:        0.0232403 s
Time taken for 1-RDM build:        0.0230503 s
Time taken for 1-RDM build:        0.0229630 s
Time taken for 1-RDM build:        0.0230255 s
Time taken for 1-RDM build:        0.0233066 s
Time taken for 1-RDM build:        0.0239558 s
Time taken for 2-RDM build:        0.0908563 s
Time taken for 2-RDM build:        0.0908442 s
Time taken for 2-RDM build:        0.0908685 s
Time taken for 2-RDM build:        0.0907767 s
Time taken for 2-RDM build:        0.0908277 s
Time taken for 2-RDM build:        0.0909240 s
Time taken for 3-RDM build:        0.2012408 s
Time taken for 3-RDM build:        0.2005527 s
Time taken for 3-RDM build:        0.2003417 s
Time taken for 3-RDM build:        0.2001746 s
Time taken for 3-RDM build:        0.2000194 s
Time taken for 3-RDM build:        0.2002432 s
E_frzc:                            0.0000000 Eh
E_cas:                            -2.0100161 Eh
E_nuc:                       -1939.7138290-0.0000000j Eh
E_casci:                     -1941.7217616-0.0000000j Eh
E0 (from RDM):                 -1941.7217616 Eh
Ecorr:                            -0.1944870 Eh

Timing summary
... Hamil build:                    0.0615828 s
... Hamil diag:                     0.0127397 s
... RDM build:                    196.8313534 s
State     Energy / Eh         Splitting / Eh      Splitting / cm-1    Splitting / meV     
0         -1.9417238e+03      +0.0000000e+00      +0.0000000e+00      +0.0000000e+00      
1         -1.9417238e+03      +1.0702479e-09      +2.3489226e-04      +2.9122942e-05      
2         -1.9417207e+03      +3.1252750e-03      +6.8591858e+02      +8.5043106e+01      
3         -1.9417207e+03      +1.1004886e-09      +2.4152933e-04      +2.9945834e-05      
4         -1.9417207e+03      +9.5178621e-10      +2.0889293e-04      +2.5899434e-05      
5         -1.9417207e+03      +6.4619599e-10      +1.4182362e-04      +1.7583897e-05      
Total time taken:                 201.5555882 s
===============================================

===============================================
            Relativistic DSRG-MRPT2            
===============================================
-----------------------------------------------
        DSRG-MRPT2 reference relaxation        
-----------------------------------------------
Iter                          Energy              Delta E   
   -Eref  -1941.7217616       
   -Ecorr -0.0258052       
<Psi^(0)|Hbar^(0)|Psi^(0)>    -1941.7475668       -1.94175e+03
   -Erelax-0.0002086       
<Psi^(0)|Hbar^(1)|Psi^(0)>    -1941.7477755       -2.08640e-04
   -Eref  -1941.7215539       
   -Ecorr -0.0261657       
<Psi^(1)|Hbar^(1)|Psi^(1)>    -1941.7477196       5.58507e-05
   -Erelax-0.0000000       
<Psi^(1)|Hbar^(2)|Psi^(1)>    -1941.7477196       -6.07770e-10
   -Eref  -1941.7215546       
   -Ecorr -0.0261651       
<Psi^(2)|Hbar^(2)|Psi^(2)>    -1941.7477197       -8.46858e-08
   -Erelax-0.0000000       
<Psi^(2)|Hbar^(3)|Psi^(2)>    -1941.7477197       0.00000e+00
   -Eref  -1941.7215546       
   -Ecorr -0.0261651       
<Psi^(3)|Hbar^(3)|Psi^(3)>    -1941.7477197       1.47793e-10
   -Erelax0.0000000       
<Psi^(3)|Hbar^(4)|Psi^(3)>    -1941.7477197       0.00000e+00
Unrelaxed DSRG-MRPT2 energy:             -1941.7475668 Eh
Unrelaxed DSRG-MRPT2 E_corr:                -0.0258052 Eh
Partially relaxed DSRG-MRPT2 energy:     -1941.7477755 Eh
Partially relaxed DSRG-MRPT2 E_corr:        -0.0260138 Eh
Relaxed DSRG-MRPT2 energy:               -1941.7477196 Eh
Relaxed DSRG-MRPT2 E_corr:                  -0.0261657 Eh
Fully relaxed DSRG-MRPT2 energy:         -1941.7477197 Eh
Fully relaxed DSRG-MRPT2 E_corr:            -0.0261651 Eh
State     Energy / Eh         Splitting / Eh      Splitting / cm-1    Splitting / meV     
0         -1.9417500e+03      +0.0000000e+00      +0.0000000e+00      +0.0000000e+00      
1         -1.9417500e+03      +5.1022653e-10      +1.1198178e-04      +1.3883978e-05      
2         -1.9417466e+03      +3.4080790e-03      +7.4798688e+02      +9.2738597e+01      
3         -1.9417466e+03      +5.2182259e-10      +1.1452682e-04      +1.4199523e-05      
4         -1.9417466e+03      +4.9840310e-10      +1.0938684e-04      +1.3562246e-05      
5         -1.9417466e+03      +3.2491698e-10      +7.1311034e-05      +8.8414456e-06      
Time taken:                     1686.4476106 s
===============================================
===============================================
              PySCF DHF interface              
===============================================
Will now allocate 19.669 MB disk space for the frozen core ERI tensor!
Will now allocate 1.888 GB disk space for the aacc and acca ERI tensor!
Will now allocate 45.327 GB disk space for the AO ERI tensor!

Timing report
....integral retrieval:           31.8958247 s
....integral transformation:     128.2767649 s

===============================================
            Relativistic CASCI(4,8)            
===============================================
Will now allocate 0.078 MB memory for the CASCI Hamiltonian!
Time taken for 1-RDM build:        0.0350535 s
Time taken for 1-RDM build:        0.0350659 s
Time taken for 1-RDM build:        0.0349762 s
Time taken for 1-RDM build:        0.0349851 s
Time taken for 1-RDM build:        0.0346589 s
Time taken for 1-RDM build:        0.0320528 s
Time taken for 1-RDM build:        0.0308304 s
Time taken for 1-RDM build:        0.0308483 s
Time taken for 1-RDM build:        0.0308819 s
Time taken for 2-RDM build:        0.1340852 s
Time taken for 2-RDM build:        0.1339431 s
Time taken for 2-RDM build:        0.1338942 s
Time taken for 2-RDM build:        0.1339567 s
Time taken for 2-RDM build:        0.1336608 s
Time taken for 2-RDM build:        0.1336024 s
Time taken for 2-RDM build:        0.1336446 s
Time taken for 2-RDM build:        0.1335943 s
Time taken for 2-RDM build:        0.1335716 s
Time taken for 3-RDM build:        0.4197965 s
Time taken for 3-RDM build:        0.4193034 s
Time taken for 3-RDM build:        0.4182045 s
Time taken for 3-RDM build:        0.4188559 s
Time taken for 3-RDM build:        0.4190834 s
Time taken for 3-RDM build:        0.4183450 s
Time taken for 3-RDM build:        0.4191272 s
Time taken for 3-RDM build:        0.4188135 s
Time taken for 3-RDM build:        0.4191804 s
E_frzc:                            0.0000000 Eh
E_cas:                            -3.6862998 Eh
E_nuc:                       -2092.8592106-0.0000000j Eh
E_casci:                     -2096.5413860-0.0000000j Eh
E0 (from RDM):                 -2096.5413860 Eh
Ecorr:                            -0.2153364 Eh

Timing summary
... Hamil build:                    0.0929191 s
... Hamil diag:                     0.0112770 s
... RDM build:                     85.8779922 s
State     Energy / Eh         Splitting / Eh      Splitting / cm-1    Splitting / meV     
0         -2.0965455e+03      +0.0000000e+00      +0.0000000e+00      +0.0000000e+00      
1         -2.0965432e+03      +2.3344184e-03      +5.1234561e+02      +6.3522789e+01      
2         -2.0965432e+03      +6.4164851e-10      +1.4082557e-04      +1.7460154e-05      
3         -2.0965432e+03      +5.3205440e-10      +1.1677244e-04      +1.4477945e-05      
4         -2.0965395e+03      +3.6890520e-03      +8.0965333e+02      +1.0038427e+02      
5         -2.0965395e+03      +9.3723429e-10      +2.0569915e-04      +2.5503456e-05      
6         -2.0965395e+03      +1.0586518e-09      +2.3234722e-04      +2.8807397e-05      
7         -2.0965395e+03      +1.1709744e-09      +2.5699918e-04      +3.1863852e-05      
8         -2.0965395e+03      +1.0372787e-09      +2.2765636e-04      +2.8225805e-05      
Total time taken:                  90.6348438 s
===============================================

===============================================
            Relativistic DSRG-MRPT2            
===============================================
-----------------------------------------------
        DSRG-MRPT2 reference relaxation        
-----------------------------------------------
Iter                          Energy              Delta E   
   -Eref  -2096.5413860       
   -Ecorr -0.0511107       
<Psi^(0)|Hbar^(0)|Psi^(0)>    -2096.5924967       -2.09659e+03
   -Erelax-0.0000607       
<Psi^(0)|Hbar^(1)|Psi^(0)>    -2096.5925574       -6.07444e-05
   -Eref  -2096.5413216       
   -Ecorr -0.0512492       
<Psi^(1)|Hbar^(1)|Psi^(1)>    -2096.5925708       -1.33766e-05
   -Erelax-0.0000000       
<Psi^(1)|Hbar^(2)|Psi^(1)>    -2096.5925708       -1.58520e-08
   -Eref  -2096.5413208       
   -Ecorr -0.0512497       
<Psi^(2)|Hbar^(2)|Psi^(2)>    -2096.5925704       3.62235e-07
   -Erelax-0.0000000       
<Psi^(2)|Hbar^(3)|Psi^(2)>    -2096.5925704       -2.31921e-11
   -Eref  -2096.5413207       
   -Ecorr -0.0512497       
<Psi^(3)|Hbar^(3)|Psi^(3)>    -2096.5925704       1.24082e-08
   -Erelax-0.0000000       
<Psi^(3)|Hbar^(4)|Psi^(3)>    -2096.5925704       0.00000e+00
   -Eref  -2096.5413207       
   -Ecorr -0.0512497       
<Psi^(4)|Hbar^(4)|Psi^(4)>    -2096.5925704       4.82032e-10
   -Erelax-0.0000000       
<Psi^(4)|Hbar^(5)|Psi^(4)>    -2096.5925704       0.00000e+00
Unrelaxed DSRG-MRPT2 energy:             -2096.5924967 Eh
Unrelaxed DSRG-MRPT2 E_corr:                -0.0511107 Eh
Partially relaxed DSRG-MRPT2 energy:     -2096.5925574 Eh
Partially relaxed DSRG-MRPT2 E_corr:        -0.0511714 Eh
Relaxed DSRG-MRPT2 energy:               -2096.5925708 Eh
Relaxed DSRG-MRPT2 E_corr:                  -0.0512492 Eh
Fully relaxed DSRG-MRPT2 energy:         -2096.5925704 Eh
Fully relaxed DSRG-MRPT2 E_corr:            -0.0512497 Eh
State     Energy / Eh         Splitting / Eh      Splitting / cm-1    Splitting / meV     
0         -2.0965969e+03      +0.0000000e+00      +0.0000000e+00      +0.0000000e+00      
1         -2.0965944e+03      +2.4778005e-03      +5.4381435e+02      +6.7424419e+01      
2         -2.0965944e+03      +1.6962076e-10      +3.7227454e-05      +4.6156182e-06      
3         -2.0965944e+03      +1.0777512e-10      +2.3653905e-05      +2.9327119e-06      
4         -2.0965906e+03      +3.8496744e-03      +8.4490588e+02      +1.0475503e+02      
5         -2.0965906e+03      +2.7785063e-10      +6.0981165e-05      +7.5607044e-06      
6         -2.0965906e+03      +2.9058356e-10      +6.3775719e-05      +7.9071851e-06      
7         -2.0965906e+03      +3.1877789e-10      +6.9963660e-05      +8.6743924e-06      
8         -2.0965906e+03      +3.0968295e-10      +6.7967550e-05      +8.4269062e-06      
Time taken:                     1314.9508171 s
===============================================
===============================================
              PySCF DHF interface              
===============================================
Will now allocate 19.669 MB disk space for the frozen core ERI tensor!
Will now allocate 1.888 GB disk space for the aacc and acca ERI tensor!
Will now allocate 45.327 GB disk space for the AO ERI tensor!

Timing report
....integral retrieval:           31.9671957 s
....integral transformation:     111.2574148 s

===============================================
            Relativistic CASCI(5,8)            
===============================================
Will now allocate 0.050 MB memory for the CASCI Hamiltonian!
Time taken for 1-RDM build:        0.0260448 s
Time taken for 1-RDM build:        0.0260320 s
Time taken for 1-RDM build:        0.0260339 s
Time taken for 1-RDM build:        0.0259976 s
Time taken for 1-RDM build:        0.0260360 s
Time taken for 1-RDM build:        0.0260663 s
Time taken for 1-RDM build:        0.0251846 s
Time taken for 1-RDM build:        0.0233486 s
Time taken for 1-RDM build:        0.0229399 s
Time taken for 1-RDM build:        0.0229754 s
Time taken for 1-RDM build:        0.0229516 s
Time taken for 1-RDM build:        0.0229754 s
Time taken for 1-RDM build:        0.0229349 s
Time taken for 1-RDM build:        0.0229518 s
Time taken for 2-RDM build:        0.0956852 s
Time taken for 2-RDM build:        0.0951030 s
Time taken for 2-RDM build:        0.0949316 s
Time taken for 2-RDM build:        0.0949759 s
Time taken for 2-RDM build:        0.0950568 s
Time taken for 2-RDM build:        0.0951269 s
Time taken for 2-RDM build:        0.0951037 s
Time taken for 2-RDM build:        0.0950935 s
Time taken for 2-RDM build:        0.0952024 s
Time taken for 2-RDM build:        0.0952830 s
Time taken for 2-RDM build:        0.0954432 s
Time taken for 2-RDM build:        0.0953670 s
Time taken for 2-RDM build:        0.0952575 s
Time taken for 2-RDM build:        0.0952094 s
Time taken for 3-RDM build:        0.3802531 s
Time taken for 3-RDM build:        0.3793948 s
Time taken for 3-RDM build:        0.3792892 s
Time taken for 3-RDM build:        0.3798316 s
Time taken for 3-RDM build:        0.3794048 s
Time taken for 3-RDM build:        0.3796327 s
Time taken for 3-RDM build:        0.3793588 s
Time taken for 3-RDM build:        0.3792188 s
Time taken for 3-RDM build:        0.3796260 s
Time taken for 3-RDM build:        0.3795292 s
Time taken for 3-RDM build:        0.3795910 s
Time taken for 3-RDM build:        0.3792565 s
Time taken for 3-RDM build:        0.3793373 s
Time taken for 3-RDM build:        0.3796375 s
E_frzc:                            0.0000000 Eh
E_cas:                            -6.0718308 Eh
E_nuc:                       -2252.3726240-0.0000000j Eh
E_casci:                     -2258.3972569-0.0000000j Eh
E0 (from RDM):                 -2258.3972569 Eh
Ecorr:                            -0.0178409 Eh

Timing summary
... Hamil build:                    0.0732524 s
... Hamil diag:                     0.0122697 s
... RDM build:                     94.5384610 s
State     Energy / Eh         Splitting / Eh      Splitting / cm-1    Splitting / meV     
0         -2.2584445e+03      +0.0000000e+00      +0.0000000e+00      +0.0000000e+00      
1         -2.2584445e+03      +5.2432370e-10      +1.1507575e-04      +1.4267581e-05      
2         -2.2584445e+03      +5.2705218e-10      +1.1567458e-04      +1.4341827e-05      
3         -2.2584445e+03      +5.1386451e-10      +1.1278022e-04      +1.3982972e-05      
4         -2.2583793e+03      +6.5107933e-02      +1.4289540e+04      +1.7716780e+03      
5         -2.2583793e+03      +9.2904884e-10      +2.0390265e-04      +2.5280719e-05      
6         -2.2583793e+03      +1.1159500e-09      +2.4492271e-04      +3.0366561e-05      
7         -2.2583793e+03      +5.1250026e-10      +1.1248081e-04      +1.3945849e-05      
8         -2.2583777e+03      +1.6153755e-03      +3.5453394e+02      +4.3956628e+01      
9         -2.2583777e+03      +7.5033313e-10      +1.6467909e-04      +2.0417614e-05      
10        -2.2583777e+03      +4.8839865e-10      +1.0719111e-04      +1.3290011e-05      
11        -2.2583777e+03      +1.4611032e-09      +3.2067509e-04      +3.9758663e-05      
12        -2.2583777e+03      +1.6329977e-09      +3.5840157e-04      +4.4436153e-05      
13        -2.2583777e+03      +6.3982952e-10      +1.4042635e-04      +1.7410656e-05      
Total time taken:                  99.2755771 s
===============================================

===============================================
            Relativistic DSRG-MRPT2            
===============================================
-----------------------------------------------
        DSRG-MRPT2 reference relaxation        
-----------------------------------------------
Iter                          Energy              Delta E   
   -Eref  -2258.3972569       
   -Ecorr -0.0880314       
<Psi^(0)|Hbar^(0)|Psi^(0)>    -2258.4852882       -2.25849e+03
   -Erelax-0.0000287       
<Psi^(0)|Hbar^(1)|Psi^(0)>    -2258.4853169       -2.86852e-05
   -Eref  -2258.3972329       
   -Ecorr -0.0880986       
<Psi^(1)|Hbar^(1)|Psi^(1)>    -2258.4853315       -1.46373e-05
   -Erelax-0.0000001       
<Psi^(1)|Hbar^(2)|Psi^(1)>    -2258.4853316       -9.64887e-08
   -Eref  -2258.3972353       
   -Ecorr -0.0880955       
<Psi^(2)|Hbar^(2)|Psi^(2)>    -2258.4853307       9.22773e-07
   -Erelax-0.0000000       
<Psi^(2)|Hbar^(3)|Psi^(2)>    -2258.4853307       -4.22460e-10
   -Eref  -2258.3972351       
   -Ecorr -0.0880957       
<Psi^(3)|Hbar^(3)|Psi^(3)>    -2258.4853308       -6.08748e-08
   -Erelax-0.0000000       
<Psi^(3)|Hbar^(4)|Psi^(3)>    -2258.4853308       -1.81899e-12
   -Eref  -2258.3972351       
   -Ecorr -0.0880957       
<Psi^(4)|Hbar^(4)|Psi^(4)>    -2258.4853308       4.02952e-09
   -Erelax-0.0000000       
<Psi^(4)|Hbar^(5)|Psi^(4)>    -2258.4853308       0.00000e+00
Unrelaxed DSRG-MRPT2 energy:             -2258.4852882 Eh
Unrelaxed DSRG-MRPT2 E_corr:                -0.0880314 Eh
Partially relaxed DSRG-MRPT2 energy:     -2258.4853169 Eh
Partially relaxed DSRG-MRPT2 E_corr:        -0.0880600 Eh
Relaxed DSRG-MRPT2 energy:               -2258.4853315 Eh
Relaxed DSRG-MRPT2 E_corr:                  -0.0880986 Eh
Fully relaxed DSRG-MRPT2 energy:         -2258.4853308 Eh
Fully relaxed DSRG-MRPT2 E_corr:            -0.0880957 Eh
State     Energy / Eh         Splitting / Eh      Splitting / cm-1    Splitting / meV     
0         -2.2585242e+03      +0.0000000e+00      +0.0000000e+00      +0.0000000e+00      
1         -2.2585242e+03      +3.5515768e-10      +7.7948101e-05      +9.6643374e-06      
2         -2.2585242e+03      +3.5697667e-10      +7.8347323e-05      +9.7138346e-06      
3         -2.2585242e+03      +3.5379344e-10      +7.7648684e-05      +9.6272144e-06      
4         -2.2584706e+03      +5.3610079e-02      +1.1766052e+04      +1.4588053e+03      
5         -2.2584706e+03      +1.6370905e-10      +3.5929982e-05      +4.4547522e-06      
6         -2.2584706e+03      +5.4387783e-10      +1.1936739e-04      +1.4799677e-05      
7         -2.2584706e+03      +1.1414159e-10      +2.5051182e-05      +3.1059522e-06      
8         -2.2584693e+03      +1.2938287e-03      +2.8396258e+02      +3.5206890e+01      
9         -2.2584693e+03      +1.5097612e-10      +3.3135428e-05      +4.1082715e-06      
10        -2.2584693e+03      +2.2737368e-10      +4.9902753e-05      +6.1871558e-06      
11        -2.2584693e+03      +2.2328095e-10      +4.9004504e-05      +6.0757870e-06      
12        -2.2584693e+03      +2.6784619e-10      +5.8785443e-05      +7.2884695e-06      
13        -2.2584693e+03      +1.2050805e-10      +2.6448459e-05      +3.2791926e-06      
Time taken:                     2321.8746834 s
===============================================
===============================================
              PySCF DHF interface              
===============================================
Will now allocate 19.669 MB disk space for the frozen core ERI tensor!
Will now allocate 1.888 GB disk space for the aacc and acca ERI tensor!
Will now allocate 45.327 GB disk space for the AO ERI tensor!

Timing report
....integral retrieval:           31.9230616 s
....integral transformation:      96.0705481 s

===============================================
            Relativistic CASCI(6,8)            
===============================================
Will now allocate 0.013 MB memory for the CASCI Hamiltonian!
Time taken for 1-RDM build:        0.0103517 s
Time taken for 1-RDM build:        0.0103116 s
Time taken for 1-RDM build:        0.0103014 s
Time taken for 1-RDM build:        0.0103049 s
Time taken for 1-RDM build:        0.0102997 s
Time taken for 1-RDM build:        0.0102770 s
Time taken for 1-RDM build:        0.0103054 s
Time taken for 1-RDM build:        0.0102785 s
Time taken for 1-RDM build:        0.0102792 s
Time taken for 2-RDM build:        0.0311928 s
Time taken for 2-RDM build:        0.0310094 s
Time taken for 2-RDM build:        0.0309558 s
Time taken for 2-RDM build:        0.0309639 s
Time taken for 2-RDM build:        0.0309126 s
Time taken for 2-RDM build:        0.0309334 s
Time taken for 2-RDM build:        0.0309303 s
Time taken for 2-RDM build:        0.0309741 s
Time taken for 2-RDM build:        0.0309398 s
Time taken for 3-RDM build:        0.1576416 s
Time taken for 3-RDM build:        0.1572590 s
Time taken for 3-RDM build:        0.1571815 s
Time taken for 3-RDM build:        0.1571620 s
Time taken for 3-RDM build:        0.1573150 s
Time taken for 3-RDM build:        0.1572163 s
Time taken for 3-RDM build:        0.1573935 s
Time taken for 3-RDM build:        0.1574681 s
Time taken for 3-RDM build:        0.1572146 s
E_frzc:                            0.0000000 Eh
E_cas:                            -9.1774708 Eh
E_nuc:                       -2418.2608262-0.0000000j Eh
E_casci:                     -2427.4340589-0.0000000j Eh
E0 (from RDM):                 -2427.4340589 Eh
Ecorr:                            -0.1372548 Eh

Timing summary
... Hamil build:                    0.0283659 s
... Hamil diag:                     0.0006821 s
... RDM build:                     64.5249012 s
State     Energy / Eh         Splitting / Eh      Splitting / cm-1    Splitting / meV     
0         -2.4274383e+03      +0.0000000e+00      +0.0000000e+00      +0.0000000e+00      
1         -2.4274383e+03      +1.9413164e-09      +4.2606971e-04      +5.2825936e-05      
2         -2.4274383e+03      +8.9721652e-10      +1.9691626e-04      +2.4414517e-05      
3         -2.4274383e+03      +1.1737029e-09      +2.5759801e-04      +3.1938098e-05      
4         -2.4274383e+03      +1.8349056e-09      +4.0271522e-04      +4.9930347e-05      
5         -2.4274294e+03      +8.8831576e-03      +1.9496277e+03      +2.4172315e+02      
6         -2.4274294e+03      +4.1914063e-09      +9.1990735e-04      +1.1405403e-04      
7         -2.4274294e+03      +4.1027306e-09      +9.0044528e-04      +1.1164104e-04      
8         -2.4274268e+03      +2.6102260e-03      +5.7287839e+02      +7.1027902e+01      
Total time taken:                  69.2022209 s
===============================================

===============================================
            Relativistic DSRG-MRPT2            
===============================================
-----------------------------------------------
        DSRG-MRPT2 reference relaxation        
-----------------------------------------------
Iter                          Energy              Delta E   
   -Eref  -2427.4340589       
   -Ecorr -0.1182671       
<Psi^(0)|Hbar^(0)|Psi^(0)>    -2427.5523260       -2.42755e+03
   -Erelax-0.0000076       
<Psi^(0)|Hbar^(1)|Psi^(0)>    -2427.5523336       -7.60120e-06
   -Eref  -2427.4340518       
   -Ecorr -0.1182767       
<Psi^(1)|Hbar^(1)|Psi^(1)>    -2427.5523285       5.09395e-06
   -Erelax-0.0000001       
<Psi^(1)|Hbar^(2)|Psi^(1)>    -2427.5523285       -7.24963e-08
   -Eref  -2427.4340527       
   -Ecorr -0.1182765       
<Psi^(2)|Hbar^(2)|Psi^(2)>    -2427.5523292       -6.79312e-07
   -Erelax-0.0000000       
<Psi^(2)|Hbar^(3)|Psi^(2)>    -2427.5523292       -1.26010e-09
   -Eref  -2427.4340526       
   -Ecorr -0.1182765       
<Psi^(3)|Hbar^(3)|Psi^(3)>    -2427.5523291       9.14920e-08
   -Erelax-0.0000000       
<Psi^(3)|Hbar^(4)|Psi^(3)>    -2427.5523291       -2.18279e-11
   -Eref  -2427.4340526       
   -Ecorr -0.1182765       
<Psi^(4)|Hbar^(4)|Psi^(4)>    -2427.5523291       -1.20308e-08
   -Erelax-0.0000000       
<Psi^(4)|Hbar^(5)|Psi^(4)>    -2427.5523291       -4.54747e-13
   -Eref  -2427.4340526       
   -Ecorr -0.1182765       
<Psi^(5)|Hbar^(5)|Psi^(5)>    -2427.5523291       1.58707e-09
   -Erelax-0.0000000       
<Psi^(5)|Hbar^(6)|Psi^(5)>    -2427.5523291       0.00000e+00
Unrelaxed DSRG-MRPT2 energy:             -2427.5523260 Eh
Unrelaxed DSRG-MRPT2 E_corr:                -0.1182671 Eh
Partially relaxed DSRG-MRPT2 energy:     -2427.5523336 Eh
Partially relaxed DSRG-MRPT2 E_corr:        -0.1182747 Eh
Relaxed DSRG-MRPT2 energy:               -2427.5523285 Eh
Relaxed DSRG-MRPT2 E_corr:                  -0.1182767 Eh
Fully relaxed DSRG-MRPT2 energy:         -2427.5523291 Eh
Fully relaxed DSRG-MRPT2 E_corr:            -0.1182765 Eh
State     Energy / Eh         Splitting / Eh      Splitting / cm-1    Splitting / meV     
0         -2.4275559e+03      +0.0000000e+00      +0.0000000e+00      +0.0000000e+00      
1         -2.4275559e+03      +3.5288394e-10      +7.7449073e-05      +9.6024658e-06      
2         -2.4275559e+03      +3.8562575e-10      +8.4635070e-05      +1.0493416e-05      
3         -2.4275559e+03      +3.9199222e-10      +8.6032347e-05      +1.0666657e-05      
4         -2.4275559e+03      +3.1286618e-10      +6.8666189e-05      +8.5135264e-06      
5         -2.4275485e+03      +7.4281381e-03      +1.6302879e+03      +2.0213003e+02      
6         -2.4275485e+03      +7.0622264e-10      +1.5499795e-04      +1.9217306e-05      
7         -2.4275485e+03      +6.4710548e-10      +1.4202324e-04      +1.7608645e-05      
8         -2.4275461e+03      +2.3827218e-03      +5.2294698e+02      +6.4837193e+01      
Time taken:                     1754.8155713 s
===============================================
===============================================
              PySCF DHF interface              
===============================================
Will now allocate 19.669 MB disk space for the frozen core ERI tensor!
Will now allocate 1.888 GB disk space for the aacc and acca ERI tensor!
Will now allocate 45.327 GB disk space for the AO ERI tensor!

Timing report
....integral retrieval:           31.9470401 s
....integral transformation:     119.4062159 s

===============================================
            Relativistic CASCI(7,8)            
===============================================
Will now allocate 0.001 MB memory for the CASCI Hamiltonian!
Time taken for 1-RDM build:        0.0015488 s
Time taken for 1-RDM build:        0.0015354 s
Time taken for 1-RDM build:        0.0015373 s
Time taken for 1-RDM build:        0.0015273 s
Time taken for 1-RDM build:        0.0015340 s
Time taken for 1-RDM build:        0.0015283 s
Time taken for 2-RDM build:        0.0032258 s
Time taken for 2-RDM build:        0.0031605 s
Time taken for 2-RDM build:        0.0031583 s
Time taken for 2-RDM build:        0.0031540 s
Time taken for 2-RDM build:        0.0031476 s
Time taken for 2-RDM build:        0.0031512 s
Time taken for 3-RDM build:        0.0288923 s
Time taken for 3-RDM build:        0.0285859 s
Time taken for 3-RDM build:        0.0285778 s
Time taken for 3-RDM build:        0.0285769 s
Time taken for 3-RDM build:        0.0285711 s
Time taken for 3-RDM build:        0.0285726 s
E_frzc:                            0.0000000 Eh
E_cas:                           -13.1880855 Eh
E_nuc:                       -2590.5378304-0.0000000j Eh
E_casci:                     -2603.7203212-0.0000000j Eh
E0 (from RDM):                 -2603.7203212 Eh
Ecorr:                            -0.0318830 Eh

Timing summary
... Hamil build:                    0.0048702 s
... Hamil diag:                     0.0002093 s
... RDM build:                     81.1550443 s
State     Energy / Eh         Splitting / Eh      Splitting / cm-1    Splitting / meV     
0         -2.6037259e+03      +0.0000000e+00      +0.0000000e+00      +0.0000000e+00      
1         -2.6037259e+03      +9.2413757e-09      +2.0282475e-03      +2.5147076e-04      
2         -2.6037259e+03      +1.8784249e-08      +4.1226661e-03      +5.1114569e-04      
3         -2.6037259e+03      +9.8884811e-09      +2.1702707e-03      +2.6907941e-04      
4         -2.6037091e+03      +1.6783801e-02      +3.6836186e+03      +4.5671072e+02      
5         -2.6037091e+03      +7.4087438e-09      +1.6260313e-03      +2.0160228e-04      
Total time taken:                  85.8079913 s
===============================================

===============================================
            Relativistic DSRG-MRPT2            
===============================================
-----------------------------------------------
        DSRG-MRPT2 reference relaxation        
-----------------------------------------------
Iter                          Energy              Delta E   
   -Eref  -2603.7203212       
   -Ecorr -0.1499712       
<Psi^(0)|Hbar^(0)|Psi^(0)>    -2603.8702924       -2.60387e+03
   -Erelax0.0000000       
<Psi^(0)|Hbar^(1)|Psi^(0)>    -2603.8702924       0.00000e+00
   -Eref  -2603.7203212       
   -Ecorr -0.1499712       
<Psi^(1)|Hbar^(1)|Psi^(1)>    -2603.8702924       0.00000e+00
   -Erelax0.0000000       
<Psi^(1)|Hbar^(2)|Psi^(1)>    -2603.8702924       0.00000e+00
Unrelaxed DSRG-MRPT2 energy:             -2603.8702924 Eh
Unrelaxed DSRG-MRPT2 E_corr:                -0.1499712 Eh
Partially relaxed DSRG-MRPT2 energy:     -2603.8702924 Eh
Partially relaxed DSRG-MRPT2 E_corr:        -0.1499712 Eh
Relaxed DSRG-MRPT2 energy:               -2603.8702924 Eh
Relaxed DSRG-MRPT2 E_corr:                  -0.1499712 Eh
Fully relaxed DSRG-MRPT2 energy:         -2603.8702924 Eh
Fully relaxed DSRG-MRPT2 E_corr:            -0.1499712 Eh
State     Energy / Eh         Splitting / Eh      Splitting / cm-1    Splitting / meV     
0         -2.6038757e+03      +0.0000000e+00      +0.0000000e+00      +0.0000000e+00      
1         -2.6038757e+03      +1.4842954e-09      +3.2576517e-04      +4.0389753e-05      
2         -2.6038757e+03      +2.8444447e-09      +6.2428344e-04      +7.7401319e-05      
3         -2.6038757e+03      +2.1341293e-09      +4.6838724e-04      +5.8072644e-05      
4         -2.6038595e+03      +1.6159638e-02      +3.5466306e+03      +4.3972636e+02      
5         -2.6038595e+03      +1.9472282e-09      +4.2736718e-04      +5.2986802e-05      
Time taken:                      320.7186027 s
===============================================
