NOW DOING s=1.1400000000000003
===============================================
              PySCF DHF interface              
===============================================
Will now allocate 1.593 GB disk space for the AO ERI tensor!

Timing report
....integral retrieval:            0.7164943 s
....integral transformation:       3.6038077 s

===============================================
            Relativistic CASCI(3,8)            
===============================================
Will now allocate 0.050 MB memory for the CASCI Hamiltonian!
Time taken for 1-RDM build:        0.0302315 s
Time taken for 1-RDM build:        0.0301883 s
Time taken for 1-RDM build:        0.0302260 s
Time taken for 1-RDM build:        0.0301797 s
Time taken for 1-RDM build:        0.0283687 s
Time taken for 1-RDM build:        0.0258415 s
Time taken for 2-RDM build:        0.0910802 s
Time taken for 2-RDM build:        0.0906579 s
Time taken for 2-RDM build:        0.0907292 s
Time taken for 2-RDM build:        0.0909276 s
Time taken for 2-RDM build:        0.0914190 s
Time taken for 2-RDM build:        0.0907197 s
Time taken for 3-RDM build:        0.2003887 s
Time taken for 3-RDM build:        0.1999490 s
Time taken for 3-RDM build:        0.1996319 s
Time taken for 3-RDM build:        0.2000852 s
Time taken for 3-RDM build:        0.1998551 s
Time taken for 3-RDM build:        0.1995709 s
E_frzc:                          -21.9899228 Eh
E_cas:                            -2.5754278 Eh
E_nuc:                             0.0000000 Eh
E_casci:                         -24.5653104 Eh
E0 (from RDM):                   -24.5653104 Eh
Ecorr:                            -0.2764703 Eh

Timing summary
... Hamil build:                    0.0809350 s
... Hamil diag:                     0.0040421 s
... RDM build:                      5.1793015 s
State     Energy / Eh         Splitting / Eh      Splitting / cm-1    Splitting / meV     
0         -2.4565351e+01      +0.0000000e+00      +0.0000000e+00      +0.0000000e+00      
1         -2.4565351e+01      +1.6292176e-09      +3.5757194e-04      +4.4333292e-05      
2         -2.4565290e+01      +6.0370290e-05      +1.3249747e+01      +1.6427601e+00      
3         -2.4565290e+01      +8.2750162e-10      +1.8161561e-04      +2.2517477e-05      
4         -2.4565290e+01      +8.6880547e-10      +1.9068076e-04      +2.3641412e-05      
5         -2.4565290e+01      +1.8699744e-09      +4.1041194e-04      +5.0884619e-05      
Total time taken:                   5.4531560 s
===============================================

===============================================
            Relativistic DSRG-MRPT2            
===============================================
-----------------------------------------------
        DSRG-MRPT2 reference relaxation        
-----------------------------------------------
Iter                          Energy              Delta E   
   -Eref  -24.5653104       
   -Ecorr -0.0726017       
<Psi^(0)|Hbar^(0)|Psi^(0)>    -24.6379120         -2.46379e+01
   -Erelax-0.0002847       
<Psi^(0)|Hbar^(1)|Psi^(0)>    -24.6381967         -2.84679e-04
   -Eref  -24.5650111       
   -Ecorr -0.0731300       
<Psi^(1)|Hbar^(1)|Psi^(1)>    -24.6381411         5.55855e-05
   -Erelax-0.0000001       
<Psi^(1)|Hbar^(2)|Psi^(1)>    -24.6381412         -5.76004e-08
   -Eref  -24.5650195       
   -Ecorr -0.0731222       
<Psi^(2)|Hbar^(2)|Psi^(2)>    -24.6381418         -5.84314e-07
   -Erelax-0.0000000       
<Psi^(2)|Hbar^(3)|Psi^(2)>    -24.6381418         -1.12372e-11
   -Eref  -24.5650194       
   -Ecorr -0.0731223       
<Psi^(3)|Hbar^(3)|Psi^(3)>    -24.6381418         8.20109e-09
   -Erelax-0.0000000       
<Psi^(3)|Hbar^(4)|Psi^(3)>    -24.6381418         -7.10543e-15
Unrelaxed DSRG-MRPT2 energy:               -24.6379120 Eh
Unrelaxed DSRG-MRPT2 E_corr:                -0.0726017 Eh
Partially relaxed DSRG-MRPT2 energy:       -24.6381967 Eh
Partially relaxed DSRG-MRPT2 E_corr:        -0.0728863 Eh
Relaxed DSRG-MRPT2 energy:                 -24.6381411 Eh
Relaxed DSRG-MRPT2 E_corr:                  -0.0731300 Eh
Fully relaxed DSRG-MRPT2 energy:           -24.6381418 Eh
Fully relaxed DSRG-MRPT2 E_corr:            -0.0731223 Eh
State     Energy / Eh         Splitting / Eh      Splitting / cm-1    Splitting / meV     
0         -2.4638184e+01      +0.0000000e+00      +0.0000000e+00      +0.0000000e+00      
1         -2.4638184e+01      +4.1869441e-10      +9.1892801e-05      +1.1393261e-05      
2         -2.4638121e+01      +6.3583609e-05      +1.3954989e+01      +1.7301990e+00      
3         -2.4638121e+01      +3.5524295e-10      +7.7966814e-05      +9.6666576e-06      
4         -2.4638121e+01      +2.9536551e-10      +6.4825236e-05      +8.0373087e-06      
5         -2.4638121e+01      +4.2050630e-10      +9.2290464e-05      +1.1442565e-05      
Time taken:                       43.0086951 s
===============================================
===============================================
              PySCF DHF interface              
===============================================
Will now allocate 1.593 GB disk space for the AO ERI tensor!

Timing report
....integral retrieval:            0.7003140 s
....integral transformation:       3.3781316 s

===============================================
            Relativistic CASCI(4,8)            
===============================================
Will now allocate 0.078 MB memory for the CASCI Hamiltonian!
Time taken for 1-RDM build:        0.0408752 s
Time taken for 1-RDM build:        0.0406060 s
Time taken for 1-RDM build:        0.0368185 s
Time taken for 1-RDM build:        0.0353603 s
Time taken for 1-RDM build:        0.0339570 s
Time taken for 1-RDM build:        0.0312390 s
Time taken for 1-RDM build:        0.0309963 s
Time taken for 1-RDM build:        0.0310121 s
Time taken for 1-RDM build:        0.0310233 s
Time taken for 2-RDM build:        0.1343818 s
Time taken for 2-RDM build:        0.1341906 s
Time taken for 2-RDM build:        0.1340487 s
Time taken for 2-RDM build:        0.1344225 s
Time taken for 2-RDM build:        0.1341996 s
Time taken for 2-RDM build:        0.1341705 s
Time taken for 2-RDM build:        0.1341875 s
Time taken for 2-RDM build:        0.1341994 s
Time taken for 2-RDM build:        0.1340594 s
Time taken for 3-RDM build:        0.4173894 s
Time taken for 3-RDM build:        0.4170082 s
Time taken for 3-RDM build:        0.4176762 s
Time taken for 3-RDM build:        0.4171803 s
Time taken for 3-RDM build:        0.4169393 s
Time taken for 3-RDM build:        0.4169853 s
Time taken for 3-RDM build:        0.4168258 s
Time taken for 3-RDM build:        0.4168196 s
Time taken for 3-RDM build:        0.4166481 s
E_frzc:                          -32.3709352 Eh
E_cas:                            -5.3467114 Eh
E_nuc:                             0.0000000 Eh
E_casci:                         -37.7175257 Eh
E0 (from RDM):                   -37.7175257 Eh
Ecorr:                            -0.4429083 Eh

Timing summary
... Hamil build:                    0.1223712 s
... Hamil diag:                     0.0269656 s
... RDM build:                      7.9176815 s
State     Energy / Eh         Splitting / Eh      Splitting / cm-1    Splitting / meV     
0         -3.7717647e+01      +0.0000000e+00      +0.0000000e+00      +0.0000000e+00      
1         -3.7717578e+01      +6.8056777e-05      +1.4936736e+01      +1.8519201e+00      
2         -3.7717578e+01      +1.0789876e-09      +2.3681040e-04      +2.9360761e-05      
3         -3.7717578e+01      +1.2285781e-09      +2.6964173e-04      +3.3431330e-05      
4         -3.7717470e+01      +1.0852195e-04      +2.3817815e+01      +2.9530341e+00      
5         -3.7717470e+01      +3.7325520e-10      +8.1920048e-05      +1.0156796e-05      
6         -3.7717470e+01      +9.5214148e-10      +2.0897090e-04      +2.5909102e-05      
7         -3.7717470e+01      +4.4994408e-10      +9.8751311e-05      +1.2243608e-05      
8         -3.7717470e+01      +5.6218852e-10      +1.2338612e-04      +1.5297936e-05      
Total time taken:                   8.2557302 s
===============================================

===============================================
            Relativistic DSRG-MRPT2            
===============================================
-----------------------------------------------
        DSRG-MRPT2 reference relaxation        
-----------------------------------------------
Iter                          Energy              Delta E   
   -Eref  -37.7175257       
   -Ecorr -0.1146609       
<Psi^(0)|Hbar^(0)|Psi^(0)>    -37.8321866         -3.78322e+01
   -Erelax-0.0000102       
<Psi^(0)|Hbar^(1)|Psi^(0)>    -37.8321968         -1.01637e-05
   -Eref  -37.7175143       
   -Ecorr -0.1145992       
<Psi^(1)|Hbar^(1)|Psi^(1)>    -37.8321135         8.32588e-05
   -Erelax-0.0000000       
<Psi^(1)|Hbar^(2)|Psi^(1)>    -37.8321135         -4.88391e-09
   -Eref  -37.7175147       
   -Ecorr -0.1146004       
<Psi^(2)|Hbar^(2)|Psi^(2)>    -37.8321151         -1.59811e-06
   -Erelax-0.0000000       
<Psi^(2)|Hbar^(3)|Psi^(2)>    -37.8321151         -5.06120e-11
   -Eref  -37.7175147       
   -Ecorr -0.1146004       
<Psi^(3)|Hbar^(3)|Psi^(3)>    -37.8321151         3.40150e-08
   -Erelax-0.0000000       
<Psi^(3)|Hbar^(4)|Psi^(3)>    -37.8321151         -2.22400e-12
   -Eref  -37.7175147       
   -Ecorr -0.1146004       
<Psi^(4)|Hbar^(4)|Psi^(4)>    -37.8321151         -4.24620e-11
   -Erelax-0.0000000       
<Psi^(4)|Hbar^(5)|Psi^(4)>    -37.8321151         -9.23706e-14
Unrelaxed DSRG-MRPT2 energy:               -37.8321866 Eh
Unrelaxed DSRG-MRPT2 E_corr:                -0.1146609 Eh
Partially relaxed DSRG-MRPT2 energy:       -37.8321968 Eh
Partially relaxed DSRG-MRPT2 E_corr:        -0.1146710 Eh
Relaxed DSRG-MRPT2 energy:                 -37.8321135 Eh
Relaxed DSRG-MRPT2 E_corr:                  -0.1145992 Eh
Fully relaxed DSRG-MRPT2 energy:           -37.8321151 Eh
Fully relaxed DSRG-MRPT2 E_corr:            -0.1146004 Eh
State     Energy / Eh         Splitting / Eh      Splitting / cm-1    Splitting / meV     
0         -3.7832286e+01      +0.0000000e+00      +0.0000000e+00      +0.0000000e+00      
1         -3.7832194e+01      +9.1961123e-05      +2.0183133e+01      +2.5023908e+00      
2         -3.7832194e+01      +1.5575097e-10      +3.4183386e-05      +4.2382017e-06      
3         -3.7832194e+01      +1.5843682e-10      +3.4772862e-05      +4.3112875e-06      
4         -3.7832033e+01      +1.6123128e-04      +3.5386176e+01      +4.3873288e+00      
5         -3.7832033e+01      +8.5279339e-11      +1.8716651e-05      +2.3205701e-06      
6         -3.7832033e+01      +5.8413718e-11      +1.2820329e-05      +1.5895190e-06      
7         -3.7832033e+01      +1.4877344e-10      +3.2651995e-05      +4.0483334e-06      
8         -3.7832033e+01      +2.8641978e-11      +6.2861875e-06      +7.7938828e-07      
Time taken:                       69.0456042 s
===============================================
===============================================
              PySCF DHF interface              
===============================================
Will now allocate 1.593 GB disk space for the AO ERI tensor!

Timing report
....integral retrieval:            0.6986241 s
....integral transformation:       3.4242926 s

===============================================
            Relativistic CASCI(5,8)            
===============================================
Will now allocate 0.050 MB memory for the CASCI Hamiltonian!
Time taken for 1-RDM build:        0.0304399 s
Time taken for 1-RDM build:        0.0304034 s
Time taken for 1-RDM build:        0.0303938 s
Time taken for 1-RDM build:        0.0304151 s
Time taken for 1-RDM build:        0.0294881 s
Time taken for 1-RDM build:        0.0268004 s
Time taken for 1-RDM build:        0.0245714 s
Time taken for 1-RDM build:        0.0232120 s
Time taken for 1-RDM build:        0.0231071 s
Time taken for 1-RDM build:        0.0231433 s
Time taken for 1-RDM build:        0.0231133 s
Time taken for 1-RDM build:        0.0231178 s
Time taken for 1-RDM build:        0.0231340 s
Time taken for 1-RDM build:        0.0231926 s
Time taken for 2-RDM build:        0.0963523 s
Time taken for 2-RDM build:        0.0957561 s
Time taken for 2-RDM build:        0.0955050 s
Time taken for 2-RDM build:        0.0955036 s
Time taken for 2-RDM build:        0.0956283 s
Time taken for 2-RDM build:        0.0957742 s
Time taken for 2-RDM build:        0.0955307 s
Time taken for 2-RDM build:        0.0957096 s
Time taken for 2-RDM build:        0.0956883 s
Time taken for 2-RDM build:        0.0957625 s
Time taken for 2-RDM build:        0.0959330 s
Time taken for 2-RDM build:        0.0956726 s
Time taken for 2-RDM build:        0.0956700 s
Time taken for 2-RDM build:        0.0957799 s
Time taken for 3-RDM build:        0.3777671 s
Time taken for 3-RDM build:        0.3775020 s
Time taken for 3-RDM build:        0.3774629 s
Time taken for 3-RDM build:        0.3775287 s
Time taken for 3-RDM build:        0.3773735 s
Time taken for 3-RDM build:        0.3774667 s
Time taken for 3-RDM build:        0.3775079 s
Time taken for 3-RDM build:        0.3776515 s
Time taken for 3-RDM build:        0.3772750 s
Time taken for 3-RDM build:        0.3773830 s
Time taken for 3-RDM build:        0.3768265 s
Time taken for 3-RDM build:        0.3768706 s
Time taken for 3-RDM build:        0.3769834 s
Time taken for 3-RDM build:        0.3769243 s
E_frzc:                          -44.7567199 Eh
E_cas:                            -9.6666253 Eh
E_nuc:                             0.0000000 Eh
E_casci:                         -54.3487687 Eh
E0 (from RDM):                   -54.3487687 Eh
Ecorr:                            -0.4454114 Eh

Timing summary
... Hamil build:                    0.0962827 s
... Hamil diag:                     0.0018876 s
... RDM build:                      9.7140739 s
State     Energy / Eh         Splitting / Eh      Splitting / cm-1    Splitting / meV     
0         -5.4423345e+01      +0.0000000e+00      +0.0000000e+00      +0.0000000e+00      
1         -5.4423345e+01      +1.0766144e-09      +2.3628954e-04      +2.9296183e-05      
2         -5.4423345e+01      +1.0765291e-09      +2.3627082e-04      +2.9293863e-05      
3         -5.4423345e+01      +1.0764012e-09      +2.3624275e-04      +2.9290382e-05      
4         -5.4318958e+01      +1.0438692e-01      +2.2910281e+04      +2.8405142e+03      
5         -5.4318958e+01      +1.1012702e-09      +2.4170087e-04      +2.9967102e-05      
6         -5.4318958e+01      +1.1371171e-09      +2.4956835e-04      +3.0942546e-05      
7         -5.4318958e+01      +5.9976912e-10      +1.3163411e-04      +1.6320557e-05      
8         -5.4318958e+01      +1.1947421e-09      +2.6221558e-04      +3.2510604e-05      
9         -5.4318958e+01      +1.3783108e-09      +3.0250425e-04      +3.7505765e-05      
10        -5.4318908e+01      +5.0508872e-05      +1.1085416e+01      +1.3744171e+00      
11        -5.4318908e+01      +3.9502766e-09      +8.6698548e-04      +1.0749255e-04      
12        -5.4318908e+01      +3.0347778e-09      +6.6605673e-04      +8.2580549e-05      
13        -5.4318908e+01      +2.9868872e-09      +6.5554596e-04      +8.1277379e-05      
Total time taken:                  10.0011587 s
===============================================

===============================================
            Relativistic DSRG-MRPT2            
===============================================
-----------------------------------------------
        DSRG-MRPT2 reference relaxation        
-----------------------------------------------
Iter                          Energy              Delta E   
   -Eref  -54.3487687       
   -Ecorr -0.1685430       
<Psi^(0)|Hbar^(0)|Psi^(0)>    -54.5173117         -5.45173e+01
   -Erelax-0.0000000       
<Psi^(0)|Hbar^(1)|Psi^(0)>    -54.5173117         -2.90565e-08
   -Eref  -54.3487687       
   -Ecorr -0.1685431       
<Psi^(1)|Hbar^(1)|Psi^(1)>    -54.5173118         -2.84785e-08
   -Erelax-0.0000000       
<Psi^(1)|Hbar^(2)|Psi^(1)>    -54.5173118         -2.31339e-10
   -Eref  -54.3487687       
   -Ecorr -0.1685431       
<Psi^(2)|Hbar^(2)|Psi^(2)>    -54.5173118         9.19145e-09
   -Erelax-0.0000000       
<Psi^(2)|Hbar^(3)|Psi^(2)>    -54.5173118         -7.09832e-12
Unrelaxed DSRG-MRPT2 energy:               -54.5173117 Eh
Unrelaxed DSRG-MRPT2 E_corr:                -0.1685430 Eh
Partially relaxed DSRG-MRPT2 energy:       -54.5173117 Eh
Partially relaxed DSRG-MRPT2 E_corr:        -0.1685431 Eh
Relaxed DSRG-MRPT2 energy:                 -54.5173118 Eh
Relaxed DSRG-MRPT2 E_corr:                  -0.1685431 Eh
Fully relaxed DSRG-MRPT2 energy:           -54.5173118 Eh
Fully relaxed DSRG-MRPT2 E_corr:            -0.1685431 Eh
State     Energy / Eh         Splitting / Eh      Splitting / cm-1    Splitting / meV     
0         -5.4583083e+01      +0.0000000e+00      +0.0000000e+00      +0.0000000e+00      
1         -5.4583083e+01      +2.5744384e-10      +5.6502392e-05      +7.0054072e-06      
2         -5.4583083e+01      +2.5745805e-10      +5.6505511e-05      +7.0057939e-06      
3         -5.4583083e+01      +2.5745805e-10      +5.6505511e-05      +7.0057939e-06      
4         -5.4491008e+01      +9.2075538e-02      +2.0208245e+04      +2.5055042e+03      
5         -5.4491008e+01      +1.1587531e-10      +2.5431691e-05      +3.1531293e-06      
6         -5.4491008e+01      +8.3716145e-11      +1.8373570e-05      +2.2780334e-06      
7         -5.4491008e+01      +1.0079759e-10      +2.2122514e-05      +2.7428435e-06      
8         -5.4491008e+01      +5.1500137e-11      +1.1302974e-05      +1.4013908e-06      
9         -5.4491008e+01      +1.3598367e-10      +2.9844965e-05      +3.7003059e-06      
10        -5.4490996e+01      +1.1364622e-05      +2.4942462e+00      +3.0924726e-01      
11        -5.4490996e+01      +4.2709303e-10      +9.3736084e-05      +1.1621799e-05      
12        -5.4490996e+01      +1.7141133e-10      +3.7620438e-05      +4.6643421e-06      
13        -5.4490996e+01      +2.2404834e-10      +4.9172926e-05      +6.0966687e-06      
Time taken:                       40.4073155 s
===============================================
===============================================
              PySCF DHF interface              
===============================================
Will now allocate 1.593 GB disk space for the AO ERI tensor!

Timing report
....integral retrieval:            0.7002237 s
....integral transformation:       3.3497078 s

===============================================
            Relativistic CASCI(6,8)            
===============================================
Will now allocate 0.013 MB memory for the CASCI Hamiltonian!
Time taken for 1-RDM build:        0.0120049 s
Time taken for 1-RDM build:        0.0119741 s
Time taken for 1-RDM build:        0.0119712 s
Time taken for 1-RDM build:        0.0119951 s
Time taken for 1-RDM build:        0.0119653 s
Time taken for 1-RDM build:        0.0119843 s
Time taken for 1-RDM build:        0.0119691 s
Time taken for 1-RDM build:        0.0120080 s
Time taken for 1-RDM build:        0.0119839 s
Time taken for 2-RDM build:        0.0314329 s
Time taken for 2-RDM build:        0.0309980 s
Time taken for 2-RDM build:        0.0309172 s
Time taken for 2-RDM build:        0.0309727 s
Time taken for 2-RDM build:        0.0310118 s
Time taken for 2-RDM build:        0.0309885 s
Time taken for 2-RDM build:        0.0310402 s
Time taken for 2-RDM build:        0.0309830 s
Time taken for 2-RDM build:        0.0310268 s
Time taken for 3-RDM build:        0.1574442 s
Time taken for 3-RDM build:        0.1574233 s
Time taken for 3-RDM build:        0.1572821 s
Time taken for 3-RDM build:        0.1572506 s
Time taken for 3-RDM build:        0.1572459 s
Time taken for 3-RDM build:        0.1572452 s
Time taken for 3-RDM build:        0.1571929 s
Time taken for 3-RDM build:        0.1571205 s
Time taken for 3-RDM build:        0.1572206 s
E_frzc:                          -59.1480236 Eh
E_cas:                           -15.7034833 Eh
E_nuc:                             0.0000000 Eh
E_casci:                         -74.8511626 Eh
E0 (from RDM):                   -74.8511626 Eh
Ecorr:                            -0.3302227 Eh

Timing summary
... Hamil build:                    0.0374269 s
... Hamil diag:                     0.0005698 s
... RDM build:                      4.4944732 s
State     Energy / Eh         Splitting / Eh      Splitting / cm-1    Splitting / meV     
0         -7.4851507e+01      +0.0000000e+00      +0.0000000e+00      +0.0000000e+00      
1         -7.4851507e+01      +6.1121170e-09      +1.3414546e-03      +1.6631926e-04      
2         -7.4851507e+01      +6.8041430e-09      +1.4933368e-03      +1.8515025e-04      
3         -7.4851507e+01      +7.2887616e-09      +1.5996983e-03      +1.9833740e-04      
4         -7.4851507e+01      +9.8173842e-09      +2.1546668e-03      +2.6714476e-04      
5         -7.4850809e+01      +6.9818897e-04      +1.5323477e+02      +1.8998699e+01      
6         -7.4850809e+01      +7.3982278e-09      +1.6237233e-03      +2.0131613e-04      
7         -7.4850809e+01      +7.5923197e-09      +1.6663215e-03      +2.0659764e-04      
8         -7.4850503e+01      +3.0523771e-04      +6.6991933e+01      +8.3059451e+00      
Total time taken:                   4.7224836 s
===============================================

===============================================
            Relativistic DSRG-MRPT2            
===============================================
-----------------------------------------------
        DSRG-MRPT2 reference relaxation        
-----------------------------------------------
Iter                          Energy              Delta E   
   -Eref  -74.8511626       
   -Ecorr -0.2160298       
<Psi^(0)|Hbar^(0)|Psi^(0)>    -75.0671924         -7.50672e+01
   -Erelax-0.0000003       
<Psi^(0)|Hbar^(1)|Psi^(0)>    -75.0671927         -3.00702e-07
   -Eref  -74.8511624       
   -Ecorr -0.2160297       
<Psi^(1)|Hbar^(1)|Psi^(1)>    -75.0671921         5.95681e-07
   -Erelax-0.0000000       
<Psi^(1)|Hbar^(2)|Psi^(1)>    -75.0671921         -3.98355e-08
   -Eref  -74.8511625       
   -Ecorr -0.2160298       
<Psi^(2)|Hbar^(2)|Psi^(2)>    -75.0671923         -1.35198e-07
   -Erelax-0.0000000       
<Psi^(2)|Hbar^(3)|Psi^(2)>    -75.0671923         -5.39698e-09
   -Eref  -74.8511625       
   -Ecorr -0.2160298       
<Psi^(3)|Hbar^(3)|Psi^(3)>    -75.0671922         6.06686e-08
   -Erelax-0.0000000       
<Psi^(3)|Hbar^(4)|Psi^(3)>    -75.0671922         -7.31546e-10
   -Eref  -74.8511625       
   -Ecorr -0.2160298       
<Psi^(4)|Hbar^(4)|Psi^(4)>    -75.0671922         -2.08586e-08
   -Erelax-0.0000000       
<Psi^(4)|Hbar^(5)|Psi^(4)>    -75.0671922         -9.91207e-11
   -Eref  -74.8511625       
   -Ecorr -0.2160298       
<Psi^(5)|Hbar^(5)|Psi^(5)>    -75.0671922         7.87905e-09
   -Erelax-0.0000000       
<Psi^(5)|Hbar^(6)|Psi^(5)>    -75.0671922         -1.34861e-11
Unrelaxed DSRG-MRPT2 energy:               -75.0671924 Eh
Unrelaxed DSRG-MRPT2 E_corr:                -0.2160298 Eh
Partially relaxed DSRG-MRPT2 energy:       -75.0671927 Eh
Partially relaxed DSRG-MRPT2 E_corr:        -0.2160301 Eh
Relaxed DSRG-MRPT2 energy:                 -75.0671921 Eh
Relaxed DSRG-MRPT2 E_corr:                  -0.2160297 Eh
Fully relaxed DSRG-MRPT2 energy:           -75.0671922 Eh
Fully relaxed DSRG-MRPT2 E_corr:            -0.2160298 Eh
State     Energy / Eh         Splitting / Eh      Splitting / cm-1    Splitting / meV     
0         -7.5067450e+01      +0.0000000e+00      +0.0000000e+00      +0.0000000e+00      
1         -7.5067450e+01      +1.8153230e-09      +3.9841734e-04      +4.9397479e-05      
2         -7.5067450e+01      +1.3269812e-09      +2.9123871e-04      +3.6109015e-05      
3         -7.5067450e+01      +2.0367850e-09      +4.4702263e-04      +5.5423768e-05      
4         -7.5067450e+01      +2.3302391e-09      +5.1142837e-04      +6.3409066e-05      
5         -7.5066923e+01      +5.2639748e-04      +1.1553089e+02      +1.4324012e+01      
6         -7.5066923e+01      +1.9608990e-09      +4.3036758e-04      +5.3358805e-05      
7         -7.5066923e+01      +1.6608794e-09      +3.6452090e-04      +4.5194853e-05      
8         -7.5066712e+01      +2.1166723e-04      +4.6455588e+01      +5.7597616e+00      
Time taken:                       68.0392363 s
===============================================
===============================================
              PySCF DHF interface              
===============================================
Will now allocate 1.593 GB disk space for the AO ERI tensor!

Timing report
....integral retrieval:            0.6987703 s
....integral transformation:       3.5900552 s

===============================================
            Relativistic CASCI(7,8)            
===============================================
Will now allocate 0.001 MB memory for the CASCI Hamiltonian!
Time taken for 1-RDM build:        0.0020385 s
Time taken for 1-RDM build:        0.0020239 s
Time taken for 1-RDM build:        0.0020220 s
Time taken for 1-RDM build:        0.0020180 s
Time taken for 1-RDM build:        0.0020180 s
Time taken for 1-RDM build:        0.0020177 s
Time taken for 2-RDM build:        0.0033140 s
Time taken for 2-RDM build:        0.0031397 s
Time taken for 2-RDM build:        0.0031483 s
Time taken for 2-RDM build:        0.0031376 s
Time taken for 2-RDM build:        0.0031400 s
Time taken for 2-RDM build:        0.0031328 s
Time taken for 3-RDM build:        0.0285957 s
Time taken for 3-RDM build:        0.0282731 s
Time taken for 3-RDM build:        0.0282917 s
Time taken for 3-RDM build:        0.0282900 s
Time taken for 3-RDM build:        0.0283358 s
Time taken for 3-RDM build:        0.0283029 s
E_frzc:                          -75.5478008 Eh
E_cas:                           -23.9325131 Eh
E_nuc:                             0.0000000 Eh
E_casci:                         -99.4797328 Eh
E0 (from RDM):                   -99.4797328 Eh
Ecorr:                            -0.1043819 Eh

Timing summary
... Hamil build:                    0.0062926 s
... Hamil diag:                     0.0003207 s
... RDM build:                      2.9041042 s
State     Energy / Eh         Splitting / Eh      Splitting / cm-1    Splitting / meV     
0         -9.9480314e+01      +0.0000000e+00      +0.0000000e+00      +0.0000000e+00      
1         -9.9480314e+01      +2.4031038e-08      +5.2742033e-03      +6.5391818e-04      
2         -9.9480314e+01      +6.9549628e-09      +1.5264379e-03      +1.8925427e-04      
3         -9.9480314e+01      +2.1663126e-08      +4.7545067e-03      +5.8948398e-04      
4         -9.9478571e+01      +1.7431739e-03      +3.8258245e+02      +4.7434202e+01      
5         -9.9478571e+01      +1.6993965e-08      +3.7297443e-03      +4.6242957e-04      
Total time taken:                   3.0997665 s
===============================================

===============================================
            Relativistic DSRG-MRPT2            
===============================================
-----------------------------------------------
        DSRG-MRPT2 reference relaxation        
-----------------------------------------------
Iter                          Energy              Delta E   
   -Eref  -99.4797328       
   -Ecorr -0.2701880       
<Psi^(0)|Hbar^(0)|Psi^(0)>    -99.7499208         -9.97499e+01
   -Erelax-0.0000000       
<Psi^(0)|Hbar^(1)|Psi^(0)>    -99.7499208         -1.42109e-14
   -Eref  -99.4797328       
   -Ecorr -0.2701880       
<Psi^(1)|Hbar^(1)|Psi^(1)>    -99.7499208         1.42109e-14
   -Erelax0.0000000       
<Psi^(1)|Hbar^(2)|Psi^(1)>    -99.7499208         0.00000e+00
Unrelaxed DSRG-MRPT2 energy:               -99.7499208 Eh
Unrelaxed DSRG-MRPT2 E_corr:                -0.2701880 Eh
Partially relaxed DSRG-MRPT2 energy:       -99.7499208 Eh
Partially relaxed DSRG-MRPT2 E_corr:        -0.2701880 Eh
Relaxed DSRG-MRPT2 energy:                 -99.7499208 Eh
Relaxed DSRG-MRPT2 E_corr:                  -0.2701880 Eh
Fully relaxed DSRG-MRPT2 energy:           -99.7499208 Eh
Fully relaxed DSRG-MRPT2 E_corr:            -0.2701880 Eh
State     Energy / Eh         Splitting / Eh      Splitting / cm-1    Splitting / meV     
0         -9.9750499e+01      +0.0000000e+00      +0.0000000e+00      +0.0000000e+00      
1         -9.9750499e+01      +4.2694808e-09      +9.3704271e-04      +1.1617854e-04      
2         -9.9750499e+01      +5.1947495e-09      +1.1401157e-03      +1.4135640e-04      
3         -9.9750499e+01      +2.4224960e-09      +5.3167641e-04      +6.5919505e-05      
4         -9.9748765e+01      +1.7333323e-03      +3.8042246e+02      +4.7166396e+01      
5         -9.9748765e+01      +5.2988582e-09      +1.1629650e-03      +1.4418935e-04      
Time taken:                       16.0701456 s
===============================================
===============================================
              PySCF DHF interface              
===============================================
Will now allocate 0.320 MB disk space for the frozen core ERI tensor!
Will now allocate 74.650 MB disk space for the aacc and acca ERI tensor!
Will now allocate 4.354 GB disk space for the AO ERI tensor!

Timing report
....integral retrieval:            2.6190753 s
....integral transformation:       9.0668302 s

===============================================
            Relativistic CASCI(3,8)            
===============================================
Will now allocate 0.050 MB memory for the CASCI Hamiltonian!
Time taken for 1-RDM build:        0.0261772 s
Time taken for 1-RDM build:        0.0262008 s
Time taken for 1-RDM build:        0.0261409 s
Time taken for 1-RDM build:        0.0261188 s
Time taken for 1-RDM build:        0.0261250 s
Time taken for 1-RDM build:        0.0260952 s
Time taken for 2-RDM build:        0.0906920 s
Time taken for 2-RDM build:        0.0904660 s
Time taken for 2-RDM build:        0.0906339 s
Time taken for 2-RDM build:        0.0906849 s
Time taken for 2-RDM build:        0.0908480 s
Time taken for 2-RDM build:        0.0906973 s
Time taken for 3-RDM build:        0.2082689 s
Time taken for 3-RDM build:        0.2075615 s
Time taken for 3-RDM build:        0.2074339 s
Time taken for 3-RDM build:        0.2075772 s
Time taken for 3-RDM build:        0.2084074 s
Time taken for 3-RDM build:        0.2084262 s
E_frzc:                            0.0000000 Eh
E_cas:                            -1.8986420 Eh
E_nuc:                       -240.4061812+0.0000000j Eh
E_casci:                     -242.3045291+0.0000000j Eh
E0 (from RDM):                  -242.3045291 Eh
Ecorr:                            -0.1899047 Eh

Timing summary
... Hamil build:                    0.0610151 s
... Hamil diag:                     0.0022526 s
... RDM build:                      8.1758196 s
State     Energy / Eh         Splitting / Eh      Splitting / cm-1    Splitting / meV     
0         -2.4230482e+02      +0.0000000e+00      +0.0000000e+00      +0.0000000e+00      
1         -2.4230482e+02      +1.0992665e-09      +2.4126110e-04      +2.9912578e-05      
2         -2.4230438e+02      +4.4107881e-04      +9.6805609e+01      +1.2002372e+01      
3         -2.4230438e+02      +1.0805650e-09      +2.3715660e-04      +2.9403685e-05      
4         -2.4230438e+02      +8.9775654e-10      +1.9703478e-04      +2.4429211e-05      
5         -2.4230438e+02      +3.6629899e-10      +8.0393336e-05      +9.9675080e-06      
Total time taken:                   8.7161422 s
===============================================

===============================================
            Relativistic DSRG-MRPT2            
===============================================
-----------------------------------------------
        DSRG-MRPT2 reference relaxation        
-----------------------------------------------
Iter                          Energy              Delta E   
   -Eref  -242.3045291       
   -Ecorr -0.0268212       
<Psi^(0)|Hbar^(0)|Psi^(0)>    -242.3313504        -2.42331e+02
   -Erelax-0.0003294       
<Psi^(0)|Hbar^(1)|Psi^(0)>    -242.3316798        -3.29425e-04
   -Eref  -242.3041992       
   -Ecorr -0.0273791       
<Psi^(1)|Hbar^(1)|Psi^(1)>    -242.3315783        1.01499e-04
   -Erelax-0.0000000       
<Psi^(1)|Hbar^(2)|Psi^(1)>    -242.3315783        -9.27201e-10
   -Eref  -242.3042003       
   -Ecorr -0.0273782       
<Psi^(2)|Hbar^(2)|Psi^(2)>    -242.3315784        -1.51991e-07
   -Erelax0.0000000       
<Psi^(2)|Hbar^(3)|Psi^(2)>    -242.3315784        0.00000e+00
   -Eref  -242.3042003       
   -Ecorr -0.0273782       
<Psi^(3)|Hbar^(3)|Psi^(3)>    -242.3315784        2.67931e-10
   -Erelax0.0000000       
<Psi^(3)|Hbar^(4)|Psi^(3)>    -242.3315784        0.00000e+00
Unrelaxed DSRG-MRPT2 energy:              -242.3313504 Eh
Unrelaxed DSRG-MRPT2 E_corr:                -0.0268212 Eh
Partially relaxed DSRG-MRPT2 energy:      -242.3316798 Eh
Partially relaxed DSRG-MRPT2 E_corr:        -0.0271507 Eh
Relaxed DSRG-MRPT2 energy:                -242.3315783 Eh
Relaxed DSRG-MRPT2 E_corr:                  -0.0273791 Eh
Fully relaxed DSRG-MRPT2 energy:          -242.3315784 Eh
Fully relaxed DSRG-MRPT2 E_corr:            -0.0273782 Eh
State     Energy / Eh         Splitting / Eh      Splitting / cm-1    Splitting / meV     
0         -2.4233191e+02      +0.0000000e+00      +0.0000000e+00      +0.0000000e+00      
1         -2.4233191e+02      +4.8206061e-10      +1.0580007e-04      +1.3117544e-05      
2         -2.4233141e+02      +4.9359766e-04      +1.0833216e+02      +1.3431483e+01      
3         -2.4233141e+02      +4.5520210e-10      +9.9905312e-05      +1.2386686e-05      
4         -2.4233141e+02      +3.7164227e-10      +8.1566050e-05      +1.0112906e-05      
5         -2.4233141e+02      +1.9852564e-10      +4.3571341e-05      +5.4021604e-06      
Time taken:                       72.4978468 s
===============================================
===============================================
              PySCF DHF interface              
===============================================
Will now allocate 0.320 MB disk space for the frozen core ERI tensor!
Will now allocate 74.650 MB disk space for the aacc and acca ERI tensor!
Will now allocate 4.354 GB disk space for the AO ERI tensor!

Timing report
....integral retrieval:            2.6218073 s
....integral transformation:       9.4609156 s

===============================================
            Relativistic CASCI(4,8)            
===============================================
Will now allocate 0.078 MB memory for the CASCI Hamiltonian!
Time taken for 1-RDM build:        0.0354609 s
Time taken for 1-RDM build:        0.0353494 s
Time taken for 1-RDM build:        0.0352623 s
Time taken for 1-RDM build:        0.0353267 s
Time taken for 1-RDM build:        0.0348403 s
Time taken for 1-RDM build:        0.0326111 s
Time taken for 1-RDM build:        0.0310996 s
Time taken for 1-RDM build:        0.0310686 s
Time taken for 1-RDM build:        0.0310249 s
Time taken for 2-RDM build:        0.1350706 s
Time taken for 2-RDM build:        0.1346362 s
Time taken for 2-RDM build:        0.1348736 s
Time taken for 2-RDM build:        0.1350751 s
Time taken for 2-RDM build:        0.1347935 s
Time taken for 2-RDM build:        0.1350949 s
Time taken for 2-RDM build:        0.1352589 s
Time taken for 2-RDM build:        0.1350150 s
Time taken for 2-RDM build:        0.1358955 s
Time taken for 3-RDM build:        0.4268365 s
Time taken for 3-RDM build:        0.4265685 s
Time taken for 3-RDM build:        0.4259450 s
Time taken for 3-RDM build:        0.4265087 s
Time taken for 3-RDM build:        0.4361277 s
Time taken for 3-RDM build:        0.4387460 s
Time taken for 3-RDM build:        0.4270148 s
Time taken for 3-RDM build:        0.4267902 s
Time taken for 3-RDM build:        0.4268341 s
E_frzc:                            0.0000000 Eh
E_cas:                            -3.6921024 Eh
E_nuc:                       -285.7423197+0.0000000j Eh
E_casci:                     -289.4337768+0.0000000j Eh
E0 (from RDM):                  -289.4337768 Eh
Ecorr:                            -0.2329780 Eh

Timing summary
... Hamil build:                    0.0940475 s
... Hamil diag:                     0.0213242 s
... RDM build:                     11.6435075 s
State     Energy / Eh         Splitting / Eh      Splitting / cm-1    Splitting / meV     
0         -2.8943442e+02      +0.0000000e+00      +0.0000000e+00      +0.0000000e+00      
1         -2.8943409e+02      +3.3211201e-04      +7.2890160e+01      +9.0372324e+00      
2         -2.8943409e+02      +8.1735152e-10      +1.7938792e-04      +2.2241278e-05      
3         -2.8943409e+02      +8.9210062e-10      +1.9579345e-04      +2.4275306e-05      
4         -2.8943346e+02      +6.3005266e-04      +1.3828057e+02      +1.7144614e+01      
5         -2.8943346e+02      +2.5920599e-10      +5.6889139e-05      +7.0533576e-06      
6         -2.8943346e+02      +7.8654239e-10      +1.7262610e-04      +2.1402919e-05      
7         -2.8943346e+02      +6.1896799e-10      +1.3584777e-04      +1.6842985e-05      
8         -2.8943346e+02      +4.2439297e-10      +9.3143489e-05      +1.1548326e-05      
Total time taken:                  12.2390549 s
===============================================

===============================================
            Relativistic DSRG-MRPT2            
===============================================
-----------------------------------------------
        DSRG-MRPT2 reference relaxation        
-----------------------------------------------
Iter                          Energy              Delta E   
   -Eref  -289.4337768       
   -Ecorr -0.0588013       
<Psi^(0)|Hbar^(0)|Psi^(0)>    -289.4925781        -2.89493e+02
   -Erelax-0.0000715       
<Psi^(0)|Hbar^(1)|Psi^(0)>    -289.4926496        -7.15051e-05
   -Eref  -289.4337038       
   -Ecorr -0.0589854       
<Psi^(1)|Hbar^(1)|Psi^(1)>    -289.4926893        -3.96759e-05
   -Erelax-0.0000000       
<Psi^(1)|Hbar^(2)|Psi^(1)>    -289.4926893        -2.34360e-09
   -Eref  -289.4337043       
   -Ecorr -0.0589848       
<Psi^(2)|Hbar^(2)|Psi^(2)>    -289.4926891        1.82830e-07
   -Erelax-0.0000000       
<Psi^(2)|Hbar^(3)|Psi^(2)>    -289.4926891        -4.37694e-12
   -Eref  -289.4337043       
   -Ecorr -0.0589848       
<Psi^(3)|Hbar^(3)|Psi^(3)>    -289.4926891        8.07745e-10
   -Erelax-0.0000000       
<Psi^(3)|Hbar^(4)|Psi^(3)>    -289.4926891        0.00000e+00
Unrelaxed DSRG-MRPT2 energy:              -289.4925781 Eh
Unrelaxed DSRG-MRPT2 E_corr:                -0.0588013 Eh
Partially relaxed DSRG-MRPT2 energy:      -289.4926496 Eh
Partially relaxed DSRG-MRPT2 E_corr:        -0.0588728 Eh
Relaxed DSRG-MRPT2 energy:                -289.4926893 Eh
Relaxed DSRG-MRPT2 E_corr:                  -0.0589854 Eh
Fully relaxed DSRG-MRPT2 energy:          -289.4926891 Eh
Fully relaxed DSRG-MRPT2 E_corr:            -0.0589848 Eh
State     Energy / Eh         Splitting / Eh      Splitting / cm-1    Splitting / meV     
0         -2.8949340e+02      +0.0000000e+00      +0.0000000e+00      +0.0000000e+00      
1         -2.8949303e+02      +3.6692511e-04      +8.0530754e+01      +9.9845457e+00      
2         -2.8949303e+02      +2.4522251e-10      +5.3820119e-05      +6.6728475e-06      
3         -2.8949303e+02      +2.5073632e-10      +5.5030261e-05      +6.8228861e-06      
4         -2.8949234e+02      +6.9534497e-04      +1.5261058e+02      +1.8921309e+01      
5         -2.8949234e+02      +1.0163603e-10      +2.2306531e-05      +2.7656586e-06      
6         -2.8949234e+02      +2.1930191e-10      +4.8131206e-05      +5.9675118e-06      
7         -2.8949234e+02      +2.0872903e-10      +4.5810728e-05      +5.6798090e-06      
8         -2.8949234e+02      +1.0680878e-10      +2.3441818e-05      +2.9064164e-06      
Time taken:                       83.2634335 s
===============================================
===============================================
              PySCF DHF interface              
===============================================
Will now allocate 0.320 MB disk space for the frozen core ERI tensor!
Will now allocate 74.650 MB disk space for the aacc and acca ERI tensor!
Will now allocate 4.354 GB disk space for the AO ERI tensor!

Timing report
....integral retrieval:            2.6223819 s
....integral transformation:       9.2319486 s

===============================================
            Relativistic CASCI(5,8)            
===============================================
Will now allocate 0.050 MB memory for the CASCI Hamiltonian!
Time taken for 1-RDM build:        0.0233917 s
Time taken for 1-RDM build:        0.0234671 s
Time taken for 1-RDM build:        0.0233841 s
Time taken for 1-RDM build:        0.0239666 s
Time taken for 1-RDM build:        0.0243912 s
Time taken for 1-RDM build:        0.0247555 s
Time taken for 1-RDM build:        0.0245526 s
Time taken for 1-RDM build:        0.0234830 s
Time taken for 1-RDM build:        0.0231738 s
Time taken for 1-RDM build:        0.0232275 s
Time taken for 1-RDM build:        0.0231676 s
Time taken for 1-RDM build:        0.0231969 s
Time taken for 1-RDM build:        0.0233002 s
Time taken for 1-RDM build:        0.0232983 s
Time taken for 2-RDM build:        0.0963383 s
Time taken for 2-RDM build:        0.0961792 s
Time taken for 2-RDM build:        0.0963964 s
Time taken for 2-RDM build:        0.0964015 s
Time taken for 2-RDM build:        0.0962899 s
Time taken for 2-RDM build:        0.0964527 s
Time taken for 2-RDM build:        0.0964217 s
Time taken for 2-RDM build:        0.0963509 s
Time taken for 2-RDM build:        0.0963681 s
Time taken for 2-RDM build:        0.0964203 s
Time taken for 2-RDM build:        0.0964217 s
Time taken for 2-RDM build:        0.0964832 s
Time taken for 2-RDM build:        0.0967498 s
Time taken for 2-RDM build:        0.0964060 s
Time taken for 3-RDM build:        0.3788722 s
Time taken for 3-RDM build:        0.3788984 s
Time taken for 3-RDM build:        0.3789771 s
Time taken for 3-RDM build:        0.3789625 s
Time taken for 3-RDM build:        0.3791003 s
Time taken for 3-RDM build:        0.3800049 s
Time taken for 3-RDM build:        0.3798561 s
Time taken for 3-RDM build:        0.3793378 s
Time taken for 3-RDM build:        0.3792851 s
Time taken for 3-RDM build:        0.3793483 s
Time taken for 3-RDM build:        0.3789558 s
Time taken for 3-RDM build:        0.3793330 s
Time taken for 3-RDM build:        0.3791299 s
Time taken for 3-RDM build:        0.3789945 s
E_frzc:                            0.0000000 Eh
E_cas:                            -6.3636403 Eh
E_nuc:                       -335.1272672-0.0000000j Eh
E_casci:                     -341.4410664-0.0000000j Eh
E0 (from RDM):                  -341.4410664 Eh
Ecorr:                            -0.2138107 Eh

Timing summary
... Hamil build:                    0.0739524 s
... Hamil diag:                     0.0057828 s
... RDM build:                     13.0986257 s
State     Energy / Eh         Splitting / Eh      Splitting / cm-1    Splitting / meV     
0         -3.4149091e+02      +0.0000000e+00      +0.0000000e+00      +0.0000000e+00      
1         -3.4149091e+02      +3.2849812e-10      +7.2097003e-05      +8.9388933e-06      
2         -3.4149091e+02      +3.2838443e-10      +7.2072051e-05      +8.9357998e-06      
3         -3.4149091e+02      +3.2792968e-10      +7.1972246e-05      +8.9234255e-06      
4         -3.4142117e+02      +6.9735531e-02      +1.5305180e+04      +1.8976014e+03      
5         -3.4142117e+02      +1.5667752e-09      +3.4386740e-04      +4.2634144e-05      
6         -3.4142117e+02      +1.3034196e-09      +2.8606753e-04      +3.5467871e-05      
7         -3.4142117e+02      +1.7383286e-09      +3.8151902e-04      +4.7302353e-05      
8         -3.4142110e+02      +6.9890622e-05      +1.5339218e+01      +1.9018216e+00      
9         -3.4142110e+02      +9.2740038e-10      +2.0354085e-04      +2.5235862e-05      
10        -3.4142110e+02      +9.6150643e-10      +2.1102627e-04      +2.6163935e-05      
11        -3.4142110e+02      +7.5050366e-10      +1.6471651e-04      +2.0422255e-05      
12        -3.4142110e+02      +9.6383701e-10      +2.1153777e-04      +2.6227353e-05      
13        -3.4142110e+02      +1.9558115e-09      +4.2925101e-04      +5.3220367e-05      
Total time taken:                  13.6524060 s
===============================================

===============================================
            Relativistic DSRG-MRPT2            
===============================================
-----------------------------------------------
        DSRG-MRPT2 reference relaxation        
-----------------------------------------------
Iter                          Energy              Delta E   
   -Eref  -341.4410664       
   -Ecorr -0.1046509       
<Psi^(0)|Hbar^(0)|Psi^(0)>    -341.5457173        -3.41546e+02
   -Erelax-0.0000026       
<Psi^(0)|Hbar^(1)|Psi^(0)>    -341.5457198        -2.57338e-06
   -Eref  -341.4410645       
   -Ecorr -0.1046569       
<Psi^(1)|Hbar^(1)|Psi^(1)>    -341.5457214        -1.51403e-06
   -Erelax-0.0000000       
<Psi^(1)|Hbar^(2)|Psi^(1)>    -341.5457214        -2.33962e-08
   -Eref  -341.4410648       
   -Ecorr -0.1046564       
<Psi^(2)|Hbar^(2)|Psi^(2)>    -341.5457212        1.48676e-07
   -Erelax-0.0000000       
<Psi^(2)|Hbar^(3)|Psi^(2)>    -341.5457212        -2.51475e-10
   -Eref  -341.4410648       
   -Ecorr -0.1046565       
<Psi^(3)|Hbar^(3)|Psi^(3)>    -341.5457212        -1.53744e-08
   -Erelax-0.0000000       
<Psi^(3)|Hbar^(4)|Psi^(3)>    -341.5457212        -2.67164e-12
   -Eref  -341.4410648       
   -Ecorr -0.1046565       
<Psi^(4)|Hbar^(4)|Psi^(4)>    -341.5457212        1.59559e-09
   -Erelax-0.0000000       
<Psi^(4)|Hbar^(5)|Psi^(4)>    -341.5457212        0.00000e+00
Unrelaxed DSRG-MRPT2 energy:              -341.5457173 Eh
Unrelaxed DSRG-MRPT2 E_corr:                -0.1046509 Eh
Partially relaxed DSRG-MRPT2 energy:      -341.5457198 Eh
Partially relaxed DSRG-MRPT2 E_corr:        -0.1046534 Eh
Relaxed DSRG-MRPT2 energy:                -341.5457214 Eh
Relaxed DSRG-MRPT2 E_corr:                  -0.1046569 Eh
Fully relaxed DSRG-MRPT2 energy:          -341.5457212 Eh
Fully relaxed DSRG-MRPT2 E_corr:            -0.1046565 Eh
State     Energy / Eh         Splitting / Eh      Splitting / cm-1    Splitting / meV     
0         -3.4158646e+02      +0.0000000e+00      +0.0000000e+00      +0.0000000e+00      
1         -3.4158646e+02      +2.1918822e-10      +4.8106254e-05      +5.9644182e-06      
2         -3.4158646e+02      +2.1913138e-10      +4.8093778e-05      +5.9628714e-06      
3         -3.4158646e+02      +2.1918822e-10      +4.8106254e-05      +5.9644182e-06      
4         -3.4152947e+02      +5.6990176e-02      +1.2507898e+04      +1.5507824e+03      
5         -3.4152947e+02      +1.9446134e-10      +4.2679330e-05      +5.2915650e-06      
6         -3.4152947e+02      +1.4307489e-10      +3.1401308e-05      +3.8932678e-06      
7         -3.4152947e+02      +2.3368329e-10      +5.1287555e-05      +6.3588494e-06      
8         -3.4152939e+02      +8.2670778e-05      +1.8144138e+01      +2.2495875e+00      
9         -3.4152939e+02      +1.6490276e-10      +3.6191972e-05      +4.4872347e-06      
10        -3.4152939e+02      +1.6473223e-10      +3.6154545e-05      +4.4825944e-06      
11        -3.4152939e+02      +1.1374368e-10      +2.4963852e-05      +3.0951247e-06      
12        -3.4152939e+02      +9.4928509e-11      +2.0834399e-05      +2.5831375e-06      
13        -3.4152939e+02      +4.1239900e-10      +9.0511119e-05      +1.1221954e-05      
Time taken:                      114.1102407 s
===============================================
===============================================
              PySCF DHF interface              
===============================================
Will now allocate 0.320 MB disk space for the frozen core ERI tensor!
Will now allocate 74.650 MB disk space for the aacc and acca ERI tensor!
Will now allocate 4.354 GB disk space for the AO ERI tensor!

Timing report
....integral retrieval:            2.6230609 s
....integral transformation:       9.4891355 s

===============================================
            Relativistic CASCI(6,8)            
===============================================
Will now allocate 0.013 MB memory for the CASCI Hamiltonian!
Time taken for 1-RDM build:        0.0103829 s
Time taken for 1-RDM build:        0.0103378 s
Time taken for 1-RDM build:        0.0103438 s
Time taken for 1-RDM build:        0.0103478 s
Time taken for 1-RDM build:        0.0103643 s
Time taken for 1-RDM build:        0.0103729 s
Time taken for 1-RDM build:        0.0103564 s
Time taken for 1-RDM build:        0.0103455 s
Time taken for 1-RDM build:        0.0103331 s
Time taken for 2-RDM build:        0.0309668 s
Time taken for 2-RDM build:        0.0307498 s
Time taken for 2-RDM build:        0.0307705 s
Time taken for 2-RDM build:        0.0307477 s
Time taken for 2-RDM build:        0.0307469 s
Time taken for 2-RDM build:        0.0306964 s
Time taken for 2-RDM build:        0.0307367 s
Time taken for 2-RDM build:        0.0307376 s
Time taken for 2-RDM build:        0.0307517 s
Time taken for 3-RDM build:        0.1571929 s
Time taken for 3-RDM build:        0.1570024 s
Time taken for 3-RDM build:        0.1569798 s
Time taken for 3-RDM build:        0.1570995 s
Time taken for 3-RDM build:        0.1570683 s
Time taken for 3-RDM build:        0.1571612 s
Time taken for 3-RDM build:        0.1571267 s
Time taken for 3-RDM build:        0.1572545 s
Time taken for 3-RDM build:        0.1569998 s
E_frzc:                            0.0000000 Eh
E_cas:                            -9.9659359 Eh
E_nuc:                       -388.5675376-0.0000000j Eh
E_casci:                     -398.5325748-0.0000000j Eh
E0 (from RDM):                  -398.5325748 Eh
Ecorr:                            -0.1603097 Eh

Timing summary
... Hamil build:                    0.0287509 s
... Hamil diag:                     0.0366056 s
... RDM build:                      7.8912153 s
State     Energy / Eh         Splitting / Eh      Splitting / cm-1    Splitting / meV     
0         -3.9853347e+02      +0.0000000e+00      +0.0000000e+00      +0.0000000e+00      
1         -3.9853347e+02      +5.6296585e-09      +1.2355672e-03      +1.5319088e-04      
2         -3.9853347e+02      +5.9783360e-09      +1.3120931e-03      +1.6267889e-04      
3         -3.9853347e+02      +5.6479053e-09      +1.2395719e-03      +1.5368740e-04      
4         -3.9853347e+02      +5.6580234e-09      +1.2417926e-03      +1.5396273e-04      
5         -3.9853166e+02      +1.8163270e-03      +3.9863770e+02      +4.9424800e+01      
6         -3.9853166e+02      +3.5533390e-09      +7.7986775e-04      +9.6691324e-05      
7         -3.9853166e+02      +3.5755079e-09      +7.8473327e-04      +9.7294572e-05      
8         -3.9853083e+02      +8.2294816e-04      +1.8061624e+02      +2.2393571e+01      
Total time taken:                   8.4309213 s
===============================================

===============================================
            Relativistic DSRG-MRPT2            
===============================================
-----------------------------------------------
        DSRG-MRPT2 reference relaxation        
-----------------------------------------------
Iter                          Energy              Delta E   
   -Eref  -398.5325748       
   -Ecorr -0.1406637       
<Psi^(0)|Hbar^(0)|Psi^(0)>    -398.6732385        -3.98673e+02
   -Erelax-0.0000007       
<Psi^(0)|Hbar^(1)|Psi^(0)>    -398.6732392        -7.34251e-07
   -Eref  -398.5325741       
   -Ecorr -0.1406643       
<Psi^(1)|Hbar^(1)|Psi^(1)>    -398.6732384        8.44671e-07
   -Erelax-0.0000000       
<Psi^(1)|Hbar^(2)|Psi^(1)>    -398.6732384        -2.41257e-08
   -Eref  -398.5325743       
   -Ecorr -0.1406642       
<Psi^(2)|Hbar^(2)|Psi^(2)>    -398.6732386        -1.44699e-07
   -Erelax-0.0000000       
<Psi^(2)|Hbar^(3)|Psi^(2)>    -398.6732386        -1.01852e-09
   -Eref  -398.5325743       
   -Ecorr -0.1406642       
<Psi^(3)|Hbar^(3)|Psi^(3)>    -398.6732385        3.14269e-08
   -Erelax-0.0000000       
<Psi^(3)|Hbar^(4)|Psi^(3)>    -398.6732385        -4.29736e-11
   -Eref  -398.5325743       
   -Ecorr -0.1406642       
<Psi^(4)|Hbar^(4)|Psi^(4)>    -398.6732385        -6.38704e-09
   -Erelax-0.0000000       
<Psi^(4)|Hbar^(5)|Psi^(4)>    -398.6732385        -1.81899e-12
Unrelaxed DSRG-MRPT2 energy:              -398.6732385 Eh
Unrelaxed DSRG-MRPT2 E_corr:                -0.1406637 Eh
Partially relaxed DSRG-MRPT2 energy:      -398.6732392 Eh
Partially relaxed DSRG-MRPT2 E_corr:        -0.1406644 Eh
Relaxed DSRG-MRPT2 energy:                -398.6732384 Eh
Relaxed DSRG-MRPT2 E_corr:                  -0.1406643 Eh
Fully relaxed DSRG-MRPT2 energy:          -398.6732385 Eh
Fully relaxed DSRG-MRPT2 E_corr:            -0.1406642 Eh
State     Energy / Eh         Splitting / Eh      Splitting / cm-1    Splitting / meV     
0         -3.9867395e+02      +0.0000000e+00      +0.0000000e+00      +0.0000000e+00      
1         -3.9867395e+02      +1.1660291e-09      +2.5591379e-04      +3.1729282e-05      
2         -3.9867395e+02      +2.5835334e-10      +5.6702003e-05      +7.0301558e-06      
3         -3.9867395e+02      +2.7188207e-10      +5.9671217e-05      +7.3982916e-06      
4         -3.9867395e+02      +9.2654773e-10      +2.0335372e-04      +2.5212660e-05      
5         -3.9867251e+02      +1.4398104e-03      +3.1600185e+02      +3.9179254e+01      
6         -3.9867251e+02      +3.7920245e-10      +8.3225317e-05      +1.0318629e-05      
7         -3.9867251e+02      +4.9908522e-10      +1.0953654e-04      +1.3580807e-05      
8         -3.9867185e+02      +6.6034846e-04      +1.4492973e+02      +1.7969005e+01      
Time taken:                       96.2976763 s
===============================================
===============================================
              PySCF DHF interface              
===============================================
Will now allocate 0.320 MB disk space for the frozen core ERI tensor!
Will now allocate 74.650 MB disk space for the aacc and acca ERI tensor!
Will now allocate 4.354 GB disk space for the AO ERI tensor!

Timing report
....integral retrieval:            2.6217456 s
....integral transformation:       9.9719403 s

===============================================
            Relativistic CASCI(7,8)            
===============================================
Will now allocate 0.001 MB memory for the CASCI Hamiltonian!
Time taken for 1-RDM build:        0.0015547 s
Time taken for 1-RDM build:        0.0015357 s
Time taken for 1-RDM build:        0.0015371 s
Time taken for 1-RDM build:        0.0015416 s
Time taken for 1-RDM build:        0.0015335 s
Time taken for 1-RDM build:        0.0015430 s
Time taken for 2-RDM build:        0.0032330 s
Time taken for 2-RDM build:        0.0031579 s
Time taken for 2-RDM build:        0.0031469 s
Time taken for 2-RDM build:        0.0031469 s
Time taken for 2-RDM build:        0.0031517 s
Time taken for 2-RDM build:        0.0031502 s
Time taken for 3-RDM build:        0.0286798 s
Time taken for 3-RDM build:        0.0284069 s
Time taken for 3-RDM build:        0.0284097 s
Time taken for 3-RDM build:        0.0284123 s
Time taken for 3-RDM build:        0.0283890 s
Time taken for 3-RDM build:        0.0284073 s
E_frzc:                            0.0000000 Eh
E_cas:                           -14.7582517 Eh
E_nuc:                       -446.0682972-0.0000000j Eh
E_casci:                     -460.8252020-0.0000000j Eh
E0 (from RDM):                  -460.8252020 Eh
Ecorr:                             0.0013470 Eh

Timing summary
... Hamil build:                    0.0049491 s
... Hamil diag:                     0.0002534 s
... RDM build:                      6.2126098 s
State     Energy / Eh         Splitting / Eh      Splitting / cm-1    Splitting / meV     
0         -4.6082655e+02      +0.0000000e+00      +0.0000000e+00      +0.0000000e+00      
1         -4.6082655e+02      +1.2022326e-08      +2.6385956e-03      +3.2714432e-04      
2         -4.6082655e+02      +5.7600573e-09      +1.2641864e-03      +1.5673922e-04      
3         -4.6082655e+02      +1.1622035e-08      +2.5507418e-03      +3.1625183e-04      
4         -4.6082251e+02      +4.0408198e-03      +8.8685742e+02      +1.0995636e+02      
5         -4.6082251e+02      +2.0031848e-08      +4.3964825e-03      +5.4509461e-04      
Total time taken:                   6.6917834 s
===============================================

===============================================
            Relativistic DSRG-MRPT2            
===============================================
-----------------------------------------------
        DSRG-MRPT2 reference relaxation        
-----------------------------------------------
Iter                          Energy              Delta E   
   -Eref  -460.8252020       
   -Ecorr -0.1781434       
<Psi^(0)|Hbar^(0)|Psi^(0)>    -461.0033454        -4.61003e+02
   -Erelax0.0000000       
<Psi^(0)|Hbar^(1)|Psi^(0)>    -461.0033454        0.00000e+00
   -Eref  -460.8252020       
   -Ecorr -0.1781434       
<Psi^(1)|Hbar^(1)|Psi^(1)>    -461.0033454        5.68434e-14
   -Erelax0.0000000       
<Psi^(1)|Hbar^(2)|Psi^(1)>    -461.0033454        0.00000e+00
Unrelaxed DSRG-MRPT2 energy:              -461.0033454 Eh
Unrelaxed DSRG-MRPT2 E_corr:                -0.1781434 Eh
Partially relaxed DSRG-MRPT2 energy:      -461.0033454 Eh
Partially relaxed DSRG-MRPT2 E_corr:        -0.1781434 Eh
Relaxed DSRG-MRPT2 energy:                -461.0033454 Eh
Relaxed DSRG-MRPT2 E_corr:                  -0.1781434 Eh
Fully relaxed DSRG-MRPT2 energy:          -461.0033454 Eh
Fully relaxed DSRG-MRPT2 E_corr:            -0.1781434 Eh
State     Energy / Eh         Splitting / Eh      Splitting / cm-1    Splitting / meV     
0         -4.6100466e+02      +0.0000000e+00      +0.0000000e+00      +0.0000000e+00      
1         -4.6100466e+02      +1.5634782e-09      +3.4314381e-04      +4.2544430e-05      
2         -4.6100466e+02      +1.3509975e-09      +2.9650968e-04      +3.6762533e-05      
3         -4.6100466e+02      +1.4460966e-09      +3.1738151e-04      +3.9350311e-05      
4         -4.6100072e+02      +3.9424303e-03      +8.6526344e+02      +1.0727905e+02      
5         -4.6100072e+02      +2.7158080e-09      +5.9605096e-04      +7.3900936e-05      
Time taken:                       25.7212129 s
===============================================
===============================================
              PySCF DHF interface              
===============================================
Will now allocate 19.669 MB disk space for the frozen core ERI tensor!
Will now allocate 1.888 GB disk space for the aacc and acca ERI tensor!
Will now allocate 45.327 GB disk space for the AO ERI tensor!

Timing report
....integral retrieval:           31.8926604 s
....integral transformation:     102.9144120 s

===============================================
            Relativistic CASCI(3,8)            
===============================================
Will now allocate 0.050 MB memory for the CASCI Hamiltonian!
Time taken for 1-RDM build:        0.0550346 s
Time taken for 1-RDM build:        0.0410435 s
Time taken for 1-RDM build:        0.0341680 s
Time taken for 1-RDM build:        0.0304890 s
Time taken for 1-RDM build:        0.0302718 s
Time taken for 1-RDM build:        0.0301626 s
Time taken for 2-RDM build:        0.0909874 s
Time taken for 2-RDM build:        0.0908625 s
Time taken for 2-RDM build:        0.0908439 s
Time taken for 2-RDM build:        0.0909309 s
Time taken for 2-RDM build:        0.0905707 s
Time taken for 2-RDM build:        0.0906367 s
Time taken for 3-RDM build:        0.2010813 s
Time taken for 3-RDM build:        0.2009487 s
Time taken for 3-RDM build:        0.2005770 s
Time taken for 3-RDM build:        0.2007077 s
Time taken for 3-RDM build:        0.2006605 s
Time taken for 3-RDM build:        0.2008016 s
E_frzc:                            0.0000000 Eh
E_cas:                            -2.0100161 Eh
E_nuc:                       -1939.7138290-0.0000000j Eh
E_casci:                     -1941.7217616-0.0000000j Eh
E0 (from RDM):                 -1941.7217616 Eh
Ecorr:                            -0.1944870 Eh

Timing summary
... Hamil build:                    0.0617626 s
... Hamil diag:                     0.0034759 s
... RDM build:                    182.8215635 s
State     Energy / Eh         Splitting / Eh      Splitting / cm-1    Splitting / meV     
0         -1.9417238e+03      +0.0000000e+00      +0.0000000e+00      +0.0000000e+00      
1         -1.9417238e+03      +1.0702479e-09      +2.3489226e-04      +2.9122942e-05      
2         -1.9417207e+03      +3.1252750e-03      +6.8591858e+02      +8.5043106e+01      
3         -1.9417207e+03      +1.1004886e-09      +2.4152933e-04      +2.9945834e-05      
4         -1.9417207e+03      +9.5178621e-10      +2.0889293e-04      +2.5899434e-05      
5         -1.9417207e+03      +6.4619599e-10      +1.4182362e-04      +1.7583897e-05      
Total time taken:                 187.5372257 s
===============================================

===============================================
            Relativistic DSRG-MRPT2            
===============================================
-----------------------------------------------
        DSRG-MRPT2 reference relaxation        
-----------------------------------------------
Iter                          Energy              Delta E   
   -Eref  -1941.7217616       
   -Ecorr -0.0267337       
<Psi^(0)|Hbar^(0)|Psi^(0)>    -1941.7484953       -1.94175e+03
   -Erelax-0.0002113       
<Psi^(0)|Hbar^(1)|Psi^(0)>    -1941.7487066       -2.11252e-04
   -Eref  -1941.7215508       
   -Ecorr -0.0270989       
<Psi^(1)|Hbar^(1)|Psi^(1)>    -1941.7486497       5.68518e-05
   -Erelax-0.0000000       
<Psi^(1)|Hbar^(2)|Psi^(1)>    -1941.7486497       -1.25851e-09
   -Eref  -1941.7215518       
   -Ecorr -0.0270980       
<Psi^(2)|Hbar^(2)|Psi^(2)>    -1941.7486498       -1.22406e-07
   -Erelax-0.0000000       
<Psi^(2)|Hbar^(3)|Psi^(2)>    -1941.7486498       0.00000e+00
   -Eref  -1941.7215518       
   -Ecorr -0.0270980       
<Psi^(3)|Hbar^(3)|Psi^(3)>    -1941.7486498       3.00133e-10
   -Erelax0.0000000       
<Psi^(3)|Hbar^(4)|Psi^(3)>    -1941.7486498       0.00000e+00
Unrelaxed DSRG-MRPT2 energy:             -1941.7484953 Eh
Unrelaxed DSRG-MRPT2 E_corr:                -0.0267337 Eh
Partially relaxed DSRG-MRPT2 energy:     -1941.7487066 Eh
Partially relaxed DSRG-MRPT2 E_corr:        -0.0269450 Eh
Relaxed DSRG-MRPT2 energy:               -1941.7486497 Eh
Relaxed DSRG-MRPT2 E_corr:                  -0.0270989 Eh
Fully relaxed DSRG-MRPT2 energy:         -1941.7486498 Eh
Fully relaxed DSRG-MRPT2 E_corr:            -0.0270980 Eh
State     Energy / Eh         Splitting / Eh      Splitting / cm-1    Splitting / meV     
0         -1.9417509e+03      +0.0000000e+00      +0.0000000e+00      +0.0000000e+00      
1         -1.9417509e+03      +4.7339199e-10      +1.0389753e-04      +1.2881658e-05      
2         -1.9417475e+03      +3.4054197e-03      +7.4740323e+02      +9.2666235e+01      
3         -1.9417475e+03      +4.8612492e-10      +1.0669209e-04      +1.3228139e-05      
4         -1.9417475e+03      +4.6861715e-10      +1.0284957e-04      +1.2751728e-05      
5         -1.9417475e+03      +3.0286174e-10      +6.6470467e-05      +8.2412915e-06      
Time taken:                     1743.2308481 s
===============================================
===============================================
              PySCF DHF interface              
===============================================
Will now allocate 19.669 MB disk space for the frozen core ERI tensor!
Will now allocate 1.888 GB disk space for the aacc and acca ERI tensor!
Will now allocate 45.327 GB disk space for the AO ERI tensor!

Timing report
....integral retrieval:           31.9151642 s
....integral transformation:     128.4381108 s

===============================================
            Relativistic CASCI(4,8)            
===============================================
Will now allocate 0.078 MB memory for the CASCI Hamiltonian!
Time taken for 1-RDM build:        0.0344496 s
Time taken for 1-RDM build:        0.0350285 s
Time taken for 1-RDM build:        0.0354970 s
Time taken for 1-RDM build:        0.0355430 s
Time taken for 1-RDM build:        0.0349383 s
Time taken for 1-RDM build:        0.0324969 s
Time taken for 1-RDM build:        0.0311494 s
Time taken for 1-RDM build:        0.0311599 s
Time taken for 1-RDM build:        0.0310864 s
Time taken for 2-RDM build:        0.1354296 s
Time taken for 2-RDM build:        0.1347423 s
Time taken for 2-RDM build:        0.1348007 s
Time taken for 2-RDM build:        0.1348994 s
Time taken for 2-RDM build:        0.1348078 s
Time taken for 2-RDM build:        0.1348858 s
Time taken for 2-RDM build:        0.1347711 s
Time taken for 2-RDM build:        0.1348567 s
Time taken for 2-RDM build:        0.1347153 s
Time taken for 3-RDM build:        0.4198315 s
Time taken for 3-RDM build:        0.4194169 s
Time taken for 3-RDM build:        0.4229898 s
Time taken for 3-RDM build:        0.4202869 s
Time taken for 3-RDM build:        0.4202523 s
Time taken for 3-RDM build:        0.4194765 s
Time taken for 3-RDM build:        0.4200096 s
Time taken for 3-RDM build:        0.4195793 s
Time taken for 3-RDM build:        0.4192007 s
E_frzc:                            0.0000000 Eh
E_cas:                            -3.6862998 Eh
E_nuc:                       -2092.8592106-0.0000000j Eh
E_casci:                     -2096.5413860-0.0000000j Eh
E0 (from RDM):                 -2096.5413860 Eh
Ecorr:                            -0.2153364 Eh

Timing summary
... Hamil build:                    0.0935838 s
... Hamil diag:                     0.0258582 s
... RDM build:                     86.2138712 s
State     Energy / Eh         Splitting / Eh      Splitting / cm-1    Splitting / meV     
0         -2.0965455e+03      +0.0000000e+00      +0.0000000e+00      +0.0000000e+00      
1         -2.0965432e+03      +2.3344184e-03      +5.1234561e+02      +6.3522789e+01      
2         -2.0965432e+03      +6.4164851e-10      +1.4082557e-04      +1.7460154e-05      
3         -2.0965432e+03      +5.3205440e-10      +1.1677244e-04      +1.4477945e-05      
4         -2.0965395e+03      +3.6890520e-03      +8.0965333e+02      +1.0038427e+02      
5         -2.0965395e+03      +9.3723429e-10      +2.0569915e-04      +2.5503456e-05      
6         -2.0965395e+03      +1.0586518e-09      +2.3234722e-04      +2.8807397e-05      
7         -2.0965395e+03      +1.1709744e-09      +2.5699918e-04      +3.1863852e-05      
8         -2.0965395e+03      +1.0372787e-09      +2.2765636e-04      +2.8225805e-05      
Total time taken:                  90.9861007 s
===============================================

===============================================
            Relativistic DSRG-MRPT2            
===============================================
-----------------------------------------------
        DSRG-MRPT2 reference relaxation        
-----------------------------------------------
Iter                          Energy              Delta E   
   -Eref  -2096.5413860       
   -Ecorr -0.0524891       
<Psi^(0)|Hbar^(0)|Psi^(0)>    -2096.5938751       -2.09659e+03
   -Erelax-0.0000583       
<Psi^(0)|Hbar^(1)|Psi^(0)>    -2096.5939333       -5.82829e-05
   -Eref  -2096.5413234       
   -Ecorr -0.0526240       
<Psi^(1)|Hbar^(1)|Psi^(1)>    -2096.5939473       -1.39815e-05
   -Erelax-0.0000000       
<Psi^(1)|Hbar^(2)|Psi^(1)>    -2096.5939473       -2.14709e-08
   -Eref  -2096.5413223       
   -Ecorr -0.0526246       
<Psi^(2)|Hbar^(2)|Psi^(2)>    -2096.5939468       5.04217e-07
   -Erelax-0.0000000       
<Psi^(2)|Hbar^(3)|Psi^(2)>    -2096.5939468       -3.81988e-11
   -Eref  -2096.5413222       
   -Ecorr -0.0526246       
<Psi^(3)|Hbar^(3)|Psi^(3)>    -2096.5939468       1.90653e-08
   -Erelax-0.0000000       
<Psi^(3)|Hbar^(4)|Psi^(3)>    -2096.5939468       0.00000e+00
   -Eref  -2096.5413222       
   -Ecorr -0.0526246       
<Psi^(4)|Hbar^(4)|Psi^(4)>    -2096.5939468       8.15362e-10
   -Erelax0.0000000       
<Psi^(4)|Hbar^(5)|Psi^(4)>    -2096.5939468       0.00000e+00
Unrelaxed DSRG-MRPT2 energy:             -2096.5938751 Eh
Unrelaxed DSRG-MRPT2 E_corr:                -0.0524891 Eh
Partially relaxed DSRG-MRPT2 energy:     -2096.5939333 Eh
Partially relaxed DSRG-MRPT2 E_corr:        -0.0525474 Eh
Relaxed DSRG-MRPT2 energy:               -2096.5939473 Eh
Relaxed DSRG-MRPT2 E_corr:                  -0.0526240 Eh
Fully relaxed DSRG-MRPT2 energy:         -2096.5939468 Eh
Fully relaxed DSRG-MRPT2 E_corr:            -0.0526246 Eh
State     Energy / Eh         Splitting / Eh      Splitting / cm-1    Splitting / meV     
0         -2.0965983e+03      +0.0000000e+00      +0.0000000e+00      +0.0000000e+00      
1         -2.0965958e+03      +2.4850131e-03      +5.4539732e+02      +6.7620682e+01      
2         -2.0965958e+03      +1.4642865e-10      +3.2137373e-05      +3.9845283e-06      
3         -2.0965958e+03      +8.5492502e-11      +1.8763435e-05      +2.3263706e-06      
4         -2.0965920e+03      +3.8611415e-03      +8.4742261e+02      +1.0506706e+02      
5         -2.0965920e+03      +2.4829205e-10      +5.4493807e-05      +6.7563741e-06      
6         -2.0965920e+03      +2.5738700e-10      +5.6489917e-05      +7.0038604e-06      
7         -2.0965920e+03      +2.8330760e-10      +6.2178831e-05      +7.7091961e-06      
8         -2.0965920e+03      +2.7830538e-10      +6.1080970e-05      +7.5730787e-06      
Time taken:                     1311.4352763 s
===============================================
===============================================
              PySCF DHF interface              
===============================================
Will now allocate 19.669 MB disk space for the frozen core ERI tensor!
Will now allocate 1.888 GB disk space for the aacc and acca ERI tensor!
Will now allocate 45.327 GB disk space for the AO ERI tensor!

Timing report
....integral retrieval:           31.8982890 s
....integral transformation:     109.1102488 s

===============================================
            Relativistic CASCI(5,8)            
===============================================
Will now allocate 0.050 MB memory for the CASCI Hamiltonian!
Time taken for 1-RDM build:        0.0263226 s
Time taken for 1-RDM build:        0.0263088 s
Time taken for 1-RDM build:        0.0263119 s
Time taken for 1-RDM build:        0.0262599 s
Time taken for 1-RDM build:        0.0263150 s
Time taken for 1-RDM build:        0.0262985 s
Time taken for 1-RDM build:        0.0254228 s
Time taken for 1-RDM build:        0.0237460 s
Time taken for 1-RDM build:        0.0231242 s
Time taken for 1-RDM build:        0.0231428 s
Time taken for 1-RDM build:        0.0231373 s
Time taken for 1-RDM build:        0.0231442 s
Time taken for 1-RDM build:        0.0231631 s
Time taken for 1-RDM build:        0.0233071 s
Time taken for 2-RDM build:        0.0959489 s
Time taken for 2-RDM build:        0.0958006 s
Time taken for 2-RDM build:        0.0958469 s
Time taken for 2-RDM build:        0.0956621 s
Time taken for 2-RDM build:        0.0956683 s
Time taken for 2-RDM build:        0.0958483 s
Time taken for 2-RDM build:        0.0956888 s
Time taken for 2-RDM build:        0.0956082 s
Time taken for 2-RDM build:        0.0956547 s
Time taken for 2-RDM build:        0.0958302 s
Time taken for 2-RDM build:        0.0956423 s
Time taken for 2-RDM build:        0.0956309 s
Time taken for 2-RDM build:        0.0956626 s
Time taken for 2-RDM build:        0.0956635 s
Time taken for 3-RDM build:        0.3861032 s
Time taken for 3-RDM build:        0.3860590 s
Time taken for 3-RDM build:        0.3857849 s
Time taken for 3-RDM build:        0.3863204 s
Time taken for 3-RDM build:        0.3860304 s
Time taken for 3-RDM build:        0.3860445 s
Time taken for 3-RDM build:        0.3866947 s
Time taken for 3-RDM build:        0.3856940 s
Time taken for 3-RDM build:        0.3857186 s
Time taken for 3-RDM build:        0.3857522 s
Time taken for 3-RDM build:        0.3858159 s
Time taken for 3-RDM build:        0.3860335 s
Time taken for 3-RDM build:        0.3856189 s
Time taken for 3-RDM build:        0.3857799 s
E_frzc:                            0.0000000 Eh
E_cas:                            -6.0718308 Eh
E_nuc:                       -2252.3726240-0.0000000j Eh
E_casci:                     -2258.3972569-0.0000000j Eh
E0 (from RDM):                 -2258.3972569 Eh
Ecorr:                            -0.0178409 Eh

Timing summary
... Hamil build:                    0.0732453 s
... Hamil diag:                     0.0122228 s
... RDM build:                     78.3668022 s
State     Energy / Eh         Splitting / Eh      Splitting / cm-1    Splitting / meV     
0         -2.2584445e+03      +0.0000000e+00      +0.0000000e+00      +0.0000000e+00      
1         -2.2584445e+03      +5.2432370e-10      +1.1507575e-04      +1.4267581e-05      
2         -2.2584445e+03      +5.2705218e-10      +1.1567458e-04      +1.4341827e-05      
3         -2.2584445e+03      +5.1386451e-10      +1.1278022e-04      +1.3982972e-05      
4         -2.2583793e+03      +6.5107933e-02      +1.4289540e+04      +1.7716780e+03      
5         -2.2583793e+03      +9.2904884e-10      +2.0390265e-04      +2.5280719e-05      
6         -2.2583793e+03      +1.1159500e-09      +2.4492271e-04      +3.0366561e-05      
7         -2.2583793e+03      +5.1250026e-10      +1.1248081e-04      +1.3945849e-05      
8         -2.2583777e+03      +1.6153755e-03      +3.5453394e+02      +4.3956628e+01      
9         -2.2583777e+03      +7.5033313e-10      +1.6467909e-04      +2.0417614e-05      
10        -2.2583777e+03      +4.8839865e-10      +1.0719111e-04      +1.3290011e-05      
11        -2.2583777e+03      +1.4611032e-09      +3.2067509e-04      +3.9758663e-05      
12        -2.2583777e+03      +1.6329977e-09      +3.5840157e-04      +4.4436153e-05      
13        -2.2583777e+03      +6.3982952e-10      +1.4042635e-04      +1.7410656e-05      
Total time taken:                  83.1070247 s
===============================================

===============================================
            Relativistic DSRG-MRPT2            
===============================================
-----------------------------------------------
        DSRG-MRPT2 reference relaxation        
-----------------------------------------------
Iter                          Energy              Delta E   
   -Eref  -2258.3972569       
   -Ecorr -0.0894030       
<Psi^(0)|Hbar^(0)|Psi^(0)>    -2258.4866599       -2.25849e+03
   -Erelax-0.0000318       
<Psi^(0)|Hbar^(1)|Psi^(0)>    -2258.4866917       -3.17556e-05
   -Eref  -2258.3972303       
   -Ecorr -0.0894773       
<Psi^(1)|Hbar^(1)|Psi^(1)>    -2258.4867077       -1.59940e-05
   -Erelax-0.0000001       
<Psi^(1)|Hbar^(2)|Psi^(1)>    -2258.4867078       -1.47149e-07
   -Eref  -2258.3972334       
   -Ecorr -0.0894732       
<Psi^(2)|Hbar^(2)|Psi^(2)>    -2258.4867066       1.19196e-06
   -Erelax-0.0000000       
<Psi^(2)|Hbar^(3)|Psi^(2)>    -2258.4867066       -8.62656e-10
   -Eref  -2258.3972332       
   -Ecorr -0.0894735       
<Psi^(3)|Hbar^(3)|Psi^(3)>    -2258.4867067       -9.08722e-08
   -Erelax-0.0000000       
<Psi^(3)|Hbar^(4)|Psi^(3)>    -2258.4867067       -5.00222e-12
   -Eref  -2258.3972332       
   -Ecorr -0.0894735       
<Psi^(4)|Hbar^(4)|Psi^(4)>    -2258.4867067       6.96309e-09
   -Erelax-0.0000000       
<Psi^(4)|Hbar^(5)|Psi^(4)>    -2258.4867067       0.00000e+00
Unrelaxed DSRG-MRPT2 energy:             -2258.4866599 Eh
Unrelaxed DSRG-MRPT2 E_corr:                -0.0894030 Eh
Partially relaxed DSRG-MRPT2 energy:     -2258.4866917 Eh
Partially relaxed DSRG-MRPT2 E_corr:        -0.0894348 Eh
Relaxed DSRG-MRPT2 energy:               -2258.4867077 Eh
Relaxed DSRG-MRPT2 E_corr:                  -0.0894773 Eh
Fully relaxed DSRG-MRPT2 energy:         -2258.4867067 Eh
Fully relaxed DSRG-MRPT2 E_corr:            -0.0894735 Eh
State     Energy / Eh         Splitting / Eh      Splitting / cm-1    Splitting / meV     
0         -2.2585254e+03      +0.0000000e+00      +0.0000000e+00      +0.0000000e+00      
1         -2.2585254e+03      +3.4424374e-10      +7.5552768e-05      +9.3673539e-06      
2         -2.2585254e+03      +3.4606273e-10      +7.5951991e-05      +9.4168511e-06      
3         -2.2585254e+03      +3.4287950e-10      +7.5253352e-05      +9.3302310e-06      
4         -2.2584720e+03      +5.3429113e-02      +1.1726335e+04      +1.4538809e+03      
5         -2.2584720e+03      +1.5006663e-10      +3.2935817e-05      +4.0835228e-06      
6         -2.2584720e+03      +5.3660187e-10      +1.1777050e-04      +1.4601688e-05      
7         -2.2584720e+03      +1.0004442e-10      +2.1957211e-05      +2.7223486e-06      
8         -2.2584707e+03      +1.2883260e-03      +2.8275488e+02      +3.5057154e+01      
9         -2.2584707e+03      +1.3824319e-10      +3.0340874e-05      +3.7617907e-06      
10        -2.2584707e+03      +2.3283064e-10      +5.1100419e-05      +6.3356475e-06      
11        -2.2584707e+03      +2.0463631e-10      +4.4912478e-05      +5.5684402e-06      
12        -2.2584707e+03      +2.2509994e-10      +4.9403726e-05      +6.1252842e-06      
13        -2.2584707e+03      +1.1550583e-10      +2.5350599e-05      +3.1430751e-06      
Time taken:                     1846.4343424 s
===============================================
===============================================
              PySCF DHF interface              
===============================================
Will now allocate 19.669 MB disk space for the frozen core ERI tensor!
Will now allocate 1.888 GB disk space for the aacc and acca ERI tensor!
Will now allocate 45.327 GB disk space for the AO ERI tensor!

Timing report
....integral retrieval:           31.9357123 s
....integral transformation:      97.1827631 s

===============================================
            Relativistic CASCI(6,8)            
===============================================
Will now allocate 0.013 MB memory for the CASCI Hamiltonian!
Time taken for 1-RDM build:        0.0103619 s
Time taken for 1-RDM build:        0.0103555 s
Time taken for 1-RDM build:        0.0103426 s
Time taken for 1-RDM build:        0.0103462 s
Time taken for 1-RDM build:        0.0103502 s
Time taken for 1-RDM build:        0.0103250 s
Time taken for 1-RDM build:        0.0103424 s
Time taken for 1-RDM build:        0.0103383 s
Time taken for 1-RDM build:        0.0103338 s
Time taken for 2-RDM build:        0.0309813 s
Time taken for 2-RDM build:        0.0309141 s
Time taken for 2-RDM build:        0.0308955 s
Time taken for 2-RDM build:        0.0310764 s
Time taken for 2-RDM build:        0.0308516 s
Time taken for 2-RDM build:        0.0308425 s
Time taken for 2-RDM build:        0.0308537 s
Time taken for 2-RDM build:        0.0308652 s
Time taken for 2-RDM build:        0.0316894 s
Time taken for 3-RDM build:        0.1580379 s
Time taken for 3-RDM build:        0.1579525 s
Time taken for 3-RDM build:        0.1576271 s
Time taken for 3-RDM build:        0.1579785 s
Time taken for 3-RDM build:        0.1577053 s
Time taken for 3-RDM build:        0.1579297 s
Time taken for 3-RDM build:        0.1576765 s
Time taken for 3-RDM build:        0.1578536 s
Time taken for 3-RDM build:        0.1576014 s
E_frzc:                            0.0000000 Eh
E_cas:                            -9.1774708 Eh
E_nuc:                       -2418.2608262-0.0000000j Eh
E_casci:                     -2427.4340589-0.0000000j Eh
E0 (from RDM):                 -2427.4340589 Eh
Ecorr:                            -0.1372548 Eh

Timing summary
... Hamil build:                    0.0282750 s
... Hamil diag:                     0.0014329 s
... RDM build:                     83.0747275 s
State     Energy / Eh         Splitting / Eh      Splitting / cm-1    Splitting / meV     
0         -2.4274383e+03      +0.0000000e+00      +0.0000000e+00      +0.0000000e+00      
1         -2.4274383e+03      +1.9413164e-09      +4.2606971e-04      +5.2825936e-05      
2         -2.4274383e+03      +8.9721652e-10      +1.9691626e-04      +2.4414517e-05      
3         -2.4274383e+03      +1.1737029e-09      +2.5759801e-04      +3.1938098e-05      
4         -2.4274383e+03      +1.8349056e-09      +4.0271522e-04      +4.9930347e-05      
5         -2.4274294e+03      +8.8831576e-03      +1.9496277e+03      +2.4172315e+02      
6         -2.4274294e+03      +4.1914063e-09      +9.1990735e-04      +1.1405403e-04      
7         -2.4274294e+03      +4.1027306e-09      +9.0044528e-04      +1.1164104e-04      
8         -2.4274268e+03      +2.6102260e-03      +5.7287839e+02      +7.1027902e+01      
Total time taken:                  87.7474825 s
===============================================

===============================================
            Relativistic DSRG-MRPT2            
===============================================
-----------------------------------------------
        DSRG-MRPT2 reference relaxation        
-----------------------------------------------
Iter                          Energy              Delta E   
   -Eref  -2427.4340589       
   -Ecorr -0.1190268       
<Psi^(0)|Hbar^(0)|Psi^(0)>    -2427.5530856       -2.42755e+03
   -Erelax-0.0000094       
<Psi^(0)|Hbar^(1)|Psi^(0)>    -2427.5530951       -9.41346e-06
   -Eref  -2427.4340500       
   -Ecorr -0.1190372       
<Psi^(1)|Hbar^(1)|Psi^(1)>    -2427.5530873       7.79816e-06
   -Erelax-0.0000001       
<Psi^(1)|Hbar^(2)|Psi^(1)>    -2427.5530874       -1.23872e-07
   -Eref  -2427.4340516       
   -Ecorr -0.1190369       
<Psi^(2)|Hbar^(2)|Psi^(2)>    -2427.5530884       -1.05829e-06
   -Erelax-0.0000000       
<Psi^(2)|Hbar^(3)|Psi^(2)>    -2427.5530884       -2.56341e-09
   -Eref  -2427.4340514       
   -Ecorr -0.1190369       
<Psi^(3)|Hbar^(3)|Psi^(3)>    -2427.5530883       1.56276e-07
   -Erelax-0.0000000       
<Psi^(3)|Hbar^(4)|Psi^(3)>    -2427.5530883       -5.32054e-11
   -Eref  -2427.4340514       
   -Ecorr -0.1190369       
<Psi^(4)|Hbar^(4)|Psi^(4)>    -2427.5530883       -2.24031e-08
   -Erelax-0.0000000       
<Psi^(4)|Hbar^(5)|Psi^(4)>    -2427.5530883       -9.09495e-13
   -Eref  -2427.4340514       
   -Ecorr -0.1190369       
<Psi^(5)|Hbar^(5)|Psi^(5)>    -2427.5530883       3.22461e-09
   -Erelax-0.0000000       
<Psi^(5)|Hbar^(6)|Psi^(5)>    -2427.5530883       0.00000e+00
Unrelaxed DSRG-MRPT2 energy:             -2427.5530856 Eh
Unrelaxed DSRG-MRPT2 E_corr:                -0.1190268 Eh
Partially relaxed DSRG-MRPT2 energy:     -2427.5530951 Eh
Partially relaxed DSRG-MRPT2 E_corr:        -0.1190362 Eh
Relaxed DSRG-MRPT2 energy:               -2427.5530873 Eh
Relaxed DSRG-MRPT2 E_corr:                  -0.1190372 Eh
Fully relaxed DSRG-MRPT2 energy:         -2427.5530883 Eh
Fully relaxed DSRG-MRPT2 E_corr:            -0.1190369 Eh
State     Energy / Eh         Splitting / Eh      Splitting / cm-1    Splitting / meV     
0         -2.4275566e+03      +0.0000000e+00      +0.0000000e+00      +0.0000000e+00      
1         -2.4275566e+03      +3.3242031e-10      +7.2957825e-05      +9.0456218e-06      
2         -2.4275566e+03      +3.6288839e-10      +7.9644794e-05      +9.8747007e-06      
3         -2.4275566e+03      +3.6880010e-10      +8.0942266e-05      +1.0035567e-05      
4         -2.4275566e+03      +2.9604053e-10      +6.4973385e-05      +8.0556769e-06      
5         -2.4275493e+03      +7.2971890e-03      +1.6015479e+03      +1.9856672e+02      
6         -2.4275493e+03      +6.4119376e-10      +1.4072576e-04      +1.7447779e-05      
7         -2.4275493e+03      +5.8571459e-10      +1.2854949e-04      +1.5938113e-05      
8         -2.4275469e+03      +2.3505950e-03      +5.1589596e+02      +6.3962978e+01      
Time taken:                     1595.5847132 s
===============================================
===============================================
              PySCF DHF interface              
===============================================
Will now allocate 19.669 MB disk space for the frozen core ERI tensor!
Will now allocate 1.888 GB disk space for the aacc and acca ERI tensor!
Will now allocate 45.327 GB disk space for the AO ERI tensor!

Timing report
....integral retrieval:           31.8913460 s
....integral transformation:     118.4992044 s

===============================================
            Relativistic CASCI(7,8)            
===============================================
Will now allocate 0.001 MB memory for the CASCI Hamiltonian!
Time taken for 1-RDM build:        0.0015333 s
Time taken for 1-RDM build:        0.0015206 s
Time taken for 1-RDM build:        0.0015109 s
Time taken for 1-RDM build:        0.0015173 s
Time taken for 1-RDM build:        0.0015118 s
Time taken for 1-RDM build:        0.0015180 s
Time taken for 2-RDM build:        0.0033066 s
Time taken for 2-RDM build:        0.0031357 s
Time taken for 2-RDM build:        0.0031266 s
Time taken for 2-RDM build:        0.0031414 s
Time taken for 2-RDM build:        0.0031350 s
Time taken for 2-RDM build:        0.0031450 s
Time taken for 3-RDM build:        0.0286262 s
Time taken for 3-RDM build:        0.0283031 s
Time taken for 3-RDM build:        0.0282815 s
Time taken for 3-RDM build:        0.0283039 s
Time taken for 3-RDM build:        0.0282927 s
Time taken for 3-RDM build:        0.0282903 s
E_frzc:                            0.0000000 Eh
E_cas:                           -13.1880855 Eh
E_nuc:                       -2590.5378304-0.0000000j Eh
E_casci:                     -2603.7203212-0.0000000j Eh
E0 (from RDM):                 -2603.7203212 Eh
Ecorr:                            -0.0318830 Eh

Timing summary
... Hamil build:                    0.0048599 s
... Hamil diag:                     0.0002429 s
... RDM build:                     62.4041922 s
State     Energy / Eh         Splitting / Eh      Splitting / cm-1    Splitting / meV     
0         -2.6037259e+03      +0.0000000e+00      +0.0000000e+00      +0.0000000e+00      
1         -2.6037259e+03      +9.2413757e-09      +2.0282475e-03      +2.5147076e-04      
2         -2.6037259e+03      +1.8784249e-08      +4.1226661e-03      +5.1114569e-04      
3         -2.6037259e+03      +9.8884811e-09      +2.1702707e-03      +2.6907941e-04      
4         -2.6037091e+03      +1.6783801e-02      +3.6836186e+03      +4.5671072e+02      
5         -2.6037091e+03      +7.4087438e-09      +1.6260313e-03      +2.0160228e-04      
Total time taken:                  67.0628901 s
===============================================

===============================================
            Relativistic DSRG-MRPT2            
===============================================
-----------------------------------------------
        DSRG-MRPT2 reference relaxation        
-----------------------------------------------
Iter                          Energy              Delta E   
   -Eref  -2603.7203212       
   -Ecorr -0.1501966       
<Psi^(0)|Hbar^(0)|Psi^(0)>    -2603.8705178       -2.60387e+03
   -Erelax0.0000000       
<Psi^(0)|Hbar^(1)|Psi^(0)>    -2603.8705178       0.00000e+00
   -Eref  -2603.7203212       
   -Ecorr -0.1501966       
<Psi^(1)|Hbar^(1)|Psi^(1)>    -2603.8705178       0.00000e+00
   -Erelax-0.0000000       
<Psi^(1)|Hbar^(2)|Psi^(1)>    -2603.8705178       0.00000e+00
Unrelaxed DSRG-MRPT2 energy:             -2603.8705178 Eh
Unrelaxed DSRG-MRPT2 E_corr:                -0.1501966 Eh
Partially relaxed DSRG-MRPT2 energy:     -2603.8705178 Eh
Partially relaxed DSRG-MRPT2 E_corr:        -0.1501966 Eh
Relaxed DSRG-MRPT2 energy:               -2603.8705178 Eh
Relaxed DSRG-MRPT2 E_corr:                  -0.1501966 Eh
Fully relaxed DSRG-MRPT2 energy:         -2603.8705178 Eh
Fully relaxed DSRG-MRPT2 E_corr:            -0.1501966 Eh
State     Energy / Eh         Splitting / Eh      Splitting / cm-1    Splitting / meV     
0         -2.6038759e+03      +0.0000000e+00      +0.0000000e+00      +0.0000000e+00      
1         -2.6038759e+03      +1.4451871e-09      +3.1718190e-04      +3.9325562e-05      
2         -2.6038759e+03      +2.7662281e-09      +6.0711690e-04      +7.5272938e-05      
3         -2.6038759e+03      +2.0154403e-09      +4.4233801e-04      +5.4842949e-05      
4         -2.6038598e+03      +1.6147131e-02      +3.5438856e+03      +4.3938602e+02      
5         -2.6038598e+03      +1.8521860e-09      +4.0650783e-04      +5.0400571e-05      
Time taken:                      307.0497513 s
===============================================
