NOW DOING s=0.79!
===============================================
              PySCF DHF interface              
===============================================
Will now allocate 796.594 MB memory for the AO ERI tensor!

Timing report
....integral transformation:      50.8631737 s

===============================================
            Relativistic CASCI(3,8)            
===============================================
Will now allocate 0.050 MB memory for the CASCI Hamiltonian!
Time taken for 1-RDM build:        0.0216510 s
Time taken for 1-RDM build:        0.0216768 s
Time taken for 1-RDM build:        0.0216303 s
Time taken for 1-RDM build:        0.0216596 s
Time taken for 1-RDM build:        0.0214975 s
Time taken for 1-RDM build:        0.0210013 s
Time taken for 2-RDM build:        0.0826540 s
Time taken for 2-RDM build:        0.0824752 s
Time taken for 2-RDM build:        0.0832787 s
Time taken for 2-RDM build:        0.0824337 s
Time taken for 2-RDM build:        0.0825374 s
Time taken for 2-RDM build:        0.0824959 s
Time taken for 3-RDM build:        0.1856942 s
Time taken for 3-RDM build:        0.1842360 s
Time taken for 3-RDM build:        0.1841929 s
Time taken for 3-RDM build:        0.1840851 s
Time taken for 3-RDM build:        0.1841834 s
Time taken for 3-RDM build:        0.1842408 s
E_frzc:                          -21.9899228 Eh
E_cas:                            -2.5754278 Eh
E_nuc:                             0.0000000 Eh
E_casci:                         -24.5653104 Eh
E0 (from RDM):                   -24.5653104 Eh
Ecorr:                            -0.2764703 Eh

Timing summary
... Hamil build:                    0.0712109 s
... Hamil diag:                     0.0011067 s
... RDM build:                      5.1995995 s
State     Energy / Eh         Splitting / Eh      Splitting / cm-1    Splitting / meV     
0         -2.4565351e+01      +0.0000000e+00      +0.0000000e+00      +0.0000000e+00      
1         -2.4565351e+01      +1.6292141e-09      +3.5757116e-04      +4.4333195e-05      
2         -2.4565290e+01      +6.0370290e-05      +1.3249747e+01      +1.6427601e+00      
3         -2.4565290e+01      +8.2750518e-10      +1.8161639e-04      +2.2517574e-05      
4         -2.4565290e+01      +8.6880192e-10      +1.9067998e-04      +2.3641316e-05      
5         -2.4565290e+01      +1.8699780e-09      +4.1041272e-04      +5.0884716e-05      
Total time taken:                   5.4507229 s
===============================================

===============================================
            Relativistic DSRG-MRPT3            
===============================================
... compute_energy_pt3_1:      15.1949730 s
... compute_energy_pt2:       0.0836537 s
... compute_energy_pt3_2:      12.0912492 s
... compute_energy_pt3_3:       2.7391593 s
-----------------------------------------------
        DSRG-MRPT3 reference relaxation        
-----------------------------------------------
Iter                          Energy              Delta E   
   -Eref  -24.5653104       
   -Ecorr -0.0754357       
<Psi^(0)|Hbar^(0)|Psi^(0)>    -24.6407461         -2.46407e+01
   -Erelax-0.0005638       
<Psi^(0)|Hbar^(1)|Psi^(0)>    -24.6413099         -5.63801e-04
   -Eref  -24.5647420       
   -Ecorr -0.0764369       
<Psi^(1)|Hbar^(1)|Psi^(1)>    -24.6411789         1.30947e-04
   -Erelax-0.0000000       
<Psi^(1)|Hbar^(2)|Psi^(1)>    -24.6411789         -6.51925e-09
   -Eref  -24.5647382       
   -Ecorr -0.0764404       
<Psi^(2)|Hbar^(2)|Psi^(2)>    -24.6411785         3.95201e-07
   -Erelax-0.0000000       
<Psi^(2)|Hbar^(3)|Psi^(2)>    -24.6411785         -4.97380e-14
   -Eref  -24.5647382       
   -Ecorr -0.0764404       
<Psi^(3)|Hbar^(3)|Psi^(3)>    -24.6411785         1.12170e-09
   -Erelax0.0000000       
<Psi^(3)|Hbar^(4)|Psi^(3)>    -24.6411785         3.55271e-15
Unrelaxed DSRG-MRPT3 energy:               -24.6407461 Eh
Unrelaxed DSRG-MRPT3 E_corr:                -0.0754357 Eh
Partially relaxed DSRG-MRPT3 energy:       -24.6413099 Eh
Partially relaxed DSRG-MRPT3 E_corr:        -0.0759995 Eh
Relaxed DSRG-MRPT3 energy:                 -24.6411789 Eh
Relaxed DSRG-MRPT3 E_corr:                  -0.0764369 Eh
Fully relaxed DSRG-MRPT3 energy:           -24.6411785 Eh
Fully relaxed DSRG-MRPT3 E_corr:            -0.0764404 Eh
State     Energy / Eh         Splitting / Eh      Splitting / cm-1    Splitting / meV     
0         -2.4641222e+01      +0.0000000e+00      +0.0000000e+00      +0.0000000e+00      
1         -2.4641222e+01      +5.3923799e-10      +1.1834906e-04      +1.4673420e-05      
2         -2.4641157e+01      +6.4973841e-05      +1.4260110e+01      +1.7680291e+00      
3         -2.4641157e+01      +3.8225423e-10      +8.3895105e-05      +1.0401672e-05      
4         -2.4641157e+01      +3.1400305e-10      +6.8915702e-05      +8.5444622e-06      
5         -2.4641157e+01      +5.2688875e-10      +1.1563871e-04      +1.4337380e-05      
Time taken:                      175.5749586 s
===============================================
===============================================
              PySCF DHF interface              
===============================================
Will now allocate 796.594 MB memory for the AO ERI tensor!

Timing report
....integral transformation:      53.1974533 s

===============================================
            Relativistic CASCI(4,8)            
===============================================
Will now allocate 0.078 MB memory for the CASCI Hamiltonian!
Time taken for 1-RDM build:        0.0327361 s
Time taken for 1-RDM build:        0.0333929 s
Time taken for 1-RDM build:        0.0326924 s
Time taken for 1-RDM build:        0.0295470 s
Time taken for 1-RDM build:        0.0287828 s
Time taken for 1-RDM build:        0.0289803 s
Time taken for 1-RDM build:        0.0287216 s
Time taken for 1-RDM build:        0.0288341 s
Time taken for 1-RDM build:        0.0288281 s
Time taken for 2-RDM build:        0.1228669 s
Time taken for 2-RDM build:        0.1230242 s
Time taken for 2-RDM build:        0.1228225 s
Time taken for 2-RDM build:        0.1228609 s
Time taken for 2-RDM build:        0.1228871 s
Time taken for 2-RDM build:        0.1230304 s
Time taken for 2-RDM build:        0.1229317 s
Time taken for 2-RDM build:        0.1230567 s
Time taken for 2-RDM build:        0.1233544 s
Time taken for 3-RDM build:        0.3955102 s
Time taken for 3-RDM build:        0.3948734 s
Time taken for 3-RDM build:        0.3940403 s
Time taken for 3-RDM build:        0.3939941 s
Time taken for 3-RDM build:        0.3939514 s
Time taken for 3-RDM build:        0.3946369 s
Time taken for 3-RDM build:        0.3939443 s
Time taken for 3-RDM build:        0.3941734 s
Time taken for 3-RDM build:        0.3946478 s
E_frzc:                          -32.3709352 Eh
E_cas:                            -5.3467114 Eh
E_nuc:                             0.0000000 Eh
E_casci:                         -37.7175257 Eh
E0 (from RDM):                   -37.7175257 Eh
Ecorr:                            -0.4429083 Eh

Timing summary
... Hamil build:                    0.1119452 s
... Hamil diag:                     0.0018694 s
... RDM build:                      8.3996143 s
State     Energy / Eh         Splitting / Eh      Splitting / cm-1    Splitting / meV     
0         -3.7717647e+01      +0.0000000e+00      +0.0000000e+00      +0.0000000e+00      
1         -3.7717578e+01      +6.8056777e-05      +1.4936736e+01      +1.8519201e+00      
2         -3.7717578e+01      +1.0789876e-09      +2.3681040e-04      +2.9360761e-05      
3         -3.7717578e+01      +1.2285710e-09      +2.6964017e-04      +3.3431136e-05      
4         -3.7717470e+01      +1.0852195e-04      +2.3817815e+01      +2.9530341e+00      
5         -3.7717470e+01      +3.7325520e-10      +8.1920048e-05      +1.0156796e-05      
6         -3.7717470e+01      +9.5213437e-10      +2.0896934e-04      +2.5908908e-05      
7         -3.7717470e+01      +4.4994408e-10      +9.8751311e-05      +1.2243608e-05      
8         -3.7717470e+01      +5.6219562e-10      +1.2338768e-04      +1.5298129e-05      
Total time taken:                   8.6924679 s
===============================================

===============================================
            Relativistic DSRG-MRPT3            
===============================================
... compute_energy_pt3_1:      15.3885522 s
... compute_energy_pt2:       0.0826142 s
... compute_energy_pt3_2:      11.9088545 s
... compute_energy_pt3_3:       2.6617990 s
-----------------------------------------------
        DSRG-MRPT3 reference relaxation        
-----------------------------------------------
Iter                          Energy              Delta E   
   -Eref  -37.7175257       
   -Ecorr -0.1168338       
<Psi^(0)|Hbar^(0)|Psi^(0)>    -37.8343596         -3.78344e+01
   -Erelax-0.0000527       
<Psi^(0)|Hbar^(1)|Psi^(0)>    -37.8344123         -5.26916e-05
   -Eref  -37.7174708       
   -Ecorr -0.1170518       
<Psi^(1)|Hbar^(1)|Psi^(1)>    -37.8345226         -1.10393e-04
   -Erelax-0.0000000       
<Psi^(1)|Hbar^(2)|Psi^(1)>    -37.8345227         -2.31409e-09
   -Eref  -37.7174715       
   -Ecorr -0.1170505       
<Psi^(2)|Hbar^(2)|Psi^(2)>    -37.8345220         6.92462e-07
   -Erelax-0.0000000       
<Psi^(2)|Hbar^(3)|Psi^(2)>    -37.8345220         -4.95248e-12
   -Eref  -37.7174715       
   -Ecorr -0.1170505       
<Psi^(3)|Hbar^(3)|Psi^(3)>    -37.8345220         -3.99553e-09
   -Erelax-0.0000000       
<Psi^(3)|Hbar^(4)|Psi^(3)>    -37.8345220         -9.23706e-14
Unrelaxed DSRG-MRPT3 energy:               -37.8343596 Eh
Unrelaxed DSRG-MRPT3 E_corr:                -0.1168338 Eh
Partially relaxed DSRG-MRPT3 energy:       -37.8344123 Eh
Partially relaxed DSRG-MRPT3 E_corr:        -0.1168865 Eh
Relaxed DSRG-MRPT3 energy:                 -37.8345226 Eh
Relaxed DSRG-MRPT3 E_corr:                  -0.1170518 Eh
Fully relaxed DSRG-MRPT3 energy:           -37.8345220 Eh
Fully relaxed DSRG-MRPT3 E_corr:            -0.1170505 Eh
State     Energy / Eh         Splitting / Eh      Splitting / cm-1    Splitting / meV     
0         -3.7834671e+01      +0.0000000e+00      +0.0000000e+00      +0.0000000e+00      
1         -3.7834590e+01      +8.1715757e-05      +1.7934535e+01      +2.2236001e+00      
2         -3.7834590e+01      +9.6093800e-11      +2.1090151e-05      +2.6148467e-06      
3         -3.7834590e+01      +7.1750605e-11      +1.5747438e-05      +1.9524344e-06      
4         -3.7834451e+01      +1.3830666e-04      +3.0354802e+01      +3.7635176e+00      
5         -3.7834451e+01      +4.5027093e-11      +9.8823046e-06      +1.2252502e-06      
6         -3.7834451e+01      +4.1296744e-11      +9.0635876e-06      +1.1237422e-06      
7         -3.7834451e+01      +1.2023094e-10      +2.6387640e-05      +3.2716520e-06      
8         -3.7834451e+01      +8.1143980e-12      +1.7809045e-06      +2.2080412e-07      
Time taken:                      183.8778360 s
===============================================
===============================================
              PySCF DHF interface              
===============================================
Will now allocate 796.594 MB memory for the AO ERI tensor!

Timing report
....integral transformation:      52.1346464 s

===============================================
            Relativistic CASCI(5,8)            
===============================================
Will now allocate 0.050 MB memory for the CASCI Hamiltonian!
Time taken for 1-RDM build:        0.0219636 s
Time taken for 1-RDM build:        0.0219042 s
Time taken for 1-RDM build:        0.0219562 s
Time taken for 1-RDM build:        0.0219228 s
Time taken for 1-RDM build:        0.0217865 s
Time taken for 1-RDM build:        0.0213466 s
Time taken for 1-RDM build:        0.0213423 s
Time taken for 1-RDM build:        0.0213377 s
Time taken for 1-RDM build:        0.0213597 s
Time taken for 1-RDM build:        0.0212970 s
Time taken for 1-RDM build:        0.0213940 s
Time taken for 1-RDM build:        0.0213237 s
Time taken for 1-RDM build:        0.0213277 s
Time taken for 1-RDM build:        0.0214322 s
Time taken for 2-RDM build:        0.0882394 s
Time taken for 2-RDM build:        0.0883119 s
Time taken for 2-RDM build:        0.0885293 s
Time taken for 2-RDM build:        0.0883899 s
Time taken for 2-RDM build:        0.0885820 s
Time taken for 2-RDM build:        0.0886004 s
Time taken for 2-RDM build:        0.0886257 s
Time taken for 2-RDM build:        0.0886250 s
Time taken for 2-RDM build:        0.0886500 s
Time taken for 2-RDM build:        0.0888481 s
Time taken for 2-RDM build:        0.0891352 s
Time taken for 2-RDM build:        0.0893285 s
Time taken for 2-RDM build:        0.0889020 s
Time taken for 2-RDM build:        0.0885136 s
Time taken for 3-RDM build:        0.3627856 s
Time taken for 3-RDM build:        0.3618088 s
Time taken for 3-RDM build:        0.3621097 s
Time taken for 3-RDM build:        0.3625655 s
Time taken for 3-RDM build:        0.3625724 s
Time taken for 3-RDM build:        0.3670986 s
Time taken for 3-RDM build:        0.3720760 s
Time taken for 3-RDM build:        0.3671706 s
Time taken for 3-RDM build:        0.3622053 s
Time taken for 3-RDM build:        0.3621578 s
Time taken for 3-RDM build:        0.3623655 s
Time taken for 3-RDM build:        0.3624196 s
Time taken for 3-RDM build:        0.3623312 s
Time taken for 3-RDM build:        0.3625944 s
E_frzc:                          -44.7567199 Eh
E_cas:                            -9.6666253 Eh
E_nuc:                             0.0000000 Eh
E_casci:                         -54.3487687 Eh
E0 (from RDM):                   -54.3487687 Eh
Ecorr:                            -0.4454114 Eh

Timing summary
... Hamil build:                    0.0913677 s
... Hamil diag:                     0.0010068 s
... RDM build:                     10.1417117 s
State     Energy / Eh         Splitting / Eh      Splitting / cm-1    Splitting / meV     
0         -5.4423345e+01      +0.0000000e+00      +0.0000000e+00      +0.0000000e+00      
1         -5.4423345e+01      +1.0766144e-09      +2.3628954e-04      +2.9296183e-05      
2         -5.4423345e+01      +1.0765078e-09      +2.3626614e-04      +2.9293283e-05      
3         -5.4423345e+01      +1.0764154e-09      +2.3624587e-04      +2.9290769e-05      
4         -5.4318958e+01      +1.0438692e-01      +2.2910281e+04      +2.8405142e+03      
5         -5.4318958e+01      +1.1012489e-09      +2.4169619e-04      +2.9966522e-05      
6         -5.4318958e+01      +1.1371313e-09      +2.4957147e-04      +3.0942933e-05      
7         -5.4318958e+01      +5.9976912e-10      +1.3163411e-04      +1.6320557e-05      
8         -5.4318958e+01      +1.1947492e-09      +2.6221714e-04      +3.2510797e-05      
9         -5.4318958e+01      +1.3782895e-09      +3.0249957e-04      +3.7505185e-05      
10        -5.4318908e+01      +5.0508872e-05      +1.1085416e+01      +1.3744171e+00      
11        -5.4318908e+01      +3.9502766e-09      +8.6698548e-04      +1.0749255e-04      
12        -5.4318908e+01      +3.0347778e-09      +6.6605673e-04      +8.2580549e-05      
13        -5.4318908e+01      +2.9868943e-09      +6.5554752e-04      +8.1277572e-05      
Total time taken:                  10.4136205 s
===============================================

===============================================
            Relativistic DSRG-MRPT3            
===============================================
... compute_energy_pt3_1:      16.7286162 s
... compute_energy_pt2:       0.0842533 s
... compute_energy_pt3_2:      12.1306903 s
... compute_energy_pt3_3:       2.7937226 s
-----------------------------------------------
        DSRG-MRPT3 reference relaxation        
-----------------------------------------------
Iter                          Energy              Delta E   
   -Eref  -54.3487687       
   -Ecorr -0.1686008       
<Psi^(0)|Hbar^(0)|Psi^(0)>    -54.5173695         -5.45174e+01
   -Erelax-0.0000000       
<Psi^(0)|Hbar^(1)|Psi^(0)>    -54.5173695         -1.60825e-08
   -Eref  -54.3487687       
   -Ecorr -0.1686009       
<Psi^(1)|Hbar^(1)|Psi^(1)>    -54.5173695         -2.76153e-08
   -Erelax-0.0000000       
<Psi^(1)|Hbar^(2)|Psi^(1)>    -54.5173695         -1.25837e-11
   -Eref  -54.3487687       
   -Ecorr -0.1686009       
<Psi^(2)|Hbar^(2)|Psi^(2)>    -54.5173695         -7.02862e-10
   -Erelax-0.0000000       
<Psi^(2)|Hbar^(3)|Psi^(2)>    -54.5173695         -4.26326e-14
Unrelaxed DSRG-MRPT3 energy:               -54.5173695 Eh
Unrelaxed DSRG-MRPT3 E_corr:                -0.1686008 Eh
Partially relaxed DSRG-MRPT3 energy:       -54.5173695 Eh
Partially relaxed DSRG-MRPT3 E_corr:        -0.1686008 Eh
Relaxed DSRG-MRPT3 energy:                 -54.5173695 Eh
Relaxed DSRG-MRPT3 E_corr:                  -0.1686009 Eh
Fully relaxed DSRG-MRPT3 energy:           -54.5173695 Eh
Fully relaxed DSRG-MRPT3 E_corr:            -0.1686009 Eh
State     Energy / Eh         Splitting / Eh      Splitting / cm-1    Splitting / meV     
0         -5.4582356e+01      +0.0000000e+00      +0.0000000e+00      +0.0000000e+00      
1         -5.4582356e+01      +2.3413804e-10      +5.1387360e-05      +6.3712237e-06      
2         -5.4582356e+01      +2.3418067e-10      +5.1396717e-05      +6.3723838e-06      
3         -5.4582356e+01      +2.3419489e-10      +5.1399836e-05      +6.3727705e-06      
4         -5.4491383e+01      +9.0973132e-02      +1.9966295e+04      +2.4755062e+03      
5         -5.4491383e+01      +1.0099654e-10      +2.2166179e-05      +2.7482573e-06      
6         -5.4491383e+01      +8.3730356e-11      +1.8376689e-05      +2.2784201e-06      
7         -5.4491383e+01      +4.2987836e-11      +9.4347393e-06      +1.1697591e-06      
8         -5.4491383e+01      +5.5720761e-11      +1.2229293e-05      +1.5162399e-06      
9         -5.4491383e+01      +1.9554136e-11      +4.2916368e-06      +5.3209540e-07      
10        -5.4491363e+01      +2.0407699e-05      +4.4789723e+00      +5.5532205e-01      
11        -5.4491363e+01      +1.1105783e-10      +2.4374376e-05      +3.0220389e-06      
12        -5.4491363e+01      +8.4838803e-11      +1.8619965e-05      +2.3085825e-06      
13        -5.4491363e+01      +5.1585403e-11      +1.1321687e-05      +1.4037110e-06      
Time taken:                      142.3971233 s
===============================================
===============================================
              PySCF DHF interface              
===============================================
Will now allocate 796.594 MB memory for the AO ERI tensor!

Timing report
....integral transformation:      51.6056724 s

===============================================
            Relativistic CASCI(6,8)            
===============================================
Will now allocate 0.013 MB memory for the CASCI Hamiltonian!
Time taken for 1-RDM build:        0.0089471 s
Time taken for 1-RDM build:        0.0088468 s
Time taken for 1-RDM build:        0.0087802 s
Time taken for 1-RDM build:        0.0089314 s
Time taken for 1-RDM build:        0.0088947 s
Time taken for 1-RDM build:        0.0089281 s
Time taken for 1-RDM build:        0.0086229 s
Time taken for 1-RDM build:        0.0089397 s
Time taken for 1-RDM build:        0.0089142 s
Time taken for 2-RDM build:        0.0289447 s
Time taken for 2-RDM build:        0.0290749 s
Time taken for 2-RDM build:        0.0291631 s
Time taken for 2-RDM build:        0.0288062 s
Time taken for 2-RDM build:        0.0287483 s
Time taken for 2-RDM build:        0.0287404 s
Time taken for 2-RDM build:        0.0287762 s
Time taken for 2-RDM build:        0.0287430 s
Time taken for 2-RDM build:        0.0288076 s
Time taken for 3-RDM build:        0.1525536 s
Time taken for 3-RDM build:        0.1509783 s
Time taken for 3-RDM build:        0.1511741 s
Time taken for 3-RDM build:        0.1511302 s
Time taken for 3-RDM build:        0.1511316 s
Time taken for 3-RDM build:        0.1515839 s
Time taken for 3-RDM build:        0.1511383 s
Time taken for 3-RDM build:        0.1516235 s
Time taken for 3-RDM build:        0.1519842 s
E_frzc:                          -59.1480236 Eh
E_cas:                           -15.7034833 Eh
E_nuc:                             0.0000000 Eh
E_casci:                         -74.8511626 Eh
E0 (from RDM):                   -74.8511626 Eh
Ecorr:                            -0.3302227 Eh

Timing summary
... Hamil build:                    0.0378909 s
... Hamil diag:                     0.0003986 s
... RDM build:                      5.0866046 s
State     Energy / Eh         Splitting / Eh      Splitting / cm-1    Splitting / meV     
0         -7.4851507e+01      +0.0000000e+00      +0.0000000e+00      +0.0000000e+00      
1         -7.4851507e+01      +6.1121028e-09      +1.3414515e-03      +1.6631887e-04      
2         -7.4851507e+01      +6.8041430e-09      +1.4933368e-03      +1.8515025e-04      
3         -7.4851507e+01      +7.2887616e-09      +1.5996983e-03      +1.9833740e-04      
4         -7.4851507e+01      +9.8173984e-09      +2.1546699e-03      +2.6714515e-04      
5         -7.4850809e+01      +6.9818897e-04      +1.5323477e+02      +1.8998699e+01      
6         -7.4850809e+01      +7.3982278e-09      +1.6237233e-03      +2.0131613e-04      
7         -7.4850809e+01      +7.5923197e-09      +1.6663215e-03      +2.0659764e-04      
8         -7.4850503e+01      +3.0523771e-04      +6.6991933e+01      +8.3059451e+00      
Total time taken:                   5.3054619 s
===============================================

===============================================
            Relativistic DSRG-MRPT3            
===============================================
... compute_energy_pt3_1:      15.0049145 s
... compute_energy_pt2:       0.0844302 s
... compute_energy_pt3_2:      12.0448964 s
... compute_energy_pt3_3:       2.7981236 s
-----------------------------------------------
        DSRG-MRPT3 reference relaxation        
-----------------------------------------------
Iter                          Energy              Delta E   
   -Eref  -74.8511626       
   -Ecorr -0.2125164       
<Psi^(0)|Hbar^(0)|Psi^(0)>    -75.0636790         -7.50637e+01
   -Erelax-0.0000001       
<Psi^(0)|Hbar^(1)|Psi^(0)>    -75.0636791         -5.29878e-08
   -Eref  -74.8511626       
   -Ecorr -0.2125163       
<Psi^(1)|Hbar^(1)|Psi^(1)>    -75.0636789         1.63580e-07
   -Erelax-0.0000000       
<Psi^(1)|Hbar^(2)|Psi^(1)>    -75.0636789         -1.27567e-09
   -Eref  -74.8511626       
   -Ecorr -0.2125163       
<Psi^(2)|Hbar^(2)|Psi^(2)>    -75.0636789         -2.26936e-08
   -Erelax-0.0000000       
<Psi^(2)|Hbar^(3)|Psi^(2)>    -75.0636789         -3.35660e-11
   -Eref  -74.8511626       
   -Ecorr -0.2125163       
<Psi^(3)|Hbar^(3)|Psi^(3)>    -75.0636789         3.76856e-09
   -Erelax-0.0000000       
<Psi^(3)|Hbar^(4)|Psi^(3)>    -75.0636789         -8.95284e-13
Unrelaxed DSRG-MRPT3 energy:               -75.0636790 Eh
Unrelaxed DSRG-MRPT3 E_corr:                -0.2125164 Eh
Partially relaxed DSRG-MRPT3 energy:       -75.0636791 Eh
Partially relaxed DSRG-MRPT3 E_corr:        -0.2125164 Eh
Relaxed DSRG-MRPT3 energy:                 -75.0636789 Eh
Relaxed DSRG-MRPT3 E_corr:                  -0.2125163 Eh
Fully relaxed DSRG-MRPT3 energy:           -75.0636789 Eh
Fully relaxed DSRG-MRPT3 E_corr:            -0.2125163 Eh
State     Energy / Eh         Splitting / Eh      Splitting / cm-1    Splitting / meV     
0         -7.5063978e+01      +0.0000000e+00      +0.0000000e+00      +0.0000000e+00      
1         -7.5063978e+01      +2.7949341e-09      +6.1341712e-04      +7.6054066e-05      
2         -7.5063978e+01      +2.8374387e-09      +6.2274582e-04      +7.7210677e-05      
3         -7.5063978e+01      +2.8493901e-09      +6.2536883e-04      +7.7535890e-05      
4         -7.5063978e+01      +2.8918947e-09      +6.3469752e-04      +7.8692501e-05      
5         -7.5063368e+01      +6.1063076e-04      +1.3401796e+02      +1.6616117e+01      
6         -7.5063368e+01      +2.9865816e-09      +6.5547890e-04      +8.1269065e-05      
7         -7.5063368e+01      +2.7199292e-09      +5.9695545e-04      +7.4013078e-05      
8         -7.5063116e+01      +2.5202908e-04      +5.5313988e+01      +6.8580637e+00      
Time taken:                      174.3165953 s
===============================================
===============================================
              PySCF DHF interface              
===============================================
Will now allocate 796.594 MB memory for the AO ERI tensor!

Timing report
....integral transformation:      52.6060939 s

===============================================
            Relativistic CASCI(7,8)            
===============================================
Will now allocate 0.001 MB memory for the CASCI Hamiltonian!
Time taken for 1-RDM build:        0.0014331 s
Time taken for 1-RDM build:        0.0014408 s
Time taken for 1-RDM build:        0.0014942 s
Time taken for 1-RDM build:        0.0015295 s
Time taken for 1-RDM build:        0.0015137 s
Time taken for 1-RDM build:        0.0014997 s
Time taken for 2-RDM build:        0.0031056 s
Time taken for 2-RDM build:        0.0031145 s
Time taken for 2-RDM build:        0.0030344 s
Time taken for 2-RDM build:        0.0030329 s
Time taken for 2-RDM build:        0.0030353 s
Time taken for 2-RDM build:        0.0030348 s
Time taken for 3-RDM build:        0.0280955 s
Time taken for 3-RDM build:        0.0266700 s
Time taken for 3-RDM build:        0.0265858 s
Time taken for 3-RDM build:        0.0266697 s
Time taken for 3-RDM build:        0.0266619 s
Time taken for 3-RDM build:        0.0266886 s
E_frzc:                          -75.5478008 Eh
E_cas:                           -23.9325131 Eh
E_nuc:                             0.0000000 Eh
E_casci:                         -99.4797328 Eh
E0 (from RDM):                   -99.4797328 Eh
Ecorr:                            -0.1043819 Eh

Timing summary
... Hamil build:                    0.0069199 s
... Hamil diag:                     0.0001709 s
... RDM build:                      3.6731153 s
State     Energy / Eh         Splitting / Eh      Splitting / cm-1    Splitting / meV     
0         -9.9480314e+01      +0.0000000e+00      +0.0000000e+00      +0.0000000e+00      
1         -9.9480314e+01      +2.4031053e-08      +5.2742064e-03      +6.5391856e-04      
2         -9.9480314e+01      +6.9549344e-09      +1.5264317e-03      +1.8925350e-04      
3         -9.9480314e+01      +2.1663141e-08      +4.7545098e-03      +5.8948436e-04      
4         -9.9478571e+01      +1.7431739e-03      +3.8258245e+02      +4.7434202e+01      
5         -9.9478571e+01      +1.6993951e-08      +3.7297411e-03      +4.6242918e-04      
Total time taken:                   3.8593569 s
===============================================

===============================================
            Relativistic DSRG-MRPT3            
===============================================
... compute_energy_pt3_1:      15.4667234 s
... compute_energy_pt2:       0.0893533 s
... compute_energy_pt3_2:      11.9417651 s
... compute_energy_pt3_3:       2.7033720 s
-----------------------------------------------
        DSRG-MRPT3 reference relaxation        
-----------------------------------------------
Iter                          Energy              Delta E   
   -Eref  -99.4797328       
   -Ecorr -0.2668820       
<Psi^(0)|Hbar^(0)|Psi^(0)>    -99.7466148         -9.97466e+01
   -Erelax0.0000000       
<Psi^(0)|Hbar^(1)|Psi^(0)>    -99.7466148         1.42109e-14
   -Eref  -99.4797328       
   -Ecorr -0.2668820       
<Psi^(1)|Hbar^(1)|Psi^(1)>    -99.7466148         1.42109e-14
   -Erelax-0.0000000       
<Psi^(1)|Hbar^(2)|Psi^(1)>    -99.7466148         -2.84217e-14
Unrelaxed DSRG-MRPT3 energy:               -99.7466148 Eh
Unrelaxed DSRG-MRPT3 E_corr:                -0.2668820 Eh
Partially relaxed DSRG-MRPT3 energy:       -99.7466148 Eh
Partially relaxed DSRG-MRPT3 E_corr:        -0.2668820 Eh
Relaxed DSRG-MRPT3 energy:                 -99.7466148 Eh
Relaxed DSRG-MRPT3 E_corr:                  -0.2668820 Eh
Fully relaxed DSRG-MRPT3 energy:           -99.7466148 Eh
Fully relaxed DSRG-MRPT3 E_corr:            -0.2668820 Eh
State     Energy / Eh         Splitting / Eh      Splitting / cm-1    Splitting / meV     
0         -9.9747219e+01      +0.0000000e+00      +0.0000000e+00      +0.0000000e+00      
1         -9.9747219e+01      +1.2518797e-08      +2.7475583e-03      +3.4065397e-04      
2         -9.9747219e+01      +3.3636951e-09      +7.3824574e-04      +9.1530849e-05      
3         -9.9747219e+01      +1.4428821e-08      +3.1667601e-03      +3.9262840e-04      
4         -9.9745407e+01      +1.8117739e-03      +3.9763842e+02      +4.9300904e+01      
5         -9.9745407e+01      +7.4382314e-09      +1.6325031e-03      +2.0240468e-04      
Time taken:                       82.0298929 s
===============================================
===============================================
              PySCF DHF interface              
===============================================
Will now allocate 3.102 GB memory for the AO ERI tensor!

Timing report
....integral transformation:     195.8848221 s

===============================================
            Relativistic CASCI(3,8)            
===============================================
Will now allocate 0.050 MB memory for the CASCI Hamiltonian!
Time taken for 1-RDM build:        0.0216064 s
Time taken for 1-RDM build:        0.0215359 s
Time taken for 1-RDM build:        0.0213463 s
Time taken for 1-RDM build:        0.0214605 s
Time taken for 1-RDM build:        0.0213621 s
Time taken for 1-RDM build:        0.0215776 s
Time taken for 2-RDM build:        0.0832272 s
Time taken for 2-RDM build:        0.0836585 s
Time taken for 2-RDM build:        0.0836916 s
Time taken for 2-RDM build:        0.0838511 s
Time taken for 2-RDM build:        0.0839252 s
Time taken for 2-RDM build:        0.0838301 s
Time taken for 3-RDM build:        0.1869819 s
Time taken for 3-RDM build:        0.1855793 s
Time taken for 3-RDM build:        0.1852856 s
Time taken for 3-RDM build:        0.1860695 s
Time taken for 3-RDM build:        0.1854100 s
Time taken for 3-RDM build:        0.1858976 s
E_frzc:                         -240.4061812 Eh
E_cas:                            -1.8986420 Eh
E_nuc:                             0.0000000 Eh
E_casci:                        -242.3045291 Eh
E0 (from RDM):                  -242.3045291 Eh
Ecorr:                            -0.1899047 Eh

Timing summary
... Hamil build:                    0.0721781 s
... Hamil diag:                     0.0010622 s
... RDM build:                     13.7223465 s
State     Energy / Eh         Splitting / Eh      Splitting / cm-1    Splitting / meV     
0         -2.4230482e+02      +0.0000000e+00      +0.0000000e+00      +0.0000000e+00      
1         -2.4230482e+02      +1.0992665e-09      +2.4126110e-04      +2.9912578e-05      
2         -2.4230438e+02      +4.4107881e-04      +9.6805609e+01      +1.2002372e+01      
3         -2.4230438e+02      +1.0805650e-09      +2.3715660e-04      +2.9403685e-05      
4         -2.4230438e+02      +8.9775654e-10      +1.9703478e-04      +2.4429211e-05      
5         -2.4230438e+02      +3.6629899e-10      +8.0393336e-05      +9.9675080e-06      
Total time taken:                  14.4577670 s
===============================================

===============================================
            Relativistic DSRG-MRPT3            
===============================================
... compute_energy_pt3_1:      63.2009637 s
... compute_energy_pt2:       0.2587614 s
... compute_energy_pt3_2:      49.8000438 s
... compute_energy_pt3_3:      10.5943847 s
-----------------------------------------------
        DSRG-MRPT3 reference relaxation        
-----------------------------------------------
Iter                          Energy              Delta E   
   -Eref  -242.3045291       
   -Ecorr -0.2006382       
<Psi^(0)|Hbar^(0)|Psi^(0)>    -242.5051673        -2.42505e+02
   -Erelax-0.0004497       
<Psi^(0)|Hbar^(1)|Psi^(0)>    -242.5056170        -4.49679e-04
   -Eref  -242.3040872       
   -Ecorr -0.2014796       
<Psi^(1)|Hbar^(1)|Psi^(1)>    -242.5055668        5.02020e-05
   -Erelax-0.0000000       
<Psi^(1)|Hbar^(2)|Psi^(1)>    -242.5055668        -3.68149e-09
   -Eref  -242.3040847       
   -Ecorr -0.2014820       
<Psi^(2)|Hbar^(2)|Psi^(2)>    -242.5055667        1.25624e-07
   -Erelax-0.0000000       
<Psi^(2)|Hbar^(3)|Psi^(2)>    -242.5055667        -2.84217e-14
   -Eref  -242.3040847       
   -Ecorr -0.2014820       
<Psi^(3)|Hbar^(3)|Psi^(3)>    -242.5055667        3.08830e-10
   -Erelax0.0000000       
<Psi^(3)|Hbar^(4)|Psi^(3)>    -242.5055667        0.00000e+00
Unrelaxed DSRG-MRPT3 energy:              -242.5051673 Eh
Unrelaxed DSRG-MRPT3 E_corr:                -0.2006382 Eh
Partially relaxed DSRG-MRPT3 energy:      -242.5056170 Eh
Partially relaxed DSRG-MRPT3 E_corr:        -0.2010879 Eh
Relaxed DSRG-MRPT3 energy:                -242.5055668 Eh
Relaxed DSRG-MRPT3 E_corr:                  -0.2014796 Eh
Fully relaxed DSRG-MRPT3 energy:          -242.5055667 Eh
Fully relaxed DSRG-MRPT3 E_corr:            -0.2014820 Eh
State     Energy / Eh         Splitting / Eh      Splitting / cm-1    Splitting / meV     
0         -2.4250590e+02      +0.0000000e+00      +0.0000000e+00      +0.0000000e+00      
1         -2.4250590e+02      +5.6135718e-10      +1.2320366e-04      +1.5275314e-05      
2         -2.4250540e+02      +5.0427441e-04      +1.1067544e+02      +1.3722012e+01      
3         -2.4250540e+02      +5.2867222e-10      +1.1603014e-04      +1.4385911e-05      
4         -2.4250540e+02      +4.2138026e-10      +9.2482278e-05      +1.1466346e-05      
5         -2.4250540e+02      +2.2785684e-10      +5.0008797e-05      +6.2003035e-06      
Time taken:                      730.5455179 s
===============================================
===============================================
              PySCF DHF interface              
===============================================
Will now allocate 3.102 GB memory for the AO ERI tensor!

Timing report
....integral transformation:     197.1021416 s

===============================================
            Relativistic CASCI(4,8)            
===============================================
Will now allocate 0.078 MB memory for the CASCI Hamiltonian!
Time taken for 1-RDM build:        0.0322118 s
Time taken for 1-RDM build:        0.0321527 s
Time taken for 1-RDM build:        0.0322568 s
Time taken for 1-RDM build:        0.0294232 s
Time taken for 1-RDM build:        0.0286248 s
Time taken for 1-RDM build:        0.0286262 s
Time taken for 1-RDM build:        0.0286610 s
Time taken for 1-RDM build:        0.0285261 s
Time taken for 1-RDM build:        0.0285978 s
Time taken for 2-RDM build:        0.1229758 s
Time taken for 2-RDM build:        0.1225047 s
Time taken for 2-RDM build:        0.1225133 s
Time taken for 2-RDM build:        0.1224079 s
Time taken for 2-RDM build:        0.1225698 s
Time taken for 2-RDM build:        0.1222312 s
Time taken for 2-RDM build:        0.1227524 s
Time taken for 2-RDM build:        0.1229072 s
Time taken for 2-RDM build:        0.1230860 s
Time taken for 3-RDM build:        0.3961146 s
Time taken for 3-RDM build:        0.3947082 s
Time taken for 3-RDM build:        0.3936114 s
Time taken for 3-RDM build:        0.3939126 s
Time taken for 3-RDM build:        0.3941665 s
Time taken for 3-RDM build:        0.3934295 s
Time taken for 3-RDM build:        0.3943043 s
Time taken for 3-RDM build:        0.3933244 s
Time taken for 3-RDM build:        0.3941379 s
E_frzc:                         -285.7423197 Eh
E_cas:                            -3.6921024 Eh
E_nuc:                             0.0000000 Eh
E_casci:                        -289.4337768 Eh
E0 (from RDM):                  -289.4337768 Eh
Ecorr:                            -0.2329780 Eh

Timing summary
... Hamil build:                    0.1128294 s
... Hamil diag:                     0.0019305 s
... RDM build:                     17.1958594 s
State     Energy / Eh         Splitting / Eh      Splitting / cm-1    Splitting / meV     
0         -2.8943442e+02      +0.0000000e+00      +0.0000000e+00      +0.0000000e+00      
1         -2.8943409e+02      +3.3211201e-04      +7.2890160e+01      +9.0372324e+00      
2         -2.8943409e+02      +8.1735152e-10      +1.7938792e-04      +2.2241278e-05      
3         -2.8943409e+02      +8.9210062e-10      +1.9579345e-04      +2.4275306e-05      
4         -2.8943346e+02      +6.3005266e-04      +1.3828057e+02      +1.7144614e+01      
5         -2.8943346e+02      +2.5920599e-10      +5.6889139e-05      +7.0533576e-06      
6         -2.8943346e+02      +7.8654239e-10      +1.7262610e-04      +2.1402919e-05      
7         -2.8943346e+02      +6.1896799e-10      +1.3584777e-04      +1.6842985e-05      
8         -2.8943346e+02      +4.2439297e-10      +9.3143489e-05      +1.1548326e-05      
Total time taken:                  17.9715409 s
===============================================

===============================================
            Relativistic DSRG-MRPT3            
===============================================
... compute_energy_pt3_1:      61.8631268 s
... compute_energy_pt2:       0.2448924 s
... compute_energy_pt3_2:      49.5426025 s
... compute_energy_pt3_3:      10.5097713 s
-----------------------------------------------
        DSRG-MRPT3 reference relaxation        
-----------------------------------------------
Iter                          Energy              Delta E   
   -Eref  -289.4337768       
   -Ecorr -0.2303851       
<Psi^(0)|Hbar^(0)|Psi^(0)>    -289.6641619        -2.89664e+02
   -Erelax-0.0001473       
<Psi^(0)|Hbar^(1)|Psi^(0)>    -289.6643093        -1.47338e-04
   -Eref  -289.4336307       
   -Ecorr -0.2307384       
<Psi^(1)|Hbar^(1)|Psi^(1)>    -289.6643691        -5.97989e-05
   -Erelax-0.0000000       
<Psi^(1)|Hbar^(2)|Psi^(1)>    -289.6643691        -3.97097e-09
   -Eref  -289.4336308       
   -Ecorr -0.2307382       
<Psi^(2)|Hbar^(2)|Psi^(2)>    -289.6643690        5.96846e-08
   -Erelax-0.0000000       
<Psi^(2)|Hbar^(3)|Psi^(2)>    -289.6643690        -3.18323e-11
   -Eref  -289.4336308       
   -Ecorr -0.2307382       
<Psi^(3)|Hbar^(3)|Psi^(3)>    -289.6643690        5.83043e-10
   -Erelax-0.0000000       
<Psi^(3)|Hbar^(4)|Psi^(3)>    -289.6643690        -2.84217e-13
Unrelaxed DSRG-MRPT3 energy:              -289.6641619 Eh
Unrelaxed DSRG-MRPT3 E_corr:                -0.2303851 Eh
Partially relaxed DSRG-MRPT3 energy:      -289.6643093 Eh
Partially relaxed DSRG-MRPT3 E_corr:        -0.2305325 Eh
Relaxed DSRG-MRPT3 energy:                -289.6643691 Eh
Relaxed DSRG-MRPT3 E_corr:                  -0.2307384 Eh
Fully relaxed DSRG-MRPT3 energy:          -289.6643690 Eh
Fully relaxed DSRG-MRPT3 E_corr:            -0.2307382 Eh
State     Energy / Eh         Splitting / Eh      Splitting / cm-1    Splitting / meV     
0         -2.8966511e+02      +0.0000000e+00      +0.0000000e+00      +0.0000000e+00      
1         -2.8966473e+02      +3.8419023e-04      +8.4320008e+01      +1.0454354e+01      
2         -2.8966473e+02      +2.8830982e-10      +6.3276691e-05      +7.8453136e-06      
3         -2.8966473e+02      +2.9166358e-10      +6.4012757e-05      +7.9365741e-06      
4         -2.8966400e+02      +7.2588686e-04      +1.5931375e+02      +1.9752397e+01      
5         -2.8966400e+02      +1.1777956e-10      +2.5849626e-05      +3.2049467e-06      
6         -2.8966400e+02      +2.5056579e-10      +5.4992834e-05      +6.8182457e-06      
7         -2.8966400e+02      +2.4641622e-10      +5.4082109e-05      +6.7053301e-06      
8         -2.8966400e+02      +1.2101964e-10      +2.6560740e-05      +3.2931137e-06      
Time taken:                      740.0592735 s
===============================================
===============================================
              PySCF DHF interface              
===============================================
Will now allocate 3.102 GB memory for the AO ERI tensor!

Timing report
....integral transformation:     196.6734142 s

===============================================
            Relativistic CASCI(5,8)            
===============================================
Will now allocate 0.050 MB memory for the CASCI Hamiltonian!
Time taken for 1-RDM build:        0.0229034 s
Time taken for 1-RDM build:        0.0225623 s
Time taken for 1-RDM build:        0.0226815 s
Time taken for 1-RDM build:        0.0226703 s
Time taken for 1-RDM build:        0.0220273 s
Time taken for 1-RDM build:        0.0214541 s
Time taken for 1-RDM build:        0.0212636 s
Time taken for 1-RDM build:        0.0220771 s
Time taken for 1-RDM build:        0.0215394 s
Time taken for 1-RDM build:        0.0216899 s
Time taken for 1-RDM build:        0.0216677 s
Time taken for 1-RDM build:        0.0214009 s
Time taken for 1-RDM build:        0.0216510 s
Time taken for 1-RDM build:        0.0218911 s
Time taken for 2-RDM build:        0.0891016 s
Time taken for 2-RDM build:        0.0890591 s
Time taken for 2-RDM build:        0.0890412 s
Time taken for 2-RDM build:        0.0889816 s
Time taken for 2-RDM build:        0.0890455 s
Time taken for 2-RDM build:        0.0888364 s
Time taken for 2-RDM build:        0.0891035 s
Time taken for 2-RDM build:        0.0891836 s
Time taken for 2-RDM build:        0.0893154 s
Time taken for 2-RDM build:        0.0891261 s
Time taken for 2-RDM build:        0.0892229 s
Time taken for 2-RDM build:        0.0899000 s
Time taken for 2-RDM build:        0.0891402 s
Time taken for 2-RDM build:        0.0893466 s
Time taken for 3-RDM build:        0.3647940 s
Time taken for 3-RDM build:        0.3646762 s
Time taken for 3-RDM build:        0.3640485 s
Time taken for 3-RDM build:        0.3628981 s
Time taken for 3-RDM build:        0.3636565 s
Time taken for 3-RDM build:        0.3634942 s
Time taken for 3-RDM build:        0.3630624 s
Time taken for 3-RDM build:        0.3638344 s
Time taken for 3-RDM build:        0.3638170 s
Time taken for 3-RDM build:        0.3641937 s
Time taken for 3-RDM build:        0.3639154 s
Time taken for 3-RDM build:        0.3631458 s
Time taken for 3-RDM build:        0.3638630 s
Time taken for 3-RDM build:        0.3647022 s
E_frzc:                         -335.1272672 Eh
E_cas:                            -6.3636403 Eh
E_nuc:                             0.0000000 Eh
E_casci:                        -341.4410664 Eh
E0 (from RDM):                  -341.4410664 Eh
Ecorr:                            -0.2138107 Eh

Timing summary
... Hamil build:                    0.0919614 s
... Hamil diag:                     0.0010943 s
... RDM build:                     18.8595359 s
State     Energy / Eh         Splitting / Eh      Splitting / cm-1    Splitting / meV     
0         -3.4149091e+02      +0.0000000e+00      +0.0000000e+00      +0.0000000e+00      
1         -3.4149091e+02      +3.2849812e-10      +7.2097003e-05      +8.9388933e-06      
2         -3.4149091e+02      +3.2838443e-10      +7.2072051e-05      +8.9357998e-06      
3         -3.4149091e+02      +3.2798653e-10      +7.1984722e-05      +8.9249722e-06      
4         -3.4142117e+02      +6.9735531e-02      +1.5305180e+04      +1.8976014e+03      
5         -3.4142117e+02      +1.5667183e-09      +3.4385492e-04      +4.2632597e-05      
6         -3.4142117e+02      +1.3034196e-09      +2.8606753e-04      +3.5467871e-05      
7         -3.4142117e+02      +1.7383286e-09      +3.8151902e-04      +4.7302353e-05      
8         -3.4142110e+02      +6.9890622e-05      +1.5339218e+01      +1.9018216e+00      
9         -3.4142110e+02      +9.2740038e-10      +2.0354085e-04      +2.5235862e-05      
10        -3.4142110e+02      +9.6150643e-10      +2.1102627e-04      +2.6163935e-05      
11        -3.4142110e+02      +7.5050366e-10      +1.6471651e-04      +2.0422255e-05      
12        -3.4142110e+02      +9.6383701e-10      +2.1153777e-04      +2.6227353e-05      
13        -3.4142110e+02      +1.9558115e-09      +4.2925101e-04      +5.3220367e-05      
Total time taken:                  19.6127200 s
===============================================

===============================================
            Relativistic DSRG-MRPT3            
===============================================
... compute_energy_pt3_1:      61.5347664 s
... compute_energy_pt2:       0.2480526 s
... compute_energy_pt3_2:      49.1545918 s
... compute_energy_pt3_3:      10.5398307 s
-----------------------------------------------
        DSRG-MRPT3 reference relaxation        
-----------------------------------------------
Iter                          Energy              Delta E   
   -Eref  -341.4410664       
   -Ecorr -0.2779243       
<Psi^(0)|Hbar^(0)|Psi^(0)>    -341.7189907        -3.41719e+02
   -Erelax-0.0000017       
<Psi^(0)|Hbar^(1)|Psi^(0)>    -341.7189924        -1.69910e-06
   -Eref  -341.4410652       
   -Ecorr -0.2779276       
<Psi^(1)|Hbar^(1)|Psi^(1)>    -341.7189928        -4.07574e-07
   -Erelax-0.0000000       
<Psi^(1)|Hbar^(2)|Psi^(1)>    -341.7189928        -1.70240e-09
   -Eref  -341.4410652       
   -Ecorr -0.2779277       
<Psi^(2)|Hbar^(2)|Psi^(2)>    -341.7189928        -6.60435e-09
   -Erelax-0.0000000       
<Psi^(2)|Hbar^(3)|Psi^(2)>    -341.7189928        -4.14957e-12
Unrelaxed DSRG-MRPT3 energy:              -341.7189907 Eh
Unrelaxed DSRG-MRPT3 E_corr:                -0.2779243 Eh
Partially relaxed DSRG-MRPT3 energy:      -341.7189924 Eh
Partially relaxed DSRG-MRPT3 E_corr:        -0.2779260 Eh
Relaxed DSRG-MRPT3 energy:                -341.7189928 Eh
Relaxed DSRG-MRPT3 E_corr:                  -0.2779276 Eh
Fully relaxed DSRG-MRPT3 energy:          -341.7189928 Eh
Fully relaxed DSRG-MRPT3 E_corr:            -0.2779277 Eh
State     Energy / Eh         Splitting / Eh      Splitting / cm-1    Splitting / meV     
0         -3.4175814e+02      +0.0000000e+00      +0.0000000e+00      +0.0000000e+00      
1         -3.4175814e+02      +1.6683543e-10      +3.6616145e-05      +4.5398256e-06      
2         -3.4175814e+02      +1.6683543e-10      +3.6616145e-05      +4.5398256e-06      
3         -3.4175814e+02      +1.6689228e-10      +3.6628621e-05      +4.5413724e-06      
4         -3.4170338e+02      +5.4757411e-02      +1.2017862e+04      +1.4900258e+03      
5         -3.4170338e+02      +1.8798119e-10      +4.1257101e-05      +5.1152311e-06      
6         -3.4170338e+02      +1.4313173e-10      +3.1413783e-05      +3.8948146e-06      
7         -3.4170338e+02      +2.1873348e-10      +4.8006449e-05      +5.9520439e-06      
8         -3.4170331e+02      +7.2622110e-05      +1.5938711e+01      +1.9761492e+00      
9         -3.4170331e+02      +1.0612666e-10      +2.3292110e-05      +2.8878550e-06      
10        -3.4170331e+02      +9.8623332e-11      +2.1645319e-05      +2.6836788e-06      
11        -3.4170331e+02      +8.6515684e-11      +1.8987998e-05      +2.3542128e-06      
12        -3.4170331e+02      +1.3687895e-10      +3.0041457e-05      +3.7246678e-06      
13        -3.4170331e+02      +1.5046453e-10      +3.3023147e-05      +4.0943504e-06      
Time taken:                      544.9300346 s
===============================================
===============================================
              PySCF DHF interface              
===============================================
Will now allocate 3.102 GB memory for the AO ERI tensor!

Timing report
....integral transformation:     198.8756874 s

===============================================
            Relativistic CASCI(6,8)            
===============================================
Will now allocate 0.013 MB memory for the CASCI Hamiltonian!
Time taken for 1-RDM build:        0.0083740 s
Time taken for 1-RDM build:        0.0086222 s
Time taken for 1-RDM build:        0.0083787 s
Time taken for 1-RDM build:        0.0083878 s
Time taken for 1-RDM build:        0.0083690 s
Time taken for 1-RDM build:        0.0084999 s
Time taken for 1-RDM build:        0.0083616 s
Time taken for 1-RDM build:        0.0088100 s
Time taken for 1-RDM build:        0.0083911 s
Time taken for 2-RDM build:        0.0286760 s
Time taken for 2-RDM build:        0.0286779 s
Time taken for 2-RDM build:        0.0286834 s
Time taken for 2-RDM build:        0.0286193 s
Time taken for 2-RDM build:        0.0286024 s
Time taken for 2-RDM build:        0.0286381 s
Time taken for 2-RDM build:        0.0286322 s
Time taken for 2-RDM build:        0.0286577 s
Time taken for 2-RDM build:        0.0287766 s
Time taken for 3-RDM build:        0.1537280 s
Time taken for 3-RDM build:        0.1518722 s
Time taken for 3-RDM build:        0.1521549 s
Time taken for 3-RDM build:        0.1519969 s
Time taken for 3-RDM build:        0.1524651 s
Time taken for 3-RDM build:        0.1522503 s
Time taken for 3-RDM build:        0.1518328 s
Time taken for 3-RDM build:        0.1519690 s
Time taken for 3-RDM build:        0.1517642 s
E_frzc:                         -388.5675376 Eh
E_cas:                            -9.9659359 Eh
E_nuc:                             0.0000000 Eh
E_casci:                        -398.5325748 Eh
E0 (from RDM):                  -398.5325748 Eh
Ecorr:                            -0.1603097 Eh

Timing summary
... Hamil build:                    0.0374060 s
... Hamil diag:                     0.0004275 s
... RDM build:                     13.8968735 s
State     Energy / Eh         Splitting / Eh      Splitting / cm-1    Splitting / meV     
0         -3.9853347e+02      +0.0000000e+00      +0.0000000e+00      +0.0000000e+00      
1         -3.9853347e+02      +5.6296585e-09      +1.2355672e-03      +1.5319088e-04      
2         -3.9853347e+02      +5.9783360e-09      +1.3120931e-03      +1.6267889e-04      
3         -3.9853347e+02      +5.6479053e-09      +1.2395719e-03      +1.5368740e-04      
4         -3.9853347e+02      +5.6580234e-09      +1.2417926e-03      +1.5396273e-04      
5         -3.9853166e+02      +1.8163270e-03      +3.9863770e+02      +4.9424800e+01      
6         -3.9853166e+02      +3.5533390e-09      +7.7986775e-04      +9.6691324e-05      
7         -3.9853166e+02      +3.5755647e-09      +7.8474575e-04      +9.7296119e-05      
8         -3.9853083e+02      +8.2294816e-04      +1.8061624e+02      +2.2393571e+01      
Total time taken:                  14.6073976 s
===============================================

===============================================
            Relativistic DSRG-MRPT3            
===============================================
... compute_energy_pt3_1:      63.1201322 s
... compute_energy_pt2:       0.2572656 s
... compute_energy_pt3_2:      49.8475368 s
... compute_energy_pt3_3:      11.8115559 s
-----------------------------------------------
        DSRG-MRPT3 reference relaxation        
-----------------------------------------------
Iter                          Energy              Delta E   
   -Eref  -398.5325748       
   -Ecorr -0.3165484       
<Psi^(0)|Hbar^(0)|Psi^(0)>    -398.8491232        -3.98849e+02
   -Erelax-0.0000003       
<Psi^(0)|Hbar^(1)|Psi^(0)>    -398.8491235        -3.03731e-07
   -Eref  -398.5325745       
   -Ecorr -0.3165492       
<Psi^(1)|Hbar^(1)|Psi^(1)>    -398.8491237        -2.13936e-07
   -Erelax-0.0000000       
<Psi^(1)|Hbar^(2)|Psi^(1)>    -398.8491237        -1.55978e-10
   -Eref  -398.5325745       
   -Ecorr -0.3165492       
<Psi^(2)|Hbar^(2)|Psi^(2)>    -398.8491237        1.29177e-08
   -Erelax-0.0000000       
<Psi^(2)|Hbar^(3)|Psi^(2)>    -398.8491237        -8.52651e-13
   -Eref  -398.5325745       
   -Ecorr -0.3165492       
<Psi^(3)|Hbar^(3)|Psi^(3)>    -398.8491237        -9.51275e-10
   -Erelax-0.0000000       
<Psi^(3)|Hbar^(4)|Psi^(3)>    -398.8491237        0.00000e+00
Unrelaxed DSRG-MRPT3 energy:              -398.8491232 Eh
Unrelaxed DSRG-MRPT3 E_corr:                -0.3165484 Eh
Partially relaxed DSRG-MRPT3 energy:      -398.8491235 Eh
Partially relaxed DSRG-MRPT3 E_corr:        -0.3165487 Eh
Relaxed DSRG-MRPT3 energy:                -398.8491237 Eh
Relaxed DSRG-MRPT3 E_corr:                  -0.3165492 Eh
Fully relaxed DSRG-MRPT3 energy:          -398.8491237 Eh
Fully relaxed DSRG-MRPT3 E_corr:            -0.3165492 Eh
State     Energy / Eh         Splitting / Eh      Splitting / cm-1    Splitting / meV     
0         -3.9884995e+02      +0.0000000e+00      +0.0000000e+00      +0.0000000e+00      
1         -3.9884995e+02      +7.1082695e-10      +1.5600848e-04      +1.9342596e-05      
2         -3.9884995e+02      +4.0256509e-10      +8.8352825e-05      +1.0954359e-05      
3         -3.9884995e+02      +3.4265213e-10      +7.5203449e-05      +9.3240438e-06      
4         -3.9884995e+02      +4.5764637e-10      +1.0044177e-04      +1.2453198e-05      
5         -3.9884828e+02      +1.6637728e-03      +3.6515592e+02      +4.5273585e+01      
6         -3.9884828e+02      +4.1427484e-10      +9.0922816e-05      +1.1272998e-05      
7         -3.9884828e+02      +4.7242565e-10      +1.0368545e-04      +1.2855363e-05      
8         -3.9884753e+02      +7.5828177e-04      +1.6642361e+02      +2.0633908e+01      
Time taken:                      730.7888014 s
===============================================
===============================================
              PySCF DHF interface              
===============================================
Will now allocate 3.102 GB memory for the AO ERI tensor!

Timing report
....integral transformation:     202.1435375 s

===============================================
            Relativistic CASCI(7,8)            
===============================================
Will now allocate 0.001 MB memory for the CASCI Hamiltonian!
Time taken for 1-RDM build:        0.0014255 s
Time taken for 1-RDM build:        0.0014169 s
Time taken for 1-RDM build:        0.0014114 s
Time taken for 1-RDM build:        0.0014095 s
Time taken for 1-RDM build:        0.0014141 s
Time taken for 1-RDM build:        0.0014126 s
Time taken for 2-RDM build:        0.0030687 s
Time taken for 2-RDM build:        0.0030251 s
Time taken for 2-RDM build:        0.0030534 s
Time taken for 2-RDM build:        0.0030198 s
Time taken for 2-RDM build:        0.0030107 s
Time taken for 2-RDM build:        0.0030203 s
Time taken for 3-RDM build:        0.0277734 s
Time taken for 3-RDM build:        0.0265930 s
Time taken for 3-RDM build:        0.0266340 s
Time taken for 3-RDM build:        0.0266545 s
Time taken for 3-RDM build:        0.0266502 s
Time taken for 3-RDM build:        0.0266335 s
E_frzc:                         -446.0682972 Eh
E_cas:                           -14.7582517 Eh
E_nuc:                             0.0000000 Eh
E_casci:                        -460.8252020 Eh
E0 (from RDM):                  -460.8252020 Eh
Ecorr:                             0.0013470 Eh

Timing summary
... Hamil build:                    0.0075901 s
... Hamil diag:                     0.0001791 s
... RDM build:                     12.2549911 s
State     Energy / Eh         Splitting / Eh      Splitting / cm-1    Splitting / meV     
0         -4.6082655e+02      +0.0000000e+00      +0.0000000e+00      +0.0000000e+00      
1         -4.6082655e+02      +1.2022326e-08      +2.6385956e-03      +3.2714432e-04      
2         -4.6082655e+02      +5.7600573e-09      +1.2641864e-03      +1.5673922e-04      
3         -4.6082655e+02      +1.1622035e-08      +2.5507418e-03      +3.1625183e-04      
4         -4.6082251e+02      +4.0408198e-03      +8.8685742e+02      +1.0995636e+02      
5         -4.6082251e+02      +2.0031848e-08      +4.3964825e-03      +5.4509461e-04      
Total time taken:                  12.9212089 s
===============================================

===============================================
            Relativistic DSRG-MRPT3            
===============================================
... compute_energy_pt3_1:      62.5756006 s
... compute_energy_pt2:       0.2563403 s
... compute_energy_pt3_2:      49.0113091 s
... compute_energy_pt3_3:      10.5488265 s
-----------------------------------------------
        DSRG-MRPT3 reference relaxation        
-----------------------------------------------
Iter                          Energy              Delta E   
   -Eref  -460.8252020       
   -Ecorr -0.3608239       
<Psi^(0)|Hbar^(0)|Psi^(0)>    -461.1860259        -4.61186e+02
   -Erelax0.0000000       
<Psi^(0)|Hbar^(1)|Psi^(0)>    -461.1860259        0.00000e+00
   -Eref  -460.8252020       
   -Ecorr -0.3608239       
<Psi^(1)|Hbar^(1)|Psi^(1)>    -461.1860259        1.70530e-13
   -Erelax0.0000000       
<Psi^(1)|Hbar^(2)|Psi^(1)>    -461.1860259        0.00000e+00
Unrelaxed DSRG-MRPT3 energy:              -461.1860259 Eh
Unrelaxed DSRG-MRPT3 E_corr:                -0.3608239 Eh
Partially relaxed DSRG-MRPT3 energy:      -461.1860259 Eh
Partially relaxed DSRG-MRPT3 E_corr:        -0.3608239 Eh
Relaxed DSRG-MRPT3 energy:                -461.1860259 Eh
Relaxed DSRG-MRPT3 E_corr:                  -0.3608239 Eh
Fully relaxed DSRG-MRPT3 energy:          -461.1860259 Eh
Fully relaxed DSRG-MRPT3 E_corr:            -0.3608239 Eh
State     Energy / Eh         Splitting / Eh      Splitting / cm-1    Splitting / meV     
0         -4.6118736e+02      +0.0000000e+00      +0.0000000e+00      +0.0000000e+00      
1         -4.6118736e+02      +1.0068106e-09      +2.2096939e-04      +2.7396726e-05      
2         -4.6118736e+02      +9.8333430e-10      +2.1581693e-04      +2.6757902e-05      
3         -4.6118736e+02      +9.8776809e-10      +2.1679004e-04      +2.6878552e-05      
4         -4.6118336e+02      +3.9917093e-03      +8.7607893e+02      +1.0862000e+02      
5         -4.6118336e+02      +1.7166712e-09      +3.7676579e-04      +4.6713026e-05      
Time taken:                      349.9724510 s
===============================================
===============================================
              PySCF DHF interface              
===============================================
Will now allocate 38.863 GB memory for the AO ERI tensor!

Timing report
....integral transformation:    1008.5685246 s

===============================================
            Relativistic CASCI(3,8)            
===============================================
Will now allocate 0.050 MB memory for the CASCI Hamiltonian!
Time taken for 1-RDM build:        0.0056617 s
Time taken for 1-RDM build:        0.0056403 s
Time taken for 1-RDM build:        0.0056000 s
Time taken for 1-RDM build:        0.0056102 s
Time taken for 1-RDM build:        0.0056310 s
Time taken for 1-RDM build:        0.0056050 s
Time taken for 2-RDM build:        0.0231073 s
Time taken for 2-RDM build:        0.0230548 s
Time taken for 2-RDM build:        0.0230441 s
Time taken for 2-RDM build:        0.0230656 s
Time taken for 2-RDM build:        0.0230432 s
Time taken for 2-RDM build:        0.0230432 s
Time taken for 3-RDM build:        0.0656312 s
Time taken for 3-RDM build:        0.0640688 s
Time taken for 3-RDM build:        0.0641563 s
Time taken for 3-RDM build:        0.0639381 s
Time taken for 3-RDM build:        0.0640585 s
Time taken for 3-RDM build:        0.0640566 s
E_frzc:                        -1939.7138290 Eh
E_cas:                            -2.0100161 Eh
E_nuc:                             0.0000000 Eh
E_casci:                       -1941.7217616 Eh
E0 (from RDM):                 -1941.7217616 Eh
Ecorr:                            -0.1944870 Eh

Timing summary
... Hamil build:                    0.0201888 s
... Hamil diag:                     0.0011823 s
... RDM build:                     45.2334633 s
State     Energy / Eh         Splitting / Eh      Splitting / cm-1    Splitting / meV     
0         -1.9417238e+03      +0.0000000e+00      +0.0000000e+00      +0.0000000e+00      
1         -1.9417238e+03      +1.0702479e-09      +2.3489226e-04      +2.9122942e-05      
2         -1.9417207e+03      +3.1252750e-03      +6.8591858e+02      +8.5043106e+01      
3         -1.9417207e+03      +1.1004886e-09      +2.4152933e-04      +2.9945834e-05      
4         -1.9417207e+03      +9.5178621e-10      +2.0889293e-04      +2.5899434e-05      
5         -1.9417207e+03      +6.4619599e-10      +1.4182362e-04      +1.7583897e-05      
Total time taken:                  48.9075162 s
===============================================

===============================================
            Relativistic DSRG-MRPT3            
===============================================
... compute_energy_pt3_1:     419.8691144 s
... compute_energy_pt2:       1.2205615 s
... compute_energy_pt3_2:     366.1814442 s
... compute_energy_pt3_3:     105.4306221 s
-----------------------------------------------
        DSRG-MRPT3 reference relaxation        
-----------------------------------------------
Iter                          Energy              Delta E   
   -Eref  -1941.7217616       
   -Ecorr -0.8329341       
<Psi^(0)|Hbar^(0)|Psi^(0)>    -1942.5546957       -1.94255e+03
   -Erelax-0.0004446       
<Psi^(0)|Hbar^(1)|Psi^(0)>    -1942.5551404       -4.44643e-04
   -Eref  -1941.7213287       
   -Ecorr -0.8338256       
<Psi^(1)|Hbar^(1)|Psi^(1)>    -1942.5551543       -1.39600e-05
   -Erelax-0.0000000       
<Psi^(1)|Hbar^(2)|Psi^(1)>    -1942.5551543       -1.11413e-11
   -Eref  -1941.7213287       
   -Ecorr -0.8338257       
<Psi^(2)|Hbar^(2)|Psi^(2)>    -1942.5551543       -5.27962e-10
   -Erelax-0.0000000       
<Psi^(2)|Hbar^(3)|Psi^(2)>    -1942.5551543       0.00000e+00
Unrelaxed DSRG-MRPT3 energy:             -1942.5546957 Eh
Unrelaxed DSRG-MRPT3 E_corr:                -0.8329341 Eh
Partially relaxed DSRG-MRPT3 energy:     -1942.5551404 Eh
Partially relaxed DSRG-MRPT3 E_corr:        -0.8333787 Eh
Relaxed DSRG-MRPT3 energy:               -1942.5551543 Eh
Relaxed DSRG-MRPT3 E_corr:                  -0.8338256 Eh
Fully relaxed DSRG-MRPT3 energy:         -1942.5551543 Eh
Fully relaxed DSRG-MRPT3 E_corr:            -0.8338257 Eh
State     Energy / Eh         Splitting / Eh      Splitting / cm-1    Splitting / meV     
0         -1.9425576e+03      +0.0000000e+00      +0.0000000e+00      +0.0000000e+00      
1         -1.9425576e+03      +4.2336978e-10      +9.2918927e-05      +1.1520484e-05      
2         -1.9425539e+03      +3.6296393e-03      +7.9661373e+02      +9.8767562e+01      
3         -1.9425539e+03      +4.2336978e-10      +9.2918927e-05      +1.1520484e-05      
4         -1.9425539e+03      +3.9040060e-10      +8.5683027e-05      +1.0623347e-05      
5         -1.9425539e+03      +2.7353053e-10      +6.0033012e-05      +7.4431484e-06      
Time taken:                     3336.1439705 s
===============================================
===============================================
              PySCF DHF interface              
===============================================
Will now allocate 38.863 GB memory for the AO ERI tensor!

Timing report
....integral transformation:    1030.6174140 s

===============================================
            Relativistic CASCI(4,8)            
===============================================
Will now allocate 0.078 MB memory for the CASCI Hamiltonian!
Time taken for 1-RDM build:        0.0095615 s
Time taken for 1-RDM build:        0.0092118 s
Time taken for 1-RDM build:        0.0092251 s
Time taken for 1-RDM build:        0.0092158 s
Time taken for 1-RDM build:        0.0092151 s
Time taken for 1-RDM build:        0.0090518 s
Time taken for 1-RDM build:        0.0091932 s
Time taken for 1-RDM build:        0.0092638 s
Time taken for 1-RDM build:        0.0092454 s
Time taken for 2-RDM build:        0.0349033 s
Time taken for 2-RDM build:        0.0347924 s
Time taken for 2-RDM build:        0.0348439 s
Time taken for 2-RDM build:        0.0348144 s
Time taken for 2-RDM build:        0.0347905 s
Time taken for 2-RDM build:        0.0348189 s
Time taken for 2-RDM build:        0.0347924 s
Time taken for 2-RDM build:        0.0347679 s
Time taken for 2-RDM build:        0.0347867 s
Time taken for 3-RDM build:        0.1522329 s
Time taken for 3-RDM build:        0.1506252 s
Time taken for 3-RDM build:        0.1506805 s
Time taken for 3-RDM build:        0.1506104 s
Time taken for 3-RDM build:        0.1508107 s
Time taken for 3-RDM build:        0.1512144 s
Time taken for 3-RDM build:        0.1508815 s
Time taken for 3-RDM build:        0.1509550 s
Time taken for 3-RDM build:        0.1506796 s
E_frzc:                        -2092.8592106 Eh
E_cas:                            -3.6862998 Eh
E_nuc:                             0.0000000 Eh
E_casci:                       -2096.5413860 Eh
E0 (from RDM):                 -2096.5413860 Eh
Ecorr:                            -0.2153364 Eh

Timing summary
... Hamil build:                    0.0264447 s
... Hamil diag:                     0.0011647 s
... RDM build:                     42.1407132 s
State     Energy / Eh         Splitting / Eh      Splitting / cm-1    Splitting / meV     
0         -2.0965455e+03      +0.0000000e+00      +0.0000000e+00      +0.0000000e+00      
1         -2.0965432e+03      +2.3344184e-03      +5.1234561e+02      +6.3522789e+01      
2         -2.0965432e+03      +6.4164851e-10      +1.4082557e-04      +1.7460154e-05      
3         -2.0965432e+03      +5.3205440e-10      +1.1677244e-04      +1.4477945e-05      
4         -2.0965395e+03      +3.6890520e-03      +8.0965333e+02      +1.0038427e+02      
5         -2.0965395e+03      +9.3723429e-10      +2.0569915e-04      +2.5503456e-05      
6         -2.0965395e+03      +1.0586518e-09      +2.3234722e-04      +2.8807397e-05      
7         -2.0965395e+03      +1.1709744e-09      +2.5699918e-04      +3.1863852e-05      
8         -2.0965395e+03      +1.0372787e-09      +2.2765636e-04      +2.8225805e-05      
Total time taken:                  45.8401225 s
===============================================

===============================================
            Relativistic DSRG-MRPT3            
===============================================
... compute_energy_pt3_1:     411.6402879 s
... compute_energy_pt2:       1.1555598 s
... compute_energy_pt3_2:     355.8450847 s
... compute_energy_pt3_3:      98.8327215 s
-----------------------------------------------
        DSRG-MRPT3 reference relaxation        
-----------------------------------------------
Iter                          Energy              Delta E   
   -Eref  -2096.5413860       
   -Ecorr -0.8513763       
<Psi^(0)|Hbar^(0)|Psi^(0)>    -2097.3927623       -2.09739e+03
   -Erelax-0.0001347       
<Psi^(0)|Hbar^(1)|Psi^(0)>    -2097.3928970       -1.34709e-04
   -Eref  -2096.5412479       
   -Ecorr -0.8517026       
<Psi^(1)|Hbar^(1)|Psi^(1)>    -2097.3929505       -5.34992e-05
   -Erelax-0.0000001       
<Psi^(1)|Hbar^(2)|Psi^(1)>    -2097.3929505       -7.51538e-08
   -Eref  -2096.5412453       
   -Ecorr -0.8517051       
<Psi^(2)|Hbar^(2)|Psi^(2)>    -2097.3929505       5.52886e-08
   -Erelax-0.0000000       
<Psi^(2)|Hbar^(3)|Psi^(2)>    -2097.3929505       -3.72438e-10
   -Eref  -2096.5412451       
   -Ecorr -0.8517053       
<Psi^(3)|Hbar^(3)|Psi^(3)>    -2097.3929505       7.06677e-10
   -Erelax-0.0000000       
<Psi^(3)|Hbar^(4)|Psi^(3)>    -2097.3929505       -1.81899e-12
Unrelaxed DSRG-MRPT3 energy:             -2097.3927623 Eh
Unrelaxed DSRG-MRPT3 E_corr:                -0.8513763 Eh
Partially relaxed DSRG-MRPT3 energy:     -2097.3928970 Eh
Partially relaxed DSRG-MRPT3 E_corr:        -0.8515110 Eh
Relaxed DSRG-MRPT3 energy:               -2097.3929505 Eh
Relaxed DSRG-MRPT3 E_corr:                  -0.8517026 Eh
Fully relaxed DSRG-MRPT3 energy:         -2097.3929505 Eh
Fully relaxed DSRG-MRPT3 E_corr:            -0.8517053 Eh
State     Energy / Eh         Splitting / Eh      Splitting / cm-1    Splitting / meV     
0         -2.0973975e+03      +0.0000000e+00      +0.0000000e+00      +0.0000000e+00      
1         -2.0973949e+03      +2.6356899e-03      +5.7846706e+02      +7.1720809e+01      
2         -2.0973949e+03      +1.7826096e-10      +3.9123759e-05      +4.8507302e-06      
3         -2.0973949e+03      +1.6416379e-10      +3.6029788e-05      +4.4671265e-06      
4         -2.0973909e+03      +4.0496276e-03      +8.8879053e+02      +1.1019603e+02      
5         -2.0973909e+03      +2.2373570e-10      +4.9104309e-05      +6.0881613e-06      
6         -2.0973909e+03      +2.5693225e-10      +5.6390111e-05      +6.9914861e-06      
7         -2.0973909e+03      +2.5374902e-10      +5.5691473e-05      +6.9048659e-06      
8         -2.0973909e+03      +2.1782398e-10      +4.7806838e-05      +5.9272953e-06      
Time taken:                     4403.5410898 s
===============================================
===============================================
              PySCF DHF interface              
===============================================
Will now allocate 38.863 GB memory for the AO ERI tensor!

Timing report
....integral transformation:     998.1246734 s

===============================================
            Relativistic CASCI(5,8)            
===============================================
Will now allocate 0.050 MB memory for the CASCI Hamiltonian!
Time taken for 1-RDM build:        0.0057201 s
Time taken for 1-RDM build:        0.0057211 s
Time taken for 1-RDM build:        0.0057242 s
Time taken for 1-RDM build:        0.0057030 s
Time taken for 1-RDM build:        0.0057099 s
Time taken for 1-RDM build:        0.0056825 s
Time taken for 1-RDM build:        0.0056944 s
Time taken for 1-RDM build:        0.0057034 s
Time taken for 1-RDM build:        0.0057187 s
Time taken for 1-RDM build:        0.0056894 s
Time taken for 1-RDM build:        0.0056987 s
Time taken for 1-RDM build:        0.0056789 s
Time taken for 1-RDM build:        0.0056999 s
Time taken for 1-RDM build:        0.0056970 s
Time taken for 2-RDM build:        0.0256460 s
Time taken for 2-RDM build:        0.0255315 s
Time taken for 2-RDM build:        0.0254972 s
Time taken for 2-RDM build:        0.0255356 s
Time taken for 2-RDM build:        0.0255077 s
Time taken for 2-RDM build:        0.0255029 s
Time taken for 2-RDM build:        0.0255966 s
Time taken for 2-RDM build:        0.0255592 s
Time taken for 2-RDM build:        0.0255809 s
Time taken for 2-RDM build:        0.0255363 s
Time taken for 2-RDM build:        0.0255377 s
Time taken for 2-RDM build:        0.0255446 s
Time taken for 2-RDM build:        0.0255396 s
Time taken for 2-RDM build:        0.0255020 s
Time taken for 3-RDM build:        0.1513586 s
Time taken for 3-RDM build:        0.1493745 s
Time taken for 3-RDM build:        0.1493294 s
Time taken for 3-RDM build:        0.1495595 s
Time taken for 3-RDM build:        0.1492414 s
Time taken for 3-RDM build:        0.1490998 s
Time taken for 3-RDM build:        0.1488905 s
Time taken for 3-RDM build:        0.1487811 s
Time taken for 3-RDM build:        0.1488056 s
Time taken for 3-RDM build:        0.1488080 s
Time taken for 3-RDM build:        0.1488633 s
Time taken for 3-RDM build:        0.1486776 s
Time taken for 3-RDM build:        0.1488137 s
Time taken for 3-RDM build:        0.1487713 s
E_frzc:                        -2252.3726240 Eh
E_cas:                            -6.0718308 Eh
E_nuc:                             0.0000000 Eh
E_casci:                       -2258.3972569 Eh
E0 (from RDM):                 -2258.3972569 Eh
Ecorr:                            -0.0178409 Eh

Timing summary
... Hamil build:                    0.0217528 s
... Hamil diag:                     0.0005858 s
... RDM build:                     49.6532073 s
State     Energy / Eh         Splitting / Eh      Splitting / cm-1    Splitting / meV     
0         -2.2584445e+03      +0.0000000e+00      +0.0000000e+00      +0.0000000e+00      
1         -2.2584445e+03      +5.2432370e-10      +1.1507575e-04      +1.4267581e-05      
2         -2.2584445e+03      +5.2705218e-10      +1.1567458e-04      +1.4341827e-05      
3         -2.2584445e+03      +5.1386451e-10      +1.1278022e-04      +1.3982972e-05      
4         -2.2583793e+03      +6.5107933e-02      +1.4289540e+04      +1.7716780e+03      
5         -2.2583793e+03      +9.2859409e-10      +2.0380284e-04      +2.5268344e-05      
6         -2.2583793e+03      +1.1159500e-09      +2.4492271e-04      +3.0366561e-05      
7         -2.2583793e+03      +5.1250026e-10      +1.1248081e-04      +1.3945849e-05      
8         -2.2583777e+03      +1.6153755e-03      +3.5453394e+02      +4.3956628e+01      
9         -2.2583777e+03      +7.5033313e-10      +1.6467909e-04      +2.0417614e-05      
10        -2.2583777e+03      +4.8839865e-10      +1.0719111e-04      +1.3290011e-05      
11        -2.2583777e+03      +1.4611032e-09      +3.2067509e-04      +3.9758663e-05      
12        -2.2583777e+03      +1.6329977e-09      +3.5840157e-04      +4.4436153e-05      
13        -2.2583777e+03      +6.3982952e-10      +1.4042635e-04      +1.7410656e-05      
Total time taken:                  53.3395290 s
===============================================

===============================================
            Relativistic DSRG-MRPT3            
===============================================
... compute_energy_pt3_1:     417.1580706 s
... compute_energy_pt2:       1.1766095 s
... compute_energy_pt3_2:     354.8625083 s
... compute_energy_pt3_3:      94.0494161 s
-----------------------------------------------
        DSRG-MRPT3 reference relaxation        
-----------------------------------------------
Iter                          Energy              Delta E   
   -Eref  -2258.3972569       
   -Ecorr -0.8834876       
<Psi^(0)|Hbar^(0)|Psi^(0)>    -2259.2807444       -2.25928e+03
   -Erelax-0.0000226       
<Psi^(0)|Hbar^(1)|Psi^(0)>    -2259.2807670       -2.25794e-05
   -Eref  -2258.3972391       
   -Ecorr -0.8835312       
<Psi^(1)|Hbar^(1)|Psi^(1)>    -2259.2807703       -3.27045e-06
   -Erelax-0.0000000       
<Psi^(1)|Hbar^(2)|Psi^(1)>    -2259.2807703       -4.82441e-09
   -Eref  -2258.3972388       
   -Ecorr -0.8835315       
<Psi^(2)|Hbar^(2)|Psi^(2)>    -2259.2807703       5.40103e-09
   -Erelax-0.0000000       
<Psi^(2)|Hbar^(3)|Psi^(2)>    -2259.2807703       -3.63798e-12
Unrelaxed DSRG-MRPT3 energy:             -2259.2807444 Eh
Unrelaxed DSRG-MRPT3 E_corr:                -0.8834876 Eh
Partially relaxed DSRG-MRPT3 energy:     -2259.2807670 Eh
Partially relaxed DSRG-MRPT3 E_corr:        -0.8835102 Eh
Relaxed DSRG-MRPT3 energy:               -2259.2807703 Eh
Relaxed DSRG-MRPT3 E_corr:                  -0.8835312 Eh
Fully relaxed DSRG-MRPT3 energy:         -2259.2807703 Eh
Fully relaxed DSRG-MRPT3 E_corr:            -0.8835315 Eh
State     Energy / Eh         Splitting / Eh      Splitting / cm-1    Splitting / meV     
0         -2.2593185e+03      +0.0000000e+00      +0.0000000e+00      +0.0000000e+00      
1         -2.2593185e+03      +1.6279955e-10      +3.5730371e-05      +4.4300036e-06      
2         -2.2593185e+03      +1.6689228e-10      +3.6628621e-05      +4.5413724e-06      
3         -2.2593185e+03      +1.6143531e-10      +3.5430955e-05      +4.3928806e-06      
4         -2.2592665e+03      +5.2031408e-02      +1.1419574e+04      +1.4158474e+03      
5         -2.2592665e+03      +7.6852302e-11      +1.6867131e-05      +2.0912587e-06      
6         -2.2592665e+03      +1.1732482e-10      +2.5749821e-05      +3.1925724e-06      
7         -2.2592665e+03      +1.0959411e-10      +2.4053127e-05      +2.9822091e-06      
8         -2.2592651e+03      +1.4165013e-03      +3.1088610e+02      +3.8544983e+01      
9         -2.2592651e+03      +1.2278178e-10      +2.6947487e-05      +3.3410641e-06      
10        -2.2592651e+03      +2.5465852e-11      +5.5891084e-06      +6.9296145e-07      
11        -2.2592651e+03      +1.8326318e-10      +4.0221619e-05      +4.9868476e-06      
12        -2.2592651e+03      +1.5552359e-10      +3.4133483e-05      +4.2320146e-06      
13        -2.2592651e+03      +7.2304829e-11      +1.5869076e-05      +1.9675155e-06      
Time taken:                     3257.6229959 s
===============================================
===============================================
              PySCF DHF interface              
===============================================
Will now allocate 38.863 GB memory for the AO ERI tensor!

Timing report
....integral transformation:    1013.5974398 s

===============================================
            Relativistic CASCI(6,8)            
===============================================
Will now allocate 0.013 MB memory for the CASCI Hamiltonian!
Time taken for 1-RDM build:        0.0022044 s
Time taken for 1-RDM build:        0.0021875 s
Time taken for 1-RDM build:        0.0021901 s
Time taken for 1-RDM build:        0.0021834 s
Time taken for 1-RDM build:        0.0021844 s
Time taken for 1-RDM build:        0.0021954 s
Time taken for 1-RDM build:        0.0021758 s
Time taken for 1-RDM build:        0.0021648 s
Time taken for 1-RDM build:        0.0021794 s
Time taken for 2-RDM build:        0.0086560 s
Time taken for 2-RDM build:        0.0086055 s
Time taken for 2-RDM build:        0.0085828 s
Time taken for 2-RDM build:        0.0085917 s
Time taken for 2-RDM build:        0.0085657 s
Time taken for 2-RDM build:        0.0085731 s
Time taken for 2-RDM build:        0.0085962 s
Time taken for 2-RDM build:        0.0086594 s
Time taken for 2-RDM build:        0.0085957 s
Time taken for 3-RDM build:        0.0682619 s
Time taken for 3-RDM build:        0.0660701 s
Time taken for 3-RDM build:        0.0660090 s
Time taken for 3-RDM build:        0.0660095 s
Time taken for 3-RDM build:        0.0659451 s
Time taken for 3-RDM build:        0.0659206 s
Time taken for 3-RDM build:        0.0658622 s
Time taken for 3-RDM build:        0.0658491 s
Time taken for 3-RDM build:        0.0658588 s
E_frzc:                        -2418.2608262 Eh
E_cas:                            -9.1774708 Eh
E_nuc:                             0.0000000 Eh
E_casci:                       -2427.4340589 Eh
E0 (from RDM):                 -2427.4340589 Eh
Ecorr:                            -0.1372548 Eh

Timing summary
... Hamil build:                    0.0088716 s
... Hamil diag:                     0.0003455 s
... RDM build:                     47.3931491 s
State     Energy / Eh         Splitting / Eh      Splitting / cm-1    Splitting / meV     
0         -2.4274383e+03      +0.0000000e+00      +0.0000000e+00      +0.0000000e+00      
1         -2.4274383e+03      +1.9413164e-09      +4.2606971e-04      +5.2825936e-05      
2         -2.4274383e+03      +8.9721652e-10      +1.9691626e-04      +2.4414517e-05      
3         -2.4274383e+03      +1.1737029e-09      +2.5759801e-04      +3.1938098e-05      
4         -2.4274383e+03      +1.8349056e-09      +4.0271522e-04      +4.9930347e-05      
5         -2.4274294e+03      +8.8831576e-03      +1.9496277e+03      +2.4172315e+02      
6         -2.4274294e+03      +4.1914063e-09      +9.1990735e-04      +1.1405403e-04      
7         -2.4274294e+03      +4.1027306e-09      +9.0044528e-04      +1.1164104e-04      
8         -2.4274268e+03      +2.6102260e-03      +5.7287839e+02      +7.1027902e+01      
Total time taken:                  51.0576808 s
===============================================

===============================================
            Relativistic DSRG-MRPT3            
===============================================
... compute_energy_pt3_1:     411.2074888 s
... compute_energy_pt2:       1.1735108 s
... compute_energy_pt3_2:     333.8288372 s
... compute_energy_pt3_3:      90.1342850 s
-----------------------------------------------
        DSRG-MRPT3 reference relaxation        
-----------------------------------------------
Iter                          Energy              Delta E   
   -Eref  -2427.4340589       
   -Ecorr -0.9094432       
<Psi^(0)|Hbar^(0)|Psi^(0)>    -2428.3435021       -2.42834e+03
   -Erelax-0.0000067       
<Psi^(0)|Hbar^(1)|Psi^(0)>    -2428.3435087       -6.68499e-06
   -Eref  -2427.4340515       
   -Ecorr -0.9094615       
<Psi^(1)|Hbar^(1)|Psi^(1)>    -2428.3435130       -4.25631e-06
   -Erelax-0.0000000       
<Psi^(1)|Hbar^(2)|Psi^(1)>    -2428.3435130       -2.25191e-09
   -Eref  -2427.4340517       
   -Ecorr -0.9094612       
<Psi^(2)|Hbar^(2)|Psi^(2)>    -2428.3435128       1.64520e-07
   -Erelax-0.0000000       
<Psi^(2)|Hbar^(3)|Psi^(2)>    -2428.3435128       -5.00222e-12
   -Eref  -2427.4340517       
   -Ecorr -0.9094612       
<Psi^(3)|Hbar^(3)|Psi^(3)>    -2428.3435128       -7.57882e-09
   -Erelax-0.0000000       
<Psi^(3)|Hbar^(4)|Psi^(3)>    -2428.3435128       0.00000e+00
Unrelaxed DSRG-MRPT3 energy:             -2428.3435021 Eh
Unrelaxed DSRG-MRPT3 E_corr:                -0.9094432 Eh
Partially relaxed DSRG-MRPT3 energy:     -2428.3435087 Eh
Partially relaxed DSRG-MRPT3 E_corr:        -0.9094499 Eh
Relaxed DSRG-MRPT3 energy:               -2428.3435130 Eh
Relaxed DSRG-MRPT3 E_corr:                  -0.9094615 Eh
Fully relaxed DSRG-MRPT3 energy:         -2428.3435128 Eh
Fully relaxed DSRG-MRPT3 E_corr:            -0.9094612 Eh
State     Energy / Eh         Splitting / Eh      Splitting / cm-1    Splitting / meV     
0         -2.4283475e+03      +0.0000000e+00      +0.0000000e+00      +0.0000000e+00      
1         -2.4283475e+03      +3.9290171e-10      +8.6231958e-05      +1.0691405e-05      
2         -2.4283475e+03      +4.1518433e-10      +9.1122428e-05      +1.1297746e-05      
3         -2.4283475e+03      +4.1700332e-10      +9.1521650e-05      +1.1347244e-05      
4         -2.4283475e+03      +3.8380676e-10      +8.4235848e-05      +1.0443919e-05      
5         -2.4283391e+03      +8.4152120e-03      +1.8469255e+03      +2.2898969e+02      
6         -2.4283391e+03      +5.7571015e-10      +1.2635377e-04      +1.5665878e-05      
7         -2.4283391e+03      +5.2705218e-10      +1.1567458e-04      +1.4341827e-05      
8         -2.4283365e+03      +2.5890270e-03      +5.6822574e+02      +7.0451047e+01      
Time taken:                     4388.6171288 s
===============================================
===============================================
              PySCF DHF interface              
===============================================
Will now allocate 38.863 GB memory for the AO ERI tensor!

Timing report
....integral transformation:    1012.8047779 s

===============================================
            Relativistic CASCI(7,8)            
===============================================
Will now allocate 0.001 MB memory for the CASCI Hamiltonian!
Time taken for 1-RDM build:        0.0003793 s
Time taken for 1-RDM build:        0.0003638 s
Time taken for 1-RDM build:        0.0003650 s
Time taken for 1-RDM build:        0.0003641 s
Time taken for 1-RDM build:        0.0003648 s
Time taken for 1-RDM build:        0.0003603 s
Time taken for 2-RDM build:        0.0010622 s
Time taken for 2-RDM build:        0.0009980 s
Time taken for 2-RDM build:        0.0009961 s
Time taken for 2-RDM build:        0.0009942 s
Time taken for 2-RDM build:        0.0009942 s
Time taken for 2-RDM build:        0.0009937 s
Time taken for 3-RDM build:        0.0139315 s
Time taken for 3-RDM build:        0.0123863 s
Time taken for 3-RDM build:        0.0123744 s
Time taken for 3-RDM build:        0.0124030 s
Time taken for 3-RDM build:        0.0123639 s
Time taken for 3-RDM build:        0.0123415 s
E_frzc:                        -2590.5378304 Eh
E_cas:                           -13.1880855 Eh
E_nuc:                             0.0000000 Eh
E_casci:                       -2603.7203212 Eh
E0 (from RDM):                 -2603.7203212 Eh
Ecorr:                            -0.0318830 Eh

Timing summary
... Hamil build:                    0.0019569 s
... Hamil diag:                     0.0001123 s
... RDM build:                     41.4668198 s
State     Energy / Eh         Splitting / Eh      Splitting / cm-1    Splitting / meV     
0         -2.6037259e+03      +0.0000000e+00      +0.0000000e+00      +0.0000000e+00      
1         -2.6037259e+03      +9.2413757e-09      +2.0282475e-03      +2.5147076e-04      
2         -2.6037259e+03      +1.8784249e-08      +4.1226661e-03      +5.1114569e-04      
3         -2.6037259e+03      +9.8884811e-09      +2.1702707e-03      +2.6907941e-04      
4         -2.6037091e+03      +1.6783801e-02      +3.6836186e+03      +4.5671072e+02      
5         -2.6037091e+03      +7.4087438e-09      +1.6260313e-03      +2.0160228e-04      
Total time taken:                  45.1184573 s
===============================================

===============================================
            Relativistic DSRG-MRPT3            
===============================================
... compute_energy_pt3_1:     408.5928319 s
... compute_energy_pt2:       1.1536953 s
... compute_energy_pt3_2:     367.3169968 s
... compute_energy_pt3_3:      98.4590521 s
-----------------------------------------------
        DSRG-MRPT3 reference relaxation        
-----------------------------------------------
Iter                          Energy              Delta E   
   -Eref  -2603.7203212       
   -Ecorr -0.9426926       
<Psi^(0)|Hbar^(0)|Psi^(0)>    -2604.6630138       -2.60466e+03
   -Erelax-0.0000000       
<Psi^(0)|Hbar^(1)|Psi^(0)>    -2604.6630138       0.00000e+00
   -Eref  -2603.7203212       
   -Ecorr -0.9426926       
<Psi^(1)|Hbar^(1)|Psi^(1)>    -2604.6630138       -1.36424e-12
   -Erelax0.0000000       
<Psi^(1)|Hbar^(2)|Psi^(1)>    -2604.6630138       0.00000e+00
Unrelaxed DSRG-MRPT3 energy:             -2604.6630138 Eh
Unrelaxed DSRG-MRPT3 E_corr:                -0.9426926 Eh
Partially relaxed DSRG-MRPT3 energy:     -2604.6630138 Eh
Partially relaxed DSRG-MRPT3 E_corr:        -0.9426926 Eh
Relaxed DSRG-MRPT3 energy:               -2604.6630138 Eh
Relaxed DSRG-MRPT3 E_corr:                  -0.9426926 Eh
Fully relaxed DSRG-MRPT3 energy:         -2604.6630138 Eh
Fully relaxed DSRG-MRPT3 E_corr:            -0.9426926 Eh
State     Energy / Eh         Splitting / Eh      Splitting / cm-1    Splitting / meV     
0         -2.6046685e+03      +0.0000000e+00      +0.0000000e+00      +0.0000000e+00      
1         -2.6046685e+03      +1.4792931e-09      +3.2466731e-04      +4.0253636e-05      
2         -2.6046685e+03      +1.9663275e-09      +4.3155901e-04      +5.3506523e-05      
3         -2.6046685e+03      +1.7143975e-09      +3.7626676e-04      +4.6651155e-05      
4         -2.6046520e+03      +1.6461180e-02      +3.6128113e+03      +4.4793173e+02      
5         -2.6046520e+03      +1.5834303e-09      +3.4752277e-04      +4.3087353e-05      
Time taken:                     2160.0421627 s
===============================================
