NOW DOING s=0.23!
===============================================
              PySCF DHF interface              
===============================================
Will now allocate 796.594 MB memory for the AO ERI tensor!

Timing report
....integral transformation:      50.9900637 s

===============================================
            Relativistic CASCI(3,8)            
===============================================
Will now allocate 0.050 MB memory for the CASCI Hamiltonian!
Time taken for 1-RDM build:        0.0214911 s
Time taken for 1-RDM build:        0.0214009 s
Time taken for 1-RDM build:        0.0214510 s
Time taken for 1-RDM build:        0.0214231 s
Time taken for 1-RDM build:        0.0212276 s
Time taken for 1-RDM build:        0.0207269 s
Time taken for 2-RDM build:        0.0818985 s
Time taken for 2-RDM build:        0.0814655 s
Time taken for 2-RDM build:        0.0816827 s
Time taken for 2-RDM build:        0.0816643 s
Time taken for 2-RDM build:        0.0816104 s
Time taken for 2-RDM build:        0.0814860 s
Time taken for 3-RDM build:        0.1880100 s
Time taken for 3-RDM build:        0.1868629 s
Time taken for 3-RDM build:        0.1870451 s
Time taken for 3-RDM build:        0.1868770 s
Time taken for 3-RDM build:        0.1873393 s
Time taken for 3-RDM build:        0.1868777 s
E_frzc:                          -21.9899228 Eh
E_cas:                            -2.5754278 Eh
E_nuc:                             0.0000000 Eh
E_casci:                         -24.5653104 Eh
E0 (from RDM):                   -24.5653104 Eh
Ecorr:                            -0.2764703 Eh

Timing summary
... Hamil build:                    0.0696526 s
... Hamil diag:                     0.0013919 s
... RDM build:                      5.2011940 s
State     Energy / Eh         Splitting / Eh      Splitting / cm-1    Splitting / meV     
0         -2.4565351e+01      +0.0000000e+00      +0.0000000e+00      +0.0000000e+00      
1         -2.4565351e+01      +1.6292141e-09      +3.5757116e-04      +4.4333195e-05      
2         -2.4565290e+01      +6.0370290e-05      +1.3249747e+01      +1.6427601e+00      
3         -2.4565290e+01      +8.2750518e-10      +1.8161639e-04      +2.2517574e-05      
4         -2.4565290e+01      +8.6880192e-10      +1.9067998e-04      +2.3641316e-05      
5         -2.4565290e+01      +1.8699780e-09      +4.1041272e-04      +5.0884716e-05      
Total time taken:                   5.4505291 s
===============================================

===============================================
            Relativistic DSRG-MRPT3            
===============================================
... compute_energy_pt3_1:      14.8024416 s
... compute_energy_pt2:       0.0812531 s
... compute_energy_pt3_2:      11.8821511 s
... compute_energy_pt3_3:       2.6903365 s
-----------------------------------------------
        DSRG-MRPT3 reference relaxation        
-----------------------------------------------
Iter                          Energy              Delta E   
   -Eref  -24.5653104       
   -Ecorr -0.0664314       
<Psi^(0)|Hbar^(0)|Psi^(0)>    -24.6317418         -2.46317e+01
   -Erelax-0.0003139       
<Psi^(0)|Hbar^(1)|Psi^(0)>    -24.6320557         -3.13906e-04
   -Eref  -24.5649906       
   -Ecorr -0.0670224       
<Psi^(1)|Hbar^(1)|Psi^(1)>    -24.6320130         4.27291e-05
   -Erelax-0.0000000       
<Psi^(1)|Hbar^(2)|Psi^(1)>    -24.6320130         -8.21071e-09
   -Eref  -24.5649873       
   -Ecorr -0.0670255       
<Psi^(2)|Hbar^(2)|Psi^(2)>    -24.6320128         2.08473e-07
   -Erelax-0.0000000       
<Psi^(2)|Hbar^(3)|Psi^(2)>    -24.6320128         -1.91847e-13
   -Eref  -24.5649873       
   -Ecorr -0.0670255       
<Psi^(3)|Hbar^(3)|Psi^(3)>    -24.6320128         9.96568e-10
   -Erelax-0.0000000       
<Psi^(3)|Hbar^(4)|Psi^(3)>    -24.6320128         0.00000e+00
Unrelaxed DSRG-MRPT3 energy:               -24.6317418 Eh
Unrelaxed DSRG-MRPT3 E_corr:                -0.0664314 Eh
Partially relaxed DSRG-MRPT3 energy:       -24.6320557 Eh
Partially relaxed DSRG-MRPT3 E_corr:        -0.0667453 Eh
Relaxed DSRG-MRPT3 energy:                 -24.6320130 Eh
Relaxed DSRG-MRPT3 E_corr:                  -0.0670224 Eh
Fully relaxed DSRG-MRPT3 energy:           -24.6320128 Eh
Fully relaxed DSRG-MRPT3 E_corr:            -0.0670255 Eh
State     Energy / Eh         Splitting / Eh      Splitting / cm-1    Splitting / meV     
0         -2.4632056e+01      +0.0000000e+00      +0.0000000e+00      +0.0000000e+00      
1         -2.4632056e+01      +8.5689322e-10      +1.8806632e-04      +2.3317263e-05      
2         -2.4631991e+01      +6.5230246e-05      +1.4316384e+01      +1.7750063e+00      
3         -2.4631991e+01      +5.0445692e-10      +1.1071550e-04      +1.3726979e-05      
4         -2.4631991e+01      +4.3668535e-10      +9.5841357e-05      +1.1882819e-05      
5         -2.4631991e+01      +9.8049213e-10      +2.1519315e-04      +2.6680563e-05      
Time taken:                      174.8598115 s
===============================================
===============================================
              PySCF DHF interface              
===============================================
Will now allocate 796.594 MB memory for the AO ERI tensor!

Timing report
....integral transformation:      53.9484313 s

===============================================
            Relativistic CASCI(4,8)            
===============================================
Will now allocate 0.078 MB memory for the CASCI Hamiltonian!
Time taken for 1-RDM build:        0.0320165 s
Time taken for 1-RDM build:        0.0344107 s
Time taken for 1-RDM build:        0.0341911 s
Time taken for 1-RDM build:        0.0290020 s
Time taken for 1-RDM build:        0.0286937 s
Time taken for 1-RDM build:        0.0287182 s
Time taken for 1-RDM build:        0.0288322 s
Time taken for 1-RDM build:        0.0286963 s
Time taken for 1-RDM build:        0.0288386 s
Time taken for 2-RDM build:        0.1237352 s
Time taken for 2-RDM build:        0.1214356 s
Time taken for 2-RDM build:        0.1219563 s
Time taken for 2-RDM build:        0.1214819 s
Time taken for 2-RDM build:        0.1216302 s
Time taken for 2-RDM build:        0.1213133 s
Time taken for 2-RDM build:        0.1215379 s
Time taken for 2-RDM build:        0.1214314 s
Time taken for 2-RDM build:        0.1215146 s
Time taken for 3-RDM build:        0.4091682 s
Time taken for 3-RDM build:        0.4069867 s
Time taken for 3-RDM build:        0.4069793 s
Time taken for 3-RDM build:        0.4071660 s
Time taken for 3-RDM build:        0.4082544 s
Time taken for 3-RDM build:        0.4069695 s
Time taken for 3-RDM build:        0.4072304 s
Time taken for 3-RDM build:        0.4071319 s
Time taken for 3-RDM build:        0.4070539 s
E_frzc:                          -32.3709352 Eh
E_cas:                            -5.3467114 Eh
E_nuc:                             0.0000000 Eh
E_casci:                         -37.7175257 Eh
E0 (from RDM):                   -37.7175257 Eh
Ecorr:                            -0.4429083 Eh

Timing summary
... Hamil build:                    0.1094947 s
... Hamil diag:                     0.0018678 s
... RDM build:                      8.5923100 s
State     Energy / Eh         Splitting / Eh      Splitting / cm-1    Splitting / meV     
0         -3.7717647e+01      +0.0000000e+00      +0.0000000e+00      +0.0000000e+00      
1         -3.7717578e+01      +6.8056777e-05      +1.4936736e+01      +1.8519201e+00      
2         -3.7717578e+01      +1.0789876e-09      +2.3681040e-04      +2.9360761e-05      
3         -3.7717578e+01      +1.2285710e-09      +2.6964017e-04      +3.3431136e-05      
4         -3.7717470e+01      +1.0852195e-04      +2.3817815e+01      +2.9530341e+00      
5         -3.7717470e+01      +3.7325520e-10      +8.1920048e-05      +1.0156796e-05      
6         -3.7717470e+01      +9.5213437e-10      +2.0896934e-04      +2.5908908e-05      
7         -3.7717470e+01      +4.4994408e-10      +9.8751311e-05      +1.2243608e-05      
8         -3.7717470e+01      +5.6219562e-10      +1.2338768e-04      +1.5298129e-05      
Total time taken:                   8.8811114 s
===============================================

===============================================
            Relativistic DSRG-MRPT3            
===============================================
... compute_energy_pt3_1:      16.1854479 s
... compute_energy_pt2:       0.0884042 s
... compute_energy_pt3_2:      12.1201587 s
... compute_energy_pt3_3:       2.8810050 s
-----------------------------------------------
        DSRG-MRPT3 reference relaxation        
-----------------------------------------------
Iter                          Energy              Delta E   
   -Eref  -37.7175257       
   -Ecorr -0.1056252       
<Psi^(0)|Hbar^(0)|Psi^(0)>    -37.8231509         -3.78232e+01
   -Erelax-0.0000923       
<Psi^(0)|Hbar^(1)|Psi^(0)>    -37.8232433         -9.23380e-05
   -Eref  -37.7174312       
   -Ecorr -0.1058859       
<Psi^(1)|Hbar^(1)|Psi^(1)>    -37.8233170         -7.37465e-05
   -Erelax-0.0000000       
<Psi^(1)|Hbar^(2)|Psi^(1)>    -37.8233170         -2.17817e-10
   -Eref  -37.7174314       
   -Ecorr -0.1058855       
<Psi^(2)|Hbar^(2)|Psi^(2)>    -37.8233169         9.92593e-08
   -Erelax-0.0000000       
<Psi^(2)|Hbar^(3)|Psi^(2)>    -37.8233169         -3.48166e-13
   -Eref  -37.7174314       
   -Ecorr -0.1058855       
<Psi^(3)|Hbar^(3)|Psi^(3)>    -37.8233169         -1.13772e-10
   -Erelax-0.0000000       
<Psi^(3)|Hbar^(4)|Psi^(3)>    -37.8233169         0.00000e+00
Unrelaxed DSRG-MRPT3 energy:               -37.8231509 Eh
Unrelaxed DSRG-MRPT3 E_corr:                -0.1056252 Eh
Partially relaxed DSRG-MRPT3 energy:       -37.8232433 Eh
Partially relaxed DSRG-MRPT3 E_corr:        -0.1057175 Eh
Relaxed DSRG-MRPT3 energy:                 -37.8233170 Eh
Relaxed DSRG-MRPT3 E_corr:                  -0.1058859 Eh
Fully relaxed DSRG-MRPT3 energy:           -37.8233169 Eh
Fully relaxed DSRG-MRPT3 E_corr:            -0.1058855 Eh
State     Energy / Eh         Splitting / Eh      Splitting / cm-1    Splitting / meV     
0         -3.7823457e+01      +0.0000000e+00      +0.0000000e+00      +0.0000000e+00      
1         -3.7823380e+01      +7.7267665e-05      +1.6958292e+01      +2.1025613e+00      
2         -3.7823380e+01      +3.6199310e-10      +7.9448302e-05      +9.8503387e-06      
3         -3.7823380e+01      +4.0203219e-10      +8.8235865e-05      +1.0939858e-05      
4         -3.7823251e+01      +1.2858704e-04      +2.8221592e+01      +3.4990331e+00      
5         -3.7823251e+01      +1.1648638e-10      +2.5565804e-05      +3.1697573e-06      
6         -3.7823251e+01      +2.6683722e-10      +5.8564000e-05      +7.2610140e-06      
7         -3.7823251e+01      +1.5816681e-10      +3.4713603e-05      +4.3039403e-06      
8         -3.7823251e+01      +1.4492230e-10      +3.1806767e-05      +3.9435384e-06      
Time taken:                      185.1274807 s
===============================================
===============================================
              PySCF DHF interface              
===============================================
Will now allocate 796.594 MB memory for the AO ERI tensor!

Timing report
....integral transformation:      51.4601862 s

===============================================
            Relativistic CASCI(5,8)            
===============================================
Will now allocate 0.050 MB memory for the CASCI Hamiltonian!
Time taken for 1-RDM build:        0.0210257 s
Time taken for 1-RDM build:        0.0210083 s
Time taken for 1-RDM build:        0.0209882 s
Time taken for 1-RDM build:        0.0209754 s
Time taken for 1-RDM build:        0.0212817 s
Time taken for 1-RDM build:        0.0209675 s
Time taken for 1-RDM build:        0.0209985 s
Time taken for 1-RDM build:        0.0209630 s
Time taken for 1-RDM build:        0.0210075 s
Time taken for 1-RDM build:        0.0209799 s
Time taken for 1-RDM build:        0.0209959 s
Time taken for 1-RDM build:        0.0209432 s
Time taken for 1-RDM build:        0.0209169 s
Time taken for 1-RDM build:        0.0209532 s
Time taken for 2-RDM build:        0.0878656 s
Time taken for 2-RDM build:        0.0877743 s
Time taken for 2-RDM build:        0.0877218 s
Time taken for 2-RDM build:        0.0878060 s
Time taken for 2-RDM build:        0.0876586 s
Time taken for 2-RDM build:        0.0877628 s
Time taken for 2-RDM build:        0.0877776 s
Time taken for 2-RDM build:        0.0877497 s
Time taken for 2-RDM build:        0.0877795 s
Time taken for 2-RDM build:        0.0879025 s
Time taken for 2-RDM build:        0.0877640 s
Time taken for 2-RDM build:        0.0878139 s
Time taken for 2-RDM build:        0.0878811 s
Time taken for 2-RDM build:        0.0883439 s
Time taken for 3-RDM build:        0.3807471 s
Time taken for 3-RDM build:        0.3787966 s
Time taken for 3-RDM build:        0.3786058 s
Time taken for 3-RDM build:        0.3785386 s
Time taken for 3-RDM build:        0.3785887 s
Time taken for 3-RDM build:        0.3785839 s
Time taken for 3-RDM build:        0.3784497 s
Time taken for 3-RDM build:        0.3785386 s
Time taken for 3-RDM build:        0.3786213 s
Time taken for 3-RDM build:        0.3784995 s
Time taken for 3-RDM build:        0.3783915 s
Time taken for 3-RDM build:        0.3792133 s
Time taken for 3-RDM build:        0.3785784 s
Time taken for 3-RDM build:        0.3784041 s
E_frzc:                          -44.7567199 Eh
E_cas:                            -9.6666253 Eh
E_nuc:                             0.0000000 Eh
E_casci:                         -54.3487687 Eh
E0 (from RDM):                   -54.3487687 Eh
Ecorr:                            -0.4454114 Eh

Timing summary
... Hamil build:                    0.0882680 s
... Hamil diag:                     0.0010684 s
... RDM build:                     10.2720623 s
State     Energy / Eh         Splitting / Eh      Splitting / cm-1    Splitting / meV     
0         -5.4423345e+01      +0.0000000e+00      +0.0000000e+00      +0.0000000e+00      
1         -5.4423345e+01      +1.0766144e-09      +2.3628954e-04      +2.9296183e-05      
2         -5.4423345e+01      +1.0765078e-09      +2.3626614e-04      +2.9293283e-05      
3         -5.4423345e+01      +1.0764154e-09      +2.3624587e-04      +2.9290769e-05      
4         -5.4318958e+01      +1.0438692e-01      +2.2910281e+04      +2.8405142e+03      
5         -5.4318958e+01      +1.1012489e-09      +2.4169619e-04      +2.9966522e-05      
6         -5.4318958e+01      +1.1371313e-09      +2.4957147e-04      +3.0942933e-05      
7         -5.4318958e+01      +5.9976912e-10      +1.3163411e-04      +1.6320557e-05      
8         -5.4318958e+01      +1.1947492e-09      +2.6221714e-04      +3.2510797e-05      
9         -5.4318958e+01      +1.3782895e-09      +3.0249957e-04      +3.7505185e-05      
10        -5.4318908e+01      +5.0508872e-05      +1.1085416e+01      +1.3744171e+00      
11        -5.4318908e+01      +3.9502766e-09      +8.6698548e-04      +1.0749255e-04      
12        -5.4318908e+01      +3.0347778e-09      +6.6605673e-04      +8.2580549e-05      
13        -5.4318908e+01      +2.9868943e-09      +6.5554752e-04      +8.1277572e-05      
Total time taken:                  10.5389032 s
===============================================

===============================================
            Relativistic DSRG-MRPT3            
===============================================
... compute_energy_pt3_1:      15.1589231 s
... compute_energy_pt2:       0.0857112 s
... compute_energy_pt3_2:      12.0673325 s
... compute_energy_pt3_3:       2.6938739 s
-----------------------------------------------
        DSRG-MRPT3 reference relaxation        
-----------------------------------------------
Iter                          Energy              Delta E   
   -Eref  -54.3487687       
   -Ecorr -0.1631743       
<Psi^(0)|Hbar^(0)|Psi^(0)>    -54.5119430         -5.45119e+01
   -Erelax-0.0000000       
<Psi^(0)|Hbar^(1)|Psi^(0)>    -54.5119430         -3.23984e-08
   -Eref  -54.3487687       
   -Ecorr -0.1631744       
<Psi^(1)|Hbar^(1)|Psi^(1)>    -54.5119430         -2.79131e-08
   -Erelax-0.0000000       
<Psi^(1)|Hbar^(2)|Psi^(1)>    -54.5119430         -2.83435e-11
   -Eref  -54.3487687       
   -Ecorr -0.1631744       
<Psi^(2)|Hbar^(2)|Psi^(2)>    -54.5119430         -5.31102e-10
   -Erelax-0.0000000       
<Psi^(2)|Hbar^(3)|Psi^(2)>    -54.5119430         -7.81597e-14
Unrelaxed DSRG-MRPT3 energy:               -54.5119430 Eh
Unrelaxed DSRG-MRPT3 E_corr:                -0.1631743 Eh
Partially relaxed DSRG-MRPT3 energy:       -54.5119430 Eh
Partially relaxed DSRG-MRPT3 E_corr:        -0.1631743 Eh
Relaxed DSRG-MRPT3 energy:                 -54.5119430 Eh
Relaxed DSRG-MRPT3 E_corr:                  -0.1631744 Eh
Fully relaxed DSRG-MRPT3 energy:           -54.5119430 Eh
Fully relaxed DSRG-MRPT3 E_corr:            -0.1631744 Eh
State     Energy / Eh         Splitting / Eh      Splitting / cm-1    Splitting / meV     
0         -5.4577112e+01      +0.0000000e+00      +0.0000000e+00      +0.0000000e+00      
1         -5.4577112e+01      +5.2530424e-10      +1.1529095e-04      +1.4294263e-05      
2         -5.4577112e+01      +5.2529003e-10      +1.1528784e-04      +1.4293877e-05      
3         -5.4577112e+01      +5.2526161e-10      +1.1528160e-04      +1.4293103e-05      
4         -5.4485892e+01      +9.1220145e-02      +2.0020508e+04      +2.4822278e+03      
5         -5.4485892e+01      +2.5124081e-10      +5.5140983e-05      +6.8366138e-06      
6         -5.4485892e+01      +1.4386359e-10      +3.1574408e-05      +3.9147295e-06      
7         -5.4485892e+01      +1.2425971e-10      +2.7271855e-05      +3.3812806e-06      
8         -5.4485892e+01      +1.1954171e-10      +2.6236373e-05      +3.2528972e-06      
9         -5.4485892e+01      +1.2435919e-10      +2.7293687e-05      +3.3839875e-06      
10        -5.4485851e+01      +4.0939574e-05      +8.9851978e+00      +1.1140231e+00      
11        -5.4485851e+01      +5.0606985e-10      +1.1106949e-04      +1.3770869e-05      
12        -5.4485851e+01      +3.6429526e-10      +7.9953568e-05      +9.9129837e-06      
13        -5.4485851e+01      +3.5329606e-10      +7.7539522e-05      +9.6136800e-06      
Time taken:                      138.8404489 s
===============================================
===============================================
              PySCF DHF interface              
===============================================
Will now allocate 796.594 MB memory for the AO ERI tensor!

Timing report
....integral transformation:      50.6532035 s

===============================================
            Relativistic CASCI(6,8)            
===============================================
Will now allocate 0.013 MB memory for the CASCI Hamiltonian!
Time taken for 1-RDM build:        0.0085483 s
Time taken for 1-RDM build:        0.0085688 s
Time taken for 1-RDM build:        0.0085895 s
Time taken for 1-RDM build:        0.0085452 s
Time taken for 1-RDM build:        0.0085404 s
Time taken for 1-RDM build:        0.0085716 s
Time taken for 1-RDM build:        0.0085547 s
Time taken for 1-RDM build:        0.0085933 s
Time taken for 1-RDM build:        0.0086074 s
Time taken for 2-RDM build:        0.0286810 s
Time taken for 2-RDM build:        0.0286362 s
Time taken for 2-RDM build:        0.0286171 s
Time taken for 2-RDM build:        0.0287802 s
Time taken for 2-RDM build:        0.0287955 s
Time taken for 2-RDM build:        0.0288410 s
Time taken for 2-RDM build:        0.0286915 s
Time taken for 2-RDM build:        0.0286617 s
Time taken for 2-RDM build:        0.0286784 s
Time taken for 3-RDM build:        0.1607866 s
Time taken for 3-RDM build:        0.1604738 s
Time taken for 3-RDM build:        0.1602652 s
Time taken for 3-RDM build:        0.1603546 s
Time taken for 3-RDM build:        0.1602886 s
Time taken for 3-RDM build:        0.1602354 s
Time taken for 3-RDM build:        0.1602504 s
Time taken for 3-RDM build:        0.1605170 s
Time taken for 3-RDM build:        0.1605992 s
E_frzc:                          -59.1480236 Eh
E_cas:                           -15.7034833 Eh
E_nuc:                             0.0000000 Eh
E_casci:                         -74.8511626 Eh
E0 (from RDM):                   -74.8511626 Eh
Ecorr:                            -0.3302227 Eh

Timing summary
... Hamil build:                    0.0362713 s
... Hamil diag:                     0.0003679 s
... RDM build:                      5.2891481 s
State     Energy / Eh         Splitting / Eh      Splitting / cm-1    Splitting / meV     
0         -7.4851507e+01      +0.0000000e+00      +0.0000000e+00      +0.0000000e+00      
1         -7.4851507e+01      +6.1121028e-09      +1.3414515e-03      +1.6631887e-04      
2         -7.4851507e+01      +6.8041430e-09      +1.4933368e-03      +1.8515025e-04      
3         -7.4851507e+01      +7.2887616e-09      +1.5996983e-03      +1.9833740e-04      
4         -7.4851507e+01      +9.8173984e-09      +2.1546699e-03      +2.6714515e-04      
5         -7.4850809e+01      +6.9818897e-04      +1.5323477e+02      +1.8998699e+01      
6         -7.4850809e+01      +7.3982278e-09      +1.6237233e-03      +2.0131613e-04      
7         -7.4850809e+01      +7.5923197e-09      +1.6663215e-03      +2.0659764e-04      
8         -7.4850503e+01      +3.0523771e-04      +6.6991933e+01      +8.3059451e+00      
Total time taken:                   5.5079103 s
===============================================

===============================================
            Relativistic DSRG-MRPT3            
===============================================
... compute_energy_pt3_1:      15.3228872 s
... compute_energy_pt2:       0.0831103 s
... compute_energy_pt3_2:      11.8739622 s
... compute_energy_pt3_3:       2.6716321 s
-----------------------------------------------
        DSRG-MRPT3 reference relaxation        
-----------------------------------------------
Iter                          Energy              Delta E   
   -Eref  -74.8511626       
   -Ecorr -0.2116455       
<Psi^(0)|Hbar^(0)|Psi^(0)>    -75.0628082         -7.50628e+01
   -Erelax-0.0000000       
<Psi^(0)|Hbar^(1)|Psi^(0)>    -75.0628082         -9.07245e-09
   -Eref  -74.8511626       
   -Ecorr -0.2116455       
<Psi^(1)|Hbar^(1)|Psi^(1)>    -75.0628082         2.62907e-08
   -Erelax-0.0000000       
<Psi^(1)|Hbar^(2)|Psi^(1)>    -75.0628082         -3.90514e-11
   -Eref  -74.8511626       
   -Ecorr -0.2116455       
<Psi^(2)|Hbar^(2)|Psi^(2)>    -75.0628082         -2.59746e-09
   -Erelax-0.0000000       
<Psi^(2)|Hbar^(3)|Psi^(2)>    -75.0628082         -3.83693e-13
Unrelaxed DSRG-MRPT3 energy:               -75.0628082 Eh
Unrelaxed DSRG-MRPT3 E_corr:                -0.2116455 Eh
Partially relaxed DSRG-MRPT3 energy:       -75.0628082 Eh
Partially relaxed DSRG-MRPT3 E_corr:        -0.2116455 Eh
Relaxed DSRG-MRPT3 energy:                 -75.0628082 Eh
Relaxed DSRG-MRPT3 E_corr:                  -0.2116455 Eh
Fully relaxed DSRG-MRPT3 energy:           -75.0628082 Eh
Fully relaxed DSRG-MRPT3 E_corr:            -0.2116455 Eh
State     Energy / Eh         Splitting / Eh      Splitting / cm-1    Splitting / meV     
0         -7.5063127e+01      +0.0000000e+00      +0.0000000e+00      +0.0000000e+00      
1         -7.5063127e+01      +3.2017482e-09      +7.0270250e-04      +8.7124048e-05      
2         -7.5063127e+01      +2.4406859e-09      +5.3566863e-04      +6.6414477e-05      
3         -7.5063127e+01      +3.6531134e-09      +8.0176570e-04      +9.9406325e-05      
4         -7.5063127e+01      +4.4140336e-09      +9.6876839e-04      +1.2011203e-04      
5         -7.5062479e+01      +6.4819225e-04      +1.4226175e+02      +1.7638218e+01      
6         -7.5062479e+01      +3.5432350e-09      +7.7765020e-04      +9.6416382e-05      
7         -7.5062479e+01      +3.1638763e-09      +6.9439057e-04      +8.6093500e-05      
8         -7.5062204e+01      +2.7457019e-04      +6.0261191e+01      +7.4714390e+00      
Time taken:                      127.8233831 s
===============================================
===============================================
              PySCF DHF interface              
===============================================
Will now allocate 796.594 MB memory for the AO ERI tensor!

Timing report
....integral transformation:      51.5178804 s

===============================================
            Relativistic CASCI(7,8)            
===============================================
Will now allocate 0.001 MB memory for the CASCI Hamiltonian!
Time taken for 1-RDM build:        0.0014198 s
Time taken for 1-RDM build:        0.0013986 s
Time taken for 1-RDM build:        0.0013988 s
Time taken for 1-RDM build:        0.0013950 s
Time taken for 1-RDM build:        0.0013952 s
Time taken for 1-RDM build:        0.0013976 s
Time taken for 2-RDM build:        0.0031469 s
Time taken for 2-RDM build:        0.0030780 s
Time taken for 2-RDM build:        0.0030801 s
Time taken for 2-RDM build:        0.0030804 s
Time taken for 2-RDM build:        0.0030742 s
Time taken for 2-RDM build:        0.0030811 s
Time taken for 3-RDM build:        0.0301387 s
Time taken for 3-RDM build:        0.0287135 s
Time taken for 3-RDM build:        0.0287628 s
Time taken for 3-RDM build:        0.0287194 s
Time taken for 3-RDM build:        0.0291674 s
Time taken for 3-RDM build:        0.0287151 s
E_frzc:                          -75.5478008 Eh
E_cas:                           -23.9325131 Eh
E_nuc:                             0.0000000 Eh
E_casci:                         -99.4797328 Eh
E0 (from RDM):                   -99.4797328 Eh
Ecorr:                            -0.1043819 Eh

Timing summary
... Hamil build:                    0.0066411 s
... Hamil diag:                     0.0001574 s
... RDM build:                      3.7771740 s
State     Energy / Eh         Splitting / Eh      Splitting / cm-1    Splitting / meV     
0         -9.9480314e+01      +0.0000000e+00      +0.0000000e+00      +0.0000000e+00      
1         -9.9480314e+01      +2.4031053e-08      +5.2742064e-03      +6.5391856e-04      
2         -9.9480314e+01      +6.9549344e-09      +1.5264317e-03      +1.8925350e-04      
3         -9.9480314e+01      +2.1663141e-08      +4.7545098e-03      +5.8948436e-04      
4         -9.9478571e+01      +1.7431739e-03      +3.8258245e+02      +4.7434202e+01      
5         -9.9478571e+01      +1.6993951e-08      +3.7297411e-03      +4.6242918e-04      
Total time taken:                   3.9572604 s
===============================================

===============================================
            Relativistic DSRG-MRPT3            
===============================================
... compute_energy_pt3_1:      18.1475601 s
... compute_energy_pt2:       0.0847158 s
... compute_energy_pt3_2:      13.4331994 s
... compute_energy_pt3_3:       2.6807649 s
-----------------------------------------------
        DSRG-MRPT3 reference relaxation        
-----------------------------------------------
Iter                          Energy              Delta E   
   -Eref  -99.4797328       
   -Ecorr -0.2679500       
<Psi^(0)|Hbar^(0)|Psi^(0)>    -99.7476828         -9.97477e+01
   -Erelax0.0000000       
<Psi^(0)|Hbar^(1)|Psi^(0)>    -99.7476828         2.84217e-14
   -Eref  -99.4797328       
   -Ecorr -0.2679500       
<Psi^(1)|Hbar^(1)|Psi^(1)>    -99.7476828         -2.84217e-14
   -Erelax0.0000000       
<Psi^(1)|Hbar^(2)|Psi^(1)>    -99.7476828         0.00000e+00
Unrelaxed DSRG-MRPT3 energy:               -99.7476828 Eh
Unrelaxed DSRG-MRPT3 E_corr:                -0.2679500 Eh
Partially relaxed DSRG-MRPT3 energy:       -99.7476828 Eh
Partially relaxed DSRG-MRPT3 E_corr:        -0.2679500 Eh
Relaxed DSRG-MRPT3 energy:                 -99.7476828 Eh
Relaxed DSRG-MRPT3 E_corr:                  -0.2679500 Eh
Fully relaxed DSRG-MRPT3 energy:           -99.7476828 Eh
Fully relaxed DSRG-MRPT3 E_corr:            -0.2679500 Eh
State     Energy / Eh         Splitting / Eh      Splitting / cm-1    Splitting / meV     
0         -9.9748274e+01      +0.0000000e+00      +0.0000000e+00      +0.0000000e+00      
1         -9.9748274e+01      +9.3039887e-09      +2.0419895e-03      +2.5317455e-04      
2         -9.9748274e+01      +4.1197836e-09      +9.0418799e-04      +1.1210508e-04      
3         -9.9748274e+01      +8.7242853e-09      +1.9147593e-03      +2.3740001e-04      
4         -9.9746501e+01      +1.7721658e-03      +3.8894543e+02      +4.8223110e+01      
5         -9.9746501e+01      +7.7673121e-09      +1.7047280e-03      +2.1135943e-04      
Time taken:                       87.2358611 s
===============================================
===============================================
              PySCF DHF interface              
===============================================
Will now allocate 3.102 GB memory for the AO ERI tensor!

Timing report
....integral transformation:     224.0556810 s

===============================================
            Relativistic CASCI(3,8)            
===============================================
Will now allocate 0.050 MB memory for the CASCI Hamiltonian!
Time taken for 1-RDM build:        0.0208573 s
Time taken for 1-RDM build:        0.0213368 s
Time taken for 1-RDM build:        0.0207887 s
Time taken for 1-RDM build:        0.0208242 s
Time taken for 1-RDM build:        0.0208430 s
Time taken for 1-RDM build:        0.0207963 s
Time taken for 2-RDM build:        0.0824931 s
Time taken for 2-RDM build:        0.0821183 s
Time taken for 2-RDM build:        0.0821342 s
Time taken for 2-RDM build:        0.0820525 s
Time taken for 2-RDM build:        0.0822744 s
Time taken for 2-RDM build:        0.0820448 s
Time taken for 3-RDM build:        0.1891689 s
Time taken for 3-RDM build:        0.1880248 s
Time taken for 3-RDM build:        0.1881263 s
Time taken for 3-RDM build:        0.1881645 s
Time taken for 3-RDM build:        0.1881480 s
Time taken for 3-RDM build:        0.1879487 s
E_frzc:                         -240.4061812 Eh
E_cas:                            -1.8986420 Eh
E_nuc:                             0.0000000 Eh
E_casci:                        -242.3045291 Eh
E0 (from RDM):                  -242.3045291 Eh
Ecorr:                            -0.1899047 Eh

Timing summary
... Hamil build:                    0.1265419 s
... Hamil diag:                     0.0113711 s
... RDM build:                     14.2624881 s
State     Energy / Eh         Splitting / Eh      Splitting / cm-1    Splitting / meV     
0         -2.4230482e+02      +0.0000000e+00      +0.0000000e+00      +0.0000000e+00      
1         -2.4230482e+02      +1.0992665e-09      +2.4126110e-04      +2.9912578e-05      
2         -2.4230438e+02      +4.4107881e-04      +9.6805609e+01      +1.2002372e+01      
3         -2.4230438e+02      +1.0805650e-09      +2.3715660e-04      +2.9403685e-05      
4         -2.4230438e+02      +8.9775654e-10      +1.9703478e-04      +2.4429211e-05      
5         -2.4230438e+02      +3.6629899e-10      +8.0393336e-05      +9.9675080e-06      
Total time taken:                  15.0693095 s
===============================================

===============================================
            Relativistic DSRG-MRPT3            
===============================================
... compute_energy_pt3_1:      64.3810678 s
... compute_energy_pt2:       0.2595916 s
... compute_energy_pt3_2:      52.3128541 s
... compute_energy_pt3_3:      11.4417803 s
-----------------------------------------------
        DSRG-MRPT3 reference relaxation        
-----------------------------------------------
Iter                          Energy              Delta E   
   -Eref  -242.3045291       
   -Ecorr -0.1897577       
<Psi^(0)|Hbar^(0)|Psi^(0)>    -242.4942868        -2.42494e+02
   -Erelax-0.0001918       
<Psi^(0)|Hbar^(1)|Psi^(0)>    -242.4944786        -1.91815e-04
   -Eref  -242.3043386       
   -Ecorr -0.1901355       
<Psi^(1)|Hbar^(1)|Psi^(1)>    -242.4944741        4.46932e-06
   -Erelax-0.0000000       
<Psi^(1)|Hbar^(2)|Psi^(1)>    -242.4944741        -1.42649e-09
   -Eref  -242.3043376       
   -Ecorr -0.1901365       
<Psi^(2)|Hbar^(2)|Psi^(2)>    -242.4944741        1.13918e-08
   -Erelax-0.0000000       
<Psi^(2)|Hbar^(3)|Psi^(2)>    -242.4944741        0.00000e+00
   -Eref  -242.3043376       
   -Ecorr -0.1901365       
<Psi^(3)|Hbar^(3)|Psi^(3)>    -242.4944741        2.89617e-11
   -Erelax-0.0000000       
<Psi^(3)|Hbar^(4)|Psi^(3)>    -242.4944741        0.00000e+00
Unrelaxed DSRG-MRPT3 energy:              -242.4942868 Eh
Unrelaxed DSRG-MRPT3 E_corr:                -0.1897577 Eh
Partially relaxed DSRG-MRPT3 energy:      -242.4944786 Eh
Partially relaxed DSRG-MRPT3 E_corr:        -0.1899495 Eh
Relaxed DSRG-MRPT3 energy:                -242.4944741 Eh
Relaxed DSRG-MRPT3 E_corr:                  -0.1901355 Eh
Fully relaxed DSRG-MRPT3 energy:          -242.4944741 Eh
Fully relaxed DSRG-MRPT3 E_corr:            -0.1901365 Eh
State     Energy / Eh         Splitting / Eh      Splitting / cm-1    Splitting / meV     
0         -2.4249480e+02      +0.0000000e+00      +0.0000000e+00      +0.0000000e+00      
1         -2.4249480e+02      +8.3289819e-10      +1.8280002e-04      +2.2664325e-05      
2         -2.4249431e+02      +4.8639874e-04      +1.0675218e+02      +1.3235590e+01      
3         -2.4249431e+02      +8.0302698e-10      +1.7624405e-04      +2.1851488e-05      
4         -2.4249431e+02      +6.3991479e-10      +1.4044506e-04      +1.7412977e-05      
5         -2.4249431e+02      +2.8623504e-10      +6.2821329e-05      +7.7888558e-06      
Time taken:                     1218.5471370 s
===============================================
===============================================
              PySCF DHF interface              
===============================================
Will now allocate 3.102 GB memory for the AO ERI tensor!

Timing report
....integral transformation:     198.5729544 s

===============================================
            Relativistic CASCI(4,8)            
===============================================
Will now allocate 0.078 MB memory for the CASCI Hamiltonian!
Time taken for 1-RDM build:        0.0329227 s
Time taken for 1-RDM build:        0.0321035 s
Time taken for 1-RDM build:        0.0320728 s
Time taken for 1-RDM build:        0.0290391 s
Time taken for 1-RDM build:        0.0284235 s
Time taken for 1-RDM build:        0.0284166 s
Time taken for 1-RDM build:        0.0285094 s
Time taken for 1-RDM build:        0.0282264 s
Time taken for 1-RDM build:        0.0283959 s
Time taken for 2-RDM build:        0.1224313 s
Time taken for 2-RDM build:        0.1226819 s
Time taken for 2-RDM build:        0.1223359 s
Time taken for 2-RDM build:        0.1221762 s
Time taken for 2-RDM build:        0.1226928 s
Time taken for 2-RDM build:        0.1228323 s
Time taken for 2-RDM build:        0.1221554 s
Time taken for 2-RDM build:        0.1222756 s
Time taken for 2-RDM build:        0.1222591 s
Time taken for 3-RDM build:        0.4110582 s
Time taken for 3-RDM build:        0.4095643 s
Time taken for 3-RDM build:        0.4118614 s
Time taken for 3-RDM build:        0.4089737 s
Time taken for 3-RDM build:        0.4091394 s
Time taken for 3-RDM build:        0.4111557 s
Time taken for 3-RDM build:        0.4090309 s
Time taken for 3-RDM build:        0.4091158 s
Time taken for 3-RDM build:        0.4185002 s
E_frzc:                         -285.7423197 Eh
E_cas:                            -3.6921024 Eh
E_nuc:                             0.0000000 Eh
E_casci:                        -289.4337768 Eh
E0 (from RDM):                  -289.4337768 Eh
Ecorr:                            -0.2329780 Eh

Timing summary
... Hamil build:                    0.1231246 s
... Hamil diag:                     0.0114312 s
... RDM build:                     17.0344319 s
State     Energy / Eh         Splitting / Eh      Splitting / cm-1    Splitting / meV     
0         -2.8943442e+02      +0.0000000e+00      +0.0000000e+00      +0.0000000e+00      
1         -2.8943409e+02      +3.3211201e-04      +7.2890160e+01      +9.0372324e+00      
2         -2.8943409e+02      +8.1735152e-10      +1.7938792e-04      +2.2241278e-05      
3         -2.8943409e+02      +8.9210062e-10      +1.9579345e-04      +2.4275306e-05      
4         -2.8943346e+02      +6.3005266e-04      +1.3828057e+02      +1.7144614e+01      
5         -2.8943346e+02      +2.5920599e-10      +5.6889139e-05      +7.0533576e-06      
6         -2.8943346e+02      +7.8654239e-10      +1.7262610e-04      +2.1402919e-05      
7         -2.8943346e+02      +6.1896799e-10      +1.3584777e-04      +1.6842985e-05      
8         -2.8943346e+02      +4.2439297e-10      +9.3143489e-05      +1.1548326e-05      
Total time taken:                  17.8294461 s
===============================================

===============================================
            Relativistic DSRG-MRPT3            
===============================================
... compute_energy_pt3_1:      62.5403843 s
... compute_energy_pt2:       0.2403653 s
... compute_energy_pt3_2:      57.0541911 s
... compute_energy_pt3_3:      12.6076899 s
-----------------------------------------------
        DSRG-MRPT3 reference relaxation        
-----------------------------------------------
Iter                          Energy              Delta E   
   -Eref  -289.4337768       
   -Ecorr -0.2106864       
<Psi^(0)|Hbar^(0)|Psi^(0)>    -289.6444632        -2.89644e+02
   -Erelax-0.0001113       
<Psi^(0)|Hbar^(1)|Psi^(0)>    -289.6445745        -1.11260e-04
   -Eref  -289.4336667       
   -Ecorr -0.2109373       
<Psi^(1)|Hbar^(1)|Psi^(1)>    -289.6446040        -2.95592e-05
   -Erelax-0.0000000       
<Psi^(1)|Hbar^(2)|Psi^(1)>    -289.6446040        -3.01839e-10
   -Eref  -289.4336666       
   -Ecorr -0.2109374       
<Psi^(2)|Hbar^(2)|Psi^(2)>    -289.6446040        -8.73837e-09
   -Erelax-0.0000000       
<Psi^(2)|Hbar^(3)|Psi^(2)>    -289.6446040        -5.11591e-13
Unrelaxed DSRG-MRPT3 energy:              -289.6444632 Eh
Unrelaxed DSRG-MRPT3 E_corr:                -0.2106864 Eh
Partially relaxed DSRG-MRPT3 energy:      -289.6445745 Eh
Partially relaxed DSRG-MRPT3 E_corr:        -0.2107977 Eh
Relaxed DSRG-MRPT3 energy:                -289.6446040 Eh
Relaxed DSRG-MRPT3 E_corr:                  -0.2109373 Eh
Fully relaxed DSRG-MRPT3 energy:          -289.6446040 Eh
Fully relaxed DSRG-MRPT3 E_corr:            -0.2109374 Eh
State     Energy / Eh         Splitting / Eh      Splitting / cm-1    Splitting / meV     
0         -2.8964531e+02      +0.0000000e+00      +0.0000000e+00      +0.0000000e+00      
1         -2.8964495e+02      +3.6562207e-04      +8.0244768e+01      +9.9490880e+00      
2         -2.8964495e+02      +5.6144245e-10      +1.2322237e-04      +1.5277634e-05      
3         -2.8964495e+02      +5.8395244e-10      +1.2816275e-04      +1.5890163e-05      
4         -2.8964426e+02      +6.9092517e-04      +1.5164055e+02      +1.8801040e+01      
5         -2.8964426e+02      +2.1071855e-10      +4.6247377e-05      +5.7339466e-06      
6         -2.8964426e+02      +5.0999915e-10      +1.1193188e-04      +1.3877790e-05      
7         -2.8964426e+02      +4.6179593e-10      +1.0135249e-04      +1.2566113e-05      
8         -2.8964426e+02      +2.6051339e-10      +5.7176080e-05      +7.0889338e-06      
Time taken:                      701.0233760 s
===============================================
===============================================
              PySCF DHF interface              
===============================================
Will now allocate 3.102 GB memory for the AO ERI tensor!

Timing report
....integral transformation:     195.8888597 s

===============================================
            Relativistic CASCI(5,8)            
===============================================
Will now allocate 0.050 MB memory for the CASCI Hamiltonian!
Time taken for 1-RDM build:        0.0212193 s
Time taken for 1-RDM build:        0.0210247 s
Time taken for 1-RDM build:        0.0212114 s
Time taken for 1-RDM build:        0.0212049 s
Time taken for 1-RDM build:        0.0210664 s
Time taken for 1-RDM build:        0.0212576 s
Time taken for 1-RDM build:        0.0216558 s
Time taken for 1-RDM build:        0.0212657 s
Time taken for 1-RDM build:        0.0213101 s
Time taken for 1-RDM build:        0.0209973 s
Time taken for 1-RDM build:        0.0211391 s
Time taken for 1-RDM build:        0.0209575 s
Time taken for 1-RDM build:        0.0213807 s
Time taken for 1-RDM build:        0.0211389 s
Time taken for 2-RDM build:        0.0878758 s
Time taken for 2-RDM build:        0.0877752 s
Time taken for 2-RDM build:        0.0874233 s
Time taken for 2-RDM build:        0.0873973 s
Time taken for 2-RDM build:        0.0873682 s
Time taken for 2-RDM build:        0.0874491 s
Time taken for 2-RDM build:        0.0871217 s
Time taken for 2-RDM build:        0.0873182 s
Time taken for 2-RDM build:        0.0872877 s
Time taken for 2-RDM build:        0.0873067 s
Time taken for 2-RDM build:        0.0873141 s
Time taken for 2-RDM build:        0.0874815 s
Time taken for 2-RDM build:        0.0874710 s
Time taken for 2-RDM build:        0.0875018 s
Time taken for 3-RDM build:        0.4133482 s
Time taken for 3-RDM build:        0.3806987 s
Time taken for 3-RDM build:        0.3818264 s
Time taken for 3-RDM build:        0.3821826 s
Time taken for 3-RDM build:        0.3856273 s
Time taken for 3-RDM build:        0.3987126 s
Time taken for 3-RDM build:        0.3849587 s
Time taken for 3-RDM build:        0.3809500 s
Time taken for 3-RDM build:        0.3809159 s
Time taken for 3-RDM build:        0.3812792 s
Time taken for 3-RDM build:        0.3818545 s
Time taken for 3-RDM build:        0.3820140 s
Time taken for 3-RDM build:        0.3820338 s
Time taken for 3-RDM build:        0.3824778 s
E_frzc:                         -335.1272672 Eh
E_cas:                            -6.3636403 Eh
E_nuc:                             0.0000000 Eh
E_casci:                        -341.4410664 Eh
E0 (from RDM):                  -341.4410664 Eh
Ecorr:                            -0.2138107 Eh

Timing summary
... Hamil build:                    0.1119168 s
... Hamil diag:                     0.0061347 s
... RDM build:                     19.1063178 s
State     Energy / Eh         Splitting / Eh      Splitting / cm-1    Splitting / meV     
0         -3.4149091e+02      +0.0000000e+00      +0.0000000e+00      +0.0000000e+00      
1         -3.4149091e+02      +3.2849812e-10      +7.2097003e-05      +8.9388933e-06      
2         -3.4149091e+02      +3.2838443e-10      +7.2072051e-05      +8.9357998e-06      
3         -3.4149091e+02      +3.2798653e-10      +7.1984722e-05      +8.9249722e-06      
4         -3.4142117e+02      +6.9735531e-02      +1.5305180e+04      +1.8976014e+03      
5         -3.4142117e+02      +1.5667183e-09      +3.4385492e-04      +4.2632597e-05      
6         -3.4142117e+02      +1.3034196e-09      +2.8606753e-04      +3.5467871e-05      
7         -3.4142117e+02      +1.7383286e-09      +3.8151902e-04      +4.7302353e-05      
8         -3.4142110e+02      +6.9890622e-05      +1.5339218e+01      +1.9018216e+00      
9         -3.4142110e+02      +9.2740038e-10      +2.0354085e-04      +2.5235862e-05      
10        -3.4142110e+02      +9.6150643e-10      +2.1102627e-04      +2.6163935e-05      
11        -3.4142110e+02      +7.5050366e-10      +1.6471651e-04      +2.0422255e-05      
12        -3.4142110e+02      +9.6383701e-10      +2.1153777e-04      +2.6227353e-05      
13        -3.4142110e+02      +1.9558115e-09      +4.2925101e-04      +5.3220367e-05      
Total time taken:                  19.9011035 s
===============================================

===============================================
            Relativistic DSRG-MRPT3            
===============================================
... compute_energy_pt3_1:      61.5533435 s
... compute_energy_pt2:       0.2545068 s
... compute_energy_pt3_2:      50.7577236 s
... compute_energy_pt3_3:      10.5796635 s
-----------------------------------------------
        DSRG-MRPT3 reference relaxation        
-----------------------------------------------
Iter                          Energy              Delta E   
   -Eref  -341.4410664       
   -Ecorr -0.2491425       
<Psi^(0)|Hbar^(0)|Psi^(0)>    -341.6902089        -3.41690e+02
   -Erelax-0.0000005       
<Psi^(0)|Hbar^(1)|Psi^(0)>    -341.6902094        -5.06488e-07
   -Eref  -341.4410660       
   -Ecorr -0.2491435       
<Psi^(1)|Hbar^(1)|Psi^(1)>    -341.6902095        -2.53171e-08
   -Erelax-0.0000000       
<Psi^(1)|Hbar^(2)|Psi^(1)>    -341.6902095        -2.34650e-10
   -Eref  -341.4410660       
   -Ecorr -0.2491435       
<Psi^(2)|Hbar^(2)|Psi^(2)>    -341.6902095        3.21438e-09
   -Erelax-0.0000000       
<Psi^(2)|Hbar^(3)|Psi^(2)>    -341.6902095        -6.82121e-13
Unrelaxed DSRG-MRPT3 energy:              -341.6902089 Eh
Unrelaxed DSRG-MRPT3 E_corr:                -0.2491425 Eh
Partially relaxed DSRG-MRPT3 energy:      -341.6902094 Eh
Partially relaxed DSRG-MRPT3 E_corr:        -0.2491430 Eh
Relaxed DSRG-MRPT3 energy:                -341.6902095 Eh
Relaxed DSRG-MRPT3 E_corr:                  -0.2491435 Eh
Fully relaxed DSRG-MRPT3 energy:          -341.6902095 Eh
Fully relaxed DSRG-MRPT3 E_corr:            -0.2491435 Eh
State     Energy / Eh         Splitting / Eh      Splitting / cm-1    Splitting / meV     
0         -3.4173289e+02      +0.0000000e+00      +0.0000000e+00      +0.0000000e+00      
1         -3.4173289e+02      +2.4374458e-10      +5.3495752e-05      +6.6326310e-06      
2         -3.4173289e+02      +2.4340352e-10      +5.3420897e-05      +6.6233503e-06      
3         -3.4173289e+02      +2.4363089e-10      +5.3470800e-05      +6.6295374e-06      
4         -3.4167317e+02      +5.9711824e-02      +1.3105230e+04      +1.6248423e+03      
5         -3.4167317e+02      +7.8074436e-10      +1.7135358e-04      +2.1245146e-05      
6         -3.4167317e+02      +6.3619154e-10      +1.3962790e-04      +1.7311662e-05      
7         -3.4167317e+02      +8.5202601e-10      +1.8699809e-04      +2.3184820e-05      
8         -3.4167311e+02      +5.9905619e-05      +1.3147764e+01      +1.6301157e+00      
9         -3.4167311e+02      +4.0347459e-10      +8.8552436e-05      +1.0979108e-05      
10        -3.4167311e+02      +3.8096459e-10      +8.3612063e-05      +1.0366580e-05      
11        -3.4167311e+02      +4.4059334e-10      +9.6699060e-05      +1.1989161e-05      
12        -3.4167311e+02      +4.7674575e-10      +1.0463360e-04      +1.2972919e-05      
13        -3.4167311e+02      +7.0315309e-10      +1.5432426e-04      +1.9133779e-05      
Time taken:                      677.4630759 s
===============================================
===============================================
              PySCF DHF interface              
===============================================
Will now allocate 3.102 GB memory for the AO ERI tensor!

Timing report
....integral transformation:     208.4315391 s

===============================================
            Relativistic CASCI(6,8)            
===============================================
Will now allocate 0.013 MB memory for the CASCI Hamiltonian!
Time taken for 1-RDM build:        0.0084765 s
Time taken for 1-RDM build:        0.0083568 s
Time taken for 1-RDM build:        0.0083361 s
Time taken for 1-RDM build:        0.0083382 s
Time taken for 1-RDM build:        0.0085413 s
Time taken for 1-RDM build:        0.0083442 s
Time taken for 1-RDM build:        0.0091400 s
Time taken for 1-RDM build:        0.0083406 s
Time taken for 1-RDM build:        0.0085132 s
Time taken for 2-RDM build:        0.0288098 s
Time taken for 2-RDM build:        0.0287771 s
Time taken for 2-RDM build:        0.0288143 s
Time taken for 2-RDM build:        0.0288408 s
Time taken for 2-RDM build:        0.0288684 s
Time taken for 2-RDM build:        0.0288570 s
Time taken for 2-RDM build:        0.0292888 s
Time taken for 2-RDM build:        0.0294654 s
Time taken for 2-RDM build:        0.0288150 s
Time taken for 3-RDM build:        0.1614213 s
Time taken for 3-RDM build:        0.1604493 s
Time taken for 3-RDM build:        0.1611748 s
Time taken for 3-RDM build:        0.1608636 s
Time taken for 3-RDM build:        0.1605554 s
Time taken for 3-RDM build:        0.1604347 s
Time taken for 3-RDM build:        0.1612504 s
Time taken for 3-RDM build:        0.1605666 s
Time taken for 3-RDM build:        0.1606073 s
E_frzc:                         -388.5675376 Eh
E_cas:                            -9.9659359 Eh
E_nuc:                             0.0000000 Eh
E_casci:                        -398.5325748 Eh
E0 (from RDM):                  -398.5325748 Eh
Ecorr:                            -0.1603097 Eh

Timing summary
... Hamil build:                    0.0831950 s
... Hamil diag:                     0.0004580 s
... RDM build:                     13.9858921 s
State     Energy / Eh         Splitting / Eh      Splitting / cm-1    Splitting / meV     
0         -3.9853347e+02      +0.0000000e+00      +0.0000000e+00      +0.0000000e+00      
1         -3.9853347e+02      +5.6296585e-09      +1.2355672e-03      +1.5319088e-04      
2         -3.9853347e+02      +5.9783360e-09      +1.3120931e-03      +1.6267889e-04      
3         -3.9853347e+02      +5.6479053e-09      +1.2395719e-03      +1.5368740e-04      
4         -3.9853347e+02      +5.6580234e-09      +1.2417926e-03      +1.5396273e-04      
5         -3.9853166e+02      +1.8163270e-03      +3.9863770e+02      +4.9424800e+01      
6         -3.9853166e+02      +3.5533390e-09      +7.7986775e-04      +9.6691324e-05      
7         -3.9853166e+02      +3.5755647e-09      +7.8474575e-04      +9.7296119e-05      
8         -3.9853083e+02      +8.2294816e-04      +1.8061624e+02      +2.2393571e+01      
Total time taken:                  14.7368343 s
===============================================

===============================================
            Relativistic DSRG-MRPT3            
===============================================
... compute_energy_pt3_1:      62.3400865 s
... compute_energy_pt2:       0.2571344 s
... compute_energy_pt3_2:      51.6080627 s
... compute_energy_pt3_3:      10.8503582 s
-----------------------------------------------
        DSRG-MRPT3 reference relaxation        
-----------------------------------------------
Iter                          Energy              Delta E   
   -Eref  -398.5325748       
   -Ecorr -0.2909533       
<Psi^(0)|Hbar^(0)|Psi^(0)>    -398.8235282        -3.98824e+02
   -Erelax-0.0000006       
<Psi^(0)|Hbar^(1)|Psi^(0)>    -398.8235287        -5.69748e-07
   -Eref  -398.5325742       
   -Ecorr -0.2909550       
<Psi^(1)|Hbar^(1)|Psi^(1)>    -398.8235291        -4.23054e-07
   -Erelax-0.0000000       
<Psi^(1)|Hbar^(2)|Psi^(1)>    -398.8235291        -1.17666e-11
   -Eref  -398.5325742       
   -Ecorr -0.2909550       
<Psi^(2)|Hbar^(2)|Psi^(2)>    -398.8235291        1.27739e-09
   -Erelax-0.0000000       
<Psi^(2)|Hbar^(3)|Psi^(2)>    -398.8235291        0.00000e+00
Unrelaxed DSRG-MRPT3 energy:              -398.8235282 Eh
Unrelaxed DSRG-MRPT3 E_corr:                -0.2909533 Eh
Partially relaxed DSRG-MRPT3 energy:      -398.8235287 Eh
Partially relaxed DSRG-MRPT3 E_corr:        -0.2909539 Eh
Relaxed DSRG-MRPT3 energy:                -398.8235291 Eh
Relaxed DSRG-MRPT3 E_corr:                  -0.2909550 Eh
Fully relaxed DSRG-MRPT3 energy:          -398.8235291 Eh
Fully relaxed DSRG-MRPT3 E_corr:            -0.2909550 Eh
State     Energy / Eh         Splitting / Eh      Splitting / cm-1    Splitting / meV     
0         -3.9882446e+02      +0.0000000e+00      +0.0000000e+00      +0.0000000e+00      
1         -3.9882446e+02      +2.2940867e-09      +5.0349383e-04      +6.2425308e-05      
2         -3.9882446e+02      +1.9630306e-09      +4.3083542e-04      +5.3416810e-05      
3         -3.9882446e+02      +1.8373498e-09      +4.0325167e-04      +4.9996859e-05      
4         -3.9882446e+02      +2.1382789e-09      +4.6929797e-04      +5.8185560e-05      
5         -3.9882258e+02      +1.8836856e-03      +4.1342120e+02      +5.1257721e+01      
6         -3.9882258e+02      +1.0427357e-09      +2.2885403e-04      +2.8374297e-05      
7         -3.9882258e+02      +1.1825136e-09      +2.5953174e-04      +3.2177851e-05      
8         -3.9882173e+02      +8.5196973e-04      +1.8698574e+02      +2.3183288e+01      
Time taken:                      752.7403841 s
===============================================
===============================================
              PySCF DHF interface              
===============================================
Will now allocate 3.102 GB memory for the AO ERI tensor!

Timing report
....integral transformation:     203.5147676 s

===============================================
            Relativistic CASCI(7,8)            
===============================================
Will now allocate 0.001 MB memory for the CASCI Hamiltonian!
Time taken for 1-RDM build:        0.0014303 s
Time taken for 1-RDM build:        0.0014088 s
Time taken for 1-RDM build:        0.0013990 s
Time taken for 1-RDM build:        0.0014095 s
Time taken for 1-RDM build:        0.0014107 s
Time taken for 1-RDM build:        0.0013998 s
Time taken for 2-RDM build:        0.0031872 s
Time taken for 2-RDM build:        0.0031257 s
Time taken for 2-RDM build:        0.0032060 s
Time taken for 2-RDM build:        0.0030680 s
Time taken for 2-RDM build:        0.0030708 s
Time taken for 2-RDM build:        0.0031023 s
Time taken for 3-RDM build:        0.0792603 s
Time taken for 3-RDM build:        0.0306060 s
Time taken for 3-RDM build:        0.0294912 s
Time taken for 3-RDM build:        0.0292163 s
Time taken for 3-RDM build:        0.0296314 s
Time taken for 3-RDM build:        0.0299819 s
E_frzc:                         -446.0682972 Eh
E_cas:                           -14.7582517 Eh
E_nuc:                             0.0000000 Eh
E_casci:                        -460.8252020 Eh
E0 (from RDM):                  -460.8252020 Eh
Ecorr:                             0.0013470 Eh

Timing summary
... Hamil build:                    0.0578189 s
... Hamil diag:                     0.0001698 s
... RDM build:                     12.5584538 s
State     Energy / Eh         Splitting / Eh      Splitting / cm-1    Splitting / meV     
0         -4.6082655e+02      +0.0000000e+00      +0.0000000e+00      +0.0000000e+00      
1         -4.6082655e+02      +1.2022326e-08      +2.6385956e-03      +3.2714432e-04      
2         -4.6082655e+02      +5.7600573e-09      +1.2641864e-03      +1.5673922e-04      
3         -4.6082655e+02      +1.1622035e-08      +2.5507418e-03      +3.1625183e-04      
4         -4.6082251e+02      +4.0408198e-03      +8.8685742e+02      +1.0995636e+02      
5         -4.6082251e+02      +2.0031848e-08      +4.3964825e-03      +5.4509461e-04      
Total time taken:                  13.2809098 s
===============================================

===============================================
            Relativistic DSRG-MRPT3            
===============================================
... compute_energy_pt3_1:      62.4972432 s
... compute_energy_pt2:       0.2568207 s
... compute_energy_pt3_2:      51.8650510 s
... compute_energy_pt3_3:      10.6193764 s
-----------------------------------------------
        DSRG-MRPT3 reference relaxation        
-----------------------------------------------
Iter                          Energy              Delta E   
   -Eref  -460.8252020       
   -Ecorr -0.3446130       
<Psi^(0)|Hbar^(0)|Psi^(0)>    -461.1698150        -4.61170e+02
   -Erelax0.0000000       
<Psi^(0)|Hbar^(1)|Psi^(0)>    -461.1698150        0.00000e+00
   -Eref  -460.8252020       
   -Ecorr -0.3446130       
<Psi^(1)|Hbar^(1)|Psi^(1)>    -461.1698150        2.84217e-13
   -Erelax-0.0000000       
<Psi^(1)|Hbar^(2)|Psi^(1)>    -461.1698150        0.00000e+00
Unrelaxed DSRG-MRPT3 energy:              -461.1698150 Eh
Unrelaxed DSRG-MRPT3 E_corr:                -0.3446130 Eh
Partially relaxed DSRG-MRPT3 energy:      -461.1698150 Eh
Partially relaxed DSRG-MRPT3 E_corr:        -0.3446130 Eh
Relaxed DSRG-MRPT3 energy:                -461.1698150 Eh
Relaxed DSRG-MRPT3 E_corr:                  -0.3446130 Eh
Fully relaxed DSRG-MRPT3 energy:          -461.1698150 Eh
Fully relaxed DSRG-MRPT3 E_corr:            -0.3446130 Eh
State     Energy / Eh         Splitting / Eh      Splitting / cm-1    Splitting / meV     
0         -4.6117118e+02      +0.0000000e+00      +0.0000000e+00      +0.0000000e+00      
1         -4.6117118e+02      +3.2654270e-09      +7.1667839e-04      +8.8856838e-05      
2         -4.6117118e+02      +2.4489282e-09      +5.3747760e-04      +6.6638762e-05      
3         -4.6117118e+02      +3.0761385e-09      +6.7513435e-04      +8.3706031e-05      
4         -4.6116708e+02      +4.1035332e-03      +9.0062144e+02      +1.1166288e+02      
5         -4.6116708e+02      +5.8536784e-09      +1.2847339e-03      +1.5928678e-04      
Time taken:                      462.8427906 s
===============================================
===============================================
              PySCF DHF interface              
===============================================

Timing report
....integral reading:      25.2294278 s

===============================================
            Relativistic CASCI(3,8)            
===============================================
Will now allocate 0.050 MB memory for the CASCI Hamiltonian!
Time taken for 1-RDM build:        0.0057485 s
Time taken for 1-RDM build:        0.0057194 s
Time taken for 1-RDM build:        0.0057011 s
Time taken for 1-RDM build:        0.0057371 s
Time taken for 1-RDM build:        0.0057118 s
Time taken for 1-RDM build:        0.0057228 s
Time taken for 2-RDM build:        0.0235679 s
Time taken for 2-RDM build:        0.0234749 s
Time taken for 2-RDM build:        0.0234125 s
Time taken for 2-RDM build:        0.0235050 s
Time taken for 2-RDM build:        0.0234094 s
Time taken for 2-RDM build:        0.0234945 s
Time taken for 3-RDM build:        0.0663424 s
Time taken for 3-RDM build:        0.0660188 s
Time taken for 3-RDM build:        0.0652621 s
Time taken for 3-RDM build:        0.0652962 s
Time taken for 3-RDM build:        0.0652342 s
Time taken for 3-RDM build:        0.0652766 s
E_frzc:                        -1939.7138290 Eh
E_cas:                            -2.0100161 Eh
E_nuc:                             0.0000000 Eh
E_casci:                       -1941.7217616 Eh
E0 (from RDM):                 -1941.7217616 Eh
Ecorr:                            -0.1944870 Eh

Timing summary
... Hamil build:                    0.0174994 s
... Hamil diag:                     0.0009425 s
... RDM build:                     50.6110182 s
State     Energy / Eh         Splitting / Eh      Splitting / cm-1    Splitting / meV     
0         -1.9417238e+03      +0.0000000e+00      +0.0000000e+00      +0.0000000e+00      
1         -1.9417238e+03      +1.0702479e-09      +2.3489226e-04      +2.9122942e-05      
2         -1.9417207e+03      +3.1252750e-03      +6.8591858e+02      +8.5043106e+01      
3         -1.9417207e+03      +1.1004886e-09      +2.4152933e-04      +2.9945834e-05      
4         -1.9417207e+03      +9.5178621e-10      +2.0889293e-04      +2.5899434e-05      
5         -1.9417207e+03      +6.4619599e-10      +1.4182362e-04      +1.7583897e-05      
Total time taken:                  54.2788939 s
===============================================

===============================================
            Relativistic DSRG-MRPT3            
===============================================
... compute_energy_pt3_1:     445.7904823 s
... compute_energy_pt2:       1.1891816 s
... compute_energy_pt3_2:     339.3519506 s
... compute_energy_pt3_3:      86.1331301 s
-----------------------------------------------
        DSRG-MRPT3 reference relaxation        
-----------------------------------------------
Iter                          Energy              Delta E   
   -Eref  -1941.7217616       
   -Ecorr -0.8219722       
<Psi^(0)|Hbar^(0)|Psi^(0)>    -1942.5437338       -1.94254e+03
   -Erelax-0.0002707       
<Psi^(0)|Hbar^(1)|Psi^(0)>    -1942.5440045       -2.70749e-04
   -Eref  -1941.7214963       
   -Ecorr -0.8225252       
<Psi^(1)|Hbar^(1)|Psi^(1)>    -1942.5440216       -1.70304e-05
   -Erelax-0.0000000       
<Psi^(1)|Hbar^(2)|Psi^(1)>    -1942.5440216       -3.47654e-10
   -Eref  -1941.7214957       
   -Ecorr -0.8225259       
<Psi^(2)|Hbar^(2)|Psi^(2)>    -1942.5440216       -1.88763e-08
   -Erelax-0.0000000       
<Psi^(2)|Hbar^(3)|Psi^(2)>    -1942.5440216       0.00000e+00
   -Eref  -1941.7214957       
   -Ecorr -0.8225259       
<Psi^(3)|Hbar^(3)|Psi^(3)>    -1942.5440216       -1.75078e-11
   -Erelax0.0000000       
<Psi^(3)|Hbar^(4)|Psi^(3)>    -1942.5440216       0.00000e+00
Unrelaxed DSRG-MRPT3 energy:             -1942.5437338 Eh
Unrelaxed DSRG-MRPT3 E_corr:                -0.8219722 Eh
Partially relaxed DSRG-MRPT3 energy:     -1942.5440045 Eh
Partially relaxed DSRG-MRPT3 E_corr:        -0.8222429 Eh
Relaxed DSRG-MRPT3 energy:               -1942.5440216 Eh
Relaxed DSRG-MRPT3 E_corr:                  -0.8225252 Eh
Fully relaxed DSRG-MRPT3 energy:         -1942.5440216 Eh
Fully relaxed DSRG-MRPT3 E_corr:            -0.8225259 Eh
State     Energy / Eh         Splitting / Eh      Splitting / cm-1    Splitting / meV     
0         -1.9425464e+03      +0.0000000e+00      +0.0000000e+00      +0.0000000e+00      
1         -1.9425464e+03      +6.6620487e-10      +1.4621507e-04      +1.8128367e-05      
2         -1.9425428e+03      +3.5739469e-03      +7.8439068e+02      +9.7252096e+01      
3         -1.9425428e+03      +6.6143002e-10      +1.4516711e-04      +1.7998436e-05      
4         -1.9425428e+03      +5.6616045e-10      +1.2425786e-04      +1.5406018e-05      
5         -1.9425428e+03      +4.1495696e-10      +9.1072525e-05      +1.1291559e-05      
Time taken:                     4495.6156034 s
===============================================
===============================================
              PySCF DHF interface              
===============================================

Timing report
....integral reading:      25.3011861 s

===============================================
            Relativistic CASCI(4,8)            
===============================================
Will now allocate 0.078 MB memory for the CASCI Hamiltonian!
Time taken for 1-RDM build:        0.0086975 s
Time taken for 1-RDM build:        0.0077076 s
Time taken for 1-RDM build:        0.0076494 s
Time taken for 1-RDM build:        0.0076630 s
Time taken for 1-RDM build:        0.0076897 s
Time taken for 1-RDM build:        0.0076735 s
Time taken for 1-RDM build:        0.0076671 s
Time taken for 1-RDM build:        0.0076628 s
Time taken for 1-RDM build:        0.0076413 s
Time taken for 2-RDM build:        0.0349081 s
Time taken for 2-RDM build:        0.0347116 s
Time taken for 2-RDM build:        0.0347006 s
Time taken for 2-RDM build:        0.0346959 s
Time taken for 2-RDM build:        0.0347173 s
Time taken for 2-RDM build:        0.0347466 s
Time taken for 2-RDM build:        0.0346987 s
Time taken for 2-RDM build:        0.0347342 s
Time taken for 2-RDM build:        0.0347075 s
Time taken for 3-RDM build:        0.1522810 s
Time taken for 3-RDM build:        0.1505523 s
Time taken for 3-RDM build:        0.1505456 s
Time taken for 3-RDM build:        0.1527472 s
Time taken for 3-RDM build:        0.1507137 s
Time taken for 3-RDM build:        0.1506786 s
Time taken for 3-RDM build:        0.1506693 s
Time taken for 3-RDM build:        0.1506262 s
Time taken for 3-RDM build:        0.1506536 s
E_frzc:                        -2092.8592106 Eh
E_cas:                            -3.6862998 Eh
E_nuc:                             0.0000000 Eh
E_casci:                       -2096.5413860 Eh
E0 (from RDM):                 -2096.5413860 Eh
Ecorr:                            -0.2153364 Eh

Timing summary
... Hamil build:                    0.0279484 s
... Hamil diag:                     0.0012536 s
... RDM build:                     47.7530887 s
State     Energy / Eh         Splitting / Eh      Splitting / cm-1    Splitting / meV     
0         -2.0965455e+03      +0.0000000e+00      +0.0000000e+00      +0.0000000e+00      
1         -2.0965432e+03      +2.3344184e-03      +5.1234561e+02      +6.3522789e+01      
2         -2.0965432e+03      +6.4164851e-10      +1.4082557e-04      +1.7460154e-05      
3         -2.0965432e+03      +5.3205440e-10      +1.1677244e-04      +1.4477945e-05      
4         -2.0965395e+03      +3.6890520e-03      +8.0965333e+02      +1.0038427e+02      
5         -2.0965395e+03      +9.3723429e-10      +2.0569915e-04      +2.5503456e-05      
6         -2.0965395e+03      +1.0586518e-09      +2.3234722e-04      +2.8807397e-05      
7         -2.0965395e+03      +1.1709744e-09      +2.5699918e-04      +3.1863852e-05      
8         -2.0965395e+03      +1.0372787e-09      +2.2765636e-04      +2.8225805e-05      
Total time taken:                  51.4316156 s
===============================================

===============================================
            Relativistic DSRG-MRPT3            
===============================================
... compute_energy_pt3_1:     421.8701365 s
... compute_energy_pt2:       1.1803174 s
... compute_energy_pt3_2:     359.6040163 s
... compute_energy_pt3_3:      86.3494737 s
-----------------------------------------------
        DSRG-MRPT3 reference relaxation        
-----------------------------------------------
Iter                          Energy              Delta E   
   -Eref  -2096.5413860       
   -Ecorr -0.8358706       
<Psi^(0)|Hbar^(0)|Psi^(0)>    -2097.3772566       -2.09738e+03
   -Erelax-0.0001164       
<Psi^(0)|Hbar^(1)|Psi^(0)>    -2097.3773729       -1.16384e-04
   -Eref  -2096.5412703       
   -Ecorr -0.8361357       
<Psi^(1)|Hbar^(1)|Psi^(1)>    -2097.3774060       -3.30727e-05
   -Erelax-0.0000000       
<Psi^(1)|Hbar^(2)|Psi^(1)>    -2097.3774060       -7.70115e-09
   -Eref  -2096.5412698       
   -Ecorr -0.8361362       
<Psi^(2)|Hbar^(2)|Psi^(2)>    -2097.3774061       -4.48604e-08
   -Erelax-0.0000000       
<Psi^(2)|Hbar^(3)|Psi^(2)>    -2097.3774061       -9.54969e-12
   -Eref  -2096.5412698       
   -Ecorr -0.8361362       
<Psi^(3)|Hbar^(3)|Psi^(3)>    -2097.3774061       -1.69939e-09
   -Erelax-0.0000000       
<Psi^(3)|Hbar^(4)|Psi^(3)>    -2097.3774061       0.00000e+00
Unrelaxed DSRG-MRPT3 energy:             -2097.3772566 Eh
Unrelaxed DSRG-MRPT3 E_corr:                -0.8358706 Eh
Partially relaxed DSRG-MRPT3 energy:     -2097.3773729 Eh
Partially relaxed DSRG-MRPT3 E_corr:        -0.8359870 Eh
Relaxed DSRG-MRPT3 energy:               -2097.3774060 Eh
Relaxed DSRG-MRPT3 E_corr:                  -0.8361357 Eh
Fully relaxed DSRG-MRPT3 energy:         -2097.3774061 Eh
Fully relaxed DSRG-MRPT3 E_corr:            -0.8361362 Eh
State     Energy / Eh         Splitting / Eh      Splitting / cm-1    Splitting / meV     
0         -2.0973819e+03      +0.0000000e+00      +0.0000000e+00      +0.0000000e+00      
1         -2.0973793e+03      +2.5817701e-03      +5.6663304e+02      +7.0253576e+01      
2         -2.0973793e+03      +3.9835868e-10      +8.7429624e-05      +1.0839897e-05      
3         -2.0973793e+03      +3.7016434e-10      +8.1241682e-05      +1.0072690e-05      
4         -2.0973753e+03      +3.9824559e-03      +8.7404804e+02      +1.0836820e+02      
5         -2.0973753e+03      +5.1250026e-10      +1.1248081e-04      +1.3945849e-05      
6         -2.0973753e+03      +5.8935257e-10      +1.2934794e-04      +1.6037108e-05      
7         -2.0973753e+03      +6.0617822e-10      +1.3304074e-04      +1.6494957e-05      
8         -2.0973753e+03      +5.2068572e-10      +1.1427731e-04      +1.4168587e-05      
Time taken:                     4314.2227213 s
===============================================
===============================================
              PySCF DHF interface              
===============================================

Timing report
....integral reading:      24.5324762 s

===============================================
            Relativistic CASCI(5,8)            
===============================================
Will now allocate 0.050 MB memory for the CASCI Hamiltonian!
Time taken for 1-RDM build:        0.0056992 s
Time taken for 1-RDM build:        0.0056756 s
Time taken for 1-RDM build:        0.0056758 s
Time taken for 1-RDM build:        0.0056770 s
Time taken for 1-RDM build:        0.0056705 s
Time taken for 1-RDM build:        0.0056653 s
Time taken for 1-RDM build:        0.0056698 s
Time taken for 1-RDM build:        0.0056822 s
Time taken for 1-RDM build:        0.0056610 s
Time taken for 1-RDM build:        0.0056524 s
Time taken for 1-RDM build:        0.0056479 s
Time taken for 1-RDM build:        0.0056562 s
Time taken for 1-RDM build:        0.0056534 s
Time taken for 1-RDM build:        0.0056515 s
Time taken for 2-RDM build:        0.0254171 s
Time taken for 2-RDM build:        0.0254102 s
Time taken for 2-RDM build:        0.0253942 s
Time taken for 2-RDM build:        0.0253429 s
Time taken for 2-RDM build:        0.0253618 s
Time taken for 2-RDM build:        0.0252934 s
Time taken for 2-RDM build:        0.0253210 s
Time taken for 2-RDM build:        0.0253351 s
Time taken for 2-RDM build:        0.0253413 s
Time taken for 2-RDM build:        0.0253732 s
Time taken for 2-RDM build:        0.0253432 s
Time taken for 2-RDM build:        0.0253243 s
Time taken for 2-RDM build:        0.0253732 s
Time taken for 2-RDM build:        0.0253704 s
Time taken for 3-RDM build:        0.1504672 s
Time taken for 3-RDM build:        0.1486766 s
Time taken for 3-RDM build:        0.1488004 s
Time taken for 3-RDM build:        0.1487453 s
Time taken for 3-RDM build:        0.1484857 s
Time taken for 3-RDM build:        0.1485405 s
Time taken for 3-RDM build:        0.1491015 s
Time taken for 3-RDM build:        0.1486096 s
Time taken for 3-RDM build:        0.1486154 s
Time taken for 3-RDM build:        0.1486545 s
Time taken for 3-RDM build:        0.1488657 s
Time taken for 3-RDM build:        0.1486619 s
Time taken for 3-RDM build:        0.1484594 s
Time taken for 3-RDM build:        0.1485996 s
E_frzc:                        -2252.3726240 Eh
E_cas:                            -6.0718308 Eh
E_nuc:                             0.0000000 Eh
E_casci:                       -2258.3972569 Eh
E0 (from RDM):                 -2258.3972569 Eh
Ecorr:                            -0.0178409 Eh

Timing summary
... Hamil build:                    0.0225694 s
... Hamil diag:                     0.0008645 s
... RDM build:                     47.4752114 s
State     Energy / Eh         Splitting / Eh      Splitting / cm-1    Splitting / meV     
0         -2.2584445e+03      +0.0000000e+00      +0.0000000e+00      +0.0000000e+00      
1         -2.2584445e+03      +5.2432370e-10      +1.1507575e-04      +1.4267581e-05      
2         -2.2584445e+03      +5.2705218e-10      +1.1567458e-04      +1.4341827e-05      
3         -2.2584445e+03      +5.1386451e-10      +1.1278022e-04      +1.3982972e-05      
4         -2.2583793e+03      +6.5107933e-02      +1.4289540e+04      +1.7716780e+03      
5         -2.2583793e+03      +9.2859409e-10      +2.0380284e-04      +2.5268344e-05      
6         -2.2583793e+03      +1.1159500e-09      +2.4492271e-04      +3.0366561e-05      
7         -2.2583793e+03      +5.1250026e-10      +1.1248081e-04      +1.3945849e-05      
8         -2.2583777e+03      +1.6153755e-03      +3.5453394e+02      +4.3956628e+01      
9         -2.2583777e+03      +7.5033313e-10      +1.6467909e-04      +2.0417614e-05      
10        -2.2583777e+03      +4.8839865e-10      +1.0719111e-04      +1.3290011e-05      
11        -2.2583777e+03      +1.4611032e-09      +3.2067509e-04      +3.9758663e-05      
12        -2.2583777e+03      +1.6329977e-09      +3.5840157e-04      +4.4436153e-05      
13        -2.2583777e+03      +6.3982952e-10      +1.4042635e-04      +1.7410656e-05      
Total time taken:                  51.1456215 s
===============================================

===============================================
            Relativistic DSRG-MRPT3            
===============================================
... compute_energy_pt3_1:     411.8318121 s
... compute_energy_pt2:       1.1490843 s
... compute_energy_pt3_2:     351.4752572 s
... compute_energy_pt3_3:      89.8262496 s
-----------------------------------------------
        DSRG-MRPT3 reference relaxation        
-----------------------------------------------
Iter                          Energy              Delta E   
   -Eref  -2258.3972569       
   -Ecorr -0.8609489       
<Psi^(0)|Hbar^(0)|Psi^(0)>    -2259.2582058       -2.25926e+03
   -Erelax-0.0000072       
<Psi^(0)|Hbar^(1)|Psi^(0)>    -2259.2582130       -7.21582e-06
   -Eref  -2258.3972504       
   -Ecorr -0.8609633       
<Psi^(1)|Hbar^(1)|Psi^(1)>    -2259.2582136       -6.53499e-07
   -Erelax-0.0000000       
<Psi^(1)|Hbar^(2)|Psi^(1)>    -2259.2582136       -5.26143e-10
   -Eref  -2258.3972503       
   -Ecorr -0.8609633       
<Psi^(2)|Hbar^(2)|Psi^(2)>    -2259.2582136       2.03509e-08
   -Erelax-0.0000000       
<Psi^(2)|Hbar^(3)|Psi^(2)>    -2259.2582136       -4.54747e-13
   -Eref  -2258.3972503       
   -Ecorr -0.8609633       
<Psi^(3)|Hbar^(3)|Psi^(3)>    -2259.2582136       6.26187e-10
   -Erelax-0.0000000       
<Psi^(3)|Hbar^(4)|Psi^(3)>    -2259.2582136       0.00000e+00
Unrelaxed DSRG-MRPT3 energy:             -2259.2582058 Eh
Unrelaxed DSRG-MRPT3 E_corr:                -0.8609489 Eh
Partially relaxed DSRG-MRPT3 energy:     -2259.2582130 Eh
Partially relaxed DSRG-MRPT3 E_corr:        -0.8609561 Eh
Relaxed DSRG-MRPT3 energy:               -2259.2582136 Eh
Relaxed DSRG-MRPT3 E_corr:                  -0.8609633 Eh
Fully relaxed DSRG-MRPT3 energy:         -2259.2582136 Eh
Fully relaxed DSRG-MRPT3 E_corr:            -0.8609633 Eh
State     Energy / Eh         Splitting / Eh      Splitting / cm-1    Splitting / meV     
0         -2.2592993e+03      +0.0000000e+00      +0.0000000e+00      +0.0000000e+00      
1         -2.2592993e+03      +2.4374458e-10      +5.3495752e-05      +6.6326310e-06      
2         -2.2592993e+03      +2.5920599e-10      +5.6889139e-05      +7.0533576e-06      
3         -2.2592993e+03      +2.4147084e-10      +5.2996724e-05      +6.5707595e-06      
4         -2.2592427e+03      +5.6641084e-02      +1.2431281e+04      +1.5412831e+03      
5         -2.2592427e+03      +3.5061021e-10      +7.6950046e-05      +9.5405943e-06      
6         -2.2592427e+03      +3.1377567e-10      +6.8865800e-05      +8.5382750e-06      
7         -2.2592427e+03      +2.8103386e-10      +6.1679803e-05      +7.6473246e-06      
8         -2.2592411e+03      +1.5561882e-03      +3.4154383e+02      +4.2346059e+01      
9         -2.2592411e+03      +4.0654413e-10      +8.9226123e-05      +1.1062635e-05      
10        -2.2592411e+03      +1.1641532e-10      +2.5550210e-05      +3.1678238e-06      
11        -2.2592411e+03      +6.7939254e-10      +1.4910943e-04      +1.8487222e-05      
12        -2.2592411e+03      +7.4305717e-10      +1.6308220e-04      +2.0219625e-05      
13        -2.2592411e+03      +2.4192559e-10      +5.3096530e-05      +6.5831338e-06      
Time taken:                     4458.1138248 s
===============================================
===============================================
              PySCF DHF interface              
===============================================

Timing report
....integral reading:      25.1011267 s

===============================================
            Relativistic CASCI(6,8)            
===============================================
Will now allocate 0.013 MB memory for the CASCI Hamiltonian!
Time taken for 1-RDM build:        0.0022109 s
Time taken for 1-RDM build:        0.0021880 s
Time taken for 1-RDM build:        0.0021904 s
Time taken for 1-RDM build:        0.0021853 s
Time taken for 1-RDM build:        0.0021951 s
Time taken for 1-RDM build:        0.0022039 s
Time taken for 1-RDM build:        0.0021985 s
Time taken for 1-RDM build:        0.0021942 s
Time taken for 1-RDM build:        0.0021858 s
Time taken for 2-RDM build:        0.0086632 s
Time taken for 2-RDM build:        0.0085826 s
Time taken for 2-RDM build:        0.0085678 s
Time taken for 2-RDM build:        0.0085623 s
Time taken for 2-RDM build:        0.0085661 s
Time taken for 2-RDM build:        0.0085866 s
Time taken for 2-RDM build:        0.0085738 s
Time taken for 2-RDM build:        0.0085902 s
Time taken for 2-RDM build:        0.0085554 s
Time taken for 3-RDM build:        0.0695460 s
Time taken for 3-RDM build:        0.0660307 s
Time taken for 3-RDM build:        0.0677559 s
Time taken for 3-RDM build:        0.0660100 s
Time taken for 3-RDM build:        0.0659792 s
Time taken for 3-RDM build:        0.0659757 s
Time taken for 3-RDM build:        0.0660238 s
Time taken for 3-RDM build:        0.0659454 s
Time taken for 3-RDM build:        0.0659811 s
E_frzc:                        -2418.2608262 Eh
E_cas:                            -9.1774708 Eh
E_nuc:                             0.0000000 Eh
E_casci:                       -2427.4340589 Eh
E0 (from RDM):                 -2427.4340589 Eh
Ecorr:                            -0.1372548 Eh

Timing summary
... Hamil build:                    0.0100014 s
... Hamil diag:                     0.0003877 s
... RDM build:                     46.4343238 s
State     Energy / Eh         Splitting / Eh      Splitting / cm-1    Splitting / meV     
0         -2.4274383e+03      +0.0000000e+00      +0.0000000e+00      +0.0000000e+00      
1         -2.4274383e+03      +1.9413164e-09      +4.2606971e-04      +5.2825936e-05      
2         -2.4274383e+03      +8.9721652e-10      +1.9691626e-04      +2.4414517e-05      
3         -2.4274383e+03      +1.1737029e-09      +2.5759801e-04      +3.1938098e-05      
4         -2.4274383e+03      +1.8349056e-09      +4.0271522e-04      +4.9930347e-05      
5         -2.4274294e+03      +8.8831576e-03      +1.9496277e+03      +2.4172315e+02      
6         -2.4274294e+03      +4.1914063e-09      +9.1990735e-04      +1.1405403e-04      
7         -2.4274294e+03      +4.1027306e-09      +9.0044528e-04      +1.1164104e-04      
8         -2.4274268e+03      +2.6102260e-03      +5.7287839e+02      +7.1027902e+01      
Total time taken:                  50.0858026 s
===============================================

===============================================
            Relativistic DSRG-MRPT3            
===============================================
... compute_energy_pt3_1:     402.0058131 s
... compute_energy_pt2:       1.1698487 s
... compute_energy_pt3_2:     367.3802807 s
... compute_energy_pt3_3:      98.5020168 s
-----------------------------------------------
        DSRG-MRPT3 reference relaxation        
-----------------------------------------------
Iter                          Energy              Delta E   
   -Eref  -2427.4340589       
   -Ecorr -0.8868247       
<Psi^(0)|Hbar^(0)|Psi^(0)>    -2428.3208836       -2.42832e+03
   -Erelax-0.0000084       
<Psi^(0)|Hbar^(1)|Psi^(0)>    -2428.3208920       -8.43981e-06
   -Eref  -2427.4340494       
   -Ecorr -0.8868480       
<Psi^(1)|Hbar^(1)|Psi^(1)>    -2428.3208974       -5.43831e-06
   -Erelax-0.0000000       
<Psi^(1)|Hbar^(2)|Psi^(1)>    -2428.3208974       -5.27507e-11
   -Eref  -2427.4340494       
   -Ecorr -0.8868480       
<Psi^(2)|Hbar^(2)|Psi^(2)>    -2428.3208974       5.26325e-09
   -Erelax0.0000000       
<Psi^(2)|Hbar^(3)|Psi^(2)>    -2428.3208974       0.00000e+00
Unrelaxed DSRG-MRPT3 energy:             -2428.3208836 Eh
Unrelaxed DSRG-MRPT3 E_corr:                -0.8868247 Eh
Partially relaxed DSRG-MRPT3 energy:     -2428.3208920 Eh
Partially relaxed DSRG-MRPT3 E_corr:        -0.8868331 Eh
Relaxed DSRG-MRPT3 energy:               -2428.3208974 Eh
Relaxed DSRG-MRPT3 E_corr:                  -0.8868480 Eh
Fully relaxed DSRG-MRPT3 energy:         -2428.3208974 Eh
Fully relaxed DSRG-MRPT3 E_corr:            -0.8868480 Eh
State     Energy / Eh         Splitting / Eh      Splitting / cm-1    Splitting / meV     
0         -2.4283253e+03      +0.0000000e+00      +0.0000000e+00      +0.0000000e+00      
1         -2.4283253e+03      +7.2031980e-10      +1.5809192e-04      +1.9600910e-05      
2         -2.4283253e+03      +6.6802386e-10      +1.4661429e-04      +1.8177864e-05      
3         -2.4283253e+03      +7.3941919e-10      +1.6228375e-04      +2.0120631e-05      
4         -2.4283253e+03      +6.6893335e-10      +1.4681390e-04      +1.8202612e-05      
5         -2.4283160e+03      +9.2791168e-03      +2.0365307e+03      +2.5249775e+02      
6         -2.4283160e+03      +1.9617801e-09      +4.3056096e-04      +5.3382780e-05      
7         -2.4283160e+03      +1.9108484e-09      +4.1938274e-04      +5.1996857e-05      
8         -2.4283133e+03      +2.7033959e-03      +5.9332681e+02      +7.3563184e+01      
Time taken:                     3277.6295524 s
===============================================
===============================================
              PySCF DHF interface              
===============================================

Timing report
....integral reading:      24.8750896 s

===============================================
            Relativistic CASCI(7,8)            
===============================================
Will now allocate 0.001 MB memory for the CASCI Hamiltonian!
Time taken for 1-RDM build:        0.0003810 s
Time taken for 1-RDM build:        0.0003631 s
Time taken for 1-RDM build:        0.0003633 s
Time taken for 1-RDM build:        0.0003598 s
Time taken for 1-RDM build:        0.0003598 s
Time taken for 1-RDM build:        0.0003653 s
Time taken for 2-RDM build:        0.0010602 s
Time taken for 2-RDM build:        0.0009906 s
Time taken for 2-RDM build:        0.0009854 s
Time taken for 2-RDM build:        0.0009880 s
Time taken for 2-RDM build:        0.0009866 s
Time taken for 2-RDM build:        0.0009949 s
Time taken for 3-RDM build:        0.0139658 s
Time taken for 3-RDM build:        0.0123193 s
Time taken for 3-RDM build:        0.0123093 s
Time taken for 3-RDM build:        0.0122933 s
Time taken for 3-RDM build:        0.0123112 s
Time taken for 3-RDM build:        0.0123043 s
E_frzc:                        -2590.5378304 Eh
E_cas:                           -13.1880855 Eh
E_nuc:                             0.0000000 Eh
E_casci:                       -2603.7203212 Eh
E0 (from RDM):                 -2603.7203212 Eh
Ecorr:                            -0.0318830 Eh

Timing summary
... Hamil build:                    0.0023847 s
... Hamil diag:                     0.0001152 s
... RDM build:                     46.1079669 s
State     Energy / Eh         Splitting / Eh      Splitting / cm-1    Splitting / meV     
0         -2.6037259e+03      +0.0000000e+00      +0.0000000e+00      +0.0000000e+00      
1         -2.6037259e+03      +9.2413757e-09      +2.0282475e-03      +2.5147076e-04      
2         -2.6037259e+03      +1.8784249e-08      +4.1226661e-03      +5.1114569e-04      
3         -2.6037259e+03      +9.8884811e-09      +2.1702707e-03      +2.6907941e-04      
4         -2.6037091e+03      +1.6783801e-02      +3.6836186e+03      +4.5671072e+02      
5         -2.6037091e+03      +7.4087438e-09      +1.6260313e-03      +2.0160228e-04      
Total time taken:                  49.7516599 s
===============================================

===============================================
            Relativistic DSRG-MRPT3            
===============================================
... compute_energy_pt3_1:     415.4739242 s
... compute_energy_pt2:       1.2209711 s
... compute_energy_pt3_2:     360.6410947 s
... compute_energy_pt3_3:      98.3228519 s
-----------------------------------------------
        DSRG-MRPT3 reference relaxation        
-----------------------------------------------
Iter                          Energy              Delta E   
   -Eref  -2603.7203212       
   -Ecorr -0.9239418       
<Psi^(0)|Hbar^(0)|Psi^(0)>    -2604.6442630       -2.60464e+03
   -Erelax0.0000000       
<Psi^(0)|Hbar^(1)|Psi^(0)>    -2604.6442630       0.00000e+00
   -Eref  -2603.7203212       
   -Ecorr -0.9239418       
<Psi^(1)|Hbar^(1)|Psi^(1)>    -2604.6442630       -9.09495e-13
   -Erelax-0.0000000       
<Psi^(1)|Hbar^(2)|Psi^(1)>    -2604.6442630       0.00000e+00
Unrelaxed DSRG-MRPT3 energy:             -2604.6442630 Eh
Unrelaxed DSRG-MRPT3 E_corr:                -0.9239418 Eh
Partially relaxed DSRG-MRPT3 energy:     -2604.6442630 Eh
Partially relaxed DSRG-MRPT3 E_corr:        -0.9239418 Eh
Relaxed DSRG-MRPT3 energy:               -2604.6442630 Eh
Relaxed DSRG-MRPT3 E_corr:                  -0.9239418 Eh
Fully relaxed DSRG-MRPT3 energy:         -2604.6442630 Eh
Fully relaxed DSRG-MRPT3 E_corr:            -0.9239418 Eh
State     Energy / Eh         Splitting / Eh      Splitting / cm-1    Splitting / meV     
0         -2.6046499e+03      +0.0000000e+00      +0.0000000e+00      +0.0000000e+00      
1         -2.6046499e+03      +3.4974619e-09      +7.6760415e-04      +9.5170831e-05      
2         -2.6046499e+03      +6.6206667e-09      +1.4530684e-03      +1.8015760e-04      
3         -2.6046499e+03      +3.8630787e-09      +8.4784778e-04      +1.0511978e-04      
4         -2.6046329e+03      +1.7011223e-02      +3.7335320e+03      +4.6289919e+02      
5         -2.6046329e+03      +3.3887773e-09      +7.4375064e-04      +9.2213370e-05      
Time taken:                     2174.8974290 s
===============================================
