NOW DOING s=1.29!
===============================================
              PySCF DHF interface              
===============================================
Will now allocate 796.594 MB memory for the AO ERI tensor!

Timing report
....integral transformation:      52.6022449 s

===============================================
            Relativistic CASCI(3,8)            
===============================================
Will now allocate 0.050 MB memory for the CASCI Hamiltonian!
Time taken for 1-RDM build:        0.0207901 s
Time taken for 1-RDM build:        0.0207939 s
Time taken for 1-RDM build:        0.0206892 s
Time taken for 1-RDM build:        0.0207016 s
Time taken for 1-RDM build:        0.0206988 s
Time taken for 1-RDM build:        0.0200429 s
Time taken for 2-RDM build:        0.0797729 s
Time taken for 2-RDM build:        0.0799172 s
Time taken for 2-RDM build:        0.0797436 s
Time taken for 2-RDM build:        0.0800135 s
Time taken for 2-RDM build:        0.0797746 s
Time taken for 2-RDM build:        0.0798604 s
Time taken for 3-RDM build:        0.1801677 s
Time taken for 3-RDM build:        0.1791179 s
Time taken for 3-RDM build:        0.1789160 s
Time taken for 3-RDM build:        0.1790752 s
Time taken for 3-RDM build:        0.1790910 s
Time taken for 3-RDM build:        0.1787233 s
E_frzc:                          -21.9899228 Eh
E_cas:                            -2.5754278 Eh
E_nuc:                             0.0000000 Eh
E_casci:                         -24.5653104 Eh
E0 (from RDM):                   -24.5653104 Eh
Ecorr:                            -0.2764703 Eh

Timing summary
... Hamil build:                    0.0695355 s
... Hamil diag:                     0.0013542 s
... RDM build:                      5.2032108 s
State     Energy / Eh         Splitting / Eh      Splitting / cm-1    Splitting / meV     
0         -2.4565351e+01      +0.0000000e+00      +0.0000000e+00      +0.0000000e+00      
1         -2.4565351e+01      +1.6292141e-09      +3.5757116e-04      +4.4333195e-05      
2         -2.4565290e+01      +6.0370290e-05      +1.3249747e+01      +1.6427601e+00      
3         -2.4565290e+01      +8.2750518e-10      +1.8161639e-04      +2.2517574e-05      
4         -2.4565290e+01      +8.6880192e-10      +1.9067998e-04      +2.3641316e-05      
5         -2.4565290e+01      +1.8699780e-09      +4.1041272e-04      +5.0884716e-05      
Total time taken:                   5.4516978 s
===============================================

===============================================
            Relativistic DSRG-MRPT3            
===============================================
... compute_energy_pt3_1:      15.5128839 s
... compute_energy_pt2:       0.0816264 s
... compute_energy_pt3_2:      11.9496431 s
... compute_energy_pt3_3:       2.6874900 s
-----------------------------------------------
        DSRG-MRPT3 reference relaxation        
-----------------------------------------------
Iter                          Energy              Delta E   
   -Eref  -24.5653104       
   -Ecorr -0.0777259       
<Psi^(0)|Hbar^(0)|Psi^(0)>    -24.6430363         -2.46430e+01
   -Erelax-0.0006226       
<Psi^(0)|Hbar^(1)|Psi^(0)>    -24.6436589         -6.22617e-04
   -Eref  -24.5646836       
   -Ecorr -0.0788190       
<Psi^(1)|Hbar^(1)|Psi^(1)>    -24.6435026         1.56371e-04
   -Erelax-0.0000000       
<Psi^(1)|Hbar^(2)|Psi^(1)>    -24.6435026         -3.33955e-13
   -Eref  -24.5646836       
   -Ecorr -0.0788190       
<Psi^(2)|Hbar^(2)|Psi^(2)>    -24.6435026         2.99454e-09
   -Erelax-0.0000000       
<Psi^(2)|Hbar^(3)|Psi^(2)>    -24.6435026         0.00000e+00
Unrelaxed DSRG-MRPT3 energy:               -24.6430363 Eh
Unrelaxed DSRG-MRPT3 E_corr:                -0.0777259 Eh
Partially relaxed DSRG-MRPT3 energy:       -24.6436589 Eh
Partially relaxed DSRG-MRPT3 E_corr:        -0.0783486 Eh
Relaxed DSRG-MRPT3 energy:                 -24.6435026 Eh
Relaxed DSRG-MRPT3 E_corr:                  -0.0788190 Eh
Fully relaxed DSRG-MRPT3 energy:           -24.6435026 Eh
Fully relaxed DSRG-MRPT3 E_corr:            -0.0788190 Eh
State     Energy / Eh         Splitting / Eh      Splitting / cm-1    Splitting / meV     
0         -2.4643546e+01      +0.0000000e+00      +0.0000000e+00      +0.0000000e+00      
1         -2.4643546e+01      +3.7431391e-10      +8.2152408e-05      +1.0185605e-05      
2         -2.4643481e+01      +6.4725790e-05      +1.4205669e+01      +1.7612793e+00      
3         -2.4643481e+01      +2.7219471e-10      +5.9739834e-05      +7.4067989e-06      
4         -2.4643481e+01      +2.1446311e-10      +4.7069213e-05      +5.8358414e-06      
5         -2.4643481e+01      +3.2367709e-10      +7.1038908e-05      +8.8077063e-06      
Time taken:                      130.7940073 s
===============================================
===============================================
              PySCF DHF interface              
===============================================
Will now allocate 796.594 MB memory for the AO ERI tensor!

Timing report
....integral transformation:      53.9310851 s

===============================================
            Relativistic CASCI(4,8)            
===============================================
Will now allocate 0.078 MB memory for the CASCI Hamiltonian!
Time taken for 1-RDM build:        0.0311825 s
Time taken for 1-RDM build:        0.0311816 s
Time taken for 1-RDM build:        0.0312412 s
Time taken for 1-RDM build:        0.0287728 s
Time taken for 1-RDM build:        0.0276885 s
Time taken for 1-RDM build:        0.0276446 s
Time taken for 1-RDM build:        0.0276389 s
Time taken for 1-RDM build:        0.0274746 s
Time taken for 1-RDM build:        0.0282378 s
Time taken for 2-RDM build:        0.1204498 s
Time taken for 2-RDM build:        0.1264498 s
Time taken for 2-RDM build:        0.1249840 s
Time taken for 2-RDM build:        0.1246741 s
Time taken for 2-RDM build:        0.1251688 s
Time taken for 2-RDM build:        0.1249168 s
Time taken for 2-RDM build:        0.1235995 s
Time taken for 2-RDM build:        0.1205080 s
Time taken for 2-RDM build:        0.1204689 s
Time taken for 3-RDM build:        0.3870292 s
Time taken for 3-RDM build:        0.3858190 s
Time taken for 3-RDM build:        0.3870163 s
Time taken for 3-RDM build:        0.3833802 s
Time taken for 3-RDM build:        0.3839409 s
Time taken for 3-RDM build:        0.3833380 s
Time taken for 3-RDM build:        0.3834019 s
Time taken for 3-RDM build:        0.3858025 s
Time taken for 3-RDM build:        0.3834152 s
E_frzc:                          -32.3709352 Eh
E_cas:                            -5.3467114 Eh
E_nuc:                             0.0000000 Eh
E_casci:                         -37.7175257 Eh
E0 (from RDM):                   -37.7175257 Eh
Ecorr:                            -0.4429083 Eh

Timing summary
... Hamil build:                    0.1079166 s
... Hamil diag:                     0.0021660 s
... RDM build:                      8.3966641 s
State     Energy / Eh         Splitting / Eh      Splitting / cm-1    Splitting / meV     
0         -3.7717647e+01      +0.0000000e+00      +0.0000000e+00      +0.0000000e+00      
1         -3.7717578e+01      +6.8056777e-05      +1.4936736e+01      +1.8519201e+00      
2         -3.7717578e+01      +1.0789876e-09      +2.3681040e-04      +2.9360761e-05      
3         -3.7717578e+01      +1.2285710e-09      +2.6964017e-04      +3.3431136e-05      
4         -3.7717470e+01      +1.0852195e-04      +2.3817815e+01      +2.9530341e+00      
5         -3.7717470e+01      +3.7325520e-10      +8.1920048e-05      +1.0156796e-05      
6         -3.7717470e+01      +9.5213437e-10      +2.0896934e-04      +2.5908908e-05      
7         -3.7717470e+01      +4.4994408e-10      +9.8751311e-05      +1.2243608e-05      
8         -3.7717470e+01      +5.6219562e-10      +1.2338768e-04      +1.5298129e-05      
Total time taken:                   8.6840789 s
===============================================

===============================================
            Relativistic DSRG-MRPT3            
===============================================
... compute_energy_pt3_1:      15.9129202 s
... compute_energy_pt2:       0.0871162 s
... compute_energy_pt3_2:      11.9275653 s
... compute_energy_pt3_3:       2.6796281 s
-----------------------------------------------
        DSRG-MRPT3 reference relaxation        
-----------------------------------------------
Iter                          Energy              Delta E   
   -Eref  -37.7175257       
   -Ecorr -0.1171719       
<Psi^(0)|Hbar^(0)|Psi^(0)>    -37.8346976         -3.78347e+01
   -Erelax-0.0000199       
<Psi^(0)|Hbar^(1)|Psi^(0)>    -37.8347175         -1.98946e-05
   -Eref  -37.7175045       
   -Ecorr -0.1173065       
<Psi^(1)|Hbar^(1)|Psi^(1)>    -37.8348110         -9.34655e-05
   -Erelax-0.0000000       
<Psi^(1)|Hbar^(2)|Psi^(1)>    -37.8348110         -2.59503e-09
   -Eref  -37.7175049       
   -Ecorr -0.1173051       
<Psi^(2)|Hbar^(2)|Psi^(2)>    -37.8348101         9.18439e-07
   -Erelax-0.0000000       
<Psi^(2)|Hbar^(3)|Psi^(2)>    -37.8348101         -2.38529e-11
   -Eref  -37.7175049       
   -Ecorr -0.1173051       
<Psi^(3)|Hbar^(3)|Psi^(3)>    -37.8348101         -7.85089e-09
   -Erelax-0.0000000       
<Psi^(3)|Hbar^(4)|Psi^(3)>    -37.8348101         -8.10019e-13
Unrelaxed DSRG-MRPT3 energy:               -37.8346976 Eh
Unrelaxed DSRG-MRPT3 E_corr:                -0.1171719 Eh
Partially relaxed DSRG-MRPT3 energy:       -37.8347175 Eh
Partially relaxed DSRG-MRPT3 E_corr:        -0.1171918 Eh
Relaxed DSRG-MRPT3 energy:                 -37.8348110 Eh
Relaxed DSRG-MRPT3 E_corr:                  -0.1173065 Eh
Fully relaxed DSRG-MRPT3 energy:           -37.8348101 Eh
Fully relaxed DSRG-MRPT3 E_corr:            -0.1173051 Eh
State     Energy / Eh         Splitting / Eh      Splitting / cm-1    Splitting / meV     
0         -3.7834971e+01      +0.0000000e+00      +0.0000000e+00      +0.0000000e+00      
1         -3.7834884e+01      +8.7033883e-05      +1.9101729e+01      +2.3683137e+00      
2         -3.7834884e+01      +1.0896173e-10      +2.3914335e-05      +2.9650011e-06      
3         -3.7834884e+01      +5.4335203e-11      +1.1925199e-05      +1.4785369e-06      
4         -3.7834734e+01      +1.4982797e-04      +3.2883439e+01      +4.0770287e+00      
5         -3.7834734e+01      +6.2158279e-11      +1.3642165e-05      +1.6914137e-06      
6         -3.7834734e+01      +7.8152596e-11      +1.7152512e-05      +2.1266415e-06      
7         -3.7834734e+01      +1.8717117e-10      +4.1079323e-05      +5.0931893e-06      
8         -3.7834734e+01      +2.6908253e-11      +5.9056790e-06      +7.3221122e-07      
Time taken:                      184.5530946 s
===============================================
===============================================
              PySCF DHF interface              
===============================================
Will now allocate 796.594 MB memory for the AO ERI tensor!

Timing report
....integral transformation:      54.4872851 s

===============================================
            Relativistic CASCI(5,8)            
===============================================
Will now allocate 0.050 MB memory for the CASCI Hamiltonian!
Time taken for 1-RDM build:        0.0214050 s
Time taken for 1-RDM build:        0.0215063 s
Time taken for 1-RDM build:        0.0213716 s
Time taken for 1-RDM build:        0.0215623 s
Time taken for 1-RDM build:        0.0210860 s
Time taken for 1-RDM build:        0.0204291 s
Time taken for 1-RDM build:        0.0202799 s
Time taken for 1-RDM build:        0.0203717 s
Time taken for 1-RDM build:        0.0203915 s
Time taken for 1-RDM build:        0.0203111 s
Time taken for 1-RDM build:        0.0203824 s
Time taken for 1-RDM build:        0.0203147 s
Time taken for 1-RDM build:        0.0204024 s
Time taken for 1-RDM build:        0.0204501 s
Time taken for 2-RDM build:        0.0853651 s
Time taken for 2-RDM build:        0.0854511 s
Time taken for 2-RDM build:        0.0864320 s
Time taken for 2-RDM build:        0.0859616 s
Time taken for 2-RDM build:        0.0859754 s
Time taken for 2-RDM build:        0.0856073 s
Time taken for 2-RDM build:        0.0857971 s
Time taken for 2-RDM build:        0.0855651 s
Time taken for 2-RDM build:        0.0858076 s
Time taken for 2-RDM build:        0.0856223 s
Time taken for 2-RDM build:        0.0860631 s
Time taken for 2-RDM build:        0.0855279 s
Time taken for 2-RDM build:        0.0860691 s
Time taken for 2-RDM build:        0.0860236 s
Time taken for 3-RDM build:        0.3539042 s
Time taken for 3-RDM build:        0.3519931 s
Time taken for 3-RDM build:        0.3523004 s
Time taken for 3-RDM build:        0.3522086 s
Time taken for 3-RDM build:        0.3525832 s
Time taken for 3-RDM build:        0.3514826 s
Time taken for 3-RDM build:        0.3523507 s
Time taken for 3-RDM build:        0.3520908 s
Time taken for 3-RDM build:        0.3520820 s
Time taken for 3-RDM build:        0.3518553 s
Time taken for 3-RDM build:        0.3532929 s
Time taken for 3-RDM build:        0.3523750 s
Time taken for 3-RDM build:        0.3514724 s
Time taken for 3-RDM build:        0.3520148 s
E_frzc:                          -44.7567199 Eh
E_cas:                            -9.6666253 Eh
E_nuc:                             0.0000000 Eh
E_casci:                         -54.3487687 Eh
E0 (from RDM):                   -54.3487687 Eh
Ecorr:                            -0.4454114 Eh

Timing summary
... Hamil build:                    0.0872493 s
... Hamil diag:                     0.0010338 s
... RDM build:                     10.0115027 s
State     Energy / Eh         Splitting / Eh      Splitting / cm-1    Splitting / meV     
0         -5.4423345e+01      +0.0000000e+00      +0.0000000e+00      +0.0000000e+00      
1         -5.4423345e+01      +1.0766144e-09      +2.3628954e-04      +2.9296183e-05      
2         -5.4423345e+01      +1.0765078e-09      +2.3626614e-04      +2.9293283e-05      
3         -5.4423345e+01      +1.0764154e-09      +2.3624587e-04      +2.9290769e-05      
4         -5.4318958e+01      +1.0438692e-01      +2.2910281e+04      +2.8405142e+03      
5         -5.4318958e+01      +1.1012489e-09      +2.4169619e-04      +2.9966522e-05      
6         -5.4318958e+01      +1.1371313e-09      +2.4957147e-04      +3.0942933e-05      
7         -5.4318958e+01      +5.9976912e-10      +1.3163411e-04      +1.6320557e-05      
8         -5.4318958e+01      +1.1947492e-09      +2.6221714e-04      +3.2510797e-05      
9         -5.4318958e+01      +1.3782895e-09      +3.0249957e-04      +3.7505185e-05      
10        -5.4318908e+01      +5.0508872e-05      +1.1085416e+01      +1.3744171e+00      
11        -5.4318908e+01      +3.9502766e-09      +8.6698548e-04      +1.0749255e-04      
12        -5.4318908e+01      +3.0347778e-09      +6.6605673e-04      +8.2580549e-05      
13        -5.4318908e+01      +2.9868943e-09      +6.5554752e-04      +8.1277572e-05      
Total time taken:                  10.2801940 s
===============================================

===============================================
            Relativistic DSRG-MRPT3            
===============================================
... compute_energy_pt3_1:      15.0046737 s
... compute_energy_pt2:       0.0833488 s
... compute_energy_pt3_2:      12.0980458 s
... compute_energy_pt3_3:       2.6953998 s
-----------------------------------------------
        DSRG-MRPT3 reference relaxation        
-----------------------------------------------
Iter                          Energy              Delta E   
   -Eref  -54.3487687       
   -Ecorr -0.1675980       
<Psi^(0)|Hbar^(0)|Psi^(0)>    -54.5163667         -5.45164e+01
   -Erelax-0.0000000       
<Psi^(0)|Hbar^(1)|Psi^(0)>    -54.5163667         -1.13992e-08
   -Eref  -54.3487687       
   -Ecorr -0.1675980       
<Psi^(1)|Hbar^(1)|Psi^(1)>    -54.5163667         -1.26011e-08
   -Erelax-0.0000000       
<Psi^(1)|Hbar^(2)|Psi^(1)>    -54.5163667         -3.75877e-12
   -Eref  -54.3487687       
   -Ecorr -0.1675980       
<Psi^(2)|Hbar^(2)|Psi^(2)>    -54.5163667         -4.68823e-10
   -Erelax-0.0000000       
<Psi^(2)|Hbar^(3)|Psi^(2)>    -54.5163667         -2.84217e-14
Unrelaxed DSRG-MRPT3 energy:               -54.5163667 Eh
Unrelaxed DSRG-MRPT3 E_corr:                -0.1675980 Eh
Partially relaxed DSRG-MRPT3 energy:       -54.5163667 Eh
Partially relaxed DSRG-MRPT3 E_corr:        -0.1675980 Eh
Relaxed DSRG-MRPT3 energy:                 -54.5163667 Eh
Relaxed DSRG-MRPT3 E_corr:                  -0.1675980 Eh
Fully relaxed DSRG-MRPT3 energy:           -54.5163667 Eh
Fully relaxed DSRG-MRPT3 E_corr:            -0.1675980 Eh
State     Energy / Eh         Splitting / Eh      Splitting / cm-1    Splitting / meV     
0         -5.4581551e+01      +0.0000000e+00      +0.0000000e+00      +0.0000000e+00      
1         -5.4581551e+01      +2.0666135e-10      +4.5356924e-05      +5.6235446e-06      
2         -5.4581551e+01      +2.0670399e-10      +4.5366281e-05      +5.6247047e-06      
3         -5.4581551e+01      +2.0673241e-10      +4.5372519e-05      +5.6254781e-06      
4         -5.4490297e+01      +9.1254530e-02      +2.0028054e+04      +2.4831634e+03      
5         -5.4490297e+01      +1.0665246e-10      +2.3407510e-05      +2.9021628e-06      
6         -5.4490297e+01      +1.0196288e-10      +2.2378266e-05      +2.7745527e-06      
7         -5.4490297e+01      +7.2638784e-11      +1.5942370e-05      +1.9766029e-06      
8         -5.4490297e+01      +5.9564798e-11      +1.3072962e-05      +1.6208415e-06      
9         -5.4490297e+01      +9.1276320e-11      +2.0032837e-05      +2.4837564e-06      
10        -5.4490287e+01      +9.3300372e-06      +2.0477065e+00      +2.5388337e-01      
11        -5.4490287e+01      +4.1247006e-11      +9.0526713e-06      +1.1223887e-06      
12        -5.4490287e+01      +4.5901061e-11      +1.0074118e-05      +1.2490321e-06      
13        -5.4490287e+01      +1.8226842e-10      +4.0003295e-05      +4.9597788e-06      
Time taken:                      138.0116017 s
===============================================
===============================================
              PySCF DHF interface              
===============================================
Will now allocate 796.594 MB memory for the AO ERI tensor!

Timing report
....integral transformation:      52.2342141 s

===============================================
            Relativistic CASCI(6,8)            
===============================================
Will now allocate 0.013 MB memory for the CASCI Hamiltonian!
Time taken for 1-RDM build:        0.0085683 s
Time taken for 1-RDM build:        0.0084927 s
Time taken for 1-RDM build:        0.0083952 s
Time taken for 1-RDM build:        0.0086381 s
Time taken for 1-RDM build:        0.0085225 s
Time taken for 1-RDM build:        0.0086036 s
Time taken for 1-RDM build:        0.0083518 s
Time taken for 1-RDM build:        0.0085301 s
Time taken for 1-RDM build:        0.0085609 s
Time taken for 2-RDM build:        0.0278955 s
Time taken for 2-RDM build:        0.0280771 s
Time taken for 2-RDM build:        0.0280654 s
Time taken for 2-RDM build:        0.0281553 s
Time taken for 2-RDM build:        0.0282657 s
Time taken for 2-RDM build:        0.0279796 s
Time taken for 2-RDM build:        0.0279815 s
Time taken for 2-RDM build:        0.0279727 s
Time taken for 2-RDM build:        0.0279500 s
Time taken for 3-RDM build:        0.1480143 s
Time taken for 3-RDM build:        0.1470695 s
Time taken for 3-RDM build:        0.1472359 s
Time taken for 3-RDM build:        0.1468649 s
Time taken for 3-RDM build:        0.1467776 s
Time taken for 3-RDM build:        0.1464725 s
Time taken for 3-RDM build:        0.1467237 s
Time taken for 3-RDM build:        0.1471272 s
Time taken for 3-RDM build:        0.1468105 s
E_frzc:                          -59.1480236 Eh
E_cas:                           -15.7034833 Eh
E_nuc:                             0.0000000 Eh
E_casci:                         -74.8511626 Eh
E0 (from RDM):                   -74.8511626 Eh
Ecorr:                            -0.3302227 Eh

Timing summary
... Hamil build:                    0.0356967 s
... Hamil diag:                     0.0003860 s
... RDM build:                      5.1803126 s
State     Energy / Eh         Splitting / Eh      Splitting / cm-1    Splitting / meV     
0         -7.4851507e+01      +0.0000000e+00      +0.0000000e+00      +0.0000000e+00      
1         -7.4851507e+01      +6.1121028e-09      +1.3414515e-03      +1.6631887e-04      
2         -7.4851507e+01      +6.8041430e-09      +1.4933368e-03      +1.8515025e-04      
3         -7.4851507e+01      +7.2887616e-09      +1.5996983e-03      +1.9833740e-04      
4         -7.4851507e+01      +9.8173984e-09      +2.1546699e-03      +2.6714515e-04      
5         -7.4850809e+01      +6.9818897e-04      +1.5323477e+02      +1.8998699e+01      
6         -7.4850809e+01      +7.3982278e-09      +1.6237233e-03      +2.0131613e-04      
7         -7.4850809e+01      +7.5923197e-09      +1.6663215e-03      +2.0659764e-04      
8         -7.4850503e+01      +3.0523771e-04      +6.6991933e+01      +8.3059451e+00      
Total time taken:                   5.3944912 s
===============================================

===============================================
            Relativistic DSRG-MRPT3            
===============================================
... compute_energy_pt3_1:      15.0815144 s
... compute_energy_pt2:       0.0842164 s
... compute_energy_pt3_2:      11.8648295 s
... compute_energy_pt3_3:       2.9188659 s
-----------------------------------------------
        DSRG-MRPT3 reference relaxation        
-----------------------------------------------
Iter                          Energy              Delta E   
   -Eref  -74.8511626       
   -Ecorr -0.2114992       
<Psi^(0)|Hbar^(0)|Psi^(0)>    -75.0626619         -7.50627e+01
   -Erelax-0.0000001       
<Psi^(0)|Hbar^(1)|Psi^(0)>    -75.0626619         -7.36188e-08
   -Eref  -74.8511626       
   -Ecorr -0.2114991       
<Psi^(1)|Hbar^(1)|Psi^(1)>    -75.0626617         2.15821e-07
   -Erelax-0.0000000       
<Psi^(1)|Hbar^(2)|Psi^(1)>    -75.0626617         -2.21362e-09
   -Eref  -74.8511626       
   -Ecorr -0.2114992       
<Psi^(2)|Hbar^(2)|Psi^(2)>    -75.0626618         -3.21555e-08
   -Erelax-0.0000000       
<Psi^(2)|Hbar^(3)|Psi^(2)>    -75.0626618         -7.10543e-11
   -Eref  -74.8511626       
   -Ecorr -0.2114992       
<Psi^(3)|Hbar^(3)|Psi^(3)>    -75.0626617         5.94657e-09
   -Erelax-0.0000000       
<Psi^(3)|Hbar^(4)|Psi^(3)>    -75.0626617         -2.28795e-12
Unrelaxed DSRG-MRPT3 energy:               -75.0626619 Eh
Unrelaxed DSRG-MRPT3 E_corr:                -0.2114992 Eh
Partially relaxed DSRG-MRPT3 energy:       -75.0626619 Eh
Partially relaxed DSRG-MRPT3 E_corr:        -0.2114993 Eh
Relaxed DSRG-MRPT3 energy:                 -75.0626617 Eh
Relaxed DSRG-MRPT3 E_corr:                  -0.2114991 Eh
Fully relaxed DSRG-MRPT3 energy:           -75.0626617 Eh
Fully relaxed DSRG-MRPT3 E_corr:            -0.2114992 Eh
State     Energy / Eh         Splitting / Eh      Splitting / cm-1    Splitting / meV     
0         -7.5062958e+01      +0.0000000e+00      +0.0000000e+00      +0.0000000e+00      
1         -7.5062958e+01      +3.4586094e-09      +7.5907702e-04      +9.4113600e-05      
2         -7.5062958e+01      +3.2335379e-09      +7.0967953e-04      +8.7989089e-05      
3         -7.5062958e+01      +3.0956215e-09      +6.7941039e-04      +8.4236193e-05      
4         -7.5062958e+01      +2.9003786e-09      +6.3655952e-04      +7.8923359e-05      
5         -7.5062354e+01      +6.0378200e-04      +1.3251483e+02      +1.6429753e+01      
6         -7.5062354e+01      +3.3223984e-09      +7.2918215e-04      +9.0407107e-05      
7         -7.5062354e+01      +3.0476315e-09      +6.6887779e-04      +8.2930316e-05      
8         -7.5062106e+01      +2.4757011e-04      +5.4335359e+01      +6.7367291e+00      
Time taken:                      174.0570252 s
===============================================
===============================================
              PySCF DHF interface              
===============================================
Will now allocate 796.594 MB memory for the AO ERI tensor!

Timing report
....integral transformation:      51.8238244 s

===============================================
            Relativistic CASCI(7,8)            
===============================================
Will now allocate 0.001 MB memory for the CASCI Hamiltonian!
Time taken for 1-RDM build:        0.0013754 s
Time taken for 1-RDM build:        0.0013642 s
Time taken for 1-RDM build:        0.0013678 s
Time taken for 1-RDM build:        0.0013607 s
Time taken for 1-RDM build:        0.0013595 s
Time taken for 1-RDM build:        0.0013664 s
Time taken for 2-RDM build:        0.0030050 s
Time taken for 2-RDM build:        0.0029359 s
Time taken for 2-RDM build:        0.0029414 s
Time taken for 2-RDM build:        0.0029364 s
Time taken for 2-RDM build:        0.0029321 s
Time taken for 2-RDM build:        0.0029392 s
Time taken for 3-RDM build:        0.0266924 s
Time taken for 3-RDM build:        0.0258811 s
Time taken for 3-RDM build:        0.0258720 s
Time taken for 3-RDM build:        0.0257459 s
Time taken for 3-RDM build:        0.0261314 s
Time taken for 3-RDM build:        0.0258577 s
E_frzc:                          -75.5478008 Eh
E_cas:                           -23.9325131 Eh
E_nuc:                             0.0000000 Eh
E_casci:                         -99.4797328 Eh
E0 (from RDM):                   -99.4797328 Eh
Ecorr:                            -0.1043819 Eh

Timing summary
... Hamil build:                    0.0064123 s
... Hamil diag:                     0.0001380 s
... RDM build:                      3.6914265 s
State     Energy / Eh         Splitting / Eh      Splitting / cm-1    Splitting / meV     
0         -9.9480314e+01      +0.0000000e+00      +0.0000000e+00      +0.0000000e+00      
1         -9.9480314e+01      +2.4031053e-08      +5.2742064e-03      +6.5391856e-04      
2         -9.9480314e+01      +6.9549344e-09      +1.5264317e-03      +1.8925350e-04      
3         -9.9480314e+01      +2.1663141e-08      +4.7545098e-03      +5.8948436e-04      
4         -9.9478571e+01      +1.7431739e-03      +3.8258245e+02      +4.7434202e+01      
5         -9.9478571e+01      +1.6993951e-08      +3.7297411e-03      +4.6242918e-04      
Total time taken:                   3.8763506 s
===============================================

===============================================
            Relativistic DSRG-MRPT3            
===============================================
... compute_energy_pt3_1:      15.1716683 s
... compute_energy_pt2:       0.0824895 s
... compute_energy_pt3_2:      12.0075750 s
... compute_energy_pt3_3:       2.7507463 s
-----------------------------------------------
        DSRG-MRPT3 reference relaxation        
-----------------------------------------------
Iter                          Energy              Delta E   
   -Eref  -99.4797328       
   -Ecorr -0.2663054       
<Psi^(0)|Hbar^(0)|Psi^(0)>    -99.7460382         -9.97460e+01
   -Erelax0.0000000       
<Psi^(0)|Hbar^(1)|Psi^(0)>    -99.7460382         1.42109e-14
   -Eref  -99.4797328       
   -Ecorr -0.2663054       
<Psi^(1)|Hbar^(1)|Psi^(1)>    -99.7460382         -1.42109e-14
   -Erelax0.0000000       
<Psi^(1)|Hbar^(2)|Psi^(1)>    -99.7460382         0.00000e+00
Unrelaxed DSRG-MRPT3 energy:               -99.7460382 Eh
Unrelaxed DSRG-MRPT3 E_corr:                -0.2663054 Eh
Partially relaxed DSRG-MRPT3 energy:       -99.7460382 Eh
Partially relaxed DSRG-MRPT3 E_corr:        -0.2663054 Eh
Relaxed DSRG-MRPT3 energy:                 -99.7460382 Eh
Relaxed DSRG-MRPT3 E_corr:                  -0.2663054 Eh
Fully relaxed DSRG-MRPT3 energy:           -99.7460382 Eh
Fully relaxed DSRG-MRPT3 E_corr:            -0.2663054 Eh
State     Energy / Eh         Splitting / Eh      Splitting / cm-1    Splitting / meV     
0         -9.9746646e+01      +0.0000000e+00      +0.0000000e+00      +0.0000000e+00      
1         -9.9746646e+01      +1.3795827e-08      +3.0278340e-03      +3.7540374e-04      
2         -9.9746646e+01      +3.4869743e-09      +7.6530239e-04      +9.4885448e-05      
3         -9.9746646e+01      +1.5977335e-08      +3.5066197e-03      +4.3476564e-04      
4         -9.9744823e+01      +1.8222140e-03      +3.9992974e+02      +4.9584992e+01      
5         -9.9744823e+01      +7.8065341e-09      +1.7133362e-03      +2.1242671e-04      
Time taken:                       81.0050871 s
===============================================
===============================================
              PySCF DHF interface              
===============================================
Will now allocate 3.102 GB memory for the AO ERI tensor!

Timing report
....integral transformation:     196.6343606 s

===============================================
            Relativistic CASCI(3,8)            
===============================================
Will now allocate 0.050 MB memory for the CASCI Hamiltonian!
Time taken for 1-RDM build:        0.0210798 s
Time taken for 1-RDM build:        0.0210533 s
Time taken for 1-RDM build:        0.0211096 s
Time taken for 1-RDM build:        0.0208268 s
Time taken for 1-RDM build:        0.0205243 s
Time taken for 1-RDM build:        0.0204828 s
Time taken for 2-RDM build:        0.0809965 s
Time taken for 2-RDM build:        0.0808299 s
Time taken for 2-RDM build:        0.0811450 s
Time taken for 2-RDM build:        0.0810201 s
Time taken for 2-RDM build:        0.0811491 s
Time taken for 2-RDM build:        0.0813785 s
Time taken for 3-RDM build:        0.1829290 s
Time taken for 3-RDM build:        0.1809711 s
Time taken for 3-RDM build:        0.1811297 s
Time taken for 3-RDM build:        0.1809850 s
Time taken for 3-RDM build:        0.1809986 s
Time taken for 3-RDM build:        0.1812048 s
E_frzc:                         -240.4061812 Eh
E_cas:                            -1.8986420 Eh
E_nuc:                             0.0000000 Eh
E_casci:                        -242.3045291 Eh
E0 (from RDM):                  -242.3045291 Eh
Ecorr:                            -0.1899047 Eh

Timing summary
... Hamil build:                    0.0703788 s
... Hamil diag:                     0.0010533 s
... RDM build:                     13.6443644 s
State     Energy / Eh         Splitting / Eh      Splitting / cm-1    Splitting / meV     
0         -2.4230482e+02      +0.0000000e+00      +0.0000000e+00      +0.0000000e+00      
1         -2.4230482e+02      +1.0992665e-09      +2.4126110e-04      +2.9912578e-05      
2         -2.4230438e+02      +4.4107881e-04      +9.6805609e+01      +1.2002372e+01      
3         -2.4230438e+02      +1.0805650e-09      +2.3715660e-04      +2.9403685e-05      
4         -2.4230438e+02      +8.9775654e-10      +1.9703478e-04      +2.4429211e-05      
5         -2.4230438e+02      +3.6629899e-10      +8.0393336e-05      +9.9675080e-06      
Total time taken:                  14.3779352 s
===============================================

===============================================
            Relativistic DSRG-MRPT3            
===============================================
... compute_energy_pt3_1:      60.8913305 s
... compute_energy_pt2:       0.2353010 s
... compute_energy_pt3_2:      48.6090255 s
... compute_energy_pt3_3:      10.3569341 s
-----------------------------------------------
        DSRG-MRPT3 reference relaxation        
-----------------------------------------------
Iter                          Energy              Delta E   
   -Eref  -242.3045291       
   -Ecorr -0.2045936       
<Psi^(0)|Hbar^(0)|Psi^(0)>    -242.5091228        -2.42509e+02
   -Erelax-0.0005394       
<Psi^(0)|Hbar^(1)|Psi^(0)>    -242.5096622        -5.39423e-04
   -Eref  -242.3040008       
   -Ecorr -0.2055797       
<Psi^(1)|Hbar^(1)|Psi^(1)>    -242.5095804        8.17378e-05
   -Erelax-0.0000000       
<Psi^(1)|Hbar^(2)|Psi^(1)>    -242.5095804        -1.78682e-09
   -Eref  -242.3039988       
   -Ecorr -0.2055815       
<Psi^(2)|Hbar^(2)|Psi^(2)>    -242.5095803        1.26471e-07
   -Erelax-0.0000000       
<Psi^(2)|Hbar^(3)|Psi^(2)>    -242.5095803        0.00000e+00
   -Eref  -242.3039988       
   -Ecorr -0.2055815       
<Psi^(3)|Hbar^(3)|Psi^(3)>    -242.5095803        1.76215e-10
   -Erelax-0.0000000       
<Psi^(3)|Hbar^(4)|Psi^(3)>    -242.5095803        0.00000e+00
Unrelaxed DSRG-MRPT3 energy:              -242.5091228 Eh
Unrelaxed DSRG-MRPT3 E_corr:                -0.2045936 Eh
Partially relaxed DSRG-MRPT3 energy:      -242.5096622 Eh
Partially relaxed DSRG-MRPT3 E_corr:        -0.2051331 Eh
Relaxed DSRG-MRPT3 energy:                -242.5095804 Eh
Relaxed DSRG-MRPT3 E_corr:                  -0.2055797 Eh
Fully relaxed DSRG-MRPT3 energy:          -242.5095803 Eh
Fully relaxed DSRG-MRPT3 E_corr:            -0.2055815 Eh
State     Energy / Eh         Splitting / Eh      Splitting / cm-1    Splitting / meV     
0         -2.4250992e+02      +0.0000000e+00      +0.0000000e+00      +0.0000000e+00      
1         -2.4250992e+02      +4.2646775e-10      +9.3598852e-05      +1.1604784e-05      
2         -2.4250941e+02      +5.0655037e-04      +1.1117495e+02      +1.3783944e+01      
3         -2.4250941e+02      +3.9690917e-10      +8.7111494e-05      +1.0800454e-05      
4         -2.4250941e+02      +3.2341063e-10      +7.0980429e-05      +8.8004557e-06      
5         -2.4250941e+02      +1.9693402e-10      +4.3222022e-05      +5.3588503e-06      
Time taken:                      717.3383126 s
===============================================
===============================================
              PySCF DHF interface              
===============================================
Will now allocate 3.102 GB memory for the AO ERI tensor!

Timing report
....integral transformation:     195.8580253 s

===============================================
            Relativistic CASCI(4,8)            
===============================================
Will now allocate 0.078 MB memory for the CASCI Hamiltonian!
Time taken for 1-RDM build:        0.0313911 s
Time taken for 1-RDM build:        0.0313096 s
Time taken for 1-RDM build:        0.0313966 s
Time taken for 1-RDM build:        0.0287180 s
Time taken for 1-RDM build:        0.0276566 s
Time taken for 1-RDM build:        0.0276711 s
Time taken for 1-RDM build:        0.0281296 s
Time taken for 1-RDM build:        0.0275698 s
Time taken for 1-RDM build:        0.0276527 s
Time taken for 2-RDM build:        0.1187916 s
Time taken for 2-RDM build:        0.1185393 s
Time taken for 2-RDM build:        0.1187563 s
Time taken for 2-RDM build:        0.1251786 s
Time taken for 2-RDM build:        0.1231585 s
Time taken for 2-RDM build:        0.1227214 s
Time taken for 2-RDM build:        0.1226623 s
Time taken for 2-RDM build:        0.1227484 s
Time taken for 2-RDM build:        0.1228216 s
Time taken for 3-RDM build:        0.3862944 s
Time taken for 3-RDM build:        0.3835208 s
Time taken for 3-RDM build:        0.3837032 s
Time taken for 3-RDM build:        0.3836579 s
Time taken for 3-RDM build:        0.3833628 s
Time taken for 3-RDM build:        0.3828216 s
Time taken for 3-RDM build:        0.3829141 s
Time taken for 3-RDM build:        0.3833587 s
Time taken for 3-RDM build:        0.3833256 s
E_frzc:                         -285.7423197 Eh
E_cas:                            -3.6921024 Eh
E_nuc:                             0.0000000 Eh
E_casci:                        -289.4337768 Eh
E0 (from RDM):                  -289.4337768 Eh
Ecorr:                            -0.2329780 Eh

Timing summary
... Hamil build:                    0.1071417 s
... Hamil diag:                     0.0019221 s
... RDM build:                     16.7489066 s
State     Energy / Eh         Splitting / Eh      Splitting / cm-1    Splitting / meV     
0         -2.8943442e+02      +0.0000000e+00      +0.0000000e+00      +0.0000000e+00      
1         -2.8943409e+02      +3.3211201e-04      +7.2890160e+01      +9.0372324e+00      
2         -2.8943409e+02      +8.1735152e-10      +1.7938792e-04      +2.2241278e-05      
3         -2.8943409e+02      +8.9210062e-10      +1.9579345e-04      +2.4275306e-05      
4         -2.8943346e+02      +6.3005266e-04      +1.3828057e+02      +1.7144614e+01      
5         -2.8943346e+02      +2.5920599e-10      +5.6889139e-05      +7.0533576e-06      
6         -2.8943346e+02      +7.8654239e-10      +1.7262610e-04      +2.1402919e-05      
7         -2.8943346e+02      +6.1896799e-10      +1.3584777e-04      +1.6842985e-05      
8         -2.8943346e+02      +4.2439297e-10      +9.3143489e-05      +1.1548326e-05      
Total time taken:                  17.5266159 s
===============================================

===============================================
            Relativistic DSRG-MRPT3            
===============================================
... compute_energy_pt3_1:      61.5467470 s
... compute_energy_pt2:       0.2558773 s
... compute_energy_pt3_2:      49.3971574 s
... compute_energy_pt3_3:      10.3983123 s
-----------------------------------------------
        DSRG-MRPT3 reference relaxation        
-----------------------------------------------
Iter                          Energy              Delta E   
   -Eref  -289.4337768       
   -Ecorr -0.2360422       
<Psi^(0)|Hbar^(0)|Psi^(0)>    -289.6698190        -2.89670e+02
   -Erelax-0.0001332       
<Psi^(0)|Hbar^(1)|Psi^(0)>    -289.6699522        -1.33179e-04
   -Eref  -289.4336439       
   -Ecorr -0.2363781       
<Psi^(1)|Hbar^(1)|Psi^(1)>    -289.6700219        -6.97025e-05
   -Erelax-0.0000000       
<Psi^(1)|Hbar^(2)|Psi^(1)>    -289.6700219        -8.80817e-09
   -Eref  -289.4336441       
   -Ecorr -0.2363777       
<Psi^(2)|Hbar^(2)|Psi^(2)>    -289.6700218        1.51404e-07
   -Erelax-0.0000000       
<Psi^(2)|Hbar^(3)|Psi^(2)>    -289.6700218        -1.11527e-10
   -Eref  -289.4336441       
   -Ecorr -0.2363777       
<Psi^(3)|Hbar^(3)|Psi^(3)>    -289.6700218        3.43107e-09
   -Erelax-0.0000000       
<Psi^(3)|Hbar^(4)|Psi^(3)>    -289.6700218        -1.47793e-12
Unrelaxed DSRG-MRPT3 energy:              -289.6698190 Eh
Unrelaxed DSRG-MRPT3 E_corr:                -0.2360422 Eh
Partially relaxed DSRG-MRPT3 energy:      -289.6699522 Eh
Partially relaxed DSRG-MRPT3 E_corr:        -0.2361754 Eh
Relaxed DSRG-MRPT3 energy:                -289.6700219 Eh
Relaxed DSRG-MRPT3 E_corr:                  -0.2363781 Eh
Fully relaxed DSRG-MRPT3 energy:          -289.6700218 Eh
Fully relaxed DSRG-MRPT3 E_corr:            -0.2363777 Eh
State     Energy / Eh         Splitting / Eh      Splitting / cm-1    Splitting / meV     
0         -2.8967078e+02      +0.0000000e+00      +0.0000000e+00      +0.0000000e+00      
1         -2.8967039e+02      +3.9323190e-04      +8.6304426e+01      +1.0700390e+01      
2         -2.8967039e+02      +1.7530510e-10      +3.8475023e-05      +4.7702971e-06      
3         -2.8967039e+02      +1.7081447e-10      +3.7489443e-05      +4.6481008e-06      
4         -2.8966965e+02      +7.4361923e-04      +1.6320556e+02      +2.0234920e+01      
5         -2.8966965e+02      +8.1399776e-11      +1.7865186e-05      +2.2150018e-06      
6         -2.8966965e+02      +1.4472334e-10      +3.1763102e-05      +3.9381247e-06      
7         -2.8966965e+02      +1.5796786e-10      +3.4669938e-05      +4.2985265e-06      
8         -2.8966965e+02      +6.5710992e-11      +1.4421896e-05      +1.7880880e-06      
Time taken:                      728.9809673 s
===============================================
===============================================
              PySCF DHF interface              
===============================================
Will now allocate 3.102 GB memory for the AO ERI tensor!

Timing report
....integral transformation:     199.5994422 s

===============================================
            Relativistic CASCI(5,8)            
===============================================
Will now allocate 0.050 MB memory for the CASCI Hamiltonian!
Time taken for 1-RDM build:        0.0219948 s
Time taken for 1-RDM build:        0.0220125 s
Time taken for 1-RDM build:        0.0218873 s
Time taken for 1-RDM build:        0.0219791 s
Time taken for 1-RDM build:        0.0218353 s
Time taken for 1-RDM build:        0.0207131 s
Time taken for 1-RDM build:        0.0214553 s
Time taken for 1-RDM build:        0.0207872 s
Time taken for 1-RDM build:        0.0210464 s
Time taken for 1-RDM build:        0.0206761 s
Time taken for 1-RDM build:        0.0212610 s
Time taken for 1-RDM build:        0.0208983 s
Time taken for 1-RDM build:        0.0211892 s
Time taken for 1-RDM build:        0.0208230 s
Time taken for 2-RDM build:        0.0847840 s
Time taken for 2-RDM build:        0.0851967 s
Time taken for 2-RDM build:        0.0849338 s
Time taken for 2-RDM build:        0.0851521 s
Time taken for 2-RDM build:        0.0851328 s
Time taken for 2-RDM build:        0.0849953 s
Time taken for 2-RDM build:        0.0858037 s
Time taken for 2-RDM build:        0.0853093 s
Time taken for 2-RDM build:        0.0853188 s
Time taken for 2-RDM build:        0.0851398 s
Time taken for 2-RDM build:        0.0858011 s
Time taken for 2-RDM build:        0.0855036 s
Time taken for 2-RDM build:        0.0852637 s
Time taken for 2-RDM build:        0.0857351 s
Time taken for 3-RDM build:        0.3532760 s
Time taken for 3-RDM build:        0.3525937 s
Time taken for 3-RDM build:        0.3519828 s
Time taken for 3-RDM build:        0.3522766 s
Time taken for 3-RDM build:        0.3526158 s
Time taken for 3-RDM build:        0.3525062 s
Time taken for 3-RDM build:        0.3523507 s
Time taken for 3-RDM build:        0.3518918 s
Time taken for 3-RDM build:        0.3520880 s
Time taken for 3-RDM build:        0.3512800 s
Time taken for 3-RDM build:        0.3515558 s
Time taken for 3-RDM build:        0.3512692 s
Time taken for 3-RDM build:        0.3519909 s
Time taken for 3-RDM build:        0.3517902 s
E_frzc:                         -335.1272672 Eh
E_cas:                            -6.3636403 Eh
E_nuc:                             0.0000000 Eh
E_casci:                        -341.4410664 Eh
E0 (from RDM):                  -341.4410664 Eh
Ecorr:                            -0.2138107 Eh

Timing summary
... Hamil build:                    0.0914528 s
... Hamil diag:                     0.0011487 s
... RDM build:                     18.4724193 s
State     Energy / Eh         Splitting / Eh      Splitting / cm-1    Splitting / meV     
0         -3.4149091e+02      +0.0000000e+00      +0.0000000e+00      +0.0000000e+00      
1         -3.4149091e+02      +3.2849812e-10      +7.2097003e-05      +8.9388933e-06      
2         -3.4149091e+02      +3.2838443e-10      +7.2072051e-05      +8.9357998e-06      
3         -3.4149091e+02      +3.2798653e-10      +7.1984722e-05      +8.9249722e-06      
4         -3.4142117e+02      +6.9735531e-02      +1.5305180e+04      +1.8976014e+03      
5         -3.4142117e+02      +1.5667183e-09      +3.4385492e-04      +4.2632597e-05      
6         -3.4142117e+02      +1.3034196e-09      +2.8606753e-04      +3.5467871e-05      
7         -3.4142117e+02      +1.7383286e-09      +3.8151902e-04      +4.7302353e-05      
8         -3.4142110e+02      +6.9890622e-05      +1.5339218e+01      +1.9018216e+00      
9         -3.4142110e+02      +9.2740038e-10      +2.0354085e-04      +2.5235862e-05      
10        -3.4142110e+02      +9.6150643e-10      +2.1102627e-04      +2.6163935e-05      
11        -3.4142110e+02      +7.5050366e-10      +1.6471651e-04      +2.0422255e-05      
12        -3.4142110e+02      +9.6383701e-10      +2.1153777e-04      +2.6227353e-05      
13        -3.4142110e+02      +1.9558115e-09      +4.2925101e-04      +5.3220367e-05      
Total time taken:                  19.2262783 s
===============================================

===============================================
            Relativistic DSRG-MRPT3            
===============================================
... compute_energy_pt3_1:      62.6483328 s
... compute_energy_pt2:       0.2416840 s
... compute_energy_pt3_2:      49.6461422 s
... compute_energy_pt3_3:      11.0715811 s
-----------------------------------------------
        DSRG-MRPT3 reference relaxation        
-----------------------------------------------
Iter                          Energy              Delta E   
   -Eref  -341.4410664       
   -Ecorr -0.2827471       
<Psi^(0)|Hbar^(0)|Psi^(0)>    -341.7238135        -3.41724e+02
   -Erelax-0.0000022       
<Psi^(0)|Hbar^(1)|Psi^(0)>    -341.7238157        -2.17422e-06
   -Eref  -341.4410649       
   -Ecorr -0.2827515       
<Psi^(1)|Hbar^(1)|Psi^(1)>    -341.7238164        -6.85414e-07
   -Erelax-0.0000000       
<Psi^(1)|Hbar^(2)|Psi^(1)>    -341.7238164        -1.22782e-09
   -Eref  -341.4410649       
   -Ecorr -0.2827515       
<Psi^(2)|Hbar^(2)|Psi^(2)>    -341.7238164        -9.17436e-09
   -Erelax-0.0000000       
<Psi^(2)|Hbar^(3)|Psi^(2)>    -341.7238164        -1.59162e-12
   -Eref  -341.4410649       
   -Ecorr -0.2827515       
<Psi^(3)|Hbar^(3)|Psi^(3)>    -341.7238164        -3.62661e-10
   -Erelax-0.0000000       
<Psi^(3)|Hbar^(4)|Psi^(3)>    -341.7238164        0.00000e+00
Unrelaxed DSRG-MRPT3 energy:              -341.7238135 Eh
Unrelaxed DSRG-MRPT3 E_corr:                -0.2827471 Eh
Partially relaxed DSRG-MRPT3 energy:      -341.7238157 Eh
Partially relaxed DSRG-MRPT3 E_corr:        -0.2827493 Eh
Relaxed DSRG-MRPT3 energy:                -341.7238164 Eh
Relaxed DSRG-MRPT3 E_corr:                  -0.2827515 Eh
Fully relaxed DSRG-MRPT3 energy:          -341.7238164 Eh
Fully relaxed DSRG-MRPT3 E_corr:            -0.2827515 Eh
State     Energy / Eh         Splitting / Eh      Splitting / cm-1    Splitting / meV     
0         -3.4176236e+02      +0.0000000e+00      +0.0000000e+00      +0.0000000e+00      
1         -3.4176236e+02      +1.3397994e-10      +2.9405197e-05      +3.6457816e-06      
2         -3.4176236e+02      +1.3392309e-10      +2.9392722e-05      +3.6442348e-06      
3         -3.4176236e+02      +1.3403678e-10      +2.9417673e-05      +3.6473283e-06      
4         -3.4170845e+02      +5.3909679e-02      +1.1831807e+04      +1.4669578e+03      
5         -3.4170845e+02      +6.4915184e-11      +1.4247236e-05      +1.7664330e-06      
6         -3.4170845e+02      +4.7180038e-11      +1.0354821e-05      +1.2838348e-06      
7         -3.4170845e+02      +8.7140961e-11      +1.9125230e-05      +2.3712275e-06      
8         -3.4170837e+02      +8.5027681e-05      +1.8661419e+01      +2.3137221e+00      
9         -3.4170837e+02      +6.4915184e-11      +1.4247236e-05      +1.7664330e-06      
10        -3.4170837e+02      +3.5299763e-11      +7.7474024e-06      +9.6055594e-07      
11        -3.4170837e+02      +2.7966962e-11      +6.1380387e-06      +7.6102016e-07      
12        -3.4170837e+02      +4.7236881e-11      +1.0367297e-05      +1.2853816e-06      
13        -3.4170837e+02      +8.6856744e-11      +1.9062852e-05      +2.3634935e-06      
Time taken:                      739.2876287 s
===============================================
===============================================
              PySCF DHF interface              
===============================================
Will now allocate 3.102 GB memory for the AO ERI tensor!

Timing report
....integral transformation:     200.7428820 s

===============================================
            Relativistic CASCI(6,8)            
===============================================
Will now allocate 0.013 MB memory for the CASCI Hamiltonian!
Time taken for 1-RDM build:        0.0081904 s
Time taken for 1-RDM build:        0.0081751 s
Time taken for 1-RDM build:        0.0081880 s
Time taken for 1-RDM build:        0.0082021 s
Time taken for 1-RDM build:        0.0081880 s
Time taken for 1-RDM build:        0.0081623 s
Time taken for 1-RDM build:        0.0082045 s
Time taken for 1-RDM build:        0.0081537 s
Time taken for 1-RDM build:        0.0081756 s
Time taken for 2-RDM build:        0.0284302 s
Time taken for 2-RDM build:        0.0283995 s
Time taken for 2-RDM build:        0.0282817 s
Time taken for 2-RDM build:        0.0289559 s
Time taken for 2-RDM build:        0.0283799 s
Time taken for 2-RDM build:        0.0284193 s
Time taken for 2-RDM build:        0.0284090 s
Time taken for 2-RDM build:        0.0284753 s
Time taken for 2-RDM build:        0.0283566 s
Time taken for 3-RDM build:        0.1521244 s
Time taken for 3-RDM build:        0.1465564 s
Time taken for 3-RDM build:        0.1466160 s
Time taken for 3-RDM build:        0.1467609 s
Time taken for 3-RDM build:        0.1465158 s
Time taken for 3-RDM build:        0.1466553 s
Time taken for 3-RDM build:        0.1465576 s
Time taken for 3-RDM build:        0.1466527 s
Time taken for 3-RDM build:        0.1466289 s
E_frzc:                         -388.5675376 Eh
E_cas:                            -9.9659359 Eh
E_nuc:                             0.0000000 Eh
E_casci:                        -398.5325748 Eh
E0 (from RDM):                  -398.5325748 Eh
Ecorr:                            -0.1603097 Eh

Timing summary
... Hamil build:                    0.0357728 s
... Hamil diag:                     0.0004275 s
... RDM build:                     13.6731563 s
State     Energy / Eh         Splitting / Eh      Splitting / cm-1    Splitting / meV     
0         -3.9853347e+02      +0.0000000e+00      +0.0000000e+00      +0.0000000e+00      
1         -3.9853347e+02      +5.6296585e-09      +1.2355672e-03      +1.5319088e-04      
2         -3.9853347e+02      +5.9783360e-09      +1.3120931e-03      +1.6267889e-04      
3         -3.9853347e+02      +5.6479053e-09      +1.2395719e-03      +1.5368740e-04      
4         -3.9853347e+02      +5.6580234e-09      +1.2417926e-03      +1.5396273e-04      
5         -3.9853166e+02      +1.8163270e-03      +3.9863770e+02      +4.9424800e+01      
6         -3.9853166e+02      +3.5533390e-09      +7.7986775e-04      +9.6691324e-05      
7         -3.9853166e+02      +3.5755647e-09      +7.8474575e-04      +9.7296119e-05      
8         -3.9853083e+02      +8.2294816e-04      +1.8061624e+02      +2.2393571e+01      
Total time taken:                  14.3672140 s
===============================================

===============================================
            Relativistic DSRG-MRPT3            
===============================================
... compute_energy_pt3_1:      61.9255674 s
... compute_energy_pt2:       0.2424672 s
... compute_energy_pt3_2:      50.6955705 s
... compute_energy_pt3_3:      10.7909672 s
-----------------------------------------------
        DSRG-MRPT3 reference relaxation        
-----------------------------------------------
Iter                          Energy              Delta E   
   -Eref  -398.5325748       
   -Ecorr -0.3182401       
<Psi^(0)|Hbar^(0)|Psi^(0)>    -398.8508149        -3.98851e+02
   -Erelax-0.0000003       
<Psi^(0)|Hbar^(1)|Psi^(0)>    -398.8508152        -2.90025e-07
   -Eref  -398.5325746       
   -Ecorr -0.3182405       
<Psi^(1)|Hbar^(1)|Psi^(1)>    -398.8508151        7.10387e-08
   -Erelax-0.0000000       
<Psi^(1)|Hbar^(2)|Psi^(1)>    -398.8508151        -6.56541e-11
   -Eref  -398.5325746       
   -Ecorr -0.3182405       
<Psi^(2)|Hbar^(2)|Psi^(2)>    -398.8508151        -1.09332e-08
   -Erelax-0.0000000       
<Psi^(2)|Hbar^(3)|Psi^(2)>    -398.8508151        -7.38964e-13
   -Eref  -398.5325746       
   -Ecorr -0.3182405       
<Psi^(3)|Hbar^(3)|Psi^(3)>    -398.8508151        1.17615e-09
   -Erelax-0.0000000       
<Psi^(3)|Hbar^(4)|Psi^(3)>    -398.8508151        0.00000e+00
Unrelaxed DSRG-MRPT3 energy:              -398.8508149 Eh
Unrelaxed DSRG-MRPT3 E_corr:                -0.3182401 Eh
Partially relaxed DSRG-MRPT3 energy:      -398.8508152 Eh
Partially relaxed DSRG-MRPT3 E_corr:        -0.3182403 Eh
Relaxed DSRG-MRPT3 energy:                -398.8508151 Eh
Relaxed DSRG-MRPT3 E_corr:                  -0.3182405 Eh
Fully relaxed DSRG-MRPT3 energy:          -398.8508151 Eh
Fully relaxed DSRG-MRPT3 E_corr:            -0.3182405 Eh
State     Energy / Eh         Splitting / Eh      Splitting / cm-1    Splitting / meV     
0         -3.9885160e+02      +0.0000000e+00      +0.0000000e+00      +0.0000000e+00      
1         -3.9885160e+02      +3.2372327e-10      +7.1049045e-05      +8.8089631e-06      
2         -3.9885160e+02      +4.5542947e-10      +9.9955215e-05      +1.2392873e-05      
3         -3.9885160e+02      +3.9869974e-10      +8.7504478e-05      +1.0849178e-05      
4         -3.9885160e+02      +2.3237590e-10      +5.1000614e-05      +6.3232732e-06      
5         -3.9885001e+02      +1.5867175e-03      +3.4824424e+02      +4.3176804e+01      
6         -3.9885001e+02      +3.8471626e-10      +8.4435459e-05      +1.0468668e-05      
7         -3.9885001e+02      +4.1802650e-10      +9.1746212e-05      +1.1375086e-05      
8         -3.9884929e+02      +7.2403883e-04      +1.5890815e+02      +1.9702109e+01      
Time taken:                      718.8108740 s
===============================================
===============================================
              PySCF DHF interface              
===============================================
Will now allocate 3.102 GB memory for the AO ERI tensor!

Timing report
....integral transformation:     200.0578556 s

===============================================
            Relativistic CASCI(7,8)            
===============================================
Will now allocate 0.001 MB memory for the CASCI Hamiltonian!
Time taken for 1-RDM build:        0.0013707 s
Time taken for 1-RDM build:        0.0013387 s
Time taken for 1-RDM build:        0.0013387 s
Time taken for 1-RDM build:        0.0013459 s
Time taken for 1-RDM build:        0.0013418 s
Time taken for 1-RDM build:        0.0013402 s
Time taken for 2-RDM build:        0.0029981 s
Time taken for 2-RDM build:        0.0030670 s
Time taken for 2-RDM build:        0.0029247 s
Time taken for 2-RDM build:        0.0029190 s
Time taken for 2-RDM build:        0.0029237 s
Time taken for 2-RDM build:        0.0029240 s
Time taken for 3-RDM build:        0.0269904 s
Time taken for 3-RDM build:        0.0258906 s
Time taken for 3-RDM build:        0.0257723 s
Time taken for 3-RDM build:        0.0258720 s
Time taken for 3-RDM build:        0.0258787 s
Time taken for 3-RDM build:        0.0262625 s
E_frzc:                         -446.0682972 Eh
E_cas:                           -14.7582517 Eh
E_nuc:                             0.0000000 Eh
E_casci:                        -460.8252020 Eh
E0 (from RDM):                  -460.8252020 Eh
Ecorr:                             0.0013470 Eh

Timing summary
... Hamil build:                    0.0065708 s
... Hamil diag:                     0.0001504 s
... RDM build:                     12.2632935 s
State     Energy / Eh         Splitting / Eh      Splitting / cm-1    Splitting / meV     
0         -4.6082655e+02      +0.0000000e+00      +0.0000000e+00      +0.0000000e+00      
1         -4.6082655e+02      +1.2022326e-08      +2.6385956e-03      +3.2714432e-04      
2         -4.6082655e+02      +5.7600573e-09      +1.2641864e-03      +1.5673922e-04      
3         -4.6082655e+02      +1.1622035e-08      +2.5507418e-03      +3.1625183e-04      
4         -4.6082251e+02      +4.0408198e-03      +8.8685742e+02      +1.0995636e+02      
5         -4.6082251e+02      +2.0031848e-08      +4.3964825e-03      +5.4509461e-04      
Total time taken:                  12.9283857 s
===============================================

===============================================
            Relativistic DSRG-MRPT3            
===============================================
... compute_energy_pt3_1:      61.9414489 s
... compute_energy_pt2:       0.2708690 s
... compute_energy_pt3_2:      51.2084157 s
... compute_energy_pt3_3:      11.1131308 s
-----------------------------------------------
        DSRG-MRPT3 reference relaxation        
-----------------------------------------------
Iter                          Energy              Delta E   
   -Eref  -460.8252020       
   -Ecorr -0.3609348       
<Psi^(0)|Hbar^(0)|Psi^(0)>    -461.1861368        -4.61186e+02
   -Erelax-0.0000000       
<Psi^(0)|Hbar^(1)|Psi^(0)>    -461.1861368        0.00000e+00
   -Eref  -460.8252020       
   -Ecorr -0.3609348       
<Psi^(1)|Hbar^(1)|Psi^(1)>    -461.1861368        3.41061e-13
   -Erelax0.0000000       
<Psi^(1)|Hbar^(2)|Psi^(1)>    -461.1861368        0.00000e+00
Unrelaxed DSRG-MRPT3 energy:              -461.1861368 Eh
Unrelaxed DSRG-MRPT3 E_corr:                -0.3609348 Eh
Partially relaxed DSRG-MRPT3 energy:      -461.1861368 Eh
Partially relaxed DSRG-MRPT3 E_corr:        -0.3609348 Eh
Relaxed DSRG-MRPT3 energy:                -461.1861368 Eh
Relaxed DSRG-MRPT3 E_corr:                  -0.3609348 Eh
Fully relaxed DSRG-MRPT3 energy:          -461.1861368 Eh
Fully relaxed DSRG-MRPT3 E_corr:            -0.3609348 Eh
State     Energy / Eh         Splitting / Eh      Splitting / cm-1    Splitting / meV     
0         -4.6118747e+02      +0.0000000e+00      +0.0000000e+00      +0.0000000e+00      
1         -4.6118747e+02      +8.8465413e-10      +1.9415914e-04      +2.4072676e-05      
2         -4.6118747e+02      +8.9136165e-10      +1.9563127e-04      +2.4255198e-05      
3         -4.6118747e+02      +1.0335270e-09      +2.2683297e-04      +2.8123717e-05      
4         -4.6118347e+02      +4.0001832e-03      +8.7793873e+02      +1.0885058e+02      
5         -4.6118347e+02      +1.6727881e-09      +3.6713456e-04      +4.5518905e-05      
Time taken:                      351.9186277 s
===============================================
===============================================
              PySCF DHF interface              
===============================================
Will now allocate 38.863 GB memory for the AO ERI tensor!

Timing report
....integral transformation:    1033.4875154 s

===============================================
            Relativistic CASCI(3,8)            
===============================================
Will now allocate 0.050 MB memory for the CASCI Hamiltonian!
Time taken for 1-RDM build:        0.0056646 s
Time taken for 1-RDM build:        0.0056305 s
Time taken for 1-RDM build:        0.0056350 s
Time taken for 1-RDM build:        0.0056334 s
Time taken for 1-RDM build:        0.0056317 s
Time taken for 1-RDM build:        0.0056205 s
Time taken for 2-RDM build:        0.0231159 s
Time taken for 2-RDM build:        0.0230017 s
Time taken for 2-RDM build:        0.0230527 s
Time taken for 2-RDM build:        0.0230565 s
Time taken for 2-RDM build:        0.0230300 s
Time taken for 2-RDM build:        0.0230191 s
Time taken for 3-RDM build:        0.0659511 s
Time taken for 3-RDM build:        0.0645392 s
Time taken for 3-RDM build:        0.0644419 s
Time taken for 3-RDM build:        0.0645781 s
Time taken for 3-RDM build:        0.0645847 s
Time taken for 3-RDM build:        0.0645726 s
E_frzc:                        -1939.7138290 Eh
E_cas:                            -2.0100161 Eh
E_nuc:                             0.0000000 Eh
E_casci:                       -1941.7217616 Eh
E0 (from RDM):                 -1941.7217616 Eh
Ecorr:                            -0.1944870 Eh

Timing summary
... Hamil build:                    0.0169911 s
... Hamil diag:                     0.0006061 s
... RDM build:                     45.6324217 s
State     Energy / Eh         Splitting / Eh      Splitting / cm-1    Splitting / meV     
0         -1.9417238e+03      +0.0000000e+00      +0.0000000e+00      +0.0000000e+00      
1         -1.9417238e+03      +1.0702479e-09      +2.3489226e-04      +2.9122942e-05      
2         -1.9417207e+03      +3.1252750e-03      +6.8591858e+02      +8.5043106e+01      
3         -1.9417207e+03      +1.1004886e-09      +2.4152933e-04      +2.9945834e-05      
4         -1.9417207e+03      +9.5178621e-10      +2.0889293e-04      +2.5899434e-05      
5         -1.9417207e+03      +6.4619599e-10      +1.4182362e-04      +1.7583897e-05      
Total time taken:                  49.3177044 s
===============================================

===============================================
            Relativistic DSRG-MRPT3            
===============================================
... compute_energy_pt3_1:     413.4410520 s
... compute_energy_pt2:       1.1652420 s
... compute_energy_pt3_2:     364.1513648 s
... compute_energy_pt3_3:      94.3803389 s
-----------------------------------------------
        DSRG-MRPT3 reference relaxation        
-----------------------------------------------
Iter                          Energy              Delta E   
   -Eref  -1941.7217616       
   -Ecorr -0.8360199       
<Psi^(0)|Hbar^(0)|Psi^(0)>    -1942.5577815       -1.94256e+03
   -Erelax-0.0004763       
<Psi^(0)|Hbar^(1)|Psi^(0)>    -1942.5582578       -4.76312e-04
   -Eref  -1941.7212978       
   -Ecorr -0.8369695       
<Psi^(1)|Hbar^(1)|Psi^(1)>    -1942.5582673       -9.48266e-06
   -Erelax-0.0000000       
<Psi^(1)|Hbar^(2)|Psi^(1)>    -1942.5582673       -7.12362e-10
   -Eref  -1941.7212989       
   -Ecorr -0.8369684       
<Psi^(2)|Hbar^(2)|Psi^(2)>    -1942.5582673       1.93681e-08
   -Erelax0.0000000       
<Psi^(2)|Hbar^(3)|Psi^(2)>    -1942.5582673       0.00000e+00
   -Eref  -1941.7212989       
   -Ecorr -0.8369684       
<Psi^(3)|Hbar^(3)|Psi^(3)>    -1942.5582673       -2.70575e-11
   -Erelax0.0000000       
<Psi^(3)|Hbar^(4)|Psi^(3)>    -1942.5582673       0.00000e+00
Unrelaxed DSRG-MRPT3 energy:             -1942.5577815 Eh
Unrelaxed DSRG-MRPT3 E_corr:                -0.8360199 Eh
Partially relaxed DSRG-MRPT3 energy:     -1942.5582578 Eh
Partially relaxed DSRG-MRPT3 E_corr:        -0.8364962 Eh
Relaxed DSRG-MRPT3 energy:               -1942.5582673 Eh
Relaxed DSRG-MRPT3 E_corr:                  -0.8369695 Eh
Fully relaxed DSRG-MRPT3 energy:         -1942.5582673 Eh
Fully relaxed DSRG-MRPT3 E_corr:            -0.8369684 Eh
State     Energy / Eh         Splitting / Eh      Splitting / cm-1    Splitting / meV     
0         -1.9425607e+03      +0.0000000e+00      +0.0000000e+00      +0.0000000e+00      
1         -1.9425607e+03      +3.1241143e-10      +6.8566383e-05      +8.5011521e-06      
2         -1.9425571e+03      +3.6242425e-03      +7.9542928e+02      +9.8620709e+01      
3         -1.9425571e+03      +3.1673153e-10      +6.9514535e-05      +8.6187080e-06      
4         -1.9425571e+03      +3.0718184e-10      +6.7418620e-05      +8.3588475e-06      
5         -1.9425571e+03      +2.0668267e-10      +4.5361603e-05      +5.6241246e-06      
Time taken:                     4467.8520525 s
===============================================
===============================================
              PySCF DHF interface              
===============================================
Will now allocate 38.863 GB memory for the AO ERI tensor!

Timing report
....integral transformation:    1015.6249962 s

===============================================
            Relativistic CASCI(4,8)            
===============================================
Will now allocate 0.078 MB memory for the CASCI Hamiltonian!
Time taken for 1-RDM build:        0.0091012 s
Time taken for 1-RDM build:        0.0087266 s
Time taken for 1-RDM build:        0.0088034 s
Time taken for 1-RDM build:        0.0087349 s
Time taken for 1-RDM build:        0.0087786 s
Time taken for 1-RDM build:        0.0087116 s
Time taken for 1-RDM build:        0.0087566 s
Time taken for 1-RDM build:        0.0087461 s
Time taken for 1-RDM build:        0.0089910 s
Time taken for 2-RDM build:        0.0355091 s
Time taken for 2-RDM build:        0.0348933 s
Time taken for 2-RDM build:        0.0348780 s
Time taken for 2-RDM build:        0.0347989 s
Time taken for 2-RDM build:        0.0348623 s
Time taken for 2-RDM build:        0.0348773 s
Time taken for 2-RDM build:        0.0348678 s
Time taken for 2-RDM build:        0.0348618 s
Time taken for 2-RDM build:        0.0348711 s
Time taken for 3-RDM build:        0.1548684 s
Time taken for 3-RDM build:        0.1510468 s
Time taken for 3-RDM build:        0.1509488 s
Time taken for 3-RDM build:        0.1508894 s
Time taken for 3-RDM build:        0.1508212 s
Time taken for 3-RDM build:        0.1508639 s
Time taken for 3-RDM build:        0.1508422 s
Time taken for 3-RDM build:        0.1508052 s
Time taken for 3-RDM build:        0.1506779 s
E_frzc:                        -2092.8592106 Eh
E_cas:                            -3.6862998 Eh
E_nuc:                             0.0000000 Eh
E_casci:                       -2096.5413860 Eh
E0 (from RDM):                 -2096.5413860 Eh
Ecorr:                            -0.2153364 Eh

Timing summary
... Hamil build:                    0.0458593 s
... Hamil diag:                     0.0058801 s
... RDM build:                     46.6038814 s
State     Energy / Eh         Splitting / Eh      Splitting / cm-1    Splitting / meV     
0         -2.0965455e+03      +0.0000000e+00      +0.0000000e+00      +0.0000000e+00      
1         -2.0965432e+03      +2.3344184e-03      +5.1234561e+02      +6.3522789e+01      
2         -2.0965432e+03      +6.4164851e-10      +1.4082557e-04      +1.7460154e-05      
3         -2.0965432e+03      +5.3205440e-10      +1.1677244e-04      +1.4477945e-05      
4         -2.0965395e+03      +3.6890520e-03      +8.0965333e+02      +1.0038427e+02      
5         -2.0965395e+03      +9.3723429e-10      +2.0569915e-04      +2.5503456e-05      
6         -2.0965395e+03      +1.0586518e-09      +2.3234722e-04      +2.8807397e-05      
7         -2.0965395e+03      +1.1709744e-09      +2.5699918e-04      +3.1863852e-05      
8         -2.0965395e+03      +1.0372787e-09      +2.2765636e-04      +2.8225805e-05      
Total time taken:                  50.3189049 s
===============================================

===============================================
            Relativistic DSRG-MRPT3            
===============================================
... compute_energy_pt3_1:     411.5522497 s
... compute_energy_pt2:       1.1663890 s
... compute_energy_pt3_2:     357.9401546 s
... compute_energy_pt3_3:      91.5589280 s
-----------------------------------------------
        DSRG-MRPT3 reference relaxation        
-----------------------------------------------
Iter                          Energy              Delta E   
   -Eref  -2096.5413860       
   -Ecorr -0.8554760       
<Psi^(0)|Hbar^(0)|Psi^(0)>    -2097.3968620       -2.09740e+03
   -Erelax-0.0001265       
<Psi^(0)|Hbar^(1)|Psi^(0)>    -2097.3969885       -1.26516e-04
   -Eref  -2096.5412526       
   -Ecorr -0.8557936       
<Psi^(1)|Hbar^(1)|Psi^(1)>    -2097.3970462       -5.76600e-05
   -Erelax-0.0000002       
<Psi^(1)|Hbar^(2)|Psi^(1)>    -2097.3970463       -1.64995e-07
   -Eref  -2096.5412479       
   -Ecorr -0.8557979       
<Psi^(2)|Hbar^(2)|Psi^(2)>    -2097.3970458       5.23141e-07
   -Erelax-0.0000000       
<Psi^(2)|Hbar^(3)|Psi^(2)>    -2097.3970458       -1.34241e-09
   -Eref  -2096.5412474       
   -Ecorr -0.8557983       
<Psi^(3)|Hbar^(3)|Psi^(3)>    -2097.3970458       4.01010e-08
   -Erelax-0.0000000       
<Psi^(3)|Hbar^(4)|Psi^(3)>    -2097.3970458       -1.09139e-11
   -Eref  -2096.5412474       
   -Ecorr -0.8557984       
<Psi^(4)|Hbar^(4)|Psi^(4)>    -2097.3970458       3.64480e-09
   -Erelax-0.0000000       
<Psi^(4)|Hbar^(5)|Psi^(4)>    -2097.3970458       0.00000e+00
Unrelaxed DSRG-MRPT3 energy:             -2097.3968620 Eh
Unrelaxed DSRG-MRPT3 E_corr:                -0.8554760 Eh
Partially relaxed DSRG-MRPT3 energy:     -2097.3969885 Eh
Partially relaxed DSRG-MRPT3 E_corr:        -0.8556025 Eh
Relaxed DSRG-MRPT3 energy:               -2097.3970462 Eh
Relaxed DSRG-MRPT3 E_corr:                  -0.8557936 Eh
Fully relaxed DSRG-MRPT3 energy:         -2097.3970458 Eh
Fully relaxed DSRG-MRPT3 E_corr:            -0.8557984 Eh
State     Energy / Eh         Splitting / Eh      Splitting / cm-1    Splitting / meV     
0         -2.0974017e+03      +0.0000000e+00      +0.0000000e+00      +0.0000000e+00      
1         -2.0973990e+03      +2.6707746e-03      +5.8616727e+02      +7.2675514e+01      
2         -2.0973990e+03      +9.8680175e-11      +2.1657795e-05      +2.6852256e-06      
3         -2.0973990e+03      +8.4583007e-11      +1.8563824e-05      +2.3016220e-06      
4         -2.0973949e+03      +4.1058436e-03      +9.0112851e+02      +1.1172575e+02      
5         -2.0973949e+03      +1.2323653e-10      +2.7047292e-05      +3.3534384e-06      
6         -2.0973949e+03      +1.4279067e-10      +3.1338929e-05      +3.8855338e-06      
7         -2.0973949e+03      +1.3369572e-10      +2.9342819e-05      +3.6380476e-06      
8         -2.0973949e+03      +1.1232260e-10      +2.4651960e-05      +3.0564550e-06      
Time taken:                     5470.6073232 s
===============================================
===============================================
              PySCF DHF interface              
===============================================
Will now allocate 38.863 GB memory for the AO ERI tensor!

Timing report
....integral transformation:    1014.8061945 s

===============================================
            Relativistic CASCI(5,8)            
===============================================
Will now allocate 0.050 MB memory for the CASCI Hamiltonian!
Time taken for 1-RDM build:        0.0057051 s
Time taken for 1-RDM build:        0.0056720 s
Time taken for 1-RDM build:        0.0056627 s
Time taken for 1-RDM build:        0.0056629 s
Time taken for 1-RDM build:        0.0056758 s
Time taken for 1-RDM build:        0.0056887 s
Time taken for 1-RDM build:        0.0056674 s
Time taken for 1-RDM build:        0.0056868 s
Time taken for 1-RDM build:        0.0056510 s
Time taken for 1-RDM build:        0.0056973 s
Time taken for 1-RDM build:        0.0056603 s
Time taken for 1-RDM build:        0.0056493 s
Time taken for 1-RDM build:        0.0056846 s
Time taken for 1-RDM build:        0.0056581 s
Time taken for 2-RDM build:        0.0260983 s
Time taken for 2-RDM build:        0.0254531 s
Time taken for 2-RDM build:        0.0254252 s
Time taken for 2-RDM build:        0.0254228 s
Time taken for 2-RDM build:        0.0254321 s
Time taken for 2-RDM build:        0.0254381 s
Time taken for 2-RDM build:        0.0254486 s
Time taken for 2-RDM build:        0.0254703 s
Time taken for 2-RDM build:        0.0255227 s
Time taken for 2-RDM build:        0.0254581 s
Time taken for 2-RDM build:        0.0254390 s
Time taken for 2-RDM build:        0.0254095 s
Time taken for 2-RDM build:        0.0254805 s
Time taken for 2-RDM build:        0.0254891 s
Time taken for 3-RDM build:        0.1528323 s
Time taken for 3-RDM build:        0.1491103 s
Time taken for 3-RDM build:        0.1489482 s
Time taken for 3-RDM build:        0.1487091 s
Time taken for 3-RDM build:        0.1484752 s
Time taken for 3-RDM build:        0.1486273 s
Time taken for 3-RDM build:        0.1485114 s
Time taken for 3-RDM build:        0.1578510 s
Time taken for 3-RDM build:        0.1486905 s
Time taken for 3-RDM build:        0.1488583 s
Time taken for 3-RDM build:        0.1490612 s
Time taken for 3-RDM build:        0.1501637 s
Time taken for 3-RDM build:        0.1486437 s
Time taken for 3-RDM build:        0.1485758 s
E_frzc:                        -2252.3726240 Eh
E_cas:                            -6.0718308 Eh
E_nuc:                             0.0000000 Eh
E_casci:                       -2258.3972569 Eh
E0 (from RDM):                 -2258.3972569 Eh
Ecorr:                            -0.0178409 Eh

Timing summary
... Hamil build:                    0.0232220 s
... Hamil diag:                     0.0005109 s
... RDM build:                     47.1496761 s
State     Energy / Eh         Splitting / Eh      Splitting / cm-1    Splitting / meV     
0         -2.2584445e+03      +0.0000000e+00      +0.0000000e+00      +0.0000000e+00      
1         -2.2584445e+03      +5.2432370e-10      +1.1507575e-04      +1.4267581e-05      
2         -2.2584445e+03      +5.2705218e-10      +1.1567458e-04      +1.4341827e-05      
3         -2.2584445e+03      +5.1386451e-10      +1.1278022e-04      +1.3982972e-05      
4         -2.2583793e+03      +6.5107933e-02      +1.4289540e+04      +1.7716780e+03      
5         -2.2583793e+03      +9.2859409e-10      +2.0380284e-04      +2.5268344e-05      
6         -2.2583793e+03      +1.1159500e-09      +2.4492271e-04      +3.0366561e-05      
7         -2.2583793e+03      +5.1250026e-10      +1.1248081e-04      +1.3945849e-05      
8         -2.2583777e+03      +1.6153755e-03      +3.5453394e+02      +4.3956628e+01      
9         -2.2583777e+03      +7.5033313e-10      +1.6467909e-04      +2.0417614e-05      
10        -2.2583777e+03      +4.8839865e-10      +1.0719111e-04      +1.3290011e-05      
11        -2.2583777e+03      +1.4611032e-09      +3.2067509e-04      +3.9758663e-05      
12        -2.2583777e+03      +1.6329977e-09      +3.5840157e-04      +4.4436153e-05      
13        -2.2583777e+03      +6.3982952e-10      +1.4042635e-04      +1.7410656e-05      
Total time taken:                  50.8404267 s
===============================================

===============================================
            Relativistic DSRG-MRPT3            
===============================================
... compute_energy_pt3_1:     406.9234476 s
... compute_energy_pt2:       1.2626381 s
... compute_energy_pt3_2:     354.9251461 s
... compute_energy_pt3_3:     101.4767473 s
-----------------------------------------------
        DSRG-MRPT3 reference relaxation        
-----------------------------------------------
Iter                          Energy              Delta E   
   -Eref  -2258.3972569       
   -Ecorr -0.8876478       
<Psi^(0)|Hbar^(0)|Psi^(0)>    -2259.2849046       -2.25928e+03
   -Erelax-0.0000283       
<Psi^(0)|Hbar^(1)|Psi^(0)>    -2259.2849329       -2.82967e-05
   -Eref  -2258.3972350       
   -Ecorr -0.8877033       
<Psi^(1)|Hbar^(1)|Psi^(1)>    -2259.2849383       -5.38294e-06
   -Erelax-0.0000000       
<Psi^(1)|Hbar^(2)|Psi^(1)>    -2259.2849383       -1.96815e-09
   -Eref  -2258.3972349       
   -Ecorr -0.8877034       
<Psi^(2)|Hbar^(2)|Psi^(2)>    -2259.2849383       6.26005e-09
   -Erelax-0.0000000       
<Psi^(2)|Hbar^(3)|Psi^(2)>    -2259.2849383       -4.54747e-13
Unrelaxed DSRG-MRPT3 energy:             -2259.2849046 Eh
Unrelaxed DSRG-MRPT3 E_corr:                -0.8876478 Eh
Partially relaxed DSRG-MRPT3 energy:     -2259.2849329 Eh
Partially relaxed DSRG-MRPT3 E_corr:        -0.8876761 Eh
Relaxed DSRG-MRPT3 energy:               -2259.2849383 Eh
Relaxed DSRG-MRPT3 E_corr:                  -0.8877033 Eh
Fully relaxed DSRG-MRPT3 energy:         -2259.2849383 Eh
Fully relaxed DSRG-MRPT3 E_corr:            -0.8877034 Eh
State     Energy / Eh         Splitting / Eh      Splitting / cm-1    Splitting / meV     
0         -2.2593221e+03      +0.0000000e+00      +0.0000000e+00      +0.0000000e+00      
1         -2.2593221e+03      +1.3642421e-10      +2.9941652e-05      +3.7122935e-06      
2         -2.2593221e+03      +1.3733370e-10      +3.0141263e-05      +3.7370421e-06      
3         -2.2593221e+03      +1.3551471e-10      +2.9742041e-05      +3.6875449e-06      
4         -2.2592709e+03      +5.1147550e-02      +1.1225590e+04      +1.3917964e+03      
5         -2.2592709e+03      +4.9112714e-11      +1.0778995e-05      +1.3364257e-06      
6         -2.2592709e+03      +1.0368240e-10      +2.2755656e-05      +2.8213430e-06      
7         -2.2592709e+03      +6.5938366e-11      +1.4471798e-05      +1.7942752e-06      
8         -2.2592695e+03      +1.4109592e-03      +3.0966975e+02      +3.8394174e+01      
9         -2.2592695e+03      +6.2755134e-11      +1.3773160e-05      +1.7076550e-06      
10        -2.2592695e+03      +2.1373125e-11      +4.6908588e-06      +5.8159265e-07      
11        -2.2592695e+03      +7.9126039e-11      +1.7366158e-05      +2.1531302e-06      
12        -2.2592695e+03      +4.6384230e-11      +1.0180162e-05      +1.2621798e-06      
13        -2.2592695e+03      +4.5474735e-11      +9.9805507e-06      +1.2374312e-06      
Time taken:                     3220.9024544 s
===============================================
===============================================
              PySCF DHF interface              
===============================================
Will now allocate 38.863 GB memory for the AO ERI tensor!

Timing report
....integral transformation:     985.3058429 s

===============================================
            Relativistic CASCI(6,8)            
===============================================
Will now allocate 0.013 MB memory for the CASCI Hamiltonian!
Time taken for 1-RDM build:        0.0022249 s
Time taken for 1-RDM build:        0.0022023 s
Time taken for 1-RDM build:        0.0021980 s
Time taken for 1-RDM build:        0.0021911 s
Time taken for 1-RDM build:        0.0021741 s
Time taken for 1-RDM build:        0.0021994 s
Time taken for 1-RDM build:        0.0021954 s
Time taken for 1-RDM build:        0.0021920 s
Time taken for 1-RDM build:        0.0021837 s
Time taken for 2-RDM build:        0.0086801 s
Time taken for 2-RDM build:        0.0086000 s
Time taken for 2-RDM build:        0.0085795 s
Time taken for 2-RDM build:        0.0085688 s
Time taken for 2-RDM build:        0.0085857 s
Time taken for 2-RDM build:        0.0085716 s
Time taken for 2-RDM build:        0.0086155 s
Time taken for 2-RDM build:        0.0086114 s
Time taken for 2-RDM build:        0.0086405 s
Time taken for 3-RDM build:        0.0681229 s
Time taken for 3-RDM build:        0.0662193 s
Time taken for 3-RDM build:        0.0662072 s
Time taken for 3-RDM build:        0.0662582 s
Time taken for 3-RDM build:        0.0662112 s
Time taken for 3-RDM build:        0.0663161 s
Time taken for 3-RDM build:        0.0662949 s
Time taken for 3-RDM build:        0.0662637 s
Time taken for 3-RDM build:        0.0663605 s
E_frzc:                        -2418.2608262 Eh
E_cas:                            -9.1774708 Eh
E_nuc:                             0.0000000 Eh
E_casci:                       -2427.4340589 Eh
E0 (from RDM):                 -2427.4340589 Eh
Ecorr:                            -0.1372548 Eh

Timing summary
... Hamil build:                    0.0102537 s
... Hamil diag:                     0.0002961 s
... RDM build:                     46.1223986 s
State     Energy / Eh         Splitting / Eh      Splitting / cm-1    Splitting / meV     
0         -2.4274383e+03      +0.0000000e+00      +0.0000000e+00      +0.0000000e+00      
1         -2.4274383e+03      +1.9413164e-09      +4.2606971e-04      +5.2825936e-05      
2         -2.4274383e+03      +8.9721652e-10      +1.9691626e-04      +2.4414517e-05      
3         -2.4274383e+03      +1.1737029e-09      +2.5759801e-04      +3.1938098e-05      
4         -2.4274383e+03      +1.8349056e-09      +4.0271522e-04      +4.9930347e-05      
5         -2.4274294e+03      +8.8831576e-03      +1.9496277e+03      +2.4172315e+02      
6         -2.4274294e+03      +4.1914063e-09      +9.1990735e-04      +1.1405403e-04      
7         -2.4274294e+03      +4.1027306e-09      +9.0044528e-04      +1.1164104e-04      
8         -2.4274268e+03      +2.6102260e-03      +5.7287839e+02      +7.1027902e+01      
Total time taken:                  49.7900343 s
===============================================

===============================================
            Relativistic DSRG-MRPT3            
===============================================
... compute_energy_pt3_1:     414.5286996 s
... compute_energy_pt2:       1.2983053 s
... compute_energy_pt3_2:     316.4072154 s
... compute_energy_pt3_3:      83.9157009 s
-----------------------------------------------
        DSRG-MRPT3 reference relaxation        
-----------------------------------------------
Iter                          Energy              Delta E   
   -Eref  -2427.4340589       
   -Ecorr -0.9117820       
<Psi^(0)|Hbar^(0)|Psi^(0)>    -2428.3458408       -2.42835e+03
   -Erelax-0.0000059       
<Psi^(0)|Hbar^(1)|Psi^(0)>    -2428.3458467       -5.89492e-06
   -Eref  -2427.4340530       
   -Ecorr -0.9117948       
<Psi^(1)|Hbar^(1)|Psi^(1)>    -2428.3458478       -1.11162e-06
   -Erelax-0.0000000       
<Psi^(1)|Hbar^(2)|Psi^(1)>    -2428.3458478       -5.63887e-11
   -Eref  -2427.4340530       
   -Ecorr -0.9117948       
<Psi^(2)|Hbar^(2)|Psi^(2)>    -2428.3458478       3.53189e-08
   -Erelax-0.0000000       
<Psi^(2)|Hbar^(3)|Psi^(2)>    -2428.3458478       -4.54747e-13
   -Eref  -2427.4340530       
   -Ecorr -0.9117948       
<Psi^(3)|Hbar^(3)|Psi^(3)>    -2428.3458478       -2.52930e-09
   -Erelax-0.0000000       
<Psi^(3)|Hbar^(4)|Psi^(3)>    -2428.3458478       0.00000e+00
Unrelaxed DSRG-MRPT3 energy:             -2428.3458408 Eh
Unrelaxed DSRG-MRPT3 E_corr:                -0.9117820 Eh
Partially relaxed DSRG-MRPT3 energy:     -2428.3458467 Eh
Partially relaxed DSRG-MRPT3 E_corr:        -0.9117879 Eh
Relaxed DSRG-MRPT3 energy:               -2428.3458478 Eh
Relaxed DSRG-MRPT3 E_corr:                  -0.9117948 Eh
Fully relaxed DSRG-MRPT3 energy:         -2428.3458478 Eh
Fully relaxed DSRG-MRPT3 E_corr:            -0.9117948 Eh
State     Energy / Eh         Splitting / Eh      Splitting / cm-1    Splitting / meV     
0         -2.4283497e+03      +0.0000000e+00      +0.0000000e+00      +0.0000000e+00      
1         -2.4283497e+03      +3.5379344e-10      +7.7648684e-05      +9.6272144e-06      
2         -2.4283497e+03      +3.5379344e-10      +7.7648684e-05      +9.6272144e-06      
3         -2.4283497e+03      +3.5697667e-10      +7.8347323e-05      +9.7138346e-06      
4         -2.4283497e+03      +3.5652192e-10      +7.8247517e-05      +9.7014603e-06      
5         -2.4283417e+03      +8.0277782e-03      +1.7618937e+03      +2.1844708e+02      
6         -2.4283417e+03      +3.7198333e-10      +8.1640904e-05      +1.0122187e-05      
7         -2.4283417e+03      +3.4106051e-10      +7.4854130e-05      +9.2807337e-06      
8         -2.4283392e+03      +2.5052108e-03      +5.4983022e+02      +6.8170292e+01      
Time taken:                     4302.7839172 s
===============================================
===============================================
              PySCF DHF interface              
===============================================
Will now allocate 38.863 GB memory for the AO ERI tensor!

Timing report
....integral transformation:     974.2441905 s

===============================================
            Relativistic CASCI(7,8)            
===============================================
Will now allocate 0.001 MB memory for the CASCI Hamiltonian!
Time taken for 1-RDM build:        0.0003784 s
Time taken for 1-RDM build:        0.0003643 s
Time taken for 1-RDM build:        0.0003603 s
Time taken for 1-RDM build:        0.0003648 s
Time taken for 1-RDM build:        0.0003598 s
Time taken for 1-RDM build:        0.0003598 s
Time taken for 2-RDM build:        0.0011063 s
Time taken for 2-RDM build:        0.0010040 s
Time taken for 2-RDM build:        0.0009985 s
Time taken for 2-RDM build:        0.0009942 s
Time taken for 2-RDM build:        0.0009980 s
Time taken for 2-RDM build:        0.0009997 s
Time taken for 3-RDM build:        0.0136969 s
Time taken for 3-RDM build:        0.0125227 s
Time taken for 3-RDM build:        0.0125043 s
Time taken for 3-RDM build:        0.0124936 s
Time taken for 3-RDM build:        0.0125232 s
Time taken for 3-RDM build:        0.0125074 s
E_frzc:                        -2590.5378304 Eh
E_cas:                           -13.1880855 Eh
E_nuc:                             0.0000000 Eh
E_casci:                       -2603.7203212 Eh
E0 (from RDM):                 -2603.7203212 Eh
Ecorr:                            -0.0318830 Eh

Timing summary
... Hamil build:                    0.0019929 s
... Hamil diag:                     0.0000999 s
... RDM build:                     44.9241915 s
State     Energy / Eh         Splitting / Eh      Splitting / cm-1    Splitting / meV     
0         -2.6037259e+03      +0.0000000e+00      +0.0000000e+00      +0.0000000e+00      
1         -2.6037259e+03      +9.2413757e-09      +2.0282475e-03      +2.5147076e-04      
2         -2.6037259e+03      +1.8784249e-08      +4.1226661e-03      +5.1114569e-04      
3         -2.6037259e+03      +9.8884811e-09      +2.1702707e-03      +2.6907941e-04      
4         -2.6037091e+03      +1.6783801e-02      +3.6836186e+03      +4.5671072e+02      
5         -2.6037091e+03      +7.4087438e-09      +1.6260313e-03      +2.0160228e-04      
Total time taken:                  48.6100483 s
===============================================

===============================================
            Relativistic DSRG-MRPT3            
===============================================
... compute_energy_pt3_1:     405.1725929 s
... compute_energy_pt2:       1.1814914 s
... compute_energy_pt3_2:     340.9426391 s
... compute_energy_pt3_3:      85.4078569 s
-----------------------------------------------
        DSRG-MRPT3 reference relaxation        
-----------------------------------------------
Iter                          Energy              Delta E   
   -Eref  -2603.7203212       
   -Ecorr -0.9434197       
<Psi^(0)|Hbar^(0)|Psi^(0)>    -2604.6637409       -2.60466e+03
   -Erelax0.0000000       
<Psi^(0)|Hbar^(1)|Psi^(0)>    -2604.6637409       0.00000e+00
   -Eref  -2603.7203212       
   -Ecorr -0.9434197       
<Psi^(1)|Hbar^(1)|Psi^(1)>    -2604.6637409       -4.54747e-13
   -Erelax-0.0000000       
<Psi^(1)|Hbar^(2)|Psi^(1)>    -2604.6637409       0.00000e+00
Unrelaxed DSRG-MRPT3 energy:             -2604.6637409 Eh
Unrelaxed DSRG-MRPT3 E_corr:                -0.9434197 Eh
Partially relaxed DSRG-MRPT3 energy:     -2604.6637409 Eh
Partially relaxed DSRG-MRPT3 E_corr:        -0.9434197 Eh
Relaxed DSRG-MRPT3 energy:               -2604.6637409 Eh
Relaxed DSRG-MRPT3 E_corr:                  -0.9434197 Eh
Fully relaxed DSRG-MRPT3 energy:         -2604.6637409 Eh
Fully relaxed DSRG-MRPT3 E_corr:            -0.9434197 Eh
State     Energy / Eh         Splitting / Eh      Splitting / cm-1    Splitting / meV     
0         -2.6046692e+03      +0.0000000e+00      +0.0000000e+00      +0.0000000e+00      
1         -2.6046692e+03      +1.5070327e-09      +3.3075545e-04      +4.1008469e-05      
2         -2.6046692e+03      +1.7935236e-09      +3.9363292e-04      +4.8804285e-05      
3         -2.6046692e+03      +1.3496901e-09      +2.9622274e-04      +3.6726957e-05      
4         -2.6046528e+03      +1.6446387e-02      +3.6095646e+03      +4.4752919e+02      
5         -2.6046528e+03      +1.2882992e-09      +2.8274900e-04      +3.5056425e-05      
Time taken:                     2123.4963405 s
===============================================
