NOW DOING s=1.04!
===============================================
              PySCF DHF interface              
===============================================
Will now allocate 796.594 MB memory for the AO ERI tensor!

Timing report
....integral transformation:      51.9476633 s

===============================================
            Relativistic CASCI(3,8)            
===============================================
Will now allocate 0.050 MB memory for the CASCI Hamiltonian!
Time taken for 1-RDM build:        0.0201540 s
Time taken for 1-RDM build:        0.0201552 s
Time taken for 1-RDM build:        0.0201092 s
Time taken for 1-RDM build:        0.0201778 s
Time taken for 1-RDM build:        0.0201633 s
Time taken for 1-RDM build:        0.0202024 s
Time taken for 2-RDM build:        0.0794339 s
Time taken for 2-RDM build:        0.0791404 s
Time taken for 2-RDM build:        0.0793238 s
Time taken for 2-RDM build:        0.0791674 s
Time taken for 2-RDM build:        0.0791640 s
Time taken for 2-RDM build:        0.0791442 s
Time taken for 3-RDM build:        0.1797359 s
Time taken for 3-RDM build:        0.1788721 s
Time taken for 3-RDM build:        0.1789107 s
Time taken for 3-RDM build:        0.1789045 s
Time taken for 3-RDM build:        0.1789715 s
Time taken for 3-RDM build:        0.1833856 s
E_frzc:                          -21.9899228 Eh
E_cas:                            -2.5754278 Eh
E_nuc:                             0.0000000 Eh
E_casci:                         -24.5653104 Eh
E0 (from RDM):                   -24.5653104 Eh
Ecorr:                            -0.2764703 Eh

Timing summary
... Hamil build:                    0.0690951 s
... Hamil diag:                     0.0013914 s
... RDM build:                      5.1652009 s
State     Energy / Eh         Splitting / Eh      Splitting / cm-1    Splitting / meV     
0         -2.4565351e+01      +0.0000000e+00      +0.0000000e+00      +0.0000000e+00      
1         -2.4565351e+01      +1.6292141e-09      +3.5757116e-04      +4.4333195e-05      
2         -2.4565290e+01      +6.0370290e-05      +1.3249747e+01      +1.6427601e+00      
3         -2.4565290e+01      +8.2750518e-10      +1.8161639e-04      +2.2517574e-05      
4         -2.4565290e+01      +8.6880192e-10      +1.9067998e-04      +2.3641316e-05      
5         -2.4565290e+01      +1.8699780e-09      +4.1041272e-04      +5.0884716e-05      
Total time taken:                   5.4133613 s
===============================================

===============================================
            Relativistic DSRG-MRPT3            
===============================================
... compute_energy_pt3_1:      14.9665804 s
... compute_energy_pt2:       0.0835011 s
... compute_energy_pt3_2:      12.2404504 s
... compute_energy_pt3_3:       2.6863129 s
-----------------------------------------------
        DSRG-MRPT3 reference relaxation        
-----------------------------------------------
Iter                          Energy              Delta E   
   -Eref  -24.5653104       
   -Ecorr -0.0768982       
<Psi^(0)|Hbar^(0)|Psi^(0)>    -24.6422085         -2.46422e+01
   -Erelax-0.0006050       
<Psi^(0)|Hbar^(1)|Psi^(0)>    -24.6428135         -6.04955e-04
   -Eref  -24.5647015       
   -Ecorr -0.0779607       
<Psi^(1)|Hbar^(1)|Psi^(1)>    -24.6426622         1.51268e-04
   -Erelax-0.0000000       
<Psi^(1)|Hbar^(2)|Psi^(1)>    -24.6426622         -1.98130e-09
   -Eref  -24.5646993       
   -Ecorr -0.0779627       
<Psi^(2)|Hbar^(2)|Psi^(2)>    -24.6426620         2.37640e-07
   -Erelax-0.0000000       
<Psi^(2)|Hbar^(3)|Psi^(2)>    -24.6426620         -3.55271e-15
   -Eref  -24.5646993       
   -Ecorr -0.0779627       
<Psi^(3)|Hbar^(3)|Psi^(3)>    -24.6426620         3.01650e-10
   -Erelax-0.0000000       
<Psi^(3)|Hbar^(4)|Psi^(3)>    -24.6426620         0.00000e+00
Unrelaxed DSRG-MRPT3 energy:               -24.6422085 Eh
Unrelaxed DSRG-MRPT3 E_corr:                -0.0768982 Eh
Partially relaxed DSRG-MRPT3 energy:       -24.6428135 Eh
Partially relaxed DSRG-MRPT3 E_corr:        -0.0775031 Eh
Relaxed DSRG-MRPT3 energy:                 -24.6426622 Eh
Relaxed DSRG-MRPT3 E_corr:                  -0.0779607 Eh
Fully relaxed DSRG-MRPT3 energy:           -24.6426620 Eh
Fully relaxed DSRG-MRPT3 E_corr:            -0.0779627 Eh
State     Energy / Eh         Splitting / Eh      Splitting / cm-1    Splitting / meV     
0         -2.4642705e+01      +0.0000000e+00      +0.0000000e+00      +0.0000000e+00      
1         -2.4642705e+01      +4.4710902e-10      +9.8129086e-05      +1.2166462e-05      
2         -2.4642640e+01      +6.4840719e-05      +1.4230893e+01      +1.7644067e+00      
3         -2.4642640e+01      +3.2445158e-10      +7.1208890e-05      +8.8287813e-06      
4         -2.4642640e+01      +2.6428992e-10      +5.8004933e-05      +7.1916986e-06      
5         -2.4642640e+01      +4.0824233e-10      +8.9598834e-05      +1.1108845e-05      
Time taken:                      175.8374410 s
===============================================
===============================================
              PySCF DHF interface              
===============================================
Will now allocate 796.594 MB memory for the AO ERI tensor!

Timing report
....integral transformation:      51.1686337 s

===============================================
            Relativistic CASCI(4,8)            
===============================================
Will now allocate 0.078 MB memory for the CASCI Hamiltonian!
Time taken for 1-RDM build:        0.0309076 s
Time taken for 1-RDM build:        0.0308423 s
Time taken for 1-RDM build:        0.0307925 s
Time taken for 1-RDM build:        0.0285547 s
Time taken for 1-RDM build:        0.0278199 s
Time taken for 1-RDM build:        0.0273430 s
Time taken for 1-RDM build:        0.0271673 s
Time taken for 1-RDM build:        0.0273726 s
Time taken for 1-RDM build:        0.0273149 s
Time taken for 2-RDM build:        0.1178298 s
Time taken for 2-RDM build:        0.1179888 s
Time taken for 2-RDM build:        0.1176574 s
Time taken for 2-RDM build:        0.1178198 s
Time taken for 2-RDM build:        0.1177108 s
Time taken for 2-RDM build:        0.1178026 s
Time taken for 2-RDM build:        0.1182044 s
Time taken for 2-RDM build:        0.1179421 s
Time taken for 2-RDM build:        0.1182177 s
Time taken for 3-RDM build:        0.3875937 s
Time taken for 3-RDM build:        0.3844485 s
Time taken for 3-RDM build:        0.3850946 s
Time taken for 3-RDM build:        0.3839288 s
Time taken for 3-RDM build:        0.3851564 s
Time taken for 3-RDM build:        0.3853252 s
Time taken for 3-RDM build:        0.3858688 s
Time taken for 3-RDM build:        0.3863282 s
Time taken for 3-RDM build:        0.3849752 s
E_frzc:                          -32.3709352 Eh
E_cas:                            -5.3467114 Eh
E_nuc:                             0.0000000 Eh
E_casci:                         -37.7175257 Eh
E0 (from RDM):                   -37.7175257 Eh
Ecorr:                            -0.4429083 Eh

Timing summary
... Hamil build:                    0.1073771 s
... Hamil diag:                     0.0020614 s
... RDM build:                      8.2895195 s
State     Energy / Eh         Splitting / Eh      Splitting / cm-1    Splitting / meV     
0         -3.7717647e+01      +0.0000000e+00      +0.0000000e+00      +0.0000000e+00      
1         -3.7717578e+01      +6.8056777e-05      +1.4936736e+01      +1.8519201e+00      
2         -3.7717578e+01      +1.0789876e-09      +2.3681040e-04      +2.9360761e-05      
3         -3.7717578e+01      +1.2285710e-09      +2.6964017e-04      +3.3431136e-05      
4         -3.7717470e+01      +1.0852195e-04      +2.3817815e+01      +2.9530341e+00      
5         -3.7717470e+01      +3.7325520e-10      +8.1920048e-05      +1.0156796e-05      
6         -3.7717470e+01      +9.5213437e-10      +2.0896934e-04      +2.5908908e-05      
7         -3.7717470e+01      +4.4994408e-10      +9.8751311e-05      +1.2243608e-05      
8         -3.7717470e+01      +5.6219562e-10      +1.2338768e-04      +1.5298129e-05      
Total time taken:                   8.5764048 s
===============================================

===============================================
            Relativistic DSRG-MRPT3            
===============================================
... compute_energy_pt3_1:      15.5521615 s
... compute_energy_pt2:       0.0829740 s
... compute_energy_pt3_2:      12.0782840 s
... compute_energy_pt3_3:       2.6816356 s
-----------------------------------------------
        DSRG-MRPT3 reference relaxation        
-----------------------------------------------
Iter                          Energy              Delta E   
   -Eref  -37.7175257       
   -Ecorr -0.1172121       
<Psi^(0)|Hbar^(0)|Psi^(0)>    -37.8347379         -3.78347e+01
   -Erelax-0.0000339       
<Psi^(0)|Hbar^(1)|Psi^(0)>    -37.8347717         -3.38874e-05
   -Eref  -37.7174900       
   -Ecorr -0.1173874       
<Psi^(1)|Hbar^(1)|Psi^(1)>    -37.8348774         -1.05634e-04
   -Erelax-0.0000000       
<Psi^(1)|Hbar^(2)|Psi^(1)>    -37.8348774         -2.64887e-09
   -Eref  -37.7174906       
   -Ecorr -0.1173859       
<Psi^(2)|Hbar^(2)|Psi^(2)>    -37.8348765         8.57328e-07
   -Erelax-0.0000000       
<Psi^(2)|Hbar^(3)|Psi^(2)>    -37.8348765         -1.13971e-11
   -Eref  -37.7174906       
   -Ecorr -0.1173859       
<Psi^(3)|Hbar^(3)|Psi^(3)>    -37.8348765         -6.28571e-09
   -Erelax-0.0000000       
<Psi^(3)|Hbar^(4)|Psi^(3)>    -37.8348765         -2.98428e-13
Unrelaxed DSRG-MRPT3 energy:               -37.8347379 Eh
Unrelaxed DSRG-MRPT3 E_corr:                -0.1172121 Eh
Partially relaxed DSRG-MRPT3 energy:       -37.8347717 Eh
Partially relaxed DSRG-MRPT3 E_corr:        -0.1172460 Eh
Relaxed DSRG-MRPT3 energy:                 -37.8348774 Eh
Relaxed DSRG-MRPT3 E_corr:                  -0.1173874 Eh
Fully relaxed DSRG-MRPT3 energy:           -37.8348765 Eh
Fully relaxed DSRG-MRPT3 E_corr:            -0.1173859 Eh
State     Energy / Eh         Splitting / Eh      Splitting / cm-1    Splitting / meV     
0         -3.7835031e+01      +0.0000000e+00      +0.0000000e+00      +0.0000000e+00      
1         -3.7834947e+01      +8.4202744e-05      +1.8480366e+01      +2.2912745e+00      
2         -3.7834947e+01      +9.8481223e-11      +2.1614130e-05      +2.6798119e-06      
3         -3.7834947e+01      +4.8927973e-11      +1.0738449e-05      +1.3313986e-06      
4         -3.7834803e+01      +1.4373703e-04      +3.1546631e+01      +3.9112856e+00      
5         -3.7834803e+01      +5.0690119e-11      +1.1125195e-05      +1.3793490e-06      
6         -3.7834803e+01      +6.2613026e-11      +1.3741971e-05      +1.7037880e-06      
7         -3.7834803e+01      +1.5216983e-10      +3.3397418e-05      +4.1407540e-06      
8         -3.7834803e+01      +1.7273294e-11      +3.7910498e-06      +4.7003049e-07      
Time taken:                      185.2543256 s
===============================================
===============================================
              PySCF DHF interface              
===============================================
Will now allocate 796.594 MB memory for the AO ERI tensor!

Timing report
....integral transformation:      52.9625900 s

===============================================
            Relativistic CASCI(5,8)            
===============================================
Will now allocate 0.050 MB memory for the CASCI Hamiltonian!
Time taken for 1-RDM build:        0.0215032 s
Time taken for 1-RDM build:        0.0216258 s
Time taken for 1-RDM build:        0.0214534 s
Time taken for 1-RDM build:        0.0216546 s
Time taken for 1-RDM build:        0.0216472 s
Time taken for 1-RDM build:        0.0205381 s
Time taken for 1-RDM build:        0.0204048 s
Time taken for 1-RDM build:        0.0206635 s
Time taken for 1-RDM build:        0.0206172 s
Time taken for 1-RDM build:        0.0203805 s
Time taken for 1-RDM build:        0.0205145 s
Time taken for 1-RDM build:        0.0203710 s
Time taken for 1-RDM build:        0.0204892 s
Time taken for 1-RDM build:        0.0205929 s
Time taken for 2-RDM build:        0.0852659 s
Time taken for 2-RDM build:        0.0851429 s
Time taken for 2-RDM build:        0.0849984 s
Time taken for 2-RDM build:        0.0851014 s
Time taken for 2-RDM build:        0.0852270 s
Time taken for 2-RDM build:        0.0847945 s
Time taken for 2-RDM build:        0.0854464 s
Time taken for 2-RDM build:        0.0854769 s
Time taken for 2-RDM build:        0.0858939 s
Time taken for 2-RDM build:        0.0853748 s
Time taken for 2-RDM build:        0.0853362 s
Time taken for 2-RDM build:        0.0852048 s
Time taken for 2-RDM build:        0.0854580 s
Time taken for 2-RDM build:        0.0855229 s
Time taken for 3-RDM build:        0.3565235 s
Time taken for 3-RDM build:        0.3642199 s
Time taken for 3-RDM build:        0.3860874 s
Time taken for 3-RDM build:        0.3604012 s
Time taken for 3-RDM build:        0.3583679 s
Time taken for 3-RDM build:        0.3569150 s
Time taken for 3-RDM build:        0.3553033 s
Time taken for 3-RDM build:        0.3537433 s
Time taken for 3-RDM build:        0.3542264 s
Time taken for 3-RDM build:        0.3551958 s
Time taken for 3-RDM build:        0.3550727 s
Time taken for 3-RDM build:        0.3552775 s
Time taken for 3-RDM build:        0.3554487 s
Time taken for 3-RDM build:        0.3549497 s
E_frzc:                          -44.7567199 Eh
E_cas:                            -9.6666253 Eh
E_nuc:                             0.0000000 Eh
E_casci:                         -54.3487687 Eh
E0 (from RDM):                   -54.3487687 Eh
Ecorr:                            -0.4454114 Eh

Timing summary
... Hamil build:                    0.0863314 s
... Hamil diag:                     0.0010803 s
... RDM build:                      9.9260080 s
State     Energy / Eh         Splitting / Eh      Splitting / cm-1    Splitting / meV     
0         -5.4423345e+01      +0.0000000e+00      +0.0000000e+00      +0.0000000e+00      
1         -5.4423345e+01      +1.0766144e-09      +2.3628954e-04      +2.9296183e-05      
2         -5.4423345e+01      +1.0765078e-09      +2.3626614e-04      +2.9293283e-05      
3         -5.4423345e+01      +1.0764154e-09      +2.3624587e-04      +2.9290769e-05      
4         -5.4318958e+01      +1.0438692e-01      +2.2910281e+04      +2.8405142e+03      
5         -5.4318958e+01      +1.1012489e-09      +2.4169619e-04      +2.9966522e-05      
6         -5.4318958e+01      +1.1371313e-09      +2.4957147e-04      +3.0942933e-05      
7         -5.4318958e+01      +5.9976912e-10      +1.3163411e-04      +1.6320557e-05      
8         -5.4318958e+01      +1.1947492e-09      +2.6221714e-04      +3.2510797e-05      
9         -5.4318958e+01      +1.3782895e-09      +3.0249957e-04      +3.7505185e-05      
10        -5.4318908e+01      +5.0508872e-05      +1.1085416e+01      +1.3744171e+00      
11        -5.4318908e+01      +3.9502766e-09      +8.6698548e-04      +1.0749255e-04      
12        -5.4318908e+01      +3.0347778e-09      +6.6605673e-04      +8.2580549e-05      
13        -5.4318908e+01      +2.9868943e-09      +6.5554752e-04      +8.1277572e-05      
Total time taken:                  10.1917286 s
===============================================

===============================================
            Relativistic DSRG-MRPT3            
===============================================
... compute_energy_pt3_1:      15.3191881 s
... compute_energy_pt2:       0.0846286 s
... compute_energy_pt3_2:      12.1945903 s
... compute_energy_pt3_3:       2.6792698 s
-----------------------------------------------
        DSRG-MRPT3 reference relaxation        
-----------------------------------------------
Iter                          Energy              Delta E   
   -Eref  -54.3487687       
   -Ecorr -0.1681056       
<Psi^(0)|Hbar^(0)|Psi^(0)>    -54.5168743         -5.45169e+01
   -Erelax-0.0000000       
<Psi^(0)|Hbar^(1)|Psi^(0)>    -54.5168743         -1.27367e-08
   -Eref  -54.3487687       
   -Ecorr -0.1681057       
<Psi^(1)|Hbar^(1)|Psi^(1)>    -54.5168744         -1.89758e-08
   -Erelax-0.0000000       
<Psi^(1)|Hbar^(2)|Psi^(1)>    -54.5168744         -6.50857e-12
   -Eref  -54.3487687       
   -Ecorr -0.1681057       
<Psi^(2)|Hbar^(2)|Psi^(2)>    -54.5168744         -5.70125e-10
   -Erelax-0.0000000       
<Psi^(2)|Hbar^(3)|Psi^(2)>    -54.5168744         -2.13163e-14
Unrelaxed DSRG-MRPT3 energy:               -54.5168743 Eh
Unrelaxed DSRG-MRPT3 E_corr:                -0.1681056 Eh
Partially relaxed DSRG-MRPT3 energy:       -54.5168743 Eh
Partially relaxed DSRG-MRPT3 E_corr:        -0.1681057 Eh
Relaxed DSRG-MRPT3 energy:                 -54.5168744 Eh
Relaxed DSRG-MRPT3 E_corr:                  -0.1681057 Eh
Fully relaxed DSRG-MRPT3 energy:           -54.5168744 Eh
Fully relaxed DSRG-MRPT3 E_corr:            -0.1681057 Eh
State     Energy / Eh         Splitting / Eh      Splitting / cm-1    Splitting / meV     
0         -5.4581964e+01      +0.0000000e+00      +0.0000000e+00      +0.0000000e+00      
1         -5.4581964e+01      +2.1318414e-10      +4.6788510e-05      +5.8010386e-06      
2         -5.4581964e+01      +2.1321966e-10      +4.6796307e-05      +5.8020054e-06      
3         -5.4581964e+01      +2.1323388e-10      +4.6799426e-05      +5.8023921e-06      
4         -5.4490844e+01      +9.1119967e-02      +1.9998521e+04      +2.4795018e+03      
5         -5.4490844e+01      +1.0089707e-10      +2.2144347e-05      +2.7455504e-06      
6         -5.4490844e+01      +9.2974517e-11      +2.0405548e-05      +2.5299667e-06      
7         -5.4490844e+01      +6.2762240e-11      +1.3774719e-05      +1.7078484e-06      
8         -5.4490844e+01      +3.6976644e-11      +8.1154353e-06      +1.0061862e-06      
9         -5.4490844e+01      +6.4211747e-11      +1.4092849e-05      +1.7472915e-06      
10        -5.4490830e+01      +1.4081516e-05      +3.0905356e+00      +3.8317776e-01      
11        -5.4490830e+01      +6.1810113e-11      +1.3565752e-05      +1.6819396e-06      
12        -5.4490830e+01      +4.5574211e-11      +1.0002383e-05      +1.2401380e-06      
13        -5.4490830e+01      +1.3336887e-10      +2.9271084e-05      +3.6291536e-06      
Time taken:                      138.5439546 s
===============================================
===============================================
              PySCF DHF interface              
===============================================
Will now allocate 796.594 MB memory for the AO ERI tensor!

Timing report
....integral transformation:      51.4102652 s

===============================================
            Relativistic CASCI(6,8)            
===============================================
Will now allocate 0.013 MB memory for the CASCI Hamiltonian!
Time taken for 1-RDM build:        0.0082510 s
Time taken for 1-RDM build:        0.0081782 s
Time taken for 1-RDM build:        0.0081885 s
Time taken for 1-RDM build:        0.0082283 s
Time taken for 1-RDM build:        0.0082245 s
Time taken for 1-RDM build:        0.0081968 s
Time taken for 1-RDM build:        0.0081754 s
Time taken for 1-RDM build:        0.0082281 s
Time taken for 1-RDM build:        0.0082746 s
Time taken for 2-RDM build:        0.0279202 s
Time taken for 2-RDM build:        0.0277419 s
Time taken for 2-RDM build:        0.0277987 s
Time taken for 2-RDM build:        0.0284214 s
Time taken for 2-RDM build:        0.0277686 s
Time taken for 2-RDM build:        0.0276945 s
Time taken for 2-RDM build:        0.0277019 s
Time taken for 2-RDM build:        0.0277476 s
Time taken for 2-RDM build:        0.0277312 s
Time taken for 3-RDM build:        0.1536045 s
Time taken for 3-RDM build:        0.1494136 s
Time taken for 3-RDM build:        0.1496744 s
Time taken for 3-RDM build:        0.1508441 s
Time taken for 3-RDM build:        0.1491532 s
Time taken for 3-RDM build:        0.1490426 s
Time taken for 3-RDM build:        0.1490498 s
Time taken for 3-RDM build:        0.1493571 s
Time taken for 3-RDM build:        0.1490593 s
E_frzc:                          -59.1480236 Eh
E_cas:                           -15.7034833 Eh
E_nuc:                             0.0000000 Eh
E_casci:                         -74.8511626 Eh
E0 (from RDM):                   -74.8511626 Eh
Ecorr:                            -0.3302227 Eh

Timing summary
... Hamil build:                    0.0358989 s
... Hamil diag:                     0.0003672 s
... RDM build:                      5.1380348 s
State     Energy / Eh         Splitting / Eh      Splitting / cm-1    Splitting / meV     
0         -7.4851507e+01      +0.0000000e+00      +0.0000000e+00      +0.0000000e+00      
1         -7.4851507e+01      +6.1121028e-09      +1.3414515e-03      +1.6631887e-04      
2         -7.4851507e+01      +6.8041430e-09      +1.4933368e-03      +1.8515025e-04      
3         -7.4851507e+01      +7.2887616e-09      +1.5996983e-03      +1.9833740e-04      
4         -7.4851507e+01      +9.8173984e-09      +2.1546699e-03      +2.6714515e-04      
5         -7.4850809e+01      +6.9818897e-04      +1.5323477e+02      +1.8998699e+01      
6         -7.4850809e+01      +7.3982278e-09      +1.6237233e-03      +2.0131613e-04      
7         -7.4850809e+01      +7.5923197e-09      +1.6663215e-03      +2.0659764e-04      
8         -7.4850503e+01      +3.0523771e-04      +6.6991933e+01      +8.3059451e+00      
Total time taken:                   5.3508441 s
===============================================

===============================================
            Relativistic DSRG-MRPT3            
===============================================
... compute_energy_pt3_1:      15.9155929 s
... compute_energy_pt2:       0.0845129 s
... compute_energy_pt3_2:      12.0962143 s
... compute_energy_pt3_3:       3.0442905 s
-----------------------------------------------
        DSRG-MRPT3 reference relaxation        
-----------------------------------------------
Iter                          Energy              Delta E   
   -Eref  -74.8511626       
   -Ecorr -0.2119581       
<Psi^(0)|Hbar^(0)|Psi^(0)>    -75.0631208         -7.50631e+01
   -Erelax-0.0000001       
<Psi^(0)|Hbar^(1)|Psi^(0)>    -75.0631208         -6.55469e-08
   -Eref  -74.8511626       
   -Ecorr -0.2119581       
<Psi^(1)|Hbar^(1)|Psi^(1)>    -75.0631206         1.95696e-07
   -Erelax-0.0000000       
<Psi^(1)|Hbar^(2)|Psi^(1)>    -75.0631206         -1.82015e-09
   -Eref  -74.8511626       
   -Ecorr -0.2119581       
<Psi^(2)|Hbar^(2)|Psi^(2)>    -75.0631207         -2.84139e-08
   -Erelax-0.0000000       
<Psi^(2)|Hbar^(3)|Psi^(2)>    -75.0631207         -5.43281e-11
   -Eref  -74.8511626       
   -Ecorr -0.2119581       
<Psi^(3)|Hbar^(3)|Psi^(3)>    -75.0631207         5.05207e-09
   -Erelax-0.0000000       
<Psi^(3)|Hbar^(4)|Psi^(3)>    -75.0631207         -1.62004e-12
Unrelaxed DSRG-MRPT3 energy:               -75.0631208 Eh
Unrelaxed DSRG-MRPT3 E_corr:                -0.2119581 Eh
Partially relaxed DSRG-MRPT3 energy:       -75.0631208 Eh
Partially relaxed DSRG-MRPT3 E_corr:        -0.2119582 Eh
Relaxed DSRG-MRPT3 energy:                 -75.0631206 Eh
Relaxed DSRG-MRPT3 E_corr:                  -0.2119581 Eh
Fully relaxed DSRG-MRPT3 energy:           -75.0631207 Eh
Fully relaxed DSRG-MRPT3 E_corr:            -0.2119581 Eh
State     Energy / Eh         Splitting / Eh      Splitting / cm-1    Splitting / meV     
0         -7.5063418e+01      +0.0000000e+00      +0.0000000e+00      +0.0000000e+00      
1         -7.5063418e+01      +3.1609488e-09      +6.9374808e-04      +8.6013840e-05      
2         -7.5063418e+01      +3.0639455e-09      +6.7245831e-04      +8.3374245e-05      
3         -7.5063418e+01      +2.9705802e-09      +6.5196700e-04      +8.0833644e-05      
4         -7.5063418e+01      +2.8585134e-09      +6.2737118e-04      +7.7784149e-05      
5         -7.5062812e+01      +6.0608097e-04      +1.3301940e+02      +1.6492311e+01      
6         -7.5062812e+01      +3.1608209e-09      +6.9372001e-04      +8.6010360e-05      
7         -7.5062812e+01      +2.8927190e-09      +6.3487842e-04      +7.8714930e-05      
8         -7.5062563e+01      +2.4910059e-04      +5.4671259e+01      +6.7783755e+00      
Time taken:                      181.0439627 s
===============================================
===============================================
              PySCF DHF interface              
===============================================
Will now allocate 796.594 MB memory for the AO ERI tensor!

Timing report
....integral transformation:      51.6909385 s

===============================================
            Relativistic CASCI(7,8)            
===============================================
Will now allocate 0.001 MB memory for the CASCI Hamiltonian!
Time taken for 1-RDM build:        0.0013685 s
Time taken for 1-RDM build:        0.0013373 s
Time taken for 1-RDM build:        0.0013380 s
Time taken for 1-RDM build:        0.0013478 s
Time taken for 1-RDM build:        0.0013392 s
Time taken for 1-RDM build:        0.0013385 s
Time taken for 2-RDM build:        0.0029838 s
Time taken for 2-RDM build:        0.0029142 s
Time taken for 2-RDM build:        0.0029039 s
Time taken for 2-RDM build:        0.0029147 s
Time taken for 2-RDM build:        0.0029204 s
Time taken for 2-RDM build:        0.0029197 s
Time taken for 3-RDM build:        0.0269945 s
Time taken for 3-RDM build:        0.0261602 s
Time taken for 3-RDM build:        0.0261459 s
Time taken for 3-RDM build:        0.0260575 s
Time taken for 3-RDM build:        0.0261526 s
Time taken for 3-RDM build:        0.0261273 s
E_frzc:                          -75.5478008 Eh
E_cas:                           -23.9325131 Eh
E_nuc:                             0.0000000 Eh
E_casci:                         -99.4797328 Eh
E0 (from RDM):                   -99.4797328 Eh
Ecorr:                            -0.1043819 Eh

Timing summary
... Hamil build:                    0.0063663 s
... Hamil diag:                     0.0001626 s
... RDM build:                      3.6288204 s
State     Energy / Eh         Splitting / Eh      Splitting / cm-1    Splitting / meV     
0         -9.9480314e+01      +0.0000000e+00      +0.0000000e+00      +0.0000000e+00      
1         -9.9480314e+01      +2.4031053e-08      +5.2742064e-03      +6.5391856e-04      
2         -9.9480314e+01      +6.9549344e-09      +1.5264317e-03      +1.8925350e-04      
3         -9.9480314e+01      +2.1663141e-08      +4.7545098e-03      +5.8948436e-04      
4         -9.9478571e+01      +1.7431739e-03      +3.8258245e+02      +4.7434202e+01      
5         -9.9478571e+01      +1.6993951e-08      +3.7297411e-03      +4.6242918e-04      
Total time taken:                   3.8144369 s
===============================================

===============================================
            Relativistic DSRG-MRPT3            
===============================================
... compute_energy_pt3_1:      15.0721240 s
... compute_energy_pt2:       0.0817375 s
... compute_energy_pt3_2:      11.8537421 s
... compute_energy_pt3_3:       2.6639531 s
-----------------------------------------------
        DSRG-MRPT3 reference relaxation        
-----------------------------------------------
Iter                          Energy              Delta E   
   -Eref  -99.4797328       
   -Ecorr -0.2665230       
<Psi^(0)|Hbar^(0)|Psi^(0)>    -99.7462558         -9.97463e+01
   -Erelax0.0000000       
<Psi^(0)|Hbar^(1)|Psi^(0)>    -99.7462558         1.42109e-14
   -Eref  -99.4797328       
   -Ecorr -0.2665230       
<Psi^(1)|Hbar^(1)|Psi^(1)>    -99.7462558         1.42109e-14
   -Erelax-0.0000000       
<Psi^(1)|Hbar^(2)|Psi^(1)>    -99.7462558         -2.84217e-14
Unrelaxed DSRG-MRPT3 energy:               -99.7462558 Eh
Unrelaxed DSRG-MRPT3 E_corr:                -0.2665230 Eh
Partially relaxed DSRG-MRPT3 energy:       -99.7462558 Eh
Partially relaxed DSRG-MRPT3 E_corr:        -0.2665230 Eh
Relaxed DSRG-MRPT3 energy:                 -99.7462558 Eh
Relaxed DSRG-MRPT3 E_corr:                  -0.2665230 Eh
Fully relaxed DSRG-MRPT3 energy:           -99.7462558 Eh
Fully relaxed DSRG-MRPT3 E_corr:            -0.2665230 Eh
State     Energy / Eh         Splitting / Eh      Splitting / cm-1    Splitting / meV     
0         -9.9746862e+01      +0.0000000e+00      +0.0000000e+00      +0.0000000e+00      
1         -9.9746862e+01      +1.3334287e-08      +2.9265376e-03      +3.6284459e-04      
2         -9.9746862e+01      +3.4317651e-09      +7.5318537e-04      +9.3383129e-05      
3         -9.9746862e+01      +1.5430132e-08      +3.3865225e-03      +4.1987547e-04      
4         -9.9745044e+01      +1.8183939e-03      +3.9909133e+02      +4.9481042e+01      
5         -9.9745044e+01      +7.6531137e-09      +1.6796643e-03      +2.0825193e-04      
Time taken:                       80.7970822 s
===============================================
===============================================
              PySCF DHF interface              
===============================================
Will now allocate 3.102 GB memory for the AO ERI tensor!

Timing report
....integral transformation:     203.7226169 s

===============================================
            Relativistic CASCI(3,8)            
===============================================
Will now allocate 0.050 MB memory for the CASCI Hamiltonian!
Time taken for 1-RDM build:        0.0209017 s
Time taken for 1-RDM build:        0.0202403 s
Time taken for 1-RDM build:        0.0203011 s
Time taken for 1-RDM build:        0.0201867 s
Time taken for 1-RDM build:        0.0204022 s
Time taken for 1-RDM build:        0.0205886 s
Time taken for 2-RDM build:        0.0804405 s
Time taken for 2-RDM build:        0.0801160 s
Time taken for 2-RDM build:        0.0801554 s
Time taken for 2-RDM build:        0.0806894 s
Time taken for 2-RDM build:        0.0806077 s
Time taken for 2-RDM build:        0.0807271 s
Time taken for 3-RDM build:        0.1833489 s
Time taken for 3-RDM build:        0.1804073 s
Time taken for 3-RDM build:        0.1811290 s
Time taken for 3-RDM build:        0.1826732 s
Time taken for 3-RDM build:        0.1810081 s
Time taken for 3-RDM build:        0.1807575 s
E_frzc:                         -240.4061812 Eh
E_cas:                            -1.8986420 Eh
E_nuc:                             0.0000000 Eh
E_casci:                        -242.3045291 Eh
E0 (from RDM):                  -242.3045291 Eh
Ecorr:                            -0.1899047 Eh

Timing summary
... Hamil build:                    0.0694172 s
... Hamil diag:                     0.0011070 s
... RDM build:                     14.1109560 s
State     Energy / Eh         Splitting / Eh      Splitting / cm-1    Splitting / meV     
0         -2.4230482e+02      +0.0000000e+00      +0.0000000e+00      +0.0000000e+00      
1         -2.4230482e+02      +1.0992665e-09      +2.4126110e-04      +2.9912578e-05      
2         -2.4230438e+02      +4.4107881e-04      +9.6805609e+01      +1.2002372e+01      
3         -2.4230438e+02      +1.0805650e-09      +2.3715660e-04      +2.9403685e-05      
4         -2.4230438e+02      +8.9775654e-10      +1.9703478e-04      +2.4429211e-05      
5         -2.4230438e+02      +3.6629899e-10      +8.0393336e-05      +9.9675080e-06      
Total time taken:                  14.8424482 s
===============================================

===============================================
            Relativistic DSRG-MRPT3            
===============================================
... compute_energy_pt3_1:      62.6494274 s
... compute_energy_pt2:       0.2585154 s
... compute_energy_pt3_2:      50.7220201 s
... compute_energy_pt3_3:      11.9414279 s
-----------------------------------------------
        DSRG-MRPT3 reference relaxation        
-----------------------------------------------
Iter                          Energy              Delta E   
   -Eref  -242.3045291       
   -Ecorr -0.2029276       
<Psi^(0)|Hbar^(0)|Psi^(0)>    -242.5074567        -2.42507e+02
   -Erelax-0.0005044       
<Psi^(0)|Hbar^(1)|Psi^(0)>    -242.5079611        -5.04360e-04
   -Eref  -242.3040345       
   -Ecorr -0.2038588       
<Psi^(1)|Hbar^(1)|Psi^(1)>    -242.5078933        6.77531e-05
   -Erelax-0.0000000       
<Psi^(1)|Hbar^(2)|Psi^(1)>    -242.5078933        -2.79471e-09
   -Eref  -242.3040322       
   -Ecorr -0.2038610       
<Psi^(2)|Hbar^(2)|Psi^(2)>    -242.5078932        1.37232e-07
   -Erelax-0.0000000       
<Psi^(2)|Hbar^(3)|Psi^(2)>    -242.5078932        0.00000e+00
   -Eref  -242.3040322       
   -Ecorr -0.2038610       
<Psi^(3)|Hbar^(3)|Psi^(3)>    -242.5078932        2.64663e-10
   -Erelax0.0000000       
<Psi^(3)|Hbar^(4)|Psi^(3)>    -242.5078932        0.00000e+00
Unrelaxed DSRG-MRPT3 energy:              -242.5074567 Eh
Unrelaxed DSRG-MRPT3 E_corr:                -0.2029276 Eh
Partially relaxed DSRG-MRPT3 energy:      -242.5079611 Eh
Partially relaxed DSRG-MRPT3 E_corr:        -0.2034320 Eh
Relaxed DSRG-MRPT3 energy:                -242.5078933 Eh
Relaxed DSRG-MRPT3 E_corr:                  -0.2038588 Eh
Fully relaxed DSRG-MRPT3 energy:          -242.5078932 Eh
Fully relaxed DSRG-MRPT3 E_corr:            -0.2038610 Eh
State     Energy / Eh         Splitting / Eh      Splitting / cm-1    Splitting / meV     
0         -2.4250823e+02      +0.0000000e+00      +0.0000000e+00      +0.0000000e+00      
1         -2.4250823e+02      +4.8729021e-10      +1.0694784e-04      +1.3259848e-05      
2         -2.4250772e+02      +5.0597672e-04      +1.1104905e+02      +1.3768334e+01      
3         -2.4250772e+02      +4.5608317e-10      +1.0009869e-04      +1.2410661e-05      
4         -2.4250772e+02      +3.6703796e-10      +8.0555519e-05      +9.9876163e-06      
5         -2.4250772e+02      +2.1157120e-10      +4.6434512e-05      +5.7571485e-06      
Time taken:                      755.1122670 s
===============================================
===============================================
              PySCF DHF interface              
===============================================
Will now allocate 3.102 GB memory for the AO ERI tensor!

Timing report
....integral transformation:     194.8048601 s

===============================================
            Relativistic CASCI(4,8)            
===============================================
Will now allocate 0.078 MB memory for the CASCI Hamiltonian!
Time taken for 1-RDM build:        0.0314605 s
Time taken for 1-RDM build:        0.0314167 s
Time taken for 1-RDM build:        0.0313890 s
Time taken for 1-RDM build:        0.0288253 s
Time taken for 1-RDM build:        0.0277708 s
Time taken for 1-RDM build:        0.0277109 s
Time taken for 1-RDM build:        0.0277710 s
Time taken for 1-RDM build:        0.0277624 s
Time taken for 1-RDM build:        0.0277174 s
Time taken for 2-RDM build:        0.1188953 s
Time taken for 2-RDM build:        0.1187723 s
Time taken for 2-RDM build:        0.1187489 s
Time taken for 2-RDM build:        0.1192079 s
Time taken for 2-RDM build:        0.1195767 s
Time taken for 2-RDM build:        0.1191635 s
Time taken for 2-RDM build:        0.1193259 s
Time taken for 2-RDM build:        0.1195011 s
Time taken for 2-RDM build:        0.1192937 s
Time taken for 3-RDM build:        0.3865404 s
Time taken for 3-RDM build:        0.3848102 s
Time taken for 3-RDM build:        0.3846180 s
Time taken for 3-RDM build:        0.3865235 s
Time taken for 3-RDM build:        0.3852470 s
Time taken for 3-RDM build:        0.3848150 s
Time taken for 3-RDM build:        0.3850665 s
Time taken for 3-RDM build:        0.3847697 s
Time taken for 3-RDM build:        0.3997321 s
E_frzc:                         -285.7423197 Eh
E_cas:                            -3.6921024 Eh
E_nuc:                             0.0000000 Eh
E_casci:                        -289.4337768 Eh
E0 (from RDM):                  -289.4337768 Eh
Ecorr:                            -0.2329780 Eh

Timing summary
... Hamil build:                    0.1066778 s
... Hamil diag:                     0.0019181 s
... RDM build:                     16.8559918 s
State     Energy / Eh         Splitting / Eh      Splitting / cm-1    Splitting / meV     
0         -2.8943442e+02      +0.0000000e+00      +0.0000000e+00      +0.0000000e+00      
1         -2.8943409e+02      +3.3211201e-04      +7.2890160e+01      +9.0372324e+00      
2         -2.8943409e+02      +8.1735152e-10      +1.7938792e-04      +2.2241278e-05      
3         -2.8943409e+02      +8.9210062e-10      +1.9579345e-04      +2.4275306e-05      
4         -2.8943346e+02      +6.3005266e-04      +1.3828057e+02      +1.7144614e+01      
5         -2.8943346e+02      +2.5920599e-10      +5.6889139e-05      +7.0533576e-06      
6         -2.8943346e+02      +7.8654239e-10      +1.7262610e-04      +2.1402919e-05      
7         -2.8943346e+02      +6.1896799e-10      +1.3584777e-04      +1.6842985e-05      
8         -2.8943346e+02      +4.2439297e-10      +9.3143489e-05      +1.1548326e-05      
Total time taken:                  17.6217802 s
===============================================

===============================================
            Relativistic DSRG-MRPT3            
===============================================
... compute_energy_pt3_1:      62.0817485 s
... compute_energy_pt2:       0.2525487 s
... compute_energy_pt3_2:      49.5426705 s
... compute_energy_pt3_3:      10.4896877 s
-----------------------------------------------
        DSRG-MRPT3 reference relaxation        
-----------------------------------------------
Iter                          Energy              Delta E   
   -Eref  -289.4337768       
   -Ecorr -0.2338366       
<Psi^(0)|Hbar^(0)|Psi^(0)>    -289.6676134        -2.89668e+02
   -Erelax-0.0001411       
<Psi^(0)|Hbar^(1)|Psi^(0)>    -289.6677545        -1.41114e-04
   -Eref  -289.4336364       
   -Ecorr -0.2341836       
<Psi^(1)|Hbar^(1)|Psi^(1)>    -289.6678200        -6.55038e-05
   -Erelax-0.0000000       
<Psi^(1)|Hbar^(2)|Psi^(1)>    -289.6678200        -6.31388e-09
   -Eref  -289.4336366       
   -Ecorr -0.2341833       
<Psi^(2)|Hbar^(2)|Psi^(2)>    -289.6678199        1.03502e-07
   -Erelax-0.0000000       
<Psi^(2)|Hbar^(3)|Psi^(2)>    -289.6678199        -6.58815e-11
   -Eref  -289.4336366       
   -Ecorr -0.2341833       
<Psi^(3)|Hbar^(3)|Psi^(3)>    -289.6678199        1.73185e-09
   -Erelax-0.0000000       
<Psi^(3)|Hbar^(4)|Psi^(3)>    -289.6678199        -7.38964e-13
Unrelaxed DSRG-MRPT3 energy:              -289.6676134 Eh
Unrelaxed DSRG-MRPT3 E_corr:                -0.2338366 Eh
Partially relaxed DSRG-MRPT3 energy:      -289.6677545 Eh
Partially relaxed DSRG-MRPT3 E_corr:        -0.2339777 Eh
Relaxed DSRG-MRPT3 energy:                -289.6678200 Eh
Relaxed DSRG-MRPT3 E_corr:                  -0.2341836 Eh
Fully relaxed DSRG-MRPT3 energy:          -289.6678199 Eh
Fully relaxed DSRG-MRPT3 E_corr:            -0.2341833 Eh
State     Energy / Eh         Splitting / Eh      Splitting / cm-1    Splitting / meV     
0         -2.8966857e+02      +0.0000000e+00      +0.0000000e+00      +0.0000000e+00      
1         -2.8966819e+02      +3.8904290e-04      +8.5385047e+01      +1.0586402e+01      
2         -2.8966819e+02      +2.2203039e-10      +4.8730039e-05      +6.0417576e-06      
3         -2.8966819e+02      +2.2117774e-10      +4.8542903e-05      +6.0185558e-06      
4         -2.8966745e+02      +7.3534915e-04      +1.6139048e+02      +2.0009879e+01      
5         -2.8966745e+02      +9.5838004e-11      +2.1034011e-05      +2.6078862e-06      
6         -2.8966745e+02      +1.8860646e-10      +4.1394334e-05      +5.1322457e-06      
7         -2.8966745e+02      +1.9417712e-10      +4.2616951e-05      +5.2838311e-06      
8         -2.8966745e+02      +8.8675733e-11      +1.9462074e-05      +2.4129908e-06      
Time taken:                      735.1460488 s
===============================================
===============================================
              PySCF DHF interface              
===============================================
Will now allocate 3.102 GB memory for the AO ERI tensor!

Timing report
....integral transformation:     201.7829883 s

===============================================
            Relativistic CASCI(5,8)            
===============================================
Will now allocate 0.050 MB memory for the CASCI Hamiltonian!
Time taken for 1-RDM build:        0.0204501 s
Time taken for 1-RDM build:        0.0204110 s
Time taken for 1-RDM build:        0.0204005 s
Time taken for 1-RDM build:        0.0204723 s
Time taken for 1-RDM build:        0.0203810 s
Time taken for 1-RDM build:        0.0203707 s
Time taken for 1-RDM build:        0.0203648 s
Time taken for 1-RDM build:        0.0204270 s
Time taken for 1-RDM build:        0.0204546 s
Time taken for 1-RDM build:        0.0204370 s
Time taken for 1-RDM build:        0.0204318 s
Time taken for 1-RDM build:        0.0204852 s
Time taken for 1-RDM build:        0.0205915 s
Time taken for 1-RDM build:        0.0212307 s
Time taken for 2-RDM build:        0.0852382 s
Time taken for 2-RDM build:        0.0852408 s
Time taken for 2-RDM build:        0.0853722 s
Time taken for 2-RDM build:        0.0849841 s
Time taken for 2-RDM build:        0.0851648 s
Time taken for 2-RDM build:        0.0852451 s
Time taken for 2-RDM build:        0.0850265 s
Time taken for 2-RDM build:        0.0849333 s
Time taken for 2-RDM build:        0.0851209 s
Time taken for 2-RDM build:        0.0852180 s
Time taken for 2-RDM build:        0.0851674 s
Time taken for 2-RDM build:        0.0851209 s
Time taken for 2-RDM build:        0.0851319 s
Time taken for 2-RDM build:        0.0850987 s
Time taken for 3-RDM build:        0.3545656 s
Time taken for 3-RDM build:        0.3537974 s
Time taken for 3-RDM build:        0.3534007 s
Time taken for 3-RDM build:        0.3534853 s
Time taken for 3-RDM build:        0.3536732 s
Time taken for 3-RDM build:        0.3533072 s
Time taken for 3-RDM build:        0.3533216 s
Time taken for 3-RDM build:        0.3545501 s
Time taken for 3-RDM build:        0.3579979 s
Time taken for 3-RDM build:        0.3551965 s
Time taken for 3-RDM build:        0.3562911 s
Time taken for 3-RDM build:        0.3546937 s
Time taken for 3-RDM build:        0.3548942 s
Time taken for 3-RDM build:        0.3556473 s
E_frzc:                         -335.1272672 Eh
E_cas:                            -6.3636403 Eh
E_nuc:                             0.0000000 Eh
E_casci:                        -341.4410664 Eh
E0 (from RDM):                  -341.4410664 Eh
Ecorr:                            -0.2138107 Eh

Timing summary
... Hamil build:                    0.0868361 s
... Hamil diag:                     0.0010917 s
... RDM build:                     18.6176724 s
State     Energy / Eh         Splitting / Eh      Splitting / cm-1    Splitting / meV     
0         -3.4149091e+02      +0.0000000e+00      +0.0000000e+00      +0.0000000e+00      
1         -3.4149091e+02      +3.2849812e-10      +7.2097003e-05      +8.9388933e-06      
2         -3.4149091e+02      +3.2838443e-10      +7.2072051e-05      +8.9357998e-06      
3         -3.4149091e+02      +3.2798653e-10      +7.1984722e-05      +8.9249722e-06      
4         -3.4142117e+02      +6.9735531e-02      +1.5305180e+04      +1.8976014e+03      
5         -3.4142117e+02      +1.5667183e-09      +3.4385492e-04      +4.2632597e-05      
6         -3.4142117e+02      +1.3034196e-09      +2.8606753e-04      +3.5467871e-05      
7         -3.4142117e+02      +1.7383286e-09      +3.8151902e-04      +4.7302353e-05      
8         -3.4142110e+02      +6.9890622e-05      +1.5339218e+01      +1.9018216e+00      
9         -3.4142110e+02      +9.2740038e-10      +2.0354085e-04      +2.5235862e-05      
10        -3.4142110e+02      +9.6150643e-10      +2.1102627e-04      +2.6163935e-05      
11        -3.4142110e+02      +7.5050366e-10      +1.6471651e-04      +2.0422255e-05      
12        -3.4142110e+02      +9.6383701e-10      +2.1153777e-04      +2.6227353e-05      
13        -3.4142110e+02      +1.9558115e-09      +4.2925101e-04      +5.3220367e-05      
Total time taken:                  19.3678126 s
===============================================

===============================================
            Relativistic DSRG-MRPT3            
===============================================
... compute_energy_pt3_1:      61.9833517 s
... compute_energy_pt2:       0.2551923 s
... compute_energy_pt3_2:      51.1569142 s
... compute_energy_pt3_3:      11.6526618 s
-----------------------------------------------
        DSRG-MRPT3 reference relaxation        
-----------------------------------------------
Iter                          Energy              Delta E   
   -Eref  -341.4410664       
   -Ecorr -0.2811913       
<Psi^(0)|Hbar^(0)|Psi^(0)>    -341.7222577        -3.41722e+02
   -Erelax-0.0000020       
<Psi^(0)|Hbar^(1)|Psi^(0)>    -341.7222597        -1.99231e-06
   -Eref  -341.4410650       
   -Ecorr -0.2811952       
<Psi^(1)|Hbar^(1)|Psi^(1)>    -341.7222603        -5.76160e-07
   -Erelax-0.0000000       
<Psi^(1)|Hbar^(2)|Psi^(1)>    -341.7222603        -1.50141e-09
   -Eref  -341.4410650       
   -Ecorr -0.2811953       
<Psi^(2)|Hbar^(2)|Psi^(2)>    -341.7222603        -9.30345e-09
   -Erelax-0.0000000       
<Psi^(2)|Hbar^(3)|Psi^(2)>    -341.7222603        -2.61480e-12
   -Eref  -341.4410650       
   -Ecorr -0.2811953       
<Psi^(3)|Hbar^(3)|Psi^(3)>    -341.7222603        -4.06487e-10
   -Erelax-0.0000000       
<Psi^(3)|Hbar^(4)|Psi^(3)>    -341.7222603        0.00000e+00
Unrelaxed DSRG-MRPT3 energy:              -341.7222577 Eh
Unrelaxed DSRG-MRPT3 E_corr:                -0.2811913 Eh
Partially relaxed DSRG-MRPT3 energy:      -341.7222597 Eh
Partially relaxed DSRG-MRPT3 E_corr:        -0.2811933 Eh
Relaxed DSRG-MRPT3 energy:                -341.7222603 Eh
Relaxed DSRG-MRPT3 E_corr:                  -0.2811952 Eh
Fully relaxed DSRG-MRPT3 energy:          -341.7222603 Eh
Fully relaxed DSRG-MRPT3 E_corr:            -0.2811953 Eh
State     Energy / Eh         Splitting / Eh      Splitting / cm-1    Splitting / meV     
0         -3.4176100e+02      +0.0000000e+00      +0.0000000e+00      +0.0000000e+00      
1         -3.4176100e+02      +1.4813395e-10      +3.2511644e-05      +4.0309320e-06      
2         -3.4176100e+02      +1.4819079e-10      +3.2524119e-05      +4.0324788e-06      
3         -3.4176100e+02      +1.4824764e-10      +3.2536595e-05      +4.0340256e-06      
4         -3.4170681e+02      +5.4193747e-02      +1.1894153e+04      +1.4746877e+03      
5         -3.4170681e+02      +1.0601298e-10      +2.3267159e-05      +2.8847614e-06      
6         -3.4170681e+02      +7.7989171e-11      +1.7116644e-05      +2.1221944e-06      
7         -3.4170681e+02      +1.3210411e-10      +2.8993500e-05      +3.5947375e-06      
8         -3.4170673e+02      +7.9107312e-05      +1.7362048e+01      +2.1526206e+00      
9         -3.4170673e+02      +7.9069196e-11      +1.7353682e-05      +2.1515834e-06      
10        -3.4170673e+02      +6.3153038e-11      +1.3860490e-05      +1.7184825e-06      
11        -3.4170673e+02      +1.8587798e-11      +4.0795501e-06      +5.0579999e-07      
12        -3.4170673e+02      +9.5269570e-11      +2.0909254e-05      +2.5924183e-06      
13        -3.4170673e+02      +1.0521717e-10      +2.3092499e-05      +2.8631063e-06      
Time taken:                      742.4627421 s
===============================================
===============================================
              PySCF DHF interface              
===============================================
Will now allocate 3.102 GB memory for the AO ERI tensor!

Timing report
....integral transformation:     199.2584138 s

===============================================
            Relativistic CASCI(6,8)            
===============================================
Will now allocate 0.013 MB memory for the CASCI Hamiltonian!
Time taken for 1-RDM build:        0.0080068 s
Time taken for 1-RDM build:        0.0079882 s
Time taken for 1-RDM build:        0.0080142 s
Time taken for 1-RDM build:        0.0080254 s
Time taken for 1-RDM build:        0.0080183 s
Time taken for 1-RDM build:        0.0080123 s
Time taken for 1-RDM build:        0.0080292 s
Time taken for 1-RDM build:        0.0080166 s
Time taken for 1-RDM build:        0.0080073 s
Time taken for 2-RDM build:        0.0275671 s
Time taken for 2-RDM build:        0.0275161 s
Time taken for 2-RDM build:        0.0274856 s
Time taken for 2-RDM build:        0.0275517 s
Time taken for 2-RDM build:        0.0274982 s
Time taken for 2-RDM build:        0.0274792 s
Time taken for 2-RDM build:        0.0275252 s
Time taken for 2-RDM build:        0.0274985 s
Time taken for 2-RDM build:        0.0275896 s
Time taken for 3-RDM build:        0.1501300 s
Time taken for 3-RDM build:        0.1484146 s
Time taken for 3-RDM build:        0.1485560 s
Time taken for 3-RDM build:        0.1486447 s
Time taken for 3-RDM build:        0.1485965 s
Time taken for 3-RDM build:        0.1485057 s
Time taken for 3-RDM build:        0.1485760 s
Time taken for 3-RDM build:        0.1484327 s
Time taken for 3-RDM build:        0.1484849 s
E_frzc:                         -388.5675376 Eh
E_cas:                            -9.9659359 Eh
E_nuc:                             0.0000000 Eh
E_casci:                        -398.5325748 Eh
E0 (from RDM):                  -398.5325748 Eh
Ecorr:                            -0.1603097 Eh

Timing summary
... Hamil build:                    0.0356739 s
... Hamil diag:                     0.0004330 s
... RDM build:                     13.6836252 s
State     Energy / Eh         Splitting / Eh      Splitting / cm-1    Splitting / meV     
0         -3.9853347e+02      +0.0000000e+00      +0.0000000e+00      +0.0000000e+00      
1         -3.9853347e+02      +5.6296585e-09      +1.2355672e-03      +1.5319088e-04      
2         -3.9853347e+02      +5.9783360e-09      +1.3120931e-03      +1.6267889e-04      
3         -3.9853347e+02      +5.6479053e-09      +1.2395719e-03      +1.5368740e-04      
4         -3.9853347e+02      +5.6580234e-09      +1.2417926e-03      +1.5396273e-04      
5         -3.9853166e+02      +1.8163270e-03      +3.9863770e+02      +4.9424800e+01      
6         -3.9853166e+02      +3.5533390e-09      +7.7986775e-04      +9.6691324e-05      
7         -3.9853166e+02      +3.5755647e-09      +7.8474575e-04      +9.7296119e-05      
8         -3.9853083e+02      +8.2294816e-04      +1.8061624e+02      +2.2393571e+01      
Total time taken:                  14.3785508 s
===============================================

===============================================
            Relativistic DSRG-MRPT3            
===============================================
... compute_energy_pt3_1:      63.4621465 s
... compute_energy_pt2:       0.2594244 s
... compute_energy_pt3_2:      49.7714767 s
... compute_energy_pt3_3:      11.6090119 s
-----------------------------------------------
        DSRG-MRPT3 reference relaxation        
-----------------------------------------------
Iter                          Energy              Delta E   
   -Eref  -398.5325748       
   -Ecorr -0.3178669       
<Psi^(0)|Hbar^(0)|Psi^(0)>    -398.8504418        -3.98850e+02
   -Erelax-0.0000003       
<Psi^(0)|Hbar^(1)|Psi^(0)>    -398.8504421        -2.83454e-07
   -Eref  -398.5325746       
   -Ecorr -0.3178676       
<Psi^(1)|Hbar^(1)|Psi^(1)>    -398.8504421        -6.99362e-08
   -Erelax-0.0000000       
<Psi^(1)|Hbar^(2)|Psi^(1)>    -398.8504421        -5.91172e-12
   -Eref  -398.5325746       
   -Ecorr -0.3178676       
<Psi^(2)|Hbar^(2)|Psi^(2)>    -398.8504421        2.93505e-09
   -Erelax-0.0000000       
<Psi^(2)|Hbar^(3)|Psi^(2)>    -398.8504421        -5.68434e-14
Unrelaxed DSRG-MRPT3 energy:              -398.8504418 Eh
Unrelaxed DSRG-MRPT3 E_corr:                -0.3178669 Eh
Partially relaxed DSRG-MRPT3 energy:      -398.8504421 Eh
Partially relaxed DSRG-MRPT3 E_corr:        -0.3178672 Eh
Relaxed DSRG-MRPT3 energy:                -398.8504421 Eh
Relaxed DSRG-MRPT3 E_corr:                  -0.3178676 Eh
Fully relaxed DSRG-MRPT3 energy:          -398.8504421 Eh
Fully relaxed DSRG-MRPT3 E_corr:            -0.3178676 Eh
State     Energy / Eh         Splitting / Eh      Splitting / cm-1    Splitting / meV     
0         -3.9885124e+02      +0.0000000e+00      +0.0000000e+00      +0.0000000e+00      
1         -3.9885124e+02      +4.0051873e-10      +8.7903700e-05      +1.0898675e-05      
2         -3.9885124e+02      +4.8424909e-10      +1.0628039e-04      +1.3177095e-05      
3         -3.9885124e+02      +4.0870418e-10      +8.9700199e-05      +1.1121413e-05      
4         -3.9885124e+02      +2.4994051e-10      +5.4855602e-05      +6.8012310e-06      
5         -3.9884963e+02      +1.6165976e-03      +3.5480216e+02      +4.3989882e+01      
6         -3.9884963e+02      +4.1677595e-10      +9.1471747e-05      +1.1341057e-05      
7         -3.9884963e+02      +4.4497028e-10      +9.7659688e-05      +1.2108264e-05      
8         -3.9884889e+02      +7.3744872e-04      +1.6185128e+02      +2.0067011e+01      
Time taken:                      540.4026492 s
===============================================
===============================================
              PySCF DHF interface              
===============================================
Will now allocate 3.102 GB memory for the AO ERI tensor!

Timing report
....integral transformation:     196.7126231 s

===============================================
            Relativistic CASCI(7,8)            
===============================================
Will now allocate 0.001 MB memory for the CASCI Hamiltonian!
Time taken for 1-RDM build:        0.0013568 s
Time taken for 1-RDM build:        0.0013373 s
Time taken for 1-RDM build:        0.0013337 s
Time taken for 1-RDM build:        0.0013585 s
Time taken for 1-RDM build:        0.0013540 s
Time taken for 1-RDM build:        0.0013373 s
Time taken for 2-RDM build:        0.0029924 s
Time taken for 2-RDM build:        0.0029190 s
Time taken for 2-RDM build:        0.0029161 s
Time taken for 2-RDM build:        0.0029230 s
Time taken for 2-RDM build:        0.0029259 s
Time taken for 2-RDM build:        0.0029230 s
Time taken for 3-RDM build:        0.0267234 s
Time taken for 3-RDM build:        0.0262384 s
Time taken for 3-RDM build:        0.0261729 s
Time taken for 3-RDM build:        0.0261734 s
Time taken for 3-RDM build:        0.0261836 s
Time taken for 3-RDM build:        0.0261717 s
E_frzc:                         -446.0682972 Eh
E_cas:                           -14.7582517 Eh
E_nuc:                             0.0000000 Eh
E_casci:                        -460.8252020 Eh
E0 (from RDM):                  -460.8252020 Eh
Ecorr:                             0.0013470 Eh

Timing summary
... Hamil build:                    0.0063951 s
... Hamil diag:                     0.0001378 s
... RDM build:                     12.2405558 s
State     Energy / Eh         Splitting / Eh      Splitting / cm-1    Splitting / meV     
0         -4.6082655e+02      +0.0000000e+00      +0.0000000e+00      +0.0000000e+00      
1         -4.6082655e+02      +1.2022326e-08      +2.6385956e-03      +3.2714432e-04      
2         -4.6082655e+02      +5.7600573e-09      +1.2641864e-03      +1.5673922e-04      
3         -4.6082655e+02      +1.1622035e-08      +2.5507418e-03      +3.1625183e-04      
4         -4.6082251e+02      +4.0408198e-03      +8.8685742e+02      +1.0995636e+02      
5         -4.6082251e+02      +2.0031848e-08      +4.3964825e-03      +5.4509461e-04      
Total time taken:                  12.9037721 s
===============================================

===============================================
            Relativistic DSRG-MRPT3            
===============================================
... compute_energy_pt3_1:      62.6629157 s
... compute_energy_pt2:       0.2665863 s
... compute_energy_pt3_2:      49.6802649 s
... compute_energy_pt3_3:      11.2112429 s
-----------------------------------------------
        DSRG-MRPT3 reference relaxation        
-----------------------------------------------
Iter                          Energy              Delta E   
   -Eref  -460.8252020       
   -Ecorr -0.3609792       
<Psi^(0)|Hbar^(0)|Psi^(0)>    -461.1861812        -4.61186e+02
   -Erelax0.0000000       
<Psi^(0)|Hbar^(1)|Psi^(0)>    -461.1861812        0.00000e+00
   -Eref  -460.8252020       
   -Ecorr -0.3609792       
<Psi^(1)|Hbar^(1)|Psi^(1)>    -461.1861812        2.84217e-13
   -Erelax0.0000000       
<Psi^(1)|Hbar^(2)|Psi^(1)>    -461.1861812        0.00000e+00
Unrelaxed DSRG-MRPT3 energy:              -461.1861812 Eh
Unrelaxed DSRG-MRPT3 E_corr:                -0.3609792 Eh
Partially relaxed DSRG-MRPT3 energy:      -461.1861812 Eh
Partially relaxed DSRG-MRPT3 E_corr:        -0.3609792 Eh
Relaxed DSRG-MRPT3 energy:                -461.1861812 Eh
Relaxed DSRG-MRPT3 E_corr:                  -0.3609792 Eh
Fully relaxed DSRG-MRPT3 energy:          -461.1861812 Eh
Fully relaxed DSRG-MRPT3 E_corr:            -0.3609792 Eh
State     Energy / Eh         Splitting / Eh      Splitting / cm-1    Splitting / meV     
0         -4.6118751e+02      +0.0000000e+00      +0.0000000e+00      +0.0000000e+00      
1         -4.6118751e+02      +9.0869889e-10      +1.9943635e-04      +2.4726968e-05      
2         -4.6118751e+02      +9.0534513e-10      +1.9870029e-04      +2.4635708e-05      
3         -4.6118751e+02      +9.8219743e-10      +2.1556742e-04      +2.6726966e-05      
4         -4.6118352e+02      +3.9940366e-03      +8.7658970e+02      +1.0868332e+02      
5         -4.6118352e+02      +1.6257786e-09      +3.5681716e-04      +4.4239711e-05      
Time taken:                      359.0385866 s
===============================================
===============================================
              PySCF DHF interface              
===============================================

Timing report
....integral reading:      25.2181516 s

===============================================
            Relativistic CASCI(3,8)            
===============================================
Will now allocate 0.050 MB memory for the CASCI Hamiltonian!
Time taken for 1-RDM build:        0.0057185 s
Time taken for 1-RDM build:        0.0057249 s
Time taken for 1-RDM build:        0.0057201 s
Time taken for 1-RDM build:        0.0057249 s
Time taken for 1-RDM build:        0.0057385 s
Time taken for 1-RDM build:        0.0057464 s
Time taken for 2-RDM build:        0.0236084 s
Time taken for 2-RDM build:        0.0236022 s
Time taken for 2-RDM build:        0.0236430 s
Time taken for 2-RDM build:        0.0235271 s
Time taken for 2-RDM build:        0.0235517 s
Time taken for 2-RDM build:        0.0235364 s
Time taken for 3-RDM build:        0.0659282 s
Time taken for 3-RDM build:        0.0658984 s
Time taken for 3-RDM build:        0.0651824 s
Time taken for 3-RDM build:        0.0651286 s
Time taken for 3-RDM build:        0.0651186 s
Time taken for 3-RDM build:        0.0650403 s
E_frzc:                        -1939.7138290 Eh
E_cas:                            -2.0100161 Eh
E_nuc:                             0.0000000 Eh
E_casci:                       -1941.7217616 Eh
E0 (from RDM):                 -1941.7217616 Eh
Ecorr:                            -0.1944870 Eh

Timing summary
... Hamil build:                    0.0172989 s
... Hamil diag:                     0.0009472 s
... RDM build:                     46.3215077 s
State     Energy / Eh         Splitting / Eh      Splitting / cm-1    Splitting / meV     
0         -1.9417238e+03      +0.0000000e+00      +0.0000000e+00      +0.0000000e+00      
1         -1.9417238e+03      +1.0702479e-09      +2.3489226e-04      +2.9122942e-05      
2         -1.9417207e+03      +3.1252750e-03      +6.8591858e+02      +8.5043106e+01      
3         -1.9417207e+03      +1.1004886e-09      +2.4152933e-04      +2.9945834e-05      
4         -1.9417207e+03      +9.5178621e-10      +2.0889293e-04      +2.5899434e-05      
5         -1.9417207e+03      +6.4619599e-10      +1.4182362e-04      +1.7583897e-05      
Total time taken:                  49.9826131 s
===============================================

===============================================
            Relativistic DSRG-MRPT3            
===============================================
... compute_energy_pt3_1:     440.4775383 s
... compute_energy_pt2:       1.1605799 s
... compute_energy_pt3_2:     339.0796070 s
... compute_energy_pt3_3:     100.3797181 s
-----------------------------------------------
        DSRG-MRPT3 reference relaxation        
-----------------------------------------------
Iter                          Energy              Delta E   
   -Eref  -1941.7217616       
   -Ecorr -0.8347657       
<Psi^(0)|Hbar^(0)|Psi^(0)>    -1942.5565273       -1.94256e+03
   -Erelax-0.0004666       
<Psi^(0)|Hbar^(1)|Psi^(0)>    -1942.5569940       -4.66624e-04
   -Eref  -1941.7213074       
   -Ecorr -0.8356975       
<Psi^(1)|Hbar^(1)|Psi^(1)>    -1942.5570049       -1.09445e-05
   -Erelax-0.0000000       
<Psi^(1)|Hbar^(2)|Psi^(1)>    -1942.5570049       -1.83491e-10
   -Eref  -1941.7213080       
   -Ecorr -0.8356969       
<Psi^(2)|Hbar^(2)|Psi^(2)>    -1942.5570049       9.86915e-09
   -Erelax0.0000000       
<Psi^(2)|Hbar^(3)|Psi^(2)>    -1942.5570049       0.00000e+00
Unrelaxed DSRG-MRPT3 energy:             -1942.5565273 Eh
Unrelaxed DSRG-MRPT3 E_corr:                -0.8347657 Eh
Partially relaxed DSRG-MRPT3 energy:     -1942.5569940 Eh
Partially relaxed DSRG-MRPT3 E_corr:        -0.8352323 Eh
Relaxed DSRG-MRPT3 energy:               -1942.5570049 Eh
Relaxed DSRG-MRPT3 E_corr:                  -0.8356975 Eh
Fully relaxed DSRG-MRPT3 energy:         -1942.5570049 Eh
Fully relaxed DSRG-MRPT3 E_corr:            -0.8356969 Eh
State     Energy / Eh         Splitting / Eh      Splitting / cm-1    Splitting / meV     
0         -1.9425594e+03      +0.0000000e+00      +0.0000000e+00      +0.0000000e+00      
1         -1.9425594e+03      +3.6266101e-10      +7.9594891e-05      +9.8685135e-06      
2         -1.9425558e+03      +3.6279601e-03      +7.9624519e+02      +9.8721869e+01      
3         -1.9425558e+03      +3.6561687e-10      +8.0243627e-05      +9.9489465e-06      
4         -1.9425558e+03      +3.4629011e-10      +7.6001893e-05      +9.4230383e-06      
5         -1.9425558e+03      +2.3601388e-10      +5.1799058e-05      +6.4222677e-06      
Time taken:                     3351.8868496 s
===============================================
===============================================
              PySCF DHF interface              
===============================================

Timing report
....integral reading:      24.6912100 s

===============================================
            Relativistic CASCI(4,8)            
===============================================
Will now allocate 0.078 MB memory for the CASCI Hamiltonian!
Time taken for 1-RDM build:        0.0089149 s
Time taken for 1-RDM build:        0.0083160 s
Time taken for 1-RDM build:        0.0081022 s
Time taken for 1-RDM build:        0.0080934 s
Time taken for 1-RDM build:        0.0083699 s
Time taken for 1-RDM build:        0.0086544 s
Time taken for 1-RDM build:        0.0087278 s
Time taken for 1-RDM build:        0.0083225 s
Time taken for 1-RDM build:        0.0081081 s
Time taken for 2-RDM build:        0.0349123 s
Time taken for 2-RDM build:        0.0346396 s
Time taken for 2-RDM build:        0.0347350 s
Time taken for 2-RDM build:        0.0346704 s
Time taken for 2-RDM build:        0.0347373 s
Time taken for 2-RDM build:        0.0347209 s
Time taken for 2-RDM build:        0.0347252 s
Time taken for 2-RDM build:        0.0346329 s
Time taken for 2-RDM build:        0.0347035 s
Time taken for 3-RDM build:        0.1520445 s
Time taken for 3-RDM build:        0.1513371 s
Time taken for 3-RDM build:        0.1510048 s
Time taken for 3-RDM build:        0.1509693 s
Time taken for 3-RDM build:        0.1512671 s
Time taken for 3-RDM build:        0.1510429 s
Time taken for 3-RDM build:        0.1521542 s
Time taken for 3-RDM build:        0.1521721 s
Time taken for 3-RDM build:        0.1511452 s
E_frzc:                        -2092.8592106 Eh
E_cas:                            -3.6862998 Eh
E_nuc:                             0.0000000 Eh
E_casci:                       -2096.5413860 Eh
E0 (from RDM):                 -2096.5413860 Eh
Ecorr:                            -0.2153364 Eh

Timing summary
... Hamil build:                    0.0265946 s
... Hamil diag:                     0.0011051 s
... RDM build:                     46.0051882 s
State     Energy / Eh         Splitting / Eh      Splitting / cm-1    Splitting / meV     
0         -2.0965455e+03      +0.0000000e+00      +0.0000000e+00      +0.0000000e+00      
1         -2.0965432e+03      +2.3344184e-03      +5.1234561e+02      +6.3522789e+01      
2         -2.0965432e+03      +6.4164851e-10      +1.4082557e-04      +1.7460154e-05      
3         -2.0965432e+03      +5.3205440e-10      +1.1677244e-04      +1.4477945e-05      
4         -2.0965395e+03      +3.6890520e-03      +8.0965333e+02      +1.0038427e+02      
5         -2.0965395e+03      +9.3723429e-10      +2.0569915e-04      +2.5503456e-05      
6         -2.0965395e+03      +1.0586518e-09      +2.3234722e-04      +2.8807397e-05      
7         -2.0965395e+03      +1.1709744e-09      +2.5699918e-04      +3.1863852e-05      
8         -2.0965395e+03      +1.0372787e-09      +2.2765636e-04      +2.8225805e-05      
Total time taken:                  49.6944773 s
===============================================

===============================================
            Relativistic DSRG-MRPT3            
===============================================
... compute_energy_pt3_1:     393.9380789 s
... compute_energy_pt2:       1.1395614 s
... compute_energy_pt3_2:     365.3575995 s
... compute_energy_pt3_3:      89.0852926 s
-----------------------------------------------
        DSRG-MRPT3 reference relaxation        
-----------------------------------------------
Iter                          Energy              Delta E   
   -Eref  -2096.5413860       
   -Ecorr -0.8538999       
<Psi^(0)|Hbar^(0)|Psi^(0)>    -2097.3952859       -2.09740e+03
   -Erelax-0.0001310       
<Psi^(0)|Hbar^(1)|Psi^(0)>    -2097.3954169       -1.30984e-04
   -Eref  -2096.5412498       
   -Ecorr -0.8542232       
<Psi^(1)|Hbar^(1)|Psi^(1)>    -2097.3954730       -5.61122e-05
   -Erelax-0.0000001       
<Psi^(1)|Hbar^(2)|Psi^(1)>    -2097.3954731       -1.17227e-07
   -Eref  -2096.5412462       
   -Ecorr -0.8542267       
<Psi^(2)|Hbar^(2)|Psi^(2)>    -2097.3954728       2.51032e-07
   -Erelax-0.0000000       
<Psi^(2)|Hbar^(3)|Psi^(2)>    -2097.3954728       -7.67159e-10
   -Eref  -2096.5412459       
   -Ecorr -0.8542270       
<Psi^(3)|Hbar^(3)|Psi^(3)>    -2097.3954728       1.52290e-08
   -Erelax-0.0000000       
<Psi^(3)|Hbar^(4)|Psi^(3)>    -2097.3954728       -5.00222e-12
   -Eref  -2096.5412458       
   -Ecorr -0.8542270       
<Psi^(4)|Hbar^(4)|Psi^(4)>    -2097.3954728       1.24419e-09
   -Erelax-0.0000000       
<Psi^(4)|Hbar^(5)|Psi^(4)>    -2097.3954728       0.00000e+00
Unrelaxed DSRG-MRPT3 energy:             -2097.3952859 Eh
Unrelaxed DSRG-MRPT3 E_corr:                -0.8538999 Eh
Partially relaxed DSRG-MRPT3 energy:     -2097.3954169 Eh
Partially relaxed DSRG-MRPT3 E_corr:        -0.8540309 Eh
Relaxed DSRG-MRPT3 energy:               -2097.3954730 Eh
Relaxed DSRG-MRPT3 E_corr:                  -0.8542232 Eh
Fully relaxed DSRG-MRPT3 energy:         -2097.3954728 Eh
Fully relaxed DSRG-MRPT3 E_corr:            -0.8542270 Eh
State     Energy / Eh         Splitting / Eh      Splitting / cm-1    Splitting / meV     
0         -2.0974001e+03      +0.0000000e+00      +0.0000000e+00      +0.0000000e+00      
1         -2.0973974e+03      +2.6530586e-03      +5.8227906e+02      +7.2193436e+01      
2         -2.0973974e+03      +1.3051249e-10      +2.8644180e-05      +3.5514274e-06      
3         -2.0973974e+03      +1.1641532e-10      +2.5550210e-05      +3.1678238e-06      
4         -2.0973934e+03      +4.0769800e-03      +8.9479368e+02      +1.1094033e+02      
5         -2.0973934e+03      +1.6370905e-10      +3.5929982e-05      +4.4547522e-06      
6         -2.0973934e+03      +1.8826540e-10      +4.1319480e-05      +5.1229650e-06      
7         -2.0973934e+03      +1.8235369e-10      +4.0022008e-05      +4.9620990e-06      
8         -2.0973934e+03      +1.5461410e-10      +3.3933872e-05      +4.2072659e-06      
Time taken:                     5610.4846802 s
===============================================
===============================================
              PySCF DHF interface              
===============================================

Timing report
....integral reading:      25.1512723 s

===============================================
            Relativistic CASCI(5,8)            
===============================================
Will now allocate 0.050 MB memory for the CASCI Hamiltonian!
Time taken for 1-RDM build:        0.0057743 s
Time taken for 1-RDM build:        0.0057135 s
Time taken for 1-RDM build:        0.0057240 s
Time taken for 1-RDM build:        0.0057685 s
Time taken for 1-RDM build:        0.0057287 s
Time taken for 1-RDM build:        0.0057216 s
Time taken for 1-RDM build:        0.0057287 s
Time taken for 1-RDM build:        0.0057030 s
Time taken for 1-RDM build:        0.0057266 s
Time taken for 1-RDM build:        0.0057111 s
Time taken for 1-RDM build:        0.0057058 s
Time taken for 1-RDM build:        0.0057302 s
Time taken for 1-RDM build:        0.0057247 s
Time taken for 1-RDM build:        0.0057132 s
Time taken for 2-RDM build:        0.0256169 s
Time taken for 2-RDM build:        0.0256369 s
Time taken for 2-RDM build:        0.0254724 s
Time taken for 2-RDM build:        0.0256131 s
Time taken for 2-RDM build:        0.0254636 s
Time taken for 2-RDM build:        0.0256386 s
Time taken for 2-RDM build:        0.0254390 s
Time taken for 2-RDM build:        0.0256743 s
Time taken for 2-RDM build:        0.0254915 s
Time taken for 2-RDM build:        0.0256081 s
Time taken for 2-RDM build:        0.0255144 s
Time taken for 2-RDM build:        0.0256011 s
Time taken for 2-RDM build:        0.0254619 s
Time taken for 2-RDM build:        0.0255597 s
Time taken for 3-RDM build:        0.1497285 s
Time taken for 3-RDM build:        0.1484540 s
Time taken for 3-RDM build:        0.1485584 s
Time taken for 3-RDM build:        0.1483459 s
Time taken for 3-RDM build:        0.1480801 s
Time taken for 3-RDM build:        0.1484857 s
Time taken for 3-RDM build:        0.1485412 s
Time taken for 3-RDM build:        0.1485143 s
Time taken for 3-RDM build:        0.1481853 s
Time taken for 3-RDM build:        0.1487162 s
Time taken for 3-RDM build:        0.1485617 s
Time taken for 3-RDM build:        0.1486554 s
Time taken for 3-RDM build:        0.1485429 s
Time taken for 3-RDM build:        0.1487646 s
E_frzc:                        -2252.3726240 Eh
E_cas:                            -6.0718308 Eh
E_nuc:                             0.0000000 Eh
E_casci:                       -2258.3972569 Eh
E0 (from RDM):                 -2258.3972569 Eh
Ecorr:                            -0.0178409 Eh

Timing summary
... Hamil build:                    0.0216503 s
... Hamil diag:                     0.0005302 s
... RDM build:                     50.0576546 s
State     Energy / Eh         Splitting / Eh      Splitting / cm-1    Splitting / meV     
0         -2.2584445e+03      +0.0000000e+00      +0.0000000e+00      +0.0000000e+00      
1         -2.2584445e+03      +5.2432370e-10      +1.1507575e-04      +1.4267581e-05      
2         -2.2584445e+03      +5.2705218e-10      +1.1567458e-04      +1.4341827e-05      
3         -2.2584445e+03      +5.1386451e-10      +1.1278022e-04      +1.3982972e-05      
4         -2.2583793e+03      +6.5107933e-02      +1.4289540e+04      +1.7716780e+03      
5         -2.2583793e+03      +9.2859409e-10      +2.0380284e-04      +2.5268344e-05      
6         -2.2583793e+03      +1.1159500e-09      +2.4492271e-04      +3.0366561e-05      
7         -2.2583793e+03      +5.1250026e-10      +1.1248081e-04      +1.3945849e-05      
8         -2.2583777e+03      +1.6153755e-03      +3.5453394e+02      +4.3956628e+01      
9         -2.2583777e+03      +7.5033313e-10      +1.6467909e-04      +2.0417614e-05      
10        -2.2583777e+03      +4.8839865e-10      +1.0719111e-04      +1.3290011e-05      
11        -2.2583777e+03      +1.4611032e-09      +3.2067509e-04      +3.9758663e-05      
12        -2.2583777e+03      +1.6329977e-09      +3.5840157e-04      +4.4436153e-05      
13        -2.2583777e+03      +6.3982952e-10      +1.4042635e-04      +1.7410656e-05      
Total time taken:                  53.7297728 s
===============================================

===============================================
            Relativistic DSRG-MRPT3            
===============================================
... compute_energy_pt3_1:     434.6526456 s
... compute_energy_pt2:       1.2166545 s
... compute_energy_pt3_2:     361.4032748 s
... compute_energy_pt3_3:      87.5795417 s
-----------------------------------------------
        DSRG-MRPT3 reference relaxation        
-----------------------------------------------
Iter                          Energy              Delta E   
   -Eref  -2258.3972569       
   -Ecorr -0.8862469       
<Psi^(0)|Hbar^(0)|Psi^(0)>    -2259.2835038       -2.25928e+03
   -Erelax-0.0000261       
<Psi^(0)|Hbar^(1)|Psi^(0)>    -2259.2835298       -2.60710e-05
   -Eref  -2258.3972366       
   -Ecorr -0.8862978       
<Psi^(1)|Hbar^(1)|Psi^(1)>    -2259.2835344       -4.56332e-06
   -Erelax-0.0000000       
<Psi^(1)|Hbar^(2)|Psi^(1)>    -2259.2835344       -3.33239e-09
   -Eref  -2258.3972364       
   -Ecorr -0.8862980       
<Psi^(2)|Hbar^(2)|Psi^(2)>    -2259.2835344       -2.11276e-09
   -Erelax-0.0000000       
<Psi^(2)|Hbar^(3)|Psi^(2)>    -2259.2835344       -1.36424e-12
Unrelaxed DSRG-MRPT3 energy:             -2259.2835038 Eh
Unrelaxed DSRG-MRPT3 E_corr:                -0.8862469 Eh
Partially relaxed DSRG-MRPT3 energy:     -2259.2835298 Eh
Partially relaxed DSRG-MRPT3 E_corr:        -0.8862730 Eh
Relaxed DSRG-MRPT3 energy:               -2259.2835344 Eh
Relaxed DSRG-MRPT3 E_corr:                  -0.8862978 Eh
Fully relaxed DSRG-MRPT3 energy:         -2259.2835344 Eh
Fully relaxed DSRG-MRPT3 E_corr:            -0.8862980 Eh
State     Energy / Eh         Splitting / Eh      Splitting / cm-1    Splitting / meV     
0         -2.2593209e+03      +0.0000000e+00      +0.0000000e+00      +0.0000000e+00      
1         -2.2593209e+03      +1.4779289e-10      +3.2436790e-05      +4.0216513e-06      
2         -2.2593209e+03      +1.4961188e-10      +3.2836012e-05      +4.0711485e-06      
3         -2.2593209e+03      +1.4733814e-10      +3.2336984e-05      +4.0092770e-06      
4         -2.2592694e+03      +5.1460354e-02      +1.1294242e+04      +1.4003082e+03      
5         -2.2592694e+03      +5.4569682e-11      +1.1976661e-05      +1.4849174e-06      
6         -2.2592694e+03      +1.1095835e-10      +2.4352544e-05      +3.0193320e-06      
7         -2.2592694e+03      +8.1399776e-11      +1.7865186e-05      +2.2150018e-06      
8         -2.2592680e+03      +1.4082360e-03      +3.0907208e+02      +3.8320072e+01      
9         -2.2592680e+03      +8.4583007e-11      +1.8563824e-05      +2.3016220e-06      
10        -2.2592680e+03      +2.0463631e-11      +4.4912478e-06      +5.5684402e-07      
11        -2.2592680e+03      +1.0777512e-10      +2.3653905e-05      +2.9327119e-06      
12        -2.2592680e+03      +8.6856744e-11      +1.9062852e-05      +2.3634935e-06      
13        -2.2592680e+03      +5.7752914e-11      +1.2675299e-05      +1.5715376e-06      
Time taken:                     3332.2452600 s
===============================================
===============================================
              PySCF DHF interface              
===============================================

Timing report
....integral reading:      24.9195888 s

===============================================
            Relativistic CASCI(6,8)            
===============================================
Will now allocate 0.013 MB memory for the CASCI Hamiltonian!
Time taken for 1-RDM build:        0.0022433 s
Time taken for 1-RDM build:        0.0022058 s
Time taken for 1-RDM build:        0.0021985 s
Time taken for 1-RDM build:        0.0021999 s
Time taken for 1-RDM build:        0.0022204 s
Time taken for 1-RDM build:        0.0021996 s
Time taken for 1-RDM build:        0.0022042 s
Time taken for 1-RDM build:        0.0021932 s
Time taken for 1-RDM build:        0.0021951 s
Time taken for 2-RDM build:        0.0086393 s
Time taken for 2-RDM build:        0.0086169 s
Time taken for 2-RDM build:        0.0085883 s
Time taken for 2-RDM build:        0.0085897 s
Time taken for 2-RDM build:        0.0085766 s
Time taken for 2-RDM build:        0.0085914 s
Time taken for 2-RDM build:        0.0085790 s
Time taken for 2-RDM build:        0.0085824 s
Time taken for 2-RDM build:        0.0085351 s
Time taken for 3-RDM build:        0.0675862 s
Time taken for 3-RDM build:        0.0659213 s
Time taken for 3-RDM build:        0.0659974 s
Time taken for 3-RDM build:        0.0659399 s
Time taken for 3-RDM build:        0.0661035 s
Time taken for 3-RDM build:        0.0660474 s
Time taken for 3-RDM build:        0.0660784 s
Time taken for 3-RDM build:        0.0658717 s
Time taken for 3-RDM build:        0.0659013 s
E_frzc:                        -2418.2608262 Eh
E_cas:                            -9.1774708 Eh
E_nuc:                             0.0000000 Eh
E_casci:                       -2427.4340589 Eh
E0 (from RDM):                 -2427.4340589 Eh
Ecorr:                            -0.1372548 Eh

Timing summary
... Hamil build:                    0.0096240 s
... Hamil diag:                     0.0002797 s
... RDM build:                     46.3629847 s
State     Energy / Eh         Splitting / Eh      Splitting / cm-1    Splitting / meV     
0         -2.4274383e+03      +0.0000000e+00      +0.0000000e+00      +0.0000000e+00      
1         -2.4274383e+03      +1.9413164e-09      +4.2606971e-04      +5.2825936e-05      
2         -2.4274383e+03      +8.9721652e-10      +1.9691626e-04      +2.4414517e-05      
3         -2.4274383e+03      +1.1737029e-09      +2.5759801e-04      +3.1938098e-05      
4         -2.4274383e+03      +1.8349056e-09      +4.0271522e-04      +4.9930347e-05      
5         -2.4274294e+03      +8.8831576e-03      +1.9496277e+03      +2.4172315e+02      
6         -2.4274294e+03      +4.1914063e-09      +9.1990735e-04      +1.1405403e-04      
7         -2.4274294e+03      +4.1027306e-09      +9.0044528e-04      +1.1164104e-04      
8         -2.4274268e+03      +2.6102260e-03      +5.7287839e+02      +7.1027902e+01      
Total time taken:                  50.0270422 s
===============================================

===============================================
            Relativistic DSRG-MRPT3            
===============================================
... compute_energy_pt3_1:     391.0203588 s
... compute_energy_pt2:       1.2264247 s
... compute_energy_pt3_2:     357.0648153 s
... compute_energy_pt3_3:      94.0695372 s
-----------------------------------------------
        DSRG-MRPT3 reference relaxation        
-----------------------------------------------
Iter                          Energy              Delta E   
   -Eref  -2427.4340589       
   -Ecorr -0.9111354       
<Psi^(0)|Hbar^(0)|Psi^(0)>    -2428.3451943       -2.42835e+03
   -Erelax-0.0000061       
<Psi^(0)|Hbar^(1)|Psi^(0)>    -2428.3452003       -6.07011e-06
   -Eref  -2427.4340526       
   -Ecorr -0.9111505       
<Psi^(1)|Hbar^(1)|Psi^(1)>    -2428.3452031       -2.76968e-06
   -Erelax-0.0000000       
<Psi^(1)|Hbar^(2)|Psi^(1)>    -2428.3452031       -9.51331e-10
   -Eref  -2427.4340526       
   -Ecorr -0.9111504       
<Psi^(2)|Hbar^(2)|Psi^(2)>    -2428.3452030       1.27440e-07
   -Erelax-0.0000000       
<Psi^(2)|Hbar^(3)|Psi^(2)>    -2428.3452030       -3.63798e-12
   -Eref  -2427.4340526       
   -Ecorr -0.9111504       
<Psi^(3)|Hbar^(3)|Psi^(3)>    -2428.3452030       -7.75117e-09
   -Erelax-0.0000000       
<Psi^(3)|Hbar^(4)|Psi^(3)>    -2428.3452030       0.00000e+00
Unrelaxed DSRG-MRPT3 energy:             -2428.3451943 Eh
Unrelaxed DSRG-MRPT3 E_corr:                -0.9111354 Eh
Partially relaxed DSRG-MRPT3 energy:     -2428.3452003 Eh
Partially relaxed DSRG-MRPT3 E_corr:        -0.9111415 Eh
Relaxed DSRG-MRPT3 energy:               -2428.3452031 Eh
Relaxed DSRG-MRPT3 E_corr:                  -0.9111505 Eh
Fully relaxed DSRG-MRPT3 energy:         -2428.3452030 Eh
Fully relaxed DSRG-MRPT3 E_corr:            -0.9111504 Eh
State     Energy / Eh         Splitting / Eh      Splitting / cm-1    Splitting / meV     
0         -2.4283491e+03      +0.0000000e+00      +0.0000000e+00      +0.0000000e+00      
1         -2.4283491e+03      +3.7107384e-10      +8.1441293e-05      +1.0097438e-05      
2         -2.4283491e+03      +3.7834980e-10      +8.3038181e-05      +1.0295427e-05      
3         -2.4283491e+03      +3.8062353e-10      +8.3537209e-05      +1.0357299e-05      
4         -2.4283491e+03      +3.7016434e-10      +8.1241682e-05      +1.0072690e-05      
5         -2.4283409e+03      +8.1851693e-03      +1.7964370e+03      +2.2272991e+02      
6         -2.4283409e+03      +4.3792170e-10      +9.6112703e-05      +1.1916462e-05      
7         -2.4283409e+03      +3.9835868e-10      +8.7429624e-05      +1.0839897e-05      
8         -2.4283384e+03      +2.5411296e-03      +5.5771349e+02      +6.9147693e+01      
Time taken:                     4415.0559149 s
===============================================
===============================================
              PySCF DHF interface              
===============================================

Timing report
....integral reading:      25.0587471 s

===============================================
            Relativistic CASCI(7,8)            
===============================================
Will now allocate 0.001 MB memory for the CASCI Hamiltonian!
Time taken for 1-RDM build:        0.0003777 s
Time taken for 1-RDM build:        0.0003664 s
Time taken for 1-RDM build:        0.0003653 s
Time taken for 1-RDM build:        0.0003629 s
Time taken for 1-RDM build:        0.0003669 s
Time taken for 1-RDM build:        0.0003638 s
Time taken for 2-RDM build:        0.0010500 s
Time taken for 2-RDM build:        0.0010004 s
Time taken for 2-RDM build:        0.0009930 s
Time taken for 2-RDM build:        0.0009987 s
Time taken for 2-RDM build:        0.0009944 s
Time taken for 2-RDM build:        0.0009937 s
Time taken for 3-RDM build:        0.0137892 s
Time taken for 3-RDM build:        0.0122948 s
Time taken for 3-RDM build:        0.0122864 s
Time taken for 3-RDM build:        0.0123262 s
Time taken for 3-RDM build:        0.0123026 s
Time taken for 3-RDM build:        0.0122895 s
E_frzc:                        -2590.5378304 Eh
E_cas:                           -13.1880855 Eh
E_nuc:                             0.0000000 Eh
E_casci:                       -2603.7203212 Eh
E0 (from RDM):                 -2603.7203212 Eh
Ecorr:                            -0.0318830 Eh

Timing summary
... Hamil build:                    0.0025983 s
... Hamil diag:                     0.0034406 s
... RDM build:                     44.9321465 s
State     Energy / Eh         Splitting / Eh      Splitting / cm-1    Splitting / meV     
0         -2.6037259e+03      +0.0000000e+00      +0.0000000e+00      +0.0000000e+00      
1         -2.6037259e+03      +9.2413757e-09      +2.0282475e-03      +2.5147076e-04      
2         -2.6037259e+03      +1.8784249e-08      +4.1226661e-03      +5.1114569e-04      
3         -2.6037259e+03      +9.8884811e-09      +2.1702707e-03      +2.6907941e-04      
4         -2.6037091e+03      +1.6783801e-02      +3.6836186e+03      +4.5671072e+02      
5         -2.6037091e+03      +7.4087438e-09      +1.6260313e-03      +2.0160228e-04      
Total time taken:                  48.5915992 s
===============================================

===============================================
            Relativistic DSRG-MRPT3            
===============================================
... compute_energy_pt3_1:     426.6793184 s
... compute_energy_pt2:       1.2648225 s
... compute_energy_pt3_2:     374.8812122 s
... compute_energy_pt3_3:      94.3601637 s
-----------------------------------------------
        DSRG-MRPT3 reference relaxation        
-----------------------------------------------
Iter                          Energy              Delta E   
   -Eref  -2603.7203212       
   -Ecorr -0.9432823       
<Psi^(0)|Hbar^(0)|Psi^(0)>    -2604.6636035       -2.60466e+03
   -Erelax0.0000000       
<Psi^(0)|Hbar^(1)|Psi^(0)>    -2604.6636035       0.00000e+00
   -Eref  -2603.7203212       
   -Ecorr -0.9432823       
<Psi^(1)|Hbar^(1)|Psi^(1)>    -2604.6636035       4.54747e-13
   -Erelax-0.0000000       
<Psi^(1)|Hbar^(2)|Psi^(1)>    -2604.6636035       0.00000e+00
Unrelaxed DSRG-MRPT3 energy:             -2604.6636035 Eh
Unrelaxed DSRG-MRPT3 E_corr:                -0.9432823 Eh
Partially relaxed DSRG-MRPT3 energy:     -2604.6636035 Eh
Partially relaxed DSRG-MRPT3 E_corr:        -0.9432823 Eh
Relaxed DSRG-MRPT3 energy:               -2604.6636035 Eh
Relaxed DSRG-MRPT3 E_corr:                  -0.9432823 Eh
Fully relaxed DSRG-MRPT3 energy:         -2604.6636035 Eh
Fully relaxed DSRG-MRPT3 E_corr:            -0.9432823 Eh
State     Energy / Eh         Splitting / Eh      Splitting / cm-1    Splitting / meV     
0         -2.6046691e+03      +0.0000000e+00      +0.0000000e+00      +0.0000000e+00      
1         -2.6046691e+03      +1.4565558e-09      +3.1967704e-04      +3.9634920e-05      
2         -2.6046691e+03      +1.7917046e-09      +3.9323370e-04      +4.8754788e-05      
3         -2.6046691e+03      +1.4820216e-09      +3.2526615e-04      +4.0327882e-05      
4         -2.6046526e+03      +1.6437985e-02      +3.6077206e+03      +4.4730056e+02      
5         -2.6046526e+03      +1.3947101e-09      +3.0610349e-04      +3.7952014e-05      
Time taken:                     2210.4280622 s
===============================================
