NOW DOING s=1e-09!
===============================================
              PySCF DHF interface              
===============================================

Timing report
....integral reading:       0.5024416 s

===============================================
            Relativistic CASCI(3,8)            
===============================================
Will now allocate 0.050 MB memory for the CASCI Hamiltonian!
Time taken for 1-RDM build:        0.0056980 s
Time taken for 1-RDM build:        0.0057046 s
Time taken for 1-RDM build:        0.0057132 s
Time taken for 1-RDM build:        0.0056634 s
Time taken for 1-RDM build:        0.0056624 s
Time taken for 1-RDM build:        0.0056725 s
Time taken for 2-RDM build:        0.0243921 s
Time taken for 2-RDM build:        0.0231371 s
Time taken for 2-RDM build:        0.0232399 s
Time taken for 2-RDM build:        0.0231669 s
Time taken for 2-RDM build:        0.0230765 s
Time taken for 2-RDM build:        0.0231073 s
Time taken for 3-RDM build:        0.0653667 s
Time taken for 3-RDM build:        0.0651424 s
Time taken for 3-RDM build:        0.0646484 s
Time taken for 3-RDM build:        0.0644414 s
Time taken for 3-RDM build:        0.0644238 s
Time taken for 3-RDM build:        0.0644975 s
E_frzc:                          -21.9899228 Eh
E_cas:                            -2.5754278 Eh
E_nuc:                             0.0000000 Eh
E_casci:                         -24.5653104 Eh
E0 (from RDM):                   -24.5653104 Eh
Ecorr:                            -0.2764703 Eh

Timing summary
... Hamil build:                    0.0166457 s
... Hamil diag:                     0.0005460 s
... RDM build:                      1.7111001 s
State     Energy / Eh         Splitting / Eh      Splitting / cm-1    Splitting / meV     
0         -2.4565351e+01      +0.0000000e+00      +0.0000000e+00      +0.0000000e+00      
1         -2.4565351e+01      +1.6292141e-09      +3.5757116e-04      +4.4333195e-05      
2         -2.4565290e+01      +6.0370290e-05      +1.3249747e+01      +1.6427601e+00      
3         -2.4565290e+01      +8.2750518e-10      +1.8161639e-04      +2.2517574e-05      
4         -2.4565290e+01      +8.6880192e-10      +1.9067998e-04      +2.3641316e-05      
5         -2.4565290e+01      +1.8699744e-09      +4.1041194e-04      +5.0884619e-05      
Total time taken:                   1.8315217 s
===============================================

===============================================
            Relativistic DSRG-MRPT3            
===============================================
... compute_energy_pt3_1:       7.4564791 s
... compute_energy_pt2:       0.0510900 s
... compute_energy_pt3_2:       6.3006797 s
... compute_energy_pt3_3:       1.5717075 s
-----------------------------------------------
        DSRG-MRPT3 reference relaxation        
-----------------------------------------------
Iter                          Energy              Delta E   
   -Eref  -24.5653104       
   -Ecorr -0.0000005       
<Psi^(0)|Hbar^(0)|Psi^(0)>    -24.5653108         -2.45653e+01
   -Erelax-0.0000000       
<Psi^(0)|Hbar^(1)|Psi^(0)>    -24.5653108         0.00000e+00
   -Eref  -24.5653104       
   -Ecorr -0.0000005       
<Psi^(1)|Hbar^(1)|Psi^(1)>    -24.5653108         0.00000e+00
   -Erelax0.0000000       
<Psi^(1)|Hbar^(2)|Psi^(1)>    -24.5653108         3.55271e-15
Unrelaxed DSRG-MRPT3 energy:               -24.5653108 Eh
Unrelaxed DSRG-MRPT3 E_corr:                -0.0000005 Eh
Partially relaxed DSRG-MRPT3 energy:       -24.5653108 Eh
Partially relaxed DSRG-MRPT3 E_corr:        -0.0000005 Eh
Relaxed DSRG-MRPT3 energy:                 -24.5653108 Eh
Relaxed DSRG-MRPT3 E_corr:                  -0.0000005 Eh
Fully relaxed DSRG-MRPT3 energy:           -24.5653108 Eh
Fully relaxed DSRG-MRPT3 E_corr:            -0.0000005 Eh
State     Energy / Eh         Splitting / Eh      Splitting / cm-1    Splitting / meV     
0         -2.4565351e+01      +0.0000000e+00      +0.0000000e+00      +0.0000000e+00      
1         -2.4565351e+01      +1.6292141e-09      +3.5757116e-04      +4.4333195e-05      
2         -2.4565291e+01      +6.0370293e-05      +1.3249748e+01      +1.6427601e+00      
3         -2.4565291e+01      +8.2750873e-10      +1.8161717e-04      +2.2517670e-05      
4         -2.4565291e+01      +8.6880192e-10      +1.9067998e-04      +2.3641316e-05      
5         -2.4565291e+01      +1.8699744e-09      +4.1041194e-04      +5.0884619e-05      
Time taken:                       37.5151029 s
===============================================
===============================================
              PySCF DHF interface              
===============================================

Timing report
....integral reading:       0.5019610 s

===============================================
            Relativistic CASCI(4,8)            
===============================================
Will now allocate 0.078 MB memory for the CASCI Hamiltonian!
Time taken for 1-RDM build:        0.0083029 s
Time taken for 1-RDM build:        0.0080745 s
Time taken for 1-RDM build:        0.0080543 s
Time taken for 1-RDM build:        0.0080588 s
Time taken for 1-RDM build:        0.0080392 s
Time taken for 1-RDM build:        0.0080335 s
Time taken for 1-RDM build:        0.0080631 s
Time taken for 1-RDM build:        0.0080407 s
Time taken for 1-RDM build:        0.0080581 s
Time taken for 2-RDM build:        0.0358298 s
Time taken for 2-RDM build:        0.0345206 s
Time taken for 2-RDM build:        0.0345464 s
Time taken for 2-RDM build:        0.0344987 s
Time taken for 2-RDM build:        0.0345914 s
Time taken for 2-RDM build:        0.0345874 s
Time taken for 2-RDM build:        0.0345316 s
Time taken for 2-RDM build:        0.0345783 s
Time taken for 2-RDM build:        0.0345209 s
Time taken for 3-RDM build:        0.1527743 s
Time taken for 3-RDM build:        0.1529179 s
Time taken for 3-RDM build:        0.1512475 s
Time taken for 3-RDM build:        0.1514070 s
Time taken for 3-RDM build:        0.1512642 s
Time taken for 3-RDM build:        0.1519208 s
Time taken for 3-RDM build:        0.1514001 s
Time taken for 3-RDM build:        0.1513534 s
Time taken for 3-RDM build:        0.1519685 s
E_frzc:                          -32.3709352 Eh
E_cas:                            -5.3467114 Eh
E_nuc:                             0.0000000 Eh
E_casci:                         -37.7175257 Eh
E0 (from RDM):                   -37.7175257 Eh
Ecorr:                            -0.4429083 Eh

Timing summary
... Hamil build:                    0.0255411 s
... Hamil diag:                     0.0009849 s
... RDM build:                      2.8607874 s
State     Energy / Eh         Splitting / Eh      Splitting / cm-1    Splitting / meV     
0         -3.7717647e+01      +0.0000000e+00      +0.0000000e+00      +0.0000000e+00      
1         -3.7717578e+01      +6.8056777e-05      +1.4936736e+01      +1.8519201e+00      
2         -3.7717578e+01      +1.0789947e-09      +2.3681196e-04      +2.9360955e-05      
3         -3.7717578e+01      +1.2285639e-09      +2.6963861e-04      +3.3430943e-05      
4         -3.7717470e+01      +1.0852195e-04      +2.3817815e+01      +2.9530341e+00      
5         -3.7717470e+01      +3.7324810e-10      +8.1918488e-05      +1.0156603e-05      
6         -3.7717470e+01      +9.5213437e-10      +2.0896934e-04      +2.5908908e-05      
7         -3.7717470e+01      +4.4995119e-10      +9.8752870e-05      +1.2243801e-05      
8         -3.7717470e+01      +5.6218852e-10      +1.2338612e-04      +1.5297936e-05      
Total time taken:                   2.9907265 s
===============================================

===============================================
            Relativistic DSRG-MRPT3            
===============================================
... compute_energy_pt3_1:       7.4429650 s
... compute_energy_pt2:       0.0493727 s
... compute_energy_pt3_2:       6.3897395 s
... compute_energy_pt3_3:       1.6426771 s
-----------------------------------------------
        DSRG-MRPT3 reference relaxation        
-----------------------------------------------
Iter                          Energy              Delta E   
   -Eref  -37.7175257       
   -Ecorr -0.0000010       
<Psi^(0)|Hbar^(0)|Psi^(0)>    -37.7175267         -3.77175e+01
   -Erelax-0.0000000       
<Psi^(0)|Hbar^(1)|Psi^(0)>    -37.7175267         -7.10543e-15
   -Eref  -37.7175257       
   -Ecorr -0.0000010       
<Psi^(1)|Hbar^(1)|Psi^(1)>    -37.7175267         1.42109e-14
   -Erelax-0.0000000       
<Psi^(1)|Hbar^(2)|Psi^(1)>    -37.7175267         -7.10543e-15
Unrelaxed DSRG-MRPT3 energy:               -37.7175267 Eh
Unrelaxed DSRG-MRPT3 E_corr:                -0.0000010 Eh
Partially relaxed DSRG-MRPT3 energy:       -37.7175267 Eh
Partially relaxed DSRG-MRPT3 E_corr:        -0.0000010 Eh
Relaxed DSRG-MRPT3 energy:                 -37.7175267 Eh
Relaxed DSRG-MRPT3 E_corr:                  -0.0000010 Eh
Fully relaxed DSRG-MRPT3 energy:           -37.7175267 Eh
Fully relaxed DSRG-MRPT3 E_corr:            -0.0000010 Eh
State     Energy / Eh         Splitting / Eh      Splitting / cm-1    Splitting / meV     
0         -3.7717648e+01      +0.0000000e+00      +0.0000000e+00      +0.0000000e+00      
1         -3.7717579e+01      +6.8056781e-05      +1.4936737e+01      +1.8519202e+00      
2         -3.7717579e+01      +1.0789876e-09      +2.3681040e-04      +2.9360761e-05      
3         -3.7717579e+01      +1.2285710e-09      +2.6964017e-04      +3.3431136e-05      
4         -3.7717471e+01      +1.0852196e-04      +2.3817817e+01      +2.9530343e+00      
5         -3.7717471e+01      +3.7324810e-10      +8.1918488e-05      +1.0156603e-05      
6         -3.7717471e+01      +9.5214148e-10      +2.0897090e-04      +2.5909102e-05      
7         -3.7717471e+01      +4.4994408e-10      +9.8751311e-05      +1.2243608e-05      
8         -3.7717471e+01      +5.6219562e-10      +1.2338768e-04      +1.5298129e-05      
Time taken:                       39.7688446 s
===============================================
===============================================
              PySCF DHF interface              
===============================================

Timing report
....integral reading:       0.4986947 s

===============================================
            Relativistic CASCI(5,8)            
===============================================
Will now allocate 0.050 MB memory for the CASCI Hamiltonian!
Time taken for 1-RDM build:        0.0056956 s
Time taken for 1-RDM build:        0.0056756 s
Time taken for 1-RDM build:        0.0056801 s
Time taken for 1-RDM build:        0.0056698 s
Time taken for 1-RDM build:        0.0056577 s
Time taken for 1-RDM build:        0.0056784 s
Time taken for 1-RDM build:        0.0056531 s
Time taken for 1-RDM build:        0.0056717 s
Time taken for 1-RDM build:        0.0056596 s
Time taken for 1-RDM build:        0.0056639 s
Time taken for 1-RDM build:        0.0056667 s
Time taken for 1-RDM build:        0.0056612 s
Time taken for 1-RDM build:        0.0056689 s
Time taken for 1-RDM build:        0.0056691 s
Time taken for 2-RDM build:        0.0276625 s
Time taken for 2-RDM build:        0.0253277 s
Time taken for 2-RDM build:        0.0252855 s
Time taken for 2-RDM build:        0.0253465 s
Time taken for 2-RDM build:        0.0252762 s
Time taken for 2-RDM build:        0.0252459 s
Time taken for 2-RDM build:        0.0253181 s
Time taken for 2-RDM build:        0.0253110 s
Time taken for 2-RDM build:        0.0252457 s
Time taken for 2-RDM build:        0.0252852 s
Time taken for 2-RDM build:        0.0252979 s
Time taken for 2-RDM build:        0.0253274 s
Time taken for 2-RDM build:        0.0252385 s
Time taken for 2-RDM build:        0.0253739 s
Time taken for 3-RDM build:        0.1501172 s
Time taken for 3-RDM build:        0.1485529 s
Time taken for 3-RDM build:        0.1484485 s
Time taken for 3-RDM build:        0.1483812 s
Time taken for 3-RDM build:        0.1485181 s
Time taken for 3-RDM build:        0.1485138 s
Time taken for 3-RDM build:        0.1483495 s
Time taken for 3-RDM build:        0.1483419 s
Time taken for 3-RDM build:        0.1484182 s
Time taken for 3-RDM build:        0.1483850 s
Time taken for 3-RDM build:        0.1483994 s
Time taken for 3-RDM build:        0.1484575 s
Time taken for 3-RDM build:        0.1484241 s
Time taken for 3-RDM build:        0.1486750 s
E_frzc:                          -44.7567199 Eh
E_cas:                            -9.6666253 Eh
E_nuc:                             0.0000000 Eh
E_casci:                         -54.3487687 Eh
E0 (from RDM):                   -54.3487687 Eh
Ecorr:                            -0.4454114 Eh

Timing summary
... Hamil build:                    0.0206680 s
... Hamil diag:                     0.0004649 s
... RDM build:                      3.6098065 s
State     Energy / Eh         Splitting / Eh      Splitting / cm-1    Splitting / meV     
0         -5.4423345e+01      +0.0000000e+00      +0.0000000e+00      +0.0000000e+00      
1         -5.4423345e+01      +1.0766144e-09      +2.3628954e-04      +2.9296183e-05      
2         -5.4423345e+01      +1.0765220e-09      +2.3626926e-04      +2.9293669e-05      
3         -5.4423345e+01      +1.0763941e-09      +2.3624119e-04      +2.9290189e-05      
4         -5.4318958e+01      +1.0438692e-01      +2.2910281e+04      +2.8405142e+03      
5         -5.4318958e+01      +1.1012489e-09      +2.4169619e-04      +2.9966522e-05      
6         -5.4318958e+01      +1.1371313e-09      +2.4957147e-04      +3.0942933e-05      
7         -5.4318958e+01      +5.9976912e-10      +1.3163411e-04      +1.6320557e-05      
8         -5.4318958e+01      +1.1947563e-09      +2.6221870e-04      +3.2510990e-05      
9         -5.4318958e+01      +1.3782895e-09      +3.0249957e-04      +3.7505185e-05      
10        -5.4318908e+01      +5.0508872e-05      +1.1085416e+01      +1.3744171e+00      
11        -5.4318908e+01      +3.9502694e-09      +8.6698392e-04      +1.0749236e-04      
12        -5.4318908e+01      +3.0347778e-09      +6.6605673e-04      +8.2580549e-05      
13        -5.4318908e+01      +2.9868943e-09      +6.5554752e-04      +8.1277572e-05      
Total time taken:                   3.7342725 s
===============================================

===============================================
            Relativistic DSRG-MRPT3            
===============================================
... compute_energy_pt3_1:       7.4805658 s
... compute_energy_pt2:       0.0500557 s
... compute_energy_pt3_2:       6.2860353 s
... compute_energy_pt3_3:       1.6311917 s
-----------------------------------------------
        DSRG-MRPT3 reference relaxation        
-----------------------------------------------
Iter                          Energy              Delta E   
   -Eref  -54.3487687       
   -Ecorr -0.0000019       
<Psi^(0)|Hbar^(0)|Psi^(0)>    -54.3487706         -5.43488e+01
   -Erelax-0.0000000       
<Psi^(0)|Hbar^(1)|Psi^(0)>    -54.3487706         -7.10543e-15
   -Eref  -54.3487687       
   -Ecorr -0.0000019       
<Psi^(1)|Hbar^(1)|Psi^(1)>    -54.3487706         1.42109e-14
   -Erelax-0.0000000       
<Psi^(1)|Hbar^(2)|Psi^(1)>    -54.3487706         -7.10543e-15
Unrelaxed DSRG-MRPT3 energy:               -54.3487706 Eh
Unrelaxed DSRG-MRPT3 E_corr:                -0.0000019 Eh
Partially relaxed DSRG-MRPT3 energy:       -54.3487706 Eh
Partially relaxed DSRG-MRPT3 E_corr:        -0.0000019 Eh
Relaxed DSRG-MRPT3 energy:                 -54.3487706 Eh
Relaxed DSRG-MRPT3 E_corr:                  -0.0000019 Eh
Fully relaxed DSRG-MRPT3 energy:           -54.3487706 Eh
Fully relaxed DSRG-MRPT3 E_corr:            -0.0000019 Eh
State     Energy / Eh         Splitting / Eh      Splitting / cm-1    Splitting / meV     
0         -5.4423347e+01      +0.0000000e+00      +0.0000000e+00      +0.0000000e+00      
1         -5.4423347e+01      +1.0766144e-09      +2.3628954e-04      +2.9296183e-05      
2         -5.4423347e+01      +1.0765291e-09      +2.3627082e-04      +2.9293863e-05      
3         -5.4423347e+01      +1.0764012e-09      +2.3624275e-04      +2.9290382e-05      
4         -5.4318960e+01      +1.0438692e-01      +2.2910281e+04      +2.8405142e+03      
5         -5.4318960e+01      +1.1012631e-09      +2.4169931e-04      +2.9966909e-05      
6         -5.4318960e+01      +1.1371171e-09      +2.4956835e-04      +3.0942546e-05      
7         -5.4318960e+01      +5.9977623e-10      +1.3163567e-04      +1.6320750e-05      
8         -5.4318960e+01      +1.1947492e-09      +2.6221714e-04      +3.2510797e-05      
9         -5.4318960e+01      +1.3782966e-09      +3.0250113e-04      +3.7505378e-05      
10        -5.4318910e+01      +5.0508870e-05      +1.1085416e+01      +1.3744170e+00      
11        -5.4318910e+01      +3.9502623e-09      +8.6698237e-04      +1.0749216e-04      
12        -5.4318910e+01      +3.0347849e-09      +6.6605829e-04      +8.2580742e-05      
13        -5.4318910e+01      +2.9868943e-09      +6.5554752e-04      +8.1277572e-05      
Time taken:                       39.2063828 s
===============================================
===============================================
              PySCF DHF interface              
===============================================

Timing report
....integral reading:       0.4998941 s

===============================================
            Relativistic CASCI(6,8)            
===============================================
Will now allocate 0.013 MB memory for the CASCI Hamiltonian!
Time taken for 1-RDM build:        0.0022092 s
Time taken for 1-RDM build:        0.0021791 s
Time taken for 1-RDM build:        0.0021780 s
Time taken for 1-RDM build:        0.0022058 s
Time taken for 1-RDM build:        0.0021961 s
Time taken for 1-RDM build:        0.0022027 s
Time taken for 1-RDM build:        0.0021884 s
Time taken for 1-RDM build:        0.0021999 s
Time taken for 1-RDM build:        0.0021884 s
Time taken for 2-RDM build:        0.0098987 s
Time taken for 2-RDM build:        0.0097296 s
Time taken for 2-RDM build:        0.0085628 s
Time taken for 2-RDM build:        0.0085933 s
Time taken for 2-RDM build:        0.0085707 s
Time taken for 2-RDM build:        0.0085554 s
Time taken for 2-RDM build:        0.0085878 s
Time taken for 2-RDM build:        0.0085721 s
Time taken for 2-RDM build:        0.0085781 s
Time taken for 3-RDM build:        0.0681338 s
Time taken for 3-RDM build:        0.0663340 s
Time taken for 3-RDM build:        0.0663517 s
Time taken for 3-RDM build:        0.0663893 s
Time taken for 3-RDM build:        0.0662510 s
Time taken for 3-RDM build:        0.0663004 s
Time taken for 3-RDM build:        0.0663745 s
Time taken for 3-RDM build:        0.0664055 s
Time taken for 3-RDM build:        0.0663173 s
E_frzc:                          -59.1480236 Eh
E_cas:                           -15.7034833 Eh
E_nuc:                             0.0000000 Eh
E_casci:                         -74.8511626 Eh
E0 (from RDM):                   -74.8511626 Eh
Ecorr:                            -0.3302227 Eh

Timing summary
... Hamil build:                    0.0085063 s
... Hamil diag:                     0.0002201 s
... RDM build:                      1.7833123 s
State     Energy / Eh         Splitting / Eh      Splitting / cm-1    Splitting / meV     
0         -7.4851507e+01      +0.0000000e+00      +0.0000000e+00      +0.0000000e+00      
1         -7.4851507e+01      +6.1121170e-09      +1.3414546e-03      +1.6631926e-04      
2         -7.4851507e+01      +6.8041430e-09      +1.4933368e-03      +1.8515025e-04      
3         -7.4851507e+01      +7.2887332e-09      +1.5996920e-03      +1.9833663e-04      
4         -7.4851507e+01      +9.8174127e-09      +2.1546730e-03      +2.6714553e-04      
5         -7.4850809e+01      +6.9818897e-04      +1.5323477e+02      +1.8998699e+01      
6         -7.4850809e+01      +7.3982136e-09      +1.6237202e-03      +2.0131574e-04      
7         -7.4850809e+01      +7.5923197e-09      +1.6663215e-03      +2.0659764e-04      
8         -7.4850503e+01      +3.0523771e-04      +6.6991933e+01      +8.3059451e+00      
Total time taken:                   1.8958881 s
===============================================

===============================================
            Relativistic DSRG-MRPT3            
===============================================
... compute_energy_pt3_1:       7.4865735 s
... compute_energy_pt2:       0.0506072 s
... compute_energy_pt3_2:       6.3012187 s
... compute_energy_pt3_3:       1.5838983 s
-----------------------------------------------
        DSRG-MRPT3 reference relaxation        
-----------------------------------------------
Iter                          Energy              Delta E   
   -Eref  -74.8511626       
   -Ecorr -0.0000033       
<Psi^(0)|Hbar^(0)|Psi^(0)>    -74.8511660         -7.48512e+01
   -Erelax0.0000000       
<Psi^(0)|Hbar^(1)|Psi^(0)>    -74.8511660         1.42109e-14
   -Eref  -74.8511626       
   -Ecorr -0.0000033       
<Psi^(1)|Hbar^(1)|Psi^(1)>    -74.8511660         -2.84217e-14
   -Erelax-0.0000000       
<Psi^(1)|Hbar^(2)|Psi^(1)>    -74.8511660         0.00000e+00
Unrelaxed DSRG-MRPT3 energy:               -74.8511660 Eh
Unrelaxed DSRG-MRPT3 E_corr:                -0.0000033 Eh
Partially relaxed DSRG-MRPT3 energy:       -74.8511660 Eh
Partially relaxed DSRG-MRPT3 E_corr:        -0.0000033 Eh
Relaxed DSRG-MRPT3 energy:                 -74.8511660 Eh
Relaxed DSRG-MRPT3 E_corr:                  -0.0000033 Eh
Fully relaxed DSRG-MRPT3 energy:           -74.8511660 Eh
Fully relaxed DSRG-MRPT3 E_corr:            -0.0000033 Eh
State     Energy / Eh         Splitting / Eh      Splitting / cm-1    Splitting / meV     
0         -7.4851510e+01      +0.0000000e+00      +0.0000000e+00      +0.0000000e+00      
1         -7.4851510e+01      +6.1121028e-09      +1.3414515e-03      +1.6631887e-04      
2         -7.4851510e+01      +6.8041430e-09      +1.4933368e-03      +1.8515025e-04      
3         -7.4851510e+01      +7.2887474e-09      +1.5996951e-03      +1.9833701e-04      
4         -7.4851510e+01      +9.8174127e-09      +2.1546730e-03      +2.6714553e-04      
5         -7.4850812e+01      +6.9818904e-04      +1.5323478e+02      +1.8998701e+01      
6         -7.4850812e+01      +7.3982562e-09      +1.6237295e-03      +2.0131690e-04      
7         -7.4850812e+01      +7.5922912e-09      +1.6663153e-03      +2.0659687e-04      
8         -7.4850507e+01      +3.0523775e-04      +6.6991942e+01      +8.3059461e+00      
Time taken:                       37.4825094 s
===============================================
===============================================
              PySCF DHF interface              
===============================================

Timing report
....integral reading:       0.5044127 s

===============================================
            Relativistic CASCI(7,8)            
===============================================
Will now allocate 0.001 MB memory for the CASCI Hamiltonian!
Time taken for 1-RDM build:        0.0003738 s
Time taken for 1-RDM build:        0.0003650 s
Time taken for 1-RDM build:        0.0003650 s
Time taken for 1-RDM build:        0.0003633 s
Time taken for 1-RDM build:        0.0003662 s
Time taken for 1-RDM build:        0.0003664 s
Time taken for 2-RDM build:        0.0011952 s
Time taken for 2-RDM build:        0.0011525 s
Time taken for 2-RDM build:        0.0011399 s
Time taken for 2-RDM build:        0.0011411 s
Time taken for 2-RDM build:        0.0011353 s
Time taken for 2-RDM build:        0.0011404 s
Time taken for 3-RDM build:        0.0173128 s
Time taken for 3-RDM build:        0.0123837 s
Time taken for 3-RDM build:        0.0123844 s
Time taken for 3-RDM build:        0.0123816 s
Time taken for 3-RDM build:        0.0123863 s
Time taken for 3-RDM build:        0.0123603 s
E_frzc:                          -75.5478008 Eh
E_cas:                           -23.9325131 Eh
E_nuc:                             0.0000000 Eh
E_casci:                         -99.4797328 Eh
E0 (from RDM):                   -99.4797328 Eh
Ecorr:                            -0.1043819 Eh

Timing summary
... Hamil build:                    0.0017300 s
... Hamil diag:                     0.0000744 s
... RDM build:                      1.1742997 s
State     Energy / Eh         Splitting / Eh      Splitting / cm-1    Splitting / meV     
0         -9.9480314e+01      +0.0000000e+00      +0.0000000e+00      +0.0000000e+00      
1         -9.9480314e+01      +2.4031038e-08      +5.2742033e-03      +6.5391818e-04      
2         -9.9480314e+01      +6.9549486e-09      +1.5264348e-03      +1.8925388e-04      
3         -9.9480314e+01      +2.1663141e-08      +4.7545098e-03      +5.8948436e-04      
4         -9.9478571e+01      +1.7431739e-03      +3.8258245e+02      +4.7434202e+01      
5         -9.9478571e+01      +1.6993980e-08      +3.7297474e-03      +4.6242996e-04      
Total time taken:                   1.2791719 s
===============================================

===============================================
            Relativistic DSRG-MRPT3            
===============================================
... compute_energy_pt3_1:       7.2739439 s
... compute_energy_pt2:       0.0506670 s
... compute_energy_pt3_2:       6.3687501 s
... compute_energy_pt3_3:       1.6934831 s
-----------------------------------------------
        DSRG-MRPT3 reference relaxation        
-----------------------------------------------
Iter                          Energy              Delta E   
   -Eref  -99.4797328       
   -Ecorr -0.0000054       
<Psi^(0)|Hbar^(0)|Psi^(0)>    -99.4797382         -9.94797e+01
   -Erelax0.0000000       
<Psi^(0)|Hbar^(1)|Psi^(0)>    -99.4797382         2.84217e-14
   -Eref  -99.4797328       
   -Ecorr -0.0000054       
<Psi^(1)|Hbar^(1)|Psi^(1)>    -99.4797382         0.00000e+00
   -Erelax-0.0000000       
<Psi^(1)|Hbar^(2)|Psi^(1)>    -99.4797382         0.00000e+00
Unrelaxed DSRG-MRPT3 energy:               -99.4797382 Eh
Unrelaxed DSRG-MRPT3 E_corr:                -0.0000054 Eh
Partially relaxed DSRG-MRPT3 energy:       -99.4797382 Eh
Partially relaxed DSRG-MRPT3 E_corr:        -0.0000054 Eh
Relaxed DSRG-MRPT3 energy:                 -99.4797382 Eh
Relaxed DSRG-MRPT3 E_corr:                  -0.0000054 Eh
Fully relaxed DSRG-MRPT3 energy:           -99.4797382 Eh
Fully relaxed DSRG-MRPT3 E_corr:            -0.0000054 Eh
State     Energy / Eh         Splitting / Eh      Splitting / cm-1    Splitting / meV     
0         -9.9480319e+01      +0.0000000e+00      +0.0000000e+00      +0.0000000e+00      
1         -9.9480319e+01      +2.4031067e-08      +5.2742095e-03      +6.5391895e-04      
2         -9.9480319e+01      +6.9549344e-09      +1.5264317e-03      +1.8925350e-04      
3         -9.9480319e+01      +2.1663141e-08      +4.7545098e-03      +5.8948436e-04      
4         -9.9478576e+01      +1.7431742e-03      +3.8258251e+02      +4.7434209e+01      
5         -9.9478576e+01      +1.6993994e-08      +3.7297505e-03      +4.6243035e-04      
Time taken:                       36.8619690 s
===============================================
===============================================
              PySCF DHF interface              
===============================================

Timing report
....integral reading:       1.8326862 s

===============================================
            Relativistic CASCI(3,8)            
===============================================
Will now allocate 0.050 MB memory for the CASCI Hamiltonian!
Time taken for 1-RDM build:        0.0056293 s
Time taken for 1-RDM build:        0.0056217 s
Time taken for 1-RDM build:        0.0055971 s
Time taken for 1-RDM build:        0.0055914 s
Time taken for 1-RDM build:        0.0056033 s
Time taken for 1-RDM build:        0.0056386 s
Time taken for 2-RDM build:        0.0229003 s
Time taken for 2-RDM build:        0.0228839 s
Time taken for 2-RDM build:        0.0228426 s
Time taken for 2-RDM build:        0.0228889 s
Time taken for 2-RDM build:        0.0228233 s
Time taken for 2-RDM build:        0.0228572 s
Time taken for 3-RDM build:        0.0648465 s
Time taken for 3-RDM build:        0.0639133 s
Time taken for 3-RDM build:        0.0638020 s
Time taken for 3-RDM build:        0.0637653 s
Time taken for 3-RDM build:        0.0637829 s
Time taken for 3-RDM build:        0.0638468 s
E_frzc:                         -240.4061812 Eh
E_cas:                            -1.8986420 Eh
E_nuc:                             0.0000000 Eh
E_casci:                        -242.3045291 Eh
E0 (from RDM):                  -242.3045291 Eh
Ecorr:                            -0.1899047 Eh

Timing summary
... Hamil build:                    0.0166442 s
... Hamil diag:                     0.0004642 s
... RDM build:                      3.6670594 s
State     Energy / Eh         Splitting / Eh      Splitting / cm-1    Splitting / meV     
0         -2.4230482e+02      +0.0000000e+00      +0.0000000e+00      +0.0000000e+00      
1         -2.4230482e+02      +1.0992665e-09      +2.4126110e-04      +2.9912578e-05      
2         -2.4230438e+02      +4.4107881e-04      +9.6805609e+01      +1.2002372e+01      
3         -2.4230438e+02      +1.0805650e-09      +2.3715660e-04      +2.9403685e-05      
4         -2.4230438e+02      +8.9775654e-10      +1.9703478e-04      +2.4429211e-05      
5         -2.4230438e+02      +3.6629899e-10      +8.0393336e-05      +9.9675080e-06      
Total time taken:                   4.0029719 s
===============================================

===============================================
            Relativistic DSRG-MRPT3            
===============================================
... compute_energy_pt3_1:      27.6573052 s
... compute_energy_pt2:       0.1389503 s
... compute_energy_pt3_2:      23.0501945 s
... compute_energy_pt3_3:       5.7025764 s
-----------------------------------------------
        DSRG-MRPT3 reference relaxation        
-----------------------------------------------
Iter                          Energy              Delta E   
   -Eref  -242.3045291       
   -Ecorr -0.0000430       
<Psi^(0)|Hbar^(0)|Psi^(0)>    -242.3045721        -2.42305e+02
   -Erelax-0.0000000       
<Psi^(0)|Hbar^(1)|Psi^(0)>    -242.3045721        0.00000e+00
   -Eref  -242.3045291       
   -Ecorr -0.0000430       
<Psi^(1)|Hbar^(1)|Psi^(1)>    -242.3045721        -8.52651e-14
   -Erelax0.0000000       
<Psi^(1)|Hbar^(2)|Psi^(1)>    -242.3045721        0.00000e+00
Unrelaxed DSRG-MRPT3 energy:              -242.3045721 Eh
Unrelaxed DSRG-MRPT3 E_corr:                -0.0000430 Eh
Partially relaxed DSRG-MRPT3 energy:      -242.3045721 Eh
Partially relaxed DSRG-MRPT3 E_corr:        -0.0000430 Eh
Relaxed DSRG-MRPT3 energy:                -242.3045721 Eh
Relaxed DSRG-MRPT3 E_corr:                  -0.0000430 Eh
Fully relaxed DSRG-MRPT3 energy:          -242.3045721 Eh
Fully relaxed DSRG-MRPT3 E_corr:            -0.0000430 Eh
State     Energy / Eh         Splitting / Eh      Splitting / cm-1    Splitting / meV     
0         -2.4230487e+02      +0.0000000e+00      +0.0000000e+00      +0.0000000e+00      
1         -2.4230487e+02      +1.0992665e-09      +2.4126110e-04      +2.9912578e-05      
2         -2.4230443e+02      +4.4107913e-04      +9.6805678e+01      +1.2002380e+01      
3         -2.4230443e+02      +1.0805650e-09      +2.3715660e-04      +2.9403685e-05      
4         -2.4230443e+02      +8.9775654e-10      +1.9703478e-04      +2.4429211e-05      
5         -2.4230443e+02      +3.6629899e-10      +8.0393336e-05      +9.9675080e-06      
Time taken:                      140.4943500 s
===============================================
===============================================
              PySCF DHF interface              
===============================================

Timing report
....integral reading:       1.9366653 s

===============================================
            Relativistic CASCI(4,8)            
===============================================
Will now allocate 0.078 MB memory for the CASCI Hamiltonian!
Time taken for 1-RDM build:        0.0091841 s
Time taken for 1-RDM build:        0.0090244 s
Time taken for 1-RDM build:        0.0092545 s
Time taken for 1-RDM build:        0.0087571 s
Time taken for 1-RDM build:        0.0091383 s
Time taken for 1-RDM build:        0.0092397 s
Time taken for 1-RDM build:        0.0088575 s
Time taken for 1-RDM build:        0.0088081 s
Time taken for 1-RDM build:        0.0087934 s
Time taken for 2-RDM build:        0.0347505 s
Time taken for 2-RDM build:        0.0345755 s
Time taken for 2-RDM build:        0.0345795 s
Time taken for 2-RDM build:        0.0346546 s
Time taken for 2-RDM build:        0.0346894 s
Time taken for 2-RDM build:        0.0346971 s
Time taken for 2-RDM build:        0.0346284 s
Time taken for 2-RDM build:        0.0346749 s
Time taken for 2-RDM build:        0.0346937 s
Time taken for 3-RDM build:        0.1521094 s
Time taken for 3-RDM build:        0.1502733 s
Time taken for 3-RDM build:        0.1504054 s
Time taken for 3-RDM build:        0.1503015 s
Time taken for 3-RDM build:        0.1502938 s
Time taken for 3-RDM build:        0.1502383 s
Time taken for 3-RDM build:        0.1503885 s
Time taken for 3-RDM build:        0.1502316 s
Time taken for 3-RDM build:        0.1503539 s
E_frzc:                         -285.7423197 Eh
E_cas:                            -3.6921024 Eh
E_nuc:                             0.0000000 Eh
E_casci:                        -289.4337768 Eh
E0 (from RDM):                  -289.4337768 Eh
Ecorr:                            -0.2329780 Eh

Timing summary
... Hamil build:                    0.0256195 s
... Hamil diag:                     0.0010450 s
... RDM build:                      4.8850942 s
State     Energy / Eh         Splitting / Eh      Splitting / cm-1    Splitting / meV     
0         -2.8943442e+02      +0.0000000e+00      +0.0000000e+00      +0.0000000e+00      
1         -2.8943409e+02      +3.3211201e-04      +7.2890160e+01      +9.0372324e+00      
2         -2.8943409e+02      +8.1735152e-10      +1.7938792e-04      +2.2241278e-05      
3         -2.8943409e+02      +8.9210062e-10      +1.9579345e-04      +2.4275306e-05      
4         -2.8943346e+02      +6.3005266e-04      +1.3828057e+02      +1.7144614e+01      
5         -2.8943346e+02      +2.5920599e-10      +5.6889139e-05      +7.0533576e-06      
6         -2.8943346e+02      +7.8654239e-10      +1.7262610e-04      +2.1402919e-05      
7         -2.8943346e+02      +6.1896799e-10      +1.3584777e-04      +1.6842985e-05      
8         -2.8943346e+02      +4.2439297e-10      +9.3143489e-05      +1.1548326e-05      
Total time taken:                   5.2359509 s
===============================================

===============================================
            Relativistic DSRG-MRPT3            
===============================================
... compute_energy_pt3_1:      27.2851481 s
... compute_energy_pt2:       0.1368241 s
... compute_energy_pt3_2:      22.6216180 s
... compute_energy_pt3_3:       5.6903031 s
-----------------------------------------------
        DSRG-MRPT3 reference relaxation        
-----------------------------------------------
Iter                          Energy              Delta E   
   -Eref  -289.4337768       
   -Ecorr -0.0000575       
<Psi^(0)|Hbar^(0)|Psi^(0)>    -289.4338343        -2.89434e+02
   -Erelax-0.0000000       
<Psi^(0)|Hbar^(1)|Psi^(0)>    -289.4338343        0.00000e+00
   -Eref  -289.4337768       
   -Ecorr -0.0000575       
<Psi^(1)|Hbar^(1)|Psi^(1)>    -289.4338343        0.00000e+00
   -Erelax0.0000000       
<Psi^(1)|Hbar^(2)|Psi^(1)>    -289.4338343        0.00000e+00
Unrelaxed DSRG-MRPT3 energy:              -289.4338343 Eh
Unrelaxed DSRG-MRPT3 E_corr:                -0.0000575 Eh
Partially relaxed DSRG-MRPT3 energy:      -289.4338343 Eh
Partially relaxed DSRG-MRPT3 E_corr:        -0.0000575 Eh
Relaxed DSRG-MRPT3 energy:                -289.4338343 Eh
Relaxed DSRG-MRPT3 E_corr:                  -0.0000575 Eh
Fully relaxed DSRG-MRPT3 energy:          -289.4338343 Eh
Fully relaxed DSRG-MRPT3 E_corr:            -0.0000575 Eh
State     Energy / Eh         Splitting / Eh      Splitting / cm-1    Splitting / meV     
0         -2.8943448e+02      +0.0000000e+00      +0.0000000e+00      +0.0000000e+00      
1         -2.8943415e+02      +3.3211224e-04      +7.2890211e+01      +9.0372387e+00      
2         -2.8943415e+02      +8.1735152e-10      +1.7938792e-04      +2.2241278e-05      
3         -2.8943415e+02      +8.9210062e-10      +1.9579345e-04      +2.4275306e-05      
4         -2.8943352e+02      +6.3005309e-04      +1.3828067e+02      +1.7144626e+01      
5         -2.8943352e+02      +2.5914915e-10      +5.6876663e-05      +7.0518108e-06      
6         -2.8943352e+02      +7.8659923e-10      +1.7263858e-04      +2.1404466e-05      
7         -2.8943352e+02      +6.1891114e-10      +1.3583529e-04      +1.6841438e-05      
8         -2.8943352e+02      +4.2444981e-10      +9.3155965e-05      +1.1549873e-05      
Time taken:                      143.0127842 s
===============================================
===============================================
              PySCF DHF interface              
===============================================

Timing report
....integral reading:       1.9387004 s

===============================================
            Relativistic CASCI(5,8)            
===============================================
Will now allocate 0.050 MB memory for the CASCI Hamiltonian!
Time taken for 1-RDM build:        0.0056670 s
Time taken for 1-RDM build:        0.0056450 s
Time taken for 1-RDM build:        0.0056438 s
Time taken for 1-RDM build:        0.0056589 s
Time taken for 1-RDM build:        0.0056477 s
Time taken for 1-RDM build:        0.0056491 s
Time taken for 1-RDM build:        0.0056462 s
Time taken for 1-RDM build:        0.0056455 s
Time taken for 1-RDM build:        0.0056283 s
Time taken for 1-RDM build:        0.0056462 s
Time taken for 1-RDM build:        0.0056288 s
Time taken for 1-RDM build:        0.0056226 s
Time taken for 1-RDM build:        0.0056555 s
Time taken for 1-RDM build:        0.0056348 s
Time taken for 2-RDM build:        0.0253074 s
Time taken for 2-RDM build:        0.0252440 s
Time taken for 2-RDM build:        0.0252140 s
Time taken for 2-RDM build:        0.0252352 s
Time taken for 2-RDM build:        0.0252440 s
Time taken for 2-RDM build:        0.0252223 s
Time taken for 2-RDM build:        0.0252213 s
Time taken for 2-RDM build:        0.0252490 s
Time taken for 2-RDM build:        0.0252726 s
Time taken for 2-RDM build:        0.0252583 s
Time taken for 2-RDM build:        0.0252838 s
Time taken for 2-RDM build:        0.0252063 s
Time taken for 2-RDM build:        0.0252151 s
Time taken for 2-RDM build:        0.0252223 s
Time taken for 3-RDM build:        0.1498528 s
Time taken for 3-RDM build:        0.1484897 s
Time taken for 3-RDM build:        0.1482089 s
Time taken for 3-RDM build:        0.1482978 s
Time taken for 3-RDM build:        0.1483037 s
Time taken for 3-RDM build:        0.1484087 s
Time taken for 3-RDM build:        0.1483145 s
Time taken for 3-RDM build:        0.1484795 s
Time taken for 3-RDM build:        0.1481748 s
Time taken for 3-RDM build:        0.1483791 s
Time taken for 3-RDM build:        0.1484981 s
Time taken for 3-RDM build:        0.1483421 s
Time taken for 3-RDM build:        0.1483963 s
Time taken for 3-RDM build:        0.1485095 s
E_frzc:                         -335.1272672 Eh
E_cas:                            -6.3636403 Eh
E_nuc:                             0.0000000 Eh
E_casci:                        -341.4410664 Eh
E0 (from RDM):                  -341.4410664 Eh
Ecorr:                            -0.2138107 Eh

Timing summary
... Hamil build:                    0.0209281 s
... Hamil diag:                     0.0005929 s
... RDM build:                      7.0809243 s
State     Energy / Eh         Splitting / Eh      Splitting / cm-1    Splitting / meV     
0         -3.4149091e+02      +0.0000000e+00      +0.0000000e+00      +0.0000000e+00      
1         -3.4149091e+02      +3.2849812e-10      +7.2097003e-05      +8.9388933e-06      
2         -3.4149091e+02      +3.2838443e-10      +7.2072051e-05      +8.9357998e-06      
3         -3.4149091e+02      +3.2798653e-10      +7.1984722e-05      +8.9249722e-06      
4         -3.4142117e+02      +6.9735531e-02      +1.5305180e+04      +1.8976014e+03      
5         -3.4142117e+02      +1.5667183e-09      +3.4385492e-04      +4.2632597e-05      
6         -3.4142117e+02      +1.3034196e-09      +2.8606753e-04      +3.5467871e-05      
7         -3.4142117e+02      +1.7383286e-09      +3.8151902e-04      +4.7302353e-05      
8         -3.4142110e+02      +6.9890622e-05      +1.5339218e+01      +1.9018216e+00      
9         -3.4142110e+02      +9.2740038e-10      +2.0354085e-04      +2.5235862e-05      
10        -3.4142110e+02      +9.6150643e-10      +2.1102627e-04      +2.6163935e-05      
11        -3.4142110e+02      +7.5050366e-10      +1.6471651e-04      +2.0422255e-05      
12        -3.4142110e+02      +9.6383701e-10      +2.1153777e-04      +2.6227353e-05      
13        -3.4142110e+02      +1.9558115e-09      +4.2925101e-04      +5.3220367e-05      
Total time taken:                   7.4001560 s
===============================================

===============================================
            Relativistic DSRG-MRPT3            
===============================================
... compute_energy_pt3_1:      27.6306114 s
... compute_energy_pt2:       0.1347892 s
... compute_energy_pt3_2:      22.9222519 s
... compute_energy_pt3_3:       5.7730174 s
-----------------------------------------------
        DSRG-MRPT3 reference relaxation        
-----------------------------------------------
Iter                          Energy              Delta E   
   -Eref  -341.4410664       
   -Ecorr -0.0000747       
<Psi^(0)|Hbar^(0)|Psi^(0)>    -341.4411411        -3.41441e+02
   -Erelax0.0000000       
<Psi^(0)|Hbar^(1)|Psi^(0)>    -341.4411411        0.00000e+00
   -Eref  -341.4410664       
   -Ecorr -0.0000747       
<Psi^(1)|Hbar^(1)|Psi^(1)>    -341.4411411        -5.68434e-14
   -Erelax0.0000000       
<Psi^(1)|Hbar^(2)|Psi^(1)>    -341.4411411        0.00000e+00
Unrelaxed DSRG-MRPT3 energy:              -341.4411411 Eh
Unrelaxed DSRG-MRPT3 E_corr:                -0.0000747 Eh
Partially relaxed DSRG-MRPT3 energy:      -341.4411411 Eh
Partially relaxed DSRG-MRPT3 E_corr:        -0.0000747 Eh
Relaxed DSRG-MRPT3 energy:                -341.4411411 Eh
Relaxed DSRG-MRPT3 E_corr:                  -0.0000747 Eh
Fully relaxed DSRG-MRPT3 energy:          -341.4411411 Eh
Fully relaxed DSRG-MRPT3 E_corr:            -0.0000747 Eh
State     Energy / Eh         Splitting / Eh      Splitting / cm-1    Splitting / meV     
0         -3.4149098e+02      +0.0000000e+00      +0.0000000e+00      +0.0000000e+00      
1         -3.4149098e+02      +3.2849812e-10      +7.2097003e-05      +8.9388933e-06      
2         -3.4149098e+02      +3.2838443e-10      +7.2072051e-05      +8.9357998e-06      
3         -3.4149098e+02      +3.2798653e-10      +7.1984722e-05      +8.9249722e-06      
4         -3.4142125e+02      +6.9735531e-02      +1.5305180e+04      +1.8976014e+03      
5         -3.4142125e+02      +1.5667752e-09      +3.4386740e-04      +4.2634144e-05      
6         -3.4142125e+02      +1.3034196e-09      +2.8606753e-04      +3.5467871e-05      
7         -3.4142125e+02      +1.7382717e-09      +3.8150655e-04      +4.7300806e-05      
8         -3.4142118e+02      +6.9890673e-05      +1.5339230e+01      +1.9018230e+00      
9         -3.4142118e+02      +9.2740038e-10      +2.0354085e-04      +2.5235862e-05      
10        -3.4142118e+02      +9.6150643e-10      +2.1102627e-04      +2.6163935e-05      
11        -3.4142118e+02      +7.5050366e-10      +1.6471651e-04      +2.0422255e-05      
12        -3.4142118e+02      +9.6383701e-10      +2.1153777e-04      +2.6227353e-05      
13        -3.4142118e+02      +1.9558115e-09      +4.2925101e-04      +5.3220367e-05      
Time taken:                      142.4576221 s
===============================================
===============================================
              PySCF DHF interface              
===============================================

Timing report
....integral reading:       1.9402821 s

===============================================
            Relativistic CASCI(6,8)            
===============================================
Will now allocate 0.013 MB memory for the CASCI Hamiltonian!
Time taken for 1-RDM build:        0.0021951 s
Time taken for 1-RDM build:        0.0021887 s
Time taken for 1-RDM build:        0.0021763 s
Time taken for 1-RDM build:        0.0021706 s
Time taken for 1-RDM build:        0.0021706 s
Time taken for 1-RDM build:        0.0021908 s
Time taken for 1-RDM build:        0.0021768 s
Time taken for 1-RDM build:        0.0021825 s
Time taken for 1-RDM build:        0.0021706 s
Time taken for 2-RDM build:        0.0095234 s
Time taken for 2-RDM build:        0.0106914 s
Time taken for 2-RDM build:        0.0106122 s
Time taken for 2-RDM build:        0.0103486 s
Time taken for 2-RDM build:        0.0100915 s
Time taken for 2-RDM build:        0.0086045 s
Time taken for 2-RDM build:        0.0085886 s
Time taken for 2-RDM build:        0.0085521 s
Time taken for 2-RDM build:        0.0085676 s
Time taken for 3-RDM build:        0.0679750 s
Time taken for 3-RDM build:        0.0663202 s
Time taken for 3-RDM build:        0.0663264 s
Time taken for 3-RDM build:        0.0682364 s
Time taken for 3-RDM build:        0.0665057 s
Time taken for 3-RDM build:        0.0666499 s
Time taken for 3-RDM build:        0.0665834 s
Time taken for 3-RDM build:        0.0665925 s
Time taken for 3-RDM build:        0.0665553 s
E_frzc:                         -388.5675376 Eh
E_cas:                            -9.9659359 Eh
E_nuc:                             0.0000000 Eh
E_casci:                        -398.5325748 Eh
E0 (from RDM):                  -398.5325748 Eh
Ecorr:                            -0.1603097 Eh

Timing summary
... Hamil build:                    0.0086012 s
... Hamil diag:                     0.0002599 s
... RDM build:                      3.7900262 s
State     Energy / Eh         Splitting / Eh      Splitting / cm-1    Splitting / meV     
0         -3.9853347e+02      +0.0000000e+00      +0.0000000e+00      +0.0000000e+00      
1         -3.9853347e+02      +5.6296585e-09      +1.2355672e-03      +1.5319088e-04      
2         -3.9853347e+02      +5.9783360e-09      +1.3120931e-03      +1.6267889e-04      
3         -3.9853347e+02      +5.6479053e-09      +1.2395719e-03      +1.5368740e-04      
4         -3.9853347e+02      +5.6580234e-09      +1.2417926e-03      +1.5396273e-04      
5         -3.9853166e+02      +1.8163270e-03      +3.9863770e+02      +4.9424800e+01      
6         -3.9853166e+02      +3.5533390e-09      +7.7986775e-04      +9.6691324e-05      
7         -3.9853166e+02      +3.5755079e-09      +7.8473327e-04      +9.7294572e-05      
8         -3.9853083e+02      +8.2294816e-04      +1.8061624e+02      +2.2393571e+01      
Total time taken:                   4.1152990 s
===============================================

===============================================
            Relativistic DSRG-MRPT3            
===============================================
... compute_energy_pt3_1:      26.4892006 s
... compute_energy_pt2:       0.1320167 s
... compute_energy_pt3_2:      22.2314119 s
... compute_energy_pt3_3:       5.6289086 s
-----------------------------------------------
        DSRG-MRPT3 reference relaxation        
-----------------------------------------------
Iter                          Energy              Delta E   
   -Eref  -398.5325748       
   -Ecorr -0.0000977       
<Psi^(0)|Hbar^(0)|Psi^(0)>    -398.5326725        -3.98533e+02
   -Erelax-0.0000000       
<Psi^(0)|Hbar^(1)|Psi^(0)>    -398.5326725        0.00000e+00
   -Eref  -398.5325748       
   -Ecorr -0.0000977       
<Psi^(1)|Hbar^(1)|Psi^(1)>    -398.5326725        -5.68434e-14
   -Erelax0.0000000       
<Psi^(1)|Hbar^(2)|Psi^(1)>    -398.5326725        0.00000e+00
Unrelaxed DSRG-MRPT3 energy:              -398.5326725 Eh
Unrelaxed DSRG-MRPT3 E_corr:                -0.0000977 Eh
Partially relaxed DSRG-MRPT3 energy:      -398.5326725 Eh
Partially relaxed DSRG-MRPT3 E_corr:        -0.0000977 Eh
Relaxed DSRG-MRPT3 energy:                -398.5326725 Eh
Relaxed DSRG-MRPT3 E_corr:                  -0.0000977 Eh
Fully relaxed DSRG-MRPT3 energy:          -398.5326725 Eh
Fully relaxed DSRG-MRPT3 E_corr:            -0.0000977 Eh
State     Energy / Eh         Splitting / Eh      Splitting / cm-1    Splitting / meV     
0         -3.9853357e+02      +0.0000000e+00      +0.0000000e+00      +0.0000000e+00      
1         -3.9853357e+02      +5.6296585e-09      +1.2355672e-03      +1.5319088e-04      
2         -3.9853357e+02      +5.9783360e-09      +1.3120931e-03      +1.6267889e-04      
3         -3.9853357e+02      +5.6479053e-09      +1.2395719e-03      +1.5368740e-04      
4         -3.9853357e+02      +5.6580234e-09      +1.2417926e-03      +1.5396273e-04      
5         -3.9853175e+02      +1.8163286e-03      +3.9863804e+02      +4.9424841e+01      
6         -3.9853175e+02      +3.5532821e-09      +7.7985528e-04      +9.6689777e-05      
7         -3.9853175e+02      +3.5755647e-09      +7.8474575e-04      +9.7296119e-05      
8         -3.9853093e+02      +8.2294880e-04      +1.8061638e+02      +2.2393588e+01      
Time taken:                      137.6664290 s
===============================================
===============================================
              PySCF DHF interface              
===============================================

Timing report
....integral reading:       1.9292762 s

===============================================
            Relativistic CASCI(7,8)            
===============================================
Will now allocate 0.001 MB memory for the CASCI Hamiltonian!
Time taken for 1-RDM build:        0.0003779 s
Time taken for 1-RDM build:        0.0003619 s
Time taken for 1-RDM build:        0.0003591 s
Time taken for 1-RDM build:        0.0003619 s
Time taken for 1-RDM build:        0.0003624 s
Time taken for 1-RDM build:        0.0003607 s
Time taken for 2-RDM build:        0.0010359 s
Time taken for 2-RDM build:        0.0009937 s
Time taken for 2-RDM build:        0.0009925 s
Time taken for 2-RDM build:        0.0009930 s
Time taken for 2-RDM build:        0.0009937 s
Time taken for 2-RDM build:        0.0009935 s
Time taken for 3-RDM build:        0.0140088 s
Time taken for 3-RDM build:        0.0123858 s
Time taken for 3-RDM build:        0.0123885 s
Time taken for 3-RDM build:        0.0123630 s
Time taken for 3-RDM build:        0.0123894 s
Time taken for 3-RDM build:        0.0124028 s
E_frzc:                         -446.0682972 Eh
E_cas:                           -14.7582517 Eh
E_nuc:                             0.0000000 Eh
E_casci:                        -460.8252020 Eh
E0 (from RDM):                  -460.8252020 Eh
Ecorr:                             0.0013470 Eh

Timing summary
... Hamil build:                    0.0017936 s
... Hamil diag:                     0.0000911 s
... RDM build:                      3.1668098 s
State     Energy / Eh         Splitting / Eh      Splitting / cm-1    Splitting / meV     
0         -4.6082655e+02      +0.0000000e+00      +0.0000000e+00      +0.0000000e+00      
1         -4.6082655e+02      +1.2022326e-08      +2.6385956e-03      +3.2714432e-04      
2         -4.6082655e+02      +5.7600573e-09      +1.2641864e-03      +1.5673922e-04      
3         -4.6082655e+02      +1.1622035e-08      +2.5507418e-03      +3.1625183e-04      
4         -4.6082251e+02      +4.0408198e-03      +8.8685742e+02      +1.0995636e+02      
5         -4.6082251e+02      +2.0031848e-08      +4.3964825e-03      +5.4509461e-04      
Total time taken:                   3.4861159 s
===============================================

===============================================
            Relativistic DSRG-MRPT3            
===============================================
... compute_energy_pt3_1:      26.6197765 s
... compute_energy_pt2:       0.1322138 s
... compute_energy_pt3_2:      22.2539957 s
... compute_energy_pt3_3:       5.6393695 s
-----------------------------------------------
        DSRG-MRPT3 reference relaxation        
-----------------------------------------------
Iter                          Energy              Delta E   
   -Eref  -460.8252020       
   -Ecorr -0.0001265       
<Psi^(0)|Hbar^(0)|Psi^(0)>    -460.8253284        -4.60825e+02
   -Erelax0.0000000       
<Psi^(0)|Hbar^(1)|Psi^(0)>    -460.8253284        0.00000e+00
   -Eref  -460.8252020       
   -Ecorr -0.0001265       
<Psi^(1)|Hbar^(1)|Psi^(1)>    -460.8253284        -2.84217e-13
   -Erelax-0.0000000       
<Psi^(1)|Hbar^(2)|Psi^(1)>    -460.8253284        0.00000e+00
Unrelaxed DSRG-MRPT3 energy:              -460.8253284 Eh
Unrelaxed DSRG-MRPT3 E_corr:                -0.0001265 Eh
Partially relaxed DSRG-MRPT3 energy:      -460.8253284 Eh
Partially relaxed DSRG-MRPT3 E_corr:        -0.0001265 Eh
Relaxed DSRG-MRPT3 energy:                -460.8253284 Eh
Relaxed DSRG-MRPT3 E_corr:                  -0.0001265 Eh
Fully relaxed DSRG-MRPT3 energy:          -460.8253284 Eh
Fully relaxed DSRG-MRPT3 E_corr:            -0.0001265 Eh
State     Energy / Eh         Splitting / Eh      Splitting / cm-1    Splitting / meV     
0         -4.6082668e+02      +0.0000000e+00      +0.0000000e+00      +0.0000000e+00      
1         -4.6082668e+02      +1.2022326e-08      +2.6385956e-03      +3.2714432e-04      
2         -4.6082668e+02      +5.7600573e-09      +1.2641864e-03      +1.5673922e-04      
3         -4.6082668e+02      +1.1622035e-08      +2.5507418e-03      +3.1625183e-04      
4         -4.6082263e+02      +4.0408236e-03      +8.8685827e+02      +1.0995646e+02      
5         -4.6082263e+02      +2.0031848e-08      +4.3964825e-03      +5.4509461e-04      
Time taken:                      137.8195179 s
===============================================
===============================================
              PySCF DHF interface              
===============================================

Timing report
....integral reading:      24.2654974 s

===============================================
            Relativistic CASCI(3,8)            
===============================================
Will now allocate 0.050 MB memory for the CASCI Hamiltonian!
Time taken for 1-RDM build:        0.0056670 s
Time taken for 1-RDM build:        0.0056584 s
Time taken for 1-RDM build:        0.0056722 s
Time taken for 1-RDM build:        0.0056450 s
Time taken for 1-RDM build:        0.0056541 s
Time taken for 1-RDM build:        0.0056534 s
Time taken for 2-RDM build:        0.0230701 s
Time taken for 2-RDM build:        0.0229516 s
Time taken for 2-RDM build:        0.0229933 s
Time taken for 2-RDM build:        0.0229981 s
Time taken for 2-RDM build:        0.0229895 s
Time taken for 2-RDM build:        0.0229783 s
Time taken for 3-RDM build:        0.0653226 s
Time taken for 3-RDM build:        0.0642464 s
Time taken for 3-RDM build:        0.0641429 s
Time taken for 3-RDM build:        0.0642052 s
Time taken for 3-RDM build:        0.0641630 s
Time taken for 3-RDM build:        0.0641911 s
E_frzc:                        -1939.7138290 Eh
E_cas:                            -2.0100161 Eh
E_nuc:                             0.0000000 Eh
E_casci:                       -1941.7217616 Eh
E0 (from RDM):                 -1941.7217616 Eh
Ecorr:                            -0.1944870 Eh

Timing summary
... Hamil build:                    0.0166593 s
... Hamil diag:                     0.0005407 s
... RDM build:                     42.0568864 s
State     Energy / Eh         Splitting / Eh      Splitting / cm-1    Splitting / meV     
0         -1.9417238e+03      +0.0000000e+00      +0.0000000e+00      +0.0000000e+00      
1         -1.9417238e+03      +1.0702479e-09      +2.3489226e-04      +2.9122942e-05      
2         -1.9417207e+03      +3.1252750e-03      +6.8591858e+02      +8.5043106e+01      
3         -1.9417207e+03      +1.1004886e-09      +2.4152933e-04      +2.9945834e-05      
4         -1.9417207e+03      +9.5178621e-10      +2.0889293e-04      +2.5899434e-05      
5         -1.9417207e+03      +6.4619599e-10      +1.4182362e-04      +1.7583897e-05      
Total time taken:                  45.7327976 s
===============================================

===============================================
            Relativistic DSRG-MRPT3            
===============================================
... compute_energy_pt3_1:     375.7119920 s
... compute_energy_pt2:       1.1603870 s
... compute_energy_pt3_2:     309.7291710 s
... compute_energy_pt3_3:      90.4912426 s
-----------------------------------------------
        DSRG-MRPT3 reference relaxation        
-----------------------------------------------
Iter                          Energy              Delta E   
   -Eref  -1941.7217616       
   -Ecorr -0.0018585       
<Psi^(0)|Hbar^(0)|Psi^(0)>    -1941.7236201       -1.94172e+03
   -Erelax-0.0000000       
<Psi^(0)|Hbar^(1)|Psi^(0)>    -1941.7236201       -2.27374e-13
   -Eref  -1941.7217616       
   -Ecorr -0.0018585       
<Psi^(1)|Hbar^(1)|Psi^(1)>    -1941.7236201       6.82121e-13
   -Erelax-0.0000000       
<Psi^(1)|Hbar^(2)|Psi^(1)>    -1941.7236201       0.00000e+00
Unrelaxed DSRG-MRPT3 energy:             -1941.7236201 Eh
Unrelaxed DSRG-MRPT3 E_corr:                -0.0018585 Eh
Partially relaxed DSRG-MRPT3 energy:     -1941.7236201 Eh
Partially relaxed DSRG-MRPT3 E_corr:        -0.0018585 Eh
Relaxed DSRG-MRPT3 energy:               -1941.7236201 Eh
Relaxed DSRG-MRPT3 E_corr:                  -0.0018585 Eh
Fully relaxed DSRG-MRPT3 energy:         -1941.7236201 Eh
Fully relaxed DSRG-MRPT3 E_corr:            -0.0018585 Eh
State     Energy / Eh         Splitting / Eh      Splitting / cm-1    Splitting / meV     
0         -1.9417257e+03      +0.0000000e+00      +0.0000000e+00      +0.0000000e+00      
1         -1.9417257e+03      +1.0702479e-09      +2.3489226e-04      +2.9122942e-05      
2         -1.9417226e+03      +3.1252989e-03      +6.8592383e+02      +8.5043756e+01      
3         -1.9417226e+03      +1.1004886e-09      +2.4152933e-04      +2.9945834e-05      
4         -1.9417226e+03      +9.5178621e-10      +2.0889293e-04      +2.5899434e-05      
5         -1.9417226e+03      +6.4619599e-10      +1.4182362e-04      +1.7583897e-05      
Time taken:                     1921.4993174 s
===============================================
===============================================
              PySCF DHF interface              
===============================================

Timing report
....integral reading:      24.2036788 s

===============================================
            Relativistic CASCI(4,8)            
===============================================
Will now allocate 0.078 MB memory for the CASCI Hamiltonian!
Time taken for 1-RDM build:        0.0088665 s
Time taken for 1-RDM build:        0.0087693 s
Time taken for 1-RDM build:        0.0087719 s
Time taken for 1-RDM build:        0.0087543 s
Time taken for 1-RDM build:        0.0087421 s
Time taken for 1-RDM build:        0.0087502 s
Time taken for 1-RDM build:        0.0087392 s
Time taken for 1-RDM build:        0.0087905 s
Time taken for 1-RDM build:        0.0088077 s
Time taken for 2-RDM build:        0.0346704 s
Time taken for 2-RDM build:        0.0347116 s
Time taken for 2-RDM build:        0.0346906 s
Time taken for 2-RDM build:        0.0347290 s
Time taken for 2-RDM build:        0.0346367 s
Time taken for 2-RDM build:        0.0346878 s
Time taken for 2-RDM build:        0.0347285 s
Time taken for 2-RDM build:        0.0347047 s
Time taken for 2-RDM build:        0.0346479 s
Time taken for 3-RDM build:        0.1528664 s
Time taken for 3-RDM build:        0.1512938 s
Time taken for 3-RDM build:        0.1512172 s
Time taken for 3-RDM build:        0.1513739 s
Time taken for 3-RDM build:        0.1513224 s
Time taken for 3-RDM build:        0.1512556 s
Time taken for 3-RDM build:        0.1512189 s
Time taken for 3-RDM build:        0.1512058 s
Time taken for 3-RDM build:        0.1512957 s
E_frzc:                        -2092.8592106 Eh
E_cas:                            -3.6862998 Eh
E_nuc:                             0.0000000 Eh
E_casci:                       -2096.5413860 Eh
E0 (from RDM):                 -2096.5413860 Eh
Ecorr:                            -0.2153364 Eh

Timing summary
... Hamil build:                    0.0260620 s
... Hamil diag:                     0.0011299 s
... RDM build:                     44.1802690 s
State     Energy / Eh         Splitting / Eh      Splitting / cm-1    Splitting / meV     
0         -2.0965455e+03      +0.0000000e+00      +0.0000000e+00      +0.0000000e+00      
1         -2.0965432e+03      +2.3344184e-03      +5.1234561e+02      +6.3522789e+01      
2         -2.0965432e+03      +6.4164851e-10      +1.4082557e-04      +1.7460154e-05      
3         -2.0965432e+03      +5.3205440e-10      +1.1677244e-04      +1.4477945e-05      
4         -2.0965395e+03      +3.6890520e-03      +8.0965333e+02      +1.0038427e+02      
5         -2.0965395e+03      +9.3723429e-10      +2.0569915e-04      +2.5503456e-05      
6         -2.0965395e+03      +1.0586518e-09      +2.3234722e-04      +2.8807397e-05      
7         -2.0965395e+03      +1.1709744e-09      +2.5699918e-04      +3.1863852e-05      
8         -2.0965395e+03      +1.0372787e-09      +2.2765636e-04      +2.8225805e-05      
Total time taken:                  47.8610179 s
===============================================

===============================================
            Relativistic DSRG-MRPT3            
===============================================
... compute_energy_pt3_1:     421.2132773 s
... compute_energy_pt2:       1.1550953 s
... compute_energy_pt3_2:     307.2954102 s
... compute_energy_pt3_3:      89.6049023 s
-----------------------------------------------
        DSRG-MRPT3 reference relaxation        
-----------------------------------------------
Iter                          Energy              Delta E   
   -Eref  -2096.5413860       
   -Ecorr -0.0021022       
<Psi^(0)|Hbar^(0)|Psi^(0)>    -2096.5434882       -2.09654e+03
   -Erelax-0.0000000       
<Psi^(0)|Hbar^(1)|Psi^(0)>    -2096.5434882       0.00000e+00
   -Eref  -2096.5413860       
   -Ecorr -0.0021022       
<Psi^(1)|Hbar^(1)|Psi^(1)>    -2096.5434882       4.54747e-13
   -Erelax-0.0000000       
<Psi^(1)|Hbar^(2)|Psi^(1)>    -2096.5434882       0.00000e+00
Unrelaxed DSRG-MRPT3 energy:             -2096.5434882 Eh
Unrelaxed DSRG-MRPT3 E_corr:                -0.0021022 Eh
Partially relaxed DSRG-MRPT3 energy:     -2096.5434882 Eh
Partially relaxed DSRG-MRPT3 E_corr:        -0.0021022 Eh
Relaxed DSRG-MRPT3 energy:               -2096.5434882 Eh
Relaxed DSRG-MRPT3 E_corr:                  -0.0021022 Eh
Fully relaxed DSRG-MRPT3 energy:         -2096.5434882 Eh
Fully relaxed DSRG-MRPT3 E_corr:            -0.0021022 Eh
State     Energy / Eh         Splitting / Eh      Splitting / cm-1    Splitting / meV     
0         -2.0965476e+03      +0.0000000e+00      +0.0000000e+00      +0.0000000e+00      
1         -2.0965453e+03      +2.3344354e-03      +5.1234934e+02      +6.3523253e+01      
2         -2.0965453e+03      +6.4164851e-10      +1.4082557e-04      +1.7460154e-05      
3         -2.0965453e+03      +5.3159965e-10      +1.1667264e-04      +1.4465570e-05      
4         -2.0965416e+03      +3.6890747e-03      +8.0965830e+02      +1.0038488e+02      
5         -2.0965416e+03      +9.3677954e-10      +2.0559934e-04      +2.5491082e-05      
6         -2.0965416e+03      +1.0586518e-09      +2.3234722e-04      +2.8807397e-05      
7         -2.0965416e+03      +1.1709744e-09      +2.5699918e-04      +3.1863852e-05      
8         -2.0965416e+03      +1.0372787e-09      +2.2765636e-04      +2.8225805e-05      
Time taken:                     1962.6466856 s
===============================================
===============================================
              PySCF DHF interface              
===============================================

Timing report
....integral reading:      23.7833669 s

===============================================
            Relativistic CASCI(5,8)            
===============================================
Will now allocate 0.050 MB memory for the CASCI Hamiltonian!
Time taken for 1-RDM build:        0.0060511 s
Time taken for 1-RDM build:        0.0060153 s
Time taken for 1-RDM build:        0.0057206 s
Time taken for 1-RDM build:        0.0057085 s
Time taken for 1-RDM build:        0.0056896 s
Time taken for 1-RDM build:        0.0056541 s
Time taken for 1-RDM build:        0.0056932 s
Time taken for 1-RDM build:        0.0056953 s
Time taken for 1-RDM build:        0.0057003 s
Time taken for 1-RDM build:        0.0056863 s
Time taken for 1-RDM build:        0.0056808 s
Time taken for 1-RDM build:        0.0056789 s
Time taken for 1-RDM build:        0.0056758 s
Time taken for 1-RDM build:        0.0056775 s
Time taken for 2-RDM build:        0.0254951 s
Time taken for 2-RDM build:        0.0254655 s
Time taken for 2-RDM build:        0.0254343 s
Time taken for 2-RDM build:        0.0254567 s
Time taken for 2-RDM build:        0.0253880 s
Time taken for 2-RDM build:        0.0253711 s
Time taken for 2-RDM build:        0.0254281 s
Time taken for 2-RDM build:        0.0254154 s
Time taken for 2-RDM build:        0.0254326 s
Time taken for 2-RDM build:        0.0254402 s
Time taken for 2-RDM build:        0.0254641 s
Time taken for 2-RDM build:        0.0254569 s
Time taken for 2-RDM build:        0.0254314 s
Time taken for 2-RDM build:        0.0254157 s
Time taken for 3-RDM build:        0.1500146 s
Time taken for 3-RDM build:        0.1486540 s
Time taken for 3-RDM build:        0.1488175 s
Time taken for 3-RDM build:        0.1485307 s
Time taken for 3-RDM build:        0.1484203 s
Time taken for 3-RDM build:        0.1486247 s
Time taken for 3-RDM build:        0.1484735 s
Time taken for 3-RDM build:        0.1485584 s
Time taken for 3-RDM build:        0.1485467 s
Time taken for 3-RDM build:        0.1487315 s
Time taken for 3-RDM build:        0.1486046 s
Time taken for 3-RDM build:        0.1485004 s
Time taken for 3-RDM build:        0.1486235 s
Time taken for 3-RDM build:        0.1484671 s
E_frzc:                        -2252.3726240 Eh
E_cas:                            -6.0718308 Eh
E_nuc:                             0.0000000 Eh
E_casci:                       -2258.3972569 Eh
E0 (from RDM):                 -2258.3972569 Eh
Ecorr:                            -0.0178409 Eh

Timing summary
... Hamil build:                    0.0208578 s
... Hamil diag:                     0.0006158 s
... RDM build:                     44.5300446 s
State     Energy / Eh         Splitting / Eh      Splitting / cm-1    Splitting / meV     
0         -2.2584445e+03      +0.0000000e+00      +0.0000000e+00      +0.0000000e+00      
1         -2.2584445e+03      +5.2432370e-10      +1.1507575e-04      +1.4267581e-05      
2         -2.2584445e+03      +5.2705218e-10      +1.1567458e-04      +1.4341827e-05      
3         -2.2584445e+03      +5.1386451e-10      +1.1278022e-04      +1.3982972e-05      
4         -2.2583793e+03      +6.5107933e-02      +1.4289540e+04      +1.7716780e+03      
5         -2.2583793e+03      +9.2859409e-10      +2.0380284e-04      +2.5268344e-05      
6         -2.2583793e+03      +1.1159500e-09      +2.4492271e-04      +3.0366561e-05      
7         -2.2583793e+03      +5.1250026e-10      +1.1248081e-04      +1.3945849e-05      
8         -2.2583777e+03      +1.6153755e-03      +3.5453394e+02      +4.3956628e+01      
9         -2.2583777e+03      +7.5033313e-10      +1.6467909e-04      +2.0417614e-05      
10        -2.2583777e+03      +4.8839865e-10      +1.0719111e-04      +1.3290011e-05      
11        -2.2583777e+03      +1.4611032e-09      +3.2067509e-04      +3.9758663e-05      
12        -2.2583777e+03      +1.6329977e-09      +3.5840157e-04      +4.4436153e-05      
13        -2.2583777e+03      +6.3982952e-10      +1.4042635e-04      +1.7410656e-05      
Total time taken:                  48.2012744 s
===============================================

===============================================
            Relativistic DSRG-MRPT3            
===============================================
... compute_energy_pt3_1:     373.3466783 s
... compute_energy_pt2:       1.1507349 s
... compute_energy_pt3_2:     308.8328452 s
... compute_energy_pt3_3:      90.3526449 s
-----------------------------------------------
        DSRG-MRPT3 reference relaxation        
-----------------------------------------------
Iter                          Energy              Delta E   
   -Eref  -2258.3972569       
   -Ecorr -0.0023772       
<Psi^(0)|Hbar^(0)|Psi^(0)>    -2258.3996340       -2.25840e+03
   -Erelax-0.0000000       
<Psi^(0)|Hbar^(1)|Psi^(0)>    -2258.3996340       0.00000e+00
   -Eref  -2258.3972569       
   -Ecorr -0.0023772       
<Psi^(1)|Hbar^(1)|Psi^(1)>    -2258.3996340       0.00000e+00
   -Erelax0.0000000       
<Psi^(1)|Hbar^(2)|Psi^(1)>    -2258.3996340       0.00000e+00
Unrelaxed DSRG-MRPT3 energy:             -2258.3996340 Eh
Unrelaxed DSRG-MRPT3 E_corr:                -0.0023772 Eh
Partially relaxed DSRG-MRPT3 energy:     -2258.3996340 Eh
Partially relaxed DSRG-MRPT3 E_corr:        -0.0023772 Eh
Relaxed DSRG-MRPT3 energy:               -2258.3996340 Eh
Relaxed DSRG-MRPT3 E_corr:                  -0.0023772 Eh
Fully relaxed DSRG-MRPT3 energy:         -2258.3996340 Eh
Fully relaxed DSRG-MRPT3 E_corr:            -0.0023772 Eh
State     Energy / Eh         Splitting / Eh      Splitting / cm-1    Splitting / meV     
0         -2.2584468e+03      +0.0000000e+00      +0.0000000e+00      +0.0000000e+00      
1         -2.2584468e+03      +5.2432370e-10      +1.1507575e-04      +1.4267581e-05      
2         -2.2584468e+03      +5.2705218e-10      +1.1567458e-04      +1.4341827e-05      
3         -2.2584468e+03      +5.1386451e-10      +1.1278022e-04      +1.3982972e-05      
4         -2.2583817e+03      +6.5107922e-02      +1.4289537e+04      +1.7716776e+03      
5         -2.2583817e+03      +9.2859409e-10      +2.0380284e-04      +2.5268344e-05      
6         -2.2583817e+03      +1.1159500e-09      +2.4492271e-04      +3.0366561e-05      
7         -2.2583817e+03      +5.1250026e-10      +1.1248081e-04      +1.3945849e-05      
8         -2.2583801e+03      +1.6153915e-03      +3.5453745e+02      +4.3957062e+01      
9         -2.2583801e+03      +7.5033313e-10      +1.6467909e-04      +2.0417614e-05      
10        -2.2583801e+03      +4.8839865e-10      +1.0719111e-04      +1.3290011e-05      
11        -2.2583801e+03      +1.4611032e-09      +3.2067509e-04      +3.9758663e-05      
12        -2.2583801e+03      +1.6329977e-09      +3.5840157e-04      +4.4436153e-05      
13        -2.2583801e+03      +6.3982952e-10      +1.4042635e-04      +1.7410656e-05      
Time taken:                     1910.3089635 s
===============================================
===============================================
              PySCF DHF interface              
===============================================

Timing report
....integral reading:      24.2777245 s

===============================================
            Relativistic CASCI(6,8)            
===============================================
Will now allocate 0.013 MB memory for the CASCI Hamiltonian!
Time taken for 1-RDM build:        0.0022280 s
Time taken for 1-RDM build:        0.0022042 s
Time taken for 1-RDM build:        0.0022154 s
Time taken for 1-RDM build:        0.0022035 s
Time taken for 1-RDM build:        0.0022106 s
Time taken for 1-RDM build:        0.0021913 s
Time taken for 1-RDM build:        0.0021932 s
Time taken for 1-RDM build:        0.0021956 s
Time taken for 1-RDM build:        0.0022011 s
Time taken for 2-RDM build:        0.0086436 s
Time taken for 2-RDM build:        0.0085731 s
Time taken for 2-RDM build:        0.0085776 s
Time taken for 2-RDM build:        0.0085778 s
Time taken for 2-RDM build:        0.0085931 s
Time taken for 2-RDM build:        0.0085618 s
Time taken for 2-RDM build:        0.0085967 s
Time taken for 2-RDM build:        0.0086634 s
Time taken for 2-RDM build:        0.0086074 s
Time taken for 3-RDM build:        0.0683069 s
Time taken for 3-RDM build:        0.0663919 s
Time taken for 3-RDM build:        0.0664716 s
Time taken for 3-RDM build:        0.0663767 s
Time taken for 3-RDM build:        0.0665395 s
Time taken for 3-RDM build:        0.0666308 s
Time taken for 3-RDM build:        0.0665247 s
Time taken for 3-RDM build:        0.0665979 s
Time taken for 3-RDM build:        0.0663826 s
E_frzc:                        -2418.2608262 Eh
E_cas:                            -9.1774708 Eh
E_nuc:                             0.0000000 Eh
E_casci:                       -2427.4340589 Eh
E0 (from RDM):                 -2427.4340589 Eh
Ecorr:                            -0.1372548 Eh

Timing summary
... Hamil build:                    0.0087609 s
... Hamil diag:                     0.0002837 s
... RDM build:                     43.9758663 s
State     Energy / Eh         Splitting / Eh      Splitting / cm-1    Splitting / meV     
0         -2.4274383e+03      +0.0000000e+00      +0.0000000e+00      +0.0000000e+00      
1         -2.4274383e+03      +1.9413164e-09      +4.2606971e-04      +5.2825936e-05      
2         -2.4274383e+03      +8.9721652e-10      +1.9691626e-04      +2.4414517e-05      
3         -2.4274383e+03      +1.1737029e-09      +2.5759801e-04      +3.1938098e-05      
4         -2.4274383e+03      +1.8349056e-09      +4.0271522e-04      +4.9930347e-05      
5         -2.4274294e+03      +8.8831576e-03      +1.9496277e+03      +2.4172315e+02      
6         -2.4274294e+03      +4.1914063e-09      +9.1990735e-04      +1.1405403e-04      
7         -2.4274294e+03      +4.1027306e-09      +9.0044528e-04      +1.1164104e-04      
8         -2.4274268e+03      +2.6102260e-03      +5.7287839e+02      +7.1027902e+01      
Total time taken:                  47.6309385 s
===============================================

===============================================
            Relativistic DSRG-MRPT3            
===============================================
... compute_energy_pt3_1:     367.1718259 s
... compute_energy_pt2:       1.1461368 s
... compute_energy_pt3_2:     312.7468469 s
... compute_energy_pt3_3:      88.3407106 s
-----------------------------------------------
        DSRG-MRPT3 reference relaxation        
-----------------------------------------------
Iter                          Energy              Delta E   
   -Eref  -2427.4340589       
   -Ecorr -0.0026784       
<Psi^(0)|Hbar^(0)|Psi^(0)>    -2427.4367373       -2.42744e+03
   -Erelax-0.0000000       
<Psi^(0)|Hbar^(1)|Psi^(0)>    -2427.4367373       0.00000e+00
   -Eref  -2427.4340589       
   -Ecorr -0.0026784       
<Psi^(1)|Hbar^(1)|Psi^(1)>    -2427.4367373       9.09495e-13
   -Erelax0.0000000       
<Psi^(1)|Hbar^(2)|Psi^(1)>    -2427.4367373       0.00000e+00
Unrelaxed DSRG-MRPT3 energy:             -2427.4367373 Eh
Unrelaxed DSRG-MRPT3 E_corr:                -0.0026784 Eh
Partially relaxed DSRG-MRPT3 energy:     -2427.4367373 Eh
Partially relaxed DSRG-MRPT3 E_corr:        -0.0026784 Eh
Relaxed DSRG-MRPT3 energy:               -2427.4367373 Eh
Relaxed DSRG-MRPT3 E_corr:                  -0.0026784 Eh
Fully relaxed DSRG-MRPT3 energy:         -2427.4367373 Eh
Fully relaxed DSRG-MRPT3 E_corr:            -0.0026784 Eh
State     Energy / Eh         Splitting / Eh      Splitting / cm-1    Splitting / meV     
0         -2.4274410e+03      +0.0000000e+00      +0.0000000e+00      +0.0000000e+00      
1         -2.4274410e+03      +1.9413164e-09      +4.2606971e-04      +5.2825936e-05      
2         -2.4274410e+03      +8.9721652e-10      +1.9691626e-04      +2.4414517e-05      
3         -2.4274410e+03      +1.1737029e-09      +2.5759801e-04      +3.1938098e-05      
4         -2.4274410e+03      +1.8349056e-09      +4.0271522e-04      +4.9930347e-05      
5         -2.4274321e+03      +8.8832281e-03      +1.9496432e+03      +2.4172506e+02      
6         -2.4274321e+03      +4.1914063e-09      +9.1990735e-04      +1.1405403e-04      
7         -2.4274321e+03      +4.1027306e-09      +9.0044528e-04      +1.1164104e-04      
8         -2.4274295e+03      +2.6102347e-03      +5.7288029e+02      +7.1028137e+01      
Time taken:                     1909.2767513 s
===============================================
===============================================
              PySCF DHF interface              
===============================================

Timing report
....integral reading:      24.1603971 s

===============================================
            Relativistic CASCI(7,8)            
===============================================
Will now allocate 0.001 MB memory for the CASCI Hamiltonian!
Time taken for 1-RDM build:        0.0003757 s
Time taken for 1-RDM build:        0.0003636 s
Time taken for 1-RDM build:        0.0003650 s
Time taken for 1-RDM build:        0.0003645 s
Time taken for 1-RDM build:        0.0003650 s
Time taken for 1-RDM build:        0.0003631 s
Time taken for 2-RDM build:        0.0010645 s
Time taken for 2-RDM build:        0.0010014 s
Time taken for 2-RDM build:        0.0010056 s
Time taken for 2-RDM build:        0.0009992 s
Time taken for 2-RDM build:        0.0010045 s
Time taken for 2-RDM build:        0.0009944 s
Time taken for 3-RDM build:        0.0140817 s
Time taken for 3-RDM build:        0.0123456 s
Time taken for 3-RDM build:        0.0123689 s
Time taken for 3-RDM build:        0.0123711 s
Time taken for 3-RDM build:        0.0123551 s
Time taken for 3-RDM build:        0.0123765 s
E_frzc:                        -2590.5378304 Eh
E_cas:                           -13.1880855 Eh
E_nuc:                             0.0000000 Eh
E_casci:                       -2603.7203212 Eh
E0 (from RDM):                 -2603.7203212 Eh
Ecorr:                            -0.0318830 Eh

Timing summary
... Hamil build:                    0.0019000 s
... Hamil diag:                     0.0000932 s
... RDM build:                     42.0771215 s
State     Energy / Eh         Splitting / Eh      Splitting / cm-1    Splitting / meV     
0         -2.6037259e+03      +0.0000000e+00      +0.0000000e+00      +0.0000000e+00      
1         -2.6037259e+03      +9.2413757e-09      +2.0282475e-03      +2.5147076e-04      
2         -2.6037259e+03      +1.8784249e-08      +4.1226661e-03      +5.1114569e-04      
3         -2.6037259e+03      +9.8884811e-09      +2.1702707e-03      +2.6907941e-04      
4         -2.6037091e+03      +1.6783801e-02      +3.6836186e+03      +4.5671072e+02      
5         -2.6037091e+03      +7.4087438e-09      +1.6260313e-03      +2.0160228e-04      
Total time taken:                  45.7238848 s
===============================================

===============================================
            Relativistic DSRG-MRPT3            
===============================================
... compute_energy_pt3_1:     387.2634954 s
... compute_energy_pt2:       1.1491394 s
... compute_energy_pt3_2:     310.9242797 s
... compute_energy_pt3_3:      88.2729516 s
-----------------------------------------------
        DSRG-MRPT3 reference relaxation        
-----------------------------------------------
Iter                          Energy              Delta E   
   -Eref  -2603.7203212       
   -Ecorr -0.0030070       
<Psi^(0)|Hbar^(0)|Psi^(0)>    -2603.7233282       -2.60372e+03
   -Erelax-0.0000000       
<Psi^(0)|Hbar^(1)|Psi^(0)>    -2603.7233282       0.00000e+00
   -Eref  -2603.7203212       
   -Ecorr -0.0030070       
<Psi^(1)|Hbar^(1)|Psi^(1)>    -2603.7233282       0.00000e+00
   -Erelax0.0000000       
<Psi^(1)|Hbar^(2)|Psi^(1)>    -2603.7233282       0.00000e+00
Unrelaxed DSRG-MRPT3 energy:             -2603.7233282 Eh
Unrelaxed DSRG-MRPT3 E_corr:                -0.0030070 Eh
Partially relaxed DSRG-MRPT3 energy:     -2603.7233282 Eh
Partially relaxed DSRG-MRPT3 E_corr:        -0.0030070 Eh
Relaxed DSRG-MRPT3 energy:               -2603.7233282 Eh
Relaxed DSRG-MRPT3 E_corr:                  -0.0030070 Eh
Fully relaxed DSRG-MRPT3 energy:         -2603.7233282 Eh
Fully relaxed DSRG-MRPT3 E_corr:            -0.0030070 Eh
State     Energy / Eh         Splitting / Eh      Splitting / cm-1    Splitting / meV     
0         -2.6037289e+03      +0.0000000e+00      +0.0000000e+00      +0.0000000e+00      
1         -2.6037289e+03      +9.2413757e-09      +2.0282475e-03      +2.5147076e-04      
2         -2.6037289e+03      +1.8784249e-08      +4.1226661e-03      +5.1114569e-04      
3         -2.6037289e+03      +9.8889359e-09      +2.1703705e-03      +2.6909178e-04      
4         -2.6037121e+03      +1.6783936e-02      +3.6836482e+03      +4.5671439e+02      
5         -2.6037121e+03      +7.4087438e-09      +1.6260313e-03      +2.0160228e-04      
Time taken:                     1926.9633329 s
===============================================
