NOW DOING s=0.27!
===============================================
              PySCF DHF interface              
===============================================
Will now allocate 796.594 MB memory for the AO ERI tensor!

Timing report
....integral transformation:      52.1791828 s

===============================================
            Relativistic CASCI(3,8)            
===============================================
Will now allocate 0.050 MB memory for the CASCI Hamiltonian!
Time taken for 1-RDM build:        0.0213523 s
Time taken for 1-RDM build:        0.0213871 s
Time taken for 1-RDM build:        0.0213561 s
Time taken for 1-RDM build:        0.0213628 s
Time taken for 1-RDM build:        0.0212197 s
Time taken for 1-RDM build:        0.0207090 s
Time taken for 2-RDM build:        0.0815055 s
Time taken for 2-RDM build:        0.0810976 s
Time taken for 2-RDM build:        0.0812433 s
Time taken for 2-RDM build:        0.0809853 s
Time taken for 2-RDM build:        0.0813015 s
Time taken for 2-RDM build:        0.0812724 s
Time taken for 3-RDM build:        0.1848729 s
Time taken for 3-RDM build:        0.1829946 s
Time taken for 3-RDM build:        0.1829088 s
Time taken for 3-RDM build:        0.1825345 s
Time taken for 3-RDM build:        0.1828244 s
Time taken for 3-RDM build:        0.1826062 s
E_frzc:                          -21.9899228 Eh
E_cas:                            -2.5754278 Eh
E_nuc:                             0.0000000 Eh
E_casci:                         -24.5653104 Eh
E0 (from RDM):                   -24.5653104 Eh
Ecorr:                            -0.2764703 Eh

Timing summary
... Hamil build:                    0.0721619 s
... Hamil diag:                     0.0012667 s
... RDM build:                      5.2927299 s
State     Energy / Eh         Splitting / Eh      Splitting / cm-1    Splitting / meV     
0         -2.4565351e+01      +0.0000000e+00      +0.0000000e+00      +0.0000000e+00      
1         -2.4565351e+01      +1.6292141e-09      +3.5757116e-04      +4.4333195e-05      
2         -2.4565290e+01      +6.0370290e-05      +1.3249747e+01      +1.6427601e+00      
3         -2.4565290e+01      +8.2750518e-10      +1.8161639e-04      +2.2517574e-05      
4         -2.4565290e+01      +8.6880192e-10      +1.9067998e-04      +2.3641316e-05      
5         -2.4565290e+01      +1.8699780e-09      +4.1041272e-04      +5.0884716e-05      
Total time taken:                   5.5439761 s
===============================================

===============================================
            Relativistic DSRG-MRPT3            
===============================================
... compute_energy_pt3_1:      14.9923060 s
... compute_energy_pt2:       0.0821457 s
... compute_energy_pt3_2:      11.8328462 s
... compute_energy_pt3_3:       2.6852050 s
-----------------------------------------------
        DSRG-MRPT3 reference relaxation        
-----------------------------------------------
Iter                          Energy              Delta E   
   -Eref  -24.5653104       
   -Ecorr -0.0676621       
<Psi^(0)|Hbar^(0)|Psi^(0)>    -24.6329725         -2.46330e+01
   -Erelax-0.0003437       
<Psi^(0)|Hbar^(1)|Psi^(0)>    -24.6333162         -3.43749e-04
   -Eref  -24.5649605       
   -Ecorr -0.0683056       
<Psi^(1)|Hbar^(1)|Psi^(1)>    -24.6332661         5.00819e-05
   -Erelax-0.0000000       
<Psi^(1)|Hbar^(2)|Psi^(1)>    -24.6332662         -9.27499e-09
   -Eref  -24.5649569       
   -Ecorr -0.0683090       
<Psi^(2)|Hbar^(2)|Psi^(2)>    -24.6332659         2.46164e-07
   -Erelax-0.0000000       
<Psi^(2)|Hbar^(3)|Psi^(2)>    -24.6332659         -2.16716e-13
   -Eref  -24.5649569       
   -Ecorr -0.0683090       
<Psi^(3)|Hbar^(3)|Psi^(3)>    -24.6332659         1.18734e-09
   -Erelax-0.0000000       
<Psi^(3)|Hbar^(4)|Psi^(3)>    -24.6332659         0.00000e+00
Unrelaxed DSRG-MRPT3 energy:               -24.6329725 Eh
Unrelaxed DSRG-MRPT3 E_corr:                -0.0676621 Eh
Partially relaxed DSRG-MRPT3 energy:       -24.6333162 Eh
Partially relaxed DSRG-MRPT3 E_corr:        -0.0680058 Eh
Relaxed DSRG-MRPT3 energy:                 -24.6332661 Eh
Relaxed DSRG-MRPT3 E_corr:                  -0.0683056 Eh
Fully relaxed DSRG-MRPT3 energy:           -24.6332659 Eh
Fully relaxed DSRG-MRPT3 E_corr:            -0.0683090 Eh
State     Energy / Eh         Splitting / Eh      Splitting / cm-1    Splitting / meV     
0         -2.4633309e+01      +0.0000000e+00      +0.0000000e+00      +0.0000000e+00      
1         -2.4633309e+01      +8.2110319e-10      +1.8021132e-04      +2.2343366e-05      
2         -2.4633244e+01      +6.5247023e-05      +1.4320066e+01      +1.7754628e+00      
3         -2.4633244e+01      +4.9665516e-10      +1.0900321e-04      +1.3514682e-05      
4         -2.4633244e+01      +4.2055603e-10      +9.2301380e-05      +1.1443918e-05      
5         -2.4633244e+01      +9.3289287e-10      +2.0474632e-04      +2.5385320e-05      
Time taken:                      177.2150326 s
===============================================
===============================================
              PySCF DHF interface              
===============================================
Will now allocate 796.594 MB memory for the AO ERI tensor!

Timing report
....integral transformation:      51.2260845 s

===============================================
            Relativistic CASCI(4,8)            
===============================================
Will now allocate 0.078 MB memory for the CASCI Hamiltonian!
Time taken for 1-RDM build:        0.0320830 s
Time taken for 1-RDM build:        0.0319021 s
Time taken for 1-RDM build:        0.0319090 s
Time taken for 1-RDM build:        0.0290885 s
Time taken for 1-RDM build:        0.0281861 s
Time taken for 1-RDM build:        0.0282209 s
Time taken for 1-RDM build:        0.0284238 s
Time taken for 1-RDM build:        0.0282667 s
Time taken for 1-RDM build:        0.0281670 s
Time taken for 2-RDM build:        0.1210802 s
Time taken for 2-RDM build:        0.1212082 s
Time taken for 2-RDM build:        0.1210783 s
Time taken for 2-RDM build:        0.1210835 s
Time taken for 2-RDM build:        0.1213033 s
Time taken for 2-RDM build:        0.1210456 s
Time taken for 2-RDM build:        0.1213880 s
Time taken for 2-RDM build:        0.1214283 s
Time taken for 2-RDM build:        0.1213155 s
Time taken for 3-RDM build:        0.3950746 s
Time taken for 3-RDM build:        0.3936586 s
Time taken for 3-RDM build:        0.3932507 s
Time taken for 3-RDM build:        0.3933539 s
Time taken for 3-RDM build:        0.3929114 s
Time taken for 3-RDM build:        0.3932333 s
Time taken for 3-RDM build:        0.3942132 s
Time taken for 3-RDM build:        0.3934066 s
Time taken for 3-RDM build:        0.4069879 s
E_frzc:                          -32.3709352 Eh
E_cas:                            -5.3467114 Eh
E_nuc:                             0.0000000 Eh
E_casci:                         -37.7175257 Eh
E0 (from RDM):                   -37.7175257 Eh
Ecorr:                            -0.4429083 Eh

Timing summary
... Hamil build:                    0.1111984 s
... Hamil diag:                     0.0019884 s
... RDM build:                      8.3065765 s
State     Energy / Eh         Splitting / Eh      Splitting / cm-1    Splitting / meV     
0         -3.7717647e+01      +0.0000000e+00      +0.0000000e+00      +0.0000000e+00      
1         -3.7717578e+01      +6.8056777e-05      +1.4936736e+01      +1.8519201e+00      
2         -3.7717578e+01      +1.0789876e-09      +2.3681040e-04      +2.9360761e-05      
3         -3.7717578e+01      +1.2285710e-09      +2.6964017e-04      +3.3431136e-05      
4         -3.7717470e+01      +1.0852195e-04      +2.3817815e+01      +2.9530341e+00      
5         -3.7717470e+01      +3.7325520e-10      +8.1920048e-05      +1.0156796e-05      
6         -3.7717470e+01      +9.5213437e-10      +2.0896934e-04      +2.5908908e-05      
7         -3.7717470e+01      +4.4994408e-10      +9.8751311e-05      +1.2243608e-05      
8         -3.7717470e+01      +5.6219562e-10      +1.2338768e-04      +1.5298129e-05      
Total time taken:                   8.6005483 s
===============================================

===============================================
            Relativistic DSRG-MRPT3            
===============================================
... compute_energy_pt3_1:      14.8775990 s
... compute_energy_pt2:       0.0835562 s
... compute_energy_pt3_2:      12.1935179 s
... compute_energy_pt3_3:       2.8772552 s
-----------------------------------------------
        DSRG-MRPT3 reference relaxation        
-----------------------------------------------
Iter                          Energy              Delta E   
   -Eref  -37.7175257       
   -Ecorr -0.1078275       
<Psi^(0)|Hbar^(0)|Psi^(0)>    -37.8253533         -3.78254e+01
   -Erelax-0.0000921       
<Psi^(0)|Hbar^(1)|Psi^(0)>    -37.8254453         -9.20679e-05
   -Eref  -37.7174314       
   -Ecorr -0.1080948       
<Psi^(1)|Hbar^(1)|Psi^(1)>    -37.8255261         -8.08034e-05
   -Erelax-0.0000000       
<Psi^(1)|Hbar^(2)|Psi^(1)>    -37.8255261         -3.43015e-10
   -Eref  -37.7174317       
   -Ecorr -0.1080943       
<Psi^(2)|Hbar^(2)|Psi^(2)>    -37.8255260         1.41323e-07
   -Erelax-0.0000000       
<Psi^(2)|Hbar^(3)|Psi^(2)>    -37.8255260         -4.97380e-13
   -Eref  -37.7174317       
   -Ecorr -0.1080943       
<Psi^(3)|Hbar^(3)|Psi^(3)>    -37.8255260         -2.18186e-10
   -Erelax-0.0000000       
<Psi^(3)|Hbar^(4)|Psi^(3)>    -37.8255260         -7.10543e-15
Unrelaxed DSRG-MRPT3 energy:               -37.8253533 Eh
Unrelaxed DSRG-MRPT3 E_corr:                -0.1078275 Eh
Partially relaxed DSRG-MRPT3 energy:       -37.8254453 Eh
Partially relaxed DSRG-MRPT3 E_corr:        -0.1079196 Eh
Relaxed DSRG-MRPT3 energy:                 -37.8255261 Eh
Relaxed DSRG-MRPT3 E_corr:                  -0.1080948 Eh
Fully relaxed DSRG-MRPT3 energy:           -37.8255260 Eh
Fully relaxed DSRG-MRPT3 E_corr:            -0.1080943 Eh
State     Energy / Eh         Splitting / Eh      Splitting / cm-1    Splitting / meV     
0         -3.7825667e+01      +0.0000000e+00      +0.0000000e+00      +0.0000000e+00      
1         -3.7825589e+01      +7.7682840e-05      +1.7049412e+01      +2.1138587e+00      
2         -3.7825589e+01      +3.1556624e-10      +6.9258784e-05      +8.5869989e-06      
3         -3.7825589e+01      +3.5053915e-10      +7.6934451e-05      +9.5386608e-06      
4         -3.7825460e+01      +1.2945539e-04      +2.8412175e+01      +3.5226624e+00      
5         -3.7825460e+01      +1.0201262e-10      +2.2389182e-05      +2.7759061e-06      
6         -3.7825460e+01      +2.2871660e-10      +5.0197491e-05      +6.2236987e-06      
7         -3.7825460e+01      +1.3762502e-10      +3.0205201e-05      +3.7449694e-06      
8         -3.7825460e+01      +1.2236256e-10      +2.6855479e-05      +3.3296566e-06      
Time taken:                      183.7370138 s
===============================================
===============================================
              PySCF DHF interface              
===============================================
Will now allocate 796.594 MB memory for the AO ERI tensor!

Timing report
....integral transformation:      52.3972237 s

===============================================
            Relativistic CASCI(5,8)            
===============================================
Will now allocate 0.050 MB memory for the CASCI Hamiltonian!
Time taken for 1-RDM build:        0.0224028 s
Time taken for 1-RDM build:        0.0237210 s
Time taken for 1-RDM build:        0.0224364 s
Time taken for 1-RDM build:        0.0224044 s
Time taken for 1-RDM build:        0.0227888 s
Time taken for 1-RDM build:        0.0225077 s
Time taken for 1-RDM build:        0.0218377 s
Time taken for 1-RDM build:        0.0218256 s
Time taken for 1-RDM build:        0.0217736 s
Time taken for 1-RDM build:        0.0219462 s
Time taken for 1-RDM build:        0.0216084 s
Time taken for 1-RDM build:        0.0221875 s
Time taken for 1-RDM build:        0.0217021 s
Time taken for 1-RDM build:        0.0221224 s
Time taken for 2-RDM build:        0.0902939 s
Time taken for 2-RDM build:        0.0901062 s
Time taken for 2-RDM build:        0.0902166 s
Time taken for 2-RDM build:        0.0907700 s
Time taken for 2-RDM build:        0.0901179 s
Time taken for 2-RDM build:        0.0910659 s
Time taken for 2-RDM build:        0.0902894 s
Time taken for 2-RDM build:        0.0884576 s
Time taken for 2-RDM build:        0.0877278 s
Time taken for 2-RDM build:        0.0880468 s
Time taken for 2-RDM build:        0.0867031 s
Time taken for 2-RDM build:        0.0869110 s
Time taken for 2-RDM build:        0.0870521 s
Time taken for 2-RDM build:        0.0875967 s
Time taken for 3-RDM build:        0.3622582 s
Time taken for 3-RDM build:        0.3627722 s
Time taken for 3-RDM build:        0.3607864 s
Time taken for 3-RDM build:        0.3620715 s
Time taken for 3-RDM build:        0.3614511 s
Time taken for 3-RDM build:        0.3613753 s
Time taken for 3-RDM build:        0.3616188 s
Time taken for 3-RDM build:        0.3612452 s
Time taken for 3-RDM build:        0.3616903 s
Time taken for 3-RDM build:        0.3653643 s
Time taken for 3-RDM build:        0.3617847 s
Time taken for 3-RDM build:        0.3614435 s
Time taken for 3-RDM build:        0.3631275 s
Time taken for 3-RDM build:        0.3659458 s
E_frzc:                          -44.7567199 Eh
E_cas:                            -9.6666253 Eh
E_nuc:                             0.0000000 Eh
E_casci:                         -54.3487687 Eh
E0 (from RDM):                   -54.3487687 Eh
Ecorr:                            -0.4454114 Eh

Timing summary
... Hamil build:                    0.0922220 s
... Hamil diag:                     0.0010486 s
... RDM build:                     10.0538323 s
State     Energy / Eh         Splitting / Eh      Splitting / cm-1    Splitting / meV     
0         -5.4423345e+01      +0.0000000e+00      +0.0000000e+00      +0.0000000e+00      
1         -5.4423345e+01      +1.0766144e-09      +2.3628954e-04      +2.9296183e-05      
2         -5.4423345e+01      +1.0765078e-09      +2.3626614e-04      +2.9293283e-05      
3         -5.4423345e+01      +1.0764154e-09      +2.3624587e-04      +2.9290769e-05      
4         -5.4318958e+01      +1.0438692e-01      +2.2910281e+04      +2.8405142e+03      
5         -5.4318958e+01      +1.1012489e-09      +2.4169619e-04      +2.9966522e-05      
6         -5.4318958e+01      +1.1371313e-09      +2.4957147e-04      +3.0942933e-05      
7         -5.4318958e+01      +5.9976912e-10      +1.3163411e-04      +1.6320557e-05      
8         -5.4318958e+01      +1.1947492e-09      +2.6221714e-04      +3.2510797e-05      
9         -5.4318958e+01      +1.3782895e-09      +3.0249957e-04      +3.7505185e-05      
10        -5.4318908e+01      +5.0508872e-05      +1.1085416e+01      +1.3744171e+00      
11        -5.4318908e+01      +3.9502766e-09      +8.6698548e-04      +1.0749255e-04      
12        -5.4318908e+01      +3.0347778e-09      +6.6605673e-04      +8.2580549e-05      
13        -5.4318908e+01      +2.9868943e-09      +6.5554752e-04      +8.1277572e-05      
Total time taken:                  10.3245997 s
===============================================

===============================================
            Relativistic DSRG-MRPT3            
===============================================
... compute_energy_pt3_1:      16.6843021 s
... compute_energy_pt2:       0.0919030 s
... compute_energy_pt3_2:      12.7863085 s
... compute_energy_pt3_3:       2.6641328 s
-----------------------------------------------
        DSRG-MRPT3 reference relaxation        
-----------------------------------------------
Iter                          Energy              Delta E   
   -Eref  -54.3487687       
   -Ecorr -0.1650985       
<Psi^(0)|Hbar^(0)|Psi^(0)>    -54.5138672         -5.45139e+01
   -Erelax-0.0000000       
<Psi^(0)|Hbar^(1)|Psi^(0)>    -54.5138672         -3.30810e-08
   -Eref  -54.3487687       
   -Ecorr -0.1650986       
<Psi^(1)|Hbar^(1)|Psi^(1)>    -54.5138673         -3.15876e-08
   -Erelax-0.0000000       
<Psi^(1)|Hbar^(2)|Psi^(1)>    -54.5138673         -2.99707e-11
   -Eref  -54.3487687       
   -Ecorr -0.1650986       
<Psi^(2)|Hbar^(2)|Psi^(2)>    -54.5138673         -6.13902e-10
   -Erelax-0.0000000       
<Psi^(2)|Hbar^(3)|Psi^(2)>    -54.5138673         -7.81597e-14
Unrelaxed DSRG-MRPT3 energy:               -54.5138672 Eh
Unrelaxed DSRG-MRPT3 E_corr:                -0.1650985 Eh
Partially relaxed DSRG-MRPT3 energy:       -54.5138672 Eh
Partially relaxed DSRG-MRPT3 E_corr:        -0.1650985 Eh
Relaxed DSRG-MRPT3 energy:                 -54.5138673 Eh
Relaxed DSRG-MRPT3 E_corr:                  -0.1650986 Eh
Fully relaxed DSRG-MRPT3 energy:           -54.5138673 Eh
Fully relaxed DSRG-MRPT3 E_corr:            -0.1650986 Eh
State     Energy / Eh         Splitting / Eh      Splitting / cm-1    Splitting / meV     
0         -5.4578930e+01      +0.0000000e+00      +0.0000000e+00      +0.0000000e+00      
1         -5.4578930e+01      +4.7553073e-10      +1.0436693e-04      +1.2939856e-05      
2         -5.4578930e+01      +4.7550941e-10      +1.0436225e-04      +1.2939276e-05      
3         -5.4578930e+01      +4.7548099e-10      +1.0435601e-04      +1.2938503e-05      
4         -5.4487858e+01      +9.1072534e-02      +1.9988111e+04      +2.4782111e+03      
5         -5.4487858e+01      +2.1002222e-10      +4.6094549e-05      +5.7149985e-06      
6         -5.4487858e+01      +1.2376233e-10      +2.7162692e-05      +3.3677462e-06      
7         -5.4487858e+01      +1.0145129e-10      +2.2265985e-05      +2.7606316e-06      
8         -5.4487858e+01      +7.9531048e-11      +1.7455047e-05      +2.1641511e-06      
9         -5.4487858e+01      +1.3943691e-10      +3.0602863e-05      +3.7942733e-06      
10        -5.4487818e+01      +3.9261489e-05      +8.6169007e+00      +1.0683600e+00      
11        -5.4487818e+01      +4.2612669e-10      +9.3523998e-05      +1.1595503e-05      
12        -5.4487818e+01      +2.8105518e-10      +6.1684481e-05      +7.6479046e-06      
13        -5.4487818e+01      +2.7349500e-10      +6.0025215e-05      +7.4421817e-06      
Time taken:                      139.3652973 s
===============================================
===============================================
              PySCF DHF interface              
===============================================
Will now allocate 796.594 MB memory for the AO ERI tensor!

Timing report
....integral transformation:      51.5928159 s

===============================================
            Relativistic CASCI(6,8)            
===============================================
Will now allocate 0.013 MB memory for the CASCI Hamiltonian!
Time taken for 1-RDM build:        0.0085568 s
Time taken for 1-RDM build:        0.0085542 s
Time taken for 1-RDM build:        0.0085359 s
Time taken for 1-RDM build:        0.0085359 s
Time taken for 1-RDM build:        0.0085082 s
Time taken for 1-RDM build:        0.0085299 s
Time taken for 1-RDM build:        0.0085347 s
Time taken for 1-RDM build:        0.0085497 s
Time taken for 1-RDM build:        0.0087991 s
Time taken for 2-RDM build:        0.0285444 s
Time taken for 2-RDM build:        0.0283184 s
Time taken for 2-RDM build:        0.0283570 s
Time taken for 2-RDM build:        0.0284083 s
Time taken for 2-RDM build:        0.0285797 s
Time taken for 2-RDM build:        0.0285592 s
Time taken for 2-RDM build:        0.0285230 s
Time taken for 2-RDM build:        0.0284426 s
Time taken for 2-RDM build:        0.0283492 s
Time taken for 3-RDM build:        0.1518273 s
Time taken for 3-RDM build:        0.1513126 s
Time taken for 3-RDM build:        0.1513362 s
Time taken for 3-RDM build:        0.1518312 s
Time taken for 3-RDM build:        0.1513422 s
Time taken for 3-RDM build:        0.1514142 s
Time taken for 3-RDM build:        0.1517179 s
Time taken for 3-RDM build:        0.1513433 s
Time taken for 3-RDM build:        0.1513960 s
E_frzc:                          -59.1480236 Eh
E_cas:                           -15.7034833 Eh
E_nuc:                             0.0000000 Eh
E_casci:                         -74.8511626 Eh
E0 (from RDM):                   -74.8511626 Eh
Ecorr:                            -0.3302227 Eh

Timing summary
... Hamil build:                    0.0372145 s
... Hamil diag:                     0.0003762 s
... RDM build:                      5.1645358 s
State     Energy / Eh         Splitting / Eh      Splitting / cm-1    Splitting / meV     
0         -7.4851507e+01      +0.0000000e+00      +0.0000000e+00      +0.0000000e+00      
1         -7.4851507e+01      +6.1121028e-09      +1.3414515e-03      +1.6631887e-04      
2         -7.4851507e+01      +6.8041430e-09      +1.4933368e-03      +1.8515025e-04      
3         -7.4851507e+01      +7.2887616e-09      +1.5996983e-03      +1.9833740e-04      
4         -7.4851507e+01      +9.8173984e-09      +2.1546699e-03      +2.6714515e-04      
5         -7.4850809e+01      +6.9818897e-04      +1.5323477e+02      +1.8998699e+01      
6         -7.4850809e+01      +7.3982278e-09      +1.6237233e-03      +2.0131613e-04      
7         -7.4850809e+01      +7.5923197e-09      +1.6663215e-03      +2.0659764e-04      
8         -7.4850503e+01      +3.0523771e-04      +6.6991933e+01      +8.3059451e+00      
Total time taken:                   5.3792841 s
===============================================

===============================================
            Relativistic DSRG-MRPT3            
===============================================
... compute_energy_pt3_1:      15.7194130 s
... compute_energy_pt2:       0.0818264 s
... compute_energy_pt3_2:      12.2082710 s
... compute_energy_pt3_3:       2.6851099 s
-----------------------------------------------
        DSRG-MRPT3 reference relaxation        
-----------------------------------------------
Iter                          Energy              Delta E   
   -Eref  -74.8511626       
   -Ecorr -0.2124247       
<Psi^(0)|Hbar^(0)|Psi^(0)>    -75.0635873         -7.50636e+01
   -Erelax-0.0000000       
<Psi^(0)|Hbar^(1)|Psi^(0)>    -75.0635873         -1.18887e-08
   -Eref  -74.8511626       
   -Ecorr -0.2124247       
<Psi^(1)|Hbar^(1)|Psi^(1)>    -75.0635873         3.85636e-08
   -Erelax-0.0000000       
<Psi^(1)|Hbar^(2)|Psi^(1)>    -75.0635873         -8.00924e-11
   -Eref  -74.8511626       
   -Ecorr -0.2124247       
<Psi^(2)|Hbar^(2)|Psi^(2)>    -75.0635873         -3.98923e-09
   -Erelax-0.0000000       
<Psi^(2)|Hbar^(3)|Psi^(2)>    -75.0635873         -9.23706e-13
Unrelaxed DSRG-MRPT3 energy:               -75.0635873 Eh
Unrelaxed DSRG-MRPT3 E_corr:                -0.2124247 Eh
Partially relaxed DSRG-MRPT3 energy:       -75.0635873 Eh
Partially relaxed DSRG-MRPT3 E_corr:        -0.2124247 Eh
Relaxed DSRG-MRPT3 energy:                 -75.0635873 Eh
Relaxed DSRG-MRPT3 E_corr:                  -0.2124247 Eh
Fully relaxed DSRG-MRPT3 energy:           -75.0635873 Eh
Fully relaxed DSRG-MRPT3 E_corr:            -0.2124247 Eh
State     Energy / Eh         Splitting / Eh      Splitting / cm-1    Splitting / meV     
0         -7.5063903e+01      +0.0000000e+00      +0.0000000e+00      +0.0000000e+00      
1         -7.5063903e+01      +3.0021852e-09      +6.5890348e-04      +8.1693658e-05      
2         -7.5063903e+01      +2.3286191e-09      +5.1107281e-04      +6.3364983e-05      
3         -7.5063903e+01      +3.4276866e-09      +7.5229024e-04      +9.3272147e-05      
4         -7.5063903e+01      +4.1113282e-09      +9.0233223e-04      +1.1187499e-04      
5         -7.5063261e+01      +6.4222095e-04      +1.4095120e+02      +1.7475730e+01      
6         -7.5063261e+01      +3.3391956e-09      +7.3286872e-04      +9.0864183e-05      
7         -7.5063261e+01      +2.9616416e-09      +6.5000519e-04      +8.0590411e-05      
8         -7.5062989e+01      +2.7113503e-04      +5.9507261e+01      +7.3779635e+00      
Time taken:                      128.8309941 s
===============================================
===============================================
              PySCF DHF interface              
===============================================
Will now allocate 796.594 MB memory for the AO ERI tensor!

Timing report
....integral transformation:      53.7453923 s

===============================================
            Relativistic CASCI(7,8)            
===============================================
Will now allocate 0.001 MB memory for the CASCI Hamiltonian!
Time taken for 1-RDM build:        0.0014057 s
Time taken for 1-RDM build:        0.0013936 s
Time taken for 1-RDM build:        0.0014026 s
Time taken for 1-RDM build:        0.0014527 s
Time taken for 1-RDM build:        0.0014777 s
Time taken for 1-RDM build:        0.0013828 s
Time taken for 2-RDM build:        0.0030663 s
Time taken for 2-RDM build:        0.0029678 s
Time taken for 2-RDM build:        0.0029655 s
Time taken for 2-RDM build:        0.0029662 s
Time taken for 2-RDM build:        0.0029621 s
Time taken for 2-RDM build:        0.0029647 s
Time taken for 3-RDM build:        0.0273399 s
Time taken for 3-RDM build:        0.0265117 s
Time taken for 3-RDM build:        0.0275261 s
Time taken for 3-RDM build:        0.0265653 s
Time taken for 3-RDM build:        0.0264885 s
Time taken for 3-RDM build:        0.0266030 s
E_frzc:                          -75.5478008 Eh
E_cas:                           -23.9325131 Eh
E_nuc:                             0.0000000 Eh
E_casci:                         -99.4797328 Eh
E0 (from RDM):                   -99.4797328 Eh
Ecorr:                            -0.1043819 Eh

Timing summary
... Hamil build:                    0.0067997 s
... Hamil diag:                     0.0001576 s
... RDM build:                      3.7824574 s
State     Energy / Eh         Splitting / Eh      Splitting / cm-1    Splitting / meV     
0         -9.9480314e+01      +0.0000000e+00      +0.0000000e+00      +0.0000000e+00      
1         -9.9480314e+01      +2.4031053e-08      +5.2742064e-03      +6.5391856e-04      
2         -9.9480314e+01      +6.9549344e-09      +1.5264317e-03      +1.8925350e-04      
3         -9.9480314e+01      +2.1663141e-08      +4.7545098e-03      +5.8948436e-04      
4         -9.9478571e+01      +1.7431739e-03      +3.8258245e+02      +4.7434202e+01      
5         -9.9478571e+01      +1.6993951e-08      +3.7297411e-03      +4.6242918e-04      
Total time taken:                   3.9700098 s
===============================================

===============================================
            Relativistic DSRG-MRPT3            
===============================================
... compute_energy_pt3_1:      15.3225892 s
... compute_energy_pt2:       0.0850968 s
... compute_energy_pt3_2:      11.9725735 s
... compute_energy_pt3_3:       2.8998775 s
-----------------------------------------------
        DSRG-MRPT3 reference relaxation        
-----------------------------------------------
Iter                          Energy              Delta E   
   -Eref  -99.4797328       
   -Ecorr -0.2680690       
<Psi^(0)|Hbar^(0)|Psi^(0)>    -99.7478018         -9.97478e+01
   -Erelax-0.0000000       
<Psi^(0)|Hbar^(1)|Psi^(0)>    -99.7478018         0.00000e+00
   -Eref  -99.4797328       
   -Ecorr -0.2680690       
<Psi^(1)|Hbar^(1)|Psi^(1)>    -99.7478018         0.00000e+00
   -Erelax0.0000000       
<Psi^(1)|Hbar^(2)|Psi^(1)>    -99.7478018         1.42109e-14
Unrelaxed DSRG-MRPT3 energy:               -99.7478018 Eh
Unrelaxed DSRG-MRPT3 E_corr:                -0.2680690 Eh
Partially relaxed DSRG-MRPT3 energy:       -99.7478018 Eh
Partially relaxed DSRG-MRPT3 E_corr:        -0.2680690 Eh
Relaxed DSRG-MRPT3 energy:                 -99.7478018 Eh
Relaxed DSRG-MRPT3 E_corr:                  -0.2680690 Eh
Fully relaxed DSRG-MRPT3 energy:           -99.7478018 Eh
Fully relaxed DSRG-MRPT3 E_corr:            -0.2680690 Eh
State     Energy / Eh         Splitting / Eh      Splitting / cm-1    Splitting / meV     
0         -9.9748394e+01      +0.0000000e+00      +0.0000000e+00      +0.0000000e+00      
1         -9.9748394e+01      +9.3896659e-09      +2.0607935e-03      +2.5550595e-04      
2         -9.9748394e+01      +3.8517101e-09      +8.4535264e-04      +1.0481042e-04      
3         -9.9748394e+01      +9.2712895e-09      +2.0348128e-03      +2.5228476e-04      
4         -9.9746618e+01      +1.7764348e-03      +3.8988238e+02      +4.8339277e+01      
5         -9.9746617e+01      +7.5433064e-09      +1.6555644e-03      +2.0526392e-04      
Time taken:                       81.2208099 s
===============================================
===============================================
              PySCF DHF interface              
===============================================
Will now allocate 3.102 GB memory for the AO ERI tensor!

Timing report
....integral transformation:     216.5983438 s

===============================================
            Relativistic CASCI(3,8)            
===============================================
Will now allocate 0.050 MB memory for the CASCI Hamiltonian!
Time taken for 1-RDM build:        0.0221350 s
Time taken for 1-RDM build:        0.0223343 s
Time taken for 1-RDM build:        0.0279961 s
Time taken for 1-RDM build:        0.0264363 s
Time taken for 1-RDM build:        0.0212259 s
Time taken for 1-RDM build:        0.0216856 s
Time taken for 2-RDM build:        0.0836413 s
Time taken for 2-RDM build:        0.0830510 s
Time taken for 2-RDM build:        0.0832713 s
Time taken for 2-RDM build:        0.0828371 s
Time taken for 2-RDM build:        0.0839362 s
Time taken for 2-RDM build:        0.0836110 s
Time taken for 3-RDM build:        0.1885622 s
Time taken for 3-RDM build:        0.1851485 s
Time taken for 3-RDM build:        0.1850247 s
Time taken for 3-RDM build:        0.1851890 s
Time taken for 3-RDM build:        0.1846480 s
Time taken for 3-RDM build:        0.1852748 s
E_frzc:                         -240.4061812 Eh
E_cas:                            -1.8986420 Eh
E_nuc:                             0.0000000 Eh
E_casci:                        -242.3045291 Eh
E0 (from RDM):                  -242.3045291 Eh
Ecorr:                            -0.1899047 Eh

Timing summary
... Hamil build:                    0.1779430 s
... Hamil diag:                     0.0223851 s
... RDM build:                     15.0446892 s
State     Energy / Eh         Splitting / Eh      Splitting / cm-1    Splitting / meV     
0         -2.4230482e+02      +0.0000000e+00      +0.0000000e+00      +0.0000000e+00      
1         -2.4230482e+02      +1.0992665e-09      +2.4126110e-04      +2.9912578e-05      
2         -2.4230438e+02      +4.4107881e-04      +9.6805609e+01      +1.2002372e+01      
3         -2.4230438e+02      +1.0805650e-09      +2.3715660e-04      +2.9403685e-05      
4         -2.4230438e+02      +8.9775654e-10      +1.9703478e-04      +2.4429211e-05      
5         -2.4230438e+02      +3.6629899e-10      +8.0393336e-05      +9.9675080e-06      
Total time taken:                  15.9044986 s
===============================================

===============================================
            Relativistic DSRG-MRPT3            
===============================================
... compute_energy_pt3_1:      63.1664715 s
... compute_energy_pt2:       0.2543113 s
... compute_energy_pt3_2:      52.3228033 s
... compute_energy_pt3_3:      10.6570168 s
-----------------------------------------------
        DSRG-MRPT3 reference relaxation        
-----------------------------------------------
Iter                          Energy              Delta E   
   -Eref  -242.3045291       
   -Ecorr -0.1911051       
<Psi^(0)|Hbar^(0)|Psi^(0)>    -242.4956342        -2.42496e+02
   -Erelax-0.0002204       
<Psi^(0)|Hbar^(1)|Psi^(0)>    -242.4958545        -2.20364e-04
   -Eref  -242.3043105       
   -Ecorr -0.1915367       
<Psi^(1)|Hbar^(1)|Psi^(1)>    -242.4958472        7.33889e-06
   -Erelax-0.0000000       
<Psi^(1)|Hbar^(2)|Psi^(1)>    -242.4958472        -1.84846e-09
   -Eref  -242.3043092       
   -Ecorr -0.1915380       
<Psi^(2)|Hbar^(2)|Psi^(2)>    -242.4958472        1.97416e-08
   -Erelax-0.0000000       
<Psi^(2)|Hbar^(3)|Psi^(2)>    -242.4958472        0.00000e+00
   -Eref  -242.3043092       
   -Ecorr -0.1915380       
<Psi^(3)|Hbar^(3)|Psi^(3)>    -242.4958472        5.30065e-11
   -Erelax0.0000000       
<Psi^(3)|Hbar^(4)|Psi^(3)>    -242.4958472        0.00000e+00
Unrelaxed DSRG-MRPT3 energy:              -242.4956342 Eh
Unrelaxed DSRG-MRPT3 E_corr:                -0.1911051 Eh
Partially relaxed DSRG-MRPT3 energy:      -242.4958545 Eh
Partially relaxed DSRG-MRPT3 E_corr:        -0.1913254 Eh
Relaxed DSRG-MRPT3 energy:                -242.4958472 Eh
Relaxed DSRG-MRPT3 E_corr:                  -0.1915367 Eh
Fully relaxed DSRG-MRPT3 energy:          -242.4958472 Eh
Fully relaxed DSRG-MRPT3 E_corr:            -0.1915380 Eh
State     Energy / Eh         Splitting / Eh      Splitting / cm-1    Splitting / meV     
0         -2.4249617e+02      +0.0000000e+00      +0.0000000e+00      +0.0000000e+00      
1         -2.4249617e+02      +8.0399332e-10      +1.7645614e-04      +2.1877783e-05      
2         -2.4249568e+02      +4.8922513e-04      +1.0737251e+02      +1.3312500e+01      
3         -2.4249568e+02      +7.7329787e-10      +1.6971926e-04      +2.1042517e-05      
4         -2.4249568e+02      +6.1507421e-10      +1.3499319e-04      +1.6737030e-05      
5         -2.4249568e+02      +2.7958436e-10      +6.1361673e-05      +7.6078815e-06      
Time taken:                     1221.4797320 s
===============================================
===============================================
              PySCF DHF interface              
===============================================
Will now allocate 3.102 GB memory for the AO ERI tensor!

Timing report
....integral transformation:     197.6001496 s

===============================================
            Relativistic CASCI(4,8)            
===============================================
Will now allocate 0.078 MB memory for the CASCI Hamiltonian!
Time taken for 1-RDM build:        0.0322587 s
Time taken for 1-RDM build:        0.0324843 s
Time taken for 1-RDM build:        0.0322683 s
Time taken for 1-RDM build:        0.0291462 s
Time taken for 1-RDM build:        0.0284193 s
Time taken for 1-RDM build:        0.0285621 s
Time taken for 1-RDM build:        0.0285769 s
Time taken for 1-RDM build:        0.0285869 s
Time taken for 1-RDM build:        0.0285523 s
Time taken for 2-RDM build:        0.1216722 s
Time taken for 2-RDM build:        0.1246502 s
Time taken for 2-RDM build:        0.1219754 s
Time taken for 2-RDM build:        0.1214452 s
Time taken for 2-RDM build:        0.1216414 s
Time taken for 2-RDM build:        0.1213615 s
Time taken for 2-RDM build:        0.1213951 s
Time taken for 2-RDM build:        0.1213691 s
Time taken for 2-RDM build:        0.1213753 s
Time taken for 3-RDM build:        0.4122615 s
Time taken for 3-RDM build:        0.3915360 s
Time taken for 3-RDM build:        0.3914056 s
Time taken for 3-RDM build:        0.3919396 s
Time taken for 3-RDM build:        0.3922851 s
Time taken for 3-RDM build:        0.3919237 s
Time taken for 3-RDM build:        0.3915439 s
Time taken for 3-RDM build:        0.3914273 s
Time taken for 3-RDM build:        0.3914604 s
E_frzc:                         -285.7423197 Eh
E_cas:                            -3.6921024 Eh
E_nuc:                             0.0000000 Eh
E_casci:                        -289.4337768 Eh
E0 (from RDM):                  -289.4337768 Eh
Ecorr:                            -0.2329780 Eh

Timing summary
... Hamil build:                    0.1697347 s
... Hamil diag:                     0.0048463 s
... RDM build:                     17.3975551 s
State     Energy / Eh         Splitting / Eh      Splitting / cm-1    Splitting / meV     
0         -2.8943442e+02      +0.0000000e+00      +0.0000000e+00      +0.0000000e+00      
1         -2.8943409e+02      +3.3211201e-04      +7.2890160e+01      +9.0372324e+00      
2         -2.8943409e+02      +8.1735152e-10      +1.7938792e-04      +2.2241278e-05      
3         -2.8943409e+02      +8.9210062e-10      +1.9579345e-04      +2.4275306e-05      
4         -2.8943346e+02      +6.3005266e-04      +1.3828057e+02      +1.7144614e+01      
5         -2.8943346e+02      +2.5920599e-10      +5.6889139e-05      +7.0533576e-06      
6         -2.8943346e+02      +7.8654239e-10      +1.7262610e-04      +2.1402919e-05      
7         -2.8943346e+02      +6.1896799e-10      +1.3584777e-04      +1.6842985e-05      
8         -2.8943346e+02      +4.2439297e-10      +9.3143489e-05      +1.1548326e-05      
Total time taken:                  18.2283022 s
===============================================

===============================================
            Relativistic DSRG-MRPT3            
===============================================
... compute_energy_pt3_1:      62.0014644 s
... compute_energy_pt2:       0.2562721 s
... compute_energy_pt3_2:      50.7011201 s
... compute_energy_pt3_3:      10.6824090 s
-----------------------------------------------
        DSRG-MRPT3 reference relaxation        
-----------------------------------------------
Iter                          Energy              Delta E   
   -Eref  -289.4337768       
   -Ecorr -0.2133712       
<Psi^(0)|Hbar^(0)|Psi^(0)>    -289.6471480        -2.89647e+02
   -Erelax-0.0001203       
<Psi^(0)|Hbar^(1)|Psi^(0)>    -289.6472683        -1.20337e-04
   -Eref  -289.4336577       
   -Ecorr -0.2136438       
<Psi^(1)|Hbar^(1)|Psi^(1)>    -289.6473015        -3.32268e-05
   -Erelax-0.0000000       
<Psi^(1)|Hbar^(2)|Psi^(1)>    -289.6473015        -4.31953e-10
   -Eref  -289.4336577       
   -Ecorr -0.2136439       
<Psi^(2)|Hbar^(2)|Psi^(2)>    -289.6473015        -7.52675e-09
   -Erelax-0.0000000       
<Psi^(2)|Hbar^(3)|Psi^(2)>    -289.6473015        -9.66338e-13
Unrelaxed DSRG-MRPT3 energy:              -289.6471480 Eh
Unrelaxed DSRG-MRPT3 E_corr:                -0.2133712 Eh
Partially relaxed DSRG-MRPT3 energy:      -289.6472683 Eh
Partially relaxed DSRG-MRPT3 E_corr:        -0.2134915 Eh
Relaxed DSRG-MRPT3 energy:                -289.6473015 Eh
Relaxed DSRG-MRPT3 E_corr:                  -0.2136438 Eh
Fully relaxed DSRG-MRPT3 energy:          -289.6473015 Eh
Fully relaxed DSRG-MRPT3 E_corr:            -0.2136439 Eh
State     Energy / Eh         Splitting / Eh      Splitting / cm-1    Splitting / meV     
0         -2.8964801e+02      +0.0000000e+00      +0.0000000e+00      +0.0000000e+00      
1         -2.8964765e+02      +3.6780313e-04      +8.0723456e+01      +1.0008438e+01      
2         -2.8964765e+02      +5.3194071e-10      +1.1674749e-04      +1.4474851e-05      
3         -2.8964765e+02      +5.5177907e-10      +1.2110151e-04      +1.5014680e-05      
4         -2.8964695e+02      +6.9498059e-04      +1.5253061e+02      +1.8911394e+01      
5         -2.8964695e+02      +2.0128255e-10      +4.4176412e-05      +5.4771797e-06      
6         -2.8964695e+02      +4.8140691e-10      +1.0565660e-04      +1.3099756e-05      
7         -2.8964695e+02      +4.3928594e-10      +9.6412119e-05      +1.1953585e-05      
8         -2.8964695e+02      +2.4465407e-10      +5.3695363e-05      +6.6573796e-06      
Time taken:                      678.5046022 s
===============================================
===============================================
              PySCF DHF interface              
===============================================
Will now allocate 3.102 GB memory for the AO ERI tensor!

Timing report
....integral transformation:     202.2135577 s

===============================================
            Relativistic CASCI(5,8)            
===============================================
Will now allocate 0.050 MB memory for the CASCI Hamiltonian!
Time taken for 1-RDM build:        0.0212924 s
Time taken for 1-RDM build:        0.0213346 s
Time taken for 1-RDM build:        0.0212593 s
Time taken for 1-RDM build:        0.0210962 s
Time taken for 1-RDM build:        0.0214200 s
Time taken for 1-RDM build:        0.0212064 s
Time taken for 1-RDM build:        0.0213819 s
Time taken for 1-RDM build:        0.0215149 s
Time taken for 1-RDM build:        0.0212238 s
Time taken for 1-RDM build:        0.0213094 s
Time taken for 1-RDM build:        0.0213678 s
Time taken for 1-RDM build:        0.0211389 s
Time taken for 1-RDM build:        0.0215247 s
Time taken for 1-RDM build:        0.0214286 s
Time taken for 2-RDM build:        0.0896652 s
Time taken for 2-RDM build:        0.0898190 s
Time taken for 2-RDM build:        0.0900831 s
Time taken for 2-RDM build:        0.0898759 s
Time taken for 2-RDM build:        0.0902538 s
Time taken for 2-RDM build:        0.0902200 s
Time taken for 2-RDM build:        0.0875411 s
Time taken for 2-RDM build:        0.0870247 s
Time taken for 2-RDM build:        0.0869625 s
Time taken for 2-RDM build:        0.0867248 s
Time taken for 2-RDM build:        0.0868533 s
Time taken for 2-RDM build:        0.0870035 s
Time taken for 2-RDM build:        0.0870364 s
Time taken for 2-RDM build:        0.0870919 s
Time taken for 3-RDM build:        0.3628235 s
Time taken for 3-RDM build:        0.3614106 s
Time taken for 3-RDM build:        0.3629220 s
Time taken for 3-RDM build:        0.3615603 s
Time taken for 3-RDM build:        0.3617883 s
Time taken for 3-RDM build:        0.3612773 s
Time taken for 3-RDM build:        0.3615379 s
Time taken for 3-RDM build:        0.3620343 s
Time taken for 3-RDM build:        0.3620811 s
Time taken for 3-RDM build:        0.3621912 s
Time taken for 3-RDM build:        0.3622270 s
Time taken for 3-RDM build:        0.3612146 s
Time taken for 3-RDM build:        0.3618922 s
Time taken for 3-RDM build:        0.3633690 s
E_frzc:                         -335.1272672 Eh
E_cas:                            -6.3636403 Eh
E_nuc:                             0.0000000 Eh
E_casci:                        -341.4410664 Eh
E0 (from RDM):                  -341.4410664 Eh
Ecorr:                            -0.2138107 Eh

Timing summary
... Hamil build:                    0.1165950 s
... Hamil diag:                     0.0019426 s
... RDM build:                     20.1920595 s
State     Energy / Eh         Splitting / Eh      Splitting / cm-1    Splitting / meV     
0         -3.4149091e+02      +0.0000000e+00      +0.0000000e+00      +0.0000000e+00      
1         -3.4149091e+02      +3.2849812e-10      +7.2097003e-05      +8.9388933e-06      
2         -3.4149091e+02      +3.2838443e-10      +7.2072051e-05      +8.9357998e-06      
3         -3.4149091e+02      +3.2798653e-10      +7.1984722e-05      +8.9249722e-06      
4         -3.4142117e+02      +6.9735531e-02      +1.5305180e+04      +1.8976014e+03      
5         -3.4142117e+02      +1.5667183e-09      +3.4385492e-04      +4.2632597e-05      
6         -3.4142117e+02      +1.3034196e-09      +2.8606753e-04      +3.5467871e-05      
7         -3.4142117e+02      +1.7383286e-09      +3.8151902e-04      +4.7302353e-05      
8         -3.4142110e+02      +6.9890622e-05      +1.5339218e+01      +1.9018216e+00      
9         -3.4142110e+02      +9.2740038e-10      +2.0354085e-04      +2.5235862e-05      
10        -3.4142110e+02      +9.6150643e-10      +2.1102627e-04      +2.6163935e-05      
11        -3.4142110e+02      +7.5050366e-10      +1.6471651e-04      +2.0422255e-05      
12        -3.4142110e+02      +9.6383701e-10      +2.1153777e-04      +2.6227353e-05      
13        -3.4142110e+02      +1.9558115e-09      +4.2925101e-04      +5.3220367e-05      
Total time taken:                  20.9742482 s
===============================================

===============================================
            Relativistic DSRG-MRPT3            
===============================================
... compute_energy_pt3_1:      62.4384537 s
... compute_energy_pt2:       0.2583244 s
... compute_energy_pt3_2:      50.0431209 s
... compute_energy_pt3_3:      11.2461624 s
-----------------------------------------------
        DSRG-MRPT3 reference relaxation        
-----------------------------------------------
Iter                          Energy              Delta E   
   -Eref  -341.4410664       
   -Ecorr -0.2536108       
<Psi^(0)|Hbar^(0)|Psi^(0)>    -341.6946772        -3.41695e+02
   -Erelax-0.0000006       
<Psi^(0)|Hbar^(1)|Psi^(0)>    -341.6946779        -6.21499e-07
   -Eref  -341.4410659       
   -Ecorr -0.2536120       
<Psi^(1)|Hbar^(1)|Psi^(1)>    -341.6946779        -3.25567e-08
   -Erelax-0.0000000       
<Psi^(1)|Hbar^(2)|Psi^(1)>    -341.6946779        -3.99950e-10
   -Eref  -341.4410659       
   -Ecorr -0.2536120       
<Psi^(2)|Hbar^(2)|Psi^(2)>    -341.6946779        3.75883e-09
   -Erelax-0.0000000       
<Psi^(2)|Hbar^(3)|Psi^(2)>    -341.6946779        -1.25056e-12
Unrelaxed DSRG-MRPT3 energy:              -341.6946772 Eh
Unrelaxed DSRG-MRPT3 E_corr:                -0.2536108 Eh
Partially relaxed DSRG-MRPT3 energy:      -341.6946779 Eh
Partially relaxed DSRG-MRPT3 E_corr:        -0.2536114 Eh
Relaxed DSRG-MRPT3 energy:                -341.6946779 Eh
Relaxed DSRG-MRPT3 E_corr:                  -0.2536120 Eh
Fully relaxed DSRG-MRPT3 energy:          -341.6946779 Eh
Fully relaxed DSRG-MRPT3 E_corr:            -0.2536120 Eh
State     Energy / Eh         Splitting / Eh      Splitting / cm-1    Splitting / meV     
0         -3.4173680e+02      +0.0000000e+00      +0.0000000e+00      +0.0000000e+00      
1         -3.4173680e+02      +2.3561597e-10      +5.1711728e-05      +6.4114402e-06      
2         -3.4173680e+02      +2.3533175e-10      +5.1649350e-05      +6.4037063e-06      
3         -3.4173680e+02      +2.3555913e-10      +5.1699252e-05      +6.4098934e-06      
4         -3.4167786e+02      +5.8935436e-02      +1.2934833e+04      +1.6037157e+03      
5         -3.4167786e+02      +7.0110673e-10      +1.5387514e-04      +1.9078095e-05      
6         -3.4167786e+02      +5.6866156e-10      +1.2480679e-04      +1.5474077e-05      
7         -3.4167786e+02      +7.6465767e-10      +1.6782296e-04      +2.0807405e-05      
8         -3.4167780e+02      +5.9916196e-05      +1.3150085e+01      +1.6304035e+00      
9         -3.4167780e+02      +3.5720404e-10      +7.8397225e-05      +9.7200218e-06      
10        -3.4167780e+02      +3.4106051e-10      +7.4854130e-05      +9.2807337e-06      
11        -3.4167780e+02      +4.0159875e-10      +8.8140738e-05      +1.0928064e-05      
12        -3.4167780e+02      +4.2973625e-10      +9.4316204e-05      +1.1693724e-05      
13        -3.4167780e+02      +6.0418870e-10      +1.3260409e-04      +1.6440820e-05      
Time taken:                     1062.8135736 s
===============================================
===============================================
              PySCF DHF interface              
===============================================
Will now allocate 3.102 GB memory for the AO ERI tensor!

Timing report
....integral transformation:     206.9461887 s

===============================================
            Relativistic CASCI(6,8)            
===============================================
Will now allocate 0.013 MB memory for the CASCI Hamiltonian!
Time taken for 1-RDM build:        0.0091875 s
Time taken for 1-RDM build:        0.0090704 s
Time taken for 1-RDM build:        0.0090551 s
Time taken for 1-RDM build:        0.0090322 s
Time taken for 1-RDM build:        0.0089092 s
Time taken for 1-RDM build:        0.0087545 s
Time taken for 1-RDM build:        0.0088840 s
Time taken for 1-RDM build:        0.0087616 s
Time taken for 1-RDM build:        0.0087929 s
Time taken for 2-RDM build:        0.0288653 s
Time taken for 2-RDM build:        0.0284956 s
Time taken for 2-RDM build:        0.0284696 s
Time taken for 2-RDM build:        0.0283542 s
Time taken for 2-RDM build:        0.0285106 s
Time taken for 2-RDM build:        0.0284626 s
Time taken for 2-RDM build:        0.0285618 s
Time taken for 2-RDM build:        0.0284264 s
Time taken for 2-RDM build:        0.0284326 s
Time taken for 3-RDM build:        0.1646113 s
Time taken for 3-RDM build:        0.1522377 s
Time taken for 3-RDM build:        0.1519949 s
Time taken for 3-RDM build:        0.1519232 s
Time taken for 3-RDM build:        0.1515434 s
Time taken for 3-RDM build:        0.1517332 s
Time taken for 3-RDM build:        0.1516807 s
Time taken for 3-RDM build:        0.1520746 s
Time taken for 3-RDM build:        0.1525936 s
E_frzc:                         -388.5675376 Eh
E_cas:                            -9.9659359 Eh
E_nuc:                             0.0000000 Eh
E_casci:                        -398.5325748 Eh
E0 (from RDM):                  -398.5325748 Eh
Ecorr:                            -0.1603097 Eh

Timing summary
... Hamil build:                    0.0724971 s
... Hamil diag:                     0.0004482 s
... RDM build:                     14.1266809 s
State     Energy / Eh         Splitting / Eh      Splitting / cm-1    Splitting / meV     
0         -3.9853347e+02      +0.0000000e+00      +0.0000000e+00      +0.0000000e+00      
1         -3.9853347e+02      +5.6296585e-09      +1.2355672e-03      +1.5319088e-04      
2         -3.9853347e+02      +5.9783360e-09      +1.3120931e-03      +1.6267889e-04      
3         -3.9853347e+02      +5.6479053e-09      +1.2395719e-03      +1.5368740e-04      
4         -3.9853347e+02      +5.6580234e-09      +1.2417926e-03      +1.5396273e-04      
5         -3.9853166e+02      +1.8163270e-03      +3.9863770e+02      +4.9424800e+01      
6         -3.9853166e+02      +3.5533390e-09      +7.7986775e-04      +9.6691324e-05      
7         -3.9853166e+02      +3.5755647e-09      +7.8474575e-04      +9.7296119e-05      
8         -3.9853083e+02      +8.2294816e-04      +1.8061624e+02      +2.2393571e+01      
Total time taken:                  14.8911531 s
===============================================

===============================================
            Relativistic DSRG-MRPT3            
===============================================
... compute_energy_pt3_1:      63.4781992 s
... compute_energy_pt2:       0.2558672 s
... compute_energy_pt3_2:      51.6716893 s
... compute_energy_pt3_3:      12.0016966 s
-----------------------------------------------
        DSRG-MRPT3 reference relaxation        
-----------------------------------------------
Iter                          Energy              Delta E   
   -Eref  -398.5325748       
   -Ecorr -0.2959726       
<Psi^(0)|Hbar^(0)|Psi^(0)>    -398.8285475        -3.98829e+02
   -Erelax-0.0000006       
<Psi^(0)|Hbar^(1)|Psi^(0)>    -398.8285480        -5.62932e-07
   -Eref  -398.5325742       
   -Ecorr -0.2959743       
<Psi^(1)|Hbar^(1)|Psi^(1)>    -398.8285485        -4.30796e-07
   -Erelax-0.0000000       
<Psi^(1)|Hbar^(2)|Psi^(1)>    -398.8285485        -3.33671e-11
   -Eref  -398.5325742       
   -Ecorr -0.2959743       
<Psi^(2)|Hbar^(2)|Psi^(2)>    -398.8285485        3.38088e-09
   -Erelax0.0000000       
<Psi^(2)|Hbar^(3)|Psi^(2)>    -398.8285485        0.00000e+00
Unrelaxed DSRG-MRPT3 energy:              -398.8285475 Eh
Unrelaxed DSRG-MRPT3 E_corr:                -0.2959726 Eh
Partially relaxed DSRG-MRPT3 energy:      -398.8285480 Eh
Partially relaxed DSRG-MRPT3 E_corr:        -0.2959732 Eh
Relaxed DSRG-MRPT3 energy:                -398.8285485 Eh
Relaxed DSRG-MRPT3 E_corr:                  -0.2959743 Eh
Fully relaxed DSRG-MRPT3 energy:          -398.8285485 Eh
Fully relaxed DSRG-MRPT3 E_corr:            -0.2959743 Eh
State     Energy / Eh         Splitting / Eh      Splitting / cm-1    Splitting / meV     
0         -3.9882947e+02      +0.0000000e+00      +0.0000000e+00      +0.0000000e+00      
1         -3.9882947e+02      +2.0649509e-09      +4.5320433e-04      +5.6190202e-05      
2         -3.9882947e+02      +1.6042918e-09      +3.5210135e-04      +4.3655025e-05      
3         -3.9882947e+02      +1.4882744e-09      +3.2663847e-04      +4.0498028e-05      
4         -3.9882947e+02      +1.8826540e-09      +4.1319480e-04      +5.1229650e-05      
5         -3.9882761e+02      +1.8647647e-03      +4.0926855e+02      +5.0742857e+01      
6         -3.9882761e+02      +8.5719876e-10      +1.8813338e-04      +2.3325577e-05      
7         -3.9882761e+02      +1.0237500e-09      +2.2468715e-04      +2.7857669e-05      
8         -3.9882676e+02      +8.4418823e-04      +1.8527790e+02      +2.2971543e+01      
Time taken:                      647.7265229 s
===============================================
===============================================
              PySCF DHF interface              
===============================================
Will now allocate 3.102 GB memory for the AO ERI tensor!

Timing report
....integral transformation:     199.7966428 s

===============================================
            Relativistic CASCI(7,8)            
===============================================
Will now allocate 0.001 MB memory for the CASCI Hamiltonian!
Time taken for 1-RDM build:        0.0014315 s
Time taken for 1-RDM build:        0.0014086 s
Time taken for 1-RDM build:        0.0014176 s
Time taken for 1-RDM build:        0.0013971 s
Time taken for 1-RDM build:        0.0014086 s
Time taken for 1-RDM build:        0.0013995 s
Time taken for 2-RDM build:        0.0031142 s
Time taken for 2-RDM build:        0.0030031 s
Time taken for 2-RDM build:        0.0029929 s
Time taken for 2-RDM build:        0.0029938 s
Time taken for 2-RDM build:        0.0029955 s
Time taken for 2-RDM build:        0.0029914 s
Time taken for 3-RDM build:        0.0674484 s
Time taken for 3-RDM build:        0.0266490 s
Time taken for 3-RDM build:        0.0266786 s
Time taken for 3-RDM build:        0.0266755 s
Time taken for 3-RDM build:        0.0266433 s
Time taken for 3-RDM build:        0.0266428 s
E_frzc:                         -446.0682972 Eh
E_cas:                           -14.7582517 Eh
E_nuc:                             0.0000000 Eh
E_casci:                        -460.8252020 Eh
E0 (from RDM):                  -460.8252020 Eh
Ecorr:                             0.0013470 Eh

Timing summary
... Hamil build:                    0.0381176 s
... Hamil diag:                     0.0003636 s
... RDM build:                     12.4948750 s
State     Energy / Eh         Splitting / Eh      Splitting / cm-1    Splitting / meV     
0         -4.6082655e+02      +0.0000000e+00      +0.0000000e+00      +0.0000000e+00      
1         -4.6082655e+02      +1.2022326e-08      +2.6385956e-03      +3.2714432e-04      
2         -4.6082655e+02      +5.7600573e-09      +1.2641864e-03      +1.5673922e-04      
3         -4.6082655e+02      +1.1622035e-08      +2.5507418e-03      +3.1625183e-04      
4         -4.6082251e+02      +4.0408198e-03      +8.8685742e+02      +1.0995636e+02      
5         -4.6082251e+02      +2.0031848e-08      +4.3964825e-03      +5.4509461e-04      
Total time taken:                  13.1928451 s
===============================================

===============================================
            Relativistic DSRG-MRPT3            
===============================================
... compute_energy_pt3_1:      63.1342349 s
... compute_energy_pt2:       0.2424030 s
... compute_energy_pt3_2:      49.7719324 s
... compute_energy_pt3_3:      11.3082397 s
-----------------------------------------------
        DSRG-MRPT3 reference relaxation        
-----------------------------------------------
Iter                          Energy              Delta E   
   -Eref  -460.8252020       
   -Ecorr -0.3490801       
<Psi^(0)|Hbar^(0)|Psi^(0)>    -461.1742821        -4.61174e+02
   -Erelax0.0000000       
<Psi^(0)|Hbar^(1)|Psi^(0)>    -461.1742821        0.00000e+00
   -Eref  -460.8252020       
   -Ecorr -0.3490801       
<Psi^(1)|Hbar^(1)|Psi^(1)>    -461.1742821        1.13687e-13
   -Erelax0.0000000       
<Psi^(1)|Hbar^(2)|Psi^(1)>    -461.1742821        0.00000e+00
Unrelaxed DSRG-MRPT3 energy:              -461.1742821 Eh
Unrelaxed DSRG-MRPT3 E_corr:                -0.3490801 Eh
Partially relaxed DSRG-MRPT3 energy:      -461.1742821 Eh
Partially relaxed DSRG-MRPT3 E_corr:        -0.3490801 Eh
Relaxed DSRG-MRPT3 energy:                -461.1742821 Eh
Relaxed DSRG-MRPT3 E_corr:                  -0.3490801 Eh
Fully relaxed DSRG-MRPT3 energy:          -461.1742821 Eh
Fully relaxed DSRG-MRPT3 E_corr:            -0.3490801 Eh
State     Energy / Eh         Splitting / Eh      Splitting / cm-1    Splitting / meV     
0         -4.6117564e+02      +0.0000000e+00      +0.0000000e+00      +0.0000000e+00      
1         -4.6117564e+02      +2.7685019e-09      +6.0761592e-04      +7.5334809e-05      
2         -4.6117564e+02      +2.1794335e-09      +4.7833037e-04      +5.9305435e-05      
3         -4.6117564e+02      +2.5772806e-09      +5.6564771e-04      +7.0131411e-05      
4         -4.6117156e+02      +4.0820481e-03      +8.9590599e+02      +1.1107824e+02      
5         -4.6117156e+02      +4.9547566e-09      +1.0874434e-03      +1.3482586e-04      
Time taken:                      489.4467311 s
===============================================
===============================================
              PySCF DHF interface              
===============================================

Timing report
....integral reading:      24.8848498 s

===============================================
            Relativistic CASCI(3,8)            
===============================================
Will now allocate 0.050 MB memory for the CASCI Hamiltonian!
Time taken for 1-RDM build:        0.0057805 s
Time taken for 1-RDM build:        0.0057762 s
Time taken for 1-RDM build:        0.0057847 s
Time taken for 1-RDM build:        0.0057671 s
Time taken for 1-RDM build:        0.0057712 s
Time taken for 1-RDM build:        0.0058057 s
Time taken for 2-RDM build:        0.0238390 s
Time taken for 2-RDM build:        0.0237873 s
Time taken for 2-RDM build:        0.0237408 s
Time taken for 2-RDM build:        0.0237210 s
Time taken for 2-RDM build:        0.0237100 s
Time taken for 2-RDM build:        0.0237749 s
Time taken for 3-RDM build:        0.0670874 s
Time taken for 3-RDM build:        0.0670142 s
Time taken for 3-RDM build:        0.0662391 s
Time taken for 3-RDM build:        0.0660996 s
Time taken for 3-RDM build:        0.0661912 s
Time taken for 3-RDM build:        0.0662398 s
E_frzc:                        -1939.7138290 Eh
E_cas:                            -2.0100161 Eh
E_nuc:                             0.0000000 Eh
E_casci:                       -1941.7217616 Eh
E0 (from RDM):                 -1941.7217616 Eh
Ecorr:                            -0.1944870 Eh

Timing summary
... Hamil build:                    0.0174677 s
... Hamil diag:                     0.0008786 s
... RDM build:                     46.6074796 s
State     Energy / Eh         Splitting / Eh      Splitting / cm-1    Splitting / meV     
0         -1.9417238e+03      +0.0000000e+00      +0.0000000e+00      +0.0000000e+00      
1         -1.9417238e+03      +1.0702479e-09      +2.3489226e-04      +2.9122942e-05      
2         -1.9417207e+03      +3.1252750e-03      +6.8591858e+02      +8.5043106e+01      
3         -1.9417207e+03      +1.1004886e-09      +2.4152933e-04      +2.9945834e-05      
4         -1.9417207e+03      +9.5178621e-10      +2.0889293e-04      +2.5899434e-05      
5         -1.9417207e+03      +6.4619599e-10      +1.4182362e-04      +1.7583897e-05      
Total time taken:                  50.2660897 s
===============================================

===============================================
            Relativistic DSRG-MRPT3            
===============================================
... compute_energy_pt3_1:     446.6084216 s
... compute_energy_pt2:       1.1577559 s
... compute_energy_pt3_2:     359.2511170 s
... compute_energy_pt3_3:      90.4206958 s
-----------------------------------------------
        DSRG-MRPT3 reference relaxation        
-----------------------------------------------
Iter                          Energy              Delta E   
   -Eref  -1941.7217616       
   -Ecorr -0.8236124       
<Psi^(0)|Hbar^(0)|Psi^(0)>    -1942.5453740       -1.94255e+03
   -Erelax-0.0002966       
<Psi^(0)|Hbar^(1)|Psi^(0)>    -1942.5456706       -2.96619e-04
   -Eref  -1941.7214713       
   -Ecorr -0.8242172       
<Psi^(1)|Hbar^(1)|Psi^(1)>    -1942.5456884       -1.77998e-05
   -Erelax-0.0000000       
<Psi^(1)|Hbar^(2)|Psi^(1)>    -1942.5456884       -3.74484e-10
   -Eref  -1941.7214706       
   -Ecorr -0.8242178       
<Psi^(2)|Hbar^(2)|Psi^(2)>    -1942.5456884       -1.97058e-08
   -Erelax0.0000000       
<Psi^(2)|Hbar^(3)|Psi^(2)>    -1942.5456884       0.00000e+00
   -Eref  -1941.7214706       
   -Ecorr -0.8242178       
<Psi^(3)|Hbar^(3)|Psi^(3)>    -1942.5456884       -2.00089e-11
   -Erelax0.0000000       
<Psi^(3)|Hbar^(4)|Psi^(3)>    -1942.5456884       0.00000e+00
Unrelaxed DSRG-MRPT3 energy:             -1942.5453740 Eh
Unrelaxed DSRG-MRPT3 E_corr:                -0.8236124 Eh
Partially relaxed DSRG-MRPT3 energy:     -1942.5456706 Eh
Partially relaxed DSRG-MRPT3 E_corr:        -0.8239090 Eh
Relaxed DSRG-MRPT3 energy:               -1942.5456884 Eh
Relaxed DSRG-MRPT3 E_corr:                  -0.8242172 Eh
Fully relaxed DSRG-MRPT3 energy:         -1942.5456884 Eh
Fully relaxed DSRG-MRPT3 E_corr:            -0.8242178 Eh
State     Energy / Eh         Splitting / Eh      Splitting / cm-1    Splitting / meV     
0         -1.9425481e+03      +0.0000000e+00      +0.0000000e+00      +0.0000000e+00      
1         -1.9425481e+03      +6.3596417e-10      +1.3957800e-04      +1.7305475e-05      
2         -1.9425445e+03      +3.5884129e-03      +7.8756559e+02      +9.7645734e+01      
3         -1.9425445e+03      +6.3050720e-10      +1.3838033e-04      +1.7156983e-05      
4         -1.9425445e+03      +5.4205884e-10      +1.1896816e-04      +1.4750179e-05      
5         -1.9425445e+03      +3.9744918e-10      +8.7230013e-05      +1.0815148e-05      
Time taken:                     4574.2599211 s
===============================================
===============================================
              PySCF DHF interface              
===============================================

Timing report
....integral reading:      25.2537978 s

===============================================
            Relativistic CASCI(4,8)            
===============================================
Will now allocate 0.078 MB memory for the CASCI Hamiltonian!
Time taken for 1-RDM build:        0.0093067 s
Time taken for 1-RDM build:        0.0085917 s
Time taken for 1-RDM build:        0.0083621 s
Time taken for 1-RDM build:        0.0084920 s
Time taken for 1-RDM build:        0.0084200 s
Time taken for 1-RDM build:        0.0080636 s
Time taken for 1-RDM build:        0.0080783 s
Time taken for 1-RDM build:        0.0085418 s
Time taken for 1-RDM build:        0.0084400 s
Time taken for 2-RDM build:        0.0350409 s
Time taken for 2-RDM build:        0.0345368 s
Time taken for 2-RDM build:        0.0346155 s
Time taken for 2-RDM build:        0.0346463 s
Time taken for 2-RDM build:        0.0346851 s
Time taken for 2-RDM build:        0.0346301 s
Time taken for 2-RDM build:        0.0351174 s
Time taken for 2-RDM build:        0.0345960 s
Time taken for 2-RDM build:        0.0347373 s
Time taken for 3-RDM build:        0.1542153 s
Time taken for 3-RDM build:        0.1512840 s
Time taken for 3-RDM build:        0.1513381 s
Time taken for 3-RDM build:        0.1516469 s
Time taken for 3-RDM build:        0.1515663 s
Time taken for 3-RDM build:        0.1515145 s
Time taken for 3-RDM build:        0.1515982 s
Time taken for 3-RDM build:        0.1514711 s
Time taken for 3-RDM build:        0.1514964 s
E_frzc:                        -2092.8592106 Eh
E_cas:                            -3.6862998 Eh
E_nuc:                             0.0000000 Eh
E_casci:                       -2096.5413860 Eh
E0 (from RDM):                 -2096.5413860 Eh
Ecorr:                            -0.2153364 Eh

Timing summary
... Hamil build:                    0.0273163 s
... Hamil diag:                     0.0013220 s
... RDM build:                     47.6515455 s
State     Energy / Eh         Splitting / Eh      Splitting / cm-1    Splitting / meV     
0         -2.0965455e+03      +0.0000000e+00      +0.0000000e+00      +0.0000000e+00      
1         -2.0965432e+03      +2.3344184e-03      +5.1234561e+02      +6.3522789e+01      
2         -2.0965432e+03      +6.4164851e-10      +1.4082557e-04      +1.7460154e-05      
3         -2.0965432e+03      +5.3205440e-10      +1.1677244e-04      +1.4477945e-05      
4         -2.0965395e+03      +3.6890520e-03      +8.0965333e+02      +1.0038427e+02      
5         -2.0965395e+03      +9.3723429e-10      +2.0569915e-04      +2.5503456e-05      
6         -2.0965395e+03      +1.0586518e-09      +2.3234722e-04      +2.8807397e-05      
7         -2.0965395e+03      +1.1709744e-09      +2.5699918e-04      +3.1863852e-05      
8         -2.0965395e+03      +1.0372787e-09      +2.2765636e-04      +2.8225805e-05      
Total time taken:                  51.3447342 s
===============================================

===============================================
            Relativistic DSRG-MRPT3            
===============================================
... compute_energy_pt3_1:     402.8046236 s
... compute_energy_pt2:       1.2048655 s
... compute_energy_pt3_2:     354.7226932 s
... compute_energy_pt3_3:      97.5868423 s
-----------------------------------------------
        DSRG-MRPT3 reference relaxation        
-----------------------------------------------
Iter                          Energy              Delta E   
   -Eref  -2096.5413860       
   -Ecorr -0.8381579       
<Psi^(0)|Hbar^(0)|Psi^(0)>    -2097.3795439       -2.09738e+03
   -Erelax-0.0001217       
<Psi^(0)|Hbar^(1)|Psi^(0)>    -2097.3796656       -1.21713e-04
   -Eref  -2096.5412648       
   -Ecorr -0.8384368       
<Psi^(1)|Hbar^(1)|Psi^(1)>    -2097.3797016       -3.60777e-05
   -Erelax-0.0000000       
<Psi^(1)|Hbar^(2)|Psi^(1)>    -2097.3797017       -1.05920e-08
   -Eref  -2096.5412642       
   -Ecorr -0.8384375       
<Psi^(2)|Hbar^(2)|Psi^(2)>    -2097.3797017       -5.18462e-08
   -Erelax-0.0000000       
<Psi^(2)|Hbar^(3)|Psi^(2)>    -2097.3797017       -1.59162e-11
   -Eref  -2096.5412642       
   -Ecorr -0.8384375       
<Psi^(3)|Hbar^(3)|Psi^(3)>    -2097.3797017       -2.23145e-09
   -Erelax-0.0000000       
<Psi^(3)|Hbar^(4)|Psi^(3)>    -2097.3797017       0.00000e+00
Unrelaxed DSRG-MRPT3 energy:             -2097.3795439 Eh
Unrelaxed DSRG-MRPT3 E_corr:                -0.8381579 Eh
Partially relaxed DSRG-MRPT3 energy:     -2097.3796656 Eh
Partially relaxed DSRG-MRPT3 E_corr:        -0.8382796 Eh
Relaxed DSRG-MRPT3 energy:               -2097.3797016 Eh
Relaxed DSRG-MRPT3 E_corr:                  -0.8384368 Eh
Fully relaxed DSRG-MRPT3 energy:         -2097.3797017 Eh
Fully relaxed DSRG-MRPT3 E_corr:            -0.8384375 Eh
State     Energy / Eh         Splitting / Eh      Splitting / cm-1    Splitting / meV     
0         -2.0973842e+03      +0.0000000e+00      +0.0000000e+00      +0.0000000e+00      
1         -2.0973816e+03      +2.5882285e-03      +5.6805049e+02      +7.0429318e+01      
2         -2.0973816e+03      +3.7289283e-10      +8.1840515e-05      +1.0146936e-05      
3         -2.0973816e+03      +3.4788172e-10      +7.6351213e-05      +9.4663484e-06      
4         -2.0973776e+03      +3.9897196e-03      +8.7564223e+02      +1.0856585e+02      
5         -2.0973776e+03      +4.7612048e-10      +1.0449637e-04      +1.2955904e-05      
6         -2.0973776e+03      +5.4888005e-10      +1.2046525e-04      +1.4935794e-05      
7         -2.0973776e+03      +5.6161298e-10      +1.2325980e-04      +1.5282275e-05      
8         -2.0973776e+03      +4.8203219e-10      +1.0579384e-04      +1.3116770e-05      
Time taken:                     4493.6210527 s
===============================================
===============================================
              PySCF DHF interface              
===============================================

Timing report
....integral reading:      24.9233482 s

===============================================
            Relativistic CASCI(5,8)            
===============================================
Will now allocate 0.050 MB memory for the CASCI Hamiltonian!
Time taken for 1-RDM build:        0.0056942 s
Time taken for 1-RDM build:        0.0056617 s
Time taken for 1-RDM build:        0.0056612 s
Time taken for 1-RDM build:        0.0056405 s
Time taken for 1-RDM build:        0.0056717 s
Time taken for 1-RDM build:        0.0056562 s
Time taken for 1-RDM build:        0.0056593 s
Time taken for 1-RDM build:        0.0056314 s
Time taken for 1-RDM build:        0.0056376 s
Time taken for 1-RDM build:        0.0056407 s
Time taken for 1-RDM build:        0.0056758 s
Time taken for 1-RDM build:        0.0056691 s
Time taken for 1-RDM build:        0.0056553 s
Time taken for 1-RDM build:        0.0056579 s
Time taken for 2-RDM build:        0.0255156 s
Time taken for 2-RDM build:        0.0252955 s
Time taken for 2-RDM build:        0.0254116 s
Time taken for 2-RDM build:        0.0252702 s
Time taken for 2-RDM build:        0.0254254 s
Time taken for 2-RDM build:        0.0253210 s
Time taken for 2-RDM build:        0.0254211 s
Time taken for 2-RDM build:        0.0253069 s
Time taken for 2-RDM build:        0.0253913 s
Time taken for 2-RDM build:        0.0252929 s
Time taken for 2-RDM build:        0.0253878 s
Time taken for 2-RDM build:        0.0253100 s
Time taken for 2-RDM build:        0.0254345 s
Time taken for 2-RDM build:        0.0253320 s
Time taken for 3-RDM build:        0.1506610 s
Time taken for 3-RDM build:        0.1488364 s
Time taken for 3-RDM build:        0.1489530 s
Time taken for 3-RDM build:        0.1488652 s
Time taken for 3-RDM build:        0.1487651 s
Time taken for 3-RDM build:        0.1485503 s
Time taken for 3-RDM build:        0.1488698 s
Time taken for 3-RDM build:        0.1486051 s
Time taken for 3-RDM build:        0.1488864 s
Time taken for 3-RDM build:        0.1487598 s
Time taken for 3-RDM build:        0.1487751 s
Time taken for 3-RDM build:        0.1485636 s
Time taken for 3-RDM build:        0.1487291 s
Time taken for 3-RDM build:        0.1488638 s
E_frzc:                        -2252.3726240 Eh
E_cas:                            -6.0718308 Eh
E_nuc:                             0.0000000 Eh
E_casci:                       -2258.3972569 Eh
E0 (from RDM):                 -2258.3972569 Eh
Ecorr:                            -0.0178409 Eh

Timing summary
... Hamil build:                    0.0211751 s
... Hamil diag:                     0.0006461 s
... RDM build:                     47.7535250 s
State     Energy / Eh         Splitting / Eh      Splitting / cm-1    Splitting / meV     
0         -2.2584445e+03      +0.0000000e+00      +0.0000000e+00      +0.0000000e+00      
1         -2.2584445e+03      +5.2432370e-10      +1.1507575e-04      +1.4267581e-05      
2         -2.2584445e+03      +5.2705218e-10      +1.1567458e-04      +1.4341827e-05      
3         -2.2584445e+03      +5.1386451e-10      +1.1278022e-04      +1.3982972e-05      
4         -2.2583793e+03      +6.5107933e-02      +1.4289540e+04      +1.7716780e+03      
5         -2.2583793e+03      +9.2859409e-10      +2.0380284e-04      +2.5268344e-05      
6         -2.2583793e+03      +1.1159500e-09      +2.4492271e-04      +3.0366561e-05      
7         -2.2583793e+03      +5.1250026e-10      +1.1248081e-04      +1.3945849e-05      
8         -2.2583777e+03      +1.6153755e-03      +3.5453394e+02      +4.3956628e+01      
9         -2.2583777e+03      +7.5033313e-10      +1.6467909e-04      +2.0417614e-05      
10        -2.2583777e+03      +4.8839865e-10      +1.0719111e-04      +1.3290011e-05      
11        -2.2583777e+03      +1.4611032e-09      +3.2067509e-04      +3.9758663e-05      
12        -2.2583777e+03      +1.6329977e-09      +3.5840157e-04      +4.4436153e-05      
13        -2.2583777e+03      +6.3982952e-10      +1.4042635e-04      +1.7410656e-05      
Total time taken:                  51.4162416 s
===============================================

===============================================
            Relativistic DSRG-MRPT3            
===============================================
... compute_energy_pt3_1:     417.0154376 s
... compute_energy_pt2:       1.3494632 s
... compute_energy_pt3_2:     353.1890724 s
... compute_energy_pt3_3:      98.9137945 s
-----------------------------------------------
        DSRG-MRPT3 reference relaxation        
-----------------------------------------------
Iter                          Energy              Delta E   
   -Eref  -2258.3972569       
   -Ecorr -0.8644604       
<Psi^(0)|Hbar^(0)|Psi^(0)>    -2259.2617172       -2.25926e+03
   -Erelax-0.0000087       
<Psi^(0)|Hbar^(1)|Psi^(0)>    -2259.2617260       -8.71845e-06
   -Eref  -2258.3972492       
   -Ecorr -0.8644774       
<Psi^(1)|Hbar^(1)|Psi^(1)>    -2259.2617266       -6.42613e-07
   -Erelax-0.0000000       
<Psi^(1)|Hbar^(2)|Psi^(1)>    -2259.2617266       -1.05319e-09
   -Eref  -2258.3972491       
   -Ecorr -0.8644774       
<Psi^(2)|Hbar^(2)|Psi^(2)>    -2259.2617266       2.74085e-08
   -Erelax-0.0000000       
<Psi^(2)|Hbar^(3)|Psi^(2)>    -2259.2617266       -9.09495e-13
   -Eref  -2258.3972491       
   -Ecorr -0.8644774       
<Psi^(3)|Hbar^(3)|Psi^(3)>    -2259.2617266       8.72660e-10
   -Erelax0.0000000       
<Psi^(3)|Hbar^(4)|Psi^(3)>    -2259.2617266       0.00000e+00
Unrelaxed DSRG-MRPT3 energy:             -2259.2617172 Eh
Unrelaxed DSRG-MRPT3 E_corr:                -0.8644604 Eh
Partially relaxed DSRG-MRPT3 energy:     -2259.2617260 Eh
Partially relaxed DSRG-MRPT3 E_corr:        -0.8644691 Eh
Relaxed DSRG-MRPT3 energy:               -2259.2617266 Eh
Relaxed DSRG-MRPT3 E_corr:                  -0.8644774 Eh
Fully relaxed DSRG-MRPT3 energy:         -2259.2617266 Eh
Fully relaxed DSRG-MRPT3 E_corr:            -0.8644774 Eh
State     Energy / Eh         Splitting / Eh      Splitting / cm-1    Splitting / meV     
0         -2.2593023e+03      +0.0000000e+00      +0.0000000e+00      +0.0000000e+00      
1         -2.2593023e+03      +2.3055691e-10      +5.0601392e-05      +6.2737760e-06      
2         -2.2593023e+03      +2.4556357e-10      +5.3894974e-05      +6.6821283e-06      
3         -2.2593023e+03      +2.2873792e-10      +5.0202170e-05      +6.2242787e-06      
4         -2.2592464e+03      +5.5944968e-02      +1.2278501e+04      +1.5223408e+03      
5         -2.2592464e+03      +3.0740921e-10      +6.7468522e-05      +8.3650346e-06      
6         -2.2592464e+03      +2.6875568e-10      +5.8985054e-05      +7.3132182e-06      
7         -2.2592464e+03      +2.5784175e-10      +5.6589722e-05      +7.0162347e-06      
8         -2.2592449e+03      +1.5311372e-03      +3.3604576e+02      +4.1664384e+01      
9         -2.2592449e+03      +3.7152859e-10      +8.1541099e-05      +1.0109813e-05      
10        -2.2592449e+03      +8.8220986e-11      +1.9362268e-05      +2.4006165e-06      
11        -2.2592449e+03      +6.2073013e-10      +1.3623452e-04      +1.6890935e-05      
12        -2.2592449e+03      +6.5756467e-10      +1.4431876e-04      +1.7893255e-05      
13        -2.2592449e+03      +2.0736479e-10      +4.5511311e-05      +5.6426861e-06      
Time taken:                     4474.9558148 s
===============================================
===============================================
              PySCF DHF interface              
===============================================

Timing report
....integral reading:      24.6779099 s

===============================================
            Relativistic CASCI(6,8)            
===============================================
Will now allocate 0.013 MB memory for the CASCI Hamiltonian!
Time taken for 1-RDM build:        0.0022171 s
Time taken for 1-RDM build:        0.0021925 s
Time taken for 1-RDM build:        0.0021799 s
Time taken for 1-RDM build:        0.0021884 s
Time taken for 1-RDM build:        0.0021904 s
Time taken for 1-RDM build:        0.0021818 s
Time taken for 1-RDM build:        0.0021822 s
Time taken for 1-RDM build:        0.0021844 s
Time taken for 1-RDM build:        0.0021811 s
Time taken for 2-RDM build:        0.0085855 s
Time taken for 2-RDM build:        0.0085285 s
Time taken for 2-RDM build:        0.0085208 s
Time taken for 2-RDM build:        0.0085459 s
Time taken for 2-RDM build:        0.0085387 s
Time taken for 2-RDM build:        0.0085547 s
Time taken for 2-RDM build:        0.0085273 s
Time taken for 2-RDM build:        0.0085280 s
Time taken for 2-RDM build:        0.0085237 s
Time taken for 3-RDM build:        0.0680068 s
Time taken for 3-RDM build:        0.0668087 s
Time taken for 3-RDM build:        0.0667348 s
Time taken for 3-RDM build:        0.0667603 s
Time taken for 3-RDM build:        0.0665467 s
Time taken for 3-RDM build:        0.0665052 s
Time taken for 3-RDM build:        0.0665405 s
Time taken for 3-RDM build:        0.0667381 s
Time taken for 3-RDM build:        0.0666986 s
E_frzc:                        -2418.2608262 Eh
E_cas:                            -9.1774708 Eh
E_nuc:                             0.0000000 Eh
E_casci:                       -2427.4340589 Eh
E0 (from RDM):                 -2427.4340589 Eh
Ecorr:                            -0.1372548 Eh

Timing summary
... Hamil build:                    0.0099821 s
... Hamil diag:                     0.0003600 s
... RDM build:                     43.4640849 s
State     Energy / Eh         Splitting / Eh      Splitting / cm-1    Splitting / meV     
0         -2.4274383e+03      +0.0000000e+00      +0.0000000e+00      +0.0000000e+00      
1         -2.4274383e+03      +1.9413164e-09      +4.2606971e-04      +5.2825936e-05      
2         -2.4274383e+03      +8.9721652e-10      +1.9691626e-04      +2.4414517e-05      
3         -2.4274383e+03      +1.1737029e-09      +2.5759801e-04      +3.1938098e-05      
4         -2.4274383e+03      +1.8349056e-09      +4.0271522e-04      +4.9930347e-05      
5         -2.4274294e+03      +8.8831576e-03      +1.9496277e+03      +2.4172315e+02      
6         -2.4274294e+03      +4.1914063e-09      +9.1990735e-04      +1.1405403e-04      
7         -2.4274294e+03      +4.1027306e-09      +9.0044528e-04      +1.1164104e-04      
8         -2.4274268e+03      +2.6102260e-03      +5.7287839e+02      +7.1027902e+01      
Total time taken:                  47.1368642 s
===============================================

===============================================
            Relativistic DSRG-MRPT3            
===============================================
... compute_energy_pt3_1:     436.9705577 s
... compute_energy_pt2:       1.1636698 s
... compute_energy_pt3_2:     360.9373560 s
... compute_energy_pt3_3:      89.8722088 s
-----------------------------------------------
        DSRG-MRPT3 reference relaxation        
-----------------------------------------------
Iter                          Energy              Delta E   
   -Eref  -2427.4340589       
   -Ecorr -0.8908780       
<Psi^(0)|Hbar^(0)|Psi^(0)>    -2428.3249368       -2.42832e+03
   -Erelax-0.0000087       
<Psi^(0)|Hbar^(1)|Psi^(0)>    -2428.3249455       -8.70243e-06
   -Eref  -2427.4340490       
   -Ecorr -0.8909022       
<Psi^(1)|Hbar^(1)|Psi^(1)>    -2428.3249512       -5.65473e-06
   -Erelax-0.0000000       
<Psi^(1)|Hbar^(2)|Psi^(1)>    -2428.3249512       -1.46429e-10
   -Eref  -2427.4340490       
   -Ecorr -0.8909021       
<Psi^(2)|Hbar^(2)|Psi^(2)>    -2428.3249512       2.07510e-08
   -Erelax-0.0000000       
<Psi^(2)|Hbar^(3)|Psi^(2)>    -2428.3249512       0.00000e+00
   -Eref  -2427.4340490       
   -Ecorr -0.8909021       
<Psi^(3)|Hbar^(3)|Psi^(3)>    -2428.3249512       -1.57797e-10
   -Erelax-0.0000000       
<Psi^(3)|Hbar^(4)|Psi^(3)>    -2428.3249512       0.00000e+00
Unrelaxed DSRG-MRPT3 energy:             -2428.3249368 Eh
Unrelaxed DSRG-MRPT3 E_corr:                -0.8908780 Eh
Partially relaxed DSRG-MRPT3 energy:     -2428.3249455 Eh
Partially relaxed DSRG-MRPT3 E_corr:        -0.8908867 Eh
Relaxed DSRG-MRPT3 energy:               -2428.3249512 Eh
Relaxed DSRG-MRPT3 E_corr:                  -0.8909022 Eh
Fully relaxed DSRG-MRPT3 energy:         -2428.3249512 Eh
Fully relaxed DSRG-MRPT3 E_corr:            -0.8909021 Eh
State     Energy / Eh         Splitting / Eh      Splitting / cm-1    Splitting / meV     
0         -2.4283293e+03      +0.0000000e+00      +0.0000000e+00      +0.0000000e+00      
1         -2.4283293e+03      +6.4619599e-10      +1.4182362e-04      +1.7583897e-05      
2         -2.4283293e+03      +6.2846084e-10      +1.3793121e-04      +1.7101299e-05      
3         -2.4283293e+03      +6.8621375e-10      +1.5060651e-04      +1.8672836e-05      
4         -2.4283293e+03      +5.9617378e-10      +1.3084502e-04      +1.6222723e-05      
5         -2.4283201e+03      +9.2130588e-03      +2.0220327e+03      +2.5070022e+02      
6         -2.4283201e+03      +1.7394086e-09      +3.8175606e-04      +4.7331742e-05      
7         -2.4283201e+03      +1.6857484e-09      +3.6997901e-04      +4.5871573e-05      
8         -2.4283174e+03      +2.7023087e-03      +5.9308821e+02      +7.3533601e+01      
Time taken:                     4452.4468498 s
===============================================
===============================================
              PySCF DHF interface              
===============================================

Timing report
....integral reading:      24.8694329 s

===============================================
            Relativistic CASCI(7,8)            
===============================================
Will now allocate 0.001 MB memory for the CASCI Hamiltonian!
Time taken for 1-RDM build:        0.0003757 s
Time taken for 1-RDM build:        0.0003648 s
Time taken for 1-RDM build:        0.0003655 s
Time taken for 1-RDM build:        0.0003614 s
Time taken for 1-RDM build:        0.0003643 s
Time taken for 1-RDM build:        0.0003684 s
Time taken for 2-RDM build:        0.0010514 s
Time taken for 2-RDM build:        0.0009985 s
Time taken for 2-RDM build:        0.0009913 s
Time taken for 2-RDM build:        0.0009956 s
Time taken for 2-RDM build:        0.0009916 s
Time taken for 2-RDM build:        0.0009906 s
Time taken for 3-RDM build:        0.0139642 s
Time taken for 3-RDM build:        0.0123193 s
Time taken for 3-RDM build:        0.0122895 s
Time taken for 3-RDM build:        0.0122821 s
Time taken for 3-RDM build:        0.0122991 s
Time taken for 3-RDM build:        0.0123298 s
E_frzc:                        -2590.5378304 Eh
E_cas:                           -13.1880855 Eh
E_nuc:                             0.0000000 Eh
E_casci:                       -2603.7203212 Eh
E0 (from RDM):                 -2603.7203212 Eh
Ecorr:                            -0.0318830 Eh

Timing summary
... Hamil build:                    0.0030084 s
... Hamil diag:                     0.0001187 s
... RDM build:                     42.9407213 s
State     Energy / Eh         Splitting / Eh      Splitting / cm-1    Splitting / meV     
0         -2.6037259e+03      +0.0000000e+00      +0.0000000e+00      +0.0000000e+00      
1         -2.6037259e+03      +9.2413757e-09      +2.0282475e-03      +2.5147076e-04      
2         -2.6037259e+03      +1.8784249e-08      +4.1226661e-03      +5.1114569e-04      
3         -2.6037259e+03      +9.8884811e-09      +2.1702707e-03      +2.6907941e-04      
4         -2.6037091e+03      +1.6783801e-02      +3.6836186e+03      +4.5671072e+02      
5         -2.6037091e+03      +7.4087438e-09      +1.6260313e-03      +2.0160228e-04      
Total time taken:                  46.6051095 s
===============================================

===============================================
            Relativistic DSRG-MRPT3            
===============================================
... compute_energy_pt3_1:     430.1610224 s
... compute_energy_pt2:       1.1465304 s
... compute_energy_pt3_2:     342.3470914 s
... compute_energy_pt3_3:      92.3812943 s
-----------------------------------------------
        DSRG-MRPT3 reference relaxation        
-----------------------------------------------
Iter                          Energy              Delta E   
   -Eref  -2603.7203212       
   -Ecorr -0.9281710       
<Psi^(0)|Hbar^(0)|Psi^(0)>    -2604.6484922       -2.60465e+03
   -Erelax-0.0000000       
<Psi^(0)|Hbar^(1)|Psi^(0)>    -2604.6484922       0.00000e+00
   -Eref  -2603.7203212       
   -Ecorr -0.9281710       
<Psi^(1)|Hbar^(1)|Psi^(1)>    -2604.6484922       4.54747e-13
   -Erelax-0.0000000       
<Psi^(1)|Hbar^(2)|Psi^(1)>    -2604.6484922       0.00000e+00
Unrelaxed DSRG-MRPT3 energy:             -2604.6484922 Eh
Unrelaxed DSRG-MRPT3 E_corr:                -0.9281710 Eh
Partially relaxed DSRG-MRPT3 energy:     -2604.6484922 Eh
Partially relaxed DSRG-MRPT3 E_corr:        -0.9281710 Eh
Relaxed DSRG-MRPT3 energy:               -2604.6484922 Eh
Relaxed DSRG-MRPT3 E_corr:                  -0.9281710 Eh
Fully relaxed DSRG-MRPT3 energy:         -2604.6484922 Eh
Fully relaxed DSRG-MRPT3 E_corr:            -0.9281710 Eh
State     Energy / Eh         Splitting / Eh      Splitting / cm-1    Splitting / meV     
0         -2.6046541e+03      +0.0000000e+00      +0.0000000e+00      +0.0000000e+00      
1         -2.6046541e+03      +3.0522642e-09      +6.6989456e-04      +8.3056380e-05      
2         -2.6046541e+03      +5.7020770e-09      +1.2514612e-03      +1.5516149e-04      
3         -2.6046541e+03      +3.4606273e-09      +7.5951991e-04      +9.4168511e-05      
4         -2.6046372e+03      +1.6927058e-02      +3.7150599e+03      +4.6060894e+02      
5         -2.6046372e+03      +3.0768206e-09      +6.7528406e-04      +8.3724592e-05      
Time taken:                     2192.3462775 s
===============================================
