NOW DOING s=0.59!
===============================================
              PySCF DHF interface              
===============================================
Will now allocate 796.594 MB memory for the AO ERI tensor!

Timing report
....integral transformation:      52.5094261 s

===============================================
            Relativistic CASCI(3,8)            
===============================================
Will now allocate 0.050 MB memory for the CASCI Hamiltonian!
Time taken for 1-RDM build:        0.0216093 s
Time taken for 1-RDM build:        0.0209205 s
Time taken for 1-RDM build:        0.0206409 s
Time taken for 1-RDM build:        0.0207024 s
Time taken for 1-RDM build:        0.0209827 s
Time taken for 1-RDM build:        0.0206020 s
Time taken for 2-RDM build:        0.0826654 s
Time taken for 2-RDM build:        0.0823905 s
Time taken for 2-RDM build:        0.0823848 s
Time taken for 2-RDM build:        0.0825827 s
Time taken for 2-RDM build:        0.0825992 s
Time taken for 2-RDM build:        0.0823851 s
Time taken for 3-RDM build:        0.1856933 s
Time taken for 3-RDM build:        0.1856484 s
Time taken for 3-RDM build:        0.1845682 s
Time taken for 3-RDM build:        0.1833830 s
Time taken for 3-RDM build:        0.1849163 s
Time taken for 3-RDM build:        0.1840301 s
E_frzc:                          -21.9899228 Eh
E_cas:                            -2.5754278 Eh
E_nuc:                             0.0000000 Eh
E_casci:                         -24.5653104 Eh
E0 (from RDM):                   -24.5653104 Eh
Ecorr:                            -0.2764703 Eh

Timing summary
... Hamil build:                    0.0712748 s
... Hamil diag:                     0.0037167 s
... RDM build:                      5.3120906 s
State     Energy / Eh         Splitting / Eh      Splitting / cm-1    Splitting / meV     
0         -2.4565351e+01      +0.0000000e+00      +0.0000000e+00      +0.0000000e+00      
1         -2.4565351e+01      +1.6292141e-09      +3.5757116e-04      +4.4333195e-05      
2         -2.4565290e+01      +6.0370290e-05      +1.3249747e+01      +1.6427601e+00      
3         -2.4565290e+01      +8.2750518e-10      +1.8161639e-04      +2.2517574e-05      
4         -2.4565290e+01      +8.6880192e-10      +1.9067998e-04      +2.3641316e-05      
5         -2.4565290e+01      +1.8699780e-09      +4.1041272e-04      +5.0884716e-05      
Total time taken:                   5.5656667 s
===============================================

===============================================
            Relativistic DSRG-MRPT3            
===============================================
... compute_energy_pt3_1:      15.1483331 s
... compute_energy_pt2:       0.0879555 s
... compute_energy_pt3_2:      12.3139863 s
... compute_energy_pt3_3:       2.7058418 s
-----------------------------------------------
        DSRG-MRPT3 reference relaxation        
-----------------------------------------------
Iter                          Energy              Delta E   
   -Eref  -24.5653104       
   -Ecorr -0.0735099       
<Psi^(0)|Hbar^(0)|Psi^(0)>    -24.6388202         -2.46388e+01
   -Erelax-0.0005065       
<Psi^(0)|Hbar^(1)|Psi^(0)>    -24.6393267         -5.06473e-04
   -Eref  -24.5647984       
   -Ecorr -0.0744242       
<Psi^(1)|Hbar^(1)|Psi^(1)>    -24.6392226         1.04101e-04
   -Erelax-0.0000000       
<Psi^(1)|Hbar^(2)|Psi^(1)>    -24.6392226         -9.94937e-09
   -Eref  -24.5647939       
   -Ecorr -0.0744283       
<Psi^(2)|Hbar^(2)|Psi^(2)>    -24.6392222         4.17333e-07
   -Erelax-0.0000000       
<Psi^(2)|Hbar^(3)|Psi^(2)>    -24.6392222         -1.52767e-13
   -Eref  -24.5647939       
   -Ecorr -0.0744284       
<Psi^(3)|Hbar^(3)|Psi^(3)>    -24.6392222         1.62566e-09
   -Erelax-0.0000000       
<Psi^(3)|Hbar^(4)|Psi^(3)>    -24.6392222         -3.55271e-15
Unrelaxed DSRG-MRPT3 energy:               -24.6388202 Eh
Unrelaxed DSRG-MRPT3 E_corr:                -0.0735099 Eh
Partially relaxed DSRG-MRPT3 energy:       -24.6393267 Eh
Partially relaxed DSRG-MRPT3 E_corr:        -0.0740163 Eh
Relaxed DSRG-MRPT3 energy:                 -24.6392226 Eh
Relaxed DSRG-MRPT3 E_corr:                  -0.0744242 Eh
Fully relaxed DSRG-MRPT3 energy:           -24.6392222 Eh
Fully relaxed DSRG-MRPT3 E_corr:            -0.0744284 Eh
State     Energy / Eh         Splitting / Eh      Splitting / cm-1    Splitting / meV     
0         -2.4639266e+01      +0.0000000e+00      +0.0000000e+00      +0.0000000e+00      
1         -2.4639266e+01      +6.2931349e-10      +1.3811835e-04      +1.7124500e-05      
2         -2.4639201e+01      +6.5094165e-05      +1.4286518e+01      +1.7713033e+00      
3         -2.4639201e+01      +4.3013415e-10      +9.4403534e-05      +1.1704552e-05      
4         -2.4639201e+01      +3.5135272e-10      +7.7113009e-05      +9.5607992e-06      
5         -2.4639201e+01      +6.5338668e-10      +1.4340180e-04      +1.7779566e-05      
Time taken:                      175.7104156 s
===============================================
===============================================
              PySCF DHF interface              
===============================================
Will now allocate 796.594 MB memory for the AO ERI tensor!

Timing report
....integral transformation:      53.0794537 s

===============================================
            Relativistic CASCI(4,8)            
===============================================
Will now allocate 0.078 MB memory for the CASCI Hamiltonian!
Time taken for 1-RDM build:        0.0314703 s
Time taken for 1-RDM build:        0.0313883 s
Time taken for 1-RDM build:        0.0314403 s
Time taken for 1-RDM build:        0.0293441 s
Time taken for 1-RDM build:        0.0278602 s
Time taken for 1-RDM build:        0.0277257 s
Time taken for 1-RDM build:        0.0279014 s
Time taken for 1-RDM build:        0.0283732 s
Time taken for 1-RDM build:        0.0280983 s
Time taken for 2-RDM build:        0.1205249 s
Time taken for 2-RDM build:        0.1198738 s
Time taken for 2-RDM build:        0.1202595 s
Time taken for 2-RDM build:        0.1200123 s
Time taken for 2-RDM build:        0.1198986 s
Time taken for 2-RDM build:        0.1201317 s
Time taken for 2-RDM build:        0.1203008 s
Time taken for 2-RDM build:        0.1201580 s
Time taken for 2-RDM build:        0.1206388 s
Time taken for 3-RDM build:        0.3935666 s
Time taken for 3-RDM build:        0.3918962 s
Time taken for 3-RDM build:        0.3923087 s
Time taken for 3-RDM build:        0.3911362 s
Time taken for 3-RDM build:        0.3921342 s
Time taken for 3-RDM build:        0.3916402 s
Time taken for 3-RDM build:        0.3912568 s
Time taken for 3-RDM build:        0.3909554 s
Time taken for 3-RDM build:        0.3915203 s
E_frzc:                          -32.3709352 Eh
E_cas:                            -5.3467114 Eh
E_nuc:                             0.0000000 Eh
E_casci:                         -37.7175257 Eh
E0 (from RDM):                   -37.7175257 Eh
Ecorr:                            -0.4429083 Eh

Timing summary
... Hamil build:                    0.1074536 s
... Hamil diag:                     0.0019002 s
... RDM build:                      8.4687953 s
State     Energy / Eh         Splitting / Eh      Splitting / cm-1    Splitting / meV     
0         -3.7717647e+01      +0.0000000e+00      +0.0000000e+00      +0.0000000e+00      
1         -3.7717578e+01      +6.8056777e-05      +1.4936736e+01      +1.8519201e+00      
2         -3.7717578e+01      +1.0789876e-09      +2.3681040e-04      +2.9360761e-05      
3         -3.7717578e+01      +1.2285710e-09      +2.6964017e-04      +3.3431136e-05      
4         -3.7717470e+01      +1.0852195e-04      +2.3817815e+01      +2.9530341e+00      
5         -3.7717470e+01      +3.7325520e-10      +8.1920048e-05      +1.0156796e-05      
6         -3.7717470e+01      +9.5213437e-10      +2.0896934e-04      +2.5908908e-05      
7         -3.7717470e+01      +4.4994408e-10      +9.8751311e-05      +1.2243608e-05      
8         -3.7717470e+01      +5.6219562e-10      +1.2338768e-04      +1.5298129e-05      
Total time taken:                   8.7557771 s
===============================================

===============================================
            Relativistic DSRG-MRPT3            
===============================================
... compute_energy_pt3_1:      15.3403125 s
... compute_energy_pt2:       0.0862002 s
... compute_energy_pt3_2:      12.0652101 s
... compute_energy_pt3_3:       2.8608124 s
-----------------------------------------------
        DSRG-MRPT3 reference relaxation        
-----------------------------------------------
Iter                          Energy              Delta E   
   -Eref  -37.7175257       
   -Ecorr -0.1156487       
<Psi^(0)|Hbar^(0)|Psi^(0)>    -37.8331744         -3.78332e+01
   -Erelax-0.0000703       
<Psi^(0)|Hbar^(1)|Psi^(0)>    -37.8332447         -7.02925e-05
   -Eref  -37.7174531       
   -Ecorr -0.1158990       
<Psi^(1)|Hbar^(1)|Psi^(1)>    -37.8333521         -1.07365e-04
   -Erelax-0.0000000       
<Psi^(1)|Hbar^(2)|Psi^(1)>    -37.8333521         -1.68086e-09
   -Eref  -37.7174537       
   -Ecorr -0.1158978       
<Psi^(2)|Hbar^(2)|Psi^(2)>    -37.8333516         5.01016e-07
   -Erelax-0.0000000       
<Psi^(2)|Hbar^(3)|Psi^(2)>    -37.8333516         -2.36611e-12
   -Eref  -37.7174537       
   -Ecorr -0.1158978       
<Psi^(3)|Hbar^(3)|Psi^(3)>    -37.8333516         -2.15947e-09
   -Erelax-0.0000000       
<Psi^(3)|Hbar^(4)|Psi^(3)>    -37.8333516         -4.26326e-14
Unrelaxed DSRG-MRPT3 energy:               -37.8331744 Eh
Unrelaxed DSRG-MRPT3 E_corr:                -0.1156487 Eh
Partially relaxed DSRG-MRPT3 energy:       -37.8332447 Eh
Partially relaxed DSRG-MRPT3 E_corr:        -0.1157190 Eh
Relaxed DSRG-MRPT3 energy:                 -37.8333521 Eh
Relaxed DSRG-MRPT3 E_corr:                  -0.1158990 Eh
Fully relaxed DSRG-MRPT3 energy:           -37.8333516 Eh
Fully relaxed DSRG-MRPT3 E_corr:            -0.1158978 Eh
State     Energy / Eh         Splitting / Eh      Splitting / cm-1    Splitting / meV     
0         -3.7833498e+01      +0.0000000e+00      +0.0000000e+00      +0.0000000e+00      
1         -3.7833417e+01      +8.0058094e-05      +1.7570721e+01      +2.1784927e+00      
2         -3.7833417e+01      +1.2371260e-10      +2.7151776e-05      +3.3663928e-06      
3         -3.7833417e+01      +1.2386181e-10      +2.7184525e-05      +3.3704531e-06      
4         -3.7833283e+01      +1.3463554e-04      +2.9549086e+01      +3.6636215e+00      
5         -3.7833283e+01      +5.2239102e-11      +1.1465158e-05      +1.4214990e-06      
6         -3.7833283e+01      +4.4430237e-11      +9.7513099e-06      +1.2090089e-06      
7         -3.7833283e+01      +9.8957287e-11      +2.1718614e-05      +2.6927662e-06      
8         -3.7833283e+01      +2.3540281e-11      +5.1664944e-06      +6.4056397e-07      
Time taken:                      183.9100738 s
===============================================
===============================================
              PySCF DHF interface              
===============================================
Will now allocate 796.594 MB memory for the AO ERI tensor!

Timing report
....integral transformation:      50.5368514 s

===============================================
            Relativistic CASCI(5,8)            
===============================================
Will now allocate 0.050 MB memory for the CASCI Hamiltonian!
Time taken for 1-RDM build:        0.0216558 s
Time taken for 1-RDM build:        0.0218120 s
Time taken for 1-RDM build:        0.0215948 s
Time taken for 1-RDM build:        0.0218017 s
Time taken for 1-RDM build:        0.0211926 s
Time taken for 1-RDM build:        0.0206232 s
Time taken for 1-RDM build:        0.0204818 s
Time taken for 1-RDM build:        0.0205419 s
Time taken for 1-RDM build:        0.0205307 s
Time taken for 1-RDM build:        0.0204527 s
Time taken for 1-RDM build:        0.0206025 s
Time taken for 1-RDM build:        0.0204737 s
Time taken for 1-RDM build:        0.0205493 s
Time taken for 1-RDM build:        0.0207491 s
Time taken for 2-RDM build:        0.0863721 s
Time taken for 2-RDM build:        0.0866027 s
Time taken for 2-RDM build:        0.0861530 s
Time taken for 2-RDM build:        0.0862479 s
Time taken for 2-RDM build:        0.0863099 s
Time taken for 2-RDM build:        0.0864632 s
Time taken for 2-RDM build:        0.0867984 s
Time taken for 2-RDM build:        0.0864952 s
Time taken for 2-RDM build:        0.0870011 s
Time taken for 2-RDM build:        0.0871148 s
Time taken for 2-RDM build:        0.0864217 s
Time taken for 2-RDM build:        0.0863504 s
Time taken for 2-RDM build:        0.0864217 s
Time taken for 2-RDM build:        0.0865753 s
Time taken for 3-RDM build:        0.3623834 s
Time taken for 3-RDM build:        0.3605731 s
Time taken for 3-RDM build:        0.3610208 s
Time taken for 3-RDM build:        0.3604670 s
Time taken for 3-RDM build:        0.3608873 s
Time taken for 3-RDM build:        0.3605907 s
Time taken for 3-RDM build:        0.3609543 s
Time taken for 3-RDM build:        0.3613238 s
Time taken for 3-RDM build:        0.3609121 s
Time taken for 3-RDM build:        0.3628561 s
Time taken for 3-RDM build:        0.3613799 s
Time taken for 3-RDM build:        0.3603559 s
Time taken for 3-RDM build:        0.3600330 s
Time taken for 3-RDM build:        0.3602049 s
E_frzc:                          -44.7567199 Eh
E_cas:                            -9.6666253 Eh
E_nuc:                             0.0000000 Eh
E_casci:                         -54.3487687 Eh
E0 (from RDM):                   -54.3487687 Eh
Ecorr:                            -0.4454114 Eh

Timing summary
... Hamil build:                    0.0868804 s
... Hamil diag:                     0.0010433 s
... RDM build:                      9.9661798 s
State     Energy / Eh         Splitting / Eh      Splitting / cm-1    Splitting / meV     
0         -5.4423345e+01      +0.0000000e+00      +0.0000000e+00      +0.0000000e+00      
1         -5.4423345e+01      +1.0766144e-09      +2.3628954e-04      +2.9296183e-05      
2         -5.4423345e+01      +1.0765078e-09      +2.3626614e-04      +2.9293283e-05      
3         -5.4423345e+01      +1.0764154e-09      +2.3624587e-04      +2.9290769e-05      
4         -5.4318958e+01      +1.0438692e-01      +2.2910281e+04      +2.8405142e+03      
5         -5.4318958e+01      +1.1012489e-09      +2.4169619e-04      +2.9966522e-05      
6         -5.4318958e+01      +1.1371313e-09      +2.4957147e-04      +3.0942933e-05      
7         -5.4318958e+01      +5.9976912e-10      +1.3163411e-04      +1.6320557e-05      
8         -5.4318958e+01      +1.1947492e-09      +2.6221714e-04      +3.2510797e-05      
9         -5.4318958e+01      +1.3782895e-09      +3.0249957e-04      +3.7505185e-05      
10        -5.4318908e+01      +5.0508872e-05      +1.1085416e+01      +1.3744171e+00      
11        -5.4318908e+01      +3.9502766e-09      +8.6698548e-04      +1.0749255e-04      
12        -5.4318908e+01      +3.0347778e-09      +6.6605673e-04      +8.2580549e-05      
13        -5.4318908e+01      +2.9868943e-09      +6.5554752e-04      +8.1277572e-05      
Total time taken:                  10.2524393 s
===============================================

===============================================
            Relativistic DSRG-MRPT3            
===============================================
... compute_energy_pt3_1:      16.5728450 s
... compute_energy_pt2:       0.0876153 s
... compute_energy_pt3_2:      12.1598396 s
... compute_energy_pt3_3:       2.8206902 s
-----------------------------------------------
        DSRG-MRPT3 reference relaxation        
-----------------------------------------------
Iter                          Energy              Delta E   
   -Eref  -54.3487687       
   -Ecorr -0.1687877       
<Psi^(0)|Hbar^(0)|Psi^(0)>    -54.5175564         -5.45176e+01
   -Erelax-0.0000000       
<Psi^(0)|Hbar^(1)|Psi^(0)>    -54.5175564         -2.16802e-08
   -Eref  -54.3487687       
   -Ecorr -0.1687878       
<Psi^(1)|Hbar^(1)|Psi^(1)>    -54.5175564         -3.45807e-08
   -Erelax-0.0000000       
<Psi^(1)|Hbar^(2)|Psi^(1)>    -54.5175564         -2.05205e-11
   -Eref  -54.3487687       
   -Ecorr -0.1687878       
<Psi^(2)|Hbar^(2)|Psi^(2)>    -54.5175564         -7.75636e-10
   -Erelax-0.0000000       
<Psi^(2)|Hbar^(3)|Psi^(2)>    -54.5175564         -7.10543e-14
Unrelaxed DSRG-MRPT3 energy:               -54.5175564 Eh
Unrelaxed DSRG-MRPT3 E_corr:                -0.1687877 Eh
Partially relaxed DSRG-MRPT3 energy:       -54.5175564 Eh
Partially relaxed DSRG-MRPT3 E_corr:        -0.1687877 Eh
Relaxed DSRG-MRPT3 energy:                 -54.5175564 Eh
Relaxed DSRG-MRPT3 E_corr:                  -0.1687878 Eh
Fully relaxed DSRG-MRPT3 energy:           -54.5175564 Eh
Fully relaxed DSRG-MRPT3 E_corr:            -0.1687878 Eh
State     Energy / Eh         Splitting / Eh      Splitting / cm-1    Splitting / meV     
0         -5.4582470e+01      +0.0000000e+00      +0.0000000e+00      +0.0000000e+00      
1         -5.4582470e+01      +2.7556268e-10      +6.0479018e-05      +7.4984461e-06      
2         -5.4582470e+01      +2.7557689e-10      +6.0482137e-05      +7.4988328e-06      
3         -5.4582470e+01      +2.7559111e-10      +6.0485256e-05      +7.4992195e-06      
4         -5.4491602e+01      +9.0868769e-02      +1.9943389e+04      +2.4726663e+03      
5         -5.4491602e+01      +1.0939516e-10      +2.4009462e-05      +2.9767953e-06      
6         -5.4491602e+01      +7.3598017e-11      +1.6152897e-05      +2.0027050e-06      
7         -5.4491602e+01      +5.1514348e-11      +1.1306093e-05      +1.4017775e-06      
8         -5.4491602e+01      +2.5210056e-11      +5.5329678e-06      +6.8600090e-07      
9         -5.4491602e+01      +9.9404929e-11      +2.1816860e-05      +2.7049472e-06      
10        -5.4491575e+01      +2.6782739e-05      +5.8781318e+00      +7.2879580e-01      
11        -5.4491575e+01      +1.7632829e-10      +3.8699585e-05      +4.7981393e-06      
12        -5.4491575e+01      +1.1094414e-10      +2.4349425e-05      +3.0189453e-06      
13        -5.4491575e+01      +3.5711878e-11      +7.8378512e-06      +9.7177016e-07      
Time taken:                      139.1399100 s
===============================================
===============================================
              PySCF DHF interface              
===============================================
Will now allocate 796.594 MB memory for the AO ERI tensor!

Timing report
....integral transformation:      52.4794221 s

===============================================
            Relativistic CASCI(6,8)            
===============================================
Will now allocate 0.013 MB memory for the CASCI Hamiltonian!
Time taken for 1-RDM build:        0.0085306 s
Time taken for 1-RDM build:        0.0084860 s
Time taken for 1-RDM build:        0.0084577 s
Time taken for 1-RDM build:        0.0084732 s
Time taken for 1-RDM build:        0.0084760 s
Time taken for 1-RDM build:        0.0084612 s
Time taken for 1-RDM build:        0.0084622 s
Time taken for 1-RDM build:        0.0085070 s
Time taken for 1-RDM build:        0.0084388 s
Time taken for 2-RDM build:        0.0283692 s
Time taken for 2-RDM build:        0.0283666 s
Time taken for 2-RDM build:        0.0284612 s
Time taken for 2-RDM build:        0.0283771 s
Time taken for 2-RDM build:        0.0282836 s
Time taken for 2-RDM build:        0.0282595 s
Time taken for 2-RDM build:        0.0282598 s
Time taken for 2-RDM build:        0.0282290 s
Time taken for 2-RDM build:        0.0283003 s
Time taken for 3-RDM build:        0.1520939 s
Time taken for 3-RDM build:        0.1505697 s
Time taken for 3-RDM build:        0.1508126 s
Time taken for 3-RDM build:        0.1507182 s
Time taken for 3-RDM build:        0.1505673 s
Time taken for 3-RDM build:        0.1508298 s
Time taken for 3-RDM build:        0.1506171 s
Time taken for 3-RDM build:        0.1505740 s
Time taken for 3-RDM build:        0.1507328 s
E_frzc:                          -59.1480236 Eh
E_cas:                           -15.7034833 Eh
E_nuc:                             0.0000000 Eh
E_casci:                         -74.8511626 Eh
E0 (from RDM):                   -74.8511626 Eh
Ecorr:                            -0.3302227 Eh

Timing summary
... Hamil build:                    0.0358088 s
... Hamil diag:                     0.0003626 s
... RDM build:                      5.1612778 s
State     Energy / Eh         Splitting / Eh      Splitting / cm-1    Splitting / meV     
0         -7.4851507e+01      +0.0000000e+00      +0.0000000e+00      +0.0000000e+00      
1         -7.4851507e+01      +6.1121028e-09      +1.3414515e-03      +1.6631887e-04      
2         -7.4851507e+01      +6.8041430e-09      +1.4933368e-03      +1.8515025e-04      
3         -7.4851507e+01      +7.2887616e-09      +1.5996983e-03      +1.9833740e-04      
4         -7.4851507e+01      +9.8173984e-09      +2.1546699e-03      +2.6714515e-04      
5         -7.4850809e+01      +6.9818897e-04      +1.5323477e+02      +1.8998699e+01      
6         -7.4850809e+01      +7.3982278e-09      +1.6237233e-03      +2.0131613e-04      
7         -7.4850809e+01      +7.5923197e-09      +1.6663215e-03      +2.0659764e-04      
8         -7.4850503e+01      +3.0523771e-04      +6.6991933e+01      +8.3059451e+00      
Total time taken:                   5.3767443 s
===============================================

===============================================
            Relativistic DSRG-MRPT3            
===============================================
... compute_energy_pt3_1:      15.2836041 s
... compute_energy_pt2:       0.0858006 s
... compute_energy_pt3_2:      11.9282694 s
... compute_energy_pt3_3:       2.7161927 s
-----------------------------------------------
        DSRG-MRPT3 reference relaxation        
-----------------------------------------------
Iter                          Energy              Delta E   
   -Eref  -74.8511626       
   -Ecorr -0.2129880       
<Psi^(0)|Hbar^(0)|Psi^(0)>    -75.0641507         -7.50642e+01
   -Erelax-0.0000000       
<Psi^(0)|Hbar^(1)|Psi^(0)>    -75.0641507         -3.89400e-08
   -Eref  -74.8511626       
   -Ecorr -0.2129880       
<Psi^(1)|Hbar^(1)|Psi^(1)>    -75.0641506         1.25615e-07
   -Erelax-0.0000000       
<Psi^(1)|Hbar^(2)|Psi^(1)>    -75.0641506         -7.61801e-10
   -Eref  -74.8511626       
   -Ecorr -0.2129880       
<Psi^(2)|Hbar^(2)|Psi^(2)>    -75.0641506         -1.63512e-08
   -Erelax-0.0000000       
<Psi^(2)|Hbar^(3)|Psi^(2)>    -75.0641506         -1.67972e-11
   -Eref  -74.8511626       
   -Ecorr -0.2129880       
<Psi^(3)|Hbar^(3)|Psi^(3)>    -75.0641506         2.47289e-09
   -Erelax-0.0000000       
<Psi^(3)|Hbar^(4)|Psi^(3)>    -75.0641506         -3.55271e-13
Unrelaxed DSRG-MRPT3 energy:               -75.0641507 Eh
Unrelaxed DSRG-MRPT3 E_corr:                -0.2129880 Eh
Partially relaxed DSRG-MRPT3 energy:       -75.0641507 Eh
Partially relaxed DSRG-MRPT3 E_corr:        -0.2129881 Eh
Relaxed DSRG-MRPT3 energy:                 -75.0641506 Eh
Relaxed DSRG-MRPT3 E_corr:                  -0.2129880 Eh
Fully relaxed DSRG-MRPT3 energy:           -75.0641506 Eh
Fully relaxed DSRG-MRPT3 E_corr:            -0.2129880 Eh
State     Energy / Eh         Splitting / Eh      Splitting / cm-1    Splitting / meV     
0         -7.5064453e+01      +0.0000000e+00      +0.0000000e+00      +0.0000000e+00      
1         -7.5064453e+01      +2.5523548e-09      +5.6017712e-04      +6.9453144e-05      
2         -7.5064453e+01      +2.5959679e-09      +5.6974909e-04      +7.0639918e-05      
3         -7.5064453e+01      +2.8187941e-09      +6.1865379e-04      +7.6703331e-05      
4         -7.5064453e+01      +3.0629650e-09      +6.7224311e-04      +8.3347563e-05      
5         -7.5063836e+01      +6.1731080e-04      +1.3548406e+02      +1.6797890e+01      
6         -7.5063836e+01      +2.8956748e-09      +6.3552716e-04      +7.8795363e-05      
7         -7.5063836e+01      +2.6132767e-09      +5.7354794e-04      +7.1110915e-05      
8         -7.5063580e+01      +2.5622342e-04      +5.6234541e+01      +6.9721978e+00      
Time taken:                      173.4228511 s
===============================================
===============================================
              PySCF DHF interface              
===============================================
Will now allocate 796.594 MB memory for the AO ERI tensor!

Timing report
....integral transformation:      51.4133887 s

===============================================
            Relativistic CASCI(7,8)            
===============================================
Will now allocate 0.001 MB memory for the CASCI Hamiltonian!
Time taken for 1-RDM build:        0.0013790 s
Time taken for 1-RDM build:        0.0013676 s
Time taken for 1-RDM build:        0.0013652 s
Time taken for 1-RDM build:        0.0013628 s
Time taken for 1-RDM build:        0.0013921 s
Time taken for 1-RDM build:        0.0013757 s
Time taken for 2-RDM build:        0.0030465 s
Time taken for 2-RDM build:        0.0029948 s
Time taken for 2-RDM build:        0.0029922 s
Time taken for 2-RDM build:        0.0029864 s
Time taken for 2-RDM build:        0.0030227 s
Time taken for 2-RDM build:        0.0029848 s
Time taken for 3-RDM build:        0.0284648 s
Time taken for 3-RDM build:        0.0268230 s
Time taken for 3-RDM build:        0.0267124 s
Time taken for 3-RDM build:        0.0267823 s
Time taken for 3-RDM build:        0.0267222 s
Time taken for 3-RDM build:        0.0267487 s
E_frzc:                          -75.5478008 Eh
E_cas:                           -23.9325131 Eh
E_nuc:                             0.0000000 Eh
E_casci:                         -99.4797328 Eh
E0 (from RDM):                   -99.4797328 Eh
Ecorr:                            -0.1043819 Eh

Timing summary
... Hamil build:                    0.0064623 s
... Hamil diag:                     0.0001645 s
... RDM build:                      3.6201525 s
State     Energy / Eh         Splitting / Eh      Splitting / cm-1    Splitting / meV     
0         -9.9480314e+01      +0.0000000e+00      +0.0000000e+00      +0.0000000e+00      
1         -9.9480314e+01      +2.4031053e-08      +5.2742064e-03      +6.5391856e-04      
2         -9.9480314e+01      +6.9549344e-09      +1.5264317e-03      +1.8925350e-04      
3         -9.9480314e+01      +2.1663141e-08      +4.7545098e-03      +5.8948436e-04      
4         -9.9478571e+01      +1.7431739e-03      +3.8258245e+02      +4.7434202e+01      
5         -9.9478571e+01      +1.6993951e-08      +3.7297411e-03      +4.6242918e-04      
Total time taken:                   3.8037457 s
===============================================

===============================================
            Relativistic DSRG-MRPT3            
===============================================
... compute_energy_pt3_1:      15.1105947 s
... compute_energy_pt2:       0.0865185 s
... compute_energy_pt3_2:      12.2996888 s
... compute_energy_pt3_3:       2.7305162 s
-----------------------------------------------
        DSRG-MRPT3 reference relaxation        
-----------------------------------------------
Iter                          Energy              Delta E   
   -Eref  -99.4797328       
   -Ecorr -0.2673154       
<Psi^(0)|Hbar^(0)|Psi^(0)>    -99.7470482         -9.97470e+01
   -Erelax0.0000000       
<Psi^(0)|Hbar^(1)|Psi^(0)>    -99.7470482         0.00000e+00
   -Eref  -99.4797328       
   -Ecorr -0.2673154       
<Psi^(1)|Hbar^(1)|Psi^(1)>    -99.7470482         4.26326e-14
   -Erelax0.0000000       
<Psi^(1)|Hbar^(2)|Psi^(1)>    -99.7470482         0.00000e+00
Unrelaxed DSRG-MRPT3 energy:               -99.7470482 Eh
Unrelaxed DSRG-MRPT3 E_corr:                -0.2673154 Eh
Partially relaxed DSRG-MRPT3 energy:       -99.7470482 Eh
Partially relaxed DSRG-MRPT3 E_corr:        -0.2673154 Eh
Relaxed DSRG-MRPT3 energy:                 -99.7470482 Eh
Relaxed DSRG-MRPT3 E_corr:                  -0.2673154 Eh
Fully relaxed DSRG-MRPT3 energy:           -99.7470482 Eh
Fully relaxed DSRG-MRPT3 E_corr:            -0.2673154 Eh
State     Energy / Eh         Splitting / Eh      Splitting / cm-1    Splitting / meV     
0         -9.9747649e+01      +0.0000000e+00      +0.0000000e+00      +0.0000000e+00      
1         -9.9747649e+01      +1.1469638e-08      +2.5172945e-03      +3.1210489e-04      
2         -9.9747649e+01      +3.3324739e-09      +7.3139347e-04      +9.0681276e-05      
3         -9.9747649e+01      +1.3054233e-08      +2.8650730e-03      +3.5522395e-04      
4         -9.9745846e+01      +1.8028035e-03      +3.9566963e+02      +4.9056806e+01      
5         -9.9745846e+01      +7.2585209e-09      +1.5930612e-03      +1.9751451e-04      
Time taken:                       80.9724231 s
===============================================
===============================================
              PySCF DHF interface              
===============================================
Will now allocate 3.102 GB memory for the AO ERI tensor!

Timing report
....integral transformation:     193.5501897 s

===============================================
            Relativistic CASCI(3,8)            
===============================================
Will now allocate 0.050 MB memory for the CASCI Hamiltonian!
Time taken for 1-RDM build:        0.0212727 s
Time taken for 1-RDM build:        0.0212147 s
Time taken for 1-RDM build:        0.0212004 s
Time taken for 1-RDM build:        0.0212419 s
Time taken for 1-RDM build:        0.0211861 s
Time taken for 1-RDM build:        0.0206046 s
Time taken for 2-RDM build:        0.0812981 s
Time taken for 2-RDM build:        0.0812948 s
Time taken for 2-RDM build:        0.0813255 s
Time taken for 2-RDM build:        0.0814347 s
Time taken for 2-RDM build:        0.0813744 s
Time taken for 2-RDM build:        0.0813515 s
Time taken for 3-RDM build:        0.1831460 s
Time taken for 3-RDM build:        0.1817248 s
Time taken for 3-RDM build:        0.1817448 s
Time taken for 3-RDM build:        0.1815534 s
Time taken for 3-RDM build:        0.1816289 s
Time taken for 3-RDM build:        0.1818593 s
E_frzc:                         -240.4061812 Eh
E_cas:                            -1.8986420 Eh
E_nuc:                             0.0000000 Eh
E_casci:                        -242.3045291 Eh
E0 (from RDM):                  -242.3045291 Eh
Ecorr:                            -0.1899047 Eh

Timing summary
... Hamil build:                    0.0680242 s
... Hamil diag:                     0.0010004 s
... RDM build:                     13.7376649 s
State     Energy / Eh         Splitting / Eh      Splitting / cm-1    Splitting / meV     
0         -2.4230482e+02      +0.0000000e+00      +0.0000000e+00      +0.0000000e+00      
1         -2.4230482e+02      +1.0992665e-09      +2.4126110e-04      +2.9912578e-05      
2         -2.4230438e+02      +4.4107881e-04      +9.6805609e+01      +1.2002372e+01      
3         -2.4230438e+02      +1.0805650e-09      +2.3715660e-04      +2.9403685e-05      
4         -2.4230438e+02      +8.9775654e-10      +1.9703478e-04      +2.4429211e-05      
5         -2.4230438e+02      +3.6629899e-10      +8.0393336e-05      +9.9675080e-06      
Total time taken:                  14.4661329 s
===============================================

===============================================
            Relativistic DSRG-MRPT3            
===============================================
... compute_energy_pt3_1:      63.9836352 s
... compute_energy_pt2:       0.2706308 s
... compute_energy_pt3_2:      49.9033720 s
... compute_energy_pt3_3:      11.2560024 s
-----------------------------------------------
        DSRG-MRPT3 reference relaxation        
-----------------------------------------------
Iter                          Energy              Delta E   
   -Eref  -242.3045291       
   -Ecorr -0.1980682       
<Psi^(0)|Hbar^(0)|Psi^(0)>    -242.5025973        -2.42503e+02
   -Erelax-0.0003851       
<Psi^(0)|Hbar^(1)|Psi^(0)>    -242.5029824        -3.85097e-04
   -Eref  -242.3041497       
   -Ecorr -0.1987987       
<Psi^(1)|Hbar^(1)|Psi^(1)>    -242.5029484        3.40047e-05
   -Erelax-0.0000000       
<Psi^(1)|Hbar^(2)|Psi^(1)>    -242.5029484        -3.84151e-09
   -Eref  -242.3041473       
   -Ecorr -0.1988010       
<Psi^(2)|Hbar^(2)|Psi^(2)>    -242.5029483        9.56273e-08
   -Erelax-0.0000000       
<Psi^(2)|Hbar^(3)|Psi^(2)>    -242.5029483        -2.84217e-14
   -Eref  -242.3041473       
   -Ecorr -0.1988010       
<Psi^(3)|Hbar^(3)|Psi^(3)>    -242.5029483        2.67704e-10
   -Erelax-0.0000000       
<Psi^(3)|Hbar^(4)|Psi^(3)>    -242.5029483        0.00000e+00
Unrelaxed DSRG-MRPT3 energy:              -242.5025973 Eh
Unrelaxed DSRG-MRPT3 E_corr:                -0.1980682 Eh
Partially relaxed DSRG-MRPT3 energy:      -242.5029824 Eh
Partially relaxed DSRG-MRPT3 E_corr:        -0.1984533 Eh
Relaxed DSRG-MRPT3 energy:                -242.5029484 Eh
Relaxed DSRG-MRPT3 E_corr:                  -0.1987987 Eh
Fully relaxed DSRG-MRPT3 energy:          -242.5029483 Eh
Fully relaxed DSRG-MRPT3 E_corr:            -0.1988010 Eh
State     Energy / Eh         Splitting / Eh      Splitting / cm-1    Splitting / meV     
0         -2.4250328e+02      +0.0000000e+00      +0.0000000e+00      +0.0000000e+00      
1         -2.4250328e+02      +6.3482730e-10      +1.3932849e-04      +1.7274539e-05      
2         -2.4250278e+02      +5.0130801e-04      +1.1002439e+02      +1.3641292e+01      
3         -2.4250278e+02      +6.0185812e-10      +1.3209259e-04      +1.6377401e-05      
4         -2.4250278e+02      +4.7742788e-10      +1.0478331e-04      +1.2991480e-05      
5         -2.4250278e+02      +2.4328983e-10      +5.3395946e-05      +6.6202567e-06      
Time taken:                      730.8497405 s
===============================================
===============================================
              PySCF DHF interface              
===============================================
Will now allocate 3.102 GB memory for the AO ERI tensor!

Timing report
....integral transformation:     198.3746669 s

===============================================
            Relativistic CASCI(4,8)            
===============================================
Will now allocate 0.078 MB memory for the CASCI Hamiltonian!
Time taken for 1-RDM build:        0.0422251 s
Time taken for 1-RDM build:        0.0628803 s
Time taken for 1-RDM build:        0.0274158 s
Time taken for 1-RDM build:        0.0276809 s
Time taken for 1-RDM build:        0.0276184 s
Time taken for 1-RDM build:        0.0278766 s
Time taken for 1-RDM build:        0.0276616 s
Time taken for 1-RDM build:        0.0274785 s
Time taken for 1-RDM build:        0.0276837 s
Time taken for 2-RDM build:        0.1210544 s
Time taken for 2-RDM build:        0.1205862 s
Time taken for 2-RDM build:        0.1213195 s
Time taken for 2-RDM build:        0.1208634 s
Time taken for 2-RDM build:        0.1208820 s
Time taken for 2-RDM build:        0.1214354 s
Time taken for 2-RDM build:        0.1217518 s
Time taken for 2-RDM build:        0.1225224 s
Time taken for 2-RDM build:        0.1213944 s
Time taken for 3-RDM build:        0.3932190 s
Time taken for 3-RDM build:        0.3921776 s
Time taken for 3-RDM build:        0.3916957 s
Time taken for 3-RDM build:        0.3923531 s
Time taken for 3-RDM build:        0.3924372 s
Time taken for 3-RDM build:        0.3930349 s
Time taken for 3-RDM build:        0.3927734 s
Time taken for 3-RDM build:        0.3926623 s
Time taken for 3-RDM build:        0.3958821 s
E_frzc:                         -285.7423197 Eh
E_cas:                            -3.6921024 Eh
E_nuc:                             0.0000000 Eh
E_casci:                        -289.4337768 Eh
E0 (from RDM):                  -289.4337768 Eh
Ecorr:                            -0.2329780 Eh

Timing summary
... Hamil build:                    0.1076527 s
... Hamil diag:                     0.0019858 s
... RDM build:                     16.9489050 s
State     Energy / Eh         Splitting / Eh      Splitting / cm-1    Splitting / meV     
0         -2.8943442e+02      +0.0000000e+00      +0.0000000e+00      +0.0000000e+00      
1         -2.8943409e+02      +3.3211201e-04      +7.2890160e+01      +9.0372324e+00      
2         -2.8943409e+02      +8.1735152e-10      +1.7938792e-04      +2.2241278e-05      
3         -2.8943409e+02      +8.9210062e-10      +1.9579345e-04      +2.4275306e-05      
4         -2.8943346e+02      +6.3005266e-04      +1.3828057e+02      +1.7144614e+01      
5         -2.8943346e+02      +2.5920599e-10      +5.6889139e-05      +7.0533576e-06      
6         -2.8943346e+02      +7.8654239e-10      +1.7262610e-04      +2.1402919e-05      
7         -2.8943346e+02      +6.1896799e-10      +1.3584777e-04      +1.6842985e-05      
8         -2.8943346e+02      +4.2439297e-10      +9.3143489e-05      +1.1548326e-05      
Total time taken:                  17.7193062 s
===============================================

===============================================
            Relativistic DSRG-MRPT3            
===============================================
... compute_energy_pt3_1:      62.0780358 s
... compute_energy_pt2:       0.2446549 s
... compute_energy_pt3_2:      50.5468833 s
... compute_energy_pt3_3:      10.7784750 s
-----------------------------------------------
        DSRG-MRPT3 reference relaxation        
-----------------------------------------------
Iter                          Energy              Delta E   
   -Eref  -289.4337768       
   -Ecorr -0.2261436       
<Psi^(0)|Hbar^(0)|Psi^(0)>    -289.6599204        -2.89660e+02
   -Erelax-0.0001480       
<Psi^(0)|Hbar^(1)|Psi^(0)>    -289.6600684        -1.48013e-04
   -Eref  -289.4336303       
   -Ecorr -0.2264911       
<Psi^(1)|Hbar^(1)|Psi^(1)>    -289.6601214        -5.29416e-05
   -Erelax-0.0000000       
<Psi^(1)|Hbar^(2)|Psi^(1)>    -289.6601214        -2.29358e-09
   -Eref  -289.4336304       
   -Ecorr -0.2264910       
<Psi^(2)|Hbar^(2)|Psi^(2)>    -289.6601213        2.76365e-08
   -Erelax-0.0000000       
<Psi^(2)|Hbar^(3)|Psi^(2)>    -289.6601213        -1.35287e-11
   -Eref  -289.4336303       
   -Ecorr -0.2264910       
<Psi^(3)|Hbar^(3)|Psi^(3)>    -289.6601213        9.72022e-11
   -Erelax-0.0000000       
<Psi^(3)|Hbar^(4)|Psi^(3)>    -289.6601213        -5.68434e-14
Unrelaxed DSRG-MRPT3 energy:              -289.6599204 Eh
Unrelaxed DSRG-MRPT3 E_corr:                -0.2261436 Eh
Partially relaxed DSRG-MRPT3 energy:      -289.6600684 Eh
Partially relaxed DSRG-MRPT3 E_corr:        -0.2262916 Eh
Relaxed DSRG-MRPT3 energy:                -289.6601214 Eh
Relaxed DSRG-MRPT3 E_corr:                  -0.2264911 Eh
Fully relaxed DSRG-MRPT3 energy:          -289.6601213 Eh
Fully relaxed DSRG-MRPT3 E_corr:            -0.2264910 Eh
State     Energy / Eh         Splitting / Eh      Splitting / cm-1    Splitting / meV     
0         -2.8966086e+02      +0.0000000e+00      +0.0000000e+00      +0.0000000e+00      
1         -2.8966048e+02      +3.7938647e-04      +8.3265705e+01      +1.0323637e+01      
2         -2.8966048e+02      +3.6027359e-10      +7.9070913e-05      +9.8035484e-06      
3         -2.8966048e+02      +3.6800429e-10      +8.0767606e-05      +1.0013912e-05      
4         -2.8965976e+02      +7.1669793e-04      +1.5729701e+02      +1.9502353e+01      
5         -2.8965976e+02      +1.4256329e-10      +3.1289026e-05      +3.8793467e-06      
6         -2.8965976e+02      +3.1798209e-10      +6.9789000e-05      +8.6527374e-06      
7         -2.8965976e+02      +3.0377123e-10      +6.6670078e-05      +8.2660402e-06      
8         -2.8965976e+02      +1.5643309e-10      +3.4333094e-05      +4.2567632e-06      
Time taken:                      754.6679690 s
===============================================
===============================================
              PySCF DHF interface              
===============================================
Will now allocate 3.102 GB memory for the AO ERI tensor!

Timing report
....integral transformation:     196.8706691 s

===============================================
            Relativistic CASCI(5,8)            
===============================================
Will now allocate 0.050 MB memory for the CASCI Hamiltonian!
Time taken for 1-RDM build:        0.0218816 s
Time taken for 1-RDM build:        0.0218787 s
Time taken for 1-RDM build:        0.0218740 s
Time taken for 1-RDM build:        0.0218244 s
Time taken for 1-RDM build:        0.0214691 s
Time taken for 1-RDM build:        0.0211949 s
Time taken for 1-RDM build:        0.0206754 s
Time taken for 1-RDM build:        0.0208216 s
Time taken for 1-RDM build:        0.0208406 s
Time taken for 1-RDM build:        0.0206990 s
Time taken for 1-RDM build:        0.0208178 s
Time taken for 1-RDM build:        0.0206833 s
Time taken for 1-RDM build:        0.0211055 s
Time taken for 1-RDM build:        0.0207808 s
Time taken for 2-RDM build:        0.0879962 s
Time taken for 2-RDM build:        0.0877316 s
Time taken for 2-RDM build:        0.0877955 s
Time taken for 2-RDM build:        0.0877573 s
Time taken for 2-RDM build:        0.0880504 s
Time taken for 2-RDM build:        0.0879972 s
Time taken for 2-RDM build:        0.0877414 s
Time taken for 2-RDM build:        0.0883367 s
Time taken for 2-RDM build:        0.0883193 s
Time taken for 2-RDM build:        0.0880315 s
Time taken for 2-RDM build:        0.0877776 s
Time taken for 2-RDM build:        0.0882070 s
Time taken for 2-RDM build:        0.0877275 s
Time taken for 2-RDM build:        0.0883083 s
Time taken for 3-RDM build:        0.3641269 s
Time taken for 3-RDM build:        0.3621352 s
Time taken for 3-RDM build:        0.3626373 s
Time taken for 3-RDM build:        0.3632278 s
Time taken for 3-RDM build:        0.3624132 s
Time taken for 3-RDM build:        0.3628626 s
Time taken for 3-RDM build:        0.3631840 s
Time taken for 3-RDM build:        0.3631194 s
Time taken for 3-RDM build:        0.3629928 s
Time taken for 3-RDM build:        0.3628919 s
Time taken for 3-RDM build:        0.3622849 s
Time taken for 3-RDM build:        0.3640106 s
Time taken for 3-RDM build:        0.3638682 s
Time taken for 3-RDM build:        0.3643072 s
E_frzc:                         -335.1272672 Eh
E_cas:                            -6.3636403 Eh
E_nuc:                             0.0000000 Eh
E_casci:                        -341.4410664 Eh
E0 (from RDM):                  -341.4410664 Eh
Ecorr:                            -0.2138107 Eh

Timing summary
... Hamil build:                    0.0879092 s
... Hamil diag:                     0.0010388 s
... RDM build:                     18.6680171 s
State     Energy / Eh         Splitting / Eh      Splitting / cm-1    Splitting / meV     
0         -3.4149091e+02      +0.0000000e+00      +0.0000000e+00      +0.0000000e+00      
1         -3.4149091e+02      +3.2849812e-10      +7.2097003e-05      +8.9388933e-06      
2         -3.4149091e+02      +3.2838443e-10      +7.2072051e-05      +8.9357998e-06      
3         -3.4149091e+02      +3.2798653e-10      +7.1984722e-05      +8.9249722e-06      
4         -3.4142117e+02      +6.9735531e-02      +1.5305180e+04      +1.8976014e+03      
5         -3.4142117e+02      +1.5667183e-09      +3.4385492e-04      +4.2632597e-05      
6         -3.4142117e+02      +1.3034196e-09      +2.8606753e-04      +3.5467871e-05      
7         -3.4142117e+02      +1.7383286e-09      +3.8151902e-04      +4.7302353e-05      
8         -3.4142110e+02      +6.9890622e-05      +1.5339218e+01      +1.9018216e+00      
9         -3.4142110e+02      +9.2740038e-10      +2.0354085e-04      +2.5235862e-05      
10        -3.4142110e+02      +9.6150643e-10      +2.1102627e-04      +2.6163935e-05      
11        -3.4142110e+02      +7.5050366e-10      +1.6471651e-04      +2.0422255e-05      
12        -3.4142110e+02      +9.6383701e-10      +2.1153777e-04      +2.6227353e-05      
13        -3.4142110e+02      +1.9558115e-09      +4.2925101e-04      +5.3220367e-05      
Total time taken:                  19.4194732 s
===============================================

===============================================
            Relativistic DSRG-MRPT3            
===============================================
... compute_energy_pt3_1:      73.5773394 s
... compute_energy_pt2:       0.2481592 s
... compute_energy_pt3_2:      50.0104332 s
... compute_energy_pt3_3:      10.8900888 s
-----------------------------------------------
        DSRG-MRPT3 reference relaxation        
-----------------------------------------------
Iter                          Energy              Delta E   
   -Eref  -341.4410664       
   -Ecorr -0.2728606       
<Psi^(0)|Hbar^(0)|Psi^(0)>    -341.7139270        -3.41714e+02
   -Erelax-0.0000014       
<Psi^(0)|Hbar^(1)|Psi^(0)>    -341.7139284        -1.36937e-06
   -Eref  -341.4410654       
   -Ecorr -0.2728632       
<Psi^(1)|Hbar^(1)|Psi^(1)>    -341.7139286        -2.40949e-07
   -Erelax-0.0000000       
<Psi^(1)|Hbar^(2)|Psi^(1)>    -341.7139286        -1.56888e-09
   -Eref  -341.4410654       
   -Ecorr -0.2728632       
<Psi^(2)|Hbar^(2)|Psi^(2)>    -341.7139286        -1.77471e-09
   -Erelax-0.0000000       
<Psi^(2)|Hbar^(3)|Psi^(2)>    -341.7139286        -4.83169e-12
Unrelaxed DSRG-MRPT3 energy:              -341.7139270 Eh
Unrelaxed DSRG-MRPT3 E_corr:                -0.2728606 Eh
Partially relaxed DSRG-MRPT3 energy:      -341.7139284 Eh
Partially relaxed DSRG-MRPT3 E_corr:        -0.2728619 Eh
Relaxed DSRG-MRPT3 energy:                -341.7139286 Eh
Relaxed DSRG-MRPT3 E_corr:                  -0.2728632 Eh
Fully relaxed DSRG-MRPT3 energy:          -341.7139286 Eh
Fully relaxed DSRG-MRPT3 E_corr:            -0.2728632 Eh
State     Energy / Eh         Splitting / Eh      Splitting / cm-1    Splitting / meV     
0         -3.4175368e+02      +0.0000000e+00      +0.0000000e+00      +0.0000000e+00      
1         -3.4175368e+02      +1.8690116e-10      +4.1020063e-05      +5.0858421e-06      
2         -3.4175368e+02      +1.8678747e-10      +4.0995112e-05      +5.0827485e-06      
3         -3.4175368e+02      +1.8684432e-10      +4.1007588e-05      +5.0842953e-06      
4         -3.4169807e+02      +5.5613431e-02      +1.2205737e+04      +1.5133193e+03      
5         -3.4169807e+02      +3.0746605e-10      +6.7480998e-05      +8.3665814e-06      
6         -3.4169807e+02      +2.4022029e-10      +5.2722259e-05      +6.5367301e-06      
7         -3.4169807e+02      +3.4373215e-10      +7.5440487e-05      +9.3534328e-06      
8         -3.4169800e+02      +6.7053788e-05      +1.4716605e+01      +1.8246274e+00      
9         -3.4169800e+02      +1.5705837e-10      +3.4470327e-05      +4.2737779e-06      
10        -3.4169800e+02      +1.5728574e-10      +3.4520230e-05      +4.2799650e-06      
11        -3.4169800e+02      +1.6973445e-10      +3.7252405e-05      +4.6187118e-06      
12        -3.4169800e+02      +2.0145308e-10      +4.4213839e-05      +5.4818200e-06      
13        -3.4169800e+02      +2.2947688e-10      +5.0364354e-05      +6.2443870e-06      
Time taken:                      565.2334139 s
===============================================
===============================================
              PySCF DHF interface              
===============================================
Will now allocate 3.102 GB memory for the AO ERI tensor!

Timing report
....integral transformation:     199.8064771 s

===============================================
            Relativistic CASCI(6,8)            
===============================================
Will now allocate 0.013 MB memory for the CASCI Hamiltonian!
Time taken for 1-RDM build:        0.0081620 s
Time taken for 1-RDM build:        0.0081749 s
Time taken for 1-RDM build:        0.0081260 s
Time taken for 1-RDM build:        0.0080726 s
Time taken for 1-RDM build:        0.0081205 s
Time taken for 1-RDM build:        0.0082748 s
Time taken for 1-RDM build:        0.0080726 s
Time taken for 1-RDM build:        0.0080690 s
Time taken for 1-RDM build:        0.0080669 s
Time taken for 2-RDM build:        0.0284395 s
Time taken for 2-RDM build:        0.0280282 s
Time taken for 2-RDM build:        0.0281816 s
Time taken for 2-RDM build:        0.0281019 s
Time taken for 2-RDM build:        0.0282390 s
Time taken for 2-RDM build:        0.0281236 s
Time taken for 2-RDM build:        0.0279868 s
Time taken for 2-RDM build:        0.0281186 s
Time taken for 2-RDM build:        0.0282724 s
Time taken for 3-RDM build:        0.1533229 s
Time taken for 3-RDM build:        0.1519291 s
Time taken for 3-RDM build:        0.1516016 s
Time taken for 3-RDM build:        0.1538148 s
Time taken for 3-RDM build:        0.1544127 s
Time taken for 3-RDM build:        0.1532810 s
Time taken for 3-RDM build:        0.1576357 s
Time taken for 3-RDM build:        0.1531732 s
Time taken for 3-RDM build:        0.1519313 s
E_frzc:                         -388.5675376 Eh
E_cas:                            -9.9659359 Eh
E_nuc:                             0.0000000 Eh
E_casci:                        -398.5325748 Eh
E0 (from RDM):                  -398.5325748 Eh
Ecorr:                            -0.1603097 Eh

Timing summary
... Hamil build:                    0.0358207 s
... Hamil diag:                     0.0004203 s
... RDM build:                     13.7085872 s
State     Energy / Eh         Splitting / Eh      Splitting / cm-1    Splitting / meV     
0         -3.9853347e+02      +0.0000000e+00      +0.0000000e+00      +0.0000000e+00      
1         -3.9853347e+02      +5.6296585e-09      +1.2355672e-03      +1.5319088e-04      
2         -3.9853347e+02      +5.9783360e-09      +1.3120931e-03      +1.6267889e-04      
3         -3.9853347e+02      +5.6479053e-09      +1.2395719e-03      +1.5368740e-04      
4         -3.9853347e+02      +5.6580234e-09      +1.2417926e-03      +1.5396273e-04      
5         -3.9853166e+02      +1.8163270e-03      +3.9863770e+02      +4.9424800e+01      
6         -3.9853166e+02      +3.5533390e-09      +7.7986775e-04      +9.6691324e-05      
7         -3.9853166e+02      +3.5755647e-09      +7.8474575e-04      +9.7296119e-05      
8         -3.9853083e+02      +8.2294816e-04      +1.8061624e+02      +2.2393571e+01      
Total time taken:                  14.4057374 s
===============================================

===============================================
            Relativistic DSRG-MRPT3            
===============================================
... compute_energy_pt3_1:      60.5996759 s
... compute_energy_pt2:       0.2395639 s
... compute_energy_pt3_2:      49.3825390 s
... compute_energy_pt3_3:      10.8641360 s
-----------------------------------------------
        DSRG-MRPT3 reference relaxation        
-----------------------------------------------
Iter                          Energy              Delta E   
   -Eref  -398.5325748       
   -Ecorr -0.3135742       
<Psi^(0)|Hbar^(0)|Psi^(0)>    -398.8461490        -3.98846e+02
   -Erelax-0.0000004       
<Psi^(0)|Hbar^(1)|Psi^(0)>    -398.8461494        -3.66373e-07
   -Eref  -398.5325744       
   -Ecorr -0.3135753       
<Psi^(1)|Hbar^(1)|Psi^(1)>    -398.8461497        -3.20532e-07
   -Erelax-0.0000000       
<Psi^(1)|Hbar^(2)|Psi^(1)>    -398.8461497        -2.89390e-10
   -Eref  -398.5325744       
   -Ecorr -0.3135753       
<Psi^(2)|Hbar^(2)|Psi^(2)>    -398.8461497        1.50797e-08
   -Erelax-0.0000000       
<Psi^(2)|Hbar^(3)|Psi^(2)>    -398.8461497        -7.95808e-13
   -Eref  -398.5325744       
   -Ecorr -0.3135753       
<Psi^(3)|Hbar^(3)|Psi^(3)>    -398.8461497        -7.90692e-10
   -Erelax-0.0000000       
<Psi^(3)|Hbar^(4)|Psi^(3)>    -398.8461497        0.00000e+00
Unrelaxed DSRG-MRPT3 energy:              -398.8461490 Eh
Unrelaxed DSRG-MRPT3 E_corr:                -0.3135742 Eh
Partially relaxed DSRG-MRPT3 energy:      -398.8461494 Eh
Partially relaxed DSRG-MRPT3 E_corr:        -0.3135746 Eh
Relaxed DSRG-MRPT3 energy:                -398.8461497 Eh
Relaxed DSRG-MRPT3 E_corr:                  -0.3135753 Eh
Fully relaxed DSRG-MRPT3 energy:          -398.8461497 Eh
Fully relaxed DSRG-MRPT3 E_corr:            -0.3135753 Eh
State     Energy / Eh         Splitting / Eh      Splitting / cm-1    Splitting / meV     
0         -3.9884700e+02      +0.0000000e+00      +0.0000000e+00      +0.0000000e+00      
1         -3.9884700e+02      +1.2295231e-09      +2.6984914e-04      +3.3457045e-05      
2         -3.9884700e+02      +2.5397640e-10      +5.5741375e-05      +6.9110530e-06      
3         -3.9884700e+02      +2.9899638e-10      +6.5622121e-05      +8.1361099e-06      
4         -3.9884700e+02      +9.0699359e-10      +1.9906208e-04      +2.4680565e-05      
5         -3.9884528e+02      +1.7223319e-03      +3.7800815e+02      +4.6867060e+01      
6         -3.9884528e+02      +4.0074610e-10      +8.7953603e-05      +1.0904862e-05      
7         -3.9884528e+02      +5.3751137e-10      +1.1797011e-04      +1.4626436e-05      
8         -3.9884450e+02      +7.8374554e-04      +1.7201226e+02      +2.1326813e+01      
Time taken:                      728.4470646 s
===============================================
===============================================
              PySCF DHF interface              
===============================================
Will now allocate 3.102 GB memory for the AO ERI tensor!

Timing report
....integral transformation:     200.3316035 s

===============================================
            Relativistic CASCI(7,8)            
===============================================
Will now allocate 0.001 MB memory for the CASCI Hamiltonian!
Time taken for 1-RDM build:        0.0013762 s
Time taken for 1-RDM build:        0.0013659 s
Time taken for 1-RDM build:        0.0014267 s
Time taken for 1-RDM build:        0.0014467 s
Time taken for 1-RDM build:        0.0013633 s
Time taken for 1-RDM build:        0.0013649 s
Time taken for 2-RDM build:        0.0030961 s
Time taken for 2-RDM build:        0.0030019 s
Time taken for 2-RDM build:        0.0030053 s
Time taken for 2-RDM build:        0.0030088 s
Time taken for 2-RDM build:        0.0030043 s
Time taken for 2-RDM build:        0.0030146 s
Time taken for 3-RDM build:        0.0286102 s
Time taken for 3-RDM build:        0.0269265 s
Time taken for 3-RDM build:        0.0269127 s
Time taken for 3-RDM build:        0.0268564 s
Time taken for 3-RDM build:        0.0274343 s
Time taken for 3-RDM build:        0.0269094 s
E_frzc:                         -446.0682972 Eh
E_cas:                           -14.7582517 Eh
E_nuc:                             0.0000000 Eh
E_casci:                        -460.8252020 Eh
E0 (from RDM):                  -460.8252020 Eh
Ecorr:                             0.0013470 Eh

Timing summary
... Hamil build:                    0.0064356 s
... Hamil diag:                     0.0001512 s
... RDM build:                     12.4240232 s
State     Energy / Eh         Splitting / Eh      Splitting / cm-1    Splitting / meV     
0         -4.6082655e+02      +0.0000000e+00      +0.0000000e+00      +0.0000000e+00      
1         -4.6082655e+02      +1.2022326e-08      +2.6385956e-03      +3.2714432e-04      
2         -4.6082655e+02      +5.7600573e-09      +1.2641864e-03      +1.5673922e-04      
3         -4.6082655e+02      +1.1622035e-08      +2.5507418e-03      +3.1625183e-04      
4         -4.6082251e+02      +4.0408198e-03      +8.8685742e+02      +1.0995636e+02      
5         -4.6082251e+02      +2.0031848e-08      +4.3964825e-03      +5.4509461e-04      
Total time taken:                  13.0917151 s
===============================================

===============================================
            Relativistic DSRG-MRPT3            
===============================================
... compute_energy_pt3_1:      62.2306619 s
... compute_energy_pt2:       0.2505078 s
... compute_energy_pt3_2:      49.9616055 s
... compute_energy_pt3_3:      11.6820168 s
-----------------------------------------------
        DSRG-MRPT3 reference relaxation        
-----------------------------------------------
Iter                          Energy              Delta E   
   -Eref  -460.8252020       
   -Ecorr -0.3600118       
<Psi^(0)|Hbar^(0)|Psi^(0)>    -461.1852137        -4.61185e+02
   -Erelax-0.0000000       
<Psi^(0)|Hbar^(1)|Psi^(0)>    -461.1852137        0.00000e+00
   -Eref  -460.8252020       
   -Ecorr -0.3600118       
<Psi^(1)|Hbar^(1)|Psi^(1)>    -461.1852137        1.70530e-13
   -Erelax0.0000000       
<Psi^(1)|Hbar^(2)|Psi^(1)>    -461.1852137        0.00000e+00
Unrelaxed DSRG-MRPT3 energy:              -461.1852137 Eh
Unrelaxed DSRG-MRPT3 E_corr:                -0.3600118 Eh
Partially relaxed DSRG-MRPT3 energy:      -461.1852137 Eh
Partially relaxed DSRG-MRPT3 E_corr:        -0.3600118 Eh
Relaxed DSRG-MRPT3 energy:                -461.1852137 Eh
Relaxed DSRG-MRPT3 E_corr:                  -0.3600118 Eh
Fully relaxed DSRG-MRPT3 energy:          -461.1852137 Eh
Fully relaxed DSRG-MRPT3 E_corr:            -0.3600118 Eh
State     Energy / Eh         Splitting / Eh      Splitting / cm-1    Splitting / meV     
0         -4.6118655e+02      +0.0000000e+00      +0.0000000e+00      +0.0000000e+00      
1         -4.6118655e+02      +1.2259420e-09      +2.6906317e-04      +3.3359597e-05      
2         -4.6118655e+02      +1.1670522e-09      +2.5613836e-04      +3.1757124e-05      
3         -4.6118655e+02      +1.1254429e-09      +2.4700615e-04      +3.0624874e-05      
4         -4.6118255e+02      +4.0001009e-03      +8.7792066e+02      +1.0884834e+02      
5         -4.6118255e+02      +2.0850734e-09      +4.5762072e-04      +5.6737766e-05      
Time taken:                      348.0678852 s
===============================================
===============================================
              PySCF DHF interface              
===============================================
Will now allocate 38.863 GB memory for the AO ERI tensor!

Timing report
....integral transformation:    1006.6921096 s

===============================================
            Relativistic CASCI(3,8)            
===============================================
Will now allocate 0.050 MB memory for the CASCI Hamiltonian!
Time taken for 1-RDM build:        0.0056496 s
Time taken for 1-RDM build:        0.0056200 s
Time taken for 1-RDM build:        0.0056098 s
Time taken for 1-RDM build:        0.0055935 s
Time taken for 1-RDM build:        0.0055940 s
Time taken for 1-RDM build:        0.0055964 s
Time taken for 2-RDM build:        0.0230279 s
Time taken for 2-RDM build:        0.0229785 s
Time taken for 2-RDM build:        0.0229766 s
Time taken for 2-RDM build:        0.0229506 s
Time taken for 2-RDM build:        0.0229857 s
Time taken for 2-RDM build:        0.0229712 s
Time taken for 3-RDM build:        0.0655921 s
Time taken for 3-RDM build:        0.0639913 s
Time taken for 3-RDM build:        0.0639601 s
Time taken for 3-RDM build:        0.0639257 s
Time taken for 3-RDM build:        0.0639138 s
Time taken for 3-RDM build:        0.0638249 s
E_frzc:                        -1939.7138290 Eh
E_cas:                            -2.0100161 Eh
E_nuc:                             0.0000000 Eh
E_casci:                       -1941.7217616 Eh
E0 (from RDM):                 -1941.7217616 Eh
Ecorr:                            -0.1944870 Eh

Timing summary
... Hamil build:                    0.0169344 s
... Hamil diag:                     0.0189404 s
... RDM build:                     45.2254057 s
State     Energy / Eh         Splitting / Eh      Splitting / cm-1    Splitting / meV     
0         -1.9417238e+03      +0.0000000e+00      +0.0000000e+00      +0.0000000e+00      
1         -1.9417238e+03      +1.0702479e-09      +2.3489226e-04      +2.9122942e-05      
2         -1.9417207e+03      +3.1252750e-03      +6.8591858e+02      +8.5043106e+01      
3         -1.9417207e+03      +1.1004886e-09      +2.4152933e-04      +2.9945834e-05      
4         -1.9417207e+03      +9.5178621e-10      +2.0889293e-04      +2.5899434e-05      
5         -1.9417207e+03      +6.4619599e-10      +1.4182362e-04      +1.7583897e-05      
Total time taken:                  48.9088244 s
===============================================

===============================================
            Relativistic DSRG-MRPT3            
===============================================
... compute_energy_pt3_1:     424.7344522 s
... compute_energy_pt2:       1.2090147 s
... compute_energy_pt3_2:     368.8017673 s
... compute_energy_pt3_3:      95.5247090 s
-----------------------------------------------
        DSRG-MRPT3 reference relaxation        
-----------------------------------------------
Iter                          Energy              Delta E   
   -Eref  -1941.7217616       
   -Ecorr -0.8307197       
<Psi^(0)|Hbar^(0)|Psi^(0)>    -1942.5524813       -1.94255e+03
   -Erelax-0.0004117       
<Psi^(0)|Hbar^(1)|Psi^(0)>    -1942.5528930       -4.11674e-04
   -Eref  -1941.7213604       
   -Ecorr -0.8315494       
<Psi^(1)|Hbar^(1)|Psi^(1)>    -1942.5529098       -1.68571e-05
   -Erelax-0.0000000       
<Psi^(1)|Hbar^(2)|Psi^(1)>    -1942.5529098       -1.34150e-10
   -Eref  -1941.7213600       
   -Ecorr -0.8315498       
<Psi^(2)|Hbar^(2)|Psi^(2)>    -1942.5529098       -1.02866e-08
   -Erelax0.0000000       
<Psi^(2)|Hbar^(3)|Psi^(2)>    -1942.5529098       0.00000e+00
   -Eref  -1941.7213600       
   -Ecorr -0.8315498       
<Psi^(3)|Hbar^(3)|Psi^(3)>    -1942.5529098       -1.36424e-12
   -Erelax-0.0000000       
<Psi^(3)|Hbar^(4)|Psi^(3)>    -1942.5529098       0.00000e+00
Unrelaxed DSRG-MRPT3 energy:             -1942.5524813 Eh
Unrelaxed DSRG-MRPT3 E_corr:                -0.8307197 Eh
Partially relaxed DSRG-MRPT3 energy:     -1942.5528930 Eh
Partially relaxed DSRG-MRPT3 E_corr:        -0.8311313 Eh
Relaxed DSRG-MRPT3 energy:               -1942.5529098 Eh
Relaxed DSRG-MRPT3 E_corr:                  -0.8315494 Eh
Fully relaxed DSRG-MRPT3 energy:         -1942.5529098 Eh
Fully relaxed DSRG-MRPT3 E_corr:            -0.8315498 Eh
State     Energy / Eh         Splitting / Eh      Splitting / cm-1    Splitting / meV     
0         -1.9425553e+03      +0.0000000e+00      +0.0000000e+00      +0.0000000e+00      
1         -1.9425553e+03      +4.8385118e-10      +1.0619306e-04      +1.3166268e-05      
2         -1.9425517e+03      +3.6268516e-03      +7.9600192e+02      +9.8691707e+01      
3         -1.9425517e+03      +4.8112270e-10      +1.0559423e-04      +1.3092022e-05      
4         -1.9425517e+03      +4.3269210e-10      +9.4964940e-05      +1.1774157e-05      
5         -1.9425517e+03      +3.0922820e-10      +6.7867744e-05      +8.4145319e-06      
Time taken:                     4462.4205408 s
===============================================
===============================================
              PySCF DHF interface              
===============================================
Will now allocate 38.863 GB memory for the AO ERI tensor!

Timing report
....integral transformation:    1000.6756108 s

===============================================
            Relativistic CASCI(4,8)            
===============================================
Will now allocate 0.078 MB memory for the CASCI Hamiltonian!
Time taken for 1-RDM build:        0.0087976 s
Time taken for 1-RDM build:        0.0081847 s
Time taken for 1-RDM build:        0.0080352 s
Time taken for 1-RDM build:        0.0081382 s
Time taken for 1-RDM build:        0.0080788 s
Time taken for 1-RDM build:        0.0081065 s
Time taken for 1-RDM build:        0.0080309 s
Time taken for 1-RDM build:        0.0081110 s
Time taken for 1-RDM build:        0.0080392 s
Time taken for 2-RDM build:        0.0352106 s
Time taken for 2-RDM build:        0.0347149 s
Time taken for 2-RDM build:        0.0350130 s
Time taken for 2-RDM build:        0.0347614 s
Time taken for 2-RDM build:        0.0350316 s
Time taken for 2-RDM build:        0.0347371 s
Time taken for 2-RDM build:        0.0350640 s
Time taken for 2-RDM build:        0.0347452 s
Time taken for 2-RDM build:        0.0350339 s
Time taken for 3-RDM build:        0.1524773 s
Time taken for 3-RDM build:        0.1515424 s
Time taken for 3-RDM build:        0.1511943 s
Time taken for 3-RDM build:        0.1515322 s
Time taken for 3-RDM build:        0.1512334 s
Time taken for 3-RDM build:        0.1516743 s
Time taken for 3-RDM build:        0.1511748 s
Time taken for 3-RDM build:        0.1515625 s
Time taken for 3-RDM build:        0.1510091 s
E_frzc:                        -2092.8592106 Eh
E_cas:                            -3.6862998 Eh
E_nuc:                             0.0000000 Eh
E_casci:                       -2096.5413860 Eh
E0 (from RDM):                 -2096.5413860 Eh
Ecorr:                            -0.2153364 Eh

Timing summary
... Hamil build:                    0.0259018 s
... Hamil diag:                     0.0010707 s
... RDM build:                     43.5450814 s
State     Energy / Eh         Splitting / Eh      Splitting / cm-1    Splitting / meV     
0         -2.0965455e+03      +0.0000000e+00      +0.0000000e+00      +0.0000000e+00      
1         -2.0965432e+03      +2.3344184e-03      +5.1234561e+02      +6.3522789e+01      
2         -2.0965432e+03      +6.4164851e-10      +1.4082557e-04      +1.7460154e-05      
3         -2.0965432e+03      +5.3205440e-10      +1.1677244e-04      +1.4477945e-05      
4         -2.0965395e+03      +3.6890520e-03      +8.0965333e+02      +1.0038427e+02      
5         -2.0965395e+03      +9.3723429e-10      +2.0569915e-04      +2.5503456e-05      
6         -2.0965395e+03      +1.0586518e-09      +2.3234722e-04      +2.8807397e-05      
7         -2.0965395e+03      +1.1709744e-09      +2.5699918e-04      +3.1863852e-05      
8         -2.0965395e+03      +1.0372787e-09      +2.2765636e-04      +2.8225805e-05      
Total time taken:                  47.2260499 s
===============================================

===============================================
            Relativistic DSRG-MRPT3            
===============================================
... compute_energy_pt3_1:     414.5809877 s
... compute_energy_pt2:       1.2838564 s
... compute_energy_pt3_2:     356.5269547 s
... compute_energy_pt3_3:      94.3976722 s
-----------------------------------------------
        DSRG-MRPT3 reference relaxation        
-----------------------------------------------
Iter                          Energy              Delta E   
   -Eref  -2096.5413860       
   -Ecorr -0.8482139       
<Psi^(0)|Hbar^(0)|Psi^(0)>    -2097.3895999       -2.09739e+03
   -Erelax-0.0001356       
<Psi^(0)|Hbar^(1)|Psi^(0)>    -2097.3897355       -1.35591e-04
   -Eref  -2096.5412486       
   -Ecorr -0.8485366       
<Psi^(1)|Hbar^(1)|Psi^(1)>    -2097.3897851       -4.96874e-05
   -Erelax-0.0000000       
<Psi^(1)|Hbar^(2)|Psi^(1)>    -2097.3897852       -4.56871e-08
   -Eref  -2096.5412469       
   -Ecorr -0.8485384       
<Psi^(2)|Hbar^(2)|Psi^(2)>    -2097.3897852       -3.52557e-08
   -Erelax-0.0000000       
<Psi^(2)|Hbar^(3)|Psi^(2)>    -2097.3897852       -1.66892e-10
   -Eref  -2096.5412467       
   -Ecorr -0.8485385       
<Psi^(3)|Hbar^(3)|Psi^(3)>    -2097.3897852       -3.92583e-09
   -Erelax-0.0000000       
<Psi^(3)|Hbar^(4)|Psi^(3)>    -2097.3897852       -4.54747e-13
Unrelaxed DSRG-MRPT3 energy:             -2097.3895999 Eh
Unrelaxed DSRG-MRPT3 E_corr:                -0.8482139 Eh
Partially relaxed DSRG-MRPT3 energy:     -2097.3897355 Eh
Partially relaxed DSRG-MRPT3 E_corr:        -0.8483495 Eh
Relaxed DSRG-MRPT3 energy:               -2097.3897851 Eh
Relaxed DSRG-MRPT3 E_corr:                  -0.8485366 Eh
Fully relaxed DSRG-MRPT3 energy:         -2097.3897852 Eh
Fully relaxed DSRG-MRPT3 E_corr:            -0.8485385 Eh
State     Energy / Eh         Splitting / Eh      Splitting / cm-1    Splitting / meV     
0         -2.0973944e+03      +0.0000000e+00      +0.0000000e+00      +0.0000000e+00      
1         -2.0973917e+03      +2.6204864e-03      +5.7513029e+02      +7.1307101e+01      
2         -2.0973917e+03      +2.3283064e-10      +5.1100419e-05      +6.3356475e-06      
3         -2.0973917e+03      +2.1782398e-10      +4.7806838e-05      +5.9272953e-06      
4         -2.0973877e+03      +4.0281580e-03      +8.8407848e+02      +1.0961181e+02      
5         -2.0973877e+03      +2.9194780e-10      +6.4075135e-05      +7.9443081e-06      
6         -2.0973877e+03      +3.3651304e-10      +7.3856075e-05      +9.1569906e-06      
7         -2.0973877e+03      +3.3605829e-10      +7.3756269e-05      +9.1446163e-06      
8         -2.0973877e+03      +2.8830982e-10      +6.3276691e-05      +7.8453136e-06      
Time taken:                     4367.0978310 s
===============================================
===============================================
              PySCF DHF interface              
===============================================
Will now allocate 38.863 GB memory for the AO ERI tensor!

Timing report
....integral transformation:    1025.1795001 s

===============================================
            Relativistic CASCI(5,8)            
===============================================
Will now allocate 0.050 MB memory for the CASCI Hamiltonian!
Time taken for 1-RDM build:        0.0061114 s
Time taken for 1-RDM build:        0.0058668 s
Time taken for 1-RDM build:        0.0056491 s
Time taken for 1-RDM build:        0.0056713 s
Time taken for 1-RDM build:        0.0056324 s
Time taken for 1-RDM build:        0.0056338 s
Time taken for 1-RDM build:        0.0056207 s
Time taken for 1-RDM build:        0.0056345 s
Time taken for 1-RDM build:        0.0056429 s
Time taken for 1-RDM build:        0.0056362 s
Time taken for 1-RDM build:        0.0056314 s
Time taken for 1-RDM build:        0.0056539 s
Time taken for 1-RDM build:        0.0056319 s
Time taken for 1-RDM build:        0.0056345 s
Time taken for 2-RDM build:        0.0254488 s
Time taken for 2-RDM build:        0.0253880 s
Time taken for 2-RDM build:        0.0254049 s
Time taken for 2-RDM build:        0.0254321 s
Time taken for 2-RDM build:        0.0254204 s
Time taken for 2-RDM build:        0.0253794 s
Time taken for 2-RDM build:        0.0254338 s
Time taken for 2-RDM build:        0.0254159 s
Time taken for 2-RDM build:        0.0253861 s
Time taken for 2-RDM build:        0.0253997 s
Time taken for 2-RDM build:        0.0253842 s
Time taken for 2-RDM build:        0.0253396 s
Time taken for 2-RDM build:        0.0254886 s
Time taken for 2-RDM build:        0.0255182 s
Time taken for 3-RDM build:        0.1502330 s
Time taken for 3-RDM build:        0.1485109 s
Time taken for 3-RDM build:        0.1483619 s
Time taken for 3-RDM build:        0.1484275 s
Time taken for 3-RDM build:        0.1482613 s
Time taken for 3-RDM build:        0.1482871 s
Time taken for 3-RDM build:        0.1483920 s
Time taken for 3-RDM build:        0.1483169 s
Time taken for 3-RDM build:        0.1483157 s
Time taken for 3-RDM build:        0.1497102 s
Time taken for 3-RDM build:        0.1483707 s
Time taken for 3-RDM build:        0.1483219 s
Time taken for 3-RDM build:        0.1584854 s
Time taken for 3-RDM build:        0.1484032 s
E_frzc:                        -2252.3726240 Eh
E_cas:                            -6.0718308 Eh
E_nuc:                             0.0000000 Eh
E_casci:                       -2258.3972569 Eh
E0 (from RDM):                 -2258.3972569 Eh
Ecorr:                            -0.0178409 Eh

Timing summary
... Hamil build:                    0.0238984 s
... Hamil diag:                     0.0202210 s
... RDM build:                     43.9785550 s
State     Energy / Eh         Splitting / Eh      Splitting / cm-1    Splitting / meV     
0         -2.2584445e+03      +0.0000000e+00      +0.0000000e+00      +0.0000000e+00      
1         -2.2584445e+03      +5.2432370e-10      +1.1507575e-04      +1.4267581e-05      
2         -2.2584445e+03      +5.2705218e-10      +1.1567458e-04      +1.4341827e-05      
3         -2.2584445e+03      +5.1386451e-10      +1.1278022e-04      +1.3982972e-05      
4         -2.2583793e+03      +6.5107933e-02      +1.4289540e+04      +1.7716780e+03      
5         -2.2583793e+03      +9.2859409e-10      +2.0380284e-04      +2.5268344e-05      
6         -2.2583793e+03      +1.1159500e-09      +2.4492271e-04      +3.0366561e-05      
7         -2.2583793e+03      +5.1250026e-10      +1.1248081e-04      +1.3945849e-05      
8         -2.2583777e+03      +1.6153755e-03      +3.5453394e+02      +4.3956628e+01      
9         -2.2583777e+03      +7.5033313e-10      +1.6467909e-04      +2.0417614e-05      
10        -2.2583777e+03      +4.8839865e-10      +1.0719111e-04      +1.3290011e-05      
11        -2.2583777e+03      +1.4611032e-09      +3.2067509e-04      +3.9758663e-05      
12        -2.2583777e+03      +1.6329977e-09      +3.5840157e-04      +4.4436153e-05      
13        -2.2583777e+03      +6.3982952e-10      +1.4042635e-04      +1.7410656e-05      
Total time taken:                  47.6688790 s
===============================================

===============================================
            Relativistic DSRG-MRPT3            
===============================================
... compute_energy_pt3_1:     425.2999291 s
... compute_energy_pt2:       1.1536887 s
... compute_energy_pt3_2:     365.0355670 s
... compute_energy_pt3_3:     107.5224595 s
-----------------------------------------------
        DSRG-MRPT3 reference relaxation        
-----------------------------------------------
Iter                          Energy              Delta E   
   -Eref  -2258.3972569       
   -Ecorr -0.8794081       
<Psi^(0)|Hbar^(0)|Psi^(0)>    -2259.2766649       -2.25928e+03
   -Erelax-0.0000185       
<Psi^(0)|Hbar^(1)|Psi^(0)>    -2259.2766835       -1.85384e-05
   -Eref  -2258.3972419       
   -Ecorr -0.8794435       
<Psi^(1)|Hbar^(1)|Psi^(1)>    -2259.2766855       -2.01075e-06
   -Erelax-0.0000000       
<Psi^(1)|Hbar^(2)|Psi^(1)>    -2259.2766855       -4.92309e-09
   -Eref  -2258.3972417       
   -Ecorr -0.8794437       
<Psi^(2)|Hbar^(2)|Psi^(2)>    -2259.2766854       2.35559e-08
   -Erelax-0.0000000       
<Psi^(2)|Hbar^(3)|Psi^(2)>    -2259.2766854       -5.00222e-12
   -Eref  -2258.3972417       
   -Ecorr -0.8794437       
<Psi^(3)|Hbar^(3)|Psi^(3)>    -2259.2766854       7.10770e-10
   -Erelax0.0000000       
<Psi^(3)|Hbar^(4)|Psi^(3)>    -2259.2766854       0.00000e+00
Unrelaxed DSRG-MRPT3 energy:             -2259.2766649 Eh
Unrelaxed DSRG-MRPT3 E_corr:                -0.8794081 Eh
Partially relaxed DSRG-MRPT3 energy:     -2259.2766835 Eh
Partially relaxed DSRG-MRPT3 E_corr:        -0.8794266 Eh
Relaxed DSRG-MRPT3 energy:               -2259.2766855 Eh
Relaxed DSRG-MRPT3 E_corr:                  -0.8794435 Eh
Fully relaxed DSRG-MRPT3 energy:         -2259.2766854 Eh
Fully relaxed DSRG-MRPT3 E_corr:            -0.8794437 Eh
State     Energy / Eh         Splitting / Eh      Splitting / cm-1    Splitting / meV     
0         -2.2593151e+03      +0.0000000e+00      +0.0000000e+00      +0.0000000e+00      
1         -2.2593151e+03      +1.7917046e-10      +3.9323370e-05      +4.8754788e-06      
2         -2.2593151e+03      +1.8599167e-10      +4.0820452e-05      +5.0610934e-06      
3         -2.2593151e+03      +1.7826096e-10      +3.9123759e-05      +4.8507302e-06      
4         -2.2592622e+03      +5.2862026e-02      +1.1601874e+04      +1.4384497e+03      
5         -2.2592622e+03      +1.1959855e-10      +2.6248848e-05      +3.2544440e-06      
6         -2.2592622e+03      +1.3369572e-10      +2.9342819e-05      +3.6380476e-06      
7         -2.2592622e+03      +1.4415491e-10      +3.1638346e-05      +3.9226568e-06      
8         -2.2592608e+03      +1.4362339e-03      +3.1521690e+02      +3.9081933e+01      
9         -2.2592608e+03      +1.7689672e-10      +3.8824342e-05      +4.8136072e-06      
10        -2.2592608e+03      +3.9563020e-11      +8.6830791e-06      +1.0765651e-06      
11        -2.2592608e+03      +2.9149305e-10      +6.3975330e-05      +7.9319337e-06      
12        -2.2592608e+03      +2.6102498e-10      +5.7288361e-05      +7.1028549e-06      
13        -2.2592608e+03      +9.0494723e-11      +1.9861296e-05      +2.4624880e-06      
Time taken:                     4451.6414475 s
===============================================
===============================================
              PySCF DHF interface              
===============================================
Will now allocate 38.863 GB memory for the AO ERI tensor!

Timing report
....integral transformation:    1015.0022788 s

===============================================
            Relativistic CASCI(6,8)            
===============================================
Will now allocate 0.013 MB memory for the CASCI Hamiltonian!
Time taken for 1-RDM build:        0.0022054 s
Time taken for 1-RDM build:        0.0021803 s
Time taken for 1-RDM build:        0.0021775 s
Time taken for 1-RDM build:        0.0021853 s
Time taken for 1-RDM build:        0.0021865 s
Time taken for 1-RDM build:        0.0021570 s
Time taken for 1-RDM build:        0.0021691 s
Time taken for 1-RDM build:        0.0021689 s
Time taken for 1-RDM build:        0.0021732 s
Time taken for 2-RDM build:        0.0086386 s
Time taken for 2-RDM build:        0.0085549 s
Time taken for 2-RDM build:        0.0085776 s
Time taken for 2-RDM build:        0.0085495 s
Time taken for 2-RDM build:        0.0085659 s
Time taken for 2-RDM build:        0.0085490 s
Time taken for 2-RDM build:        0.0085626 s
Time taken for 2-RDM build:        0.0086007 s
Time taken for 2-RDM build:        0.0086138 s
Time taken for 3-RDM build:        0.0672367 s
Time taken for 3-RDM build:        0.0660975 s
Time taken for 3-RDM build:        0.0661027 s
Time taken for 3-RDM build:        0.0661271 s
Time taken for 3-RDM build:        0.0660455 s
Time taken for 3-RDM build:        0.0661280 s
Time taken for 3-RDM build:        0.0660141 s
Time taken for 3-RDM build:        0.0660460 s
Time taken for 3-RDM build:        0.0660973 s
E_frzc:                        -2418.2608262 Eh
E_cas:                            -9.1774708 Eh
E_nuc:                             0.0000000 Eh
E_casci:                       -2427.4340589 Eh
E0 (from RDM):                 -2427.4340589 Eh
Ecorr:                            -0.1372548 Eh

Timing summary
... Hamil build:                    0.0130737 s
... Hamil diag:                     0.0009074 s
... RDM build:                     46.6577427 s
State     Energy / Eh         Splitting / Eh      Splitting / cm-1    Splitting / meV     
0         -2.4274383e+03      +0.0000000e+00      +0.0000000e+00      +0.0000000e+00      
1         -2.4274383e+03      +1.9413164e-09      +4.2606971e-04      +5.2825936e-05      
2         -2.4274383e+03      +8.9721652e-10      +1.9691626e-04      +2.4414517e-05      
3         -2.4274383e+03      +1.1737029e-09      +2.5759801e-04      +3.1938098e-05      
4         -2.4274383e+03      +1.8349056e-09      +4.0271522e-04      +4.9930347e-05      
5         -2.4274294e+03      +8.8831576e-03      +1.9496277e+03      +2.4172315e+02      
6         -2.4274294e+03      +4.1914063e-09      +9.1990735e-04      +1.1405403e-04      
7         -2.4274294e+03      +4.1027306e-09      +9.0044528e-04      +1.1164104e-04      
8         -2.4274268e+03      +2.6102260e-03      +5.7287839e+02      +7.1027902e+01      
Total time taken:                  50.3234036 s
===============================================

===============================================
            Relativistic DSRG-MRPT3            
===============================================
... compute_energy_pt3_1:     416.5177939 s
... compute_energy_pt2:       1.1763768 s
... compute_energy_pt3_2:     368.7832119 s
... compute_energy_pt3_3:     102.2748995 s
-----------------------------------------------
        DSRG-MRPT3 reference relaxation        
-----------------------------------------------
Iter                          Energy              Delta E   
   -Eref  -2427.4340589       
   -Ecorr -0.9062585       
<Psi^(0)|Hbar^(0)|Psi^(0)>    -2428.3403173       -2.42834e+03
   -Erelax-0.0000076       
<Psi^(0)|Hbar^(1)|Psi^(0)>    -2428.3403250       -7.63873e-06
   -Eref  -2427.4340502       
   -Ecorr -0.9062800       
<Psi^(1)|Hbar^(1)|Psi^(1)>    -2428.3403302       -5.21462e-06
   -Erelax-0.0000000       
<Psi^(1)|Hbar^(2)|Psi^(1)>    -2428.3403302       -2.30557e-09
   -Eref  -2427.4340504       
   -Ecorr -0.9062797       
<Psi^(2)|Hbar^(2)|Psi^(2)>    -2428.3403301       1.41812e-07
   -Erelax-0.0000000       
<Psi^(2)|Hbar^(3)|Psi^(2)>    -2428.3403301       -2.27374e-12
   -Eref  -2427.4340504       
   -Ecorr -0.9062797       
<Psi^(3)|Hbar^(3)|Psi^(3)>    -2428.3403301       -4.47380e-09
   -Erelax-0.0000000       
<Psi^(3)|Hbar^(4)|Psi^(3)>    -2428.3403301       0.00000e+00
Unrelaxed DSRG-MRPT3 energy:             -2428.3403173 Eh
Unrelaxed DSRG-MRPT3 E_corr:                -0.9062585 Eh
Partially relaxed DSRG-MRPT3 energy:     -2428.3403250 Eh
Partially relaxed DSRG-MRPT3 E_corr:        -0.9062661 Eh
Relaxed DSRG-MRPT3 energy:               -2428.3403302 Eh
Relaxed DSRG-MRPT3 E_corr:                  -0.9062800 Eh
Fully relaxed DSRG-MRPT3 energy:         -2428.3403301 Eh
Fully relaxed DSRG-MRPT3 E_corr:            -0.9062797 Eh
State     Energy / Eh         Splitting / Eh      Splitting / cm-1    Splitting / meV     
0         -2.4283445e+03      +0.0000000e+00      +0.0000000e+00      +0.0000000e+00      
1         -2.4283445e+03      +4.2427928e-10      +9.3118538e-05      +1.1545233e-05      
2         -2.4283445e+03      +4.6111381e-10      +1.0120278e-04      +1.2547552e-05      
3         -2.4283445e+03      +4.6793502e-10      +1.0269987e-04      +1.2733167e-05      
4         -2.4283445e+03      +4.0108716e-10      +8.8028457e-05      +1.0914143e-05      
5         -2.4283358e+03      +8.6739795e-03      +1.9037184e+03      +2.3603112e+02      
6         -2.4283358e+03      +7.9990059e-10      +1.7555789e-04      +2.1766414e-05      
7         -2.4283358e+03      +7.4578566e-10      +1.6368103e-04      +2.0293871e-05      
8         -2.4283332e+03      +2.6365439e-03      +5.7865450e+02      +7.1744048e+01      
Time taken:                     4323.3460619 s
===============================================
===============================================
              PySCF DHF interface              
===============================================
Will now allocate 38.863 GB memory for the AO ERI tensor!

Timing report
....integral transformation:    1020.7279263 s

===============================================
            Relativistic CASCI(7,8)            
===============================================
Will now allocate 0.001 MB memory for the CASCI Hamiltonian!
Time taken for 1-RDM build:        0.0003736 s
Time taken for 1-RDM build:        0.0003674 s
Time taken for 1-RDM build:        0.0003617 s
Time taken for 1-RDM build:        0.0003619 s
Time taken for 1-RDM build:        0.0003631 s
Time taken for 1-RDM build:        0.0003593 s
Time taken for 2-RDM build:        0.0010595 s
Time taken for 2-RDM build:        0.0009961 s
Time taken for 2-RDM build:        0.0009954 s
Time taken for 2-RDM build:        0.0009921 s
Time taken for 2-RDM build:        0.0009913 s
Time taken for 2-RDM build:        0.0009902 s
Time taken for 3-RDM build:        0.0136983 s
Time taken for 3-RDM build:        0.0122790 s
Time taken for 3-RDM build:        0.0122743 s
Time taken for 3-RDM build:        0.0123000 s
Time taken for 3-RDM build:        0.0122876 s
Time taken for 3-RDM build:        0.0122981 s
E_frzc:                        -2590.5378304 Eh
E_cas:                           -13.1880855 Eh
E_nuc:                             0.0000000 Eh
E_casci:                       -2603.7203212 Eh
E0 (from RDM):                 -2603.7203212 Eh
Ecorr:                            -0.0318830 Eh

Timing summary
... Hamil build:                    0.0035710 s
... Hamil diag:                     0.0026698 s
... RDM build:                     45.1331339 s
State     Energy / Eh         Splitting / Eh      Splitting / cm-1    Splitting / meV     
0         -2.6037259e+03      +0.0000000e+00      +0.0000000e+00      +0.0000000e+00      
1         -2.6037259e+03      +9.2413757e-09      +2.0282475e-03      +2.5147076e-04      
2         -2.6037259e+03      +1.8784249e-08      +4.1226661e-03      +5.1114569e-04      
3         -2.6037259e+03      +9.8884811e-09      +2.1702707e-03      +2.6907941e-04      
4         -2.6037091e+03      +1.6783801e-02      +3.6836186e+03      +4.5671072e+02      
5         -2.6037091e+03      +7.4087438e-09      +1.6260313e-03      +2.0160228e-04      
Total time taken:                  48.7820990 s
===============================================

===============================================
            Relativistic DSRG-MRPT3            
===============================================
... compute_energy_pt3_1:     424.2682636 s
... compute_energy_pt2:       1.1926200 s
... compute_energy_pt3_2:     334.8363924 s
... compute_energy_pt3_3:      85.9860115 s
-----------------------------------------------
        DSRG-MRPT3 reference relaxation        
-----------------------------------------------
Iter                          Energy              Delta E   
   -Eref  -2603.7203212       
   -Ecorr -0.9410707       
<Psi^(0)|Hbar^(0)|Psi^(0)>    -2604.6613919       -2.60466e+03
   -Erelax0.0000000       
<Psi^(0)|Hbar^(1)|Psi^(0)>    -2604.6613919       0.00000e+00
   -Eref  -2603.7203212       
   -Ecorr -0.9410707       
<Psi^(1)|Hbar^(1)|Psi^(1)>    -2604.6613919       -9.09495e-13
   -Erelax-0.0000000       
<Psi^(1)|Hbar^(2)|Psi^(1)>    -2604.6613919       0.00000e+00
Unrelaxed DSRG-MRPT3 energy:             -2604.6613919 Eh
Unrelaxed DSRG-MRPT3 E_corr:                -0.9410707 Eh
Partially relaxed DSRG-MRPT3 energy:     -2604.6613919 Eh
Partially relaxed DSRG-MRPT3 E_corr:        -0.9410707 Eh
Relaxed DSRG-MRPT3 energy:               -2604.6613919 Eh
Relaxed DSRG-MRPT3 E_corr:                  -0.9410707 Eh
Fully relaxed DSRG-MRPT3 energy:         -2604.6613919 Eh
Fully relaxed DSRG-MRPT3 E_corr:            -0.9410707 Eh
State     Energy / Eh         Splitting / Eh      Splitting / cm-1    Splitting / meV     
0         -2.6046669e+03      +0.0000000e+00      +0.0000000e+00      +0.0000000e+00      
1         -2.6046669e+03      +1.6452759e-09      +3.6109632e-04      +4.4770259e-05      
2         -2.6046669e+03      +2.4760993e-09      +5.4344098e-04      +6.7378127e-05      
3         -2.6046669e+03      +2.0368134e-09      +4.4702886e-04      +5.5424542e-05      
4         -2.6046504e+03      +1.6537843e-02      +3.6296370e+03      +4.5001785e+02      
5         -2.6046504e+03      +1.8658284e-09      +4.0950199e-04      +5.0771801e-05      
Time taken:                     2061.2768908 s
===============================================
