NOW DOING s=0.61!
===============================================
              PySCF DHF interface              
===============================================
Will now allocate 796.594 MB memory for the AO ERI tensor!

Timing report
....integral transformation:      50.8871031 s

===============================================
            Relativistic CASCI(3,8)            
===============================================
Will now allocate 0.050 MB memory for the CASCI Hamiltonian!
Time taken for 1-RDM build:        0.0213323 s
Time taken for 1-RDM build:        0.0212350 s
Time taken for 1-RDM build:        0.0212104 s
Time taken for 1-RDM build:        0.0212193 s
Time taken for 1-RDM build:        0.0211978 s
Time taken for 1-RDM build:        0.0212328 s
Time taken for 2-RDM build:        0.0827782 s
Time taken for 2-RDM build:        0.0827374 s
Time taken for 2-RDM build:        0.0828791 s
Time taken for 2-RDM build:        0.0828547 s
Time taken for 2-RDM build:        0.0828745 s
Time taken for 2-RDM build:        0.0829186 s
Time taken for 3-RDM build:        0.1830091 s
Time taken for 3-RDM build:        0.1812472 s
Time taken for 3-RDM build:        0.1811769 s
Time taken for 3-RDM build:        0.1809185 s
Time taken for 3-RDM build:        0.1807594 s
Time taken for 3-RDM build:        0.1808932 s
E_frzc:                          -21.9899228 Eh
E_cas:                            -2.5754278 Eh
E_nuc:                             0.0000000 Eh
E_casci:                         -24.5653104 Eh
E0 (from RDM):                   -24.5653104 Eh
Ecorr:                            -0.2764703 Eh

Timing summary
... Hamil build:                    0.0712831 s
... Hamil diag:                     0.0037711 s
... RDM build:                      5.1554193 s
State     Energy / Eh         Splitting / Eh      Splitting / cm-1    Splitting / meV     
0         -2.4565351e+01      +0.0000000e+00      +0.0000000e+00      +0.0000000e+00      
1         -2.4565351e+01      +1.6292141e-09      +3.5757116e-04      +4.4333195e-05      
2         -2.4565290e+01      +6.0370290e-05      +1.3249747e+01      +1.6427601e+00      
3         -2.4565290e+01      +8.2750518e-10      +1.8161639e-04      +2.2517574e-05      
4         -2.4565290e+01      +8.6880192e-10      +1.9067998e-04      +2.3641316e-05      
5         -2.4565290e+01      +1.8699780e-09      +4.1041272e-04      +5.0884716e-05      
Total time taken:                   5.4083619 s
===============================================

===============================================
            Relativistic DSRG-MRPT3            
===============================================
... compute_energy_pt3_1:      15.3745372 s
... compute_energy_pt2:       0.0892472 s
... compute_energy_pt3_2:      12.1105452 s
... compute_energy_pt3_3:       2.6901326 s
-----------------------------------------------
        DSRG-MRPT3 reference relaxation        
-----------------------------------------------
Iter                          Energy              Delta E   
   -Eref  -24.5653104       
   -Ecorr -0.0737435       
<Psi^(0)|Hbar^(0)|Psi^(0)>    -24.6390539         -2.46391e+01
   -Erelax-0.0005134       
<Psi^(0)|Hbar^(1)|Psi^(0)>    -24.6395673         -5.13428e-04
   -Eref  -24.5647916       
   -Ecorr -0.0746686       
<Psi^(1)|Hbar^(1)|Psi^(1)>    -24.6394602         1.07133e-04
   -Erelax-0.0000000       
<Psi^(1)|Hbar^(2)|Psi^(1)>    -24.6394602         -9.67988e-09
   -Eref  -24.5647870       
   -Ecorr -0.0746727       
<Psi^(2)|Hbar^(2)|Psi^(2)>    -24.6394598         4.19892e-07
   -Erelax-0.0000000       
<Psi^(2)|Hbar^(3)|Psi^(2)>    -24.6394598         -1.42109e-13
   -Eref  -24.5647870       
   -Ecorr -0.0746727       
<Psi^(3)|Hbar^(3)|Psi^(3)>    -24.6394598         1.59581e-09
   -Erelax0.0000000       
<Psi^(3)|Hbar^(4)|Psi^(3)>    -24.6394598         3.55271e-15
Unrelaxed DSRG-MRPT3 energy:               -24.6390539 Eh
Unrelaxed DSRG-MRPT3 E_corr:                -0.0737435 Eh
Partially relaxed DSRG-MRPT3 energy:       -24.6395673 Eh
Partially relaxed DSRG-MRPT3 E_corr:        -0.0742569 Eh
Relaxed DSRG-MRPT3 energy:                 -24.6394602 Eh
Relaxed DSRG-MRPT3 E_corr:                  -0.0746686 Eh
Fully relaxed DSRG-MRPT3 energy:           -24.6394598 Eh
Fully relaxed DSRG-MRPT3 E_corr:            -0.0746727 Eh
State     Energy / Eh         Splitting / Eh      Splitting / cm-1    Splitting / meV     
0         -2.4639503e+01      +0.0000000e+00      +0.0000000e+00      +0.0000000e+00      
1         -2.4639503e+01      +6.1958971e-10      +1.3598422e-04      +1.6859903e-05      
2         -2.4639438e+01      +6.5081697e-05      +1.4283781e+01      +1.7709640e+00      
3         -2.4639438e+01      +4.2540904e-10      +9.3366492e-05      +1.1575975e-05      
4         -2.4639438e+01      +3.4772540e-10      +7.6316904e-05      +9.4620947e-06      
5         -2.4639438e+01      +6.3932148e-10      +1.4031485e-04      +1.7396832e-05      
Time taken:                      175.1453643 s
===============================================
===============================================
              PySCF DHF interface              
===============================================
Will now allocate 796.594 MB memory for the AO ERI tensor!

Timing report
....integral transformation:      50.8091898 s

===============================================
            Relativistic CASCI(4,8)            
===============================================
Will now allocate 0.078 MB memory for the CASCI Hamiltonian!
Time taken for 1-RDM build:        0.0327611 s
Time taken for 1-RDM build:        0.0328066 s
Time taken for 1-RDM build:        0.0328259 s
Time taken for 1-RDM build:        0.0295045 s
Time taken for 1-RDM build:        0.0288370 s
Time taken for 1-RDM build:        0.0288515 s
Time taken for 1-RDM build:        0.0288377 s
Time taken for 1-RDM build:        0.0288785 s
Time taken for 1-RDM build:        0.0288589 s
Time taken for 2-RDM build:        0.1231556 s
Time taken for 2-RDM build:        0.1232274 s
Time taken for 2-RDM build:        0.1230707 s
Time taken for 2-RDM build:        0.1231258 s
Time taken for 2-RDM build:        0.1231148 s
Time taken for 2-RDM build:        0.1231368 s
Time taken for 2-RDM build:        0.1229174 s
Time taken for 2-RDM build:        0.1229742 s
Time taken for 2-RDM build:        0.1236632 s
Time taken for 3-RDM build:        0.3893058 s
Time taken for 3-RDM build:        0.3893099 s
Time taken for 3-RDM build:        0.3887458 s
Time taken for 3-RDM build:        0.3886991 s
Time taken for 3-RDM build:        0.3892410 s
Time taken for 3-RDM build:        0.3887708 s
Time taken for 3-RDM build:        0.3889129 s
Time taken for 3-RDM build:        0.3886380 s
Time taken for 3-RDM build:        0.3887844 s
E_frzc:                          -32.3709352 Eh
E_cas:                            -5.3467114 Eh
E_nuc:                             0.0000000 Eh
E_casci:                         -37.7175257 Eh
E0 (from RDM):                   -37.7175257 Eh
Ecorr:                            -0.4429083 Eh

Timing summary
... Hamil build:                    0.1114678 s
... Hamil diag:                     0.0019116 s
... RDM build:                      8.4100711 s
State     Energy / Eh         Splitting / Eh      Splitting / cm-1    Splitting / meV     
0         -3.7717647e+01      +0.0000000e+00      +0.0000000e+00      +0.0000000e+00      
1         -3.7717578e+01      +6.8056777e-05      +1.4936736e+01      +1.8519201e+00      
2         -3.7717578e+01      +1.0789876e-09      +2.3681040e-04      +2.9360761e-05      
3         -3.7717578e+01      +1.2285710e-09      +2.6964017e-04      +3.3431136e-05      
4         -3.7717470e+01      +1.0852195e-04      +2.3817815e+01      +2.9530341e+00      
5         -3.7717470e+01      +3.7325520e-10      +8.1920048e-05      +1.0156796e-05      
6         -3.7717470e+01      +9.5213437e-10      +2.0896934e-04      +2.5908908e-05      
7         -3.7717470e+01      +4.4994408e-10      +9.8751311e-05      +1.2243608e-05      
8         -3.7717470e+01      +5.6219562e-10      +1.2338768e-04      +1.5298129e-05      
Total time taken:                   8.7022440 s
===============================================

===============================================
            Relativistic DSRG-MRPT3            
===============================================
... compute_energy_pt3_1:      14.9958048 s
... compute_energy_pt2:       0.0872312 s
... compute_energy_pt3_2:      11.8254344 s
... compute_energy_pt3_3:       2.7992694 s
-----------------------------------------------
        DSRG-MRPT3 reference relaxation        
-----------------------------------------------
Iter                          Energy              Delta E   
   -Eref  -37.7175257       
   -Ecorr -0.1158324       
<Psi^(0)|Hbar^(0)|Psi^(0)>    -37.8333582         -3.78334e+01
   -Erelax-0.0000685       
<Psi^(0)|Hbar^(1)|Psi^(0)>    -37.8334267         -6.85018e-05
   -Eref  -37.7174549       
   -Ecorr -0.1160798       
<Psi^(1)|Hbar^(1)|Psi^(1)>    -37.8335347         -1.07997e-04
   -Erelax-0.0000000       
<Psi^(1)|Hbar^(2)|Psi^(1)>    -37.8335347         -1.75793e-09
   -Eref  -37.7174555       
   -Ecorr -0.1160786       
<Psi^(2)|Hbar^(2)|Psi^(2)>    -37.8335341         5.22007e-07
   -Erelax-0.0000000       
<Psi^(2)|Hbar^(3)|Psi^(2)>    -37.8335341         -2.56506e-12
   -Eref  -37.7174555       
   -Ecorr -0.1160786       
<Psi^(3)|Hbar^(3)|Psi^(3)>    -37.8335341         -2.33057e-09
   -Erelax-0.0000000       
<Psi^(3)|Hbar^(4)|Psi^(3)>    -37.8335341         -3.55271e-14
Unrelaxed DSRG-MRPT3 energy:               -37.8333582 Eh
Unrelaxed DSRG-MRPT3 E_corr:                -0.1158324 Eh
Partially relaxed DSRG-MRPT3 energy:       -37.8334267 Eh
Partially relaxed DSRG-MRPT3 E_corr:        -0.1159009 Eh
Relaxed DSRG-MRPT3 energy:                 -37.8335347 Eh
Relaxed DSRG-MRPT3 E_corr:                  -0.1160798 Eh
Fully relaxed DSRG-MRPT3 energy:           -37.8335341 Eh
Fully relaxed DSRG-MRPT3 E_corr:            -0.1160786 Eh
State     Energy / Eh         Splitting / Eh      Splitting / cm-1    Splitting / meV     
0         -3.7833680e+01      +0.0000000e+00      +0.0000000e+00      +0.0000000e+00      
1         -3.7833600e+01      +8.0209819e-05      +1.7604020e+01      +2.1826214e+00      
2         -3.7833600e+01      +1.1880985e-10      +2.6075748e-05      +3.2329823e-06      
3         -3.7833600e+01      +1.1674928e-10      +2.5623504e-05      +3.1769112e-06      
4         -3.7833465e+01      +1.3497292e-04      +2.9623131e+01      +3.6728019e+00      
5         -3.7833465e+01      +5.1336713e-11      +1.1267106e-05      +1.3969438e-06      
6         -3.7833465e+01      +4.0358827e-11      +8.8577387e-06      +1.0982202e-06      
7         -3.7833465e+01      +1.0091128e-10      +2.2147466e-05      +2.7459371e-06      
8         -3.7833465e+01      +2.0833113e-11      +4.5723398e-06      +5.6689815e-07      
Time taken:                      182.0900979 s
===============================================
===============================================
              PySCF DHF interface              
===============================================
Will now allocate 796.594 MB memory for the AO ERI tensor!

Timing report
....integral transformation:      50.7963827 s

===============================================
            Relativistic CASCI(5,8)            
===============================================
Will now allocate 0.050 MB memory for the CASCI Hamiltonian!
Time taken for 1-RDM build:        0.0215619 s
Time taken for 1-RDM build:        0.0216248 s
Time taken for 1-RDM build:        0.0216110 s
Time taken for 1-RDM build:        0.0216105 s
Time taken for 1-RDM build:        0.0215960 s
Time taken for 1-RDM build:        0.0216126 s
Time taken for 1-RDM build:        0.0215373 s
Time taken for 1-RDM build:        0.0215929 s
Time taken for 1-RDM build:        0.0215411 s
Time taken for 1-RDM build:        0.0215960 s
Time taken for 1-RDM build:        0.0215518 s
Time taken for 1-RDM build:        0.0215480 s
Time taken for 1-RDM build:        0.0215988 s
Time taken for 1-RDM build:        0.0215807 s
Time taken for 2-RDM build:        0.0888236 s
Time taken for 2-RDM build:        0.0887063 s
Time taken for 2-RDM build:        0.0886462 s
Time taken for 2-RDM build:        0.0887494 s
Time taken for 2-RDM build:        0.0888507 s
Time taken for 2-RDM build:        0.0887184 s
Time taken for 2-RDM build:        0.0886450 s
Time taken for 2-RDM build:        0.0886521 s
Time taken for 2-RDM build:        0.0887144 s
Time taken for 2-RDM build:        0.0891321 s
Time taken for 2-RDM build:        0.0885243 s
Time taken for 2-RDM build:        0.0887959 s
Time taken for 2-RDM build:        0.0886388 s
Time taken for 2-RDM build:        0.0888026 s
Time taken for 3-RDM build:        0.3569231 s
Time taken for 3-RDM build:        0.3558593 s
Time taken for 3-RDM build:        0.3553143 s
Time taken for 3-RDM build:        0.3554540 s
Time taken for 3-RDM build:        0.3553057 s
Time taken for 3-RDM build:        0.3553174 s
Time taken for 3-RDM build:        0.3551583 s
Time taken for 3-RDM build:        0.3553667 s
Time taken for 3-RDM build:        0.3555107 s
Time taken for 3-RDM build:        0.3554437 s
Time taken for 3-RDM build:        0.3557146 s
Time taken for 3-RDM build:        0.3553803 s
Time taken for 3-RDM build:        0.3552122 s
Time taken for 3-RDM build:        0.3553615 s
E_frzc:                          -44.7567199 Eh
E_cas:                            -9.6666253 Eh
E_nuc:                             0.0000000 Eh
E_casci:                         -54.3487687 Eh
E0 (from RDM):                   -54.3487687 Eh
Ecorr:                            -0.4454114 Eh

Timing summary
... Hamil build:                    0.0908489 s
... Hamil diag:                     0.0010419 s
... RDM build:                      9.9571664 s
State     Energy / Eh         Splitting / Eh      Splitting / cm-1    Splitting / meV     
0         -5.4423345e+01      +0.0000000e+00      +0.0000000e+00      +0.0000000e+00      
1         -5.4423345e+01      +1.0766144e-09      +2.3628954e-04      +2.9296183e-05      
2         -5.4423345e+01      +1.0765078e-09      +2.3626614e-04      +2.9293283e-05      
3         -5.4423345e+01      +1.0764154e-09      +2.3624587e-04      +2.9290769e-05      
4         -5.4318958e+01      +1.0438692e-01      +2.2910281e+04      +2.8405142e+03      
5         -5.4318958e+01      +1.1012489e-09      +2.4169619e-04      +2.9966522e-05      
6         -5.4318958e+01      +1.1371313e-09      +2.4957147e-04      +3.0942933e-05      
7         -5.4318958e+01      +5.9976912e-10      +1.3163411e-04      +1.6320557e-05      
8         -5.4318958e+01      +1.1947492e-09      +2.6221714e-04      +3.2510797e-05      
9         -5.4318958e+01      +1.3782895e-09      +3.0249957e-04      +3.7505185e-05      
10        -5.4318908e+01      +5.0508872e-05      +1.1085416e+01      +1.3744171e+00      
11        -5.4318908e+01      +3.9502766e-09      +8.6698548e-04      +1.0749255e-04      
12        -5.4318908e+01      +3.0347778e-09      +6.6605673e-04      +8.2580549e-05      
13        -5.4318908e+01      +2.9868943e-09      +6.5554752e-04      +8.1277572e-05      
Total time taken:                  10.2269638 s
===============================================

===============================================
            Relativistic DSRG-MRPT3            
===============================================
... compute_energy_pt3_1:      15.2420082 s
... compute_energy_pt2:       0.0954447 s
... compute_energy_pt3_2:      12.1318257 s
... compute_energy_pt3_3:       2.7203407 s
-----------------------------------------------
        DSRG-MRPT3 reference relaxation        
-----------------------------------------------
Iter                          Energy              Delta E   
   -Eref  -54.3487687       
   -Ecorr -0.1687918       
<Psi^(0)|Hbar^(0)|Psi^(0)>    -54.5175604         -5.45176e+01
   -Erelax-0.0000000       
<Psi^(0)|Hbar^(1)|Psi^(0)>    -54.5175605         -2.09648e-08
   -Eref  -54.3487687       
   -Ecorr -0.1687918       
<Psi^(1)|Hbar^(1)|Psi^(1)>    -54.5175605         -3.39771e-08
   -Erelax-0.0000000       
<Psi^(1)|Hbar^(2)|Psi^(1)>    -54.5175605         -1.96394e-11
   -Eref  -54.3487687       
   -Ecorr -0.1687918       
<Psi^(2)|Hbar^(2)|Psi^(2)>    -54.5175605         -7.71806e-10
   -Erelax-0.0000000       
<Psi^(2)|Hbar^(3)|Psi^(2)>    -54.5175605         -7.10543e-14
Unrelaxed DSRG-MRPT3 energy:               -54.5175604 Eh
Unrelaxed DSRG-MRPT3 E_corr:                -0.1687918 Eh
Partially relaxed DSRG-MRPT3 energy:       -54.5175605 Eh
Partially relaxed DSRG-MRPT3 E_corr:        -0.1687918 Eh
Relaxed DSRG-MRPT3 energy:                 -54.5175605 Eh
Relaxed DSRG-MRPT3 E_corr:                  -0.1687918 Eh
Fully relaxed DSRG-MRPT3 energy:           -54.5175605 Eh
Fully relaxed DSRG-MRPT3 E_corr:            -0.1687918 Eh
State     Energy / Eh         Splitting / Eh      Splitting / cm-1    Splitting / meV     
0         -5.4582480e+01      +0.0000000e+00      +0.0000000e+00      +0.0000000e+00      
1         -5.4582480e+01      +2.6977176e-10      +5.9208057e-05      +7.3408670e-06      
2         -5.4582480e+01      +2.6977887e-10      +5.9209617e-05      +7.3410604e-06      
3         -5.4582480e+01      +2.6978597e-10      +5.9211176e-05      +7.3412537e-06      
4         -5.4491603e+01      +9.0877061e-02      +1.9945209e+04      +2.4728920e+03      
5         -5.4491603e+01      +1.0798118e-10      +2.3699129e-05      +2.9383190e-06      
6         -5.4491603e+01      +7.4344086e-11      +1.6316641e-05      +2.0230066e-06      
7         -5.4491603e+01      +4.9368509e-11      +1.0835135e-05      +1.3433862e-06      
8         -5.4491603e+01      +2.8030911e-11      +6.1520738e-06      +7.6276030e-07      
9         -5.4491603e+01      +9.1048946e-11      +1.9982934e-05      +2.4775692e-06      
10        -5.4491577e+01      +2.6090469e-05      +5.7261961e+00      +7.0995817e-01      
11        -5.4491577e+01      +1.6837021e-10      +3.6952989e-05      +4.5815889e-06      
12        -5.4491577e+01      +1.1153389e-10      +2.4478860e-05      +3.0349933e-06      
13        -5.4491577e+01      +2.7938540e-11      +6.1318008e-06      +7.6024677e-07      
Time taken:                      138.4920971 s
===============================================
===============================================
              PySCF DHF interface              
===============================================
Will now allocate 796.594 MB memory for the AO ERI tensor!

Timing report
....integral transformation:      54.1245079 s

===============================================
            Relativistic CASCI(6,8)            
===============================================
Will now allocate 0.013 MB memory for the CASCI Hamiltonian!
Time taken for 1-RDM build:        0.0085003 s
Time taken for 1-RDM build:        0.0084655 s
Time taken for 1-RDM build:        0.0084903 s
Time taken for 1-RDM build:        0.0085502 s
Time taken for 1-RDM build:        0.0085611 s
Time taken for 1-RDM build:        0.0085251 s
Time taken for 1-RDM build:        0.0084794 s
Time taken for 1-RDM build:        0.0085239 s
Time taken for 1-RDM build:        0.0085039 s
Time taken for 2-RDM build:        0.0288360 s
Time taken for 2-RDM build:        0.0287740 s
Time taken for 2-RDM build:        0.0287845 s
Time taken for 2-RDM build:        0.0287333 s
Time taken for 2-RDM build:        0.0287523 s
Time taken for 2-RDM build:        0.0287886 s
Time taken for 2-RDM build:        0.0289710 s
Time taken for 2-RDM build:        0.0289145 s
Time taken for 2-RDM build:        0.0288589 s
Time taken for 3-RDM build:        0.1498752 s
Time taken for 3-RDM build:        0.1481481 s
Time taken for 3-RDM build:        0.1483402 s
Time taken for 3-RDM build:        0.1483762 s
Time taken for 3-RDM build:        0.1481895 s
Time taken for 3-RDM build:        0.1480963 s
Time taken for 3-RDM build:        0.1482332 s
Time taken for 3-RDM build:        0.1481254 s
Time taken for 3-RDM build:        0.1481395 s
E_frzc:                          -59.1480236 Eh
E_cas:                           -15.7034833 Eh
E_nuc:                             0.0000000 Eh
E_casci:                         -74.8511626 Eh
E0 (from RDM):                   -74.8511626 Eh
Ecorr:                            -0.3302227 Eh

Timing summary
... Hamil build:                    0.0374148 s
... Hamil diag:                     0.0004337 s
... RDM build:                      5.1310015 s
State     Energy / Eh         Splitting / Eh      Splitting / cm-1    Splitting / meV     
0         -7.4851507e+01      +0.0000000e+00      +0.0000000e+00      +0.0000000e+00      
1         -7.4851507e+01      +6.1121028e-09      +1.3414515e-03      +1.6631887e-04      
2         -7.4851507e+01      +6.8041430e-09      +1.4933368e-03      +1.8515025e-04      
3         -7.4851507e+01      +7.2887616e-09      +1.5996983e-03      +1.9833740e-04      
4         -7.4851507e+01      +9.8173984e-09      +2.1546699e-03      +2.6714515e-04      
5         -7.4850809e+01      +6.9818897e-04      +1.5323477e+02      +1.8998699e+01      
6         -7.4850809e+01      +7.3982278e-09      +1.6237233e-03      +2.0131613e-04      
7         -7.4850809e+01      +7.5923197e-09      +1.6663215e-03      +2.0659764e-04      
8         -7.4850503e+01      +3.0523771e-04      +6.6991933e+01      +8.3059451e+00      
Total time taken:                   5.3499675 s
===============================================

===============================================
            Relativistic DSRG-MRPT3            
===============================================
... compute_energy_pt3_1:      15.4721942 s
... compute_energy_pt2:       0.0892544 s
... compute_energy_pt3_2:      12.5415647 s
... compute_energy_pt3_3:       2.7219946 s
-----------------------------------------------
        DSRG-MRPT3 reference relaxation        
-----------------------------------------------
Iter                          Energy              Delta E   
   -Eref  -74.8511626       
   -Ecorr -0.2129439       
<Psi^(0)|Hbar^(0)|Psi^(0)>    -75.0641066         -7.50641e+01
   -Erelax-0.0000000       
<Psi^(0)|Hbar^(1)|Psi^(0)>    -75.0641066         -4.05060e-08
   -Eref  -74.8511626       
   -Ecorr -0.2129439       
<Psi^(1)|Hbar^(1)|Psi^(1)>    -75.0641065         1.29990e-07
   -Erelax-0.0000000       
<Psi^(1)|Hbar^(2)|Psi^(1)>    -75.0641065         -8.14069e-10
   -Eref  -74.8511626       
   -Ecorr -0.2129439       
<Psi^(2)|Hbar^(2)|Psi^(2)>    -75.0641065         -1.70572e-08
   -Erelax-0.0000000       
<Psi^(2)|Hbar^(3)|Psi^(2)>    -75.0641065         -1.83746e-11
   -Eref  -74.8511626       
   -Ecorr -0.2129439       
<Psi^(3)|Hbar^(3)|Psi^(3)>    -75.0641065         2.61009e-09
   -Erelax-0.0000000       
<Psi^(3)|Hbar^(4)|Psi^(3)>    -75.0641065         -4.26326e-13
Unrelaxed DSRG-MRPT3 energy:               -75.0641066 Eh
Unrelaxed DSRG-MRPT3 E_corr:                -0.2129439 Eh
Partially relaxed DSRG-MRPT3 energy:       -75.0641066 Eh
Partially relaxed DSRG-MRPT3 E_corr:        -0.2129440 Eh
Relaxed DSRG-MRPT3 energy:                 -75.0641065 Eh
Relaxed DSRG-MRPT3 E_corr:                  -0.2129439 Eh
Fully relaxed DSRG-MRPT3 energy:           -75.0641065 Eh
Fully relaxed DSRG-MRPT3 E_corr:            -0.2129439 Eh
State     Energy / Eh         Splitting / Eh      Splitting / cm-1    Splitting / meV     
0         -7.5064409e+01      +0.0000000e+00      +0.0000000e+00      +0.0000000e+00      
1         -7.5064409e+01      +2.5683846e-09      +5.6369526e-04      +6.9889339e-05      
2         -7.5064409e+01      +2.6230680e-09      +5.7569688e-04      +7.1377350e-05      
3         -7.5064409e+01      +2.8155966e-09      +6.1795203e-04      +7.6616324e-05      
4         -7.5064409e+01      +3.0363196e-09      +6.6639513e-04      +8.2622505e-05      
5         -7.5063792e+01      +6.1646042e-04      +1.3529742e+02      +1.6774751e+01      
6         -7.5063792e+01      +2.8996112e-09      +6.3639110e-04      +7.8902478e-05      
7         -7.5063792e+01      +2.6201121e-09      +5.7504814e-04      +7.1296917e-05      
8         -7.5063537e+01      +2.5569483e-04      +5.6118528e+01      +6.9578140e+00      
Time taken:                      179.6921067 s
===============================================
===============================================
              PySCF DHF interface              
===============================================
Will now allocate 796.594 MB memory for the AO ERI tensor!

Timing report
....integral transformation:      51.7051358 s

===============================================
            Relativistic CASCI(7,8)            
===============================================
Will now allocate 0.001 MB memory for the CASCI Hamiltonian!
Time taken for 1-RDM build:        0.0014369 s
Time taken for 1-RDM build:        0.0014257 s
Time taken for 1-RDM build:        0.0014338 s
Time taken for 1-RDM build:        0.0014272 s
Time taken for 1-RDM build:        0.0014329 s
Time taken for 1-RDM build:        0.0014281 s
Time taken for 2-RDM build:        0.0031271 s
Time taken for 2-RDM build:        0.0030618 s
Time taken for 2-RDM build:        0.0030537 s
Time taken for 2-RDM build:        0.0030582 s
Time taken for 2-RDM build:        0.0030553 s
Time taken for 2-RDM build:        0.0030487 s
Time taken for 3-RDM build:        0.0275047 s
Time taken for 3-RDM build:        0.0260608 s
Time taken for 3-RDM build:        0.0260592 s
Time taken for 3-RDM build:        0.0259247 s
Time taken for 3-RDM build:        0.0262320 s
Time taken for 3-RDM build:        0.0262611 s
E_frzc:                          -75.5478008 Eh
E_cas:                           -23.9325131 Eh
E_nuc:                             0.0000000 Eh
E_casci:                         -99.4797328 Eh
E0 (from RDM):                   -99.4797328 Eh
Ecorr:                            -0.1043819 Eh

Timing summary
... Hamil build:                    0.0068290 s
... Hamil diag:                     0.0001707 s
... RDM build:                      3.7064044 s
State     Energy / Eh         Splitting / Eh      Splitting / cm-1    Splitting / meV     
0         -9.9480314e+01      +0.0000000e+00      +0.0000000e+00      +0.0000000e+00      
1         -9.9480314e+01      +2.4031053e-08      +5.2742064e-03      +6.5391856e-04      
2         -9.9480314e+01      +6.9549344e-09      +1.5264317e-03      +1.8925350e-04      
3         -9.9480314e+01      +2.1663141e-08      +4.7545098e-03      +5.8948436e-04      
4         -9.9478571e+01      +1.7431739e-03      +3.8258245e+02      +4.7434202e+01      
5         -9.9478571e+01      +1.6993951e-08      +3.7297411e-03      +4.6242918e-04      
Total time taken:                   3.8929708 s
===============================================

===============================================
            Relativistic DSRG-MRPT3            
===============================================
... compute_energy_pt3_1:      15.6531136 s
... compute_energy_pt2:       0.0842991 s
... compute_energy_pt3_2:      13.0880942 s
... compute_energy_pt3_3:       3.3157077 s
-----------------------------------------------
        DSRG-MRPT3 reference relaxation        
-----------------------------------------------
Iter                          Energy              Delta E   
   -Eref  -99.4797328       
   -Ecorr -0.2672654       
<Psi^(0)|Hbar^(0)|Psi^(0)>    -99.7469982         -9.97470e+01
   -Erelax0.0000000       
<Psi^(0)|Hbar^(1)|Psi^(0)>    -99.7469982         1.42109e-14
   -Eref  -99.4797328       
   -Ecorr -0.2672654       
<Psi^(1)|Hbar^(1)|Psi^(1)>    -99.7469982         1.42109e-14
   -Erelax-0.0000000       
<Psi^(1)|Hbar^(2)|Psi^(1)>    -99.7469982         -1.42109e-14
Unrelaxed DSRG-MRPT3 energy:               -99.7469982 Eh
Unrelaxed DSRG-MRPT3 E_corr:                -0.2672654 Eh
Partially relaxed DSRG-MRPT3 energy:       -99.7469982 Eh
Partially relaxed DSRG-MRPT3 E_corr:        -0.2672654 Eh
Relaxed DSRG-MRPT3 energy:                 -99.7469982 Eh
Relaxed DSRG-MRPT3 E_corr:                  -0.2672654 Eh
Fully relaxed DSRG-MRPT3 energy:           -99.7469982 Eh
Fully relaxed DSRG-MRPT3 E_corr:            -0.2672654 Eh
State     Energy / Eh         Splitting / Eh      Splitting / cm-1    Splitting / meV     
0         -9.9747599e+01      +0.0000000e+00      +0.0000000e+00      +0.0000000e+00      
1         -9.9747599e+01      +1.1592988e-08      +2.5443667e-03      +3.1546142e-04      
2         -9.9747599e+01      +3.3323602e-09      +7.3136851e-04      +9.0678182e-05      
3         -9.9747599e+01      +1.3222532e-08      +2.9020104e-03      +3.5980360e-04      
4         -9.9745796e+01      +1.8039087e-03      +3.9591218e+02      +4.9086878e+01      
5         -9.9745796e+01      +7.2737549e-09      +1.5964047e-03      +1.9792905e-04      
Time taken:                       87.4095829 s
===============================================
===============================================
              PySCF DHF interface              
===============================================
Will now allocate 3.102 GB memory for the AO ERI tensor!

Timing report
....integral transformation:     200.1717412 s

===============================================
            Relativistic CASCI(3,8)            
===============================================
Will now allocate 0.050 MB memory for the CASCI Hamiltonian!
Time taken for 1-RDM build:        0.0219643 s
Time taken for 1-RDM build:        0.0220969 s
Time taken for 1-RDM build:        0.0221665 s
Time taken for 1-RDM build:        0.0221615 s
Time taken for 1-RDM build:        0.0218964 s
Time taken for 1-RDM build:        0.0214520 s
Time taken for 2-RDM build:        0.0853841 s
Time taken for 2-RDM build:        0.0833888 s
Time taken for 2-RDM build:        0.0831959 s
Time taken for 2-RDM build:        0.0830584 s
Time taken for 2-RDM build:        0.0829842 s
Time taken for 2-RDM build:        0.0827949 s
Time taken for 3-RDM build:        0.1837780 s
Time taken for 3-RDM build:        0.1827705 s
Time taken for 3-RDM build:        0.1830196 s
Time taken for 3-RDM build:        0.1826541 s
Time taken for 3-RDM build:        0.1829057 s
Time taken for 3-RDM build:        0.1824718 s
E_frzc:                         -240.4061812 Eh
E_cas:                            -1.8986420 Eh
E_nuc:                             0.0000000 Eh
E_casci:                        -242.3045291 Eh
E0 (from RDM):                  -242.3045291 Eh
Ecorr:                            -0.1899047 Eh

Timing summary
... Hamil build:                    0.0719361 s
... Hamil diag:                     0.0011914 s
... RDM build:                     13.6623883 s
State     Energy / Eh         Splitting / Eh      Splitting / cm-1    Splitting / meV     
0         -2.4230482e+02      +0.0000000e+00      +0.0000000e+00      +0.0000000e+00      
1         -2.4230482e+02      +1.0992665e-09      +2.4126110e-04      +2.9912578e-05      
2         -2.4230438e+02      +4.4107881e-04      +9.6805609e+01      +1.2002372e+01      
3         -2.4230438e+02      +1.0805650e-09      +2.3715660e-04      +2.9403685e-05      
4         -2.4230438e+02      +8.9775654e-10      +1.9703478e-04      +2.4429211e-05      
5         -2.4230438e+02      +3.6629899e-10      +8.0393336e-05      +9.9675080e-06      
Total time taken:                  14.3942018 s
===============================================

===============================================
            Relativistic DSRG-MRPT3            
===============================================
... compute_energy_pt3_1:      63.9535916 s
... compute_energy_pt2:       0.2421412 s
... compute_energy_pt3_2:      49.1255498 s
... compute_energy_pt3_3:      10.5598226 s
-----------------------------------------------
        DSRG-MRPT3 reference relaxation        
-----------------------------------------------
Iter                          Energy              Delta E   
   -Eref  -242.3045291       
   -Ecorr -0.1983665       
<Psi^(0)|Hbar^(0)|Psi^(0)>    -242.5028956        -2.42503e+02
   -Erelax-0.0003926       
<Psi^(0)|Hbar^(1)|Psi^(0)>    -242.5032882        -3.92607e-04
   -Eref  -242.3041424       
   -Ecorr -0.1991102       
<Psi^(1)|Hbar^(1)|Psi^(1)>    -242.5032526        3.56859e-05
   -Erelax-0.0000000       
<Psi^(1)|Hbar^(2)|Psi^(1)>    -242.5032526        -3.86456e-09
   -Eref  -242.3041400       
   -Ecorr -0.1991125       
<Psi^(2)|Hbar^(2)|Psi^(2)>    -242.5032525        9.94842e-08
   -Erelax-0.0000000       
<Psi^(2)|Hbar^(3)|Psi^(2)>    -242.5032525        -2.84217e-14
   -Eref  -242.3041400       
   -Ecorr -0.1991125       
<Psi^(3)|Hbar^(3)|Psi^(3)>    -242.5032525        2.75861e-10
   -Erelax-0.0000000       
<Psi^(3)|Hbar^(4)|Psi^(3)>    -242.5032525        0.00000e+00
Unrelaxed DSRG-MRPT3 energy:              -242.5028956 Eh
Unrelaxed DSRG-MRPT3 E_corr:                -0.1983665 Eh
Partially relaxed DSRG-MRPT3 energy:      -242.5032882 Eh
Partially relaxed DSRG-MRPT3 E_corr:        -0.1987591 Eh
Relaxed DSRG-MRPT3 energy:                -242.5032526 Eh
Relaxed DSRG-MRPT3 E_corr:                  -0.1991102 Eh
Fully relaxed DSRG-MRPT3 energy:          -242.5032525 Eh
Fully relaxed DSRG-MRPT3 E_corr:            -0.1991125 Eh
State     Energy / Eh         Splitting / Eh      Splitting / cm-1    Splitting / meV     
0         -2.4250359e+02      +0.0000000e+00      +0.0000000e+00      +0.0000000e+00      
1         -2.4250359e+02      +6.2669869e-10      +1.3754446e-04      +1.7053348e-05      
2         -2.4250309e+02      +5.0170283e-04      +1.1011104e+02      +1.3652036e+01      
3         -2.4250309e+02      +5.9370109e-10      +1.3030233e-04      +1.6155437e-05      
4         -2.4250309e+02      +4.7111826e-10      +1.0339850e-04      +1.2819787e-05      
5         -2.4250309e+02      +2.4161295e-10      +5.3027913e-05      +6.5746264e-06      
Time taken:                      719.6486087 s
===============================================
===============================================
              PySCF DHF interface              
===============================================
Will now allocate 3.102 GB memory for the AO ERI tensor!

Timing report
....integral transformation:     197.2018969 s

===============================================
            Relativistic CASCI(4,8)            
===============================================
Will now allocate 0.078 MB memory for the CASCI Hamiltonian!
Time taken for 1-RDM build:        0.0323534 s
Time taken for 1-RDM build:        0.0323219 s
Time taken for 1-RDM build:        0.0323727 s
Time taken for 1-RDM build:        0.0292830 s
Time taken for 1-RDM build:        0.0284581 s
Time taken for 1-RDM build:        0.0284073 s
Time taken for 1-RDM build:        0.0284598 s
Time taken for 1-RDM build:        0.0284159 s
Time taken for 1-RDM build:        0.0284913 s
Time taken for 2-RDM build:        0.1219833 s
Time taken for 2-RDM build:        0.1219072 s
Time taken for 2-RDM build:        0.1217549 s
Time taken for 2-RDM build:        0.1218348 s
Time taken for 2-RDM build:        0.1217427 s
Time taken for 2-RDM build:        0.1215985 s
Time taken for 2-RDM build:        0.1217225 s
Time taken for 2-RDM build:        0.1216910 s
Time taken for 2-RDM build:        0.1215672 s
Time taken for 3-RDM build:        0.3881314 s
Time taken for 3-RDM build:        0.3866141 s
Time taken for 3-RDM build:        0.3865712 s
Time taken for 3-RDM build:        0.3864040 s
Time taken for 3-RDM build:        0.3864379 s
Time taken for 3-RDM build:        0.3865902 s
Time taken for 3-RDM build:        0.3864954 s
Time taken for 3-RDM build:        0.3867443 s
Time taken for 3-RDM build:        0.3869181 s
E_frzc:                         -285.7423197 Eh
E_cas:                            -3.6921024 Eh
E_nuc:                             0.0000000 Eh
E_casci:                        -289.4337768 Eh
E0 (from RDM):                  -289.4337768 Eh
Ecorr:                            -0.2329780 Eh

Timing summary
... Hamil build:                    0.1103597 s
... Hamil diag:                     0.0020344 s
... RDM build:                     17.0730748 s
State     Energy / Eh         Splitting / Eh      Splitting / cm-1    Splitting / meV     
0         -2.8943442e+02      +0.0000000e+00      +0.0000000e+00      +0.0000000e+00      
1         -2.8943409e+02      +3.3211201e-04      +7.2890160e+01      +9.0372324e+00      
2         -2.8943409e+02      +8.1735152e-10      +1.7938792e-04      +2.2241278e-05      
3         -2.8943409e+02      +8.9210062e-10      +1.9579345e-04      +2.4275306e-05      
4         -2.8943346e+02      +6.3005266e-04      +1.3828057e+02      +1.7144614e+01      
5         -2.8943346e+02      +2.5920599e-10      +5.6889139e-05      +7.0533576e-06      
6         -2.8943346e+02      +7.8654239e-10      +1.7262610e-04      +2.1402919e-05      
7         -2.8943346e+02      +6.1896799e-10      +1.3584777e-04      +1.6842985e-05      
8         -2.8943346e+02      +4.2439297e-10      +9.3143489e-05      +1.1548326e-05      
Total time taken:                  17.8433461 s
===============================================

===============================================
            Relativistic DSRG-MRPT3            
===============================================
... compute_energy_pt3_1:      61.2456310 s
... compute_energy_pt2:       0.2541058 s
... compute_energy_pt3_2:      49.7386649 s
... compute_energy_pt3_3:      11.0264230 s
-----------------------------------------------
        DSRG-MRPT3 reference relaxation        
-----------------------------------------------
Iter                          Energy              Delta E   
   -Eref  -289.4337768       
   -Ecorr -0.2266510       
<Psi^(0)|Hbar^(0)|Psi^(0)>    -289.6604278        -2.89660e+02
   -Erelax-0.0001483       
<Psi^(0)|Hbar^(1)|Psi^(0)>    -289.6605760        -1.48271e-04
   -Eref  -289.4336300       
   -Ecorr -0.2269998       
<Psi^(1)|Hbar^(1)|Psi^(1)>    -289.6606298        -5.37636e-05
   -Erelax-0.0000000       
<Psi^(1)|Hbar^(2)|Psi^(1)>    -289.6606298        -2.44899e-09
   -Eref  -289.4336301       
   -Ecorr -0.2269997       
<Psi^(2)|Hbar^(2)|Psi^(2)>    -289.6606298        3.06720e-08
   -Erelax-0.0000000       
<Psi^(2)|Hbar^(3)|Psi^(2)>    -289.6606298        -1.50067e-11
   -Eref  -289.4336301       
   -Ecorr -0.2269997       
<Psi^(3)|Hbar^(3)|Psi^(3)>    -289.6606298        1.29432e-10
   -Erelax-0.0000000       
<Psi^(3)|Hbar^(4)|Psi^(3)>    -289.6606298        -1.13687e-13
Unrelaxed DSRG-MRPT3 energy:              -289.6604278 Eh
Unrelaxed DSRG-MRPT3 E_corr:                -0.2266510 Eh
Partially relaxed DSRG-MRPT3 energy:      -289.6605760 Eh
Partially relaxed DSRG-MRPT3 E_corr:        -0.2267992 Eh
Relaxed DSRG-MRPT3 energy:                -289.6606298 Eh
Relaxed DSRG-MRPT3 E_corr:                  -0.2269998 Eh
Fully relaxed DSRG-MRPT3 energy:          -289.6606298 Eh
Fully relaxed DSRG-MRPT3 E_corr:            -0.2269997 Eh
State     Energy / Eh         Splitting / Eh      Splitting / cm-1    Splitting / meV     
0         -2.8966137e+02      +0.0000000e+00      +0.0000000e+00      +0.0000000e+00      
1         -2.8966099e+02      +3.7992050e-04      +8.3382912e+01      +1.0338168e+01      
2         -2.8966099e+02      +3.5214498e-10      +7.7286889e-05      +9.5823576e-06      
3         -2.8966099e+02      +3.5930725e-10      +7.8858826e-05      +9.7772530e-06      
4         -2.8966027e+02      +7.1771148e-04      +1.5751946e+02      +1.9529933e+01      
5         -2.8966027e+02      +1.3972112e-10      +3.0665242e-05      +3.8020072e-06      
6         -2.8966027e+02      +3.1042191e-10      +6.8129734e-05      +8.4470145e-06      
7         -2.8966027e+02      +2.9723424e-10      +6.5235374e-05      +8.0881594e-06      
8         -2.8966027e+02      +1.5245405e-10      +3.3459796e-05      +4.1484880e-06      
Time taken:                      725.2558820 s
===============================================
===============================================
              PySCF DHF interface              
===============================================
Will now allocate 3.102 GB memory for the AO ERI tensor!

Timing report
....integral transformation:     198.0582495 s

===============================================
            Relativistic CASCI(5,8)            
===============================================
Will now allocate 0.050 MB memory for the CASCI Hamiltonian!
Time taken for 1-RDM build:        0.0215147 s
Time taken for 1-RDM build:        0.0216415 s
Time taken for 1-RDM build:        0.0216262 s
Time taken for 1-RDM build:        0.0215230 s
Time taken for 1-RDM build:        0.0215335 s
Time taken for 1-RDM build:        0.0216970 s
Time taken for 1-RDM build:        0.0215988 s
Time taken for 1-RDM build:        0.0217667 s
Time taken for 1-RDM build:        0.0215189 s
Time taken for 1-RDM build:        0.0216770 s
Time taken for 1-RDM build:        0.0218844 s
Time taken for 1-RDM build:        0.0215302 s
Time taken for 1-RDM build:        0.0217452 s
Time taken for 1-RDM build:        0.0217109 s
Time taken for 2-RDM build:        0.0884008 s
Time taken for 2-RDM build:        0.0885365 s
Time taken for 2-RDM build:        0.0895898 s
Time taken for 2-RDM build:        0.0885468 s
Time taken for 2-RDM build:        0.0888617 s
Time taken for 2-RDM build:        0.0890968 s
Time taken for 2-RDM build:        0.0884299 s
Time taken for 2-RDM build:        0.0885973 s
Time taken for 2-RDM build:        0.0887790 s
Time taken for 2-RDM build:        0.0889006 s
Time taken for 2-RDM build:        0.0884221 s
Time taken for 2-RDM build:        0.0887005 s
Time taken for 2-RDM build:        0.0883548 s
Time taken for 2-RDM build:        0.0886824 s
Time taken for 3-RDM build:        0.3656118 s
Time taken for 3-RDM build:        0.3680942 s
Time taken for 3-RDM build:        0.3685741 s
Time taken for 3-RDM build:        0.3585110 s
Time taken for 3-RDM build:        0.3545794 s
Time taken for 3-RDM build:        0.3546307 s
Time taken for 3-RDM build:        0.3554471 s
Time taken for 3-RDM build:        0.3546550 s
Time taken for 3-RDM build:        0.3567774 s
Time taken for 3-RDM build:        0.3551872 s
Time taken for 3-RDM build:        0.3541138 s
Time taken for 3-RDM build:        0.3544202 s
Time taken for 3-RDM build:        0.3587601 s
Time taken for 3-RDM build:        0.3541832 s
E_frzc:                         -335.1272672 Eh
E_cas:                            -6.3636403 Eh
E_nuc:                             0.0000000 Eh
E_casci:                        -341.4410664 Eh
E0 (from RDM):                  -341.4410664 Eh
Ecorr:                            -0.2138107 Eh

Timing summary
... Hamil build:                    0.0926080 s
... Hamil diag:                     0.0011828 s
... RDM build:                     18.6067502 s
State     Energy / Eh         Splitting / Eh      Splitting / cm-1    Splitting / meV     
0         -3.4149091e+02      +0.0000000e+00      +0.0000000e+00      +0.0000000e+00      
1         -3.4149091e+02      +3.2849812e-10      +7.2097003e-05      +8.9388933e-06      
2         -3.4149091e+02      +3.2838443e-10      +7.2072051e-05      +8.9357998e-06      
3         -3.4149091e+02      +3.2798653e-10      +7.1984722e-05      +8.9249722e-06      
4         -3.4142117e+02      +6.9735531e-02      +1.5305180e+04      +1.8976014e+03      
5         -3.4142117e+02      +1.5667183e-09      +3.4385492e-04      +4.2632597e-05      
6         -3.4142117e+02      +1.3034196e-09      +2.8606753e-04      +3.5467871e-05      
7         -3.4142117e+02      +1.7383286e-09      +3.8151902e-04      +4.7302353e-05      
8         -3.4142110e+02      +6.9890622e-05      +1.5339218e+01      +1.9018216e+00      
9         -3.4142110e+02      +9.2740038e-10      +2.0354085e-04      +2.5235862e-05      
10        -3.4142110e+02      +9.6150643e-10      +2.1102627e-04      +2.6163935e-05      
11        -3.4142110e+02      +7.5050366e-10      +1.6471651e-04      +2.0422255e-05      
12        -3.4142110e+02      +9.6383701e-10      +2.1153777e-04      +2.6227353e-05      
13        -3.4142110e+02      +1.9558115e-09      +4.2925101e-04      +5.3220367e-05      
Total time taken:                  19.3585398 s
===============================================

===============================================
            Relativistic DSRG-MRPT3            
===============================================
... compute_energy_pt3_1:      62.7391713 s
... compute_energy_pt2:       0.2580762 s
... compute_energy_pt3_2:      49.0134988 s
... compute_energy_pt3_3:      10.3017845 s
-----------------------------------------------
        DSRG-MRPT3 reference relaxation        
-----------------------------------------------
Iter                          Energy              Delta E   
   -Eref  -341.4410664       
   -Ecorr -0.2735160       
<Psi^(0)|Hbar^(0)|Psi^(0)>    -341.7145824        -3.41715e+02
   -Erelax-0.0000014       
<Psi^(0)|Hbar^(1)|Psi^(0)>    -341.7145838        -1.40650e-06
   -Eref  -341.4410654       
   -Ecorr -0.2735187       
<Psi^(1)|Hbar^(1)|Psi^(1)>    -341.7145841        -2.57960e-07
   -Erelax-0.0000000       
<Psi^(1)|Hbar^(2)|Psi^(1)>    -341.7145841        -1.60207e-09
   -Eref  -341.4410654       
   -Ecorr -0.2735187       
<Psi^(2)|Hbar^(2)|Psi^(2)>    -341.7145841        -2.33285e-09
   -Erelax-0.0000000       
<Psi^(2)|Hbar^(3)|Psi^(2)>    -341.7145841        -4.83169e-12
Unrelaxed DSRG-MRPT3 energy:              -341.7145824 Eh
Unrelaxed DSRG-MRPT3 E_corr:                -0.2735160 Eh
Partially relaxed DSRG-MRPT3 energy:      -341.7145838 Eh
Partially relaxed DSRG-MRPT3 E_corr:        -0.2735174 Eh
Relaxed DSRG-MRPT3 energy:                -341.7145841 Eh
Relaxed DSRG-MRPT3 E_corr:                  -0.2735187 Eh
Fully relaxed DSRG-MRPT3 energy:          -341.7145841 Eh
Fully relaxed DSRG-MRPT3 E_corr:            -0.2735187 Eh
State     Energy / Eh         Splitting / Eh      Splitting / cm-1    Splitting / meV     
0         -3.4175426e+02      +0.0000000e+00      +0.0000000e+00      +0.0000000e+00      
1         -3.4175426e+02      +1.8462742e-10      +4.0521036e-05      +5.0239705e-06      
2         -3.4175426e+02      +1.8451374e-10      +4.0496084e-05      +5.0208769e-06      
3         -3.4175426e+02      +1.8457058e-10      +4.0508560e-05      +5.0224237e-06      
4         -3.4169876e+02      +5.5502649e-02      +1.2181423e+04      +1.5103047e+03      
5         -3.4169876e+02      +2.9245939e-10      +6.4187416e-05      +7.9582292e-06      
6         -3.4169876e+02      +2.2788527e-10      +5.0015034e-05      +6.2010769e-06      
7         -3.4169876e+02      +3.2804337e-10      +7.1997197e-05      +8.9265190e-06      
8         -3.4169869e+02      +6.7617503e-05      +1.4840327e+01      +1.8399669e+00      
9         -3.4169869e+02      +1.5023716e-10      +3.2973244e-05      +4.0881632e-06      
10        -3.4169869e+02      +1.5000978e-10      +3.2923341e-05      +4.0819760e-06      
11        -3.4169869e+02      +1.5978685e-10      +3.5069160e-05      +4.3480237e-06      
12        -3.4169869e+02      +1.9315394e-10      +4.2392389e-05      +5.2559889e-06      
13        -3.4169869e+02      +2.1867663e-10      +4.7993973e-05      +5.9504971e-06      
Time taken:                      542.3578408 s
===============================================
===============================================
              PySCF DHF interface              
===============================================
Will now allocate 3.102 GB memory for the AO ERI tensor!

Timing report
....integral transformation:     195.0941985 s

===============================================
            Relativistic CASCI(6,8)            
===============================================
Will now allocate 0.013 MB memory for the CASCI Hamiltonian!
Time taken for 1-RDM build:        0.0086348 s
Time taken for 1-RDM build:        0.0085917 s
Time taken for 1-RDM build:        0.0086217 s
Time taken for 1-RDM build:        0.0085938 s
Time taken for 1-RDM build:        0.0085855 s
Time taken for 1-RDM build:        0.0086057 s
Time taken for 1-RDM build:        0.0086143 s
Time taken for 1-RDM build:        0.0085843 s
Time taken for 1-RDM build:        0.0085974 s
Time taken for 2-RDM build:        0.0282145 s
Time taken for 2-RDM build:        0.0281882 s
Time taken for 2-RDM build:        0.0282338 s
Time taken for 2-RDM build:        0.0281491 s
Time taken for 2-RDM build:        0.0281575 s
Time taken for 2-RDM build:        0.0282290 s
Time taken for 2-RDM build:        0.0282099 s
Time taken for 2-RDM build:        0.0282226 s
Time taken for 2-RDM build:        0.0281963 s
Time taken for 3-RDM build:        0.1492209 s
Time taken for 3-RDM build:        0.1477301 s
Time taken for 3-RDM build:        0.1477702 s
Time taken for 3-RDM build:        0.1477697 s
Time taken for 3-RDM build:        0.1480284 s
Time taken for 3-RDM build:        0.1477473 s
Time taken for 3-RDM build:        0.1477115 s
Time taken for 3-RDM build:        0.1477916 s
Time taken for 3-RDM build:        0.1478806 s
E_frzc:                         -388.5675376 Eh
E_cas:                            -9.9659359 Eh
E_nuc:                             0.0000000 Eh
E_casci:                        -398.5325748 Eh
E0 (from RDM):                  -398.5325748 Eh
Ecorr:                            -0.1603097 Eh

Timing summary
... Hamil build:                    0.0359354 s
... Hamil diag:                     0.0003679 s
... RDM build:                     13.7254150 s
State     Energy / Eh         Splitting / Eh      Splitting / cm-1    Splitting / meV     
0         -3.9853347e+02      +0.0000000e+00      +0.0000000e+00      +0.0000000e+00      
1         -3.9853347e+02      +5.6296585e-09      +1.2355672e-03      +1.5319088e-04      
2         -3.9853347e+02      +5.9783360e-09      +1.3120931e-03      +1.6267889e-04      
3         -3.9853347e+02      +5.6479053e-09      +1.2395719e-03      +1.5368740e-04      
4         -3.9853347e+02      +5.6580234e-09      +1.2417926e-03      +1.5396273e-04      
5         -3.9853166e+02      +1.8163270e-03      +3.9863770e+02      +4.9424800e+01      
6         -3.9853166e+02      +3.5533390e-09      +7.7986775e-04      +9.6691324e-05      
7         -3.9853166e+02      +3.5755647e-09      +7.8474575e-04      +9.7296119e-05      
8         -3.9853083e+02      +8.2294816e-04      +1.8061624e+02      +2.2393571e+01      
Total time taken:                  14.4177926 s
===============================================

===============================================
            Relativistic DSRG-MRPT3            
===============================================
... compute_energy_pt3_1:      61.5624869 s
... compute_energy_pt2:       0.2419262 s
... compute_energy_pt3_2:      48.5673339 s
... compute_energy_pt3_3:      10.3237989 s
-----------------------------------------------
        DSRG-MRPT3 reference relaxation        
-----------------------------------------------
Iter                          Energy              Delta E   
   -Eref  -398.5325748       
   -Ecorr -0.3140113       
<Psi^(0)|Hbar^(0)|Psi^(0)>    -398.8465861        -3.98847e+02
   -Erelax-0.0000004       
<Psi^(0)|Hbar^(1)|Psi^(0)>    -398.8465865        -3.57340e-07
   -Eref  -398.5325744       
   -Ecorr -0.3140123       
<Psi^(1)|Hbar^(1)|Psi^(1)>    -398.8465868        -3.10469e-07
   -Erelax-0.0000000       
<Psi^(1)|Hbar^(2)|Psi^(1)>    -398.8465868        -2.83876e-10
   -Eref  -398.5325745       
   -Ecorr -0.3140123       
<Psi^(2)|Hbar^(2)|Psi^(2)>    -398.8465868        1.51765e-08
   -Erelax-0.0000000       
<Psi^(2)|Hbar^(3)|Psi^(2)>    -398.8465868        -8.52651e-13
   -Eref  -398.5325745       
   -Ecorr -0.3140123       
<Psi^(3)|Hbar^(3)|Psi^(3)>    -398.8465868        -8.31619e-10
   -Erelax0.0000000       
<Psi^(3)|Hbar^(4)|Psi^(3)>    -398.8465868        0.00000e+00
Unrelaxed DSRG-MRPT3 energy:              -398.8465861 Eh
Unrelaxed DSRG-MRPT3 E_corr:                -0.3140113 Eh
Partially relaxed DSRG-MRPT3 energy:      -398.8465865 Eh
Partially relaxed DSRG-MRPT3 E_corr:        -0.3140116 Eh
Relaxed DSRG-MRPT3 energy:                -398.8465868 Eh
Relaxed DSRG-MRPT3 E_corr:                  -0.3140123 Eh
Fully relaxed DSRG-MRPT3 energy:          -398.8465868 Eh
Fully relaxed DSRG-MRPT3 E_corr:            -0.3140123 Eh
State     Energy / Eh         Splitting / Eh      Splitting / cm-1    Splitting / meV     
0         -3.9884744e+02      +0.0000000e+00      +0.0000000e+00      +0.0000000e+00      
1         -3.9884744e+02      +1.1732482e-09      +2.5749821e-04      +3.1925724e-05      
2         -3.9884744e+02      +2.5693225e-10      +5.6390111e-05      +6.9914861e-06      
3         -3.9884744e+02      +2.9194780e-10      +6.4075135e-05      +7.9443081e-06      
4         -3.9884744e+02      +8.5520924e-10      +1.8769673e-04      +2.3271440e-05      
5         -3.9884572e+02      +1.7154010e-03      +3.7648700e+02      +4.6678461e+01      
6         -3.9884572e+02      +4.0142822e-10      +8.8103311e-05      +1.0923424e-05      
7         -3.9884572e+02      +5.2727955e-10      +1.1572448e-04      +1.4348014e-05      
8         -3.9884494e+02      +7.8075049e-04      +1.7135493e+02      +2.1245313e+01      
Time taken:                      713.5682855 s
===============================================
===============================================
              PySCF DHF interface              
===============================================
Will now allocate 3.102 GB memory for the AO ERI tensor!

Timing report
....integral transformation:     201.2893119 s

===============================================
            Relativistic CASCI(7,8)            
===============================================
Will now allocate 0.001 MB memory for the CASCI Hamiltonian!
Time taken for 1-RDM build:        0.0014298 s
Time taken for 1-RDM build:        0.0014105 s
Time taken for 1-RDM build:        0.0014169 s
Time taken for 1-RDM build:        0.0014098 s
Time taken for 1-RDM build:        0.0014193 s
Time taken for 1-RDM build:        0.0014682 s
Time taken for 2-RDM build:        0.0031266 s
Time taken for 2-RDM build:        0.0030253 s
Time taken for 2-RDM build:        0.0031188 s
Time taken for 2-RDM build:        0.0032163 s
Time taken for 2-RDM build:        0.0032146 s
Time taken for 2-RDM build:        0.0032136 s
Time taken for 3-RDM build:        0.0281100 s
Time taken for 3-RDM build:        0.0260324 s
Time taken for 3-RDM build:        0.0262361 s
Time taken for 3-RDM build:        0.0260406 s
Time taken for 3-RDM build:        0.0259941 s
Time taken for 3-RDM build:        0.0258937 s
E_frzc:                         -446.0682972 Eh
E_cas:                           -14.7582517 Eh
E_nuc:                             0.0000000 Eh
E_casci:                        -460.8252020 Eh
E0 (from RDM):                  -460.8252020 Eh
Ecorr:                             0.0013470 Eh

Timing summary
... Hamil build:                    0.0069137 s
... Hamil diag:                     0.0001872 s
... RDM build:                     12.3285761 s
State     Energy / Eh         Splitting / Eh      Splitting / cm-1    Splitting / meV     
0         -4.6082655e+02      +0.0000000e+00      +0.0000000e+00      +0.0000000e+00      
1         -4.6082655e+02      +1.2022326e-08      +2.6385956e-03      +3.2714432e-04      
2         -4.6082655e+02      +5.7600573e-09      +1.2641864e-03      +1.5673922e-04      
3         -4.6082655e+02      +1.1622035e-08      +2.5507418e-03      +3.1625183e-04      
4         -4.6082251e+02      +4.0408198e-03      +8.8685742e+02      +1.0995636e+02      
5         -4.6082251e+02      +2.0031848e-08      +4.3964825e-03      +5.4509461e-04      
Total time taken:                  13.0051687 s
===============================================

===============================================
            Relativistic DSRG-MRPT3            
===============================================
... compute_energy_pt3_1:      61.6545787 s
... compute_energy_pt2:       0.2566843 s
... compute_energy_pt3_2:      48.6025910 s
... compute_energy_pt3_3:      10.4307125 s
-----------------------------------------------
        DSRG-MRPT3 reference relaxation        
-----------------------------------------------
Iter                          Energy              Delta E   
   -Eref  -460.8252020       
   -Ecorr -0.3601584       
<Psi^(0)|Hbar^(0)|Psi^(0)>    -461.1853603        -4.61185e+02
   -Erelax-0.0000000       
<Psi^(0)|Hbar^(1)|Psi^(0)>    -461.1853603        0.00000e+00
   -Eref  -460.8252020       
   -Ecorr -0.3601584       
<Psi^(1)|Hbar^(1)|Psi^(1)>    -461.1853603        2.27374e-13
   -Erelax0.0000000       
<Psi^(1)|Hbar^(2)|Psi^(1)>    -461.1853603        0.00000e+00
Unrelaxed DSRG-MRPT3 energy:              -461.1853603 Eh
Unrelaxed DSRG-MRPT3 E_corr:                -0.3601584 Eh
Partially relaxed DSRG-MRPT3 energy:      -461.1853603 Eh
Partially relaxed DSRG-MRPT3 E_corr:        -0.3601584 Eh
Relaxed DSRG-MRPT3 energy:                -461.1853603 Eh
Relaxed DSRG-MRPT3 E_corr:                  -0.3601584 Eh
Fully relaxed DSRG-MRPT3 energy:          -461.1853603 Eh
Fully relaxed DSRG-MRPT3 E_corr:            -0.3601584 Eh
State     Energy / Eh         Splitting / Eh      Splitting / cm-1    Splitting / meV     
0         -4.6118669e+02      +0.0000000e+00      +0.0000000e+00      +0.0000000e+00      
1         -4.6118669e+02      +1.1933139e-09      +2.6190212e-04      +3.2471740e-05      
2         -4.6118669e+02      +1.1400516e-09      +2.5021240e-04      +3.1022399e-05      
3         -4.6118669e+02      +1.1010002e-09      +2.4164161e-04      +2.9959755e-05      
4         -4.6118269e+02      +3.9984632e-03      +8.7756122e+02      +1.0880378e+02      
5         -4.6118269e+02      +2.0257289e-09      +4.4459610e-04      +5.5122918e-05      
Time taken:                      341.0768335 s
===============================================
===============================================
              PySCF DHF interface              
===============================================
Will now allocate 38.863 GB memory for the AO ERI tensor!

Timing report
....integral transformation:    1023.2616208 s

===============================================
            Relativistic CASCI(3,8)            
===============================================
Will now allocate 0.050 MB memory for the CASCI Hamiltonian!
Time taken for 1-RDM build:        0.0056460 s
Time taken for 1-RDM build:        0.0056009 s
Time taken for 1-RDM build:        0.0055921 s
Time taken for 1-RDM build:        0.0056214 s
Time taken for 1-RDM build:        0.0055959 s
Time taken for 1-RDM build:        0.0055833 s
Time taken for 2-RDM build:        0.0231230 s
Time taken for 2-RDM build:        0.0230958 s
Time taken for 2-RDM build:        0.0230372 s
Time taken for 2-RDM build:        0.0230989 s
Time taken for 2-RDM build:        0.0229962 s
Time taken for 2-RDM build:        0.0231454 s
Time taken for 3-RDM build:        0.0658514 s
Time taken for 3-RDM build:        0.0643902 s
Time taken for 3-RDM build:        0.0642402 s
Time taken for 3-RDM build:        0.0643337 s
Time taken for 3-RDM build:        0.0642455 s
Time taken for 3-RDM build:        0.0642488 s
E_frzc:                        -1939.7138290 Eh
E_cas:                            -2.0100161 Eh
E_nuc:                             0.0000000 Eh
E_casci:                       -1941.7217616 Eh
E0 (from RDM):                 -1941.7217616 Eh
Ecorr:                            -0.1944870 Eh

Timing summary
... Hamil build:                    0.0169086 s
... Hamil diag:                     0.0006371 s
... RDM build:                     43.7649417 s
State     Energy / Eh         Splitting / Eh      Splitting / cm-1    Splitting / meV     
0         -1.9417238e+03      +0.0000000e+00      +0.0000000e+00      +0.0000000e+00      
1         -1.9417238e+03      +1.0702479e-09      +2.3489226e-04      +2.9122942e-05      
2         -1.9417207e+03      +3.1252750e-03      +6.8591858e+02      +8.5043106e+01      
3         -1.9417207e+03      +1.1004886e-09      +2.4152933e-04      +2.9945834e-05      
4         -1.9417207e+03      +9.5178621e-10      +2.0889293e-04      +2.5899434e-05      
5         -1.9417207e+03      +6.4619599e-10      +1.4182362e-04      +1.7583897e-05      
Total time taken:                  47.4290690 s
===============================================

===============================================
            Relativistic DSRG-MRPT3            
===============================================
... compute_energy_pt3_1:     427.6892736 s
... compute_energy_pt2:       1.2971914 s
... compute_energy_pt3_2:     347.3438649 s
... compute_energy_pt3_3:      98.9111865 s
-----------------------------------------------
        DSRG-MRPT3 reference relaxation        
-----------------------------------------------
Iter                          Energy              Delta E   
   -Eref  -1941.7217616       
   -Ecorr -0.8309860       
<Psi^(0)|Hbar^(0)|Psi^(0)>    -1942.5527477       -1.94255e+03
   -Erelax-0.0004158       
<Psi^(0)|Hbar^(1)|Psi^(0)>    -1942.5531635       -4.15843e-04
   -Eref  -1941.7213564       
   -Ecorr -0.8318237       
<Psi^(1)|Hbar^(1)|Psi^(1)>    -1942.5531801       -1.65842e-05
   -Erelax-0.0000000       
<Psi^(1)|Hbar^(2)|Psi^(1)>    -1942.5531801       -1.13914e-10
   -Eref  -1941.7213560       
   -Ecorr -0.8318241       
<Psi^(2)|Hbar^(2)|Psi^(2)>    -1942.5531801       -9.28867e-09
   -Erelax-0.0000000       
<Psi^(2)|Hbar^(3)|Psi^(2)>    -1942.5531801       0.00000e+00
Unrelaxed DSRG-MRPT3 energy:             -1942.5527477 Eh
Unrelaxed DSRG-MRPT3 E_corr:                -0.8309860 Eh
Partially relaxed DSRG-MRPT3 energy:     -1942.5531635 Eh
Partially relaxed DSRG-MRPT3 E_corr:        -0.8314019 Eh
Relaxed DSRG-MRPT3 energy:               -1942.5531801 Eh
Relaxed DSRG-MRPT3 E_corr:                  -0.8318237 Eh
Fully relaxed DSRG-MRPT3 energy:         -1942.5531801 Eh
Fully relaxed DSRG-MRPT3 E_corr:            -0.8318241 Eh
State     Energy / Eh         Splitting / Eh      Splitting / cm-1    Splitting / meV     
0         -1.9425556e+03      +0.0000000e+00      +0.0000000e+00      +0.0000000e+00      
1         -1.9425556e+03      +4.7702997e-10      +1.0469598e-04      +1.2980653e-05      
2         -1.9425520e+03      +3.6274400e-03      +7.9613105e+02      +9.8707717e+01      
3         -1.9425520e+03      +4.7475623e-10      +1.0419695e-04      +1.2918781e-05      
4         -1.9425520e+03      +4.2791726e-10      +9.3916982e-05      +1.1644227e-05      
5         -1.9425520e+03      +3.0536285e-10      +6.7019398e-05      +8.3093502e-06      
Time taken:                     3356.4895048 s
===============================================
===============================================
              PySCF DHF interface              
===============================================
Will now allocate 38.863 GB memory for the AO ERI tensor!

Timing report
....integral transformation:    1021.2052755 s

===============================================
            Relativistic CASCI(4,8)            
===============================================
Will now allocate 0.078 MB memory for the CASCI Hamiltonian!
Time taken for 1-RDM build:        0.0088081 s
Time taken for 1-RDM build:        0.0085289 s
Time taken for 1-RDM build:        0.0080578 s
Time taken for 1-RDM build:        0.0080473 s
Time taken for 1-RDM build:        0.0081952 s
Time taken for 1-RDM build:        0.0087824 s
Time taken for 1-RDM build:        0.0087540 s
Time taken for 1-RDM build:        0.0085263 s
Time taken for 1-RDM build:        0.0084481 s
Time taken for 2-RDM build:        0.0349462 s
Time taken for 2-RDM build:        0.0348969 s
Time taken for 2-RDM build:        0.0347934 s
Time taken for 2-RDM build:        0.0348048 s
Time taken for 2-RDM build:        0.0347958 s
Time taken for 2-RDM build:        0.0347877 s
Time taken for 2-RDM build:        0.0347533 s
Time taken for 2-RDM build:        0.0348356 s
Time taken for 2-RDM build:        0.0347850 s
Time taken for 3-RDM build:        0.1526186 s
Time taken for 3-RDM build:        0.1509438 s
Time taken for 3-RDM build:        0.1507027 s
Time taken for 3-RDM build:        0.1507974 s
Time taken for 3-RDM build:        0.1505694 s
Time taken for 3-RDM build:        0.1504748 s
Time taken for 3-RDM build:        0.1507175 s
Time taken for 3-RDM build:        0.1508303 s
Time taken for 3-RDM build:        0.1507683 s
E_frzc:                        -2092.8592106 Eh
E_cas:                            -3.6862998 Eh
E_nuc:                             0.0000000 Eh
E_casci:                       -2096.5413860 Eh
E0 (from RDM):                 -2096.5413860 Eh
Ecorr:                            -0.2153364 Eh

Timing summary
... Hamil build:                    0.0277767 s
... Hamil diag:                     0.0025868 s
... RDM build:                     45.7257290 s
State     Energy / Eh         Splitting / Eh      Splitting / cm-1    Splitting / meV     
0         -2.0965455e+03      +0.0000000e+00      +0.0000000e+00      +0.0000000e+00      
1         -2.0965432e+03      +2.3344184e-03      +5.1234561e+02      +6.3522789e+01      
2         -2.0965432e+03      +6.4164851e-10      +1.4082557e-04      +1.7460154e-05      
3         -2.0965432e+03      +5.3205440e-10      +1.1677244e-04      +1.4477945e-05      
4         -2.0965395e+03      +3.6890520e-03      +8.0965333e+02      +1.0038427e+02      
5         -2.0965395e+03      +9.3723429e-10      +2.0569915e-04      +2.5503456e-05      
6         -2.0965395e+03      +1.0586518e-09      +2.3234722e-04      +2.8807397e-05      
7         -2.0965395e+03      +1.1709744e-09      +2.5699918e-04      +3.1863852e-05      
8         -2.0965395e+03      +1.0372787e-09      +2.2765636e-04      +2.8225805e-05      
Total time taken:                  49.5465484 s
===============================================

===============================================
            Relativistic DSRG-MRPT3            
===============================================
... compute_energy_pt3_1:     416.8010395 s
... compute_energy_pt2:       1.1651592 s
... compute_energy_pt3_2:     353.7461658 s
... compute_energy_pt3_3:      85.8844879 s
-----------------------------------------------
        DSRG-MRPT3 reference relaxation        
-----------------------------------------------
Iter                          Energy              Delta E   
   -Eref  -2096.5413860       
   -Ecorr -0.8485954       
<Psi^(0)|Hbar^(0)|Psi^(0)>    -2097.3899814       -2.09739e+03
   -Erelax-0.0001357       
<Psi^(0)|Hbar^(1)|Psi^(0)>    -2097.3901171       -1.35665e-04
   -Eref  -2096.5412483       
   -Ecorr -0.8489189       
<Psi^(1)|Hbar^(1)|Psi^(1)>    -2097.3901672       -5.01741e-05
   -Erelax-0.0000000       
<Psi^(1)|Hbar^(2)|Psi^(1)>    -2097.3901673       -4.84329e-08
   -Eref  -2096.5412465       
   -Ecorr -0.8489208       
<Psi^(2)|Hbar^(2)|Psi^(2)>    -2097.3901673       -2.90634e-08
   -Erelax-0.0000000       
<Psi^(2)|Hbar^(3)|Psi^(2)>    -2097.3901673       -1.83263e-10
   -Eref  -2096.5412464       
   -Ecorr -0.8489209       
<Psi^(3)|Hbar^(3)|Psi^(3)>    -2097.3901673       -3.71483e-09
   -Erelax-0.0000000       
<Psi^(3)|Hbar^(4)|Psi^(3)>    -2097.3901673       -9.09495e-13
Unrelaxed DSRG-MRPT3 energy:             -2097.3899814 Eh
Unrelaxed DSRG-MRPT3 E_corr:                -0.8485954 Eh
Partially relaxed DSRG-MRPT3 energy:     -2097.3901171 Eh
Partially relaxed DSRG-MRPT3 E_corr:        -0.8487311 Eh
Relaxed DSRG-MRPT3 energy:               -2097.3901672 Eh
Relaxed DSRG-MRPT3 E_corr:                  -0.8489189 Eh
Fully relaxed DSRG-MRPT3 energy:         -2097.3901673 Eh
Fully relaxed DSRG-MRPT3 E_corr:            -0.8489209 Eh
State     Energy / Eh         Splitting / Eh      Splitting / cm-1    Splitting / meV     
0         -2.0973947e+03      +0.0000000e+00      +0.0000000e+00      +0.0000000e+00      
1         -2.0973921e+03      +2.6221031e-03      +5.7548510e+02      +7.1351092e+01      
2         -2.0973921e+03      +2.2737368e-10      +4.9902753e-05      +6.1871558e-06      
3         -2.0973921e+03      +2.1145752e-10      +4.6409561e-05      +5.7540549e-06      
4         -2.0973881e+03      +4.0303099e-03      +8.8455077e+02      +1.0967037e+02      
5         -2.0973881e+03      +2.8376235e-10      +6.2278636e-05      +7.7215704e-06      
6         -2.0973881e+03      +3.2696335e-10      +7.1760159e-05      +8.8971300e-06      
7         -2.0973881e+03      +3.2696335e-10      +7.1760159e-05      +8.8971300e-06      
8         -2.0973881e+03      +2.8012437e-10      +6.1480192e-05      +7.6225760e-06      
Time taken:                     4389.2932551 s
===============================================
===============================================
              PySCF DHF interface              
===============================================
Will now allocate 38.863 GB memory for the AO ERI tensor!

Timing report
....integral transformation:     994.1130588 s

===============================================
            Relativistic CASCI(5,8)            
===============================================
Will now allocate 0.050 MB memory for the CASCI Hamiltonian!
Time taken for 1-RDM build:        0.0056865 s
Time taken for 1-RDM build:        0.0056760 s
Time taken for 1-RDM build:        0.0056539 s
Time taken for 1-RDM build:        0.0056574 s
Time taken for 1-RDM build:        0.0056608 s
Time taken for 1-RDM build:        0.0056934 s
Time taken for 1-RDM build:        0.0056660 s
Time taken for 1-RDM build:        0.0056832 s
Time taken for 1-RDM build:        0.0056586 s
Time taken for 1-RDM build:        0.0057192 s
Time taken for 1-RDM build:        0.0056517 s
Time taken for 1-RDM build:        0.0057151 s
Time taken for 1-RDM build:        0.0056593 s
Time taken for 1-RDM build:        0.0057018 s
Time taken for 2-RDM build:        0.0253568 s
Time taken for 2-RDM build:        0.0253384 s
Time taken for 2-RDM build:        0.0253000 s
Time taken for 2-RDM build:        0.0252233 s
Time taken for 2-RDM build:        0.0252728 s
Time taken for 2-RDM build:        0.0253067 s
Time taken for 2-RDM build:        0.0252995 s
Time taken for 2-RDM build:        0.0253572 s
Time taken for 2-RDM build:        0.0253272 s
Time taken for 2-RDM build:        0.0252881 s
Time taken for 2-RDM build:        0.0253198 s
Time taken for 2-RDM build:        0.0253096 s
Time taken for 2-RDM build:        0.0253375 s
Time taken for 2-RDM build:        0.0253248 s
Time taken for 3-RDM build:        0.1497998 s
Time taken for 3-RDM build:        0.1481657 s
Time taken for 3-RDM build:        0.1483278 s
Time taken for 3-RDM build:        0.1481829 s
Time taken for 3-RDM build:        0.1480713 s
Time taken for 3-RDM build:        0.1478870 s
Time taken for 3-RDM build:        0.1478343 s
Time taken for 3-RDM build:        0.1477094 s
Time taken for 3-RDM build:        0.1480436 s
Time taken for 3-RDM build:        0.1477849 s
Time taken for 3-RDM build:        0.1479161 s
Time taken for 3-RDM build:        0.1478336 s
Time taken for 3-RDM build:        0.1479940 s
Time taken for 3-RDM build:        0.1479385 s
E_frzc:                        -2252.3726240 Eh
E_cas:                            -6.0718308 Eh
E_nuc:                             0.0000000 Eh
E_casci:                       -2258.3972569 Eh
E0 (from RDM):                 -2258.3972569 Eh
Ecorr:                            -0.0178409 Eh

Timing summary
... Hamil build:                    0.0226588 s
... Hamil diag:                     0.0007780 s
... RDM build:                     45.5051394 s
State     Energy / Eh         Splitting / Eh      Splitting / cm-1    Splitting / meV     
0         -2.2584445e+03      +0.0000000e+00      +0.0000000e+00      +0.0000000e+00      
1         -2.2584445e+03      +5.2432370e-10      +1.1507575e-04      +1.4267581e-05      
2         -2.2584445e+03      +5.2705218e-10      +1.1567458e-04      +1.4341827e-05      
3         -2.2584445e+03      +5.1386451e-10      +1.1278022e-04      +1.3982972e-05      
4         -2.2583793e+03      +6.5107933e-02      +1.4289540e+04      +1.7716780e+03      
5         -2.2583793e+03      +9.2859409e-10      +2.0380284e-04      +2.5268344e-05      
6         -2.2583793e+03      +1.1159500e-09      +2.4492271e-04      +3.0366561e-05      
7         -2.2583793e+03      +5.1250026e-10      +1.1248081e-04      +1.3945849e-05      
8         -2.2583777e+03      +1.6153755e-03      +3.5453394e+02      +4.3956628e+01      
9         -2.2583777e+03      +7.5033313e-10      +1.6467909e-04      +2.0417614e-05      
10        -2.2583777e+03      +4.8839865e-10      +1.0719111e-04      +1.3290011e-05      
11        -2.2583777e+03      +1.4611032e-09      +3.2067509e-04      +3.9758663e-05      
12        -2.2583777e+03      +1.6329977e-09      +3.5840157e-04      +4.4436153e-05      
13        -2.2583777e+03      +6.3982952e-10      +1.4042635e-04      +1.7410656e-05      
Total time taken:                  49.1852601 s
===============================================

===============================================
            Relativistic DSRG-MRPT3            
===============================================
... compute_energy_pt3_1:     413.7594132 s
... compute_energy_pt2:       1.1580572 s
... compute_energy_pt3_2:     364.8115671 s
... compute_energy_pt3_3:      93.6308877 s
-----------------------------------------------
        DSRG-MRPT3 reference relaxation        
-----------------------------------------------
Iter                          Energy              Delta E   
   -Eref  -2258.3972569       
   -Ecorr -0.8799278       
<Psi^(0)|Hbar^(0)|Psi^(0)>    -2259.2771847       -2.25928e+03
   -Erelax-0.0000190       
<Psi^(0)|Hbar^(1)|Psi^(0)>    -2259.2772037       -1.90036e-05
   -Eref  -2258.3972416       
   -Ecorr -0.8799642       
<Psi^(1)|Hbar^(1)|Psi^(1)>    -2259.2772058       -2.13731e-06
   -Erelax-0.0000000       
<Psi^(1)|Hbar^(2)|Psi^(1)>    -2259.2772059       -4.99676e-09
   -Eref  -2258.3972414       
   -Ecorr -0.8799644       
<Psi^(2)|Hbar^(2)|Psi^(2)>    -2259.2772058       2.15537e-08
   -Erelax-0.0000000       
<Psi^(2)|Hbar^(3)|Psi^(2)>    -2259.2772058       -5.00222e-12
   -Eref  -2258.3972414       
   -Ecorr -0.8799645       
<Psi^(3)|Hbar^(3)|Psi^(3)>    -2259.2772058       6.38011e-10
   -Erelax-0.0000000       
<Psi^(3)|Hbar^(4)|Psi^(3)>    -2259.2772058       0.00000e+00
Unrelaxed DSRG-MRPT3 energy:             -2259.2771847 Eh
Unrelaxed DSRG-MRPT3 E_corr:                -0.8799278 Eh
Partially relaxed DSRG-MRPT3 energy:     -2259.2772037 Eh
Partially relaxed DSRG-MRPT3 E_corr:        -0.8799469 Eh
Relaxed DSRG-MRPT3 energy:               -2259.2772058 Eh
Relaxed DSRG-MRPT3 E_corr:                  -0.8799642 Eh
Fully relaxed DSRG-MRPT3 energy:         -2259.2772058 Eh
Fully relaxed DSRG-MRPT3 E_corr:            -0.8799645 Eh
State     Energy / Eh         Splitting / Eh      Splitting / cm-1    Splitting / meV     
0         -2.2593155e+03      +0.0000000e+00      +0.0000000e+00      +0.0000000e+00      
1         -2.2593155e+03      +1.7735147e-10      +3.8924148e-05      +4.8259815e-06      
2         -2.2593155e+03      +1.8326318e-10      +4.0221619e-05      +4.9868476e-06      
3         -2.2593155e+03      +1.7598722e-10      +3.8624731e-05      +4.7888586e-06      
4         -2.2592627e+03      +5.2755791e-02      +1.1578558e+04      +1.4355589e+03      
5         -2.2592627e+03      +1.1459633e-10      +2.5150988e-05      +3.1183265e-06      
6         -2.2592627e+03      +1.3005774e-10      +2.8544375e-05      +3.5390531e-06      
7         -2.2592627e+03      +1.4142643e-10      +3.1039513e-05      +3.8484109e-06      
8         -2.2592613e+03      +1.4334970e-03      +3.1461622e+02      +3.9007458e+01      
9         -2.2592613e+03      +1.6871127e-10      +3.7027843e-05      +4.5908696e-06      
10        -2.2592613e+03      +3.8653525e-11      +8.4834681e-06      +1.0518165e-06      
11        -2.2592613e+03      +2.7739588e-10      +6.0881359e-05      +7.5483301e-06      
12        -2.2592613e+03      +2.4738256e-10      +5.4294196e-05      +6.7316255e-06      
13        -2.2592613e+03      +8.7766239e-11      +1.9262463e-05      +2.3882421e-06      
Time taken:                     4449.2846081 s
===============================================
===============================================
              PySCF DHF interface              
===============================================
Will now allocate 38.863 GB memory for the AO ERI tensor!

Timing report
....integral transformation:    1010.1364334 s

===============================================
            Relativistic CASCI(6,8)            
===============================================
Will now allocate 0.013 MB memory for the CASCI Hamiltonian!
Time taken for 1-RDM build:        0.0022125 s
Time taken for 1-RDM build:        0.0021994 s
Time taken for 1-RDM build:        0.0021944 s
Time taken for 1-RDM build:        0.0021994 s
Time taken for 1-RDM build:        0.0021825 s
Time taken for 1-RDM build:        0.0021822 s
Time taken for 1-RDM build:        0.0021880 s
Time taken for 1-RDM build:        0.0021970 s
Time taken for 1-RDM build:        0.0021977 s
Time taken for 2-RDM build:        0.0086381 s
Time taken for 2-RDM build:        0.0085874 s
Time taken for 2-RDM build:        0.0085847 s
Time taken for 2-RDM build:        0.0085835 s
Time taken for 2-RDM build:        0.0086024 s
Time taken for 2-RDM build:        0.0085888 s
Time taken for 2-RDM build:        0.0086353 s
Time taken for 2-RDM build:        0.0086322 s
Time taken for 2-RDM build:        0.0086284 s
Time taken for 3-RDM build:        0.0680869 s
Time taken for 3-RDM build:        0.0661607 s
Time taken for 3-RDM build:        0.0661194 s
Time taken for 3-RDM build:        0.0660384 s
Time taken for 3-RDM build:        0.0661359 s
Time taken for 3-RDM build:        0.0662198 s
Time taken for 3-RDM build:        0.0660999 s
Time taken for 3-RDM build:        0.0661561 s
Time taken for 3-RDM build:        0.0660574 s
E_frzc:                        -2418.2608262 Eh
E_cas:                            -9.1774708 Eh
E_nuc:                             0.0000000 Eh
E_casci:                       -2427.4340589 Eh
E0 (from RDM):                 -2427.4340589 Eh
Ecorr:                            -0.1372548 Eh

Timing summary
... Hamil build:                    0.0090559 s
... Hamil diag:                     0.0002878 s
... RDM build:                     44.0448530 s
State     Energy / Eh         Splitting / Eh      Splitting / cm-1    Splitting / meV     
0         -2.4274383e+03      +0.0000000e+00      +0.0000000e+00      +0.0000000e+00      
1         -2.4274383e+03      +1.9413164e-09      +4.2606971e-04      +5.2825936e-05      
2         -2.4274383e+03      +8.9721652e-10      +1.9691626e-04      +2.4414517e-05      
3         -2.4274383e+03      +1.1737029e-09      +2.5759801e-04      +3.1938098e-05      
4         -2.4274383e+03      +1.8349056e-09      +4.0271522e-04      +4.9930347e-05      
5         -2.4274294e+03      +8.8831576e-03      +1.9496277e+03      +2.4172315e+02      
6         -2.4274294e+03      +4.1914063e-09      +9.1990735e-04      +1.1405403e-04      
7         -2.4274294e+03      +4.1027306e-09      +9.0044528e-04      +1.1164104e-04      
8         -2.4274268e+03      +2.6102260e-03      +5.7287839e+02      +7.1027902e+01      
Total time taken:                  47.6966746 s
===============================================

===============================================
            Relativistic DSRG-MRPT3            
===============================================
... compute_energy_pt3_1:     448.9272597 s
... compute_energy_pt2:       1.2373023 s
... compute_energy_pt3_2:     349.3447063 s
... compute_energy_pt3_3:      86.7747750 s
-----------------------------------------------
        DSRG-MRPT3 reference relaxation        
-----------------------------------------------
Iter                          Energy              Delta E   
   -Eref  -2427.4340589       
   -Ecorr -0.9067002       
<Psi^(0)|Hbar^(0)|Psi^(0)>    -2428.3407591       -2.42834e+03
   -Erelax-0.0000075       
<Psi^(0)|Hbar^(1)|Psi^(0)>    -2428.3407666       -7.52650e-06
   -Eref  -2427.4340503       
   -Ecorr -0.9067214       
<Psi^(1)|Hbar^(1)|Psi^(1)>    -2428.3407717       -5.13101e-06
   -Erelax-0.0000000       
<Psi^(1)|Hbar^(2)|Psi^(1)>    -2428.3407718       -2.37424e-09
   -Eref  -2427.4340505       
   -Ecorr -0.9067211       
<Psi^(2)|Hbar^(2)|Psi^(2)>    -2428.3407716       1.46317e-07
   -Erelax-0.0000000       
<Psi^(2)|Hbar^(3)|Psi^(2)>    -2428.3407716       -2.72848e-12
   -Eref  -2427.4340505       
   -Ecorr -0.9067211       
<Psi^(3)|Hbar^(3)|Psi^(3)>    -2428.3407716       -4.84260e-09
   -Erelax-0.0000000       
<Psi^(3)|Hbar^(4)|Psi^(3)>    -2428.3407716       0.00000e+00
Unrelaxed DSRG-MRPT3 energy:             -2428.3407591 Eh
Unrelaxed DSRG-MRPT3 E_corr:                -0.9067002 Eh
Partially relaxed DSRG-MRPT3 energy:     -2428.3407666 Eh
Partially relaxed DSRG-MRPT3 E_corr:        -0.9067078 Eh
Relaxed DSRG-MRPT3 energy:               -2428.3407717 Eh
Relaxed DSRG-MRPT3 E_corr:                  -0.9067214 Eh
Fully relaxed DSRG-MRPT3 energy:         -2428.3407716 Eh
Fully relaxed DSRG-MRPT3 E_corr:            -0.9067211 Eh
State     Energy / Eh         Splitting / Eh      Splitting / cm-1    Splitting / meV     
0         -2.4283449e+03      +0.0000000e+00      +0.0000000e+00      +0.0000000e+00      
1         -2.4283449e+03      +4.1973180e-10      +9.2120483e-05      +1.1421490e-05      
2         -2.4283449e+03      +4.5520210e-10      +9.9905312e-05      +1.2386686e-05      
3         -2.4283449e+03      +4.6111381e-10      +1.0120278e-04      +1.2547552e-05      
4         -2.4283449e+03      +3.9881343e-10      +8.7529429e-05      +1.0852271e-05      
5         -2.4283363e+03      +8.6447224e-03      +1.8972973e+03      +2.3523499e+02      
6         -2.4283363e+03      +7.7034201e-10      +1.6907053e-04      +2.0962084e-05      
7         -2.4283363e+03      +7.1577233e-10      +1.5709387e-04      +1.9477166e-05      
8         -2.4283336e+03      +2.6315310e-03      +5.7755430e+02      +7.1607641e+01      
Time taken:                     4419.9355512 s
===============================================
===============================================
              PySCF DHF interface              
===============================================
Will now allocate 38.863 GB memory for the AO ERI tensor!

Timing report
....integral transformation:    1016.8660951 s

===============================================
            Relativistic CASCI(7,8)            
===============================================
Will now allocate 0.001 MB memory for the CASCI Hamiltonian!
Time taken for 1-RDM build:        0.0003777 s
Time taken for 1-RDM build:        0.0003669 s
Time taken for 1-RDM build:        0.0003650 s
Time taken for 1-RDM build:        0.0003629 s
Time taken for 1-RDM build:        0.0003672 s
Time taken for 1-RDM build:        0.0003622 s
Time taken for 2-RDM build:        0.0011680 s
Time taken for 2-RDM build:        0.0010085 s
Time taken for 2-RDM build:        0.0009987 s
Time taken for 2-RDM build:        0.0009937 s
Time taken for 2-RDM build:        0.0010040 s
Time taken for 2-RDM build:        0.0009949 s
Time taken for 3-RDM build:        0.0133522 s
Time taken for 3-RDM build:        0.0123069 s
Time taken for 3-RDM build:        0.0123067 s
Time taken for 3-RDM build:        0.0123293 s
Time taken for 3-RDM build:        0.0122905 s
Time taken for 3-RDM build:        0.0122964 s
E_frzc:                        -2590.5378304 Eh
E_cas:                           -13.1880855 Eh
E_nuc:                             0.0000000 Eh
E_casci:                       -2603.7203212 Eh
E0 (from RDM):                 -2603.7203212 Eh
Ecorr:                            -0.0318830 Eh

Timing summary
... Hamil build:                    0.0105791 s
... Hamil diag:                     0.0033920 s
... RDM build:                     44.3755224 s
State     Energy / Eh         Splitting / Eh      Splitting / cm-1    Splitting / meV     
0         -2.6037259e+03      +0.0000000e+00      +0.0000000e+00      +0.0000000e+00      
1         -2.6037259e+03      +9.2413757e-09      +2.0282475e-03      +2.5147076e-04      
2         -2.6037259e+03      +1.8784249e-08      +4.1226661e-03      +5.1114569e-04      
3         -2.6037259e+03      +9.8884811e-09      +2.1702707e-03      +2.6907941e-04      
4         -2.6037091e+03      +1.6783801e-02      +3.6836186e+03      +4.5671072e+02      
5         -2.6037091e+03      +7.4087438e-09      +1.6260313e-03      +2.0160228e-04      
Total time taken:                  48.0409172 s
===============================================

===============================================
            Relativistic DSRG-MRPT3            
===============================================
... compute_energy_pt3_1:     421.7649772 s
... compute_energy_pt2:       1.2444463 s
... compute_energy_pt3_2:     347.7925770 s
... compute_energy_pt3_3:      83.6967125 s
-----------------------------------------------
        DSRG-MRPT3 reference relaxation        
-----------------------------------------------
Iter                          Energy              Delta E   
   -Eref  -2603.7203212       
   -Ecorr -0.9413271       
<Psi^(0)|Hbar^(0)|Psi^(0)>    -2604.6616483       -2.60466e+03
   -Erelax-0.0000000       
<Psi^(0)|Hbar^(1)|Psi^(0)>    -2604.6616483       0.00000e+00
   -Eref  -2603.7203212       
   -Ecorr -0.9413271       
<Psi^(1)|Hbar^(1)|Psi^(1)>    -2604.6616483       0.00000e+00
   -Erelax0.0000000       
<Psi^(1)|Hbar^(2)|Psi^(1)>    -2604.6616483       0.00000e+00
Unrelaxed DSRG-MRPT3 energy:             -2604.6616483 Eh
Unrelaxed DSRG-MRPT3 E_corr:                -0.9413271 Eh
Partially relaxed DSRG-MRPT3 energy:     -2604.6616483 Eh
Partially relaxed DSRG-MRPT3 E_corr:        -0.9413271 Eh
Relaxed DSRG-MRPT3 energy:               -2604.6616483 Eh
Relaxed DSRG-MRPT3 E_corr:                  -0.9413271 Eh
Fully relaxed DSRG-MRPT3 energy:         -2604.6616483 Eh
Fully relaxed DSRG-MRPT3 E_corr:            -0.9413271 Eh
State     Energy / Eh         Splitting / Eh      Splitting / cm-1    Splitting / meV     
0         -2.6046672e+03      +0.0000000e+00      +0.0000000e+00      +0.0000000e+00      
1         -2.6046672e+03      +1.6175363e-09      +3.5500819e-04      +4.4015426e-05      
2         -2.6046672e+03      +2.3983375e-09      +5.2637424e-04      +6.5262119e-05      
3         -2.6046672e+03      +1.9954314e-09      +4.3794656e-04      +5.4298479e-05      
4         -2.6046506e+03      +1.6526332e-02      +3.6271106e+03      +4.4970461e+02      
5         -2.6046506e+03      +1.8285391e-09      +4.0131794e-04      +4.9757107e-05      
Time taken:                     2102.3669009 s
===============================================
