NOW DOING s=1.09!
===============================================
              PySCF DHF interface              
===============================================
Will now allocate 796.594 MB memory for the AO ERI tensor!

Timing report
....integral transformation:      51.8180780 s

===============================================
            Relativistic CASCI(3,8)            
===============================================
Will now allocate 0.050 MB memory for the CASCI Hamiltonian!
Time taken for 1-RDM build:        0.0203714 s
Time taken for 1-RDM build:        0.0208046 s
Time taken for 1-RDM build:        0.0203588 s
Time taken for 1-RDM build:        0.0203974 s
Time taken for 1-RDM build:        0.0203035 s
Time taken for 1-RDM build:        0.0203397 s
Time taken for 2-RDM build:        0.0797062 s
Time taken for 2-RDM build:        0.0795491 s
Time taken for 2-RDM build:        0.0794494 s
Time taken for 2-RDM build:        0.0795014 s
Time taken for 2-RDM build:        0.0795813 s
Time taken for 2-RDM build:        0.0798683 s
Time taken for 3-RDM build:        0.1803622 s
Time taken for 3-RDM build:        0.1782045 s
Time taken for 3-RDM build:        0.1775904 s
Time taken for 3-RDM build:        0.1793342 s
Time taken for 3-RDM build:        0.1776245 s
Time taken for 3-RDM build:        0.1784098 s
E_frzc:                          -21.9899228 Eh
E_cas:                            -2.5754278 Eh
E_nuc:                             0.0000000 Eh
E_casci:                         -24.5653104 Eh
E0 (from RDM):                   -24.5653104 Eh
Ecorr:                            -0.2764703 Eh

Timing summary
... Hamil build:                    0.0701928 s
... Hamil diag:                     0.0012059 s
... RDM build:                      5.1622236 s
State     Energy / Eh         Splitting / Eh      Splitting / cm-1    Splitting / meV     
0         -2.4565351e+01      +0.0000000e+00      +0.0000000e+00      +0.0000000e+00      
1         -2.4565351e+01      +1.6292141e-09      +3.5757116e-04      +4.4333195e-05      
2         -2.4565290e+01      +6.0370290e-05      +1.3249747e+01      +1.6427601e+00      
3         -2.4565290e+01      +8.2750518e-10      +1.8161639e-04      +2.2517574e-05      
4         -2.4565290e+01      +8.6880192e-10      +1.9067998e-04      +2.3641316e-05      
5         -2.4565290e+01      +1.8699780e-09      +4.1041272e-04      +5.0884716e-05      
Total time taken:                   5.4127791 s
===============================================

===============================================
            Relativistic DSRG-MRPT3            
===============================================
... compute_energy_pt3_1:      16.8334730 s
... compute_energy_pt2:       0.0999777 s
... compute_energy_pt3_2:      12.9012499 s
... compute_energy_pt3_3:       3.2855093 s
-----------------------------------------------
        DSRG-MRPT3 reference relaxation        
-----------------------------------------------
Iter                          Energy              Delta E   
   -Eref  -24.5653104       
   -Ecorr -0.0771039       
<Psi^(0)|Hbar^(0)|Psi^(0)>    -24.6424143         -2.46424e+01
   -Erelax-0.0006101       
<Psi^(0)|Hbar^(1)|Psi^(0)>    -24.6430244         -6.10081e-04
   -Eref  -24.5646964       
   -Ecorr -0.0781746       
<Psi^(1)|Hbar^(1)|Psi^(1)>    -24.6428709         1.53452e-04
   -Erelax-0.0000000       
<Psi^(1)|Hbar^(2)|Psi^(1)>    -24.6428709         -1.30825e-09
   -Eref  -24.5646946       
   -Ecorr -0.0781762       
<Psi^(2)|Hbar^(2)|Psi^(2)>    -24.6428707         1.94169e-07
   -Erelax0.0000000       
<Psi^(2)|Hbar^(3)|Psi^(2)>    -24.6428707         0.00000e+00
   -Eref  -24.5646946       
   -Ecorr -0.0781762       
<Psi^(3)|Hbar^(3)|Psi^(3)>    -24.6428707         1.81256e-10
   -Erelax0.0000000       
<Psi^(3)|Hbar^(4)|Psi^(3)>    -24.6428707         0.00000e+00
Unrelaxed DSRG-MRPT3 energy:               -24.6424143 Eh
Unrelaxed DSRG-MRPT3 E_corr:                -0.0771039 Eh
Partially relaxed DSRG-MRPT3 energy:       -24.6430244 Eh
Partially relaxed DSRG-MRPT3 E_corr:        -0.0777140 Eh
Relaxed DSRG-MRPT3 energy:                 -24.6428709 Eh
Relaxed DSRG-MRPT3 E_corr:                  -0.0781746 Eh
Fully relaxed DSRG-MRPT3 energy:           -24.6428707 Eh
Fully relaxed DSRG-MRPT3 E_corr:            -0.0781762 Eh
State     Energy / Eh         Splitting / Eh      Splitting / cm-1    Splitting / meV     
0         -2.4642914e+01      +0.0000000e+00      +0.0000000e+00      +0.0000000e+00      
1         -2.4642914e+01      +4.3112180e-10      +9.4620299e-05      +1.1731427e-05      
2         -2.4642849e+01      +6.4816406e-05      +1.4225557e+01      +1.7637451e+00      
3         -2.4642849e+01      +3.1351277e-10      +6.8808099e-05      +8.5311211e-06      
4         -2.4642849e+01      +2.5421087e-10      +5.5792838e-05      +6.9174335e-06      
5         -2.4642849e+01      +3.8893688e-10      +8.5361778e-05      +1.0583517e-05      
Time taken:                      179.2815270 s
===============================================
===============================================
              PySCF DHF interface              
===============================================
Will now allocate 796.594 MB memory for the AO ERI tensor!

Timing report
....integral transformation:      52.0067832 s

===============================================
            Relativistic CASCI(4,8)            
===============================================
Will now allocate 0.078 MB memory for the CASCI Hamiltonian!
Time taken for 1-RDM build:        0.0311737 s
Time taken for 1-RDM build:        0.0317609 s
Time taken for 1-RDM build:        0.0311522 s
Time taken for 1-RDM build:        0.0286129 s
Time taken for 1-RDM build:        0.0274956 s
Time taken for 1-RDM build:        0.0275111 s
Time taken for 1-RDM build:        0.0275385 s
Time taken for 1-RDM build:        0.0276089 s
Time taken for 1-RDM build:        0.0278974 s
Time taken for 2-RDM build:        0.1178138 s
Time taken for 2-RDM build:        0.1174355 s
Time taken for 2-RDM build:        0.1174724 s
Time taken for 2-RDM build:        0.1175008 s
Time taken for 2-RDM build:        0.1175604 s
Time taken for 2-RDM build:        0.1173165 s
Time taken for 2-RDM build:        0.1177273 s
Time taken for 2-RDM build:        0.1174591 s
Time taken for 2-RDM build:        0.1175697 s
Time taken for 3-RDM build:        0.3919623 s
Time taken for 3-RDM build:        0.3888822 s
Time taken for 3-RDM build:        0.3852544 s
Time taken for 3-RDM build:        0.3789988 s
Time taken for 3-RDM build:        0.3796144 s
Time taken for 3-RDM build:        0.3789833 s
Time taken for 3-RDM build:        0.3790767 s
Time taken for 3-RDM build:        0.3792942 s
Time taken for 3-RDM build:        0.3797021 s
E_frzc:                          -32.3709352 Eh
E_cas:                            -5.3467114 Eh
E_nuc:                             0.0000000 Eh
E_casci:                         -37.7175257 Eh
E0 (from RDM):                   -37.7175257 Eh
Ecorr:                            -0.4429083 Eh

Timing summary
... Hamil build:                    0.1085587 s
... Hamil diag:                     0.0019269 s
... RDM build:                      8.2624233 s
State     Energy / Eh         Splitting / Eh      Splitting / cm-1    Splitting / meV     
0         -3.7717647e+01      +0.0000000e+00      +0.0000000e+00      +0.0000000e+00      
1         -3.7717578e+01      +6.8056777e-05      +1.4936736e+01      +1.8519201e+00      
2         -3.7717578e+01      +1.0789876e-09      +2.3681040e-04      +2.9360761e-05      
3         -3.7717578e+01      +1.2285710e-09      +2.6964017e-04      +3.3431136e-05      
4         -3.7717470e+01      +1.0852195e-04      +2.3817815e+01      +2.9530341e+00      
5         -3.7717470e+01      +3.7325520e-10      +8.1920048e-05      +1.0156796e-05      
6         -3.7717470e+01      +9.5213437e-10      +2.0896934e-04      +2.5908908e-05      
7         -3.7717470e+01      +4.4994408e-10      +9.8751311e-05      +1.2243608e-05      
8         -3.7717470e+01      +5.6219562e-10      +1.2338768e-04      +1.5298129e-05      
Total time taken:                   8.5493751 s
===============================================

===============================================
            Relativistic DSRG-MRPT3            
===============================================
... compute_energy_pt3_1:      14.9167800 s
... compute_energy_pt2:       0.0866911 s
... compute_energy_pt3_2:      11.9345329 s
... compute_energy_pt3_3:       2.6752629 s
-----------------------------------------------
        DSRG-MRPT3 reference relaxation        
-----------------------------------------------
Iter                          Energy              Delta E   
   -Eref  -37.7175257       
   -Ecorr -0.1172236       
<Psi^(0)|Hbar^(0)|Psi^(0)>    -37.8347493         -3.78347e+01
   -Erelax-0.0000307       
<Psi^(0)|Hbar^(1)|Psi^(0)>    -37.8347800         -3.07036e-05
   -Eref  -37.7174933       
   -Ecorr -0.1173904       
<Psi^(1)|Hbar^(1)|Psi^(1)>    -37.8348837         -1.03732e-04
   -Erelax-0.0000000       
<Psi^(1)|Hbar^(2)|Psi^(1)>    -37.8348837         -2.66264e-09
   -Eref  -37.7174938       
   -Ecorr -0.1173890       
<Psi^(2)|Hbar^(2)|Psi^(2)>    -37.8348829         8.78347e-07
   -Erelax-0.0000000       
<Psi^(2)|Hbar^(3)|Psi^(2)>    -37.8348829         -1.33085e-11
   -Eref  -37.7174938       
   -Ecorr -0.1173890       
<Psi^(3)|Hbar^(3)|Psi^(3)>    -37.8348829         -6.68087e-09
   -Erelax-0.0000000       
<Psi^(3)|Hbar^(4)|Psi^(3)>    -37.8348829         -3.55271e-13
Unrelaxed DSRG-MRPT3 energy:               -37.8347493 Eh
Unrelaxed DSRG-MRPT3 E_corr:                -0.1172236 Eh
Partially relaxed DSRG-MRPT3 energy:       -37.8347800 Eh
Partially relaxed DSRG-MRPT3 E_corr:        -0.1172543 Eh
Relaxed DSRG-MRPT3 energy:                 -37.8348837 Eh
Relaxed DSRG-MRPT3 E_corr:                  -0.1173904 Eh
Fully relaxed DSRG-MRPT3 energy:           -37.8348829 Eh
Fully relaxed DSRG-MRPT3 E_corr:            -0.1173890 Eh
State     Energy / Eh         Splitting / Eh      Splitting / cm-1    Splitting / meV     
0         -3.7835039e+01      +0.0000000e+00      +0.0000000e+00      +0.0000000e+00      
1         -3.7834954e+01      +8.4745636e-05      +1.8599517e+01      +2.3060473e+00      
2         -3.7834954e+01      +1.0037837e-10      +2.2030506e-05      +2.7314359e-06      
3         -3.7834954e+01      +4.8487436e-11      +1.0641762e-05      +1.3194110e-06      
4         -3.7834809e+01      +1.4491155e-04      +3.1804410e+01      +3.9432461e+00      
5         -3.7834809e+01      +5.2814642e-11      +1.1591474e-05      +1.4371603e-06      
6         -3.7834809e+01      +6.6108896e-11      +1.4509226e-05      +1.7989156e-06      
7         -3.7834809e+01      +1.5914736e-10      +3.4928808e-05      +4.3306224e-06      
8         -3.7834809e+01      +1.9447555e-11      +4.2682449e-06      +5.2919517e-07      
Time taken:                      183.1898606 s
===============================================
===============================================
              PySCF DHF interface              
===============================================
Will now allocate 796.594 MB memory for the AO ERI tensor!

Timing report
....integral transformation:      52.9055932 s

===============================================
            Relativistic CASCI(5,8)            
===============================================
Will now allocate 0.050 MB memory for the CASCI Hamiltonian!
Time taken for 1-RDM build:        0.0205345 s
Time taken for 1-RDM build:        0.0204020 s
Time taken for 1-RDM build:        0.0206404 s
Time taken for 1-RDM build:        0.0206749 s
Time taken for 1-RDM build:        0.0204167 s
Time taken for 1-RDM build:        0.0205657 s
Time taken for 1-RDM build:        0.0203474 s
Time taken for 1-RDM build:        0.0207138 s
Time taken for 1-RDM build:        0.0205238 s
Time taken for 1-RDM build:        0.0204096 s
Time taken for 1-RDM build:        0.0205436 s
Time taken for 1-RDM build:        0.0203834 s
Time taken for 1-RDM build:        0.0206587 s
Time taken for 1-RDM build:        0.0203950 s
Time taken for 2-RDM build:        0.0848079 s
Time taken for 2-RDM build:        0.0847492 s
Time taken for 2-RDM build:        0.0846038 s
Time taken for 2-RDM build:        0.0841630 s
Time taken for 2-RDM build:        0.0852606 s
Time taken for 2-RDM build:        0.0847592 s
Time taken for 2-RDM build:        0.0842664 s
Time taken for 2-RDM build:        0.0844691 s
Time taken for 2-RDM build:        0.0844159 s
Time taken for 2-RDM build:        0.0846105 s
Time taken for 2-RDM build:        0.0851216 s
Time taken for 2-RDM build:        0.0858595 s
Time taken for 2-RDM build:        0.0853748 s
Time taken for 2-RDM build:        0.0878186 s
Time taken for 3-RDM build:        0.3502553 s
Time taken for 3-RDM build:        0.3492432 s
Time taken for 3-RDM build:        0.3493199 s
Time taken for 3-RDM build:        0.3493257 s
Time taken for 3-RDM build:        0.3496733 s
Time taken for 3-RDM build:        0.3488958 s
Time taken for 3-RDM build:        0.3494887 s
Time taken for 3-RDM build:        0.3497553 s
Time taken for 3-RDM build:        0.3495891 s
Time taken for 3-RDM build:        0.3506913 s
Time taken for 3-RDM build:        0.3501785 s
Time taken for 3-RDM build:        0.3498812 s
Time taken for 3-RDM build:        0.3494048 s
Time taken for 3-RDM build:        0.3493767 s
E_frzc:                          -44.7567199 Eh
E_cas:                            -9.6666253 Eh
E_nuc:                             0.0000000 Eh
E_casci:                         -54.3487687 Eh
E0 (from RDM):                   -54.3487687 Eh
Ecorr:                            -0.4454114 Eh

Timing summary
... Hamil build:                    0.0883868 s
... Hamil diag:                     0.0010524 s
... RDM build:                      9.9205775 s
State     Energy / Eh         Splitting / Eh      Splitting / cm-1    Splitting / meV     
0         -5.4423345e+01      +0.0000000e+00      +0.0000000e+00      +0.0000000e+00      
1         -5.4423345e+01      +1.0766144e-09      +2.3628954e-04      +2.9296183e-05      
2         -5.4423345e+01      +1.0765078e-09      +2.3626614e-04      +2.9293283e-05      
3         -5.4423345e+01      +1.0764154e-09      +2.3624587e-04      +2.9290769e-05      
4         -5.4318958e+01      +1.0438692e-01      +2.2910281e+04      +2.8405142e+03      
5         -5.4318958e+01      +1.1012489e-09      +2.4169619e-04      +2.9966522e-05      
6         -5.4318958e+01      +1.1371313e-09      +2.4957147e-04      +3.0942933e-05      
7         -5.4318958e+01      +5.9976912e-10      +1.3163411e-04      +1.6320557e-05      
8         -5.4318958e+01      +1.1947492e-09      +2.6221714e-04      +3.2510797e-05      
9         -5.4318958e+01      +1.3782895e-09      +3.0249957e-04      +3.7505185e-05      
10        -5.4318908e+01      +5.0508872e-05      +1.1085416e+01      +1.3744171e+00      
11        -5.4318908e+01      +3.9502766e-09      +8.6698548e-04      +1.0749255e-04      
12        -5.4318908e+01      +3.0347778e-09      +6.6605673e-04      +8.2580549e-05      
13        -5.4318908e+01      +2.9868943e-09      +6.5554752e-04      +8.1277572e-05      
Total time taken:                  10.1899440 s
===============================================

===============================================
            Relativistic DSRG-MRPT3            
===============================================
... compute_energy_pt3_1:      15.2931609 s
... compute_energy_pt2:       0.0853465 s
... compute_energy_pt3_2:      12.1832795 s
... compute_energy_pt3_3:       2.6712365 s
-----------------------------------------------
        DSRG-MRPT3 reference relaxation        
-----------------------------------------------
Iter                          Energy              Delta E   
   -Eref  -54.3487687       
   -Ecorr -0.1680018       
<Psi^(0)|Hbar^(0)|Psi^(0)>    -54.5167705         -5.45168e+01
   -Erelax-0.0000000       
<Psi^(0)|Hbar^(1)|Psi^(0)>    -54.5167705         -1.23611e-08
   -Eref  -54.3487687       
   -Ecorr -0.1680018       
<Psi^(1)|Hbar^(1)|Psi^(1)>    -54.5167705         -1.74952e-08
   -Erelax-0.0000000       
<Psi^(1)|Hbar^(2)|Psi^(1)>    -54.5167705         -5.74829e-12
   -Eref  -54.3487687       
   -Ecorr -0.1680018       
<Psi^(2)|Hbar^(2)|Psi^(2)>    -54.5167705         -5.45896e-10
   -Erelax-0.0000000       
<Psi^(2)|Hbar^(3)|Psi^(2)>    -54.5167705         -2.84217e-14
Unrelaxed DSRG-MRPT3 energy:               -54.5167705 Eh
Unrelaxed DSRG-MRPT3 E_corr:                -0.1680018 Eh
Partially relaxed DSRG-MRPT3 energy:       -54.5167705 Eh
Partially relaxed DSRG-MRPT3 E_corr:        -0.1680018 Eh
Relaxed DSRG-MRPT3 energy:                 -54.5167705 Eh
Relaxed DSRG-MRPT3 E_corr:                  -0.1680018 Eh
Fully relaxed DSRG-MRPT3 energy:           -54.5167705 Eh
Fully relaxed DSRG-MRPT3 E_corr:            -0.1680018 Eh
State     Energy / Eh         Splitting / Eh      Splitting / cm-1    Splitting / meV     
0         -5.4581880e+01      +0.0000000e+00      +0.0000000e+00      +0.0000000e+00      
1         -5.4581880e+01      +2.1111646e-10      +4.6334706e-05      +5.7447742e-06      
2         -5.4581880e+01      +2.1111646e-10      +4.6334706e-05      +5.7447742e-06      
3         -5.4581880e+01      +2.1117330e-10      +4.6347182e-05      +5.7463210e-06      
4         -5.4490732e+01      +9.1148152e-02      +2.0004707e+04      +2.4802687e+03      
5         -5.4490732e+01      +1.0170709e-10      +2.2322125e-05      +2.7675921e-06      
6         -5.4490732e+01      +9.4793506e-11      +2.0804770e-05      +2.5794639e-06      
7         -5.4490732e+01      +6.4915184e-11      +1.4247236e-05      +1.7664330e-06      
8         -5.4490732e+01      +3.9804604e-11      +8.7361007e-06      +1.0831390e-06      
9         -5.4490732e+01      +7.1580075e-11      +1.5710011e-05      +1.9477940e-06      
10        -5.4490719e+01      +1.3015270e-05      +2.8565215e+00      +3.5416369e-01      
11        -5.4490719e+01      +5.5315752e-11      +1.2140404e-05      +1.5052190e-06      
12        -5.4490719e+01      +4.2248871e-11      +9.2725553e-06      +1.1496509e-06      
13        -5.4490719e+01      +1.4625101e-10      +3.2098387e-05      +3.9796946e-06      
Time taken:                      137.6921103 s
===============================================
===============================================
              PySCF DHF interface              
===============================================
Will now allocate 796.594 MB memory for the AO ERI tensor!

Timing report
....integral transformation:      50.9707475 s

===============================================
            Relativistic CASCI(6,8)            
===============================================
Will now allocate 0.013 MB memory for the CASCI Hamiltonian!
Time taken for 1-RDM build:        0.0083783 s
Time taken for 1-RDM build:        0.0083504 s
Time taken for 1-RDM build:        0.0083613 s
Time taken for 1-RDM build:        0.0083599 s
Time taken for 1-RDM build:        0.0083406 s
Time taken for 1-RDM build:        0.0083401 s
Time taken for 1-RDM build:        0.0083525 s
Time taken for 1-RDM build:        0.0083683 s
Time taken for 1-RDM build:        0.0083570 s
Time taken for 2-RDM build:        0.0278451 s
Time taken for 2-RDM build:        0.0277717 s
Time taken for 2-RDM build:        0.0279055 s
Time taken for 2-RDM build:        0.0280886 s
Time taken for 2-RDM build:        0.0278866 s
Time taken for 2-RDM build:        0.0277898 s
Time taken for 2-RDM build:        0.0277829 s
Time taken for 2-RDM build:        0.0278065 s
Time taken for 2-RDM build:        0.0277348 s
Time taken for 3-RDM build:        0.1476009 s
Time taken for 3-RDM build:        0.1464138 s
Time taken for 3-RDM build:        0.1466596 s
Time taken for 3-RDM build:        0.1465034 s
Time taken for 3-RDM build:        0.1465063 s
Time taken for 3-RDM build:        0.1464756 s
Time taken for 3-RDM build:        0.1466110 s
Time taken for 3-RDM build:        0.1465089 s
Time taken for 3-RDM build:        0.1463966 s
E_frzc:                          -59.1480236 Eh
E_cas:                           -15.7034833 Eh
E_nuc:                             0.0000000 Eh
E_casci:                         -74.8511626 Eh
E0 (from RDM):                   -74.8511626 Eh
Ecorr:                            -0.3302227 Eh

Timing summary
... Hamil build:                    0.0365076 s
... Hamil diag:                     0.0003664 s
... RDM build:                      5.1288748 s
State     Energy / Eh         Splitting / Eh      Splitting / cm-1    Splitting / meV     
0         -7.4851507e+01      +0.0000000e+00      +0.0000000e+00      +0.0000000e+00      
1         -7.4851507e+01      +6.1121028e-09      +1.3414515e-03      +1.6631887e-04      
2         -7.4851507e+01      +6.8041430e-09      +1.4933368e-03      +1.8515025e-04      
3         -7.4851507e+01      +7.2887616e-09      +1.5996983e-03      +1.9833740e-04      
4         -7.4851507e+01      +9.8173984e-09      +2.1546699e-03      +2.6714515e-04      
5         -7.4850809e+01      +6.9818897e-04      +1.5323477e+02      +1.8998699e+01      
6         -7.4850809e+01      +7.3982278e-09      +1.6237233e-03      +2.0131613e-04      
7         -7.4850809e+01      +7.5923197e-09      +1.6663215e-03      +2.0659764e-04      
8         -7.4850503e+01      +3.0523771e-04      +6.6991933e+01      +8.3059451e+00      
Total time taken:                   5.3423941 s
===============================================

===============================================
            Relativistic DSRG-MRPT3            
===============================================
... compute_energy_pt3_1:      14.8361564 s
... compute_energy_pt2:       0.0833206 s
... compute_energy_pt3_2:      11.9586041 s
... compute_energy_pt3_3:       2.8540797 s
-----------------------------------------------
        DSRG-MRPT3 reference relaxation        
-----------------------------------------------
Iter                          Energy              Delta E   
   -Eref  -74.8511626       
   -Ecorr -0.2118580       
<Psi^(0)|Hbar^(0)|Psi^(0)>    -75.0630207         -7.50630e+01
   -Erelax-0.0000001       
<Psi^(0)|Hbar^(1)|Psi^(0)>    -75.0630207         -6.74730e-08
   -Eref  -74.8511626       
   -Ecorr -0.2118580       
<Psi^(1)|Hbar^(1)|Psi^(1)>    -75.0630205         2.00522e-07
   -Erelax-0.0000000       
<Psi^(1)|Hbar^(2)|Psi^(1)>    -75.0630205         -1.91088e-09
   -Eref  -74.8511626       
   -Ecorr -0.2118580       
<Psi^(2)|Hbar^(2)|Psi^(2)>    -75.0630206         -2.93000e-08
   -Erelax-0.0000000       
<Psi^(2)|Hbar^(3)|Psi^(2)>    -75.0630206         -5.80798e-11
   -Eref  -74.8511626       
   -Ecorr -0.2118580       
<Psi^(3)|Hbar^(3)|Psi^(3)>    -75.0630206         5.26013e-09
   -Erelax-0.0000000       
<Psi^(3)|Hbar^(4)|Psi^(3)>    -75.0630206         -1.76215e-12
Unrelaxed DSRG-MRPT3 energy:               -75.0630207 Eh
Unrelaxed DSRG-MRPT3 E_corr:                -0.2118580 Eh
Partially relaxed DSRG-MRPT3 energy:       -75.0630207 Eh
Partially relaxed DSRG-MRPT3 E_corr:        -0.2118581 Eh
Relaxed DSRG-MRPT3 energy:                 -75.0630205 Eh
Relaxed DSRG-MRPT3 E_corr:                  -0.2118580 Eh
Fully relaxed DSRG-MRPT3 energy:           -75.0630206 Eh
Fully relaxed DSRG-MRPT3 E_corr:            -0.2118580 Eh
State     Energy / Eh         Splitting / Eh      Splitting / cm-1    Splitting / meV     
0         -7.5063317e+01      +0.0000000e+00      +0.0000000e+00      +0.0000000e+00      
1         -7.5063317e+01      +3.2273846e-09      +7.0832904e-04      +8.7821650e-05      
2         -7.5063317e+01      +3.1018033e-09      +6.8076712e-04      +8.4404406e-05      
3         -7.5063317e+01      +2.9966145e-09      +6.5768086e-04      +8.1542073e-05      
4         -7.5063317e+01      +2.8635299e-09      +6.2847216e-04      +7.7920654e-05      
5         -7.5062712e+01      +6.0548529e-04      +1.3288866e+02      +1.6476102e+01      
6         -7.5062712e+01      +3.1953249e-09      +7.0129275e-04      +8.6949261e-05      
7         -7.5062712e+01      +2.9260150e-09      +6.4218606e-04      +7.9620961e-05      
8         -7.5062463e+01      +2.4870953e-04      +5.4585432e+01      +6.7677343e+00      
Time taken:                      174.5914505 s
===============================================
===============================================
              PySCF DHF interface              
===============================================
Will now allocate 796.594 MB memory for the AO ERI tensor!

Timing report
....integral transformation:      51.3374236 s

===============================================
            Relativistic CASCI(7,8)            
===============================================
Will now allocate 0.001 MB memory for the CASCI Hamiltonian!
Time taken for 1-RDM build:        0.0013685 s
Time taken for 1-RDM build:        0.0013618 s
Time taken for 1-RDM build:        0.0013669 s
Time taken for 1-RDM build:        0.0013647 s
Time taken for 1-RDM build:        0.0013678 s
Time taken for 1-RDM build:        0.0013626 s
Time taken for 2-RDM build:        0.0029745 s
Time taken for 2-RDM build:        0.0029349 s
Time taken for 2-RDM build:        0.0029287 s
Time taken for 2-RDM build:        0.0029314 s
Time taken for 2-RDM build:        0.0029294 s
Time taken for 2-RDM build:        0.0029323 s
Time taken for 3-RDM build:        0.0272977 s
Time taken for 3-RDM build:        0.0257986 s
Time taken for 3-RDM build:        0.0258217 s
Time taken for 3-RDM build:        0.0258923 s
Time taken for 3-RDM build:        0.0258644 s
Time taken for 3-RDM build:        0.0257680 s
E_frzc:                          -75.5478008 Eh
E_cas:                           -23.9325131 Eh
E_nuc:                             0.0000000 Eh
E_casci:                         -99.4797328 Eh
E0 (from RDM):                   -99.4797328 Eh
Ecorr:                            -0.1043819 Eh

Timing summary
... Hamil build:                    0.0065618 s
... Hamil diag:                     0.0001624 s
... RDM build:                      3.7025867 s
State     Energy / Eh         Splitting / Eh      Splitting / cm-1    Splitting / meV     
0         -9.9480314e+01      +0.0000000e+00      +0.0000000e+00      +0.0000000e+00      
1         -9.9480314e+01      +2.4031053e-08      +5.2742064e-03      +6.5391856e-04      
2         -9.9480314e+01      +6.9549344e-09      +1.5264317e-03      +1.8925350e-04      
3         -9.9480314e+01      +2.1663141e-08      +4.7545098e-03      +5.8948436e-04      
4         -9.9478571e+01      +1.7431739e-03      +3.8258245e+02      +4.7434202e+01      
5         -9.9478571e+01      +1.6993951e-08      +3.7297411e-03      +4.6242918e-04      
Total time taken:                   3.8854010 s
===============================================

===============================================
            Relativistic DSRG-MRPT3            
===============================================
... compute_energy_pt3_1:      15.1004667 s
... compute_energy_pt2:       0.0880897 s
... compute_energy_pt3_2:      11.8796897 s
... compute_energy_pt3_3:       2.9225776 s
-----------------------------------------------
        DSRG-MRPT3 reference relaxation        
-----------------------------------------------
Iter                          Energy              Delta E   
   -Eref  -99.4797328       
   -Ecorr -0.2664702       
<Psi^(0)|Hbar^(0)|Psi^(0)>    -99.7462030         -9.97462e+01
   -Erelax0.0000000       
<Psi^(0)|Hbar^(1)|Psi^(0)>    -99.7462030         0.00000e+00
   -Eref  -99.4797328       
   -Ecorr -0.2664702       
<Psi^(1)|Hbar^(1)|Psi^(1)>    -99.7462030         7.10543e-14
   -Erelax-0.0000000       
<Psi^(1)|Hbar^(2)|Psi^(1)>    -99.7462030         -1.42109e-14
Unrelaxed DSRG-MRPT3 energy:               -99.7462030 Eh
Unrelaxed DSRG-MRPT3 E_corr:                -0.2664702 Eh
Partially relaxed DSRG-MRPT3 energy:       -99.7462030 Eh
Partially relaxed DSRG-MRPT3 E_corr:        -0.2664702 Eh
Relaxed DSRG-MRPT3 energy:                 -99.7462030 Eh
Relaxed DSRG-MRPT3 E_corr:                  -0.2664702 Eh
Fully relaxed DSRG-MRPT3 energy:           -99.7462030 Eh
Fully relaxed DSRG-MRPT3 E_corr:            -0.2664702 Eh
State     Energy / Eh         Splitting / Eh      Splitting / cm-1    Splitting / meV     
0         -9.9746809e+01      +0.0000000e+00      +0.0000000e+00      +0.0000000e+00      
1         -9.9746809e+01      +1.3448783e-08      +2.9516668e-03      +3.6596021e-04      
2         -9.9746809e+01      +3.4442564e-09      +7.5592691e-04      +9.3723036e-05      
3         -9.9746809e+01      +1.5567110e-08      +3.4165858e-03      +4.2360285e-04      
4         -9.9744990e+01      +1.8193276e-03      +3.9929624e+02      +4.9506448e+01      
5         -9.9744990e+01      +7.6888398e-09      +1.6875053e-03      +2.0922409e-04      
Time taken:                       81.1133254 s
===============================================
===============================================
              PySCF DHF interface              
===============================================
Will now allocate 3.102 GB memory for the AO ERI tensor!

Timing report
....integral transformation:     193.7079544 s

===============================================
            Relativistic CASCI(3,8)            
===============================================
Will now allocate 0.050 MB memory for the CASCI Hamiltonian!
Time taken for 1-RDM build:        0.0203021 s
Time taken for 1-RDM build:        0.0202680 s
Time taken for 1-RDM build:        0.0202932 s
Time taken for 1-RDM build:        0.0202847 s
Time taken for 1-RDM build:        0.0203302 s
Time taken for 1-RDM build:        0.0203211 s
Time taken for 2-RDM build:        0.0788877 s
Time taken for 2-RDM build:        0.0789311 s
Time taken for 2-RDM build:        0.0788171 s
Time taken for 2-RDM build:        0.0789151 s
Time taken for 2-RDM build:        0.0789354 s
Time taken for 2-RDM build:        0.0791528 s
Time taken for 3-RDM build:        0.1782527 s
Time taken for 3-RDM build:        0.1766589 s
Time taken for 3-RDM build:        0.1765735 s
Time taken for 3-RDM build:        0.1767783 s
Time taken for 3-RDM build:        0.1767437 s
Time taken for 3-RDM build:        0.1767290 s
E_frzc:                         -240.4061812 Eh
E_cas:                            -1.8986420 Eh
E_nuc:                             0.0000000 Eh
E_casci:                        -242.3045291 Eh
E0 (from RDM):                  -242.3045291 Eh
Ecorr:                            -0.1899047 Eh

Timing summary
... Hamil build:                    0.0683775 s
... Hamil diag:                     0.0009978 s
... RDM build:                     13.8523266 s
State     Energy / Eh         Splitting / Eh      Splitting / cm-1    Splitting / meV     
0         -2.4230482e+02      +0.0000000e+00      +0.0000000e+00      +0.0000000e+00      
1         -2.4230482e+02      +1.0992665e-09      +2.4126110e-04      +2.9912578e-05      
2         -2.4230438e+02      +4.4107881e-04      +9.6805609e+01      +1.2002372e+01      
3         -2.4230438e+02      +1.0805650e-09      +2.3715660e-04      +2.9403685e-05      
4         -2.4230438e+02      +8.9775654e-10      +1.9703478e-04      +2.4429211e-05      
5         -2.4230438e+02      +3.6629899e-10      +8.0393336e-05      +9.9675080e-06      
Total time taken:                  14.5787590 s
===============================================

===============================================
            Relativistic DSRG-MRPT3            
===============================================
... compute_energy_pt3_1:      62.2270112 s
... compute_energy_pt2:       0.2600460 s
... compute_energy_pt3_2:      49.3589914 s
... compute_energy_pt3_3:      10.5910985 s
-----------------------------------------------
        DSRG-MRPT3 reference relaxation        
-----------------------------------------------
Iter                          Energy              Delta E   
   -Eref  -242.3045291       
   -Ecorr -0.2033014       
<Psi^(0)|Hbar^(0)|Psi^(0)>    -242.5078305        -2.42508e+02
   -Erelax-0.0005127       
<Psi^(0)|Hbar^(1)|Psi^(0)>    -242.5083432        -5.12687e-04
   -Eref  -242.3040265       
   -Ecorr -0.2042459       
<Psi^(1)|Hbar^(1)|Psi^(1)>    -242.5082724        7.08395e-05
   -Erelax-0.0000000       
<Psi^(1)|Hbar^(2)|Psi^(1)>    -242.5082724        -2.58908e-09
   -Eref  -242.3040242       
   -Ecorr -0.2042480       
<Psi^(2)|Hbar^(2)|Psi^(2)>    -242.5082723        1.36612e-07
   -Erelax-0.0000000       
<Psi^(2)|Hbar^(3)|Psi^(2)>    -242.5082723        0.00000e+00
   -Eref  -242.3040242       
   -Ecorr -0.2042480       
<Psi^(3)|Hbar^(3)|Psi^(3)>    -242.5082723        2.48576e-10
   -Erelax0.0000000       
<Psi^(3)|Hbar^(4)|Psi^(3)>    -242.5082723        0.00000e+00
Unrelaxed DSRG-MRPT3 energy:              -242.5078305 Eh
Unrelaxed DSRG-MRPT3 E_corr:                -0.2033014 Eh
Partially relaxed DSRG-MRPT3 energy:      -242.5083432 Eh
Partially relaxed DSRG-MRPT3 E_corr:        -0.2038141 Eh
Relaxed DSRG-MRPT3 energy:                -242.5082724 Eh
Relaxed DSRG-MRPT3 E_corr:                  -0.2042459 Eh
Fully relaxed DSRG-MRPT3 energy:          -242.5082723 Eh
Fully relaxed DSRG-MRPT3 E_corr:            -0.2042480 Eh
State     Energy / Eh         Splitting / Eh      Splitting / cm-1    Splitting / meV     
0         -2.4250861e+02      +0.0000000e+00      +0.0000000e+00      +0.0000000e+00      
1         -2.4250861e+02      +4.7427307e-10      +1.0409091e-04      +1.2905634e-05      
2         -2.4250810e+02      +5.0615806e-04      +1.1108885e+02      +1.3773269e+01      
3         -2.4250810e+02      +4.4332182e-10      +9.7297893e-05      +1.2063407e-05      
4         -2.4250810e+02      +3.5763037e-10      +7.8490793e-05      +9.7316227e-06      
5         -2.4250810e+02      +2.0847324e-10      +4.5754587e-05      +5.6728485e-06      
Time taken:                      733.0270772 s
===============================================
===============================================
              PySCF DHF interface              
===============================================
Will now allocate 3.102 GB memory for the AO ERI tensor!

Timing report
....integral transformation:     201.8498201 s

===============================================
            Relativistic CASCI(4,8)            
===============================================
Will now allocate 0.078 MB memory for the CASCI Hamiltonian!
Time taken for 1-RDM build:        0.0316083 s
Time taken for 1-RDM build:        0.0315127 s
Time taken for 1-RDM build:        0.0316062 s
Time taken for 1-RDM build:        0.0287929 s
Time taken for 1-RDM build:        0.0277703 s
Time taken for 1-RDM build:        0.0277338 s
Time taken for 1-RDM build:        0.0277793 s
Time taken for 1-RDM build:        0.0277972 s
Time taken for 1-RDM build:        0.0278013 s
Time taken for 2-RDM build:        0.1180685 s
Time taken for 2-RDM build:        0.1179647 s
Time taken for 2-RDM build:        0.1178751 s
Time taken for 2-RDM build:        0.1179788 s
Time taken for 2-RDM build:        0.1185334 s
Time taken for 2-RDM build:        0.1187162 s
Time taken for 2-RDM build:        0.1180203 s
Time taken for 2-RDM build:        0.1183612 s
Time taken for 2-RDM build:        0.1181023 s
Time taken for 3-RDM build:        0.3810644 s
Time taken for 3-RDM build:        0.3802583 s
Time taken for 3-RDM build:        0.3890462 s
Time taken for 3-RDM build:        0.3909905 s
Time taken for 3-RDM build:        0.3891084 s
Time taken for 3-RDM build:        0.3790109 s
Time taken for 3-RDM build:        0.3792560 s
Time taken for 3-RDM build:        0.3799660 s
Time taken for 3-RDM build:        0.3802333 s
E_frzc:                         -285.7423197 Eh
E_cas:                            -3.6921024 Eh
E_nuc:                             0.0000000 Eh
E_casci:                        -289.4337768 Eh
E0 (from RDM):                  -289.4337768 Eh
Ecorr:                            -0.2329780 Eh

Timing summary
... Hamil build:                    0.1095536 s
... Hamil diag:                     0.0019782 s
... RDM build:                     16.9204397 s
State     Energy / Eh         Splitting / Eh      Splitting / cm-1    Splitting / meV     
0         -2.8943442e+02      +0.0000000e+00      +0.0000000e+00      +0.0000000e+00      
1         -2.8943409e+02      +3.3211201e-04      +7.2890160e+01      +9.0372324e+00      
2         -2.8943409e+02      +8.1735152e-10      +1.7938792e-04      +2.2241278e-05      
3         -2.8943409e+02      +8.9210062e-10      +1.9579345e-04      +2.4275306e-05      
4         -2.8943346e+02      +6.3005266e-04      +1.3828057e+02      +1.7144614e+01      
5         -2.8943346e+02      +2.5920599e-10      +5.6889139e-05      +7.0533576e-06      
6         -2.8943346e+02      +7.8654239e-10      +1.7262610e-04      +2.1402919e-05      
7         -2.8943346e+02      +6.1896799e-10      +1.3584777e-04      +1.6842985e-05      
8         -2.8943346e+02      +4.2439297e-10      +9.3143489e-05      +1.1548326e-05      
Total time taken:                  17.6928093 s
===============================================

===============================================
            Relativistic DSRG-MRPT3            
===============================================
... compute_energy_pt3_1:      63.6374266 s
... compute_energy_pt2:       0.2569897 s
... compute_energy_pt3_2:      50.0512247 s
... compute_energy_pt3_3:      10.7342274 s
-----------------------------------------------
        DSRG-MRPT3 reference relaxation        
-----------------------------------------------
Iter                          Energy              Delta E   
   -Eref  -289.4337768       
   -Ecorr -0.2343585       
<Psi^(0)|Hbar^(0)|Psi^(0)>    -289.6681353        -2.89668e+02
   -Erelax-0.0001396       
<Psi^(0)|Hbar^(1)|Psi^(0)>    -289.6682749        -1.39589e-04
   -Eref  -289.4336378       
   -Ecorr -0.2347034       
<Psi^(1)|Hbar^(1)|Psi^(1)>    -289.6683413        -6.64243e-05
   -Erelax-0.0000000       
<Psi^(1)|Hbar^(2)|Psi^(1)>    -289.6683413        -6.80228e-09
   -Eref  -289.4336381       
   -Ecorr -0.2347031       
<Psi^(2)|Hbar^(2)|Psi^(2)>    -289.6683412        1.12734e-07
   -Erelax-0.0000000       
<Psi^(2)|Hbar^(3)|Psi^(2)>    -289.6683412        -7.41238e-11
   -Eref  -289.4336380       
   -Ecorr -0.2347031       
<Psi^(3)|Hbar^(3)|Psi^(3)>    -289.6683412        2.03039e-09
   -Erelax-0.0000000       
<Psi^(3)|Hbar^(4)|Psi^(3)>    -289.6683412        -8.52651e-13
Unrelaxed DSRG-MRPT3 energy:              -289.6681353 Eh
Unrelaxed DSRG-MRPT3 E_corr:                -0.2343585 Eh
Partially relaxed DSRG-MRPT3 energy:      -289.6682749 Eh
Partially relaxed DSRG-MRPT3 E_corr:        -0.2344981 Eh
Relaxed DSRG-MRPT3 energy:                -289.6683413 Eh
Relaxed DSRG-MRPT3 E_corr:                  -0.2347034 Eh
Fully relaxed DSRG-MRPT3 energy:          -289.6683412 Eh
Fully relaxed DSRG-MRPT3 E_corr:            -0.2347031 Eh
State     Energy / Eh         Splitting / Eh      Splitting / cm-1    Splitting / meV     
0         -2.8966910e+02      +0.0000000e+00      +0.0000000e+00      +0.0000000e+00      
1         -2.8966871e+02      +3.8991850e-04      +8.5577218e+01      +1.0610228e+01      
2         -2.8966871e+02      +2.1128699e-10      +4.6372133e-05      +5.7494145e-06      
3         -2.8966871e+02      +2.0969537e-10      +4.6022814e-05      +5.7061044e-06      
4         -2.8966797e+02      +7.3707300e-04      +1.6176882e+02      +2.0056788e+01      
5         -2.8966797e+02      +9.2427399e-11      +2.0285469e-05      +2.5150788e-06      
6         -2.8966797e+02      +1.7854518e-10      +3.9186137e-05      +4.8584641e-06      
7         -2.8966797e+02      +1.8582114e-10      +4.0783025e-05      +5.0564531e-06      
8         -2.8966797e+02      +8.3446139e-11      +1.8314310e-05      +2.2706862e-06      
Time taken:                      736.8674707 s
===============================================
===============================================
              PySCF DHF interface              
===============================================
Will now allocate 3.102 GB memory for the AO ERI tensor!

Timing report
....integral transformation:     196.1368341 s

===============================================
            Relativistic CASCI(5,8)            
===============================================
Will now allocate 0.050 MB memory for the CASCI Hamiltonian!
Time taken for 1-RDM build:        0.0219030 s
Time taken for 1-RDM build:        0.0216982 s
Time taken for 1-RDM build:        0.0218120 s
Time taken for 1-RDM build:        0.0217335 s
Time taken for 1-RDM build:        0.0213020 s
Time taken for 1-RDM build:        0.0208180 s
Time taken for 1-RDM build:        0.0206418 s
Time taken for 1-RDM build:        0.0210664 s
Time taken for 1-RDM build:        0.0208960 s
Time taken for 1-RDM build:        0.0207632 s
Time taken for 1-RDM build:        0.0209162 s
Time taken for 1-RDM build:        0.0207741 s
Time taken for 1-RDM build:        0.0209303 s
Time taken for 1-RDM build:        0.0209758 s
Time taken for 2-RDM build:        0.0856473 s
Time taken for 2-RDM build:        0.0855243 s
Time taken for 2-RDM build:        0.0857112 s
Time taken for 2-RDM build:        0.0853899 s
Time taken for 2-RDM build:        0.0887976 s
Time taken for 2-RDM build:        0.0854983 s
Time taken for 2-RDM build:        0.0856929 s
Time taken for 2-RDM build:        0.0854630 s
Time taken for 2-RDM build:        0.0855546 s
Time taken for 2-RDM build:        0.0854511 s
Time taken for 2-RDM build:        0.0854909 s
Time taken for 2-RDM build:        0.0855026 s
Time taken for 2-RDM build:        0.0854995 s
Time taken for 2-RDM build:        0.0857222 s
Time taken for 3-RDM build:        0.3526011 s
Time taken for 3-RDM build:        0.3512461 s
Time taken for 3-RDM build:        0.3508334 s
Time taken for 3-RDM build:        0.3515360 s
Time taken for 3-RDM build:        0.3517673 s
Time taken for 3-RDM build:        0.3505421 s
Time taken for 3-RDM build:        0.3515584 s
Time taken for 3-RDM build:        0.3507907 s
Time taken for 3-RDM build:        0.3501785 s
Time taken for 3-RDM build:        0.3507211 s
Time taken for 3-RDM build:        0.3508880 s
Time taken for 3-RDM build:        0.3517303 s
Time taken for 3-RDM build:        0.3505039 s
Time taken for 3-RDM build:        0.3506711 s
E_frzc:                         -335.1272672 Eh
E_cas:                            -6.3636403 Eh
E_nuc:                             0.0000000 Eh
E_casci:                        -341.4410664 Eh
E0 (from RDM):                  -341.4410664 Eh
Ecorr:                            -0.2138107 Eh

Timing summary
... Hamil build:                    0.0904179 s
... Hamil diag:                     0.0010531 s
... RDM build:                     18.6422200 s
State     Energy / Eh         Splitting / Eh      Splitting / cm-1    Splitting / meV     
0         -3.4149091e+02      +0.0000000e+00      +0.0000000e+00      +0.0000000e+00      
1         -3.4149091e+02      +3.2849812e-10      +7.2097003e-05      +8.9388933e-06      
2         -3.4149091e+02      +3.2838443e-10      +7.2072051e-05      +8.9357998e-06      
3         -3.4149091e+02      +3.2798653e-10      +7.1984722e-05      +8.9249722e-06      
4         -3.4142117e+02      +6.9735531e-02      +1.5305180e+04      +1.8976014e+03      
5         -3.4142117e+02      +1.5667183e-09      +3.4385492e-04      +4.2632597e-05      
6         -3.4142117e+02      +1.3034196e-09      +2.8606753e-04      +3.5467871e-05      
7         -3.4142117e+02      +1.7383286e-09      +3.8151902e-04      +4.7302353e-05      
8         -3.4142110e+02      +6.9890622e-05      +1.5339218e+01      +1.9018216e+00      
9         -3.4142110e+02      +9.2740038e-10      +2.0354085e-04      +2.5235862e-05      
10        -3.4142110e+02      +9.6150643e-10      +2.1102627e-04      +2.6163935e-05      
11        -3.4142110e+02      +7.5050366e-10      +1.6471651e-04      +2.0422255e-05      
12        -3.4142110e+02      +9.6383701e-10      +2.1153777e-04      +2.6227353e-05      
13        -3.4142110e+02      +1.9558115e-09      +4.2925101e-04      +5.3220367e-05      
Total time taken:                  19.3940856 s
===============================================

===============================================
            Relativistic DSRG-MRPT3            
===============================================
... compute_energy_pt3_1:      61.5933096 s
... compute_energy_pt2:       0.2530091 s
... compute_energy_pt3_2:      48.8435943 s
... compute_energy_pt3_3:      11.0014091 s
-----------------------------------------------
        DSRG-MRPT3 reference relaxation        
-----------------------------------------------
Iter                          Energy              Delta E   
   -Eref  -341.4410664       
   -Ecorr -0.2816018       
<Psi^(0)|Hbar^(0)|Psi^(0)>    -341.7226682        -3.41723e+02
   -Erelax-0.0000020       
<Psi^(0)|Hbar^(1)|Psi^(0)>    -341.7226703        -2.03675e-06
   -Eref  -341.4410650       
   -Ecorr -0.2816059       
<Psi^(1)|Hbar^(1)|Psi^(1)>    -341.7226709        -6.02601e-07
   -Erelax-0.0000000       
<Psi^(1)|Hbar^(2)|Psi^(1)>    -341.7226709        -1.44524e-09
   -Eref  -341.4410650       
   -Ecorr -0.2816059       
<Psi^(2)|Hbar^(2)|Psi^(2)>    -341.7226709        -9.44419e-09
   -Erelax-0.0000000       
<Psi^(2)|Hbar^(3)|Psi^(2)>    -341.7226709        -2.38742e-12
   -Eref  -341.4410650       
   -Ecorr -0.2816059       
<Psi^(3)|Hbar^(3)|Psi^(3)>    -341.7226709        -4.02622e-10
   -Erelax0.0000000       
<Psi^(3)|Hbar^(4)|Psi^(3)>    -341.7226709        0.00000e+00
Unrelaxed DSRG-MRPT3 energy:              -341.7226682 Eh
Unrelaxed DSRG-MRPT3 E_corr:                -0.2816018 Eh
Partially relaxed DSRG-MRPT3 energy:      -341.7226703 Eh
Partially relaxed DSRG-MRPT3 E_corr:        -0.2816039 Eh
Relaxed DSRG-MRPT3 energy:                -341.7226709 Eh
Relaxed DSRG-MRPT3 E_corr:                  -0.2816059 Eh
Fully relaxed DSRG-MRPT3 energy:          -341.7226709 Eh
Fully relaxed DSRG-MRPT3 E_corr:            -0.2816059 Eh
State     Energy / Eh         Splitting / Eh      Splitting / cm-1    Splitting / meV     
0         -3.4176136e+02      +0.0000000e+00      +0.0000000e+00      +0.0000000e+00      
1         -3.4176136e+02      +1.4506440e-10      +3.1837957e-05      +3.9474054e-06      
2         -3.4176136e+02      +1.4500756e-10      +3.1825481e-05      +3.9458586e-06      
3         -3.4176136e+02      +1.4506440e-10      +3.1837957e-05      +3.9474054e-06      
4         -3.4170724e+02      +5.4120603e-02      +1.1878099e+04      +1.4726973e+03      
5         -3.4170724e+02      +9.5269570e-11      +2.0909254e-05      +2.5924183e-06      
6         -3.4170724e+02      +6.9746875e-11      +1.5307670e-05      +1.8979100e-06      
7         -3.4170724e+02      +1.2062173e-10      +2.6473411e-05      +3.2822862e-06      
8         -3.4170716e+02      +8.0335461e-05      +1.7631596e+01      +2.1860403e+00      
9         -3.4170716e+02      +7.5772277e-11      +1.6630093e-05      +2.0618697e-06      
10        -3.4170716e+02      +6.0367711e-11      +1.3249181e-05      +1.6426899e-06      
11        -3.4170716e+02      +8.9244168e-12      +1.9586831e-06      +2.4284587e-07      
12        -3.4170716e+02      +8.9471541e-11      +1.9636733e-05      +2.4346458e-06      
13        -3.4170716e+02      +1.0004442e-10      +2.1957211e-05      +2.7223486e-06      
Time taken:                      733.9837041 s
===============================================
===============================================
              PySCF DHF interface              
===============================================
Will now allocate 3.102 GB memory for the AO ERI tensor!

Timing report
....integral transformation:     193.7860646 s

===============================================
            Relativistic CASCI(6,8)            
===============================================
Will now allocate 0.013 MB memory for the CASCI Hamiltonian!
Time taken for 1-RDM build:        0.0083053 s
Time taken for 1-RDM build:        0.0082951 s
Time taken for 1-RDM build:        0.0083010 s
Time taken for 1-RDM build:        0.0083072 s
Time taken for 1-RDM build:        0.0082979 s
Time taken for 1-RDM build:        0.0082843 s
Time taken for 1-RDM build:        0.0083036 s
Time taken for 1-RDM build:        0.0082963 s
Time taken for 1-RDM build:        0.0082781 s
Time taken for 2-RDM build:        0.0274615 s
Time taken for 2-RDM build:        0.0273595 s
Time taken for 2-RDM build:        0.0274320 s
Time taken for 2-RDM build:        0.0273974 s
Time taken for 2-RDM build:        0.0273757 s
Time taken for 2-RDM build:        0.0275812 s
Time taken for 2-RDM build:        0.0276253 s
Time taken for 2-RDM build:        0.0275428 s
Time taken for 2-RDM build:        0.0275683 s
Time taken for 3-RDM build:        0.1472957 s
Time taken for 3-RDM build:        0.1462255 s
Time taken for 3-RDM build:        0.1464891 s
Time taken for 3-RDM build:        0.1462619 s
Time taken for 3-RDM build:        0.1462164 s
Time taken for 3-RDM build:        0.1465764 s
Time taken for 3-RDM build:        0.1463339 s
Time taken for 3-RDM build:        0.1459882 s
Time taken for 3-RDM build:        0.1460619 s
E_frzc:                         -388.5675376 Eh
E_cas:                            -9.9659359 Eh
E_nuc:                             0.0000000 Eh
E_casci:                        -398.5325748 Eh
E0 (from RDM):                  -398.5325748 Eh
Ecorr:                            -0.1603097 Eh

Timing summary
... Hamil build:                    0.0361700 s
... Hamil diag:                     0.0003932 s
... RDM build:                     13.6310918 s
State     Energy / Eh         Splitting / Eh      Splitting / cm-1    Splitting / meV     
0         -3.9853347e+02      +0.0000000e+00      +0.0000000e+00      +0.0000000e+00      
1         -3.9853347e+02      +5.6296585e-09      +1.2355672e-03      +1.5319088e-04      
2         -3.9853347e+02      +5.9783360e-09      +1.3120931e-03      +1.6267889e-04      
3         -3.9853347e+02      +5.6479053e-09      +1.2395719e-03      +1.5368740e-04      
4         -3.9853347e+02      +5.6580234e-09      +1.2417926e-03      +1.5396273e-04      
5         -3.9853166e+02      +1.8163270e-03      +3.9863770e+02      +4.9424800e+01      
6         -3.9853166e+02      +3.5533390e-09      +7.7986775e-04      +9.6691324e-05      
7         -3.9853166e+02      +3.5755647e-09      +7.8474575e-04      +9.7296119e-05      
8         -3.9853083e+02      +8.2294816e-04      +1.8061624e+02      +2.2393571e+01      
Total time taken:                  14.3253171 s
===============================================

===============================================
            Relativistic DSRG-MRPT3            
===============================================
... compute_energy_pt3_1:      61.5630040 s
... compute_energy_pt2:       0.2549193 s
... compute_energy_pt3_2:      48.4948585 s
... compute_energy_pt3_3:      10.4367390 s
-----------------------------------------------
        DSRG-MRPT3 reference relaxation        
-----------------------------------------------
Iter                          Energy              Delta E   
   -Eref  -398.5325748       
   -Ecorr -0.3179866       
<Psi^(0)|Hbar^(0)|Psi^(0)>    -398.8505614        -3.98851e+02
   -Erelax-0.0000003       
<Psi^(0)|Hbar^(1)|Psi^(0)>    -398.8505617        -2.83464e-07
   -Eref  -398.5325746       
   -Ecorr -0.3179872       
<Psi^(1)|Hbar^(1)|Psi^(1)>    -398.8505618        -4.10501e-08
   -Erelax-0.0000000       
<Psi^(1)|Hbar^(2)|Psi^(1)>    -398.8505618        -2.27374e-13
   -Eref  -398.5325746       
   -Ecorr -0.3179872       
<Psi^(2)|Hbar^(2)|Psi^(2)>    -398.8505618        3.49985e-10
   -Erelax-0.0000000       
<Psi^(2)|Hbar^(3)|Psi^(2)>    -398.8505618        0.00000e+00
Unrelaxed DSRG-MRPT3 energy:              -398.8505614 Eh
Unrelaxed DSRG-MRPT3 E_corr:                -0.3179866 Eh
Partially relaxed DSRG-MRPT3 energy:      -398.8505617 Eh
Partially relaxed DSRG-MRPT3 E_corr:        -0.3179869 Eh
Relaxed DSRG-MRPT3 energy:                -398.8505618 Eh
Relaxed DSRG-MRPT3 E_corr:                  -0.3179872 Eh
Fully relaxed DSRG-MRPT3 energy:          -398.8505618 Eh
Fully relaxed DSRG-MRPT3 E_corr:            -0.3179872 Eh
State     Energy / Eh         Splitting / Eh      Splitting / cm-1    Splitting / meV     
0         -3.9885136e+02      +0.0000000e+00      +0.0000000e+00      +0.0000000e+00      
1         -3.9885136e+02      +3.7317704e-10      +8.1902894e-05      +1.0154669e-05      
2         -3.9885136e+02      +4.8441962e-10      +1.0631782e-04      +1.3181735e-05      
3         -3.9885136e+02      +4.0921577e-10      +8.9812480e-05      +1.1135334e-05      
4         -3.9885136e+02      +2.4249402e-10      +5.3221286e-05      +6.5986017e-06      
5         -3.9884975e+02      +1.6095404e-03      +3.5325329e+02      +4.3797847e+01      
6         -3.9884975e+02      +4.1382009e-10      +9.0823011e-05      +1.1260624e-05      
7         -3.9884975e+02      +4.4110493e-10      +9.6811341e-05      +1.2003082e-05      
8         -3.9884901e+02      +7.3429971e-04      +1.6116016e+02      +1.9981322e+01      
Time taken:                      534.4920530 s
===============================================
===============================================
              PySCF DHF interface              
===============================================
Will now allocate 3.102 GB memory for the AO ERI tensor!

Timing report
....integral transformation:     193.1015308 s

===============================================
            Relativistic CASCI(7,8)            
===============================================
Will now allocate 0.001 MB memory for the CASCI Hamiltonian!
Time taken for 1-RDM build:        0.0013676 s
Time taken for 1-RDM build:        0.0013690 s
Time taken for 1-RDM build:        0.0013564 s
Time taken for 1-RDM build:        0.0013564 s
Time taken for 1-RDM build:        0.0013623 s
Time taken for 1-RDM build:        0.0013568 s
Time taken for 2-RDM build:        0.0029993 s
Time taken for 2-RDM build:        0.0029161 s
Time taken for 2-RDM build:        0.0029154 s
Time taken for 2-RDM build:        0.0029151 s
Time taken for 2-RDM build:        0.0029099 s
Time taken for 2-RDM build:        0.0029089 s
Time taken for 3-RDM build:        0.0262141 s
Time taken for 3-RDM build:        0.0257132 s
Time taken for 3-RDM build:        0.0256956 s
Time taken for 3-RDM build:        0.0256982 s
Time taken for 3-RDM build:        0.0257053 s
Time taken for 3-RDM build:        0.0256824 s
E_frzc:                         -446.0682972 Eh
E_cas:                           -14.7582517 Eh
E_nuc:                             0.0000000 Eh
E_casci:                        -460.8252020 Eh
E0 (from RDM):                  -460.8252020 Eh
Ecorr:                             0.0013470 Eh

Timing summary
... Hamil build:                    0.0065720 s
... Hamil diag:                     0.0001507 s
... RDM build:                     12.2218223 s
State     Energy / Eh         Splitting / Eh      Splitting / cm-1    Splitting / meV     
0         -4.6082655e+02      +0.0000000e+00      +0.0000000e+00      +0.0000000e+00      
1         -4.6082655e+02      +1.2022326e-08      +2.6385956e-03      +3.2714432e-04      
2         -4.6082655e+02      +5.7600573e-09      +1.2641864e-03      +1.5673922e-04      
3         -4.6082655e+02      +1.1622035e-08      +2.5507418e-03      +3.1625183e-04      
4         -4.6082251e+02      +4.0408198e-03      +8.8685742e+02      +1.0995636e+02      
5         -4.6082251e+02      +2.0031848e-08      +4.3964825e-03      +5.4509461e-04      
Total time taken:                  12.8850660 s
===============================================

===============================================
            Relativistic DSRG-MRPT3            
===============================================
... compute_energy_pt3_1:      65.1213388 s
... compute_energy_pt2:       0.2536721 s
... compute_energy_pt3_2:      53.2035615 s
... compute_energy_pt3_3:      11.1229913 s
-----------------------------------------------
        DSRG-MRPT3 reference relaxation        
-----------------------------------------------
Iter                          Energy              Delta E   
   -Eref  -460.8252020       
   -Ecorr -0.3609771       
<Psi^(0)|Hbar^(0)|Psi^(0)>    -461.1861791        -4.61186e+02
   -Erelax-0.0000000       
<Psi^(0)|Hbar^(1)|Psi^(0)>    -461.1861791        0.00000e+00
   -Eref  -460.8252020       
   -Ecorr -0.3609771       
<Psi^(1)|Hbar^(1)|Psi^(1)>    -461.1861791        2.27374e-13
   -Erelax-0.0000000       
<Psi^(1)|Hbar^(2)|Psi^(1)>    -461.1861791        0.00000e+00
Unrelaxed DSRG-MRPT3 energy:              -461.1861791 Eh
Unrelaxed DSRG-MRPT3 E_corr:                -0.3609771 Eh
Partially relaxed DSRG-MRPT3 energy:      -461.1861791 Eh
Partially relaxed DSRG-MRPT3 E_corr:        -0.3609771 Eh
Relaxed DSRG-MRPT3 energy:                -461.1861791 Eh
Relaxed DSRG-MRPT3 E_corr:                  -0.3609771 Eh
Fully relaxed DSRG-MRPT3 energy:          -461.1861791 Eh
Fully relaxed DSRG-MRPT3 E_corr:            -0.3609771 Eh
State     Energy / Eh         Splitting / Eh      Splitting / cm-1    Splitting / meV     
0         -4.6118751e+02      +0.0000000e+00      +0.0000000e+00      +0.0000000e+00      
1         -4.6118751e+02      +9.0000185e-10      +1.9752757e-04      +2.4490309e-05      
2         -4.6118751e+02      +8.9926289e-10      +1.9736539e-04      +2.4470201e-05      
3         -4.6118751e+02      +9.8998498e-10      +2.1727659e-04      +2.6938876e-05      
4         -4.6118352e+02      +3.9951362e-03      +8.7683103e+02      +1.0871324e+02      
5         -4.6118352e+02      +1.6287345e-09      +3.5746590e-04      +4.4320144e-05      
Time taken:                      362.6441092 s
===============================================
===============================================
              PySCF DHF interface              
===============================================

Timing report
....integral reading:      24.8623047 s

===============================================
            Relativistic CASCI(3,8)            
===============================================
Will now allocate 0.050 MB memory for the CASCI Hamiltonian!
Time taken for 1-RDM build:        0.0058763 s
Time taken for 1-RDM build:        0.0058408 s
Time taken for 1-RDM build:        0.0058708 s
Time taken for 1-RDM build:        0.0058799 s
Time taken for 1-RDM build:        0.0058825 s
Time taken for 1-RDM build:        0.0058541 s
Time taken for 2-RDM build:        0.0240865 s
Time taken for 2-RDM build:        0.0239832 s
Time taken for 2-RDM build:        0.0239465 s
Time taken for 2-RDM build:        0.0240047 s
Time taken for 2-RDM build:        0.0240760 s
Time taken for 2-RDM build:        0.0240283 s
Time taken for 3-RDM build:        0.0669374 s
Time taken for 3-RDM build:        0.0668068 s
Time taken for 3-RDM build:        0.0659468 s
Time taken for 3-RDM build:        0.0661025 s
Time taken for 3-RDM build:        0.0661845 s
Time taken for 3-RDM build:        0.0661891 s
E_frzc:                        -1939.7138290 Eh
E_cas:                            -2.0100161 Eh
E_nuc:                             0.0000000 Eh
E_casci:                       -1941.7217616 Eh
E0 (from RDM):                 -1941.7217616 Eh
Ecorr:                            -0.1944870 Eh

Timing summary
... Hamil build:                    0.0172441 s
... Hamil diag:                     0.0008645 s
... RDM build:                     46.4609478 s
State     Energy / Eh         Splitting / Eh      Splitting / cm-1    Splitting / meV     
0         -1.9417238e+03      +0.0000000e+00      +0.0000000e+00      +0.0000000e+00      
1         -1.9417238e+03      +1.0702479e-09      +2.3489226e-04      +2.9122942e-05      
2         -1.9417207e+03      +3.1252750e-03      +6.8591858e+02      +8.5043106e+01      
3         -1.9417207e+03      +1.1004886e-09      +2.4152933e-04      +2.9945834e-05      
4         -1.9417207e+03      +9.5178621e-10      +2.0889293e-04      +2.5899434e-05      
5         -1.9417207e+03      +6.4619599e-10      +1.4182362e-04      +1.7583897e-05      
Total time taken:                  50.1269040 s
===============================================

===============================================
            Relativistic DSRG-MRPT3            
===============================================
... compute_energy_pt3_1:     424.0899742 s
... compute_energy_pt2:       1.1488383 s
... compute_energy_pt3_2:     361.9035118 s
... compute_energy_pt3_3:      93.0437257 s
-----------------------------------------------
        DSRG-MRPT3 reference relaxation        
-----------------------------------------------
Iter                          Energy              Delta E   
   -Eref  -1941.7217616       
   -Ecorr -0.8350530       
<Psi^(0)|Hbar^(0)|Psi^(0)>    -1942.5568146       -1.94256e+03
   -Erelax-0.0004693       
<Psi^(0)|Hbar^(1)|Psi^(0)>    -1942.5572839       -4.69329e-04
   -Eref  -1941.7213048       
   -Ecorr -0.8359897       
<Psi^(1)|Hbar^(1)|Psi^(1)>    -1942.5572944       -1.05171e-05
   -Erelax-0.0000000       
<Psi^(1)|Hbar^(2)|Psi^(1)>    -1942.5572944       -2.62617e-10
   -Eref  -1941.7213054       
   -Ecorr -0.8359890       
<Psi^(2)|Hbar^(2)|Psi^(2)>    -1942.5572944       1.17636e-08
   -Erelax-0.0000000       
<Psi^(2)|Hbar^(3)|Psi^(2)>    -1942.5572944       0.00000e+00
   -Eref  -1941.7213054       
   -Ecorr -0.8359890       
<Psi^(3)|Hbar^(3)|Psi^(3)>    -1942.5572944       -1.06866e-11
   -Erelax-0.0000000       
<Psi^(3)|Hbar^(4)|Psi^(3)>    -1942.5572944       0.00000e+00
Unrelaxed DSRG-MRPT3 energy:             -1942.5568146 Eh
Unrelaxed DSRG-MRPT3 E_corr:                -0.8350530 Eh
Partially relaxed DSRG-MRPT3 energy:     -1942.5572839 Eh
Partially relaxed DSRG-MRPT3 E_corr:        -0.8355223 Eh
Relaxed DSRG-MRPT3 energy:               -1942.5572944 Eh
Relaxed DSRG-MRPT3 E_corr:                  -0.8359897 Eh
Fully relaxed DSRG-MRPT3 energy:         -1942.5572944 Eh
Fully relaxed DSRG-MRPT3 E_corr:            -0.8359890 Eh
State     Energy / Eh         Splitting / Eh      Splitting / cm-1    Splitting / meV     
0         -1.9425597e+03      +0.0000000e+00      +0.0000000e+00      +0.0000000e+00      
1         -1.9425597e+03      +3.5174708e-10      +7.7199559e-05      +9.5715300e-06      
2         -1.9425561e+03      +3.6273163e-03      +7.9610391e+02      +9.8704352e+01      
3         -1.9425561e+03      +3.5493031e-10      +7.7898198e-05      +9.6581502e-06      
4         -1.9425561e+03      +3.3810466e-10      +7.4205394e-05      +9.2003007e-06      
5         -1.9425561e+03      +2.3055691e-10      +5.0601392e-05      +6.2737760e-06      
Time taken:                     4506.0563533 s
===============================================
===============================================
              PySCF DHF interface              
===============================================

Timing report
....integral reading:      25.1923225 s

===============================================
            Relativistic CASCI(4,8)            
===============================================
Will now allocate 0.078 MB memory for the CASCI Hamiltonian!
Time taken for 1-RDM build:        0.0098922 s
Time taken for 1-RDM build:        0.0095687 s
Time taken for 1-RDM build:        0.0095799 s
Time taken for 1-RDM build:        0.0096071 s
Time taken for 1-RDM build:        0.0095558 s
Time taken for 1-RDM build:        0.0095284 s
Time taken for 1-RDM build:        0.0096009 s
Time taken for 1-RDM build:        0.0095768 s
Time taken for 1-RDM build:        0.0095870 s
Time taken for 2-RDM build:        0.0348082 s
Time taken for 2-RDM build:        0.0347576 s
Time taken for 2-RDM build:        0.0347414 s
Time taken for 2-RDM build:        0.0347154 s
Time taken for 2-RDM build:        0.0347359 s
Time taken for 2-RDM build:        0.0347936 s
Time taken for 2-RDM build:        0.0347197 s
Time taken for 2-RDM build:        0.0347161 s
Time taken for 2-RDM build:        0.0347848 s
Time taken for 3-RDM build:        0.1519864 s
Time taken for 3-RDM build:        0.1510906 s
Time taken for 3-RDM build:        0.1510208 s
Time taken for 3-RDM build:        0.1509123 s
Time taken for 3-RDM build:        0.1511068 s
Time taken for 3-RDM build:        0.1511006 s
Time taken for 3-RDM build:        0.1513956 s
Time taken for 3-RDM build:        0.1511683 s
Time taken for 3-RDM build:        0.1573634 s
E_frzc:                        -2092.8592106 Eh
E_cas:                            -3.6862998 Eh
E_nuc:                             0.0000000 Eh
E_casci:                       -2096.5413860 Eh
E0 (from RDM):                 -2096.5413860 Eh
Ecorr:                            -0.2153364 Eh

Timing summary
... Hamil build:                    0.0275204 s
... Hamil diag:                     0.0011468 s
... RDM build:                     47.4148901 s
State     Energy / Eh         Splitting / Eh      Splitting / cm-1    Splitting / meV     
0         -2.0965455e+03      +0.0000000e+00      +0.0000000e+00      +0.0000000e+00      
1         -2.0965432e+03      +2.3344184e-03      +5.1234561e+02      +6.3522789e+01      
2         -2.0965432e+03      +6.4164851e-10      +1.4082557e-04      +1.7460154e-05      
3         -2.0965432e+03      +5.3205440e-10      +1.1677244e-04      +1.4477945e-05      
4         -2.0965395e+03      +3.6890520e-03      +8.0965333e+02      +1.0038427e+02      
5         -2.0965395e+03      +9.3723429e-10      +2.0569915e-04      +2.5503456e-05      
6         -2.0965395e+03      +1.0586518e-09      +2.3234722e-04      +2.8807397e-05      
7         -2.0965395e+03      +1.1709744e-09      +2.5699918e-04      +3.1863852e-05      
8         -2.0965395e+03      +1.0372787e-09      +2.2765636e-04      +2.8225805e-05      
Total time taken:                  51.1049633 s
===============================================

===============================================
            Relativistic DSRG-MRPT3            
===============================================
... compute_energy_pt3_1:     379.9192631 s
... compute_energy_pt2:       1.2037709 s
... compute_energy_pt3_2:     312.6173310 s
... compute_energy_pt3_3:      86.9428015 s
-----------------------------------------------
        DSRG-MRPT3 reference relaxation        
-----------------------------------------------
Iter                          Energy              Delta E   
   -Eref  -2096.5413860       
   -Ecorr -0.8542762       
<Psi^(0)|Hbar^(0)|Psi^(0)>    -2097.3956622       -2.09740e+03
   -Erelax-0.0001301       
<Psi^(0)|Hbar^(1)|Psi^(0)>    -2097.3957923       -1.30111e-04
   -Eref  -2096.5412503       
   -Ecorr -0.8545984       
<Psi^(1)|Hbar^(1)|Psi^(1)>    -2097.3958487       -5.64763e-05
   -Erelax-0.0000001       
<Psi^(1)|Hbar^(2)|Psi^(1)>    -2097.3958489       -1.26297e-07
   -Eref  -2096.5412465       
   -Ecorr -0.8546021       
<Psi^(2)|Hbar^(2)|Psi^(2)>    -2097.3958486       2.99844e-07
   -Erelax-0.0000000       
<Psi^(2)|Hbar^(3)|Psi^(2)>    -2097.3958486       -8.66294e-10
   -Eref  -2096.5412461       
   -Ecorr -0.8546024       
<Psi^(3)|Hbar^(3)|Psi^(3)>    -2097.3958486       1.93650e-08
   -Erelax-0.0000000       
<Psi^(3)|Hbar^(4)|Psi^(3)>    -2097.3958486       -5.91172e-12
   -Eref  -2096.5412461       
   -Ecorr -0.8546024       
<Psi^(4)|Hbar^(4)|Psi^(4)>    -2097.3958485       1.61708e-09
   -Erelax-0.0000000       
<Psi^(4)|Hbar^(5)|Psi^(4)>    -2097.3958485       0.00000e+00
Unrelaxed DSRG-MRPT3 energy:             -2097.3956622 Eh
Unrelaxed DSRG-MRPT3 E_corr:                -0.8542762 Eh
Partially relaxed DSRG-MRPT3 energy:     -2097.3957923 Eh
Partially relaxed DSRG-MRPT3 E_corr:        -0.8544063 Eh
Relaxed DSRG-MRPT3 energy:               -2097.3958487 Eh
Relaxed DSRG-MRPT3 E_corr:                  -0.8545984 Eh
Fully relaxed DSRG-MRPT3 energy:         -2097.3958485 Eh
Fully relaxed DSRG-MRPT3 E_corr:            -0.8546024 Eh
State     Energy / Eh         Splitting / Eh      Splitting / cm-1    Splitting / meV     
0         -2.0974005e+03      +0.0000000e+00      +0.0000000e+00      +0.0000000e+00      
1         -2.0973978e+03      +2.6565083e-03      +5.8303617e+02      +7.2287306e+01      
2         -2.0973978e+03      +1.2278178e-10      +2.6947487e-05      +3.3410641e-06      
3         -2.0973978e+03      +1.0913936e-10      +2.3953322e-05      +2.9698348e-06      
4         -2.0973937e+03      +4.0825999e-03      +8.9602709e+02      +1.1109325e+02      
5         -2.0973937e+03      +1.5461410e-10      +3.3933872e-05      +4.2072659e-06      
6         -2.0973937e+03      +1.7735147e-10      +3.8924148e-05      +4.8259815e-06      
7         -2.0973937e+03      +1.7098500e-10      +3.7526870e-05      +4.6527412e-06      
8         -2.0973937e+03      +1.4506440e-10      +3.1837957e-05      +3.9474054e-06      
Time taken:                     5417.6071615 s
===============================================
===============================================
              PySCF DHF interface              
===============================================

Timing report
....integral reading:      24.5132658 s

===============================================
            Relativistic CASCI(5,8)            
===============================================
Will now allocate 0.050 MB memory for the CASCI Hamiltonian!
Time taken for 1-RDM build:        0.0057628 s
Time taken for 1-RDM build:        0.0057418 s
Time taken for 1-RDM build:        0.0057106 s
Time taken for 1-RDM build:        0.0057440 s
Time taken for 1-RDM build:        0.0057600 s
Time taken for 1-RDM build:        0.0057275 s
Time taken for 1-RDM build:        0.0056953 s
Time taken for 1-RDM build:        0.0057025 s
Time taken for 1-RDM build:        0.0057132 s
Time taken for 1-RDM build:        0.0056932 s
Time taken for 1-RDM build:        0.0057046 s
Time taken for 1-RDM build:        0.0057361 s
Time taken for 1-RDM build:        0.0057192 s
Time taken for 1-RDM build:        0.0057282 s
Time taken for 2-RDM build:        0.0261261 s
Time taken for 2-RDM build:        0.0255520 s
Time taken for 2-RDM build:        0.0254960 s
Time taken for 2-RDM build:        0.0255454 s
Time taken for 2-RDM build:        0.0255499 s
Time taken for 2-RDM build:        0.0255456 s
Time taken for 2-RDM build:        0.0254936 s
Time taken for 2-RDM build:        0.0254536 s
Time taken for 2-RDM build:        0.0255148 s
Time taken for 2-RDM build:        0.0254822 s
Time taken for 2-RDM build:        0.0255435 s
Time taken for 2-RDM build:        0.0255167 s
Time taken for 2-RDM build:        0.0255778 s
Time taken for 2-RDM build:        0.0255058 s
Time taken for 3-RDM build:        0.1504571 s
Time taken for 3-RDM build:        0.1490541 s
Time taken for 3-RDM build:        0.1492457 s
Time taken for 3-RDM build:        0.1490197 s
Time taken for 3-RDM build:        0.1490729 s
Time taken for 3-RDM build:        0.1492870 s
Time taken for 3-RDM build:        0.1491404 s
Time taken for 3-RDM build:        0.1494241 s
Time taken for 3-RDM build:        0.1490648 s
Time taken for 3-RDM build:        0.1489820 s
Time taken for 3-RDM build:        0.1494906 s
Time taken for 3-RDM build:        0.1488993 s
Time taken for 3-RDM build:        0.1490781 s
Time taken for 3-RDM build:        0.1490769 s
E_frzc:                        -2252.3726240 Eh
E_cas:                            -6.0718308 Eh
E_nuc:                             0.0000000 Eh
E_casci:                       -2258.3972569 Eh
E0 (from RDM):                 -2258.3972569 Eh
Ecorr:                            -0.0178409 Eh

Timing summary
... Hamil build:                    0.0209973 s
... Hamil diag:                     0.0006118 s
... RDM build:                     46.7022271 s
State     Energy / Eh         Splitting / Eh      Splitting / cm-1    Splitting / meV     
0         -2.2584445e+03      +0.0000000e+00      +0.0000000e+00      +0.0000000e+00      
1         -2.2584445e+03      +5.2432370e-10      +1.1507575e-04      +1.4267581e-05      
2         -2.2584445e+03      +5.2705218e-10      +1.1567458e-04      +1.4341827e-05      
3         -2.2584445e+03      +5.1386451e-10      +1.1278022e-04      +1.3982972e-05      
4         -2.2583793e+03      +6.5107933e-02      +1.4289540e+04      +1.7716780e+03      
5         -2.2583793e+03      +9.2859409e-10      +2.0380284e-04      +2.5268344e-05      
6         -2.2583793e+03      +1.1159500e-09      +2.4492271e-04      +3.0366561e-05      
7         -2.2583793e+03      +5.1250026e-10      +1.1248081e-04      +1.3945849e-05      
8         -2.2583777e+03      +1.6153755e-03      +3.5453394e+02      +4.3956628e+01      
9         -2.2583777e+03      +7.5033313e-10      +1.6467909e-04      +2.0417614e-05      
10        -2.2583777e+03      +4.8839865e-10      +1.0719111e-04      +1.3290011e-05      
11        -2.2583777e+03      +1.4611032e-09      +3.2067509e-04      +3.9758663e-05      
12        -2.2583777e+03      +1.6329977e-09      +3.5840157e-04      +4.4436153e-05      
13        -2.2583777e+03      +6.3982952e-10      +1.4042635e-04      +1.7410656e-05      
Total time taken:                  50.3715546 s
===============================================

===============================================
            Relativistic DSRG-MRPT3            
===============================================
... compute_energy_pt3_1:     387.0313592 s
... compute_energy_pt2:       1.1426742 s
... compute_energy_pt3_2:     365.4821017 s
... compute_energy_pt3_3:      97.4238153 s
-----------------------------------------------
        DSRG-MRPT3 reference relaxation        
-----------------------------------------------
Iter                          Energy              Delta E   
   -Eref  -2258.3972569       
   -Ecorr -0.8866077       
<Psi^(0)|Hbar^(0)|Psi^(0)>    -2259.2838645       -2.25928e+03
   -Erelax-0.0000266       
<Psi^(0)|Hbar^(1)|Psi^(0)>    -2259.2838911       -2.66040e-05
   -Eref  -2258.3972362       
   -Ecorr -0.8866597       
<Psi^(1)|Hbar^(1)|Psi^(1)>    -2259.2838959       -4.76479e-06
   -Erelax-0.0000000       
<Psi^(1)|Hbar^(2)|Psi^(1)>    -2259.2838959       -3.01407e-09
   -Eref  -2258.3972361       
   -Ecorr -0.8866598       
<Psi^(2)|Hbar^(2)|Psi^(2)>    -2259.2838959       -1.43064e-09
   -Erelax-0.0000000       
<Psi^(2)|Hbar^(3)|Psi^(2)>    -2259.2838959       -1.36424e-12
Unrelaxed DSRG-MRPT3 energy:             -2259.2838645 Eh
Unrelaxed DSRG-MRPT3 E_corr:                -0.8866077 Eh
Partially relaxed DSRG-MRPT3 energy:     -2259.2838911 Eh
Partially relaxed DSRG-MRPT3 E_corr:        -0.8866343 Eh
Relaxed DSRG-MRPT3 energy:               -2259.2838959 Eh
Relaxed DSRG-MRPT3 E_corr:                  -0.8866597 Eh
Fully relaxed DSRG-MRPT3 energy:         -2259.2838959 Eh
Fully relaxed DSRG-MRPT3 E_corr:            -0.8866598 Eh
State     Energy / Eh         Splitting / Eh      Splitting / cm-1    Splitting / meV     
0         -2.2593212e+03      +0.0000000e+00      +0.0000000e+00      +0.0000000e+00      
1         -2.2593212e+03      +1.4506440e-10      +3.1837957e-05      +3.9474054e-06      
2         -2.2593212e+03      +1.4733814e-10      +3.2336984e-05      +4.0092770e-06      
3         -2.2593212e+03      +1.4460966e-10      +3.1738151e-05      +3.9350311e-06      
4         -2.2592698e+03      +5.1382665e-02      +1.1277191e+04      +1.3981942e+03      
5         -2.2592698e+03      +5.2750693e-11      +1.1577439e-05      +1.4354201e-06      
6         -2.2592698e+03      +1.0959411e-10      +2.4053127e-05      +2.9822091e-06      
7         -2.2592698e+03      +7.7307050e-11      +1.6966936e-05      +2.1036330e-06      
8         -2.2592684e+03      +1.4080667e-03      +3.0903492e+02      +3.8315465e+01      
9         -2.2592684e+03      +7.9126039e-11      +1.7366158e-05      +2.1531302e-06      
10        -2.2592684e+03      +2.0463631e-11      +4.4912478e-06      +5.5684402e-07      
11        -2.2592684e+03      +9.8680175e-11      +2.1657795e-05      +2.6852256e-06      
12        -2.2592684e+03      +7.6852302e-11      +1.6867131e-05      +2.0912587e-06      
13        -2.2592684e+03      +5.5479177e-11      +1.2176272e-05      +1.5096660e-06      
Time taken:                     3215.4150314 s
===============================================
===============================================
              PySCF DHF interface              
===============================================

Timing report
....integral reading:      24.8887537 s

===============================================
            Relativistic CASCI(6,8)            
===============================================
Will now allocate 0.013 MB memory for the CASCI Hamiltonian!
Time taken for 1-RDM build:        0.0022602 s
Time taken for 1-RDM build:        0.0022287 s
Time taken for 1-RDM build:        0.0022290 s
Time taken for 1-RDM build:        0.0022151 s
Time taken for 1-RDM build:        0.0022085 s
Time taken for 1-RDM build:        0.0022194 s
Time taken for 1-RDM build:        0.0022259 s
Time taken for 1-RDM build:        0.0022149 s
Time taken for 1-RDM build:        0.0022151 s
Time taken for 2-RDM build:        0.0087132 s
Time taken for 2-RDM build:        0.0085680 s
Time taken for 2-RDM build:        0.0085456 s
Time taken for 2-RDM build:        0.0085311 s
Time taken for 2-RDM build:        0.0085342 s
Time taken for 2-RDM build:        0.0085406 s
Time taken for 2-RDM build:        0.0085456 s
Time taken for 2-RDM build:        0.0085382 s
Time taken for 2-RDM build:        0.0085504 s
Time taken for 3-RDM build:        0.0682764 s
Time taken for 3-RDM build:        0.0670478 s
Time taken for 3-RDM build:        0.0669358 s
Time taken for 3-RDM build:        0.0668595 s
Time taken for 3-RDM build:        0.0667658 s
Time taken for 3-RDM build:        0.0667312 s
Time taken for 3-RDM build:        0.0666232 s
Time taken for 3-RDM build:        0.0665925 s
Time taken for 3-RDM build:        0.0666044 s
E_frzc:                        -2418.2608262 Eh
E_cas:                            -9.1774708 Eh
E_nuc:                             0.0000000 Eh
E_casci:                       -2427.4340589 Eh
E0 (from RDM):                 -2427.4340589 Eh
Ecorr:                            -0.1372548 Eh

Timing summary
... Hamil build:                    0.0094354 s
... Hamil diag:                     0.0004082 s
... RDM build:                     45.4560618 s
State     Energy / Eh         Splitting / Eh      Splitting / cm-1    Splitting / meV     
0         -2.4274383e+03      +0.0000000e+00      +0.0000000e+00      +0.0000000e+00      
1         -2.4274383e+03      +1.9413164e-09      +4.2606971e-04      +5.2825936e-05      
2         -2.4274383e+03      +8.9721652e-10      +1.9691626e-04      +2.4414517e-05      
3         -2.4274383e+03      +1.1737029e-09      +2.5759801e-04      +3.1938098e-05      
4         -2.4274383e+03      +1.8349056e-09      +4.0271522e-04      +4.9930347e-05      
5         -2.4274294e+03      +8.8831576e-03      +1.9496277e+03      +2.4172315e+02      
6         -2.4274294e+03      +4.1914063e-09      +9.1990735e-04      +1.1405403e-04      
7         -2.4274294e+03      +4.1027306e-09      +9.0044528e-04      +1.1164104e-04      
8         -2.4274268e+03      +2.6102260e-03      +5.7287839e+02      +7.1027902e+01      
Total time taken:                  49.1228917 s
===============================================

===============================================
            Relativistic DSRG-MRPT3            
===============================================
... compute_energy_pt3_1:     416.7825658 s
... compute_energy_pt2:       1.1725128 s
... compute_energy_pt3_2:     360.6153102 s
... compute_energy_pt3_3:      91.7879419 s
-----------------------------------------------
        DSRG-MRPT3 reference relaxation        
-----------------------------------------------
Iter                          Energy              Delta E   
   -Eref  -2427.4340589       
   -Ecorr -0.9113190       
<Psi^(0)|Hbar^(0)|Psi^(0)>    -2428.3453778       -2.42835e+03
   -Erelax-0.0000060       
<Psi^(0)|Hbar^(1)|Psi^(0)>    -2428.3453838       -6.00826e-06
   -Eref  -2427.4340527       
   -Ecorr -0.9113336       
<Psi^(1)|Hbar^(1)|Psi^(1)>    -2428.3453863       -2.44664e-06
   -Erelax-0.0000000       
<Psi^(1)|Hbar^(2)|Psi^(1)>    -2428.3453863       -6.99401e-10
   -Eref  -2427.4340527       
   -Ecorr -0.9113334       
<Psi^(2)|Hbar^(2)|Psi^(2)>    -2428.3453862       1.12692e-07
   -Erelax-0.0000000       
<Psi^(2)|Hbar^(3)|Psi^(2)>    -2428.3453862       -2.72848e-12
   -Eref  -2427.4340527       
   -Ecorr -0.9113334       
<Psi^(3)|Hbar^(3)|Psi^(3)>    -2428.3453862       -7.13271e-09
   -Erelax-0.0000000       
<Psi^(3)|Hbar^(4)|Psi^(3)>    -2428.3453862       0.00000e+00
Unrelaxed DSRG-MRPT3 energy:             -2428.3453778 Eh
Unrelaxed DSRG-MRPT3 E_corr:                -0.9113190 Eh
Partially relaxed DSRG-MRPT3 energy:     -2428.3453838 Eh
Partially relaxed DSRG-MRPT3 E_corr:        -0.9113250 Eh
Relaxed DSRG-MRPT3 energy:               -2428.3453863 Eh
Relaxed DSRG-MRPT3 E_corr:                  -0.9113336 Eh
Fully relaxed DSRG-MRPT3 energy:         -2428.3453862 Eh
Fully relaxed DSRG-MRPT3 E_corr:            -0.9113334 Eh
State     Energy / Eh         Splitting / Eh      Splitting / cm-1    Splitting / meV     
0         -2.4283493e+03      +0.0000000e+00      +0.0000000e+00      +0.0000000e+00      
1         -2.4283493e+03      +3.6743586e-10      +8.0642849e-05      +9.9984438e-06      
2         -2.4283493e+03      +3.7289283e-10      +8.1840515e-05      +1.0146936e-05      
3         -2.4283493e+03      +3.7516656e-10      +8.2339543e-05      +1.0208807e-05      
4         -2.4283493e+03      +3.6743586e-10      +8.0642849e-05      +9.9984438e-06      
5         -2.4283411e+03      +8.1489164e-03      +1.7884804e+03      +2.2174341e+02      
6         -2.4283411e+03      +4.2109605e-10      +9.2419899e-05      +1.1458613e-05      
7         -2.4283411e+03      +3.8289727e-10      +8.4036237e-05      +1.0419170e-05      
8         -2.4283386e+03      +2.5330930e-03      +5.5594965e+02      +6.8929005e+01      
Time taken:                     4473.3094511 s
===============================================
===============================================
              PySCF DHF interface              
===============================================

Timing report
....integral reading:      24.9906008 s

===============================================
            Relativistic CASCI(7,8)            
===============================================
Will now allocate 0.001 MB memory for the CASCI Hamiltonian!
Time taken for 1-RDM build:        0.0003772 s
Time taken for 1-RDM build:        0.0003631 s
Time taken for 1-RDM build:        0.0003591 s
Time taken for 1-RDM build:        0.0003619 s
Time taken for 1-RDM build:        0.0003655 s
Time taken for 1-RDM build:        0.0003638 s
Time taken for 2-RDM build:        0.0010722 s
Time taken for 2-RDM build:        0.0010121 s
Time taken for 2-RDM build:        0.0009964 s
Time taken for 2-RDM build:        0.0009897 s
Time taken for 2-RDM build:        0.0009913 s
Time taken for 2-RDM build:        0.0009904 s
Time taken for 3-RDM build:        0.0153136 s
Time taken for 3-RDM build:        0.0153131 s
Time taken for 3-RDM build:        0.0155144 s
Time taken for 3-RDM build:        0.0139844 s
Time taken for 3-RDM build:        0.0123124 s
Time taken for 3-RDM build:        0.0123363 s
E_frzc:                        -2590.5378304 Eh
E_cas:                           -13.1880855 Eh
E_nuc:                             0.0000000 Eh
E_casci:                       -2603.7203212 Eh
E0 (from RDM):                 -2603.7203212 Eh
Ecorr:                            -0.0318830 Eh

Timing summary
... Hamil build:                    0.0033271 s
... Hamil diag:                     0.0027025 s
... RDM build:                     43.3725271 s
State     Energy / Eh         Splitting / Eh      Splitting / cm-1    Splitting / meV     
0         -2.6037259e+03      +0.0000000e+00      +0.0000000e+00      +0.0000000e+00      
1         -2.6037259e+03      +9.2413757e-09      +2.0282475e-03      +2.5147076e-04      
2         -2.6037259e+03      +1.8784249e-08      +4.1226661e-03      +5.1114569e-04      
3         -2.6037259e+03      +9.8884811e-09      +2.1702707e-03      +2.6907941e-04      
4         -2.6037091e+03      +1.6783801e-02      +3.6836186e+03      +4.5671072e+02      
5         -2.6037091e+03      +7.4087438e-09      +1.6260313e-03      +2.0160228e-04      
Total time taken:                  47.0315661 s
===============================================

===============================================
            Relativistic DSRG-MRPT3            
===============================================
... compute_energy_pt3_1:     428.9544611 s
... compute_energy_pt2:       1.2254827 s
... compute_energy_pt3_2:     330.8476849 s
... compute_energy_pt3_3:      94.3288510 s
-----------------------------------------------
        DSRG-MRPT3 reference relaxation        
-----------------------------------------------
Iter                          Energy              Delta E   
   -Eref  -2603.7203212       
   -Ecorr -0.9433287       
<Psi^(0)|Hbar^(0)|Psi^(0)>    -2604.6636500       -2.60466e+03
   -Erelax0.0000000       
<Psi^(0)|Hbar^(1)|Psi^(0)>    -2604.6636500       0.00000e+00
   -Eref  -2603.7203212       
   -Ecorr -0.9433287       
<Psi^(1)|Hbar^(1)|Psi^(1)>    -2604.6636500       9.09495e-13
   -Erelax-0.0000000       
<Psi^(1)|Hbar^(2)|Psi^(1)>    -2604.6636500       0.00000e+00
Unrelaxed DSRG-MRPT3 energy:             -2604.6636500 Eh
Unrelaxed DSRG-MRPT3 E_corr:                -0.9433287 Eh
Partially relaxed DSRG-MRPT3 energy:     -2604.6636500 Eh
Partially relaxed DSRG-MRPT3 E_corr:        -0.9433287 Eh
Relaxed DSRG-MRPT3 energy:               -2604.6636500 Eh
Relaxed DSRG-MRPT3 E_corr:                  -0.9433287 Eh
Fully relaxed DSRG-MRPT3 energy:         -2604.6636500 Eh
Fully relaxed DSRG-MRPT3 E_corr:            -0.9433287 Eh
State     Energy / Eh         Splitting / Eh      Splitting / cm-1    Splitting / meV     
0         -2.6046691e+03      +0.0000000e+00      +0.0000000e+00      +0.0000000e+00      
1         -2.6046691e+03      +1.4629222e-09      +3.2107431e-04      +3.9808160e-05      
2         -2.6046691e+03      +1.7844286e-09      +3.9163681e-04      +4.8556799e-05      
3         -2.6046691e+03      +1.4492798e-09      +3.1808015e-04      +3.9436931e-05      
4         -2.6046527e+03      +1.6438132e-02      +3.6077530e+03      +4.4730458e+02      
5         -2.6046527e+03      +1.3692443e-09      +3.0051438e-04      +3.7259052e-05      
Time taken:                     2134.3190830 s
===============================================
