NOW DOING s=0.18!
===============================================
              PySCF DHF interface              
===============================================
Will now allocate 796.594 MB memory for the AO ERI tensor!

Timing report
....integral transformation:      52.2125473 s

===============================================
            Relativistic CASCI(3,8)            
===============================================
Will now allocate 0.050 MB memory for the CASCI Hamiltonian!
Time taken for 1-RDM build:        0.0211594 s
Time taken for 1-RDM build:        0.0208287 s
Time taken for 1-RDM build:        0.0208113 s
Time taken for 1-RDM build:        0.0208118 s
Time taken for 1-RDM build:        0.0207953 s
Time taken for 1-RDM build:        0.0208311 s
Time taken for 2-RDM build:        0.0808814 s
Time taken for 2-RDM build:        0.0806623 s
Time taken for 2-RDM build:        0.0809646 s
Time taken for 2-RDM build:        0.0826457 s
Time taken for 2-RDM build:        0.0849085 s
Time taken for 2-RDM build:        0.0832486 s
Time taken for 3-RDM build:        0.1897042 s
Time taken for 3-RDM build:        0.1870999 s
Time taken for 3-RDM build:        0.1868584 s
Time taken for 3-RDM build:        0.1843204 s
Time taken for 3-RDM build:        0.1824095 s
Time taken for 3-RDM build:        0.1813509 s
E_frzc:                          -21.9899228 Eh
E_cas:                            -2.5754278 Eh
E_nuc:                             0.0000000 Eh
E_casci:                         -24.5653104 Eh
E0 (from RDM):                   -24.5653104 Eh
Ecorr:                            -0.2764703 Eh

Timing summary
... Hamil build:                    0.0712221 s
... Hamil diag:                     0.0013635 s
... RDM build:                      5.2778120 s
State     Energy / Eh         Splitting / Eh      Splitting / cm-1    Splitting / meV     
0         -2.4565351e+01      +0.0000000e+00      +0.0000000e+00      +0.0000000e+00      
1         -2.4565351e+01      +1.6292141e-09      +3.5757116e-04      +4.4333195e-05      
2         -2.4565290e+01      +6.0370290e-05      +1.3249747e+01      +1.6427601e+00      
3         -2.4565290e+01      +8.2750518e-10      +1.8161639e-04      +2.2517574e-05      
4         -2.4565290e+01      +8.6880192e-10      +1.9067998e-04      +2.3641316e-05      
5         -2.4565290e+01      +1.8699780e-09      +4.1041272e-04      +5.0884716e-05      
Total time taken:                   5.5281916 s
===============================================

===============================================
            Relativistic DSRG-MRPT3            
===============================================
... compute_energy_pt3_1:      16.0134676 s
... compute_energy_pt2:       0.0943642 s
... compute_energy_pt3_2:      12.2128623 s
... compute_energy_pt3_3:       2.7054682 s
-----------------------------------------------
        DSRG-MRPT3 reference relaxation        
-----------------------------------------------
Iter                          Energy              Delta E   
   -Eref  -24.5653104       
   -Ecorr -0.0645317       
<Psi^(0)|Hbar^(0)|Psi^(0)>    -24.6298421         -2.46298e+01
   -Erelax-0.0002715       
<Psi^(0)|Hbar^(1)|Psi^(0)>    -24.6301136         -2.71502e-04
   -Eref  -24.5650335       
   -Ecorr -0.0650470       
<Psi^(1)|Hbar^(1)|Psi^(1)>    -24.6300805         3.30470e-05
   -Erelax-0.0000000       
<Psi^(1)|Hbar^(2)|Psi^(1)>    -24.6300805         -6.45325e-09
   -Eref  -24.5650308       
   -Ecorr -0.0650496       
<Psi^(2)|Hbar^(2)|Psi^(2)>    -24.6300804         1.55417e-07
   -Erelax-0.0000000       
<Psi^(2)|Hbar^(3)|Psi^(2)>    -24.6300804         -1.42109e-13
   -Eref  -24.5650308       
   -Ecorr -0.0650496       
<Psi^(3)|Hbar^(3)|Psi^(3)>    -24.6300804         7.14245e-10
   -Erelax-0.0000000       
<Psi^(3)|Hbar^(4)|Psi^(3)>    -24.6300804         -3.55271e-15
Unrelaxed DSRG-MRPT3 energy:               -24.6298421 Eh
Unrelaxed DSRG-MRPT3 E_corr:                -0.0645317 Eh
Partially relaxed DSRG-MRPT3 energy:       -24.6301136 Eh
Partially relaxed DSRG-MRPT3 E_corr:        -0.0648032 Eh
Relaxed DSRG-MRPT3 energy:                 -24.6300805 Eh
Relaxed DSRG-MRPT3 E_corr:                  -0.0650470 Eh
Fully relaxed DSRG-MRPT3 energy:           -24.6300804 Eh
Fully relaxed DSRG-MRPT3 E_corr:            -0.0650496 Eh
State     Energy / Eh         Splitting / Eh      Splitting / cm-1    Splitting / meV     
0         -2.4630124e+01      +0.0000000e+00      +0.0000000e+00      +0.0000000e+00      
1         -2.4630124e+01      +9.1336005e-10      +2.0045936e-04      +2.4853805e-05      
2         -2.4630059e+01      +6.5161339e-05      +1.4301261e+01      +1.7731312e+00      
3         -2.4630059e+01      +5.1653259e-10      +1.1336580e-04      +1.4055575e-05      
4         -2.4630059e+01      +4.6503601e-10      +1.0206361e-04      +1.2654280e-05      
5         -2.4630059e+01      +1.0508963e-09      +2.3064507e-04      +2.8596357e-05      
Time taken:                      174.3957829 s
===============================================
===============================================
              PySCF DHF interface              
===============================================
Will now allocate 796.594 MB memory for the AO ERI tensor!

Timing report
....integral transformation:      51.9487474 s

===============================================
            Relativistic CASCI(4,8)            
===============================================
Will now allocate 0.078 MB memory for the CASCI Hamiltonian!
Time taken for 1-RDM build:        0.0318706 s
Time taken for 1-RDM build:        0.0314670 s
Time taken for 1-RDM build:        0.0314751 s
Time taken for 1-RDM build:        0.0287654 s
Time taken for 1-RDM build:        0.0277791 s
Time taken for 1-RDM build:        0.0277267 s
Time taken for 1-RDM build:        0.0277739 s
Time taken for 1-RDM build:        0.0276899 s
Time taken for 1-RDM build:        0.0277302 s
Time taken for 2-RDM build:        0.1188579 s
Time taken for 2-RDM build:        0.1185303 s
Time taken for 2-RDM build:        0.1185400 s
Time taken for 2-RDM build:        0.1196246 s
Time taken for 2-RDM build:        0.1185801 s
Time taken for 2-RDM build:        0.1185474 s
Time taken for 2-RDM build:        0.1182873 s
Time taken for 2-RDM build:        0.1186230 s
Time taken for 2-RDM build:        0.1183970 s
Time taken for 3-RDM build:        0.3861625 s
Time taken for 3-RDM build:        0.3858817 s
Time taken for 3-RDM build:        0.3857462 s
Time taken for 3-RDM build:        0.3862894 s
Time taken for 3-RDM build:        0.3858893 s
Time taken for 3-RDM build:        0.3862123 s
Time taken for 3-RDM build:        0.3861427 s
Time taken for 3-RDM build:        0.3862987 s
Time taken for 3-RDM build:        0.3863776 s
E_frzc:                          -32.3709352 Eh
E_cas:                            -5.3467114 Eh
E_nuc:                             0.0000000 Eh
E_casci:                         -37.7175257 Eh
E0 (from RDM):                   -37.7175257 Eh
Ecorr:                            -0.4429083 Eh

Timing summary
... Hamil build:                    0.1087885 s
... Hamil diag:                     0.0018935 s
... RDM build:                      8.2623484 s
State     Energy / Eh         Splitting / Eh      Splitting / cm-1    Splitting / meV     
0         -3.7717647e+01      +0.0000000e+00      +0.0000000e+00      +0.0000000e+00      
1         -3.7717578e+01      +6.8056777e-05      +1.4936736e+01      +1.8519201e+00      
2         -3.7717578e+01      +1.0789876e-09      +2.3681040e-04      +2.9360761e-05      
3         -3.7717578e+01      +1.2285710e-09      +2.6964017e-04      +3.3431136e-05      
4         -3.7717470e+01      +1.0852195e-04      +2.3817815e+01      +2.9530341e+00      
5         -3.7717470e+01      +3.7325520e-10      +8.1920048e-05      +1.0156796e-05      
6         -3.7717470e+01      +9.5213437e-10      +2.0896934e-04      +2.5908908e-05      
7         -3.7717470e+01      +4.4994408e-10      +9.8751311e-05      +1.2243608e-05      
8         -3.7717470e+01      +5.6219562e-10      +1.2338768e-04      +1.5298129e-05      
Total time taken:                   8.5525517 s
===============================================

===============================================
            Relativistic DSRG-MRPT3            
===============================================
... compute_energy_pt3_1:      15.1153877 s
... compute_energy_pt2:       0.0940099 s
... compute_energy_pt3_2:      11.9843273 s
... compute_energy_pt3_3:       2.7363074 s
-----------------------------------------------
        DSRG-MRPT3 reference relaxation        
-----------------------------------------------
Iter                          Energy              Delta E   
   -Eref  -37.7175257       
   -Ecorr -0.1021091       
<Psi^(0)|Hbar^(0)|Psi^(0)>    -37.8196348         -3.78196e+01
   -Erelax-0.0000909       
<Psi^(0)|Hbar^(1)|Psi^(0)>    -37.8197257         -9.08985e-05
   -Eref  -37.7174327       
   -Ecorr -0.1023558       
<Psi^(1)|Hbar^(1)|Psi^(1)>    -37.8197885         -6.28393e-05
   -Erelax-0.0000000       
<Psi^(1)|Hbar^(2)|Psi^(1)>    -37.8197885         -9.87797e-11
   -Eref  -37.7174329       
   -Ecorr -0.1023556       
<Psi^(2)|Hbar^(2)|Psi^(2)>    -37.8197885         5.20974e-08
   -Erelax-0.0000000       
<Psi^(2)|Hbar^(3)|Psi^(2)>    -37.8197885         -1.84741e-13
   -Eref  -37.7174329       
   -Ecorr -0.1023556       
<Psi^(3)|Hbar^(3)|Psi^(3)>    -37.8197885         -3.20455e-11
   -Erelax0.0000000       
<Psi^(3)|Hbar^(4)|Psi^(3)>    -37.8197885         0.00000e+00
Unrelaxed DSRG-MRPT3 energy:               -37.8196348 Eh
Unrelaxed DSRG-MRPT3 E_corr:                -0.1021091 Eh
Partially relaxed DSRG-MRPT3 energy:       -37.8197257 Eh
Partially relaxed DSRG-MRPT3 E_corr:        -0.1022000 Eh
Relaxed DSRG-MRPT3 energy:                 -37.8197885 Eh
Relaxed DSRG-MRPT3 E_corr:                  -0.1023558 Eh
Fully relaxed DSRG-MRPT3 energy:           -37.8197885 Eh
Fully relaxed DSRG-MRPT3 E_corr:            -0.1023556 Eh
State     Energy / Eh         Splitting / Eh      Splitting / cm-1    Splitting / meV     
0         -3.7819927e+01      +0.0000000e+00      +0.0000000e+00      +0.0000000e+00      
1         -3.7819851e+01      +7.6616793e-05      +1.6815442e+01      +2.0848501e+00      
2         -3.7819851e+01      +4.3077364e-10      +9.4543885e-05      +1.1721953e-05      
3         -3.7819851e+01      +4.7724313e-10      +1.0474276e-04      +1.2986453e-05      
4         -3.7819723e+01      +1.2723732e-04      +2.7925364e+01      +3.4623055e+00      
5         -3.7819723e+01      +1.3888268e-10      +3.0481225e-05      +3.7791921e-06      
6         -3.7819723e+01      +3.2022740e-10      +7.0281790e-05      +8.7138356e-06      
7         -3.7819723e+01      +1.9124968e-10      +4.1974453e-05      +5.2041714e-06      
8         -3.7819723e+01      +1.7742252e-10      +3.8939742e-05      +4.8279150e-06      
Time taken:                      182.3065276 s
===============================================
===============================================
              PySCF DHF interface              
===============================================
Will now allocate 796.594 MB memory for the AO ERI tensor!

Timing report
....integral transformation:      51.9830661 s

===============================================
            Relativistic CASCI(5,8)            
===============================================
Will now allocate 0.050 MB memory for the CASCI Hamiltonian!
Time taken for 1-RDM build:        0.0208468 s
Time taken for 1-RDM build:        0.0206120 s
Time taken for 1-RDM build:        0.0207012 s
Time taken for 1-RDM build:        0.0208907 s
Time taken for 1-RDM build:        0.0206053 s
Time taken for 1-RDM build:        0.0207472 s
Time taken for 1-RDM build:        0.0205622 s
Time taken for 1-RDM build:        0.0208013 s
Time taken for 1-RDM build:        0.0207217 s
Time taken for 1-RDM build:        0.0205216 s
Time taken for 1-RDM build:        0.0207906 s
Time taken for 1-RDM build:        0.0205765 s
Time taken for 1-RDM build:        0.0206802 s
Time taken for 1-RDM build:        0.0207379 s
Time taken for 2-RDM build:        0.0855880 s
Time taken for 2-RDM build:        0.0852134 s
Time taken for 2-RDM build:        0.0853870 s
Time taken for 2-RDM build:        0.0852978 s
Time taken for 2-RDM build:        0.0855889 s
Time taken for 2-RDM build:        0.0857239 s
Time taken for 2-RDM build:        0.0862155 s
Time taken for 2-RDM build:        0.0856206 s
Time taken for 2-RDM build:        0.0854852 s
Time taken for 2-RDM build:        0.0854776 s
Time taken for 2-RDM build:        0.0857263 s
Time taken for 2-RDM build:        0.0853581 s
Time taken for 2-RDM build:        0.0853384 s
Time taken for 2-RDM build:        0.0853913 s
Time taken for 3-RDM build:        0.3578396 s
Time taken for 3-RDM build:        0.3580279 s
Time taken for 3-RDM build:        0.3576612 s
Time taken for 3-RDM build:        0.3573785 s
Time taken for 3-RDM build:        0.3575876 s
Time taken for 3-RDM build:        0.3574357 s
Time taken for 3-RDM build:        0.3571422 s
Time taken for 3-RDM build:        0.3560774 s
Time taken for 3-RDM build:        0.3564174 s
Time taken for 3-RDM build:        0.3558989 s
Time taken for 3-RDM build:        0.3569705 s
Time taken for 3-RDM build:        0.3679402 s
Time taken for 3-RDM build:        0.3628101 s
Time taken for 3-RDM build:        0.3578727 s
E_frzc:                          -44.7567199 Eh
E_cas:                            -9.6666253 Eh
E_nuc:                             0.0000000 Eh
E_casci:                         -54.3487687 Eh
E0 (from RDM):                   -54.3487687 Eh
Ecorr:                            -0.4454114 Eh

Timing summary
... Hamil build:                    0.0874360 s
... Hamil diag:                     0.0012078 s
... RDM build:                     10.1092951 s
State     Energy / Eh         Splitting / Eh      Splitting / cm-1    Splitting / meV     
0         -5.4423345e+01      +0.0000000e+00      +0.0000000e+00      +0.0000000e+00      
1         -5.4423345e+01      +1.0766144e-09      +2.3628954e-04      +2.9296183e-05      
2         -5.4423345e+01      +1.0765078e-09      +2.3626614e-04      +2.9293283e-05      
3         -5.4423345e+01      +1.0764154e-09      +2.3624587e-04      +2.9290769e-05      
4         -5.4318958e+01      +1.0438692e-01      +2.2910281e+04      +2.8405142e+03      
5         -5.4318958e+01      +1.1012489e-09      +2.4169619e-04      +2.9966522e-05      
6         -5.4318958e+01      +1.1371313e-09      +2.4957147e-04      +3.0942933e-05      
7         -5.4318958e+01      +5.9976912e-10      +1.3163411e-04      +1.6320557e-05      
8         -5.4318958e+01      +1.1947492e-09      +2.6221714e-04      +3.2510797e-05      
9         -5.4318958e+01      +1.3782895e-09      +3.0249957e-04      +3.7505185e-05      
10        -5.4318908e+01      +5.0508872e-05      +1.1085416e+01      +1.3744171e+00      
11        -5.4318908e+01      +3.9502766e-09      +8.6698548e-04      +1.0749255e-04      
12        -5.4318908e+01      +3.0347778e-09      +6.6605673e-04      +8.2580549e-05      
13        -5.4318908e+01      +2.9868943e-09      +6.5554752e-04      +8.1277572e-05      
Total time taken:                  10.3778169 s
===============================================

===============================================
            Relativistic DSRG-MRPT3            
===============================================
... compute_energy_pt3_1:      15.1799254 s
... compute_energy_pt2:       0.0880520 s
... compute_energy_pt3_2:      11.8970819 s
... compute_energy_pt3_3:       2.8064682 s
-----------------------------------------------
        DSRG-MRPT3 reference relaxation        
-----------------------------------------------
Iter                          Energy              Delta E   
   -Eref  -54.3487687       
   -Ecorr -0.1594093       
<Psi^(0)|Hbar^(0)|Psi^(0)>    -54.5081780         -5.45082e+01
   -Erelax-0.0000000       
<Psi^(0)|Hbar^(1)|Psi^(0)>    -54.5081780         -2.96140e-08
   -Eref  -54.3487687       
   -Ecorr -0.1594094       
<Psi^(1)|Hbar^(1)|Psi^(1)>    -54.5081780         -2.18900e-08
   -Erelax-0.0000000       
<Psi^(1)|Hbar^(2)|Psi^(1)>    -54.5081780         -2.38174e-11
   -Eref  -54.3487687       
   -Ecorr -0.1594094       
<Psi^(2)|Hbar^(2)|Psi^(2)>    -54.5081780         -3.89925e-10
   -Erelax-0.0000000       
<Psi^(2)|Hbar^(3)|Psi^(2)>    -54.5081780         -7.10543e-14
Unrelaxed DSRG-MRPT3 energy:               -54.5081780 Eh
Unrelaxed DSRG-MRPT3 E_corr:                -0.1594093 Eh
Partially relaxed DSRG-MRPT3 energy:       -54.5081780 Eh
Partially relaxed DSRG-MRPT3 E_corr:        -0.1594093 Eh
Relaxed DSRG-MRPT3 energy:                 -54.5081780 Eh
Relaxed DSRG-MRPT3 E_corr:                  -0.1594094 Eh
Fully relaxed DSRG-MRPT3 energy:           -54.5081780 Eh
Fully relaxed DSRG-MRPT3 E_corr:            -0.1594094 Eh
State     Energy / Eh         Splitting / Eh      Splitting / cm-1    Splitting / meV     
0         -5.4573553e+01      +0.0000000e+00      +0.0000000e+00      +0.0000000e+00      
1         -5.4573553e+01      +6.0134653e-10      +1.3198031e-04      +1.6363480e-05      
2         -5.4573553e+01      +6.0132521e-10      +1.3197563e-04      +1.6362900e-05      
3         -5.4573553e+01      +6.0127547e-10      +1.3196471e-04      +1.6361547e-05      
4         -5.4482045e+01      +9.1508186e-02      +2.0083725e+04      +2.4900657e+03      
5         -5.4482045e+01      +3.2308378e-10      +7.0908694e-05      +8.7915617e-06      
6         -5.4482045e+01      +1.8577850e-10      +4.0773668e-05      +5.0552930e-06      
7         -5.4482045e+01      +1.6954260e-10      +3.7210300e-05      +4.6134914e-06      
8         -5.4482045e+01      +1.7750068e-10      +3.8956896e-05      +4.8300418e-06      
9         -5.4482045e+01      +1.4510704e-10      +3.1847313e-05      +3.9485655e-06      
10        -5.4482002e+01      +4.3046297e-05      +9.4475700e+00      +1.1713500e+00      
11        -5.4482002e+01      +6.5223560e-10      +1.4314917e-04      +1.7748243e-05      
12        -5.4482002e+01      +5.1527849e-10      +1.1309056e-04      +1.4021448e-05      
13        -5.4482002e+01      +5.0082605e-10      +1.0991861e-04      +1.3628177e-05      
Time taken:                      138.9883833 s
===============================================
===============================================
              PySCF DHF interface              
===============================================
Will now allocate 796.594 MB memory for the AO ERI tensor!

Timing report
....integral transformation:      52.6612628 s

===============================================
            Relativistic CASCI(6,8)            
===============================================
Will now allocate 0.013 MB memory for the CASCI Hamiltonian!
Time taken for 1-RDM build:        0.0081580 s
Time taken for 1-RDM build:        0.0081942 s
Time taken for 1-RDM build:        0.0081322 s
Time taken for 1-RDM build:        0.0081255 s
Time taken for 1-RDM build:        0.0081251 s
Time taken for 1-RDM build:        0.0081890 s
Time taken for 1-RDM build:        0.0081315 s
Time taken for 1-RDM build:        0.0081148 s
Time taken for 1-RDM build:        0.0081134 s
Time taken for 2-RDM build:        0.0281467 s
Time taken for 2-RDM build:        0.0280356 s
Time taken for 2-RDM build:        0.0279050 s
Time taken for 2-RDM build:        0.0279806 s
Time taken for 2-RDM build:        0.0279362 s
Time taken for 2-RDM build:        0.0279880 s
Time taken for 2-RDM build:        0.0279922 s
Time taken for 2-RDM build:        0.0279477 s
Time taken for 2-RDM build:        0.0278807 s
Time taken for 3-RDM build:        0.1518536 s
Time taken for 3-RDM build:        0.1501484 s
Time taken for 3-RDM build:        0.1502123 s
Time taken for 3-RDM build:        0.1501682 s
Time taken for 3-RDM build:        0.1503277 s
Time taken for 3-RDM build:        0.1504567 s
Time taken for 3-RDM build:        0.1512601 s
Time taken for 3-RDM build:        0.1507862 s
Time taken for 3-RDM build:        0.1509366 s
E_frzc:                          -59.1480236 Eh
E_cas:                           -15.7034833 Eh
E_nuc:                             0.0000000 Eh
E_casci:                         -74.8511626 Eh
E0 (from RDM):                   -74.8511626 Eh
Ecorr:                            -0.3302227 Eh

Timing summary
... Hamil build:                    0.0359690 s
... Hamil diag:                     0.0004132 s
... RDM build:                      5.1595697 s
State     Energy / Eh         Splitting / Eh      Splitting / cm-1    Splitting / meV     
0         -7.4851507e+01      +0.0000000e+00      +0.0000000e+00      +0.0000000e+00      
1         -7.4851507e+01      +6.1121028e-09      +1.3414515e-03      +1.6631887e-04      
2         -7.4851507e+01      +6.8041430e-09      +1.4933368e-03      +1.8515025e-04      
3         -7.4851507e+01      +7.2887616e-09      +1.5996983e-03      +1.9833740e-04      
4         -7.4851507e+01      +9.8173984e-09      +2.1546699e-03      +2.6714515e-04      
5         -7.4850809e+01      +6.9818897e-04      +1.5323477e+02      +1.8998699e+01      
6         -7.4850809e+01      +7.3982278e-09      +1.6237233e-03      +2.0131613e-04      
7         -7.4850809e+01      +7.5923197e-09      +1.6663215e-03      +2.0659764e-04      
8         -7.4850503e+01      +3.0523771e-04      +6.6991933e+01      +8.3059451e+00      
Total time taken:                   5.3728507 s
===============================================

===============================================
            Relativistic DSRG-MRPT3            
===============================================
... compute_energy_pt3_1:      15.1558526 s
... compute_energy_pt2:       0.0870008 s
... compute_energy_pt3_2:      12.1772277 s
... compute_energy_pt3_3:       2.7063375 s
-----------------------------------------------
        DSRG-MRPT3 reference relaxation        
-----------------------------------------------
Iter                          Energy              Delta E   
   -Eref  -74.8511626       
   -Ecorr -0.2097501       
<Psi^(0)|Hbar^(0)|Psi^(0)>    -75.0609127         -7.50609e+01
   -Erelax-0.0000000       
<Psi^(0)|Hbar^(1)|Psi^(0)>    -75.0609128         -6.33563e-09
   -Eref  -74.8511626       
   -Ecorr -0.2097501       
<Psi^(1)|Hbar^(1)|Psi^(1)>    -75.0609127         1.13084e-08
   -Erelax-0.0000000       
<Psi^(1)|Hbar^(2)|Psi^(1)>    -75.0609127         -8.62599e-12
   -Eref  -74.8511626       
   -Ecorr -0.2097501       
<Psi^(2)|Hbar^(2)|Psi^(2)>    -75.0609127         -1.09432e-09
   -Erelax-0.0000000       
<Psi^(2)|Hbar^(3)|Psi^(2)>    -75.0609127         -8.52651e-14
Unrelaxed DSRG-MRPT3 energy:               -75.0609127 Eh
Unrelaxed DSRG-MRPT3 E_corr:                -0.2097501 Eh
Partially relaxed DSRG-MRPT3 energy:       -75.0609128 Eh
Partially relaxed DSRG-MRPT3 E_corr:        -0.2097501 Eh
Relaxed DSRG-MRPT3 energy:                 -75.0609127 Eh
Relaxed DSRG-MRPT3 E_corr:                  -0.2097501 Eh
Fully relaxed DSRG-MRPT3 energy:           -75.0609127 Eh
Fully relaxed DSRG-MRPT3 E_corr:            -0.2097501 Eh
State     Energy / Eh         Splitting / Eh      Splitting / cm-1    Splitting / meV     
0         -7.5061236e+01      +0.0000000e+00      +0.0000000e+00      +0.0000000e+00      
1         -7.5061236e+01      +3.5254715e-09      +7.7375155e-04      +9.5933011e-05      
2         -7.5061236e+01      +2.7419986e-09      +6.0179913e-04      +7.4613619e-05      
3         -7.5061236e+01      +4.0401318e-09      +8.8670643e-04      +1.0993764e-04      
4         -7.5061236e+01      +4.9213753e-09      +1.0801170e-03      +1.3391751e-04      
5         -7.5060579e+01      +6.5744148e-04      +1.4429173e+02      +1.7889902e+01      
6         -7.5060579e+01      +3.9126036e-09      +8.5871722e-04      +1.0646742e-04      
7         -7.5060579e+01      +3.5498715e-09      +7.7910674e-04      +9.6596970e-05      
8         -7.5060299e+01      +2.7982813e-04      +6.1415176e+01      +7.6145150e+00      
Time taken:                      127.5187020 s
===============================================
===============================================
              PySCF DHF interface              
===============================================
Will now allocate 796.594 MB memory for the AO ERI tensor!

Timing report
....integral transformation:      53.2218266 s

===============================================
            Relativistic CASCI(7,8)            
===============================================
Will now allocate 0.001 MB memory for the CASCI Hamiltonian!
Time taken for 1-RDM build:        0.0013978 s
Time taken for 1-RDM build:        0.0013721 s
Time taken for 1-RDM build:        0.0013652 s
Time taken for 1-RDM build:        0.0013664 s
Time taken for 1-RDM build:        0.0013957 s
Time taken for 1-RDM build:        0.0013630 s
Time taken for 2-RDM build:        0.0035996 s
Time taken for 2-RDM build:        0.0029607 s
Time taken for 2-RDM build:        0.0029776 s
Time taken for 2-RDM build:        0.0029774 s
Time taken for 2-RDM build:        0.0029612 s
Time taken for 2-RDM build:        0.0029926 s
Time taken for 3-RDM build:        0.0283194 s
Time taken for 3-RDM build:        0.0265324 s
Time taken for 3-RDM build:        0.0264604 s
Time taken for 3-RDM build:        0.0265689 s
Time taken for 3-RDM build:        0.0284817 s
Time taken for 3-RDM build:        0.0267243 s
E_frzc:                          -75.5478008 Eh
E_cas:                           -23.9325131 Eh
E_nuc:                             0.0000000 Eh
E_casci:                         -99.4797328 Eh
E0 (from RDM):                   -99.4797328 Eh
Ecorr:                            -0.1043819 Eh

Timing summary
... Hamil build:                    0.0065820 s
... Hamil diag:                     0.0001545 s
... RDM build:                      3.6210992 s
State     Energy / Eh         Splitting / Eh      Splitting / cm-1    Splitting / meV     
0         -9.9480314e+01      +0.0000000e+00      +0.0000000e+00      +0.0000000e+00      
1         -9.9480314e+01      +2.4031053e-08      +5.2742064e-03      +6.5391856e-04      
2         -9.9480314e+01      +6.9549344e-09      +1.5264317e-03      +1.8925350e-04      
3         -9.9480314e+01      +2.1663141e-08      +4.7545098e-03      +5.8948436e-04      
4         -9.9478571e+01      +1.7431739e-03      +3.8258245e+02      +4.7434202e+01      
5         -9.9478571e+01      +1.6993951e-08      +3.7297411e-03      +4.6242918e-04      
Total time taken:                   3.8081787 s
===============================================

===============================================
            Relativistic DSRG-MRPT3            
===============================================
... compute_energy_pt3_1:      15.4824269 s
... compute_energy_pt2:       0.0835576 s
... compute_energy_pt3_2:      12.1331000 s
... compute_energy_pt3_3:       2.7686336 s
-----------------------------------------------
        DSRG-MRPT3 reference relaxation        
-----------------------------------------------
Iter                          Energy              Delta E   
   -Eref  -99.4797328       
   -Ecorr -0.2673591       
<Psi^(0)|Hbar^(0)|Psi^(0)>    -99.7470919         -9.97471e+01
   -Erelax0.0000000       
<Psi^(0)|Hbar^(1)|Psi^(0)>    -99.7470919         0.00000e+00
   -Eref  -99.4797328       
   -Ecorr -0.2673591       
<Psi^(1)|Hbar^(1)|Psi^(1)>    -99.7470919         1.42109e-14
   -Erelax0.0000000       
<Psi^(1)|Hbar^(2)|Psi^(1)>    -99.7470919         0.00000e+00
Unrelaxed DSRG-MRPT3 energy:               -99.7470919 Eh
Unrelaxed DSRG-MRPT3 E_corr:                -0.2673591 Eh
Partially relaxed DSRG-MRPT3 energy:       -99.7470919 Eh
Partially relaxed DSRG-MRPT3 E_corr:        -0.2673591 Eh
Relaxed DSRG-MRPT3 energy:                 -99.7470919 Eh
Relaxed DSRG-MRPT3 E_corr:                  -0.2673591 Eh
Fully relaxed DSRG-MRPT3 energy:           -99.7470919 Eh
Fully relaxed DSRG-MRPT3 E_corr:            -0.2673591 Eh
State     Energy / Eh         Splitting / Eh      Splitting / cm-1    Splitting / meV     
0         -9.9747681e+01      +0.0000000e+00      +0.0000000e+00      +0.0000000e+00      
1         -9.9747681e+01      +9.4342170e-09      +2.0705713e-03      +2.5671824e-04      
2         -9.9747681e+01      +4.6139803e-09      +1.0126516e-03      +1.2555286e-04      
3         -9.9747681e+01      +8.1685556e-09      +1.7927907e-03      +2.2227783e-04      
4         -9.9745914e+01      +1.7671887e-03      +3.8785308e+02      +4.8087676e+01      
5         -9.9745914e+01      +8.2105771e-09      +1.8020134e-03      +2.2342129e-04      
Time taken:                       81.3549964 s
===============================================
===============================================
              PySCF DHF interface              
===============================================
Will now allocate 3.102 GB memory for the AO ERI tensor!

Timing report
....integral transformation:     220.8611381 s

===============================================
            Relativistic CASCI(3,8)            
===============================================
Will now allocate 0.050 MB memory for the CASCI Hamiltonian!
Time taken for 1-RDM build:        0.0216644 s
Time taken for 1-RDM build:        0.0243323 s
Time taken for 1-RDM build:        0.0215459 s
Time taken for 1-RDM build:        0.0215914 s
Time taken for 1-RDM build:        0.0211678 s
Time taken for 1-RDM build:        0.0207233 s
Time taken for 2-RDM build:        0.0807805 s
Time taken for 2-RDM build:        0.0845611 s
Time taken for 2-RDM build:        0.0823789 s
Time taken for 2-RDM build:        0.0830219 s
Time taken for 2-RDM build:        0.0840511 s
Time taken for 2-RDM build:        0.0847118 s
Time taken for 3-RDM build:        0.1918130 s
Time taken for 3-RDM build:        0.1864071 s
Time taken for 3-RDM build:        0.1845956 s
Time taken for 3-RDM build:        0.1819766 s
Time taken for 3-RDM build:        0.1820800 s
Time taken for 3-RDM build:        0.1825974 s
E_frzc:                         -240.4061812 Eh
E_cas:                            -1.8986420 Eh
E_nuc:                             0.0000000 Eh
E_casci:                        -242.3045291 Eh
E0 (from RDM):                  -242.3045291 Eh
Ecorr:                            -0.1899047 Eh

Timing summary
... Hamil build:                    0.1768098 s
... Hamil diag:                     0.0119958 s
... RDM build:                     14.9336886 s
State     Energy / Eh         Splitting / Eh      Splitting / cm-1    Splitting / meV     
0         -2.4230482e+02      +0.0000000e+00      +0.0000000e+00      +0.0000000e+00      
1         -2.4230482e+02      +1.0992665e-09      +2.4126110e-04      +2.9912578e-05      
2         -2.4230438e+02      +4.4107881e-04      +9.6805609e+01      +1.2002372e+01      
3         -2.4230438e+02      +1.0805650e-09      +2.3715660e-04      +2.9403685e-05      
4         -2.4230438e+02      +8.9775654e-10      +1.9703478e-04      +2.4429211e-05      
5         -2.4230438e+02      +3.6629899e-10      +8.0393336e-05      +9.9675080e-06      
Total time taken:                  15.7852933 s
===============================================

===============================================
            Relativistic DSRG-MRPT3            
===============================================
... compute_energy_pt3_1:      64.0848622 s
... compute_energy_pt2:       0.2568340 s
... compute_energy_pt3_2:      52.3530486 s
... compute_energy_pt3_3:      10.6284249 s
-----------------------------------------------
        DSRG-MRPT3 reference relaxation        
-----------------------------------------------
Iter                          Energy              Delta E   
   -Eref  -242.3045291       
   -Ecorr -0.1877949       
<Psi^(0)|Hbar^(0)|Psi^(0)>    -242.4923240        -2.42492e+02
   -Erelax-0.0001527       
<Psi^(0)|Hbar^(1)|Psi^(0)>    -242.4924767        -1.52689e-04
   -Eref  -242.3043773       
   -Ecorr -0.1880980       
<Psi^(1)|Hbar^(1)|Psi^(1)>    -242.4924753        1.37702e-06
   -Erelax-0.0000000       
<Psi^(1)|Hbar^(2)|Psi^(1)>    -242.4924753        -9.07278e-10
   -Eref  -242.3043765       
   -Ecorr -0.1880988       
<Psi^(2)|Hbar^(2)|Psi^(2)>    -242.4924753        3.15418e-09
   -Erelax-0.0000000       
<Psi^(2)|Hbar^(3)|Psi^(2)>    -242.4924753        0.00000e+00
Unrelaxed DSRG-MRPT3 energy:              -242.4923240 Eh
Unrelaxed DSRG-MRPT3 E_corr:                -0.1877949 Eh
Partially relaxed DSRG-MRPT3 energy:      -242.4924767 Eh
Partially relaxed DSRG-MRPT3 E_corr:        -0.1879476 Eh
Relaxed DSRG-MRPT3 energy:                -242.4924753 Eh
Relaxed DSRG-MRPT3 E_corr:                  -0.1880980 Eh
Fully relaxed DSRG-MRPT3 energy:          -242.4924753 Eh
Fully relaxed DSRG-MRPT3 E_corr:            -0.1880988 Eh
State     Energy / Eh         Splitting / Eh      Splitting / cm-1    Splitting / meV     
0         -2.4249280e+02      +0.0000000e+00      +0.0000000e+00      +0.0000000e+00      
1         -2.4249280e+02      +8.7308649e-10      +1.9162033e-04      +2.3757905e-05      
2         -2.4249231e+02      +4.8207521e-04      +1.0580328e+02      +1.3117941e+01      
3         -2.4249231e+02      +8.4443741e-10      +1.8533259e-04      +2.2978323e-05      
4         -2.4249231e+02      +6.7498718e-10      +1.4814256e-04      +1.8367345e-05      
5         -2.4249231e+02      +2.9575631e-10      +6.4911006e-05      +8.0479429e-06      
Time taken:                      772.2715950 s
===============================================
===============================================
              PySCF DHF interface              
===============================================
Will now allocate 3.102 GB memory for the AO ERI tensor!

Timing report
....integral transformation:     200.1603620 s

===============================================
            Relativistic CASCI(4,8)            
===============================================
Will now allocate 0.078 MB memory for the CASCI Hamiltonian!
Time taken for 1-RDM build:        0.0313082 s
Time taken for 1-RDM build:        0.0311551 s
Time taken for 1-RDM build:        0.0311670 s
Time taken for 1-RDM build:        0.0287097 s
Time taken for 1-RDM build:        0.0277681 s
Time taken for 1-RDM build:        0.0275388 s
Time taken for 1-RDM build:        0.0278652 s
Time taken for 1-RDM build:        0.0276055 s
Time taken for 1-RDM build:        0.0279317 s
Time taken for 2-RDM build:        0.1184902 s
Time taken for 2-RDM build:        0.1187954 s
Time taken for 2-RDM build:        0.1187334 s
Time taken for 2-RDM build:        0.1182721 s
Time taken for 2-RDM build:        0.1186452 s
Time taken for 2-RDM build:        0.1186624 s
Time taken for 2-RDM build:        0.1183946 s
Time taken for 2-RDM build:        0.1184270 s
Time taken for 2-RDM build:        0.1187937 s
Time taken for 3-RDM build:        0.3908048 s
Time taken for 3-RDM build:        0.3871584 s
Time taken for 3-RDM build:        0.3870258 s
Time taken for 3-RDM build:        0.3869550 s
Time taken for 3-RDM build:        0.3882298 s
Time taken for 3-RDM build:        0.3885794 s
Time taken for 3-RDM build:        0.3886404 s
Time taken for 3-RDM build:        0.3878956 s
Time taken for 3-RDM build:        0.3885121 s
E_frzc:                         -285.7423197 Eh
E_cas:                            -3.6921024 Eh
E_nuc:                             0.0000000 Eh
E_casci:                        -289.4337768 Eh
E0 (from RDM):                  -289.4337768 Eh
Ecorr:                            -0.2329780 Eh

Timing summary
... Hamil build:                    0.1447191 s
... Hamil diag:                     0.0095036 s
... RDM build:                     17.4940193 s
State     Energy / Eh         Splitting / Eh      Splitting / cm-1    Splitting / meV     
0         -2.8943442e+02      +0.0000000e+00      +0.0000000e+00      +0.0000000e+00      
1         -2.8943409e+02      +3.3211201e-04      +7.2890160e+01      +9.0372324e+00      
2         -2.8943409e+02      +8.1735152e-10      +1.7938792e-04      +2.2241278e-05      
3         -2.8943409e+02      +8.9210062e-10      +1.9579345e-04      +2.4275306e-05      
4         -2.8943346e+02      +6.3005266e-04      +1.3828057e+02      +1.7144614e+01      
5         -2.8943346e+02      +2.5920599e-10      +5.6889139e-05      +7.0533576e-06      
6         -2.8943346e+02      +7.8654239e-10      +1.7262610e-04      +2.1402919e-05      
7         -2.8943346e+02      +6.1896799e-10      +1.3584777e-04      +1.6842985e-05      
8         -2.8943346e+02      +4.2439297e-10      +9.3143489e-05      +1.1548326e-05      
Total time taken:                  18.3099566 s
===============================================

===============================================
            Relativistic DSRG-MRPT3            
===============================================
... compute_energy_pt3_1:      63.1671255 s
... compute_energy_pt2:       0.2557976 s
... compute_energy_pt3_2:      50.8476963 s
... compute_energy_pt3_3:      10.7128713 s
-----------------------------------------------
        DSRG-MRPT3 reference relaxation        
-----------------------------------------------
Iter                          Energy              Delta E   
   -Eref  -289.4337768       
   -Ecorr -0.2066410       
<Psi^(0)|Hbar^(0)|Psi^(0)>    -289.6404178        -2.89640e+02
   -Erelax-0.0000967       
<Psi^(0)|Hbar^(1)|Psi^(0)>    -289.6405144        -9.66587e-05
   -Eref  -289.4336810       
   -Ecorr -0.2068578       
<Psi^(1)|Hbar^(1)|Psi^(1)>    -289.6405388        -2.44111e-05
   -Erelax-0.0000000       
<Psi^(1)|Hbar^(2)|Psi^(1)>    -289.6405388        -1.73316e-10
   -Eref  -289.4336810       
   -Ecorr -0.2068579       
<Psi^(2)|Hbar^(2)|Psi^(2)>    -289.6405389        -8.77583e-09
   -Erelax-0.0000000       
<Psi^(2)|Hbar^(3)|Psi^(2)>    -289.6405389        -2.27374e-13
Unrelaxed DSRG-MRPT3 energy:              -289.6404178 Eh
Unrelaxed DSRG-MRPT3 E_corr:                -0.2066410 Eh
Partially relaxed DSRG-MRPT3 energy:      -289.6405144 Eh
Partially relaxed DSRG-MRPT3 E_corr:        -0.2067376 Eh
Relaxed DSRG-MRPT3 energy:                -289.6405388 Eh
Relaxed DSRG-MRPT3 E_corr:                  -0.2068578 Eh
Fully relaxed DSRG-MRPT3 energy:          -289.6405389 Eh
Fully relaxed DSRG-MRPT3 E_corr:            -0.2068579 Eh
State     Energy / Eh         Splitting / Eh      Splitting / cm-1    Splitting / meV     
0         -2.8964124e+02      +0.0000000e+00      +0.0000000e+00      +0.0000000e+00      
1         -2.8964088e+02      +3.6238824e-04      +7.9535024e+01      +9.8610909e+00      
2         -2.8964088e+02      +6.0236971e-10      +1.3220487e-04      +1.6391323e-05      
3         -2.8964088e+02      +6.2908612e-10      +1.3806844e-04      +1.7118313e-05      
4         -2.8964019e+02      +6.8493509e-04      +1.5032588e+02      +1.8638042e+01      
5         -2.8964019e+02      +2.2328095e-10      +4.9004504e-05      +6.0757870e-06      
6         -2.8964019e+02      +5.4996008e-10      +1.2070228e-04      +1.4965183e-05      
7         -2.8964019e+02      +4.9243454e-10      +1.0807689e-04      +1.3399833e-05      
8         -2.8964019e+02      +2.8296654e-10      +6.2103976e-05      +7.6999154e-06      
Time taken:                      717.3624346 s
===============================================
===============================================
              PySCF DHF interface              
===============================================
Will now allocate 3.102 GB memory for the AO ERI tensor!

Timing report
....integral transformation:     202.0788832 s

===============================================
            Relativistic CASCI(5,8)            
===============================================
Will now allocate 0.050 MB memory for the CASCI Hamiltonian!
Time taken for 1-RDM build:        0.0208886 s
Time taken for 1-RDM build:        0.0215039 s
Time taken for 1-RDM build:        0.0207109 s
Time taken for 1-RDM build:        0.0208416 s
Time taken for 1-RDM build:        0.0207605 s
Time taken for 1-RDM build:        0.0208740 s
Time taken for 1-RDM build:        0.0209196 s
Time taken for 1-RDM build:        0.0208249 s
Time taken for 1-RDM build:        0.0208123 s
Time taken for 1-RDM build:        0.0205863 s
Time taken for 1-RDM build:        0.0207624 s
Time taken for 1-RDM build:        0.0206690 s
Time taken for 1-RDM build:        0.0207298 s
Time taken for 1-RDM build:        0.0207686 s
Time taken for 2-RDM build:        0.0857396 s
Time taken for 2-RDM build:        0.0854678 s
Time taken for 2-RDM build:        0.0855055 s
Time taken for 2-RDM build:        0.0857396 s
Time taken for 2-RDM build:        0.0855391 s
Time taken for 2-RDM build:        0.0859456 s
Time taken for 2-RDM build:        0.0854626 s
Time taken for 2-RDM build:        0.0854828 s
Time taken for 2-RDM build:        0.0854857 s
Time taken for 2-RDM build:        0.0852194 s
Time taken for 2-RDM build:        0.0855343 s
Time taken for 2-RDM build:        0.0853856 s
Time taken for 2-RDM build:        0.0855994 s
Time taken for 2-RDM build:        0.0851882 s
Time taken for 3-RDM build:        0.3578777 s
Time taken for 3-RDM build:        0.3574946 s
Time taken for 3-RDM build:        0.3573904 s
Time taken for 3-RDM build:        0.3578985 s
Time taken for 3-RDM build:        0.3575127 s
Time taken for 3-RDM build:        0.3576880 s
Time taken for 3-RDM build:        0.3574042 s
Time taken for 3-RDM build:        0.3565853 s
Time taken for 3-RDM build:        0.3569307 s
Time taken for 3-RDM build:        0.3570151 s
Time taken for 3-RDM build:        0.3571696 s
Time taken for 3-RDM build:        0.3575788 s
Time taken for 3-RDM build:        0.3584514 s
Time taken for 3-RDM build:        0.3612254 s
E_frzc:                         -335.1272672 Eh
E_cas:                            -6.3636403 Eh
E_nuc:                             0.0000000 Eh
E_casci:                        -341.4410664 Eh
E0 (from RDM):                  -341.4410664 Eh
Ecorr:                            -0.2138107 Eh

Timing summary
... Hamil build:                    0.1065009 s
... Hamil diag:                     0.0013957 s
... RDM build:                     18.4838727 s
State     Energy / Eh         Splitting / Eh      Splitting / cm-1    Splitting / meV     
0         -3.4149091e+02      +0.0000000e+00      +0.0000000e+00      +0.0000000e+00      
1         -3.4149091e+02      +3.2849812e-10      +7.2097003e-05      +8.9388933e-06      
2         -3.4149091e+02      +3.2838443e-10      +7.2072051e-05      +8.9357998e-06      
3         -3.4149091e+02      +3.2798653e-10      +7.1984722e-05      +8.9249722e-06      
4         -3.4142117e+02      +6.9735531e-02      +1.5305180e+04      +1.8976014e+03      
5         -3.4142117e+02      +1.5667183e-09      +3.4385492e-04      +4.2632597e-05      
6         -3.4142117e+02      +1.3034196e-09      +2.8606753e-04      +3.5467871e-05      
7         -3.4142117e+02      +1.7383286e-09      +3.8151902e-04      +4.7302353e-05      
8         -3.4142110e+02      +6.9890622e-05      +1.5339218e+01      +1.9018216e+00      
9         -3.4142110e+02      +9.2740038e-10      +2.0354085e-04      +2.5235862e-05      
10        -3.4142110e+02      +9.6150643e-10      +2.1102627e-04      +2.6163935e-05      
11        -3.4142110e+02      +7.5050366e-10      +1.6471651e-04      +2.0422255e-05      
12        -3.4142110e+02      +9.6383701e-10      +2.1153777e-04      +2.6227353e-05      
13        -3.4142110e+02      +1.9558115e-09      +4.2925101e-04      +5.3220367e-05      
Total time taken:                  19.2532053 s
===============================================

===============================================
            Relativistic DSRG-MRPT3            
===============================================
... compute_energy_pt3_1:      63.1657856 s
... compute_energy_pt2:       0.2463470 s
... compute_energy_pt3_2:      51.0716274 s
... compute_energy_pt3_3:      10.5195436 s
-----------------------------------------------
        DSRG-MRPT3 reference relaxation        
-----------------------------------------------
Iter                          Energy              Delta E   
   -Eref  -341.4410664       
   -Ecorr -0.2422245       
<Psi^(0)|Hbar^(0)|Psi^(0)>    -341.6832909        -3.41683e+02
   -Erelax-0.0000004       
<Psi^(0)|Hbar^(1)|Psi^(0)>    -341.6832913        -3.62689e-07
   -Eref  -341.4410661       
   -Ecorr -0.2422252       
<Psi^(1)|Hbar^(1)|Psi^(1)>    -341.6832913        -2.57081e-08
   -Erelax-0.0000000       
<Psi^(1)|Hbar^(2)|Psi^(1)>    -341.6832913        -7.78186e-11
   -Eref  -341.4410661       
   -Ecorr -0.2422252       
<Psi^(2)|Hbar^(2)|Psi^(2)>    -341.6832913        2.02112e-09
   -Erelax-0.0000000       
<Psi^(2)|Hbar^(3)|Psi^(2)>    -341.6832913        -2.27374e-13
Unrelaxed DSRG-MRPT3 energy:              -341.6832909 Eh
Unrelaxed DSRG-MRPT3 E_corr:                -0.2422245 Eh
Partially relaxed DSRG-MRPT3 energy:      -341.6832913 Eh
Partially relaxed DSRG-MRPT3 E_corr:        -0.2422249 Eh
Relaxed DSRG-MRPT3 energy:                -341.6832913 Eh
Relaxed DSRG-MRPT3 E_corr:                  -0.2422252 Eh
Fully relaxed DSRG-MRPT3 energy:          -341.6832913 Eh
Fully relaxed DSRG-MRPT3 E_corr:            -0.2422252 Eh
State     Energy / Eh         Splitting / Eh      Splitting / cm-1    Splitting / meV     
0         -3.4172681e+02      +0.0000000e+00      +0.0000000e+00      +0.0000000e+00      
1         -3.4172681e+02      +2.5443114e-10      +5.5841181e-05      +6.9234273e-06      
2         -3.4172681e+02      +2.5409008e-10      +5.5766327e-05      +6.9141466e-06      
3         -3.4172681e+02      +2.5426061e-10      +5.5803754e-05      +6.9187870e-06      
4         -3.4166592e+02      +6.0893921e-02      +1.3364671e+04      +1.6570088e+03      
5         -3.4166592e+02      +8.9545438e-10      +1.9652952e-04      +2.4366566e-05      
6         -3.4166592e+02      +7.3436013e-10      +1.6117342e-04      +1.9982966e-05      
7         -3.4166592e+02      +9.7912789e-10      +2.1489373e-04      +2.6643440e-05      
8         -3.4166586e+02      +6.0638757e-05      +1.3308669e+01      +1.6500654e+00      
9         -3.4166586e+02      +4.7344884e-10      +1.0391001e-04      +1.2883205e-05      
10        -3.4166586e+02      +4.4377657e-10      +9.7397699e-05      +1.2075781e-05      
11        -3.4166586e+02      +4.9152504e-10      +1.0787728e-04      +1.3375084e-05      
12        -3.4166586e+02      +5.4467364e-10      +1.1954205e-04      +1.4821332e-05      
13        -3.4166586e+02      +8.5833562e-10      +1.8838289e-04      +2.3356513e-05      
Time taken:                      749.8259914 s
===============================================
===============================================
              PySCF DHF interface              
===============================================
Will now allocate 3.102 GB memory for the AO ERI tensor!

Timing report
....integral transformation:     200.6478696 s

===============================================
            Relativistic CASCI(6,8)            
===============================================
Will now allocate 0.013 MB memory for the CASCI Hamiltonian!
Time taken for 1-RDM build:        0.0090919 s
Time taken for 1-RDM build:        0.0083930 s
Time taken for 1-RDM build:        0.0083680 s
Time taken for 1-RDM build:        0.0083663 s
Time taken for 1-RDM build:        0.0083585 s
Time taken for 1-RDM build:        0.0083687 s
Time taken for 1-RDM build:        0.0083621 s
Time taken for 1-RDM build:        0.0083542 s
Time taken for 1-RDM build:        0.0083630 s
Time taken for 2-RDM build:        0.0278738 s
Time taken for 2-RDM build:        0.0278063 s
Time taken for 2-RDM build:        0.0277948 s
Time taken for 2-RDM build:        0.0280085 s
Time taken for 2-RDM build:        0.0278659 s
Time taken for 2-RDM build:        0.0278304 s
Time taken for 2-RDM build:        0.0278795 s
Time taken for 2-RDM build:        0.0278602 s
Time taken for 2-RDM build:        0.0278711 s
Time taken for 3-RDM build:        0.1516256 s
Time taken for 3-RDM build:        0.1500275 s
Time taken for 3-RDM build:        0.1498709 s
Time taken for 3-RDM build:        0.1498725 s
Time taken for 3-RDM build:        0.1499925 s
Time taken for 3-RDM build:        0.1498790 s
Time taken for 3-RDM build:        0.1512306 s
Time taken for 3-RDM build:        0.1498523 s
Time taken for 3-RDM build:        0.1498680 s
E_frzc:                         -388.5675376 Eh
E_cas:                            -9.9659359 Eh
E_nuc:                             0.0000000 Eh
E_casci:                        -398.5325748 Eh
E0 (from RDM):                  -398.5325748 Eh
Ecorr:                            -0.1603097 Eh

Timing summary
... Hamil build:                    0.0640049 s
... Hamil diag:                     0.0003738 s
... RDM build:                     14.5407779 s
State     Energy / Eh         Splitting / Eh      Splitting / cm-1    Splitting / meV     
0         -3.9853347e+02      +0.0000000e+00      +0.0000000e+00      +0.0000000e+00      
1         -3.9853347e+02      +5.6296585e-09      +1.2355672e-03      +1.5319088e-04      
2         -3.9853347e+02      +5.9783360e-09      +1.3120931e-03      +1.6267889e-04      
3         -3.9853347e+02      +5.6479053e-09      +1.2395719e-03      +1.5368740e-04      
4         -3.9853347e+02      +5.6580234e-09      +1.2417926e-03      +1.5396273e-04      
5         -3.9853166e+02      +1.8163270e-03      +3.9863770e+02      +4.9424800e+01      
6         -3.9853166e+02      +3.5533390e-09      +7.7986775e-04      +9.6691324e-05      
7         -3.9853166e+02      +3.5755647e-09      +7.8474575e-04      +9.7296119e-05      
8         -3.9853083e+02      +8.2294816e-04      +1.8061624e+02      +2.2393571e+01      
Total time taken:                  15.2760744 s
===============================================

===============================================
            Relativistic DSRG-MRPT3            
===============================================
... compute_energy_pt3_1:      62.8773210 s
... compute_energy_pt2:       0.2416959 s
... compute_energy_pt3_2:      50.7771561 s
... compute_energy_pt3_3:      10.6094384 s
-----------------------------------------------
        DSRG-MRPT3 reference relaxation        
-----------------------------------------------
Iter                          Energy              Delta E   
   -Eref  -398.5325748       
   -Ecorr -0.2827362       
<Psi^(0)|Hbar^(0)|Psi^(0)>    -398.8153110        -3.98815e+02
   -Erelax-0.0000006       
<Psi^(0)|Hbar^(1)|Psi^(0)>    -398.8153116        -5.51911e-07
   -Eref  -398.5325742       
   -Ecorr -0.2827378       
<Psi^(1)|Hbar^(1)|Psi^(1)>    -398.8153120        -3.93795e-07
   -Erelax-0.0000000       
<Psi^(1)|Hbar^(2)|Psi^(1)>    -398.8153120        -7.33280e-12
   -Eref  -398.5325742       
   -Ecorr -0.2827378       
<Psi^(2)|Hbar^(2)|Psi^(2)>    -398.8153120        -8.37304e-10
   -Erelax-0.0000000       
<Psi^(2)|Hbar^(3)|Psi^(2)>    -398.8153120        0.00000e+00
Unrelaxed DSRG-MRPT3 energy:              -398.8153110 Eh
Unrelaxed DSRG-MRPT3 E_corr:                -0.2827362 Eh
Partially relaxed DSRG-MRPT3 energy:      -398.8153116 Eh
Partially relaxed DSRG-MRPT3 E_corr:        -0.2827368 Eh
Relaxed DSRG-MRPT3 energy:                -398.8153120 Eh
Relaxed DSRG-MRPT3 E_corr:                  -0.2827378 Eh
Fully relaxed DSRG-MRPT3 energy:          -398.8153120 Eh
Fully relaxed DSRG-MRPT3 E_corr:            -0.2827378 Eh
State     Energy / Eh         Splitting / Eh      Splitting / cm-1    Splitting / meV     
0         -3.9881625e+02      +0.0000000e+00      +0.0000000e+00      +0.0000000e+00      
1         -3.9881625e+02      +2.6786324e-09      +5.8789186e-04      +7.2889336e-05      
2         -3.9881625e+02      +2.5074769e-09      +5.5032756e-04      +6.8231954e-05      
3         -3.9881625e+02      +2.3712801e-09      +5.2043581e-04      +6.4525848e-05      
4         -3.9881625e+02      +2.5556801e-09      +5.6090695e-04      +6.9543631e-05      
5         -3.9881435e+02      +1.9047182e-03      +4.1803731e+02      +5.1830046e+01      
6         -3.9881435e+02      +1.3419594e-09      +2.9452605e-04      +3.6516594e-05      
7         -3.9881435e+02      +1.4475177e-09      +3.1769340e-04      +3.9388981e-05      
8         -3.9881349e+02      +8.6042020e-04      +1.8884041e+02      +2.3413238e+01      
Time taken:                     1038.1645029 s
===============================================
===============================================
              PySCF DHF interface              
===============================================
Will now allocate 3.102 GB memory for the AO ERI tensor!

Timing report
....integral transformation:     200.9927466 s

===============================================
            Relativistic CASCI(7,8)            
===============================================
Will now allocate 0.001 MB memory for the CASCI Hamiltonian!
Time taken for 1-RDM build:        0.0013971 s
Time taken for 1-RDM build:        0.0013762 s
Time taken for 1-RDM build:        0.0013771 s
Time taken for 1-RDM build:        0.0013826 s
Time taken for 1-RDM build:        0.0013726 s
Time taken for 1-RDM build:        0.0013769 s
Time taken for 2-RDM build:        0.0031366 s
Time taken for 2-RDM build:        0.0030072 s
Time taken for 2-RDM build:        0.0029795 s
Time taken for 2-RDM build:        0.0031803 s
Time taken for 2-RDM build:        0.0031059 s
Time taken for 2-RDM build:        0.0029840 s
Time taken for 3-RDM build:        0.0568144 s
Time taken for 3-RDM build:        0.0267580 s
Time taken for 3-RDM build:        0.0267811 s
Time taken for 3-RDM build:        0.0269477 s
Time taken for 3-RDM build:        0.0266657 s
Time taken for 3-RDM build:        0.0265679 s
E_frzc:                         -446.0682972 Eh
E_cas:                           -14.7582517 Eh
E_nuc:                             0.0000000 Eh
E_casci:                        -460.8252020 Eh
E0 (from RDM):                  -460.8252020 Eh
Ecorr:                             0.0013470 Eh

Timing summary
... Hamil build:                    0.0617297 s
... Hamil diag:                     0.0003335 s
... RDM build:                     12.4553504 s
State     Energy / Eh         Splitting / Eh      Splitting / cm-1    Splitting / meV     
0         -4.6082655e+02      +0.0000000e+00      +0.0000000e+00      +0.0000000e+00      
1         -4.6082655e+02      +1.2022326e-08      +2.6385956e-03      +3.2714432e-04      
2         -4.6082655e+02      +5.7600573e-09      +1.2641864e-03      +1.5673922e-04      
3         -4.6082655e+02      +1.1622035e-08      +2.5507418e-03      +3.1625183e-04      
4         -4.6082251e+02      +4.0408198e-03      +8.8685742e+02      +1.0995636e+02      
5         -4.6082251e+02      +2.0031848e-08      +4.3964825e-03      +5.4509461e-04      
Total time taken:                  13.1768763 s
===============================================

===============================================
            Relativistic DSRG-MRPT3            
===============================================
... compute_energy_pt3_1:      69.2067544 s
... compute_energy_pt2:       0.2537253 s
... compute_energy_pt3_2:      51.4371786 s
... compute_energy_pt3_3:      10.5143616 s
-----------------------------------------------
        DSRG-MRPT3 reference relaxation        
-----------------------------------------------
Iter                          Energy              Delta E   
   -Eref  -460.8252020       
   -Ecorr -0.3363943       
<Psi^(0)|Hbar^(0)|Psi^(0)>    -461.1615962        -4.61162e+02
   -Erelax0.0000000       
<Psi^(0)|Hbar^(1)|Psi^(0)>    -461.1615962        0.00000e+00
   -Eref  -460.8252020       
   -Ecorr -0.3363943       
<Psi^(1)|Hbar^(1)|Psi^(1)>    -461.1615962        1.70530e-13
   -Erelax0.0000000       
<Psi^(1)|Hbar^(2)|Psi^(1)>    -461.1615962        0.00000e+00
Unrelaxed DSRG-MRPT3 energy:              -461.1615962 Eh
Unrelaxed DSRG-MRPT3 E_corr:                -0.3363943 Eh
Partially relaxed DSRG-MRPT3 energy:      -461.1615962 Eh
Partially relaxed DSRG-MRPT3 E_corr:        -0.3363943 Eh
Relaxed DSRG-MRPT3 energy:                -461.1615962 Eh
Relaxed DSRG-MRPT3 E_corr:                  -0.3363943 Eh
Fully relaxed DSRG-MRPT3 energy:          -461.1615962 Eh
Fully relaxed DSRG-MRPT3 E_corr:            -0.3363943 Eh
State     Energy / Eh         Splitting / Eh      Splitting / cm-1    Splitting / meV     
0         -4.6116297e+02      +0.0000000e+00      +0.0000000e+00      +0.0000000e+00      
1         -4.6116297e+02      +4.1058001e-09      +9.0111897e-04      +1.1172457e-04      
2         -4.6116297e+02      +2.8784939e-09      +6.3175638e-04      +7.8327846e-05      
3         -4.6116297e+02      +3.9276529e-09      +8.6202016e-04      +1.0687693e-04      
4         -4.6115884e+02      +4.1342260e-03      +9.0735773e+02      +1.1249807e+02      
5         -4.6115884e+02      +7.3547994e-09      +1.6141919e-03      +2.0013438e-04      
Time taken:                      454.6164396 s
===============================================
===============================================
              PySCF DHF interface              
===============================================

Timing report
....integral reading:      25.0917420 s

===============================================
            Relativistic CASCI(3,8)            
===============================================
Will now allocate 0.050 MB memory for the CASCI Hamiltonian!
Time taken for 1-RDM build:        0.0057437 s
Time taken for 1-RDM build:        0.0057466 s
Time taken for 1-RDM build:        0.0057228 s
Time taken for 1-RDM build:        0.0057442 s
Time taken for 1-RDM build:        0.0057201 s
Time taken for 1-RDM build:        0.0057187 s
Time taken for 2-RDM build:        0.0242159 s
Time taken for 2-RDM build:        0.0241687 s
Time taken for 2-RDM build:        0.0241163 s
Time taken for 2-RDM build:        0.0241334 s
Time taken for 2-RDM build:        0.0240979 s
Time taken for 2-RDM build:        0.0241385 s
Time taken for 3-RDM build:        0.0681863 s
Time taken for 3-RDM build:        0.0678246 s
Time taken for 3-RDM build:        0.0671942 s
Time taken for 3-RDM build:        0.0672853 s
Time taken for 3-RDM build:        0.0672224 s
Time taken for 3-RDM build:        0.0671856 s
E_frzc:                        -1939.7138290 Eh
E_cas:                            -2.0100161 Eh
E_nuc:                             0.0000000 Eh
E_casci:                       -1941.7217616 Eh
E0 (from RDM):                 -1941.7217616 Eh
Ecorr:                            -0.1944870 Eh

Timing summary
... Hamil build:                    0.0170965 s
... Hamil diag:                     0.0009358 s
... RDM build:                     46.9631047 s
State     Energy / Eh         Splitting / Eh      Splitting / cm-1    Splitting / meV     
0         -1.9417238e+03      +0.0000000e+00      +0.0000000e+00      +0.0000000e+00      
1         -1.9417238e+03      +1.0702479e-09      +2.3489226e-04      +2.9122942e-05      
2         -1.9417207e+03      +3.1252750e-03      +6.8591858e+02      +8.5043106e+01      
3         -1.9417207e+03      +1.1004886e-09      +2.4152933e-04      +2.9945834e-05      
4         -1.9417207e+03      +9.5178621e-10      +2.0889293e-04      +2.5899434e-05      
5         -1.9417207e+03      +6.4619599e-10      +1.4182362e-04      +1.7583897e-05      
Total time taken:                  50.6324501 s
===============================================

===============================================
            Relativistic DSRG-MRPT3            
===============================================
... compute_energy_pt3_1:     439.1273730 s
... compute_energy_pt2:       1.1617966 s
... compute_energy_pt3_2:     367.3423536 s
... compute_energy_pt3_3:      95.6480856 s
-----------------------------------------------
        DSRG-MRPT3 reference relaxation        
-----------------------------------------------
Iter                          Energy              Delta E   
   -Eref  -1941.7217616       
   -Ecorr -0.8193495       
<Psi^(0)|Hbar^(0)|Psi^(0)>    -1942.5411111       -1.94254e+03
   -Erelax-0.0002310       
<Psi^(0)|Hbar^(1)|Psi^(0)>    -1942.5413421       -2.30996e-04
   -Eref  -1941.7215349       
   -Ecorr -0.8198228       
<Psi^(1)|Hbar^(1)|Psi^(1)>    -1942.5413576       -1.55250e-05
   -Erelax-0.0000000       
<Psi^(1)|Hbar^(2)|Psi^(1)>    -1942.5413576       -2.84444e-10
   -Eref  -1941.7215344       
   -Ecorr -0.8198233       
<Psi^(2)|Hbar^(2)|Psi^(2)>    -1942.5413577       -1.67297e-08
   -Erelax-0.0000000       
<Psi^(2)|Hbar^(3)|Psi^(2)>    -1942.5413577       0.00000e+00
   -Eref  -1941.7215344       
   -Ecorr -0.8198233       
<Psi^(3)|Hbar^(3)|Psi^(3)>    -1942.5413577       -1.81899e-11
   -Erelax-0.0000000       
<Psi^(3)|Hbar^(4)|Psi^(3)>    -1942.5413577       0.00000e+00
Unrelaxed DSRG-MRPT3 energy:             -1942.5411111 Eh
Unrelaxed DSRG-MRPT3 E_corr:                -0.8193495 Eh
Partially relaxed DSRG-MRPT3 energy:     -1942.5413421 Eh
Partially relaxed DSRG-MRPT3 E_corr:        -0.8195805 Eh
Relaxed DSRG-MRPT3 energy:               -1942.5413576 Eh
Relaxed DSRG-MRPT3 E_corr:                  -0.8198228 Eh
Fully relaxed DSRG-MRPT3 energy:         -1942.5413577 Eh
Fully relaxed DSRG-MRPT3 E_corr:            -0.8198233 Eh
State     Energy / Eh         Splitting / Eh      Splitting / cm-1    Splitting / meV     
0         -1.9425437e+03      +0.0000000e+00      +0.0000000e+00      +0.0000000e+00      
1         -1.9425437e+03      +7.1167960e-10      +1.5619562e-04      +1.9365798e-05      
2         -1.9425402e+03      +3.5475587e-03      +7.7859914e+02      +9.6534036e+01      
3         -1.9425402e+03      +7.0826900e-10      +1.5544708e-04      +1.9272990e-05      
4         -1.9425402e+03      +6.0413186e-10      +1.3259162e-04      +1.6439273e-05      
5         -1.9425402e+03      +4.4133230e-10      +9.6861244e-05      +1.2009269e-05      
Time taken:                     4510.2042603 s
===============================================
===============================================
              PySCF DHF interface              
===============================================

Timing report
....integral reading:      24.8547130 s

===============================================
            Relativistic CASCI(4,8)            
===============================================
Will now allocate 0.078 MB memory for the CASCI Hamiltonian!
Time taken for 1-RDM build:        0.0088766 s
Time taken for 1-RDM build:        0.0087299 s
Time taken for 1-RDM build:        0.0087612 s
Time taken for 1-RDM build:        0.0087376 s
Time taken for 1-RDM build:        0.0087306 s
Time taken for 1-RDM build:        0.0087385 s
Time taken for 1-RDM build:        0.0087590 s
Time taken for 1-RDM build:        0.0087559 s
Time taken for 1-RDM build:        0.0087283 s
Time taken for 2-RDM build:        0.0346909 s
Time taken for 2-RDM build:        0.0345955 s
Time taken for 2-RDM build:        0.0346713 s
Time taken for 2-RDM build:        0.0345604 s
Time taken for 2-RDM build:        0.0346792 s
Time taken for 2-RDM build:        0.0345840 s
Time taken for 2-RDM build:        0.0346322 s
Time taken for 2-RDM build:        0.0345984 s
Time taken for 2-RDM build:        0.0346348 s
Time taken for 3-RDM build:        0.1523473 s
Time taken for 3-RDM build:        0.1511841 s
Time taken for 3-RDM build:        0.1510825 s
Time taken for 3-RDM build:        0.1512780 s
Time taken for 3-RDM build:        0.1510181 s
Time taken for 3-RDM build:        0.1511359 s
Time taken for 3-RDM build:        0.1509728 s
Time taken for 3-RDM build:        0.1510780 s
Time taken for 3-RDM build:        0.1508853 s
E_frzc:                        -2092.8592106 Eh
E_cas:                            -3.6862998 Eh
E_nuc:                             0.0000000 Eh
E_casci:                       -2096.5413860 Eh
E0 (from RDM):                 -2096.5413860 Eh
Ecorr:                            -0.2153364 Eh

Timing summary
... Hamil build:                    0.0265751 s
... Hamil diag:                     0.0010359 s
... RDM build:                     45.3224962 s
State     Energy / Eh         Splitting / Eh      Splitting / cm-1    Splitting / meV     
0         -2.0965455e+03      +0.0000000e+00      +0.0000000e+00      +0.0000000e+00      
1         -2.0965432e+03      +2.3344184e-03      +5.1234561e+02      +6.3522789e+01      
2         -2.0965432e+03      +6.4164851e-10      +1.4082557e-04      +1.7460154e-05      
3         -2.0965432e+03      +5.3205440e-10      +1.1677244e-04      +1.4477945e-05      
4         -2.0965395e+03      +3.6890520e-03      +8.0965333e+02      +1.0038427e+02      
5         -2.0965395e+03      +9.3723429e-10      +2.0569915e-04      +2.5503456e-05      
6         -2.0965395e+03      +1.0586518e-09      +2.3234722e-04      +2.8807397e-05      
7         -2.0965395e+03      +1.1709744e-09      +2.5699918e-04      +3.1863852e-05      
8         -2.0965395e+03      +1.0372787e-09      +2.2765636e-04      +2.8225805e-05      
Total time taken:                  48.9843559 s
===============================================

===============================================
            Relativistic DSRG-MRPT3            
===============================================
... compute_energy_pt3_1:     448.7116766 s
... compute_energy_pt2:       1.1683288 s
... compute_energy_pt3_2:     332.6385016 s
... compute_energy_pt3_3:      90.3930378 s
-----------------------------------------------
        DSRG-MRPT3 reference relaxation        
-----------------------------------------------
Iter                          Energy              Delta E   
   -Eref  -2096.5413860       
   -Ecorr -0.8322324       
<Psi^(0)|Hbar^(0)|Psi^(0)>    -2097.3736183       -2.09737e+03
   -Erelax-0.0001068       
<Psi^(0)|Hbar^(1)|Psi^(0)>    -2097.3737251       -1.06778e-04
   -Eref  -2096.5412801       
   -Ecorr -0.8324735       
<Psi^(1)|Hbar^(1)|Psi^(1)>    -2097.3737536       -2.85134e-05
   -Erelax-0.0000000       
<Psi^(1)|Hbar^(2)|Psi^(1)>    -2097.3737536       -4.66753e-09
   -Eref  -2096.5412797       
   -Ecorr -0.8324739       
<Psi^(2)|Hbar^(2)|Psi^(2)>    -2097.3737537       -3.44471e-08
   -Erelax-0.0000000       
<Psi^(2)|Hbar^(3)|Psi^(2)>    -2097.3737537       -4.54747e-12
   -Eref  -2096.5412797       
   -Ecorr -0.8324739       
<Psi^(3)|Hbar^(3)|Psi^(3)>    -2097.3737537       -1.07320e-09
   -Erelax0.0000000       
<Psi^(3)|Hbar^(4)|Psi^(3)>    -2097.3737537       0.00000e+00
Unrelaxed DSRG-MRPT3 energy:             -2097.3736183 Eh
Unrelaxed DSRG-MRPT3 E_corr:                -0.8322324 Eh
Partially relaxed DSRG-MRPT3 energy:     -2097.3737251 Eh
Partially relaxed DSRG-MRPT3 E_corr:        -0.8323391 Eh
Relaxed DSRG-MRPT3 energy:               -2097.3737536 Eh
Relaxed DSRG-MRPT3 E_corr:                  -0.8324735 Eh
Fully relaxed DSRG-MRPT3 energy:         -2097.3737537 Eh
Fully relaxed DSRG-MRPT3 E_corr:            -0.8324739 Eh
State     Energy / Eh         Splitting / Eh      Splitting / cm-1    Splitting / meV     
0         -2.0973782e+03      +0.0000000e+00      +0.0000000e+00      +0.0000000e+00      
1         -2.0973757e+03      +2.5708202e-03      +5.6422980e+02      +6.9955613e+01      
2         -2.0973757e+03      +4.3428372e-10      +9.5314259e-05      +1.1817468e-05      
3         -2.0973757e+03      +4.0063242e-10      +8.7928651e-05      +1.0901769e-05      
4         -2.0973717e+03      +3.9701556e-03      +8.7134844e+02      +1.0803349e+02      
5         -2.0973717e+03      +5.6479621e-10      +1.2395844e-04      +1.5368895e-05      
6         -2.0973717e+03      +6.4937922e-10      +1.4252226e-04      +1.7670517e-05      
7         -2.0973717e+03      +6.7257133e-10      +1.4761234e-04      +1.8301607e-05      
8         -2.0973717e+03      +5.7752914e-10      +1.2675299e-04      +1.5715376e-05      
Time taken:                     4475.3367531 s
===============================================
===============================================
              PySCF DHF interface              
===============================================

Timing report
....integral reading:      25.2075880 s

===============================================
            Relativistic CASCI(5,8)            
===============================================
Will now allocate 0.050 MB memory for the CASCI Hamiltonian!
Time taken for 1-RDM build:        0.0057235 s
Time taken for 1-RDM build:        0.0057118 s
Time taken for 1-RDM build:        0.0057185 s
Time taken for 1-RDM build:        0.0057020 s
Time taken for 1-RDM build:        0.0057180 s
Time taken for 1-RDM build:        0.0057232 s
Time taken for 1-RDM build:        0.0057223 s
Time taken for 1-RDM build:        0.0057015 s
Time taken for 1-RDM build:        0.0057368 s
Time taken for 1-RDM build:        0.0057070 s
Time taken for 1-RDM build:        0.0057228 s
Time taken for 1-RDM build:        0.0057075 s
Time taken for 1-RDM build:        0.0057161 s
Time taken for 1-RDM build:        0.0057194 s
Time taken for 2-RDM build:        0.0257607 s
Time taken for 2-RDM build:        0.0256066 s
Time taken for 2-RDM build:        0.0255420 s
Time taken for 2-RDM build:        0.0255640 s
Time taken for 2-RDM build:        0.0255978 s
Time taken for 2-RDM build:        0.0255857 s
Time taken for 2-RDM build:        0.0255721 s
Time taken for 2-RDM build:        0.0281487 s
Time taken for 2-RDM build:        0.0314598 s
Time taken for 2-RDM build:        0.0259943 s
Time taken for 2-RDM build:        0.0256102 s
Time taken for 2-RDM build:        0.0255930 s
Time taken for 2-RDM build:        0.0255959 s
Time taken for 2-RDM build:        0.0255320 s
Time taken for 3-RDM build:        0.1556048 s
Time taken for 3-RDM build:        0.1485586 s
Time taken for 3-RDM build:        0.1486013 s
Time taken for 3-RDM build:        0.1506526 s
Time taken for 3-RDM build:        0.1488564 s
Time taken for 3-RDM build:        0.1489441 s
Time taken for 3-RDM build:        0.1489668 s
Time taken for 3-RDM build:        0.1485965 s
Time taken for 3-RDM build:        0.1487834 s
Time taken for 3-RDM build:        0.1485548 s
Time taken for 3-RDM build:        0.1486113 s
Time taken for 3-RDM build:        0.1487260 s
Time taken for 3-RDM build:        0.1485815 s
Time taken for 3-RDM build:        0.1484990 s
E_frzc:                        -2252.3726240 Eh
E_cas:                            -6.0718308 Eh
E_nuc:                             0.0000000 Eh
E_casci:                       -2258.3972569 Eh
E0 (from RDM):                 -2258.3972569 Eh
Ecorr:                            -0.0178409 Eh

Timing summary
... Hamil build:                    0.0221374 s
... Hamil diag:                     0.0005181 s
... RDM build:                     45.5648603 s
State     Energy / Eh         Splitting / Eh      Splitting / cm-1    Splitting / meV     
0         -2.2584445e+03      +0.0000000e+00      +0.0000000e+00      +0.0000000e+00      
1         -2.2584445e+03      +5.2432370e-10      +1.1507575e-04      +1.4267581e-05      
2         -2.2584445e+03      +5.2705218e-10      +1.1567458e-04      +1.4341827e-05      
3         -2.2584445e+03      +5.1386451e-10      +1.1278022e-04      +1.3982972e-05      
4         -2.2583793e+03      +6.5107933e-02      +1.4289540e+04      +1.7716780e+03      
5         -2.2583793e+03      +9.2859409e-10      +2.0380284e-04      +2.5268344e-05      
6         -2.2583793e+03      +1.1159500e-09      +2.4492271e-04      +3.0366561e-05      
7         -2.2583793e+03      +5.1250026e-10      +1.1248081e-04      +1.3945849e-05      
8         -2.2583777e+03      +1.6153755e-03      +3.5453394e+02      +4.3956628e+01      
9         -2.2583777e+03      +7.5033313e-10      +1.6467909e-04      +2.0417614e-05      
10        -2.2583777e+03      +4.8839865e-10      +1.0719111e-04      +1.3290011e-05      
11        -2.2583777e+03      +1.4611032e-09      +3.2067509e-04      +3.9758663e-05      
12        -2.2583777e+03      +1.6329977e-09      +3.5840157e-04      +4.4436153e-05      
13        -2.2583777e+03      +6.3982952e-10      +1.4042635e-04      +1.7410656e-05      
Total time taken:                  49.2586160 s
===============================================

===============================================
            Relativistic DSRG-MRPT3            
===============================================
... compute_energy_pt3_1:     444.4088826 s
... compute_energy_pt2:       1.1553006 s
... compute_energy_pt3_2:     333.5059056 s
... compute_energy_pt3_3:      83.2024014 s
-----------------------------------------------
        DSRG-MRPT3 reference relaxation        
-----------------------------------------------
Iter                          Energy              Delta E   
   -Eref  -2258.3972569       
   -Ecorr -0.8553935       
<Psi^(0)|Hbar^(0)|Psi^(0)>    -2259.2526504       -2.25925e+03
   -Erelax-0.0000054       
<Psi^(0)|Hbar^(1)|Psi^(0)>    -2259.2526558       -5.40284e-06
   -Eref  -2258.3972518       
   -Ecorr -0.8554047       
<Psi^(1)|Hbar^(1)|Psi^(1)>    -2259.2526566       -7.50633e-07
   -Erelax-0.0000000       
<Psi^(1)|Hbar^(2)|Psi^(1)>    -2259.2526566       -9.77707e-11
   -Eref  -2258.3972518       
   -Ecorr -0.8554047       
<Psi^(2)|Hbar^(2)|Psi^(2)>    -2259.2526565       9.09904e-09
   -Erelax-0.0000000       
<Psi^(2)|Hbar^(3)|Psi^(2)>    -2259.2526565       0.00000e+00
Unrelaxed DSRG-MRPT3 energy:             -2259.2526504 Eh
Unrelaxed DSRG-MRPT3 E_corr:                -0.8553935 Eh
Partially relaxed DSRG-MRPT3 energy:     -2259.2526558 Eh
Partially relaxed DSRG-MRPT3 E_corr:        -0.8553989 Eh
Relaxed DSRG-MRPT3 energy:               -2259.2526566 Eh
Relaxed DSRG-MRPT3 E_corr:                  -0.8554047 Eh
Fully relaxed DSRG-MRPT3 energy:         -2259.2526565 Eh
Fully relaxed DSRG-MRPT3 E_corr:            -0.8554047 Eh
State     Energy / Eh         Splitting / Eh      Splitting / cm-1    Splitting / meV     
0         -2.2592945e+03      +0.0000000e+00      +0.0000000e+00      +0.0000000e+00      
1         -2.2592945e+03      +2.6466296e-10      +5.8086805e-05      +7.2018494e-06      
2         -2.2592945e+03      +2.8194336e-10      +6.1879414e-05      +7.6720732e-06      
3         -2.2592945e+03      +2.6193447e-10      +5.7487972e-05      +7.1276035e-06      
4         -2.2592369e+03      +5.7686389e-02      +1.2660699e+04      +1.5697273e+03      
5         -2.2592369e+03      +4.1654857e-10      +9.1421844e-05      +1.1334869e-05      
6         -2.2592369e+03      +3.9062797e-10      +8.5732930e-05      +1.0629534e-05      
7         -2.2592369e+03      +3.1423042e-10      +6.8965605e-05      +8.5506493e-06      
8         -2.2592353e+03      +1.5949856e-03      +3.5005887e+02      +4.3401789e+01      
9         -2.2592353e+03      +4.5611159e-10      +1.0010492e-04      +1.2411435e-05      
10        -2.2592353e+03      +1.6507329e-10      +3.6229399e-05      +4.4918751e-06      
11        -2.2592353e+03      +7.6397555e-10      +1.6767325e-04      +2.0788844e-05      
12        -2.2592353e+03      +8.6947693e-10      +1.9082813e-04      +2.3659684e-05      
13        -2.2592353e+03      +2.9558578e-10      +6.4873579e-05      +8.0433025e-06      
Time taken:                     3315.5755146 s
===============================================
===============================================
              PySCF DHF interface              
===============================================

Timing report
....integral reading:      24.9734194 s

===============================================
            Relativistic CASCI(6,8)            
===============================================
Will now allocate 0.013 MB memory for the CASCI Hamiltonian!
Time taken for 1-RDM build:        0.0022192 s
Time taken for 1-RDM build:        0.0021834 s
Time taken for 1-RDM build:        0.0021977 s
Time taken for 1-RDM build:        0.0021918 s
Time taken for 1-RDM build:        0.0021915 s
Time taken for 1-RDM build:        0.0021884 s
Time taken for 1-RDM build:        0.0021937 s
Time taken for 1-RDM build:        0.0021896 s
Time taken for 1-RDM build:        0.0021794 s
Time taken for 2-RDM build:        0.0086162 s
Time taken for 2-RDM build:        0.0085461 s
Time taken for 2-RDM build:        0.0085380 s
Time taken for 2-RDM build:        0.0085235 s
Time taken for 2-RDM build:        0.0085251 s
Time taken for 2-RDM build:        0.0085220 s
Time taken for 2-RDM build:        0.0085316 s
Time taken for 2-RDM build:        0.0085311 s
Time taken for 2-RDM build:        0.0085332 s
Time taken for 3-RDM build:        0.0677032 s
Time taken for 3-RDM build:        0.0662835 s
Time taken for 3-RDM build:        0.0661223 s
Time taken for 3-RDM build:        0.0663819 s
Time taken for 3-RDM build:        0.0673342 s
Time taken for 3-RDM build:        0.0661781 s
Time taken for 3-RDM build:        0.0661504 s
Time taken for 3-RDM build:        0.0662484 s
Time taken for 3-RDM build:        0.0661538 s
E_frzc:                        -2418.2608262 Eh
E_cas:                            -9.1774708 Eh
E_nuc:                             0.0000000 Eh
E_casci:                       -2427.4340589 Eh
E0 (from RDM):                 -2427.4340589 Eh
Ecorr:                            -0.1372548 Eh

Timing summary
... Hamil build:                    0.0097973 s
... Hamil diag:                     0.0002906 s
... RDM build:                     46.1138337 s
State     Energy / Eh         Splitting / Eh      Splitting / cm-1    Splitting / meV     
0         -2.4274383e+03      +0.0000000e+00      +0.0000000e+00      +0.0000000e+00      
1         -2.4274383e+03      +1.9413164e-09      +4.2606971e-04      +5.2825936e-05      
2         -2.4274383e+03      +8.9721652e-10      +1.9691626e-04      +2.4414517e-05      
3         -2.4274383e+03      +1.1737029e-09      +2.5759801e-04      +3.1938098e-05      
4         -2.4274383e+03      +1.8349056e-09      +4.0271522e-04      +4.9930347e-05      
5         -2.4274294e+03      +8.8831576e-03      +1.9496277e+03      +2.4172315e+02      
6         -2.4274294e+03      +4.1914063e-09      +9.1990735e-04      +1.1405403e-04      
7         -2.4274294e+03      +4.1027306e-09      +9.0044528e-04      +1.1164104e-04      
8         -2.4274268e+03      +2.6102260e-03      +5.7287839e+02      +7.1027902e+01      
Total time taken:                  49.7966988 s
===============================================

===============================================
            Relativistic DSRG-MRPT3            
===============================================
... compute_energy_pt3_1:     438.4952307 s
... compute_energy_pt2:       1.1909661 s
... compute_energy_pt3_2:     354.0872898 s
... compute_energy_pt3_3:      89.1605241 s
-----------------------------------------------
        DSRG-MRPT3 reference relaxation        
-----------------------------------------------
Iter                          Energy              Delta E   
   -Eref  -2427.4340589       
   -Ecorr -0.8802335       
<Psi^(0)|Hbar^(0)|Psi^(0)>    -2428.3142924       -2.42831e+03
   -Erelax-0.0000078       
<Psi^(0)|Hbar^(1)|Psi^(0)>    -2428.3143002       -7.83055e-06
   -Eref  -2427.4340502       
   -Ecorr -0.8802550       
<Psi^(1)|Hbar^(1)|Psi^(1)>    -2428.3143052       -4.98533e-06
   -Erelax-0.0000000       
<Psi^(1)|Hbar^(2)|Psi^(1)>    -2428.3143052       -5.09317e-11
   -Eref  -2427.4340502       
   -Ecorr -0.8802550       
<Psi^(2)|Hbar^(2)|Psi^(2)>    -2428.3143052       -1.03237e-08
   -Erelax-0.0000000       
<Psi^(2)|Hbar^(3)|Psi^(2)>    -2428.3143052       0.00000e+00
   -Eref  -2427.4340502       
   -Ecorr -0.8802550       
<Psi^(3)|Hbar^(3)|Psi^(3)>    -2428.3143052       -3.91083e-11
   -Erelax-0.0000000       
<Psi^(3)|Hbar^(4)|Psi^(3)>    -2428.3143052       0.00000e+00
Unrelaxed DSRG-MRPT3 energy:             -2428.3142924 Eh
Unrelaxed DSRG-MRPT3 E_corr:                -0.8802335 Eh
Partially relaxed DSRG-MRPT3 energy:     -2428.3143002 Eh
Partially relaxed DSRG-MRPT3 E_corr:        -0.8802413 Eh
Relaxed DSRG-MRPT3 energy:               -2428.3143052 Eh
Relaxed DSRG-MRPT3 E_corr:                  -0.8802550 Eh
Fully relaxed DSRG-MRPT3 energy:         -2428.3143052 Eh
Fully relaxed DSRG-MRPT3 E_corr:            -0.8802550 Eh
State     Energy / Eh         Splitting / Eh      Splitting / cm-1    Splitting / meV     
0         -2.4283188e+03      +0.0000000e+00      +0.0000000e+00      +0.0000000e+00      
1         -2.4283188e+03      +8.4446583e-10      +1.8533883e-04      +2.2979097e-05      
2         -2.4283188e+03      +7.2805051e-10      +1.5978862e-04      +1.9811273e-05      
3         -2.4283188e+03      +8.1809048e-10      +1.7955011e-04      +2.2261387e-05      
4         -2.4283188e+03      +7.9216989e-10      +1.7386119e-04      +2.1556051e-05      
5         -2.4283094e+03      +9.3535945e-03      +2.0528767e+03      +2.5452439e+02      
6         -2.4283094e+03      +2.2982931e-09      +5.0441703e-04      +6.2539771e-05      
7         -2.4283094e+03      +2.2509994e-09      +4.9403726e-04      +6.1252842e-05      
8         -2.4283067e+03      +2.6993994e-03      +5.9244968e+02      +7.3454434e+01      
Time taken:                     4479.2593760 s
===============================================
===============================================
              PySCF DHF interface              
===============================================

Timing report
....integral reading:      24.7724328 s

===============================================
            Relativistic CASCI(7,8)            
===============================================
Will now allocate 0.001 MB memory for the CASCI Hamiltonian!
Time taken for 1-RDM build:        0.0003748 s
Time taken for 1-RDM build:        0.0003645 s
Time taken for 1-RDM build:        0.0003638 s
Time taken for 1-RDM build:        0.0003624 s
Time taken for 1-RDM build:        0.0003662 s
Time taken for 1-RDM build:        0.0003650 s
Time taken for 2-RDM build:        0.0010819 s
Time taken for 2-RDM build:        0.0010340 s
Time taken for 2-RDM build:        0.0010273 s
Time taken for 2-RDM build:        0.0010202 s
Time taken for 2-RDM build:        0.0010300 s
Time taken for 2-RDM build:        0.0010271 s
Time taken for 3-RDM build:        0.0147622 s
Time taken for 3-RDM build:        0.0124049 s
Time taken for 3-RDM build:        0.0123909 s
Time taken for 3-RDM build:        0.0124063 s
Time taken for 3-RDM build:        0.0123951 s
Time taken for 3-RDM build:        0.0123966 s
E_frzc:                        -2590.5378304 Eh
E_cas:                           -13.1880855 Eh
E_nuc:                             0.0000000 Eh
E_casci:                       -2603.7203212 Eh
E0 (from RDM):                 -2603.7203212 Eh
Ecorr:                            -0.0318830 Eh

Timing summary
... Hamil build:                    0.0027173 s
... Hamil diag:                     0.0001192 s
... RDM build:                     44.1320696 s
State     Energy / Eh         Splitting / Eh      Splitting / cm-1    Splitting / meV     
0         -2.6037259e+03      +0.0000000e+00      +0.0000000e+00      +0.0000000e+00      
1         -2.6037259e+03      +9.2413757e-09      +2.0282475e-03      +2.5147076e-04      
2         -2.6037259e+03      +1.8784249e-08      +4.1226661e-03      +5.1114569e-04      
3         -2.6037259e+03      +9.8884811e-09      +2.1702707e-03      +2.6907941e-04      
4         -2.6037091e+03      +1.6783801e-02      +3.6836186e+03      +4.5671072e+02      
5         -2.6037091e+03      +7.4087438e-09      +1.6260313e-03      +2.0160228e-04      
Total time taken:                  47.7850904 s
===============================================

===============================================
            Relativistic DSRG-MRPT3            
===============================================
... compute_energy_pt3_1:     420.5960093 s
... compute_energy_pt2:       1.1435699 s
... compute_energy_pt3_2:     372.1848595 s
... compute_energy_pt3_3:     101.1712549 s
-----------------------------------------------
        DSRG-MRPT3 reference relaxation        
-----------------------------------------------
Iter                          Energy              Delta E   
   -Eref  -2603.7203212       
   -Ecorr -0.9166763       
<Psi^(0)|Hbar^(0)|Psi^(0)>    -2604.6369975       -2.60464e+03
   -Erelax0.0000000       
<Psi^(0)|Hbar^(1)|Psi^(0)>    -2604.6369975       0.00000e+00
   -Eref  -2603.7203212       
   -Ecorr -0.9166763       
<Psi^(1)|Hbar^(1)|Psi^(1)>    -2604.6369975       4.54747e-13
   -Erelax0.0000000       
<Psi^(1)|Hbar^(2)|Psi^(1)>    -2604.6369975       0.00000e+00
Unrelaxed DSRG-MRPT3 energy:             -2604.6369975 Eh
Unrelaxed DSRG-MRPT3 E_corr:                -0.9166763 Eh
Partially relaxed DSRG-MRPT3 energy:     -2604.6369975 Eh
Partially relaxed DSRG-MRPT3 E_corr:        -0.9166763 Eh
Relaxed DSRG-MRPT3 energy:               -2604.6369975 Eh
Relaxed DSRG-MRPT3 E_corr:                  -0.9166763 Eh
Fully relaxed DSRG-MRPT3 energy:         -2604.6369975 Eh
Fully relaxed DSRG-MRPT3 E_corr:            -0.9166763 Eh
State     Energy / Eh         Splitting / Eh      Splitting / cm-1    Splitting / meV     
0         -2.6046427e+03      +0.0000000e+00      +0.0000000e+00      +0.0000000e+00      
1         -2.6046427e+03      +4.2341526e-09      +9.2928907e-04      +1.1521722e-04      
2         -2.6046427e+03      +8.1058715e-09      +1.7790332e-03      +2.2057210e-04      
3         -2.6046427e+03      +4.5279194e-09      +9.9376343e-04      +1.2321102e-04      
4         -2.6046256e+03      +1.7128061e-02      +3.7591747e+03      +4.6607849e+02      
5         -2.6046256e+03      +3.8826329e-09      +8.5213942e-04      +1.0565187e-04      
Time taken:                     2206.8679051 s
===============================================
