NOW DOING s=0.76!
===============================================
              PySCF DHF interface              
===============================================
Will now allocate 796.594 MB memory for the AO ERI tensor!

Timing report
....integral transformation:      53.0447276 s

===============================================
            Relativistic CASCI(3,8)            
===============================================
Will now allocate 0.050 MB memory for the CASCI Hamiltonian!
Time taken for 1-RDM build:        0.0205226 s
Time taken for 1-RDM build:        0.0203531 s
Time taken for 1-RDM build:        0.0206976 s
Time taken for 1-RDM build:        0.0202737 s
Time taken for 1-RDM build:        0.0202668 s
Time taken for 1-RDM build:        0.0201993 s
Time taken for 2-RDM build:        0.0810814 s
Time taken for 2-RDM build:        0.0808308 s
Time taken for 2-RDM build:        0.0809705 s
Time taken for 2-RDM build:        0.0807230 s
Time taken for 2-RDM build:        0.0807250 s
Time taken for 2-RDM build:        0.0807052 s
Time taken for 3-RDM build:        0.1864128 s
Time taken for 3-RDM build:        0.1855137 s
Time taken for 3-RDM build:        0.1860590 s
Time taken for 3-RDM build:        0.1854563 s
Time taken for 3-RDM build:        0.1856668 s
Time taken for 3-RDM build:        0.1851232 s
E_frzc:                          -21.9899228 Eh
E_cas:                            -2.5754278 Eh
E_nuc:                             0.0000000 Eh
E_casci:                         -24.5653104 Eh
E0 (from RDM):                   -24.5653104 Eh
Ecorr:                            -0.2764703 Eh

Timing summary
... Hamil build:                    0.0698411 s
... Hamil diag:                     0.0015008 s
... RDM build:                      5.1917078 s
State     Energy / Eh         Splitting / Eh      Splitting / cm-1    Splitting / meV     
0         -2.4565351e+01      +0.0000000e+00      +0.0000000e+00      +0.0000000e+00      
1         -2.4565351e+01      +1.6292141e-09      +3.5757116e-04      +4.4333195e-05      
2         -2.4565290e+01      +6.0370290e-05      +1.3249747e+01      +1.6427601e+00      
3         -2.4565290e+01      +8.2750518e-10      +1.8161639e-04      +2.2517574e-05      
4         -2.4565290e+01      +8.6880192e-10      +1.9067998e-04      +2.3641316e-05      
5         -2.4565290e+01      +1.8699780e-09      +4.1041272e-04      +5.0884716e-05      
Total time taken:                   5.4399278 s
===============================================

===============================================
            Relativistic DSRG-MRPT3            
===============================================
... compute_energy_pt3_1:      15.1681082 s
... compute_energy_pt2:       0.0832312 s
... compute_energy_pt3_2:      11.9759603 s
... compute_energy_pt3_3:       2.8125553 s
-----------------------------------------------
        DSRG-MRPT3 reference relaxation        
-----------------------------------------------
Iter                          Energy              Delta E   
   -Eref  -24.5653104       
   -Ecorr -0.0751986       
<Psi^(0)|Hbar^(0)|Psi^(0)>    -24.6405090         -2.46405e+01
   -Erelax-0.0005568       
<Psi^(0)|Hbar^(1)|Psi^(0)>    -24.6410658         -5.56795e-04
   -Eref  -24.5647489       
   -Ecorr -0.0761894       
<Psi^(1)|Hbar^(1)|Psi^(1)>    -24.6409383         1.27467e-04
   -Erelax-0.0000000       
<Psi^(1)|Hbar^(2)|Psi^(1)>    -24.6409383         -7.10318e-09
   -Eref  -24.5647449       
   -Ecorr -0.0761930       
<Psi^(2)|Hbar^(2)|Psi^(2)>    -24.6409379         4.05162e-07
   -Erelax-0.0000000       
<Psi^(2)|Hbar^(3)|Psi^(2)>    -24.6409379         -6.03961e-14
   -Eref  -24.5647449       
   -Ecorr -0.0761931       
<Psi^(3)|Hbar^(3)|Psi^(3)>    -24.6409379         1.21975e-09
   -Erelax0.0000000       
<Psi^(3)|Hbar^(4)|Psi^(3)>    -24.6409379         0.00000e+00
Unrelaxed DSRG-MRPT3 energy:               -24.6405090 Eh
Unrelaxed DSRG-MRPT3 E_corr:                -0.0751986 Eh
Partially relaxed DSRG-MRPT3 energy:       -24.6410658 Eh
Partially relaxed DSRG-MRPT3 E_corr:        -0.0757554 Eh
Relaxed DSRG-MRPT3 energy:                 -24.6409383 Eh
Relaxed DSRG-MRPT3 E_corr:                  -0.0761894 Eh
Fully relaxed DSRG-MRPT3 energy:           -24.6409379 Eh
Fully relaxed DSRG-MRPT3 E_corr:            -0.0761931 Eh
State     Energy / Eh         Splitting / Eh      Splitting / cm-1    Splitting / meV     
0         -2.4640981e+01      +0.0000000e+00      +0.0000000e+00      +0.0000000e+00      
1         -2.4640981e+01      +5.5176486e-10      +1.2109839e-04      +1.5014294e-05      
2         -2.4640916e+01      +6.4991161e-05      +1.4263911e+01      +1.7685004e+00      
3         -2.4640916e+01      +3.8944137e-10      +8.5472500e-05      +1.0597244e-05      
4         -2.4640916e+01      +3.1976910e-10      +7.0181205e-05      +8.7013646e-06      
5         -2.4640916e+01      +5.4392757e-10      +1.1937830e-04      +1.4801030e-05      
Time taken:                      173.5811565 s
===============================================
===============================================
              PySCF DHF interface              
===============================================
Will now allocate 796.594 MB memory for the AO ERI tensor!

Timing report
....integral transformation:      51.5910976 s

===============================================
            Relativistic CASCI(4,8)            
===============================================
Will now allocate 0.078 MB memory for the CASCI Hamiltonian!
Time taken for 1-RDM build:        0.0309441 s
Time taken for 1-RDM build:        0.0308406 s
Time taken for 1-RDM build:        0.0308647 s
Time taken for 1-RDM build:        0.0284693 s
Time taken for 1-RDM build:        0.0272052 s
Time taken for 1-RDM build:        0.0271859 s
Time taken for 1-RDM build:        0.0271716 s
Time taken for 1-RDM build:        0.0271649 s
Time taken for 1-RDM build:        0.0271854 s
Time taken for 2-RDM build:        0.1192093 s
Time taken for 2-RDM build:        0.1191092 s
Time taken for 2-RDM build:        0.1196368 s
Time taken for 2-RDM build:        0.1191030 s
Time taken for 2-RDM build:        0.1191206 s
Time taken for 2-RDM build:        0.1189928 s
Time taken for 2-RDM build:        0.1191037 s
Time taken for 2-RDM build:        0.1191585 s
Time taken for 2-RDM build:        0.1191955 s
Time taken for 3-RDM build:        0.3989956 s
Time taken for 3-RDM build:        0.3974848 s
Time taken for 3-RDM build:        0.3974009 s
Time taken for 3-RDM build:        0.3980846 s
Time taken for 3-RDM build:        0.3974912 s
Time taken for 3-RDM build:        0.3976264 s
Time taken for 3-RDM build:        0.3975542 s
Time taken for 3-RDM build:        0.3975792 s
Time taken for 3-RDM build:        0.3976102 s
E_frzc:                          -32.3709352 Eh
E_cas:                            -5.3467114 Eh
E_nuc:                             0.0000000 Eh
E_casci:                         -37.7175257 Eh
E0 (from RDM):                   -37.7175257 Eh
Ecorr:                            -0.4429083 Eh

Timing summary
... Hamil build:                    0.1070764 s
... Hamil diag:                     0.0018840 s
... RDM build:                      8.3387213 s
State     Energy / Eh         Splitting / Eh      Splitting / cm-1    Splitting / meV     
0         -3.7717647e+01      +0.0000000e+00      +0.0000000e+00      +0.0000000e+00      
1         -3.7717578e+01      +6.8056777e-05      +1.4936736e+01      +1.8519201e+00      
2         -3.7717578e+01      +1.0789876e-09      +2.3681040e-04      +2.9360761e-05      
3         -3.7717578e+01      +1.2285710e-09      +2.6964017e-04      +3.3431136e-05      
4         -3.7717470e+01      +1.0852195e-04      +2.3817815e+01      +2.9530341e+00      
5         -3.7717470e+01      +3.7325520e-10      +8.1920048e-05      +1.0156796e-05      
6         -3.7717470e+01      +9.5213437e-10      +2.0896934e-04      +2.5908908e-05      
7         -3.7717470e+01      +4.4994408e-10      +9.8751311e-05      +1.2243608e-05      
8         -3.7717470e+01      +5.6219562e-10      +1.2338768e-04      +1.5298129e-05      
Total time taken:                   8.6280856 s
===============================================

===============================================
            Relativistic DSRG-MRPT3            
===============================================
... compute_energy_pt3_1:      15.5240321 s
... compute_energy_pt2:       0.0827320 s
... compute_energy_pt3_2:      12.3874574 s
... compute_energy_pt3_3:       2.6873255 s
-----------------------------------------------
        DSRG-MRPT3 reference relaxation        
-----------------------------------------------
Iter                          Energy              Delta E   
   -Eref  -37.7175257       
   -Ecorr -0.1167287       
<Psi^(0)|Hbar^(0)|Psi^(0)>    -37.8342545         -3.78343e+01
   -Erelax-0.0000552       
<Psi^(0)|Hbar^(1)|Psi^(0)>    -37.8343097         -5.52375e-05
   -Eref  -37.7174682       
   -Ecorr -0.1169518       
<Psi^(1)|Hbar^(1)|Psi^(1)>    -37.8344201         -1.10369e-04
   -Erelax-0.0000000       
<Psi^(1)|Hbar^(2)|Psi^(1)>    -37.8344201         -2.23994e-09
   -Eref  -37.7174689       
   -Ecorr -0.1169505       
<Psi^(2)|Hbar^(2)|Psi^(2)>    -37.8344194         6.66661e-07
   -Erelax-0.0000000       
<Psi^(2)|Hbar^(3)|Psi^(2)>    -37.8344194         -4.45510e-12
   -Eref  -37.7174689       
   -Ecorr -0.1169505       
<Psi^(3)|Hbar^(3)|Psi^(3)>    -37.8344194         -3.70854e-09
   -Erelax-0.0000000       
<Psi^(3)|Hbar^(4)|Psi^(3)>    -37.8344194         -7.81597e-14
Unrelaxed DSRG-MRPT3 energy:               -37.8342545 Eh
Unrelaxed DSRG-MRPT3 E_corr:                -0.1167287 Eh
Partially relaxed DSRG-MRPT3 energy:       -37.8343097 Eh
Partially relaxed DSRG-MRPT3 E_corr:        -0.1167840 Eh
Relaxed DSRG-MRPT3 energy:                 -37.8344201 Eh
Relaxed DSRG-MRPT3 E_corr:                  -0.1169518 Eh
Fully relaxed DSRG-MRPT3 energy:           -37.8344194 Eh
Fully relaxed DSRG-MRPT3 E_corr:            -0.1169505 Eh
State     Energy / Eh         Splitting / Eh      Splitting / cm-1    Splitting / meV     
0         -3.7834568e+01      +0.0000000e+00      +0.0000000e+00      +0.0000000e+00      
1         -3.7834487e+01      +8.1446930e-05      +1.7875535e+01      +2.2162849e+00      
2         -3.7834487e+01      +9.7713837e-11      +2.1445708e-05      +2.6589302e-06      
3         -3.7834487e+01      +7.7271523e-11      +1.6959139e-05      +2.1026662e-06      
4         -3.7834349e+01      +1.3771407e-04      +3.0224744e+01      +3.7473925e+00      
5         -3.7834349e+01      +4.5481841e-11      +9.9821101e-06      +1.2376245e-06      
6         -3.7834349e+01      +3.8646419e-11      +8.4819086e-06      +1.0516231e-06      
7         -3.7834349e+01      +1.1679901e-10      +2.5634421e-05      +3.1782646e-06      
8         -3.7834349e+01      +8.6473051e-12      +1.8978641e-06      +2.3530527e-07      
Time taken:                      185.0605950 s
===============================================
===============================================
              PySCF DHF interface              
===============================================
Will now allocate 796.594 MB memory for the AO ERI tensor!

Timing report
....integral transformation:      51.9073327 s

===============================================
            Relativistic CASCI(5,8)            
===============================================
Will now allocate 0.050 MB memory for the CASCI Hamiltonian!
Time taken for 1-RDM build:        0.0204000 s
Time taken for 1-RDM build:        0.0204451 s
Time taken for 1-RDM build:        0.0206554 s
Time taken for 1-RDM build:        0.0204880 s
Time taken for 1-RDM build:        0.0203815 s
Time taken for 1-RDM build:        0.0203693 s
Time taken for 1-RDM build:        0.0203488 s
Time taken for 1-RDM build:        0.0203478 s
Time taken for 1-RDM build:        0.0203803 s
Time taken for 1-RDM build:        0.0203955 s
Time taken for 1-RDM build:        0.0203617 s
Time taken for 1-RDM build:        0.0203688 s
Time taken for 1-RDM build:        0.0203605 s
Time taken for 1-RDM build:        0.0203795 s
Time taken for 2-RDM build:        0.0859370 s
Time taken for 2-RDM build:        0.0859275 s
Time taken for 2-RDM build:        0.0859778 s
Time taken for 2-RDM build:        0.0859346 s
Time taken for 2-RDM build:        0.0862198 s
Time taken for 2-RDM build:        0.0860615 s
Time taken for 2-RDM build:        0.0860052 s
Time taken for 2-RDM build:        0.0859137 s
Time taken for 2-RDM build:        0.0860677 s
Time taken for 2-RDM build:        0.0864172 s
Time taken for 2-RDM build:        0.0862644 s
Time taken for 2-RDM build:        0.0866578 s
Time taken for 2-RDM build:        0.0866053 s
Time taken for 2-RDM build:        0.0863783 s
Time taken for 3-RDM build:        0.3704920 s
Time taken for 3-RDM build:        0.3690856 s
Time taken for 3-RDM build:        0.3688385 s
Time taken for 3-RDM build:        0.3703895 s
Time taken for 3-RDM build:        0.3693175 s
Time taken for 3-RDM build:        0.3694367 s
Time taken for 3-RDM build:        0.3695810 s
Time taken for 3-RDM build:        0.3735113 s
Time taken for 3-RDM build:        0.3722181 s
Time taken for 3-RDM build:        0.3729253 s
Time taken for 3-RDM build:        0.3721964 s
Time taken for 3-RDM build:        0.3715653 s
Time taken for 3-RDM build:        0.3712714 s
Time taken for 3-RDM build:        0.3724661 s
E_frzc:                          -44.7567199 Eh
E_cas:                            -9.6666253 Eh
E_nuc:                             0.0000000 Eh
E_casci:                         -54.3487687 Eh
E0 (from RDM):                   -54.3487687 Eh
Ecorr:                            -0.4454114 Eh

Timing summary
... Hamil build:                    0.0870781 s
... Hamil diag:                     0.0010760 s
... RDM build:                     10.2109277 s
State     Energy / Eh         Splitting / Eh      Splitting / cm-1    Splitting / meV     
0         -5.4423345e+01      +0.0000000e+00      +0.0000000e+00      +0.0000000e+00      
1         -5.4423345e+01      +1.0766144e-09      +2.3628954e-04      +2.9296183e-05      
2         -5.4423345e+01      +1.0765078e-09      +2.3626614e-04      +2.9293283e-05      
3         -5.4423345e+01      +1.0764154e-09      +2.3624587e-04      +2.9290769e-05      
4         -5.4318958e+01      +1.0438692e-01      +2.2910281e+04      +2.8405142e+03      
5         -5.4318958e+01      +1.1012489e-09      +2.4169619e-04      +2.9966522e-05      
6         -5.4318958e+01      +1.1371313e-09      +2.4957147e-04      +3.0942933e-05      
7         -5.4318958e+01      +5.9976912e-10      +1.3163411e-04      +1.6320557e-05      
8         -5.4318958e+01      +1.1947492e-09      +2.6221714e-04      +3.2510797e-05      
9         -5.4318958e+01      +1.3782895e-09      +3.0249957e-04      +3.7505185e-05      
10        -5.4318908e+01      +5.0508872e-05      +1.1085416e+01      +1.3744171e+00      
11        -5.4318908e+01      +3.9502766e-09      +8.6698548e-04      +1.0749255e-04      
12        -5.4318908e+01      +3.0347778e-09      +6.6605673e-04      +8.2580549e-05      
13        -5.4318908e+01      +2.9868943e-09      +6.5554752e-04      +8.1277572e-05      
Total time taken:                  10.4759440 s
===============================================

===============================================
            Relativistic DSRG-MRPT3            
===============================================
... compute_energy_pt3_1:      14.8766623 s
... compute_energy_pt2:       0.0868218 s
... compute_energy_pt3_2:      11.7943695 s
... compute_energy_pt3_3:       2.8389513 s
-----------------------------------------------
        DSRG-MRPT3 reference relaxation        
-----------------------------------------------
Iter                          Energy              Delta E   
   -Eref  -54.3487687       
   -Ecorr -0.1686503       
<Psi^(0)|Hbar^(0)|Psi^(0)>    -54.5174190         -5.45174e+01
   -Erelax-0.0000000       
<Psi^(0)|Hbar^(1)|Psi^(0)>    -54.5174190         -1.67170e-08
   -Eref  -54.3487687       
   -Ecorr -0.1686503       
<Psi^(1)|Hbar^(1)|Psi^(1)>    -54.5174190         -2.87271e-08
   -Erelax-0.0000000       
<Psi^(1)|Hbar^(2)|Psi^(1)>    -54.5174190         -1.36140e-11
   -Eref  -54.3487687       
   -Ecorr -0.1686503       
<Psi^(2)|Hbar^(2)|Psi^(2)>    -54.5174190         -7.17485e-10
   -Erelax-0.0000000       
<Psi^(2)|Hbar^(3)|Psi^(2)>    -54.5174190         -4.97380e-14
Unrelaxed DSRG-MRPT3 energy:               -54.5174190 Eh
Unrelaxed DSRG-MRPT3 E_corr:                -0.1686503 Eh
Partially relaxed DSRG-MRPT3 energy:       -54.5174190 Eh
Partially relaxed DSRG-MRPT3 E_corr:        -0.1686503 Eh
Relaxed DSRG-MRPT3 energy:                 -54.5174190 Eh
Relaxed DSRG-MRPT3 E_corr:                  -0.1686503 Eh
Fully relaxed DSRG-MRPT3 energy:           -54.5174190 Eh
Fully relaxed DSRG-MRPT3 E_corr:            -0.1686503 Eh
State     Energy / Eh         Splitting / Eh      Splitting / cm-1    Splitting / meV     
0         -5.4582393e+01      +0.0000000e+00      +0.0000000e+00      +0.0000000e+00      
1         -5.4582393e+01      +2.3844393e-10      +5.2332394e-05      +6.4883930e-06      
2         -5.4582393e+01      +2.3845814e-10      +5.2335513e-05      +6.4887797e-06      
3         -5.4582393e+01      +2.3848656e-10      +5.2341750e-05      +6.4895530e-06      
4         -5.4491438e+01      +9.0955640e-02      +1.9962455e+04      +2.4750302e+03      
5         -5.4491438e+01      +1.0164314e-10      +2.2308090e-05      +2.7658520e-06      
6         -5.4491438e+01      +8.2359009e-11      +1.8075713e-05      +2.2411038e-06      
7         -5.4491438e+01      +4.1730175e-11      +9.1587147e-06      +1.1355364e-06      
8         -5.4491438e+01      +5.2651217e-11      +1.1555606e-05      +1.4327133e-06      
9         -5.4491438e+01      +2.8649083e-11      +6.2877469e-06      +7.7958163e-07      
10        -5.4491416e+01      +2.1286628e-05      +4.6718747e+00      +5.7923892e-01      
11        -5.4491416e+01      +1.1910828e-10      +2.6141245e-05      +3.2411029e-06      
12        -5.4491416e+01      +9.1510799e-11      +2.0084299e-05      +2.4901369e-06      
13        -5.4491416e+01      +4.0735415e-11      +8.9403901e-06      +1.1084676e-06      
Time taken:                      140.3843334 s
===============================================
===============================================
              PySCF DHF interface              
===============================================
Will now allocate 796.594 MB memory for the AO ERI tensor!

Timing report
....integral transformation:      51.9927666 s

===============================================
            Relativistic CASCI(6,8)            
===============================================
Will now allocate 0.013 MB memory for the CASCI Hamiltonian!
Time taken for 1-RDM build:        0.0082066 s
Time taken for 1-RDM build:        0.0081100 s
Time taken for 1-RDM build:        0.0080662 s
Time taken for 1-RDM build:        0.0080261 s
Time taken for 1-RDM build:        0.0081141 s
Time taken for 1-RDM build:        0.0080130 s
Time taken for 1-RDM build:        0.0080361 s
Time taken for 1-RDM build:        0.0080492 s
Time taken for 1-RDM build:        0.0080464 s
Time taken for 2-RDM build:        0.0281177 s
Time taken for 2-RDM build:        0.0280695 s
Time taken for 2-RDM build:        0.0280051 s
Time taken for 2-RDM build:        0.0281091 s
Time taken for 2-RDM build:        0.0280325 s
Time taken for 2-RDM build:        0.0281677 s
Time taken for 2-RDM build:        0.0282793 s
Time taken for 2-RDM build:        0.0283320 s
Time taken for 2-RDM build:        0.0282366 s
Time taken for 3-RDM build:        0.1578104 s
Time taken for 3-RDM build:        0.1566041 s
Time taken for 3-RDM build:        0.1574891 s
Time taken for 3-RDM build:        0.1573470 s
Time taken for 3-RDM build:        0.1578658 s
Time taken for 3-RDM build:        0.1572392 s
Time taken for 3-RDM build:        0.1569569 s
Time taken for 3-RDM build:        0.1570117 s
Time taken for 3-RDM build:        0.1574419 s
E_frzc:                          -59.1480236 Eh
E_cas:                           -15.7034833 Eh
E_nuc:                             0.0000000 Eh
E_casci:                         -74.8511626 Eh
E0 (from RDM):                   -74.8511626 Eh
Ecorr:                            -0.3302227 Eh

Timing summary
... Hamil build:                    0.0368001 s
... Hamil diag:                     0.0005369 s
... RDM build:                      5.2246006 s
State     Energy / Eh         Splitting / Eh      Splitting / cm-1    Splitting / meV     
0         -7.4851507e+01      +0.0000000e+00      +0.0000000e+00      +0.0000000e+00      
1         -7.4851507e+01      +6.1121028e-09      +1.3414515e-03      +1.6631887e-04      
2         -7.4851507e+01      +6.8041430e-09      +1.4933368e-03      +1.8515025e-04      
3         -7.4851507e+01      +7.2887616e-09      +1.5996983e-03      +1.9833740e-04      
4         -7.4851507e+01      +9.8173984e-09      +2.1546699e-03      +2.6714515e-04      
5         -7.4850809e+01      +6.9818897e-04      +1.5323477e+02      +1.8998699e+01      
6         -7.4850809e+01      +7.3982278e-09      +1.6237233e-03      +2.0131613e-04      
7         -7.4850809e+01      +7.5923197e-09      +1.6663215e-03      +2.0659764e-04      
8         -7.4850503e+01      +3.0523771e-04      +6.6991933e+01      +8.3059451e+00      
Total time taken:                   5.4408715 s
===============================================

===============================================
            Relativistic DSRG-MRPT3            
===============================================
... compute_energy_pt3_1:      14.8085763 s
... compute_energy_pt2:       0.0819736 s
... compute_energy_pt3_2:      12.1142406 s
... compute_energy_pt3_3:       2.8209620 s
-----------------------------------------------
        DSRG-MRPT3 reference relaxation        
-----------------------------------------------
Iter                          Energy              Delta E   
   -Eref  -74.8511626       
   -Ecorr -0.2125883       
<Psi^(0)|Hbar^(0)|Psi^(0)>    -75.0637509         -7.50638e+01
   -Erelax-0.0000001       
<Psi^(0)|Hbar^(1)|Psi^(0)>    -75.0637510         -5.11151e-08
   -Eref  -74.8511626       
   -Ecorr -0.2125882       
<Psi^(1)|Hbar^(1)|Psi^(1)>    -75.0637508         1.58666e-07
   -Erelax-0.0000000       
<Psi^(1)|Hbar^(2)|Psi^(1)>    -75.0637508         -1.20136e-09
   -Eref  -74.8511626       
   -Ecorr -0.2125882       
<Psi^(2)|Hbar^(2)|Psi^(2)>    -75.0637508         -2.18461e-08
   -Erelax-0.0000000       
<Psi^(2)|Hbar^(3)|Psi^(2)>    -75.0637508         -3.09370e-11
   -Eref  -74.8511626       
   -Ecorr -0.2125882       
<Psi^(3)|Hbar^(3)|Psi^(3)>    -75.0637508         3.58730e-09
   -Erelax-0.0000000       
<Psi^(3)|Hbar^(4)|Psi^(3)>    -75.0637508         -8.10019e-13
Unrelaxed DSRG-MRPT3 energy:               -75.0637509 Eh
Unrelaxed DSRG-MRPT3 E_corr:                -0.2125883 Eh
Partially relaxed DSRG-MRPT3 energy:       -75.0637510 Eh
Partially relaxed DSRG-MRPT3 E_corr:        -0.2125883 Eh
Relaxed DSRG-MRPT3 energy:                 -75.0637508 Eh
Relaxed DSRG-MRPT3 E_corr:                  -0.2125882 Eh
Fully relaxed DSRG-MRPT3 energy:           -75.0637508 Eh
Fully relaxed DSRG-MRPT3 E_corr:            -0.2125882 Eh
State     Energy / Eh         Splitting / Eh      Splitting / cm-1    Splitting / meV     
0         -7.5064051e+01      +0.0000000e+00      +0.0000000e+00      +0.0000000e+00      
1         -7.5064051e+01      +2.7511220e-09      +6.0380148e-04      +7.4861878e-05      
2         -7.5064051e+01      +2.8052085e-09      +6.1567210e-04      +7.6333648e-05      
3         -7.5064051e+01      +2.8383766e-09      +6.2295166e-04      +7.7236199e-05      
4         -7.5064051e+01      +2.9063472e-09      +6.3786947e-04      +7.9085772e-05      
5         -7.5063439e+01      +6.1141263e-04      +1.3418956e+02      +1.6637393e+01      
6         -7.5063439e+01      +2.9678091e-09      +6.5135881e-04      +8.0758238e-05      
7         -7.5063439e+01      +2.7002613e-09      +5.9263886e-04      +7.3477889e-05      
8         -7.5063187e+01      +2.5252537e-04      +5.5422912e+01      +6.8715685e+00      
Time taken:                      176.9532764 s
===============================================
===============================================
              PySCF DHF interface              
===============================================
Will now allocate 796.594 MB memory for the AO ERI tensor!

Timing report
....integral transformation:      51.8089483 s

===============================================
            Relativistic CASCI(7,8)            
===============================================
Will now allocate 0.001 MB memory for the CASCI Hamiltonian!
Time taken for 1-RDM build:        0.0013611 s
Time taken for 1-RDM build:        0.0013463 s
Time taken for 1-RDM build:        0.0013418 s
Time taken for 1-RDM build:        0.0013466 s
Time taken for 1-RDM build:        0.0013402 s
Time taken for 1-RDM build:        0.0013473 s
Time taken for 2-RDM build:        0.0030055 s
Time taken for 2-RDM build:        0.0029459 s
Time taken for 2-RDM build:        0.0029433 s
Time taken for 2-RDM build:        0.0029464 s
Time taken for 2-RDM build:        0.0029447 s
Time taken for 2-RDM build:        0.0029438 s
Time taken for 3-RDM build:        0.0287511 s
Time taken for 3-RDM build:        0.0275695 s
Time taken for 3-RDM build:        0.0275633 s
Time taken for 3-RDM build:        0.0275598 s
Time taken for 3-RDM build:        0.0275478 s
Time taken for 3-RDM build:        0.0275571 s
E_frzc:                          -75.5478008 Eh
E_cas:                           -23.9325131 Eh
E_nuc:                             0.0000000 Eh
E_casci:                         -99.4797328 Eh
E0 (from RDM):                   -99.4797328 Eh
Ecorr:                            -0.1043819 Eh

Timing summary
... Hamil build:                    0.0065455 s
... Hamil diag:                     0.0001757 s
... RDM build:                      3.6389501 s
State     Energy / Eh         Splitting / Eh      Splitting / cm-1    Splitting / meV     
0         -9.9480314e+01      +0.0000000e+00      +0.0000000e+00      +0.0000000e+00      
1         -9.9480314e+01      +2.4031053e-08      +5.2742064e-03      +6.5391856e-04      
2         -9.9480314e+01      +6.9549344e-09      +1.5264317e-03      +1.8925350e-04      
3         -9.9480314e+01      +2.1663141e-08      +4.7545098e-03      +5.8948436e-04      
4         -9.9478571e+01      +1.7431739e-03      +3.8258245e+02      +4.7434202e+01      
5         -9.9478571e+01      +1.6993951e-08      +3.7297411e-03      +4.6242918e-04      
Total time taken:                   3.8239982 s
===============================================

===============================================
            Relativistic DSRG-MRPT3            
===============================================
... compute_energy_pt3_1:      15.2290068 s
... compute_energy_pt2:       0.0877855 s
... compute_energy_pt3_2:      12.0844476 s
... compute_energy_pt3_3:       2.6848576 s
-----------------------------------------------
        DSRG-MRPT3 reference relaxation        
-----------------------------------------------
Iter                          Energy              Delta E   
   -Eref  -99.4797328       
   -Ecorr -0.2669378       
<Psi^(0)|Hbar^(0)|Psi^(0)>    -99.7466706         -9.97467e+01
   -Erelax0.0000000       
<Psi^(0)|Hbar^(1)|Psi^(0)>    -99.7466706         1.42109e-14
   -Eref  -99.4797328       
   -Ecorr -0.2669378       
<Psi^(1)|Hbar^(1)|Psi^(1)>    -99.7466706         4.26326e-14
   -Erelax0.0000000       
<Psi^(1)|Hbar^(2)|Psi^(1)>    -99.7466706         1.42109e-14
Unrelaxed DSRG-MRPT3 energy:               -99.7466706 Eh
Unrelaxed DSRG-MRPT3 E_corr:                -0.2669378 Eh
Partially relaxed DSRG-MRPT3 energy:       -99.7466706 Eh
Partially relaxed DSRG-MRPT3 E_corr:        -0.2669378 Eh
Relaxed DSRG-MRPT3 energy:                 -99.7466706 Eh
Relaxed DSRG-MRPT3 E_corr:                  -0.2669378 Eh
Fully relaxed DSRG-MRPT3 energy:           -99.7466706 Eh
Fully relaxed DSRG-MRPT3 E_corr:            -0.2669378 Eh
State     Energy / Eh         Splitting / Eh      Splitting / cm-1    Splitting / meV     
0         -9.9747274e+01      +0.0000000e+00      +0.0000000e+00      +0.0000000e+00      
1         -9.9747274e+01      +1.2386977e-08      +2.7186271e-03      +3.3706697e-04      
2         -9.9747274e+01      +3.3560923e-09      +7.3657711e-04      +9.1323966e-05      
3         -9.9747274e+01      +1.4262184e-08      +3.1301876e-03      +3.8809399e-04      
4         -9.9745463e+01      +1.8106884e-03      +3.9740016e+02      +4.9271364e+01      
5         -9.9745463e+01      +7.4096533e-09      +1.6262309e-03      +2.0162703e-04      
Time taken:                       81.0921843 s
===============================================
===============================================
              PySCF DHF interface              
===============================================
Will now allocate 3.102 GB memory for the AO ERI tensor!

Timing report
....integral transformation:     197.5076146 s

===============================================
            Relativistic CASCI(3,8)            
===============================================
Will now allocate 0.050 MB memory for the CASCI Hamiltonian!
Time taken for 1-RDM build:        0.0201604 s
Time taken for 1-RDM build:        0.0201864 s
Time taken for 1-RDM build:        0.0201356 s
Time taken for 1-RDM build:        0.0202315 s
Time taken for 1-RDM build:        0.0202107 s
Time taken for 1-RDM build:        0.0202546 s
Time taken for 2-RDM build:        0.0802500 s
Time taken for 2-RDM build:        0.0802526 s
Time taken for 2-RDM build:        0.0802794 s
Time taken for 2-RDM build:        0.0804904 s
Time taken for 2-RDM build:        0.0805426 s
Time taken for 2-RDM build:        0.0805733 s
Time taken for 3-RDM build:        0.1857476 s
Time taken for 3-RDM build:        0.1847405 s
Time taken for 3-RDM build:        0.1843882 s
Time taken for 3-RDM build:        0.1845214 s
Time taken for 3-RDM build:        0.1845055 s
Time taken for 3-RDM build:        0.1845648 s
E_frzc:                         -240.4061812 Eh
E_cas:                            -1.8986420 Eh
E_nuc:                             0.0000000 Eh
E_casci:                        -242.3045291 Eh
E0 (from RDM):                  -242.3045291 Eh
Ecorr:                            -0.1899047 Eh

Timing summary
... Hamil build:                    0.0688989 s
... Hamil diag:                     0.0011277 s
... RDM build:                     13.7293074 s
State     Energy / Eh         Splitting / Eh      Splitting / cm-1    Splitting / meV     
0         -2.4230482e+02      +0.0000000e+00      +0.0000000e+00      +0.0000000e+00      
1         -2.4230482e+02      +1.0992665e-09      +2.4126110e-04      +2.9912578e-05      
2         -2.4230438e+02      +4.4107881e-04      +9.6805609e+01      +1.2002372e+01      
3         -2.4230438e+02      +1.0805650e-09      +2.3715660e-04      +2.9403685e-05      
4         -2.4230438e+02      +8.9775654e-10      +1.9703478e-04      +2.4429211e-05      
5         -2.4230438e+02      +3.6629899e-10      +8.0393336e-05      +9.9675080e-06      
Total time taken:                  14.4534743 s
===============================================

===============================================
            Relativistic DSRG-MRPT3            
===============================================
... compute_energy_pt3_1:      62.0712647 s
... compute_energy_pt2:       0.2455916 s
... compute_energy_pt3_2:      49.2004108 s
... compute_energy_pt3_3:      11.2871971 s
-----------------------------------------------
        DSRG-MRPT3 reference relaxation        
-----------------------------------------------
Iter                          Energy              Delta E   
   -Eref  -242.3045291       
   -Ecorr -0.2003041       
<Psi^(0)|Hbar^(0)|Psi^(0)>    -242.5048332        -2.42505e+02
   -Erelax-0.0004414       
<Psi^(0)|Hbar^(1)|Psi^(0)>    -242.5052745        -4.41361e-04
   -Eref  -242.3040952       
   -Ecorr -0.2011314       
<Psi^(1)|Hbar^(1)|Psi^(1)>    -242.5052267        4.78757e-05
   -Erelax-0.0000000       
<Psi^(1)|Hbar^(2)|Psi^(1)>    -242.5052267        -3.75147e-09
   -Eref  -242.3040927       
   -Ecorr -0.2011338       
<Psi^(2)|Hbar^(2)|Psi^(2)>    -242.5052266        1.22358e-07
   -Erelax-0.0000000       
<Psi^(2)|Hbar^(3)|Psi^(2)>    -242.5052266        -2.84217e-14
   -Eref  -242.3040927       
   -Ecorr -0.2011339       
<Psi^(3)|Hbar^(3)|Psi^(3)>    -242.5052265        3.07836e-10
   -Erelax-0.0000000       
<Psi^(3)|Hbar^(4)|Psi^(3)>    -242.5052265        0.00000e+00
Unrelaxed DSRG-MRPT3 energy:              -242.5048332 Eh
Unrelaxed DSRG-MRPT3 E_corr:                -0.2003041 Eh
Partially relaxed DSRG-MRPT3 energy:      -242.5052745 Eh
Partially relaxed DSRG-MRPT3 E_corr:        -0.2007454 Eh
Relaxed DSRG-MRPT3 energy:                -242.5052267 Eh
Relaxed DSRG-MRPT3 E_corr:                  -0.2011314 Eh
Fully relaxed DSRG-MRPT3 energy:          -242.5052265 Eh
Fully relaxed DSRG-MRPT3 E_corr:            -0.2011339 Eh
State     Energy / Eh         Splitting / Eh      Splitting / cm-1    Splitting / meV     
0         -2.4250556e+02      +0.0000000e+00      +0.0000000e+00      +0.0000000e+00      
1         -2.4250556e+02      +5.7127636e-10      +1.2538067e-04      +1.5545229e-05      
2         -2.4250506e+02      +5.0394743e-04      +1.1060368e+02      +1.3713115e+01      
3         -2.4250506e+02      +5.3864824e-10      +1.1821962e-04      +1.4657372e-05      
4         -2.4250506e+02      +4.2891202e-10      +9.4135306e-05      +1.1671296e-05      
5         -2.4250506e+02      +2.2998847e-10      +5.0476635e-05      +6.2583081e-06      
Time taken:                      716.6503530 s
===============================================
===============================================
              PySCF DHF interface              
===============================================
Will now allocate 3.102 GB memory for the AO ERI tensor!

Timing report
....integral transformation:     196.0250034 s

===============================================
            Relativistic CASCI(4,8)            
===============================================
Will now allocate 0.078 MB memory for the CASCI Hamiltonian!
Time taken for 1-RDM build:        0.0309534 s
Time taken for 1-RDM build:        0.0308311 s
Time taken for 1-RDM build:        0.0308795 s
Time taken for 1-RDM build:        0.0284848 s
Time taken for 1-RDM build:        0.0272624 s
Time taken for 1-RDM build:        0.0272663 s
Time taken for 1-RDM build:        0.0273044 s
Time taken for 1-RDM build:        0.0272255 s
Time taken for 1-RDM build:        0.0272212 s
Time taken for 2-RDM build:        0.1184452 s
Time taken for 2-RDM build:        0.1184015 s
Time taken for 2-RDM build:        0.1182742 s
Time taken for 2-RDM build:        0.1182692 s
Time taken for 2-RDM build:        0.1182542 s
Time taken for 2-RDM build:        0.1183879 s
Time taken for 2-RDM build:        0.1181800 s
Time taken for 2-RDM build:        0.1184101 s
Time taken for 2-RDM build:        0.1184354 s
Time taken for 3-RDM build:        0.3984556 s
Time taken for 3-RDM build:        0.3970678 s
Time taken for 3-RDM build:        0.3973436 s
Time taken for 3-RDM build:        0.3972485 s
Time taken for 3-RDM build:        0.3977985 s
Time taken for 3-RDM build:        0.3971069 s
Time taken for 3-RDM build:        0.3974884 s
Time taken for 3-RDM build:        0.3974607 s
Time taken for 3-RDM build:        0.3976157 s
E_frzc:                         -285.7423197 Eh
E_cas:                            -3.6921024 Eh
E_nuc:                             0.0000000 Eh
E_casci:                        -289.4337768 Eh
E0 (from RDM):                  -289.4337768 Eh
Ecorr:                            -0.2329780 Eh

Timing summary
... Hamil build:                    0.1066878 s
... Hamil diag:                     0.0018525 s
... RDM build:                     17.1525636 s
State     Energy / Eh         Splitting / Eh      Splitting / cm-1    Splitting / meV     
0         -2.8943442e+02      +0.0000000e+00      +0.0000000e+00      +0.0000000e+00      
1         -2.8943409e+02      +3.3211201e-04      +7.2890160e+01      +9.0372324e+00      
2         -2.8943409e+02      +8.1735152e-10      +1.7938792e-04      +2.2241278e-05      
3         -2.8943409e+02      +8.9210062e-10      +1.9579345e-04      +2.4275306e-05      
4         -2.8943346e+02      +6.3005266e-04      +1.3828057e+02      +1.7144614e+01      
5         -2.8943346e+02      +2.5920599e-10      +5.6889139e-05      +7.0533576e-06      
6         -2.8943346e+02      +7.8654239e-10      +1.7262610e-04      +2.1402919e-05      
7         -2.8943346e+02      +6.1896799e-10      +1.3584777e-04      +1.6842985e-05      
8         -2.8943346e+02      +4.2439297e-10      +9.3143489e-05      +1.1548326e-05      
Total time taken:                  17.9117639 s
===============================================

===============================================
            Relativistic DSRG-MRPT3            
===============================================
... compute_energy_pt3_1:      61.3042145 s
... compute_energy_pt2:       0.2518635 s
... compute_energy_pt3_2:      49.0174909 s
... compute_energy_pt3_3:      10.7700388 s
-----------------------------------------------
        DSRG-MRPT3 reference relaxation        
-----------------------------------------------
Iter                          Energy              Delta E   
   -Eref  -289.4337768       
   -Ecorr -0.2298519       
<Psi^(0)|Hbar^(0)|Psi^(0)>    -289.6636287        -2.89664e+02
   -Erelax-0.0001478       
<Psi^(0)|Hbar^(1)|Psi^(0)>    -289.6637765        -1.47800e-04
   -Eref  -289.4336303       
   -Ecorr -0.2302052       
<Psi^(1)|Hbar^(1)|Psi^(1)>    -289.6638355        -5.89379e-05
   -Erelax-0.0000000       
<Psi^(1)|Hbar^(2)|Psi^(1)>    -289.6638355        -3.70466e-09
   -Eref  -289.4336304       
   -Ecorr -0.2302050       
<Psi^(2)|Hbar^(2)|Psi^(2)>    -289.6638354        5.46805e-08
   -Erelax-0.0000000       
<Psi^(2)|Hbar^(3)|Psi^(2)>    -289.6638354        -2.85354e-11
   -Eref  -289.4336304       
   -Ecorr -0.2302050       
<Psi^(3)|Hbar^(3)|Psi^(3)>    -289.6638354        4.86011e-10
   -Erelax-0.0000000       
<Psi^(3)|Hbar^(4)|Psi^(3)>    -289.6638354        -2.27374e-13
Unrelaxed DSRG-MRPT3 energy:              -289.6636287 Eh
Unrelaxed DSRG-MRPT3 E_corr:                -0.2298519 Eh
Partially relaxed DSRG-MRPT3 energy:      -289.6637765 Eh
Partially relaxed DSRG-MRPT3 E_corr:        -0.2299997 Eh
Relaxed DSRG-MRPT3 energy:                -289.6638355 Eh
Relaxed DSRG-MRPT3 E_corr:                  -0.2302052 Eh
Fully relaxed DSRG-MRPT3 energy:          -289.6638354 Eh
Fully relaxed DSRG-MRPT3 E_corr:            -0.2302050 Eh
State     Energy / Eh         Splitting / Eh      Splitting / cm-1    Splitting / meV     
0         -2.8966458e+02      +0.0000000e+00      +0.0000000e+00      +0.0000000e+00      
1         -2.8966420e+02      +3.8353562e-04      +8.4176339e+01      +1.0436541e+01      
2         -2.8966420e+02      +2.9780267e-10      +6.5360131e-05      +8.1036273e-06      
3         -2.8966420e+02      +3.0189540e-10      +6.6258381e-05      +8.2149961e-06      
4         -2.8966347e+02      +7.2462441e-04      +1.5903667e+02      +1.9718044e+01      
5         -2.8966347e+02      +1.2107648e-10      +2.6573216e-05      +3.2946605e-06      
6         -2.8966347e+02      +2.5949021e-10      +5.6951517e-05      +7.0610916e-06      
7         -2.8966347e+02      +2.5403324e-10      +5.5753851e-05      +6.9125998e-06      
8         -2.8966347e+02      +1.2568080e-10      +2.7583747e-05      +3.4199504e-06      
Time taken:                      725.7510259 s
===============================================
===============================================
              PySCF DHF interface              
===============================================
Will now allocate 3.102 GB memory for the AO ERI tensor!

Timing report
....integral transformation:     196.5854325 s

===============================================
            Relativistic CASCI(5,8)            
===============================================
Will now allocate 0.050 MB memory for the CASCI Hamiltonian!
Time taken for 1-RDM build:        0.0226567 s
Time taken for 1-RDM build:        0.0226293 s
Time taken for 1-RDM build:        0.0228174 s
Time taken for 1-RDM build:        0.0227065 s
Time taken for 1-RDM build:        0.0222626 s
Time taken for 1-RDM build:        0.0217407 s
Time taken for 1-RDM build:        0.0217428 s
Time taken for 1-RDM build:        0.0204532 s
Time taken for 1-RDM build:        0.0202591 s
Time taken for 1-RDM build:        0.0203149 s
Time taken for 1-RDM build:        0.0203195 s
Time taken for 1-RDM build:        0.0204422 s
Time taken for 1-RDM build:        0.0204239 s
Time taken for 1-RDM build:        0.0206468 s
Time taken for 2-RDM build:        0.0856164 s
Time taken for 2-RDM build:        0.0854952 s
Time taken for 2-RDM build:        0.0854580 s
Time taken for 2-RDM build:        0.0857170 s
Time taken for 2-RDM build:        0.0853662 s
Time taken for 2-RDM build:        0.0855374 s
Time taken for 2-RDM build:        0.0857594 s
Time taken for 2-RDM build:        0.0855970 s
Time taken for 2-RDM build:        0.0855579 s
Time taken for 2-RDM build:        0.0856485 s
Time taken for 2-RDM build:        0.0862026 s
Time taken for 2-RDM build:        0.0864897 s
Time taken for 2-RDM build:        0.0859880 s
Time taken for 2-RDM build:        0.0885811 s
Time taken for 3-RDM build:        0.3705046 s
Time taken for 3-RDM build:        0.3697362 s
Time taken for 3-RDM build:        0.3719060 s
Time taken for 3-RDM build:        0.3716564 s
Time taken for 3-RDM build:        0.3714783 s
Time taken for 3-RDM build:        0.3716104 s
Time taken for 3-RDM build:        0.3717887 s
Time taken for 3-RDM build:        0.3740876 s
Time taken for 3-RDM build:        0.3714833 s
Time taken for 3-RDM build:        0.3706782 s
Time taken for 3-RDM build:        0.3710642 s
Time taken for 3-RDM build:        0.3710582 s
Time taken for 3-RDM build:        0.3717389 s
Time taken for 3-RDM build:        0.3727903 s
E_frzc:                         -335.1272672 Eh
E_cas:                            -6.3636403 Eh
E_nuc:                             0.0000000 Eh
E_casci:                        -341.4410664 Eh
E0 (from RDM):                  -341.4410664 Eh
Ecorr:                            -0.2138107 Eh

Timing summary
... Hamil build:                    0.0940127 s
... Hamil diag:                     0.0011871 s
... RDM build:                     18.8407581 s
State     Energy / Eh         Splitting / Eh      Splitting / cm-1    Splitting / meV     
0         -3.4149091e+02      +0.0000000e+00      +0.0000000e+00      +0.0000000e+00      
1         -3.4149091e+02      +3.2849812e-10      +7.2097003e-05      +8.9388933e-06      
2         -3.4149091e+02      +3.2838443e-10      +7.2072051e-05      +8.9357998e-06      
3         -3.4149091e+02      +3.2798653e-10      +7.1984722e-05      +8.9249722e-06      
4         -3.4142117e+02      +6.9735531e-02      +1.5305180e+04      +1.8976014e+03      
5         -3.4142117e+02      +1.5667183e-09      +3.4385492e-04      +4.2632597e-05      
6         -3.4142117e+02      +1.3034196e-09      +2.8606753e-04      +3.5467871e-05      
7         -3.4142117e+02      +1.7383286e-09      +3.8151902e-04      +4.7302353e-05      
8         -3.4142110e+02      +6.9890622e-05      +1.5339218e+01      +1.9018216e+00      
9         -3.4142110e+02      +9.2740038e-10      +2.0354085e-04      +2.5235862e-05      
10        -3.4142110e+02      +9.6150643e-10      +2.1102627e-04      +2.6163935e-05      
11        -3.4142110e+02      +7.5050366e-10      +1.6471651e-04      +2.0422255e-05      
12        -3.4142110e+02      +9.6383701e-10      +2.1153777e-04      +2.6227353e-05      
13        -3.4142110e+02      +1.9558115e-09      +4.2925101e-04      +5.3220367e-05      
Total time taken:                  19.5969353 s
===============================================

===============================================
            Relativistic DSRG-MRPT3            
===============================================
... compute_energy_pt3_1:      64.0909681 s
... compute_energy_pt2:       0.2587526 s
... compute_energy_pt3_2:      50.8410497 s
... compute_energy_pt3_3:      11.0686042 s
-----------------------------------------------
        DSRG-MRPT3 reference relaxation        
-----------------------------------------------
Iter                          Energy              Delta E   
   -Eref  -341.4410664       
   -Ecorr -0.2773444       
<Psi^(0)|Hbar^(0)|Psi^(0)>    -341.7184108        -3.41718e+02
   -Erelax-0.0000017       
<Psi^(0)|Hbar^(1)|Psi^(0)>    -341.7184125        -1.65534e-06
   -Eref  -341.4410652       
   -Ecorr -0.2773476       
<Psi^(1)|Hbar^(1)|Psi^(1)>    -341.7184129        -3.83702e-07
   -Erelax-0.0000000       
<Psi^(1)|Hbar^(2)|Psi^(1)>    -341.7184129        -1.70644e-09
   -Eref  -341.4410652       
   -Ecorr -0.2773477       
<Psi^(2)|Hbar^(2)|Psi^(2)>    -341.7184129        -6.01881e-09
   -Erelax-0.0000000       
<Psi^(2)|Hbar^(3)|Psi^(2)>    -341.7184129        -4.32010e-12
Unrelaxed DSRG-MRPT3 energy:              -341.7184108 Eh
Unrelaxed DSRG-MRPT3 E_corr:                -0.2773444 Eh
Partially relaxed DSRG-MRPT3 energy:      -341.7184125 Eh
Partially relaxed DSRG-MRPT3 E_corr:        -0.2773461 Eh
Relaxed DSRG-MRPT3 energy:                -341.7184129 Eh
Relaxed DSRG-MRPT3 E_corr:                  -0.2773476 Eh
Fully relaxed DSRG-MRPT3 energy:          -341.7184129 Eh
Fully relaxed DSRG-MRPT3 E_corr:            -0.2773477 Eh
State     Energy / Eh         Splitting / Eh      Splitting / cm-1    Splitting / meV     
0         -3.4175763e+02      +0.0000000e+00      +0.0000000e+00      +0.0000000e+00      
1         -3.4175763e+02      +1.6950708e-10      +3.7202503e-05      +4.6125247e-06      
2         -3.4175763e+02      +1.6950708e-10      +3.7202503e-05      +4.6125247e-06      
3         -3.4175763e+02      +1.6956392e-10      +3.7214978e-05      +4.6140714e-06      
4         -3.4170277e+02      +5.4855800e-02      +1.2039456e+04      +1.4927031e+03      
5         -3.4170277e+02      +2.0213520e-10      +4.4363548e-05      +5.5003815e-06      
6         -3.4170277e+02      +1.5444357e-10      +3.3896445e-05      +4.2026256e-06      
7         -3.4170277e+02      +2.3351276e-10      +5.1250128e-05      +6.3542090e-06      
8         -3.4170270e+02      +7.1803566e-05      +1.5759061e+01      +1.9538755e+00      
9         -3.4170270e+02      +1.1164047e-10      +2.4502252e-05      +3.0378935e-06      
10        -3.4170270e+02      +1.0555823e-10      +2.3167353e-05      +2.8723871e-06      
11        -3.4170270e+02      +9.6918029e-11      +2.1271049e-05      +2.6372752e-06      
12        -3.4170270e+02      +1.4426860e-10      +3.1663297e-05      +3.9257504e-06      
13        -3.4170270e+02      +1.5910473e-10      +3.4919452e-05      +4.3294623e-06      
Time taken:                      548.0057940 s
===============================================
===============================================
              PySCF DHF interface              
===============================================
Will now allocate 3.102 GB memory for the AO ERI tensor!

Timing report
....integral transformation:     196.0967426 s

===============================================
            Relativistic CASCI(6,8)            
===============================================
Will now allocate 0.013 MB memory for the CASCI Hamiltonian!
Time taken for 1-RDM build:        0.0084345 s
Time taken for 1-RDM build:        0.0083520 s
Time taken for 1-RDM build:        0.0082777 s
Time taken for 1-RDM build:        0.0084350 s
Time taken for 1-RDM build:        0.0083709 s
Time taken for 1-RDM build:        0.0084345 s
Time taken for 1-RDM build:        0.0082424 s
Time taken for 1-RDM build:        0.0083830 s
Time taken for 1-RDM build:        0.0084252 s
Time taken for 2-RDM build:        0.0286212 s
Time taken for 2-RDM build:        0.0287685 s
Time taken for 2-RDM build:        0.0286448 s
Time taken for 2-RDM build:        0.0288699 s
Time taken for 2-RDM build:        0.0285943 s
Time taken for 2-RDM build:        0.0288954 s
Time taken for 2-RDM build:        0.0286636 s
Time taken for 2-RDM build:        0.0285347 s
Time taken for 2-RDM build:        0.0286152 s
Time taken for 3-RDM build:        0.1653612 s
Time taken for 3-RDM build:        0.1634631 s
Time taken for 3-RDM build:        0.1634159 s
Time taken for 3-RDM build:        0.1602132 s
Time taken for 3-RDM build:        0.1591229 s
Time taken for 3-RDM build:        0.1590450 s
Time taken for 3-RDM build:        0.1598616 s
Time taken for 3-RDM build:        0.1603665 s
Time taken for 3-RDM build:        0.1595826 s
E_frzc:                         -388.5675376 Eh
E_cas:                            -9.9659359 Eh
E_nuc:                             0.0000000 Eh
E_casci:                        -398.5325748 Eh
E0 (from RDM):                  -398.5325748 Eh
Ecorr:                            -0.1603097 Eh

Timing summary
... Hamil build:                    0.0356152 s
... Hamil diag:                     0.0003858 s
... RDM build:                     13.7514973 s
State     Energy / Eh         Splitting / Eh      Splitting / cm-1    Splitting / meV     
0         -3.9853347e+02      +0.0000000e+00      +0.0000000e+00      +0.0000000e+00      
1         -3.9853347e+02      +5.6296585e-09      +1.2355672e-03      +1.5319088e-04      
2         -3.9853347e+02      +5.9783360e-09      +1.3120931e-03      +1.6267889e-04      
3         -3.9853347e+02      +5.6479053e-09      +1.2395719e-03      +1.5368740e-04      
4         -3.9853347e+02      +5.6580234e-09      +1.2417926e-03      +1.5396273e-04      
5         -3.9853166e+02      +1.8163270e-03      +3.9863770e+02      +4.9424800e+01      
6         -3.9853166e+02      +3.5533390e-09      +7.7986775e-04      +9.6691324e-05      
7         -3.9853166e+02      +3.5755647e-09      +7.8474575e-04      +9.7296119e-05      
8         -3.9853083e+02      +8.2294816e-04      +1.8061624e+02      +2.2393571e+01      
Total time taken:                  14.4497900 s
===============================================

===============================================
            Relativistic DSRG-MRPT3            
===============================================
... compute_energy_pt3_1:      61.9325507 s
... compute_energy_pt2:       0.2430975 s
... compute_energy_pt3_2:      50.2489526 s
... compute_energy_pt3_3:      11.7959201 s
-----------------------------------------------
        DSRG-MRPT3 reference relaxation        
-----------------------------------------------
Iter                          Energy              Delta E   
   -Eref  -398.5325748       
   -Ecorr -0.3162587       
<Psi^(0)|Hbar^(0)|Psi^(0)>    -398.8488335        -3.98849e+02
   -Erelax-0.0000003       
<Psi^(0)|Hbar^(1)|Psi^(0)>    -398.8488339        -3.09662e-07
   -Eref  -398.5325745       
   -Ecorr -0.3162596       
<Psi^(1)|Hbar^(1)|Psi^(1)>    -398.8488341        -2.30660e-07
   -Erelax-0.0000000       
<Psi^(1)|Hbar^(2)|Psi^(1)>    -398.8488341        -1.81956e-10
   -Eref  -398.5325745       
   -Ecorr -0.3162596       
<Psi^(2)|Hbar^(2)|Psi^(2)>    -398.8488341        1.36480e-08
   -Erelax-0.0000000       
<Psi^(2)|Hbar^(3)|Psi^(2)>    -398.8488341        -9.09495e-13
   -Eref  -398.5325745       
   -Ecorr -0.3162596       
<Psi^(3)|Hbar^(3)|Psi^(3)>    -398.8488341        -9.66281e-10
   -Erelax-0.0000000       
<Psi^(3)|Hbar^(4)|Psi^(3)>    -398.8488341        0.00000e+00
Unrelaxed DSRG-MRPT3 energy:              -398.8488335 Eh
Unrelaxed DSRG-MRPT3 E_corr:                -0.3162587 Eh
Partially relaxed DSRG-MRPT3 energy:      -398.8488339 Eh
Partially relaxed DSRG-MRPT3 E_corr:        -0.3162590 Eh
Relaxed DSRG-MRPT3 energy:                -398.8488341 Eh
Relaxed DSRG-MRPT3 E_corr:                  -0.3162596 Eh
Fully relaxed DSRG-MRPT3 energy:          -398.8488341 Eh
Fully relaxed DSRG-MRPT3 E_corr:            -0.3162596 Eh
State     Energy / Eh         Splitting / Eh      Splitting / cm-1    Splitting / meV     
0         -3.9884966e+02      +0.0000000e+00      +0.0000000e+00      +0.0000000e+00      
1         -3.9884966e+02      +7.7187678e-10      +1.6940737e-04      +2.1003847e-05      
2         -3.9884966e+02      +3.8204462e-10      +8.3849101e-05      +1.0395969e-05      
3         -3.9884966e+02      +3.2855496e-10      +7.2109479e-05      +8.9404401e-06      
4         -3.9884966e+02      +5.0852123e-10      +1.1160751e-04      +1.3837574e-05      
5         -3.9884799e+02      +1.6711512e-03      +3.6677529e+02      +4.5474363e+01      
6         -3.9884799e+02      +4.1291059e-10      +9.0623400e-05      +1.1235875e-05      
7         -3.9884799e+02      +4.7839421e-10      +1.0499539e-04      +1.3017776e-05      
8         -3.9884723e+02      +7.6151143e-04      +1.6713244e+02      +2.0721791e+01      
Time taken:                      727.8932884 s
===============================================
===============================================
              PySCF DHF interface              
===============================================
Will now allocate 3.102 GB memory for the AO ERI tensor!

Timing report
....integral transformation:     197.0418558 s

===============================================
            Relativistic CASCI(7,8)            
===============================================
Will now allocate 0.001 MB memory for the CASCI Hamiltonian!
Time taken for 1-RDM build:        0.0013676 s
Time taken for 1-RDM build:        0.0013540 s
Time taken for 1-RDM build:        0.0013523 s
Time taken for 1-RDM build:        0.0013595 s
Time taken for 1-RDM build:        0.0013502 s
Time taken for 1-RDM build:        0.0013525 s
Time taken for 2-RDM build:        0.0030513 s
Time taken for 2-RDM build:        0.0029655 s
Time taken for 2-RDM build:        0.0029576 s
Time taken for 2-RDM build:        0.0029590 s
Time taken for 2-RDM build:        0.0029578 s
Time taken for 2-RDM build:        0.0029590 s
Time taken for 3-RDM build:        0.0294266 s
Time taken for 3-RDM build:        0.0277255 s
Time taken for 3-RDM build:        0.0277123 s
Time taken for 3-RDM build:        0.0275898 s
Time taken for 3-RDM build:        0.0277011 s
Time taken for 3-RDM build:        0.0278111 s
E_frzc:                         -446.0682972 Eh
E_cas:                           -14.7582517 Eh
E_nuc:                             0.0000000 Eh
E_casci:                        -460.8252020 Eh
E0 (from RDM):                  -460.8252020 Eh
Ecorr:                             0.0013470 Eh

Timing summary
... Hamil build:                    0.0064723 s
... Hamil diag:                     0.0001438 s
... RDM build:                     12.0991235 s
State     Energy / Eh         Splitting / Eh      Splitting / cm-1    Splitting / meV     
0         -4.6082655e+02      +0.0000000e+00      +0.0000000e+00      +0.0000000e+00      
1         -4.6082655e+02      +1.2022326e-08      +2.6385956e-03      +3.2714432e-04      
2         -4.6082655e+02      +5.7600573e-09      +1.2641864e-03      +1.5673922e-04      
3         -4.6082655e+02      +1.1622035e-08      +2.5507418e-03      +3.1625183e-04      
4         -4.6082251e+02      +4.0408198e-03      +8.8685742e+02      +1.0995636e+02      
5         -4.6082251e+02      +2.0031848e-08      +4.3964825e-03      +5.4509461e-04      
Total time taken:                  12.7662351 s
===============================================

===============================================
            Relativistic DSRG-MRPT3            
===============================================
... compute_energy_pt3_1:      60.4722340 s
... compute_energy_pt2:       0.2442553 s
... compute_energy_pt3_2:      48.7090828 s
... compute_energy_pt3_3:      10.4854209 s
-----------------------------------------------
        DSRG-MRPT3 reference relaxation        
-----------------------------------------------
Iter                          Energy              Delta E   
   -Eref  -460.8252020       
   -Ecorr -0.3607668       
<Psi^(0)|Hbar^(0)|Psi^(0)>    -461.1859687        -4.61186e+02
   -Erelax0.0000000       
<Psi^(0)|Hbar^(1)|Psi^(0)>    -461.1859687        0.00000e+00
   -Eref  -460.8252020       
   -Ecorr -0.3607668       
<Psi^(1)|Hbar^(1)|Psi^(1)>    -461.1859687        1.13687e-13
   -Erelax-0.0000000       
<Psi^(1)|Hbar^(2)|Psi^(1)>    -461.1859687        0.00000e+00
Unrelaxed DSRG-MRPT3 energy:              -461.1859687 Eh
Unrelaxed DSRG-MRPT3 E_corr:                -0.3607668 Eh
Partially relaxed DSRG-MRPT3 energy:      -461.1859687 Eh
Partially relaxed DSRG-MRPT3 E_corr:        -0.3607668 Eh
Relaxed DSRG-MRPT3 energy:                -461.1859687 Eh
Relaxed DSRG-MRPT3 E_corr:                  -0.3607668 Eh
Fully relaxed DSRG-MRPT3 energy:          -461.1859687 Eh
Fully relaxed DSRG-MRPT3 E_corr:            -0.3607668 Eh
State     Energy / Eh         Splitting / Eh      Splitting / cm-1    Splitting / meV     
0         -4.6118730e+02      +0.0000000e+00      +0.0000000e+00      +0.0000000e+00      
1         -4.6118730e+02      +1.0280701e-09      +2.2563530e-04      +2.7975225e-05      
2         -4.6118730e+02      +1.0011263e-09      +2.1972182e-04      +2.7242047e-05      
3         -4.6118730e+02      +9.9697672e-10      +2.1881110e-04      +2.7129131e-05      
4         -4.6118331e+02      +3.9920917e-03      +8.7616285e+02      +1.0863040e+02      
5         -4.6118331e+02      +1.7472530e-09      +3.8347771e-04      +4.7545199e-05      
Time taken:                      349.0823863 s
===============================================
===============================================
              PySCF DHF interface              
===============================================
Will now allocate 38.863 GB memory for the AO ERI tensor!

Timing report
....integral transformation:    1018.5460792 s

===============================================
            Relativistic CASCI(3,8)            
===============================================
Will now allocate 0.050 MB memory for the CASCI Hamiltonian!
Time taken for 1-RDM build:        0.0064905 s
Time taken for 1-RDM build:        0.0057819 s
Time taken for 1-RDM build:        0.0056357 s
Time taken for 1-RDM build:        0.0056314 s
Time taken for 1-RDM build:        0.0056434 s
Time taken for 1-RDM build:        0.0056107 s
Time taken for 2-RDM build:        0.0239761 s
Time taken for 2-RDM build:        0.0231678 s
Time taken for 2-RDM build:        0.0231102 s
Time taken for 2-RDM build:        0.0231421 s
Time taken for 2-RDM build:        0.0231037 s
Time taken for 2-RDM build:        0.0231774 s
Time taken for 3-RDM build:        0.0661330 s
Time taken for 3-RDM build:        0.0645568 s
Time taken for 3-RDM build:        0.0644679 s
Time taken for 3-RDM build:        0.0646038 s
Time taken for 3-RDM build:        0.0645292 s
Time taken for 3-RDM build:        0.0644834 s
E_frzc:                        -1939.7138290 Eh
E_cas:                            -2.0100161 Eh
E_nuc:                             0.0000000 Eh
E_casci:                       -1941.7217616 Eh
E0 (from RDM):                 -1941.7217616 Eh
Ecorr:                            -0.1944870 Eh

Timing summary
... Hamil build:                    0.0172212 s
... Hamil diag:                     0.0054810 s
... RDM build:                     45.9724557 s
State     Energy / Eh         Splitting / Eh      Splitting / cm-1    Splitting / meV     
0         -1.9417238e+03      +0.0000000e+00      +0.0000000e+00      +0.0000000e+00      
1         -1.9417238e+03      +1.0702479e-09      +2.3489226e-04      +2.9122942e-05      
2         -1.9417207e+03      +3.1252750e-03      +6.8591858e+02      +8.5043106e+01      
3         -1.9417207e+03      +1.1004886e-09      +2.4152933e-04      +2.9945834e-05      
4         -1.9417207e+03      +9.5178621e-10      +2.0889293e-04      +2.5899434e-05      
5         -1.9417207e+03      +6.4619599e-10      +1.4182362e-04      +1.7583897e-05      
Total time taken:                  49.6559317 s
===============================================

===============================================
            Relativistic DSRG-MRPT3            
===============================================
... compute_energy_pt3_1:     408.4743116 s
... compute_energy_pt2:       1.1576610 s
... compute_energy_pt3_2:     364.4618371 s
... compute_energy_pt3_3:      95.4126279 s
-----------------------------------------------
        DSRG-MRPT3 reference relaxation        
-----------------------------------------------
Iter                          Energy              Delta E   
   -Eref  -1941.7217616       
   -Ecorr -0.8326561       
<Psi^(0)|Hbar^(0)|Psi^(0)>    -1942.5544177       -1.94255e+03
   -Erelax-0.0004408       
<Psi^(0)|Hbar^(1)|Psi^(0)>    -1942.5548585       -4.40778e-04
   -Eref  -1941.7213324       
   -Ecorr -0.8335404       
<Psi^(1)|Hbar^(1)|Psi^(1)>    -1942.5548729       -1.43944e-05
   -Erelax-0.0000000       
<Psi^(1)|Hbar^(2)|Psi^(1)>    -1942.5548729       -1.61435e-11
   -Eref  -1941.7213323       
   -Ecorr -0.8335405       
<Psi^(2)|Hbar^(2)|Psi^(2)>    -1942.5548729       -1.92517e-09
   -Erelax0.0000000       
<Psi^(2)|Hbar^(3)|Psi^(2)>    -1942.5548729       0.00000e+00
Unrelaxed DSRG-MRPT3 energy:             -1942.5544177 Eh
Unrelaxed DSRG-MRPT3 E_corr:                -0.8326561 Eh
Partially relaxed DSRG-MRPT3 energy:     -1942.5548585 Eh
Partially relaxed DSRG-MRPT3 E_corr:        -0.8330968 Eh
Relaxed DSRG-MRPT3 energy:               -1942.5548729 Eh
Relaxed DSRG-MRPT3 E_corr:                  -0.8335404 Eh
Fully relaxed DSRG-MRPT3 energy:         -1942.5548729 Eh
Fully relaxed DSRG-MRPT3 E_corr:            -0.8335405 Eh
State     Energy / Eh         Splitting / Eh      Splitting / cm-1    Splitting / meV     
0         -1.9425573e+03      +0.0000000e+00      +0.0000000e+00      +0.0000000e+00      
1         -1.9425573e+03      +4.3200998e-10      +9.4815231e-05      +1.1755596e-05      
2         -1.9425537e+03      +3.6295614e-03      +7.9659665e+02      +9.8765444e+01      
3         -1.9425537e+03      +4.3155524e-10      +9.4715426e-05      +1.1743222e-05      
4         -1.9425537e+03      +3.9608494e-10      +8.6930596e-05      +1.0778025e-05      
5         -1.9425537e+03      +2.7785063e-10      +6.0981165e-05      +7.5607044e-06      
Time taken:                     3386.3958652 s
===============================================
===============================================
              PySCF DHF interface              
===============================================
Will now allocate 38.863 GB memory for the AO ERI tensor!

Timing report
....integral transformation:    1014.3853495 s

===============================================
            Relativistic CASCI(4,8)            
===============================================
Will now allocate 0.078 MB memory for the CASCI Hamiltonian!
Time taken for 1-RDM build:        0.0096910 s
Time taken for 1-RDM build:        0.0094628 s
Time taken for 1-RDM build:        0.0092885 s
Time taken for 1-RDM build:        0.0088961 s
Time taken for 1-RDM build:        0.0092735 s
Time taken for 1-RDM build:        0.0092683 s
Time taken for 1-RDM build:        0.0090907 s
Time taken for 1-RDM build:        0.0089812 s
Time taken for 1-RDM build:        0.0093036 s
Time taken for 2-RDM build:        0.0352526 s
Time taken for 2-RDM build:        0.0351343 s
Time taken for 2-RDM build:        0.0348861 s
Time taken for 2-RDM build:        0.0349379 s
Time taken for 2-RDM build:        0.0350115 s
Time taken for 2-RDM build:        0.0349541 s
Time taken for 2-RDM build:        0.0350671 s
Time taken for 2-RDM build:        0.0350296 s
Time taken for 2-RDM build:        0.0349994 s
Time taken for 3-RDM build:        0.1537247 s
Time taken for 3-RDM build:        0.1515341 s
Time taken for 3-RDM build:        0.1515372 s
Time taken for 3-RDM build:        0.1521733 s
Time taken for 3-RDM build:        0.1517096 s
Time taken for 3-RDM build:        0.1516473 s
Time taken for 3-RDM build:        0.1514754 s
Time taken for 3-RDM build:        0.1516163 s
Time taken for 3-RDM build:        0.1515293 s
E_frzc:                        -2092.8592106 Eh
E_cas:                            -3.6862998 Eh
E_nuc:                             0.0000000 Eh
E_casci:                       -2096.5413860 Eh
E0 (from RDM):                 -2096.5413860 Eh
Ecorr:                            -0.2153364 Eh

Timing summary
... Hamil build:                    0.0265563 s
... Hamil diag:                     0.0011606 s
... RDM build:                     45.7172933 s
State     Energy / Eh         Splitting / Eh      Splitting / cm-1    Splitting / meV     
0         -2.0965455e+03      +0.0000000e+00      +0.0000000e+00      +0.0000000e+00      
1         -2.0965432e+03      +2.3344184e-03      +5.1234561e+02      +6.3522789e+01      
2         -2.0965432e+03      +6.4164851e-10      +1.4082557e-04      +1.7460154e-05      
3         -2.0965432e+03      +5.3205440e-10      +1.1677244e-04      +1.4477945e-05      
4         -2.0965395e+03      +3.6890520e-03      +8.0965333e+02      +1.0038427e+02      
5         -2.0965395e+03      +9.3723429e-10      +2.0569915e-04      +2.5503456e-05      
6         -2.0965395e+03      +1.0586518e-09      +2.3234722e-04      +2.8807397e-05      
7         -2.0965395e+03      +1.1709744e-09      +2.5699918e-04      +3.1863852e-05      
8         -2.0965395e+03      +1.0372787e-09      +2.2765636e-04      +2.8225805e-05      
Total time taken:                  49.4167464 s
===============================================

===============================================
            Relativistic DSRG-MRPT3            
===============================================
... compute_energy_pt3_1:     412.6859519 s
... compute_energy_pt2:       1.1574488 s
... compute_energy_pt3_2:     343.9598680 s
... compute_energy_pt3_3:     100.1375268 s
-----------------------------------------------
        DSRG-MRPT3 reference relaxation        
-----------------------------------------------
Iter                          Energy              Delta E   
   -Eref  -2096.5413860       
   -Ecorr -0.8509821       
<Psi^(0)|Hbar^(0)|Psi^(0)>    -2097.3923681       -2.09739e+03
   -Erelax-0.0001350       
<Psi^(0)|Hbar^(1)|Psi^(0)>    -2097.3925031       -1.35020e-04
   -Eref  -2096.5412478       
   -Ecorr -0.8513083       
<Psi^(1)|Hbar^(1)|Psi^(1)>    -2097.3925561       -5.30554e-05
   -Erelax-0.0000001       
<Psi^(1)|Hbar^(2)|Psi^(1)>    -2097.3925562       -7.04736e-08
   -Eref  -2096.5412454       
   -Ecorr -0.8513108       
<Psi^(2)|Hbar^(2)|Psi^(2)>    -2097.3925562       3.77295e-08
   -Erelax-0.0000000       
<Psi^(2)|Hbar^(3)|Psi^(2)>    -2097.3925562       -3.35604e-10
   -Eref  -2096.5412452       
   -Ecorr -0.8513110       
<Psi^(3)|Hbar^(3)|Psi^(3)>    -2097.3925562       -3.64253e-10
   -Erelax-0.0000000       
<Psi^(3)|Hbar^(4)|Psi^(3)>    -2097.3925562       -1.81899e-12
Unrelaxed DSRG-MRPT3 energy:             -2097.3923681 Eh
Unrelaxed DSRG-MRPT3 E_corr:                -0.8509821 Eh
Partially relaxed DSRG-MRPT3 energy:     -2097.3925031 Eh
Partially relaxed DSRG-MRPT3 E_corr:        -0.8511171 Eh
Relaxed DSRG-MRPT3 energy:               -2097.3925561 Eh
Relaxed DSRG-MRPT3 E_corr:                  -0.8513083 Eh
Fully relaxed DSRG-MRPT3 energy:         -2097.3925562 Eh
Fully relaxed DSRG-MRPT3 E_corr:            -0.8513110 Eh
State     Energy / Eh         Splitting / Eh      Splitting / cm-1    Splitting / meV     
0         -2.0973971e+03      +0.0000000e+00      +0.0000000e+00      +0.0000000e+00      
1         -2.0973945e+03      +2.6335245e-03      +5.7799181e+02      +7.1661885e+01      
2         -2.0973945e+03      +1.8553692e-10      +4.0720647e-05      +5.0487191e-06      
3         -2.0973945e+03      +1.7098500e-10      +3.7526870e-05      +4.6527412e-06      
4         -2.0973905e+03      +4.0464031e-03      +8.8808283e+02      +1.1010829e+02      
5         -2.0973905e+03      +2.3237590e-10      +5.1000614e-05      +6.3232732e-06      
6         -2.0973905e+03      +2.6739144e-10      +5.8685638e-05      +7.2760952e-06      
7         -2.0973905e+03      +2.6466296e-10      +5.8086805e-05      +7.2018494e-06      
8         -2.0973905e+03      +2.2646418e-10      +4.9703142e-05      +6.1624072e-06      
Time taken:                     4456.6706889 s
===============================================
===============================================
              PySCF DHF interface              
===============================================
Will now allocate 38.863 GB memory for the AO ERI tensor!

Timing report
....integral transformation:    1018.2104933 s

===============================================
            Relativistic CASCI(5,8)            
===============================================
Will now allocate 0.050 MB memory for the CASCI Hamiltonian!
Time taken for 1-RDM build:        0.0057802 s
Time taken for 1-RDM build:        0.0057313 s
Time taken for 1-RDM build:        0.0057027 s
Time taken for 1-RDM build:        0.0057251 s
Time taken for 1-RDM build:        0.0057178 s
Time taken for 1-RDM build:        0.0057161 s
Time taken for 1-RDM build:        0.0056984 s
Time taken for 1-RDM build:        0.0057261 s
Time taken for 1-RDM build:        0.0057166 s
Time taken for 1-RDM build:        0.0057137 s
Time taken for 1-RDM build:        0.0057080 s
Time taken for 1-RDM build:        0.0057037 s
Time taken for 1-RDM build:        0.0057137 s
Time taken for 1-RDM build:        0.0057235 s
Time taken for 2-RDM build:        0.0260763 s
Time taken for 2-RDM build:        0.0256128 s
Time taken for 2-RDM build:        0.0256000 s
Time taken for 2-RDM build:        0.0256207 s
Time taken for 2-RDM build:        0.0256386 s
Time taken for 2-RDM build:        0.0256269 s
Time taken for 2-RDM build:        0.0256188 s
Time taken for 2-RDM build:        0.0256035 s
Time taken for 2-RDM build:        0.0255961 s
Time taken for 2-RDM build:        0.0255842 s
Time taken for 2-RDM build:        0.0256362 s
Time taken for 2-RDM build:        0.0256395 s
Time taken for 2-RDM build:        0.0256200 s
Time taken for 2-RDM build:        0.0255978 s
Time taken for 3-RDM build:        0.1527357 s
Time taken for 3-RDM build:        0.1485999 s
Time taken for 3-RDM build:        0.1486144 s
Time taken for 3-RDM build:        0.1486616 s
Time taken for 3-RDM build:        0.1488976 s
Time taken for 3-RDM build:        0.1491339 s
Time taken for 3-RDM build:        0.1491451 s
Time taken for 3-RDM build:        0.1492167 s
Time taken for 3-RDM build:        0.1497006 s
Time taken for 3-RDM build:        0.1499093 s
Time taken for 3-RDM build:        0.1498249 s
Time taken for 3-RDM build:        0.1495843 s
Time taken for 3-RDM build:        0.1494226 s
Time taken for 3-RDM build:        0.1490428 s
E_frzc:                        -2252.3726240 Eh
E_cas:                            -6.0718308 Eh
E_nuc:                             0.0000000 Eh
E_casci:                       -2258.3972569 Eh
E0 (from RDM):                 -2258.3972569 Eh
Ecorr:                            -0.0178409 Eh

Timing summary
... Hamil build:                    0.0218191 s
... Hamil diag:                     0.0008006 s
... RDM build:                     44.5927448 s
State     Energy / Eh         Splitting / Eh      Splitting / cm-1    Splitting / meV     
0         -2.2584445e+03      +0.0000000e+00      +0.0000000e+00      +0.0000000e+00      
1         -2.2584445e+03      +5.2432370e-10      +1.1507575e-04      +1.4267581e-05      
2         -2.2584445e+03      +5.2705218e-10      +1.1567458e-04      +1.4341827e-05      
3         -2.2584445e+03      +5.1386451e-10      +1.1278022e-04      +1.3982972e-05      
4         -2.2583793e+03      +6.5107933e-02      +1.4289540e+04      +1.7716780e+03      
5         -2.2583793e+03      +9.2859409e-10      +2.0380284e-04      +2.5268344e-05      
6         -2.2583793e+03      +1.1159500e-09      +2.4492271e-04      +3.0366561e-05      
7         -2.2583793e+03      +5.1250026e-10      +1.1248081e-04      +1.3945849e-05      
8         -2.2583777e+03      +1.6153755e-03      +3.5453394e+02      +4.3956628e+01      
9         -2.2583777e+03      +7.5033313e-10      +1.6467909e-04      +2.0417614e-05      
10        -2.2583777e+03      +4.8839865e-10      +1.0719111e-04      +1.3290011e-05      
11        -2.2583777e+03      +1.4611032e-09      +3.2067509e-04      +3.9758663e-05      
12        -2.2583777e+03      +1.6329977e-09      +3.5840157e-04      +4.4436153e-05      
13        -2.2583777e+03      +6.3982952e-10      +1.4042635e-04      +1.7410656e-05      
Total time taken:                  48.2593822 s
===============================================

===============================================
            Relativistic DSRG-MRPT3            
===============================================
... compute_energy_pt3_1:     424.1828964 s
... compute_energy_pt2:       1.2174463 s
... compute_energy_pt3_2:     361.5345929 s
... compute_energy_pt3_3:      96.5718992 s
-----------------------------------------------
        DSRG-MRPT3 reference relaxation        
-----------------------------------------------
Iter                          Energy              Delta E   
   -Eref  -2258.3972569       
   -Ecorr -0.8830113       
<Psi^(0)|Hbar^(0)|Psi^(0)>    -2259.2802682       -2.25928e+03
   -Erelax-0.0000221       
<Psi^(0)|Hbar^(1)|Psi^(0)>    -2259.2802903       -2.20533e-05
   -Eref  -2258.3972395       
   -Ecorr -0.8830539       
<Psi^(1)|Hbar^(1)|Psi^(1)>    -2259.2802933       -3.08798e-06
   -Erelax-0.0000000       
<Psi^(1)|Hbar^(2)|Psi^(1)>    -2259.2802933       -4.93765e-09
   -Eref  -2258.3972392       
   -Ecorr -0.8830541       
<Psi^(2)|Hbar^(2)|Psi^(2)>    -2259.2802933       7.60974e-09
   -Erelax-0.0000000       
<Psi^(2)|Hbar^(3)|Psi^(2)>    -2259.2802933       -4.09273e-12
Unrelaxed DSRG-MRPT3 energy:             -2259.2802682 Eh
Unrelaxed DSRG-MRPT3 E_corr:                -0.8830113 Eh
Partially relaxed DSRG-MRPT3 energy:     -2259.2802903 Eh
Partially relaxed DSRG-MRPT3 E_corr:        -0.8830334 Eh
Relaxed DSRG-MRPT3 energy:               -2259.2802933 Eh
Relaxed DSRG-MRPT3 E_corr:                  -0.8830539 Eh
Fully relaxed DSRG-MRPT3 energy:         -2259.2802933 Eh
Fully relaxed DSRG-MRPT3 E_corr:            -0.8830541 Eh
State     Energy / Eh         Splitting / Eh      Splitting / cm-1    Splitting / meV     
0         -2.2593181e+03      +0.0000000e+00      +0.0000000e+00      +0.0000000e+00      
1         -2.2593181e+03      +1.6507329e-10      +3.6229399e-05      +4.4918751e-06      
2         -2.2593181e+03      +1.6871127e-10      +3.7027843e-05      +4.5908696e-06      
3         -2.2593181e+03      +1.6370905e-10      +3.5929982e-05      +4.4547522e-06      
4         -2.2592660e+03      +5.2128318e-02      +1.1440843e+04      +1.4184845e+03      
5         -2.2592660e+03      +8.1399776e-11      +1.7865186e-05      +2.2150018e-06      
6         -2.2592660e+03      +1.1868906e-10      +2.6049237e-05      +3.2296953e-06      
7         -2.2592660e+03      +1.1414159e-10      +2.5051182e-05      +3.1059522e-06      
8         -2.2592646e+03      +1.4185380e-03      +3.1133311e+02      +3.8600404e+01      
9         -2.2592646e+03      +1.2869350e-10      +2.8244958e-05      +3.5019302e-06      
10        -2.2592646e+03      +2.7284841e-11      +5.9883304e-06      +7.4245870e-07      
11        -2.2592646e+03      +1.9690560e-10      +4.3215784e-05      +5.3580769e-06      
12        -2.2592646e+03      +1.6780177e-10      +3.6828232e-05      +4.5661210e-06      
13        -2.2592646e+03      +7.3669071e-11      +1.6168492e-05      +2.0046385e-06      
Time taken:                     3244.5605454 s
===============================================
===============================================
              PySCF DHF interface              
===============================================
Will now allocate 38.863 GB memory for the AO ERI tensor!

Timing report
....integral transformation:    1006.2384515 s

===============================================
            Relativistic CASCI(6,8)            
===============================================
Will now allocate 0.013 MB memory for the CASCI Hamiltonian!
Time taken for 1-RDM build:        0.0022171 s
Time taken for 1-RDM build:        0.0021985 s
Time taken for 1-RDM build:        0.0021939 s
Time taken for 1-RDM build:        0.0021853 s
Time taken for 1-RDM build:        0.0021877 s
Time taken for 1-RDM build:        0.0021889 s
Time taken for 1-RDM build:        0.0021822 s
Time taken for 1-RDM build:        0.0021961 s
Time taken for 1-RDM build:        0.0021834 s
Time taken for 2-RDM build:        0.0086651 s
Time taken for 2-RDM build:        0.0085979 s
Time taken for 2-RDM build:        0.0085802 s
Time taken for 2-RDM build:        0.0085862 s
Time taken for 2-RDM build:        0.0085652 s
Time taken for 2-RDM build:        0.0085814 s
Time taken for 2-RDM build:        0.0085568 s
Time taken for 2-RDM build:        0.0085955 s
Time taken for 2-RDM build:        0.0085812 s
Time taken for 3-RDM build:        0.0687046 s
Time taken for 3-RDM build:        0.0668435 s
Time taken for 3-RDM build:        0.0668252 s
Time taken for 3-RDM build:        0.0666668 s
Time taken for 3-RDM build:        0.0667591 s
Time taken for 3-RDM build:        0.0666907 s
Time taken for 3-RDM build:        0.0668120 s
Time taken for 3-RDM build:        0.0666006 s
Time taken for 3-RDM build:        0.0666227 s
E_frzc:                        -2418.2608262 Eh
E_cas:                            -9.1774708 Eh
E_nuc:                             0.0000000 Eh
E_casci:                       -2427.4340589 Eh
E0 (from RDM):                 -2427.4340589 Eh
Ecorr:                            -0.1372548 Eh

Timing summary
... Hamil build:                    0.0092504 s
... Hamil diag:                     0.0002942 s
... RDM build:                     45.2445047 s
State     Energy / Eh         Splitting / Eh      Splitting / cm-1    Splitting / meV     
0         -2.4274383e+03      +0.0000000e+00      +0.0000000e+00      +0.0000000e+00      
1         -2.4274383e+03      +1.9413164e-09      +4.2606971e-04      +5.2825936e-05      
2         -2.4274383e+03      +8.9721652e-10      +1.9691626e-04      +2.4414517e-05      
3         -2.4274383e+03      +1.1737029e-09      +2.5759801e-04      +3.1938098e-05      
4         -2.4274383e+03      +1.8349056e-09      +4.0271522e-04      +4.9930347e-05      
5         -2.4274294e+03      +8.8831576e-03      +1.9496277e+03      +2.4172315e+02      
6         -2.4274294e+03      +4.1914063e-09      +9.1990735e-04      +1.1405403e-04      
7         -2.4274294e+03      +4.1027306e-09      +9.0044528e-04      +1.1164104e-04      
8         -2.4274268e+03      +2.6102260e-03      +5.7287839e+02      +7.1027902e+01      
Total time taken:                  48.9025064 s
===============================================

===============================================
            Relativistic DSRG-MRPT3            
===============================================
... compute_energy_pt3_1:     418.9219820 s
... compute_energy_pt2:       1.1946793 s
... compute_energy_pt3_2:     367.0574100 s
... compute_energy_pt3_3:      97.7778583 s
-----------------------------------------------
        DSRG-MRPT3 reference relaxation        
-----------------------------------------------
Iter                          Energy              Delta E   
   -Eref  -2427.4340589       
   -Ecorr -0.9091083       
<Psi^(0)|Hbar^(0)|Psi^(0)>    -2428.3431671       -2.42834e+03
   -Erelax-0.0000068       
<Psi^(0)|Hbar^(1)|Psi^(0)>    -2428.3431739       -6.80093e-06
   -Eref  -2427.4340513       
   -Ecorr -0.9091270       
<Psi^(1)|Hbar^(1)|Psi^(1)>    -2428.3431783       -4.41558e-06
   -Erelax-0.0000000       
<Psi^(1)|Hbar^(2)|Psi^(1)>    -2428.3431783       -2.35150e-09
   -Eref  -2427.4340515       
   -Ecorr -0.9091267       
<Psi^(2)|Hbar^(2)|Psi^(2)>    -2428.3431782       1.64268e-07
   -Erelax-0.0000000       
<Psi^(2)|Hbar^(3)|Psi^(2)>    -2428.3431782       -4.54747e-12
   -Eref  -2427.4340515       
   -Ecorr -0.9091267       
<Psi^(3)|Hbar^(3)|Psi^(3)>    -2428.3431782       -7.23276e-09
   -Erelax-0.0000000       
<Psi^(3)|Hbar^(4)|Psi^(3)>    -2428.3431782       0.00000e+00
Unrelaxed DSRG-MRPT3 energy:             -2428.3431671 Eh
Unrelaxed DSRG-MRPT3 E_corr:                -0.9091083 Eh
Partially relaxed DSRG-MRPT3 energy:     -2428.3431739 Eh
Partially relaxed DSRG-MRPT3 E_corr:        -0.9091151 Eh
Relaxed DSRG-MRPT3 energy:               -2428.3431783 Eh
Relaxed DSRG-MRPT3 E_corr:                  -0.9091270 Eh
Fully relaxed DSRG-MRPT3 energy:         -2428.3431782 Eh
Fully relaxed DSRG-MRPT3 E_corr:            -0.9091267 Eh
State     Energy / Eh         Splitting / Eh      Splitting / cm-1    Splitting / meV     
0         -2.4283472e+03      +0.0000000e+00      +0.0000000e+00      +0.0000000e+00      
1         -2.4283472e+03      +3.9608494e-10      +8.6930596e-05      +1.0778025e-05      
2         -2.4283472e+03      +4.2018655e-10      +9.2220288e-05      +1.1433864e-05      
3         -2.4283472e+03      +4.2291504e-10      +9.2819121e-05      +1.1508110e-05      
4         -2.4283472e+03      +3.8562575e-10      +8.4635070e-05      +1.0493416e-05      
5         -2.4283388e+03      +8.4493407e-03      +1.8544159e+03      +2.2991838e+02      
6         -2.4283388e+03      +6.0072125e-10      +1.3184307e-04      +1.6346466e-05      
7         -2.4283388e+03      +5.5069904e-10      +1.2086447e-04      +1.4985291e-05      
8         -2.4283362e+03      +2.5956871e-03      +5.6968747e+02      +7.0632278e+01      
Time taken:                     4471.0569830 s
===============================================
===============================================
              PySCF DHF interface              
===============================================
Will now allocate 38.863 GB memory for the AO ERI tensor!

Timing report
....integral transformation:    1009.6678014 s

===============================================
            Relativistic CASCI(7,8)            
===============================================
Will now allocate 0.001 MB memory for the CASCI Hamiltonian!
Time taken for 1-RDM build:        0.0003774 s
Time taken for 1-RDM build:        0.0003700 s
Time taken for 1-RDM build:        0.0003657 s
Time taken for 1-RDM build:        0.0003650 s
Time taken for 1-RDM build:        0.0003691 s
Time taken for 1-RDM build:        0.0003650 s
Time taken for 2-RDM build:        0.0010679 s
Time taken for 2-RDM build:        0.0010014 s
Time taken for 2-RDM build:        0.0010009 s
Time taken for 2-RDM build:        0.0010026 s
Time taken for 2-RDM build:        0.0010006 s
Time taken for 2-RDM build:        0.0010004 s
Time taken for 3-RDM build:        0.0133650 s
Time taken for 3-RDM build:        0.0123715 s
Time taken for 3-RDM build:        0.0123415 s
Time taken for 3-RDM build:        0.0123601 s
Time taken for 3-RDM build:        0.0123818 s
Time taken for 3-RDM build:        0.0123706 s
E_frzc:                        -2590.5378304 Eh
E_cas:                           -13.1880855 Eh
E_nuc:                             0.0000000 Eh
E_casci:                       -2603.7203212 Eh
E0 (from RDM):                 -2603.7203212 Eh
Ecorr:                            -0.0318830 Eh

Timing summary
... Hamil build:                    0.0028152 s
... Hamil diag:                     0.0001016 s
... RDM build:                     43.3831723 s
State     Energy / Eh         Splitting / Eh      Splitting / cm-1    Splitting / meV     
0         -2.6037259e+03      +0.0000000e+00      +0.0000000e+00      +0.0000000e+00      
1         -2.6037259e+03      +9.2413757e-09      +2.0282475e-03      +2.5147076e-04      
2         -2.6037259e+03      +1.8784249e-08      +4.1226661e-03      +5.1114569e-04      
3         -2.6037259e+03      +9.8884811e-09      +2.1702707e-03      +2.6907941e-04      
4         -2.6037091e+03      +1.6783801e-02      +3.6836186e+03      +4.5671072e+02      
5         -2.6037091e+03      +7.4087438e-09      +1.6260313e-03      +2.0160228e-04      
Total time taken:                  47.0296872 s
===============================================

===============================================
            Relativistic DSRG-MRPT3            
===============================================
... compute_energy_pt3_1:     403.3830409 s
... compute_energy_pt2:       1.2299149 s
... compute_energy_pt3_2:     337.0390871 s
... compute_energy_pt3_3:      89.8784435 s
-----------------------------------------------
        DSRG-MRPT3 reference relaxation        
-----------------------------------------------
Iter                          Energy              Delta E   
   -Eref  -2603.7203212       
   -Ecorr -0.9425494       
<Psi^(0)|Hbar^(0)|Psi^(0)>    -2604.6628706       -2.60466e+03
   -Erelax0.0000000       
<Psi^(0)|Hbar^(1)|Psi^(0)>    -2604.6628706       0.00000e+00
   -Eref  -2603.7203212       
   -Ecorr -0.9425494       
<Psi^(1)|Hbar^(1)|Psi^(1)>    -2604.6628706       -4.54747e-13
   -Erelax0.0000000       
<Psi^(1)|Hbar^(2)|Psi^(1)>    -2604.6628706       0.00000e+00
Unrelaxed DSRG-MRPT3 energy:             -2604.6628706 Eh
Unrelaxed DSRG-MRPT3 E_corr:                -0.9425494 Eh
Partially relaxed DSRG-MRPT3 energy:     -2604.6628706 Eh
Partially relaxed DSRG-MRPT3 E_corr:        -0.9425494 Eh
Relaxed DSRG-MRPT3 energy:               -2604.6628706 Eh
Relaxed DSRG-MRPT3 E_corr:                  -0.9425494 Eh
Fully relaxed DSRG-MRPT3 energy:         -2604.6628706 Eh
Fully relaxed DSRG-MRPT3 E_corr:            -0.9425494 Eh
State     Energy / Eh         Splitting / Eh      Splitting / cm-1    Splitting / meV     
0         -2.6046684e+03      +0.0000000e+00      +0.0000000e+00      +0.0000000e+00      
1         -2.6046684e+03      +1.4920261e-09      +3.2746187e-04      +4.0600116e-05      
2         -2.6046684e+03      +2.0127118e-09      +4.4173917e-04      +5.4768703e-05      
3         -2.6046684e+03      +1.7525963e-09      +3.8465042e-04      +4.7690597e-05      
4         -2.6046519e+03      +1.6468156e-02      +3.6143424e+03      +4.4812155e+02      
5         -2.6046519e+03      +1.6157173e-09      +3.5460896e-04      +4.3965929e-05      
Time taken:                     2059.7352927 s
===============================================
