NOW DOING s=0.13!
===============================================
              PySCF DHF interface              
===============================================
Will now allocate 796.594 MB memory for the AO ERI tensor!

Timing report
....integral transformation:      51.7132399 s

===============================================
            Relativistic CASCI(3,8)            
===============================================
Will now allocate 0.050 MB memory for the CASCI Hamiltonian!
Time taken for 1-RDM build:        0.0202246 s
Time taken for 1-RDM build:        0.0202956 s
Time taken for 1-RDM build:        0.0203030 s
Time taken for 1-RDM build:        0.0203297 s
Time taken for 1-RDM build:        0.0203090 s
Time taken for 1-RDM build:        0.0202842 s
Time taken for 2-RDM build:        0.0802896 s
Time taken for 2-RDM build:        0.0801687 s
Time taken for 2-RDM build:        0.0802310 s
Time taken for 2-RDM build:        0.0804753 s
Time taken for 2-RDM build:        0.0802364 s
Time taken for 2-RDM build:        0.0804710 s
Time taken for 3-RDM build:        0.1835442 s
Time taken for 3-RDM build:        0.1819308 s
Time taken for 3-RDM build:        0.1821568 s
Time taken for 3-RDM build:        0.1820235 s
Time taken for 3-RDM build:        0.1818390 s
Time taken for 3-RDM build:        0.1868913 s
E_frzc:                          -21.9899228 Eh
E_cas:                            -2.5754278 Eh
E_nuc:                             0.0000000 Eh
E_casci:                         -24.5653104 Eh
E0 (from RDM):                   -24.5653104 Eh
Ecorr:                            -0.2764703 Eh

Timing summary
... Hamil build:                    0.0708106 s
... Hamil diag:                     0.0013938 s
... RDM build:                      5.3103104 s
State     Energy / Eh         Splitting / Eh      Splitting / cm-1    Splitting / meV     
0         -2.4565351e+01      +0.0000000e+00      +0.0000000e+00      +0.0000000e+00      
1         -2.4565351e+01      +1.6292141e-09      +3.5757116e-04      +4.4333195e-05      
2         -2.4565290e+01      +6.0370290e-05      +1.3249747e+01      +1.6427601e+00      
3         -2.4565290e+01      +8.2750518e-10      +1.8161639e-04      +2.2517574e-05      
4         -2.4565290e+01      +8.6880192e-10      +1.9067998e-04      +2.3641316e-05      
5         -2.4565290e+01      +1.8699780e-09      +4.1041272e-04      +5.0884716e-05      
Total time taken:                   5.5589638 s
===============================================

===============================================
            Relativistic DSRG-MRPT3            
===============================================
... compute_energy_pt3_1:      15.1928942 s
... compute_energy_pt2:       0.0886884 s
... compute_energy_pt3_2:      12.1033959 s
... compute_energy_pt3_3:       2.8755593 s
-----------------------------------------------
        DSRG-MRPT3 reference relaxation        
-----------------------------------------------
Iter                          Energy              Delta E   
   -Eref  -24.5653104       
   -Ecorr -0.0619744       
<Psi^(0)|Hbar^(0)|Psi^(0)>    -24.6272848         -2.46273e+01
   -Erelax-0.0002209       
<Psi^(0)|Hbar^(1)|Psi^(0)>    -24.6275057         -2.20920e-04
   -Eref  -24.5650849       
   -Ecorr -0.0623983       
<Psi^(1)|Hbar^(1)|Psi^(1)>    -24.6274832         2.25247e-05
   -Erelax-0.0000000       
<Psi^(1)|Hbar^(2)|Psi^(1)>    -24.6274832         -4.24800e-09
   -Eref  -24.5650829       
   -Ecorr -0.0624002       
<Psi^(2)|Hbar^(2)|Psi^(2)>    -24.6274831         9.64582e-08
   -Erelax-0.0000000       
<Psi^(2)|Hbar^(3)|Psi^(2)>    -24.6274831         -7.10543e-14
   -Eref  -24.5650829       
   -Ecorr -0.0624002       
<Psi^(3)|Hbar^(3)|Psi^(3)>    -24.6274831         4.02331e-10
   -Erelax0.0000000       
<Psi^(3)|Hbar^(4)|Psi^(3)>    -24.6274831         3.55271e-15
Unrelaxed DSRG-MRPT3 energy:               -24.6272848 Eh
Unrelaxed DSRG-MRPT3 E_corr:                -0.0619744 Eh
Partially relaxed DSRG-MRPT3 energy:       -24.6275057 Eh
Partially relaxed DSRG-MRPT3 E_corr:        -0.0621953 Eh
Relaxed DSRG-MRPT3 energy:                 -24.6274832 Eh
Relaxed DSRG-MRPT3 E_corr:                  -0.0623983 Eh
Fully relaxed DSRG-MRPT3 energy:           -24.6274831 Eh
Fully relaxed DSRG-MRPT3 E_corr:            -0.0624002 Eh
State     Energy / Eh         Splitting / Eh      Splitting / cm-1    Splitting / meV     
0         -2.4627526e+01      +0.0000000e+00      +0.0000000e+00      +0.0000000e+00      
1         -2.4627526e+01      +9.9279873e-10      +2.1789413e-04      +2.7015442e-05      
2         -2.4627461e+01      +6.4986511e-05      +1.4262890e+01      +1.7683739e+00      
3         -2.4627461e+01      +5.3567817e-10      +1.1756777e-04      +1.4576552e-05      
4         -2.4627461e+01      +5.0865268e-10      +1.1163636e-04      +1.3841151e-05      
5         -2.4627461e+01      +1.1430359e-09      +2.5086738e-04      +3.1103606e-05      
Time taken:                      174.4859853 s
===============================================
===============================================
              PySCF DHF interface              
===============================================
Will now allocate 796.594 MB memory for the AO ERI tensor!

Timing report
....integral transformation:      52.5306742 s

===============================================
            Relativistic CASCI(4,8)            
===============================================
Will now allocate 0.078 MB memory for the CASCI Hamiltonian!
Time taken for 1-RDM build:        0.0311041 s
Time taken for 1-RDM build:        0.0311298 s
Time taken for 1-RDM build:        0.0310075 s
Time taken for 1-RDM build:        0.0286078 s
Time taken for 1-RDM build:        0.0273397 s
Time taken for 1-RDM build:        0.0274301 s
Time taken for 1-RDM build:        0.0274456 s
Time taken for 1-RDM build:        0.0275171 s
Time taken for 1-RDM build:        0.0275574 s
Time taken for 2-RDM build:        0.1192758 s
Time taken for 2-RDM build:        0.1197560 s
Time taken for 2-RDM build:        0.1191037 s
Time taken for 2-RDM build:        0.1190689 s
Time taken for 2-RDM build:        0.1190903 s
Time taken for 2-RDM build:        0.1193678 s
Time taken for 2-RDM build:        0.1190920 s
Time taken for 2-RDM build:        0.1191983 s
Time taken for 2-RDM build:        0.1191809 s
Time taken for 3-RDM build:        0.3915358 s
Time taken for 3-RDM build:        0.3905809 s
Time taken for 3-RDM build:        0.3903584 s
Time taken for 3-RDM build:        0.3902917 s
Time taken for 3-RDM build:        0.3903310 s
Time taken for 3-RDM build:        0.3906200 s
Time taken for 3-RDM build:        0.3907292 s
Time taken for 3-RDM build:        0.3906336 s
Time taken for 3-RDM build:        0.3902981 s
E_frzc:                          -32.3709352 Eh
E_cas:                            -5.3467114 Eh
E_nuc:                             0.0000000 Eh
E_casci:                         -37.7175257 Eh
E0 (from RDM):                   -37.7175257 Eh
Ecorr:                            -0.4429083 Eh

Timing summary
... Hamil build:                    0.1066394 s
... Hamil diag:                     0.0018733 s
... RDM build:                      8.2961502 s
State     Energy / Eh         Splitting / Eh      Splitting / cm-1    Splitting / meV     
0         -3.7717647e+01      +0.0000000e+00      +0.0000000e+00      +0.0000000e+00      
1         -3.7717578e+01      +6.8056777e-05      +1.4936736e+01      +1.8519201e+00      
2         -3.7717578e+01      +1.0789876e-09      +2.3681040e-04      +2.9360761e-05      
3         -3.7717578e+01      +1.2285710e-09      +2.6964017e-04      +3.3431136e-05      
4         -3.7717470e+01      +1.0852195e-04      +2.3817815e+01      +2.9530341e+00      
5         -3.7717470e+01      +3.7325520e-10      +8.1920048e-05      +1.0156796e-05      
6         -3.7717470e+01      +9.5213437e-10      +2.0896934e-04      +2.5908908e-05      
7         -3.7717470e+01      +4.4994408e-10      +9.8751311e-05      +1.2243608e-05      
8         -3.7717470e+01      +5.6219562e-10      +1.2338768e-04      +1.5298129e-05      
Total time taken:                   8.5806520 s
===============================================

===============================================
            Relativistic DSRG-MRPT3            
===============================================
... compute_energy_pt3_1:      15.2084198 s
... compute_energy_pt2:       0.0874026 s
... compute_energy_pt3_2:      12.1523259 s
... compute_energy_pt3_3:       2.7286549 s
-----------------------------------------------
        DSRG-MRPT3 reference relaxation        
-----------------------------------------------
Iter                          Energy              Delta E   
   -Eref  -37.7175257       
   -Ecorr -0.0973365       
<Psi^(0)|Hbar^(0)|Psi^(0)>    -37.8148622         -3.78149e+01
   -Erelax-0.0000864       
<Psi^(0)|Hbar^(1)|Psi^(0)>    -37.8149487         -8.64352e-05
   -Eref  -37.7174374       
   -Ecorr -0.0975605       
<Psi^(1)|Hbar^(1)|Psi^(1)>    -37.8149979         -4.92133e-05
   -Erelax-0.0000000       
<Psi^(1)|Hbar^(2)|Psi^(1)>    -37.8149979         -3.01981e-11
   -Eref  -37.7174374       
   -Ecorr -0.0975604       
<Psi^(2)|Hbar^(2)|Psi^(2)>    -37.8149979         1.51445e-08
   -Erelax-0.0000000       
<Psi^(2)|Hbar^(3)|Psi^(2)>    -37.8149979         -9.23706e-14
   -Eref  -37.7174374       
   -Ecorr -0.0975604       
<Psi^(3)|Hbar^(3)|Psi^(3)>    -37.8149979         6.11067e-13
   -Erelax-0.0000000       
<Psi^(3)|Hbar^(4)|Psi^(3)>    -37.8149979         0.00000e+00
Unrelaxed DSRG-MRPT3 energy:               -37.8148622 Eh
Unrelaxed DSRG-MRPT3 E_corr:                -0.0973365 Eh
Partially relaxed DSRG-MRPT3 energy:       -37.8149487 Eh
Partially relaxed DSRG-MRPT3 E_corr:        -0.0974229 Eh
Relaxed DSRG-MRPT3 energy:                 -37.8149979 Eh
Relaxed DSRG-MRPT3 E_corr:                  -0.0975605 Eh
Fully relaxed DSRG-MRPT3 energy:           -37.8149979 Eh
Fully relaxed DSRG-MRPT3 E_corr:            -0.0975604 Eh
State     Energy / Eh         Splitting / Eh      Splitting / cm-1    Splitting / meV     
0         -3.7815135e+01      +0.0000000e+00      +0.0000000e+00      +0.0000000e+00      
1         -3.7815059e+01      +7.5738256e-05      +1.6622626e+01      +2.0609439e+00      
2         -3.7815059e+01      +5.1518612e-10      +1.1307028e-04      +1.4018935e-05      
3         -3.7815059e+01      +5.6804339e-10      +1.2467111e-04      +1.5457255e-05      
4         -3.7814934e+01      +1.2542630e-04      +2.7527890e+01      +3.4130250e+00      
5         -3.7814934e+01      +1.6787993e-10      +3.6845386e-05      +4.5682478e-06      
6         -3.7814934e+01      +3.8214409e-10      +8.3870934e-05      +1.0398675e-05      
7         -3.7814934e+01      +2.3472779e-10      +5.1516795e-05      +6.3872716e-06      
8         -3.7814934e+01      +2.1602631e-10      +4.7412294e-05      +5.8783781e-06      
Time taken:                      182.6515493 s
===============================================
===============================================
              PySCF DHF interface              
===============================================
Will now allocate 796.594 MB memory for the AO ERI tensor!

Timing report
....integral transformation:      51.8354270 s

===============================================
            Relativistic CASCI(5,8)            
===============================================
Will now allocate 0.050 MB memory for the CASCI Hamiltonian!
Time taken for 1-RDM build:        0.0204608 s
Time taken for 1-RDM build:        0.0204449 s
Time taken for 1-RDM build:        0.0205195 s
Time taken for 1-RDM build:        0.0204353 s
Time taken for 1-RDM build:        0.0206130 s
Time taken for 1-RDM build:        0.0205140 s
Time taken for 1-RDM build:        0.0204718 s
Time taken for 1-RDM build:        0.0204616 s
Time taken for 1-RDM build:        0.0204403 s
Time taken for 1-RDM build:        0.0204837 s
Time taken for 1-RDM build:        0.0204835 s
Time taken for 1-RDM build:        0.0204787 s
Time taken for 1-RDM build:        0.0205293 s
Time taken for 1-RDM build:        0.0204813 s
Time taken for 2-RDM build:        0.0860870 s
Time taken for 2-RDM build:        0.0860837 s
Time taken for 2-RDM build:        0.0860357 s
Time taken for 2-RDM build:        0.0858784 s
Time taken for 2-RDM build:        0.0859308 s
Time taken for 2-RDM build:        0.0861213 s
Time taken for 2-RDM build:        0.0860682 s
Time taken for 2-RDM build:        0.0864921 s
Time taken for 2-RDM build:        0.0860405 s
Time taken for 2-RDM build:        0.0865729 s
Time taken for 2-RDM build:        0.0864828 s
Time taken for 2-RDM build:        0.0864334 s
Time taken for 2-RDM build:        0.0862234 s
Time taken for 2-RDM build:        0.0861979 s
Time taken for 3-RDM build:        0.3621640 s
Time taken for 3-RDM build:        0.3611922 s
Time taken for 3-RDM build:        0.3610158 s
Time taken for 3-RDM build:        0.3612518 s
Time taken for 3-RDM build:        0.3610125 s
Time taken for 3-RDM build:        0.3616500 s
Time taken for 3-RDM build:        0.3624249 s
Time taken for 3-RDM build:        0.3613703 s
Time taken for 3-RDM build:        0.3610969 s
Time taken for 3-RDM build:        0.3619659 s
Time taken for 3-RDM build:        0.3611653 s
Time taken for 3-RDM build:        0.3694942 s
Time taken for 3-RDM build:        0.3706799 s
Time taken for 3-RDM build:        0.3677320 s
E_frzc:                          -44.7567199 Eh
E_cas:                            -9.6666253 Eh
E_nuc:                             0.0000000 Eh
E_casci:                         -54.3487687 Eh
E0 (from RDM):                   -54.3487687 Eh
Ecorr:                            -0.4454114 Eh

Timing summary
... Hamil build:                    0.0868156 s
... Hamil diag:                     0.0010564 s
... RDM build:                     10.0402920 s
State     Energy / Eh         Splitting / Eh      Splitting / cm-1    Splitting / meV     
0         -5.4423345e+01      +0.0000000e+00      +0.0000000e+00      +0.0000000e+00      
1         -5.4423345e+01      +1.0766144e-09      +2.3628954e-04      +2.9296183e-05      
2         -5.4423345e+01      +1.0765078e-09      +2.3626614e-04      +2.9293283e-05      
3         -5.4423345e+01      +1.0764154e-09      +2.3624587e-04      +2.9290769e-05      
4         -5.4318958e+01      +1.0438692e-01      +2.2910281e+04      +2.8405142e+03      
5         -5.4318958e+01      +1.1012489e-09      +2.4169619e-04      +2.9966522e-05      
6         -5.4318958e+01      +1.1371313e-09      +2.4957147e-04      +3.0942933e-05      
7         -5.4318958e+01      +5.9976912e-10      +1.3163411e-04      +1.6320557e-05      
8         -5.4318958e+01      +1.1947492e-09      +2.6221714e-04      +3.2510797e-05      
9         -5.4318958e+01      +1.3782895e-09      +3.0249957e-04      +3.7505185e-05      
10        -5.4318908e+01      +5.0508872e-05      +1.1085416e+01      +1.3744171e+00      
11        -5.4318908e+01      +3.9502766e-09      +8.6698548e-04      +1.0749255e-04      
12        -5.4318908e+01      +3.0347778e-09      +6.6605673e-04      +8.2580549e-05      
13        -5.4318908e+01      +2.9868943e-09      +6.5554752e-04      +8.1277572e-05      
Total time taken:                  10.3040991 s
===============================================

===============================================
            Relativistic DSRG-MRPT3            
===============================================
... compute_energy_pt3_1:      15.1470575 s
... compute_energy_pt2:       0.0875664 s
... compute_energy_pt3_2:      12.2762311 s
... compute_energy_pt3_3:       2.7285349 s
-----------------------------------------------
        DSRG-MRPT3 reference relaxation        
-----------------------------------------------
Iter                          Energy              Delta E   
   -Eref  -54.3487687       
   -Ecorr -0.1531427       
<Psi^(0)|Hbar^(0)|Psi^(0)>    -54.5019113         -5.45019e+01
   -Erelax-0.0000000       
<Psi^(0)|Hbar^(1)|Psi^(0)>    -54.5019114         -2.44324e-08
   -Eref  -54.3487687       
   -Ecorr -0.1531427       
<Psi^(1)|Hbar^(1)|Psi^(1)>    -54.5019114         -1.46947e-08
   -Erelax-0.0000000       
<Psi^(1)|Hbar^(2)|Psi^(1)>    -54.5019114         -1.60654e-11
   -Eref  -54.3487687       
   -Ecorr -0.1531427       
<Psi^(2)|Hbar^(2)|Psi^(2)>    -54.5019114         -2.15856e-10
   -Erelax-0.0000000       
<Psi^(2)|Hbar^(3)|Psi^(2)>    -54.5019114         -2.84217e-14
Unrelaxed DSRG-MRPT3 energy:               -54.5019113 Eh
Unrelaxed DSRG-MRPT3 E_corr:                -0.1531427 Eh
Partially relaxed DSRG-MRPT3 energy:       -54.5019114 Eh
Partially relaxed DSRG-MRPT3 E_corr:        -0.1531427 Eh
Relaxed DSRG-MRPT3 energy:                 -54.5019114 Eh
Relaxed DSRG-MRPT3 E_corr:                  -0.1531427 Eh
Fully relaxed DSRG-MRPT3 energy:           -54.5019114 Eh
Fully relaxed DSRG-MRPT3 E_corr:            -0.1531427 Eh
State     Energy / Eh         Splitting / Eh      Splitting / cm-1    Splitting / meV     
0         -5.4567634e+01      +0.0000000e+00      +0.0000000e+00      +0.0000000e+00      
1         -5.4567634e+01      +6.9664452e-10      +1.5289580e-04      +1.8956672e-05      
2         -5.4567634e+01      +6.9661610e-10      +1.5288956e-04      +1.8955899e-05      
3         -5.4567634e+01      +6.9653794e-10      +1.5287241e-04      +1.8953772e-05      
4         -5.4475641e+01      +9.1992957e-02      +2.0190120e+04      +2.5032571e+03      
5         -5.4475641e+01      +4.2553694e-10      +9.3394562e-05      +1.1579455e-05      
6         -5.4475641e+01      +2.6587088e-10      +5.8351913e-05      +7.2347186e-06      
7         -5.4475641e+01      +2.3455726e-10      +5.1479368e-05      +6.3826313e-06      
8         -5.4475641e+01      +2.5496405e-10      +5.5958141e-05      +6.9379285e-06      
9         -5.4475641e+01      +2.4526514e-10      +5.3829476e-05      +6.6740076e-06      
10        -5.4475595e+01      +4.5169233e-05      +9.9135008e+00      +1.2291180e+00      
11        -5.4475595e+01      +8.8213881e-10      +1.9360709e-04      +2.4004231e-05      
12        -5.4475595e+01      +7.4430062e-10      +1.6335510e-04      +2.0253461e-05      
13        -5.4475595e+01      +7.2874684e-10      +1.5994144e-04      +1.9830221e-05      
Time taken:                      137.7423027 s
===============================================
===============================================
              PySCF DHF interface              
===============================================
Will now allocate 796.594 MB memory for the AO ERI tensor!

Timing report
....integral transformation:      51.6434214 s

===============================================
            Relativistic CASCI(6,8)            
===============================================
Will now allocate 0.013 MB memory for the CASCI Hamiltonian!
Time taken for 1-RDM build:        0.0082972 s
Time taken for 1-RDM build:        0.0082753 s
Time taken for 1-RDM build:        0.0082664 s
Time taken for 1-RDM build:        0.0083306 s
Time taken for 1-RDM build:        0.0082746 s
Time taken for 1-RDM build:        0.0082684 s
Time taken for 1-RDM build:        0.0082524 s
Time taken for 1-RDM build:        0.0082853 s
Time taken for 1-RDM build:        0.0082805 s
Time taken for 2-RDM build:        0.0282125 s
Time taken for 2-RDM build:        0.0281067 s
Time taken for 2-RDM build:        0.0280571 s
Time taken for 2-RDM build:        0.0280147 s
Time taken for 2-RDM build:        0.0279810 s
Time taken for 2-RDM build:        0.0280125 s
Time taken for 2-RDM build:        0.0280113 s
Time taken for 2-RDM build:        0.0279899 s
Time taken for 2-RDM build:        0.0280042 s
Time taken for 3-RDM build:        0.1535919 s
Time taken for 3-RDM build:        0.1518633 s
Time taken for 3-RDM build:        0.1518602 s
Time taken for 3-RDM build:        0.1517992 s
Time taken for 3-RDM build:        0.1602659 s
Time taken for 3-RDM build:        0.1586499 s
Time taken for 3-RDM build:        0.1559708 s
Time taken for 3-RDM build:        0.1557701 s
Time taken for 3-RDM build:        0.1563830 s
E_frzc:                          -59.1480236 Eh
E_cas:                           -15.7034833 Eh
E_nuc:                             0.0000000 Eh
E_casci:                         -74.8511626 Eh
E0 (from RDM):                   -74.8511626 Eh
Ecorr:                            -0.3302227 Eh

Timing summary
... Hamil build:                    0.0354793 s
... Hamil diag:                     0.0004251 s
... RDM build:                      5.1890404 s
State     Energy / Eh         Splitting / Eh      Splitting / cm-1    Splitting / meV     
0         -7.4851507e+01      +0.0000000e+00      +0.0000000e+00      +0.0000000e+00      
1         -7.4851507e+01      +6.1121028e-09      +1.3414515e-03      +1.6631887e-04      
2         -7.4851507e+01      +6.8041430e-09      +1.4933368e-03      +1.8515025e-04      
3         -7.4851507e+01      +7.2887616e-09      +1.5996983e-03      +1.9833740e-04      
4         -7.4851507e+01      +9.8173984e-09      +2.1546699e-03      +2.6714515e-04      
5         -7.4850809e+01      +6.9818897e-04      +1.5323477e+02      +1.8998699e+01      
6         -7.4850809e+01      +7.3982278e-09      +1.6237233e-03      +2.0131613e-04      
7         -7.4850809e+01      +7.5923197e-09      +1.6663215e-03      +2.0659764e-04      
8         -7.4850503e+01      +3.0523771e-04      +6.6991933e+01      +8.3059451e+00      
Total time taken:                   5.4013858 s
===============================================

===============================================
            Relativistic DSRG-MRPT3            
===============================================
... compute_energy_pt3_1:      15.3236020 s
... compute_energy_pt2:       0.0833235 s
... compute_energy_pt3_2:      11.9040413 s
... compute_energy_pt3_3:       2.7746329 s
-----------------------------------------------
        DSRG-MRPT3 reference relaxation        
-----------------------------------------------
Iter                          Energy              Delta E   
   -Eref  -74.8511626       
   -Ecorr -0.2056916       
<Psi^(0)|Hbar^(0)|Psi^(0)>    -75.0568542         -7.50569e+01
   -Erelax-0.0000000       
<Psi^(0)|Hbar^(1)|Psi^(0)>    -75.0568542         -5.03243e-09
   -Eref  -74.8511626       
   -Ecorr -0.2056916       
<Psi^(1)|Hbar^(1)|Psi^(1)>    -75.0568542         -2.53129e-09
   -Erelax-0.0000000       
<Psi^(1)|Hbar^(2)|Psi^(1)>    -75.0568542         0.00000e+00
Unrelaxed DSRG-MRPT3 energy:               -75.0568542 Eh
Unrelaxed DSRG-MRPT3 E_corr:                -0.2056916 Eh
Partially relaxed DSRG-MRPT3 energy:       -75.0568542 Eh
Partially relaxed DSRG-MRPT3 E_corr:        -0.2056916 Eh
Relaxed DSRG-MRPT3 energy:                 -75.0568542 Eh
Relaxed DSRG-MRPT3 E_corr:                  -0.2056916 Eh
Fully relaxed DSRG-MRPT3 energy:           -75.0568542 Eh
Fully relaxed DSRG-MRPT3 E_corr:            -0.2056916 Eh
State     Energy / Eh         Splitting / Eh      Splitting / cm-1    Splitting / meV     
0         -7.5057184e+01      +0.0000000e+00      +0.0000000e+00      +0.0000000e+00      
1         -7.5057184e+01      +3.9691770e-09      +8.7113365e-04      +1.0800686e-04      
2         -7.5057184e+01      +3.3502516e-09      +7.3529524e-04      +9.1165034e-05      
3         -7.5057184e+01      +4.6047148e-09      +1.0106181e-03      +1.2530073e-04      
4         -7.5057184e+01      +5.6571992e-09      +1.2416117e-03      +1.5394030e-04      
5         -7.5056514e+01      +6.6944552e-04      +1.4692631e+02      +1.8216549e+01      
6         -7.5056514e+01      +4.4853437e-09      +9.8441914e-04      +1.2205248e-04      
7         -7.5056514e+01      +4.1779344e-09      +9.1695062e-04      +1.1368744e-04      
8         -7.5056228e+01      +2.8658226e-04      +6.2897536e+01      +7.7983042e+00      
Time taken:                       83.2839890 s
===============================================
===============================================
              PySCF DHF interface              
===============================================
Will now allocate 796.594 MB memory for the AO ERI tensor!

Timing report
....integral transformation:      53.4829524 s

===============================================
            Relativistic CASCI(7,8)            
===============================================
Will now allocate 0.001 MB memory for the CASCI Hamiltonian!
Time taken for 1-RDM build:        0.0013735 s
Time taken for 1-RDM build:        0.0014067 s
Time taken for 1-RDM build:        0.0013659 s
Time taken for 1-RDM build:        0.0013869 s
Time taken for 1-RDM build:        0.0013809 s
Time taken for 1-RDM build:        0.0013664 s
Time taken for 2-RDM build:        0.0030375 s
Time taken for 2-RDM build:        0.0029457 s
Time taken for 2-RDM build:        0.0029418 s
Time taken for 2-RDM build:        0.0029414 s
Time taken for 2-RDM build:        0.0029418 s
Time taken for 2-RDM build:        0.0029449 s
Time taken for 3-RDM build:        0.0281146 s
Time taken for 3-RDM build:        0.0268233 s
Time taken for 3-RDM build:        0.0275497 s
Time taken for 3-RDM build:        0.0268495 s
Time taken for 3-RDM build:        0.0268722 s
Time taken for 3-RDM build:        0.0268624 s
E_frzc:                          -75.5478008 Eh
E_cas:                           -23.9325131 Eh
E_nuc:                             0.0000000 Eh
E_casci:                         -99.4797328 Eh
E0 (from RDM):                   -99.4797328 Eh
Ecorr:                            -0.1043819 Eh

Timing summary
... Hamil build:                    0.0068140 s
... Hamil diag:                     0.0001881 s
... RDM build:                      3.6061013 s
State     Energy / Eh         Splitting / Eh      Splitting / cm-1    Splitting / meV     
0         -9.9480314e+01      +0.0000000e+00      +0.0000000e+00      +0.0000000e+00      
1         -9.9480314e+01      +2.4031053e-08      +5.2742064e-03      +6.5391856e-04      
2         -9.9480314e+01      +6.9549344e-09      +1.5264317e-03      +1.8925350e-04      
3         -9.9480314e+01      +2.1663141e-08      +4.7545098e-03      +5.8948436e-04      
4         -9.9478571e+01      +1.7431739e-03      +3.8258245e+02      +4.7434202e+01      
5         -9.9478571e+01      +1.6993951e-08      +3.7297411e-03      +4.6242918e-04      
Total time taken:                   3.7932794 s
===============================================

===============================================
            Relativistic DSRG-MRPT3            
===============================================
... compute_energy_pt3_1:      15.4269471 s
... compute_energy_pt2:       0.0839775 s
... compute_energy_pt3_2:      12.2229886 s
... compute_energy_pt3_3:       2.8851035 s
-----------------------------------------------
        DSRG-MRPT3 reference relaxation        
-----------------------------------------------
Iter                          Energy              Delta E   
   -Eref  -99.4797328       
   -Ecorr -0.2654717       
<Psi^(0)|Hbar^(0)|Psi^(0)>    -99.7452045         -9.97452e+01
   -Erelax0.0000000       
<Psi^(0)|Hbar^(1)|Psi^(0)>    -99.7452045         1.42109e-14
   -Eref  -99.4797328       
   -Ecorr -0.2654717       
<Psi^(1)|Hbar^(1)|Psi^(1)>    -99.7452045         4.26326e-14
   -Erelax-0.0000000       
<Psi^(1)|Hbar^(2)|Psi^(1)>    -99.7452045         -1.42109e-14
Unrelaxed DSRG-MRPT3 energy:               -99.7452045 Eh
Unrelaxed DSRG-MRPT3 E_corr:                -0.2654717 Eh
Partially relaxed DSRG-MRPT3 energy:       -99.7452045 Eh
Partially relaxed DSRG-MRPT3 E_corr:        -0.2654717 Eh
Relaxed DSRG-MRPT3 energy:                 -99.7452045 Eh
Relaxed DSRG-MRPT3 E_corr:                  -0.2654717 Eh
Fully relaxed DSRG-MRPT3 energy:           -99.7452045 Eh
Fully relaxed DSRG-MRPT3 E_corr:            -0.2654717 Eh
State     Energy / Eh         Splitting / Eh      Splitting / cm-1    Splitting / meV     
0         -9.9745792e+01      +0.0000000e+00      +0.0000000e+00      +0.0000000e+00      
1         -9.9745792e+01      +1.0074373e-08      +2.2110694e-03      +2.7413779e-04      
2         -9.9745792e+01      +5.3007909e-09      +1.1633891e-03      +1.4424194e-04      
3         -9.9745792e+01      +8.0634805e-09      +1.7697294e-03      +2.1941859e-04      
4         -9.9744029e+01      +1.7637997e-03      +3.8710929e+02      +4.7995458e+01      
5         -9.9744029e+01      +8.9674614e-09      +1.9681303e-03      +2.4401717e-04      
Time taken:                       81.6072266 s
===============================================
===============================================
              PySCF DHF interface              
===============================================
Will now allocate 3.102 GB memory for the AO ERI tensor!

Timing report
....integral transformation:     215.4216950 s

===============================================
            Relativistic CASCI(3,8)            
===============================================
Will now allocate 0.050 MB memory for the CASCI Hamiltonian!
Time taken for 1-RDM build:        0.0226505 s
Time taken for 1-RDM build:        0.0205979 s
Time taken for 1-RDM build:        0.0204263 s
Time taken for 1-RDM build:        0.0205657 s
Time taken for 1-RDM build:        0.0204015 s
Time taken for 1-RDM build:        0.0202937 s
Time taken for 2-RDM build:        0.0849242 s
Time taken for 2-RDM build:        0.0801320 s
Time taken for 2-RDM build:        0.0802038 s
Time taken for 2-RDM build:        0.0806403 s
Time taken for 2-RDM build:        0.0804305 s
Time taken for 2-RDM build:        0.0808482 s
Time taken for 3-RDM build:        0.1819839 s
Time taken for 3-RDM build:        0.1811655 s
Time taken for 3-RDM build:        0.1811709 s
Time taken for 3-RDM build:        0.1809897 s
Time taken for 3-RDM build:        0.1810079 s
Time taken for 3-RDM build:        0.1810203 s
E_frzc:                         -240.4061812 Eh
E_cas:                            -1.8986420 Eh
E_nuc:                             0.0000000 Eh
E_casci:                        -242.3045291 Eh
E0 (from RDM):                  -242.3045291 Eh
Ecorr:                            -0.1899047 Eh

Timing summary
... Hamil build:                    0.1650395 s
... Hamil diag:                     0.0380080 s
... RDM build:                     15.0291746 s
State     Energy / Eh         Splitting / Eh      Splitting / cm-1    Splitting / meV     
0         -2.4230482e+02      +0.0000000e+00      +0.0000000e+00      +0.0000000e+00      
1         -2.4230482e+02      +1.0992665e-09      +2.4126110e-04      +2.9912578e-05      
2         -2.4230438e+02      +4.4107881e-04      +9.6805609e+01      +1.2002372e+01      
3         -2.4230438e+02      +1.0805650e-09      +2.3715660e-04      +2.9403685e-05      
4         -2.4230438e+02      +8.9775654e-10      +1.9703478e-04      +2.4429211e-05      
5         -2.4230438e+02      +3.6629899e-10      +8.0393336e-05      +9.9675080e-06      
Total time taken:                  15.8897102 s
===============================================

===============================================
            Relativistic DSRG-MRPT3            
===============================================
... compute_energy_pt3_1:      65.2270586 s
... compute_energy_pt2:       0.2589855 s
... compute_energy_pt3_2:      51.6314576 s
... compute_energy_pt3_3:      11.2707117 s
-----------------------------------------------
        DSRG-MRPT3 reference relaxation        
-----------------------------------------------
Iter                          Energy              Delta E   
   -Eref  -242.3045291       
   -Ecorr -0.1853980       
<Psi^(0)|Hbar^(0)|Psi^(0)>    -242.4899272        -2.42490e+02
   -Erelax-0.0001096       
<Psi^(0)|Hbar^(1)|Psi^(0)>    -242.4900368        -1.09618e-04
   -Eref  -242.3044199       
   -Ecorr -0.1856177       
<Psi^(1)|Hbar^(1)|Psi^(1)>    -242.4900376        -8.31380e-07
   -Erelax-0.0000000       
<Psi^(1)|Hbar^(2)|Psi^(1)>    -242.4900376        -4.52758e-10
   -Eref  -242.3044195       
   -Ecorr -0.1856181       
<Psi^(2)|Hbar^(2)|Psi^(2)>    -242.4900376        -1.62964e-09
   -Erelax-0.0000000       
<Psi^(2)|Hbar^(3)|Psi^(2)>    -242.4900376        0.00000e+00
Unrelaxed DSRG-MRPT3 energy:              -242.4899272 Eh
Unrelaxed DSRG-MRPT3 E_corr:                -0.1853980 Eh
Partially relaxed DSRG-MRPT3 energy:      -242.4900368 Eh
Partially relaxed DSRG-MRPT3 E_corr:        -0.1855077 Eh
Relaxed DSRG-MRPT3 energy:                -242.4900376 Eh
Relaxed DSRG-MRPT3 E_corr:                  -0.1856177 Eh
Fully relaxed DSRG-MRPT3 energy:          -242.4900376 Eh
Fully relaxed DSRG-MRPT3 E_corr:            -0.1856181 Eh
State     Energy / Eh         Splitting / Eh      Splitting / cm-1    Splitting / meV     
0         -2.4249036e+02      +0.0000000e+00      +0.0000000e+00      +0.0000000e+00      
1         -2.4249036e+02      +9.1870334e-10      +2.0163207e-04      +2.4999203e-05      
2         -2.4248988e+02      +4.7650328e-04      +1.0458038e+02      +1.2966321e+01      
3         -2.4248988e+02      +8.9178798e-10      +1.9572484e-04      +2.4266798e-05      
4         -2.4248988e+02      +7.1602813e-10      +1.5715001e-04      +1.9484127e-05      
5         -2.4248988e+02      +3.0718184e-10      +6.7418620e-05      +8.3588475e-06      
Time taken:                      835.3129501 s
===============================================
===============================================
              PySCF DHF interface              
===============================================
Will now allocate 3.102 GB memory for the AO ERI tensor!

Timing report
....integral transformation:     209.9616342 s

===============================================
            Relativistic CASCI(4,8)            
===============================================
Will now allocate 0.078 MB memory for the CASCI Hamiltonian!
Time taken for 1-RDM build:        0.0317545 s
Time taken for 1-RDM build:        0.0316935 s
Time taken for 1-RDM build:        0.0316446 s
Time taken for 1-RDM build:        0.0289383 s
Time taken for 1-RDM build:        0.0281100 s
Time taken for 1-RDM build:        0.0279863 s
Time taken for 1-RDM build:        0.0279481 s
Time taken for 1-RDM build:        0.0279229 s
Time taken for 1-RDM build:        0.0281079 s
Time taken for 2-RDM build:        0.1210301 s
Time taken for 2-RDM build:        0.1211364 s
Time taken for 2-RDM build:        0.1210938 s
Time taken for 2-RDM build:        0.1214852 s
Time taken for 2-RDM build:        0.1211927 s
Time taken for 2-RDM build:        0.1214931 s
Time taken for 2-RDM build:        0.1214056 s
Time taken for 2-RDM build:        0.1214371 s
Time taken for 2-RDM build:        0.1211343 s
Time taken for 3-RDM build:        0.3979771 s
Time taken for 3-RDM build:        0.3956151 s
Time taken for 3-RDM build:        0.3955021 s
Time taken for 3-RDM build:        0.3967469 s
Time taken for 3-RDM build:        0.3952763 s
Time taken for 3-RDM build:        0.3949854 s
Time taken for 3-RDM build:        0.3944511 s
Time taken for 3-RDM build:        0.3942935 s
Time taken for 3-RDM build:        0.3945348 s
E_frzc:                         -285.7423197 Eh
E_cas:                            -3.6921024 Eh
E_nuc:                             0.0000000 Eh
E_casci:                        -289.4337768 Eh
E0 (from RDM):                  -289.4337768 Eh
Ecorr:                            -0.2329780 Eh

Timing summary
... Hamil build:                    0.1246119 s
... Hamil diag:                     0.0110466 s
... RDM build:                     17.3040895 s
State     Energy / Eh         Splitting / Eh      Splitting / cm-1    Splitting / meV     
0         -2.8943442e+02      +0.0000000e+00      +0.0000000e+00      +0.0000000e+00      
1         -2.8943409e+02      +3.3211201e-04      +7.2890160e+01      +9.0372324e+00      
2         -2.8943409e+02      +8.1735152e-10      +1.7938792e-04      +2.2241278e-05      
3         -2.8943409e+02      +8.9210062e-10      +1.9579345e-04      +2.4275306e-05      
4         -2.8943346e+02      +6.3005266e-04      +1.3828057e+02      +1.7144614e+01      
5         -2.8943346e+02      +2.5920599e-10      +5.6889139e-05      +7.0533576e-06      
6         -2.8943346e+02      +7.8654239e-10      +1.7262610e-04      +2.1402919e-05      
7         -2.8943346e+02      +6.1896799e-10      +1.3584777e-04      +1.6842985e-05      
8         -2.8943346e+02      +4.2439297e-10      +9.3143489e-05      +1.1548326e-05      
Total time taken:                  18.1006362 s
===============================================

===============================================
            Relativistic DSRG-MRPT3            
===============================================
... compute_energy_pt3_1:      62.3479867 s
... compute_energy_pt2:       0.2604613 s
... compute_energy_pt3_2:      52.0812368 s
... compute_energy_pt3_3:      10.7449837 s
-----------------------------------------------
        DSRG-MRPT3 reference relaxation        
-----------------------------------------------
Iter                          Energy              Delta E   
   -Eref  -289.4337768       
   -Ecorr -0.2014838       
<Psi^(0)|Hbar^(0)|Psi^(0)>    -289.6352606        -2.89635e+02
   -Erelax-0.0000772       
<Psi^(0)|Hbar^(1)|Psi^(0)>    -289.6353379        -7.72394e-05
   -Eref  -289.4337002       
   -Ecorr -0.2016562       
<Psi^(1)|Hbar^(1)|Psi^(1)>    -289.6353563        -1.84698e-05
   -Erelax-0.0000000       
<Psi^(1)|Hbar^(2)|Psi^(1)>    -289.6353563        -8.12861e-11
   -Eref  -289.4337001       
   -Ecorr -0.2016562       
<Psi^(2)|Hbar^(2)|Psi^(2)>    -289.6353564        -7.13658e-09
   -Erelax-0.0000000       
<Psi^(2)|Hbar^(3)|Psi^(2)>    -289.6353564        -5.68434e-14
Unrelaxed DSRG-MRPT3 energy:              -289.6352606 Eh
Unrelaxed DSRG-MRPT3 E_corr:                -0.2014838 Eh
Partially relaxed DSRG-MRPT3 energy:      -289.6353379 Eh
Partially relaxed DSRG-MRPT3 E_corr:        -0.2015611 Eh
Relaxed DSRG-MRPT3 energy:                -289.6353563 Eh
Relaxed DSRG-MRPT3 E_corr:                  -0.2016562 Eh
Fully relaxed DSRG-MRPT3 energy:          -289.6353564 Eh
Fully relaxed DSRG-MRPT3 E_corr:            -0.2016562 Eh
State     Energy / Eh         Splitting / Eh      Splitting / cm-1    Splitting / meV     
0         -2.8963605e+02      +0.0000000e+00      +0.0000000e+00      +0.0000000e+00      
1         -2.8963569e+02      +3.5828783e-04      +7.8635088e+01      +9.7495130e+00      
2         -2.8963569e+02      +6.4881078e-10      +1.4239751e-04      +1.7655049e-05      
3         -2.8963569e+02      +6.8115469e-10      +1.4949617e-04      +1.8535172e-05      
4         -2.8963502e+02      +6.7738799e-04      +1.4866948e+02      +1.8432675e+01      
5         -2.8963502e+02      +2.3652547e-10      +5.1911339e-05      +6.4361888e-06      
6         -2.8963502e+02      +5.9594640e-10      +1.3079512e-04      +1.6216535e-05      
7         -2.8963502e+02      +5.2597215e-10      +1.1543754e-04      +1.4312438e-05      
8         -2.8963502e+02      +3.0922820e-10      +6.7867744e-05      +8.4145319e-06      
Time taken:                     1448.6383805 s
===============================================
===============================================
              PySCF DHF interface              
===============================================
Will now allocate 3.102 GB memory for the AO ERI tensor!

Timing report
....integral transformation:     206.8372786 s

===============================================
            Relativistic CASCI(5,8)            
===============================================
Will now allocate 0.050 MB memory for the CASCI Hamiltonian!
Time taken for 1-RDM build:        0.0221152 s
Time taken for 1-RDM build:        0.0219755 s
Time taken for 1-RDM build:        0.0224617 s
Time taken for 1-RDM build:        0.0224459 s
Time taken for 1-RDM build:        0.0216968 s
Time taken for 1-RDM build:        0.0215046 s
Time taken for 1-RDM build:        0.0213988 s
Time taken for 1-RDM build:        0.0213275 s
Time taken for 1-RDM build:        0.0218308 s
Time taken for 1-RDM build:        0.0212018 s
Time taken for 1-RDM build:        0.0207188 s
Time taken for 1-RDM build:        0.0207088 s
Time taken for 1-RDM build:        0.0206919 s
Time taken for 1-RDM build:        0.0207202 s
Time taken for 2-RDM build:        0.0857227 s
Time taken for 2-RDM build:        0.0856724 s
Time taken for 2-RDM build:        0.0856533 s
Time taken for 2-RDM build:        0.0856936 s
Time taken for 2-RDM build:        0.0854969 s
Time taken for 2-RDM build:        0.0858192 s
Time taken for 2-RDM build:        0.0858586 s
Time taken for 2-RDM build:        0.0861337 s
Time taken for 2-RDM build:        0.0862753 s
Time taken for 2-RDM build:        0.0864167 s
Time taken for 2-RDM build:        0.0862131 s
Time taken for 2-RDM build:        0.0859833 s
Time taken for 2-RDM build:        0.0863507 s
Time taken for 2-RDM build:        0.0856626 s
Time taken for 3-RDM build:        0.3805552 s
Time taken for 3-RDM build:        0.3597960 s
Time taken for 3-RDM build:        0.3620648 s
Time taken for 3-RDM build:        0.3598950 s
Time taken for 3-RDM build:        0.3602207 s
Time taken for 3-RDM build:        0.3605545 s
Time taken for 3-RDM build:        0.3607812 s
Time taken for 3-RDM build:        0.3610013 s
Time taken for 3-RDM build:        0.3606279 s
Time taken for 3-RDM build:        0.3597674 s
Time taken for 3-RDM build:        0.3600714 s
Time taken for 3-RDM build:        0.3611078 s
Time taken for 3-RDM build:        0.3603694 s
Time taken for 3-RDM build:        0.3603909 s
E_frzc:                         -335.1272672 Eh
E_cas:                            -6.3636403 Eh
E_nuc:                             0.0000000 Eh
E_casci:                        -341.4410664 Eh
E0 (from RDM):                  -341.4410664 Eh
Ecorr:                            -0.2138107 Eh

Timing summary
... Hamil build:                    0.1137278 s
... Hamil diag:                     0.0011945 s
... RDM build:                     19.3440497 s
State     Energy / Eh         Splitting / Eh      Splitting / cm-1    Splitting / meV     
0         -3.4149091e+02      +0.0000000e+00      +0.0000000e+00      +0.0000000e+00      
1         -3.4149091e+02      +3.2849812e-10      +7.2097003e-05      +8.9388933e-06      
2         -3.4149091e+02      +3.2838443e-10      +7.2072051e-05      +8.9357998e-06      
3         -3.4149091e+02      +3.2798653e-10      +7.1984722e-05      +8.9249722e-06      
4         -3.4142117e+02      +6.9735531e-02      +1.5305180e+04      +1.8976014e+03      
5         -3.4142117e+02      +1.5667183e-09      +3.4385492e-04      +4.2632597e-05      
6         -3.4142117e+02      +1.3034196e-09      +2.8606753e-04      +3.5467871e-05      
7         -3.4142117e+02      +1.7383286e-09      +3.8151902e-04      +4.7302353e-05      
8         -3.4142110e+02      +6.9890622e-05      +1.5339218e+01      +1.9018216e+00      
9         -3.4142110e+02      +9.2740038e-10      +2.0354085e-04      +2.5235862e-05      
10        -3.4142110e+02      +9.6150643e-10      +2.1102627e-04      +2.6163935e-05      
11        -3.4142110e+02      +7.5050366e-10      +1.6471651e-04      +2.0422255e-05      
12        -3.4142110e+02      +9.6383701e-10      +2.1153777e-04      +2.6227353e-05      
13        -3.4142110e+02      +1.9558115e-09      +4.2925101e-04      +5.3220367e-05      
Total time taken:                  20.1169462 s
===============================================

===============================================
            Relativistic DSRG-MRPT3            
===============================================
... compute_energy_pt3_1:      62.2612064 s
... compute_energy_pt2:       0.2415686 s
... compute_energy_pt3_2:      50.8310547 s
... compute_energy_pt3_3:      10.5527723 s
-----------------------------------------------
        DSRG-MRPT3 reference relaxation        
-----------------------------------------------
Iter                          Energy              Delta E   
   -Eref  -341.4410664       
   -Ecorr -0.2330756       
<Psi^(0)|Hbar^(0)|Psi^(0)>    -341.6741420        -3.41674e+02
   -Erelax-0.0000002       
<Psi^(0)|Hbar^(1)|Psi^(0)>    -341.6741422        -2.32443e-07
   -Eref  -341.4410662       
   -Ecorr -0.2330761       
<Psi^(1)|Hbar^(1)|Psi^(1)>    -341.6741423        -3.54216e-08
   -Erelax-0.0000000       
<Psi^(1)|Hbar^(2)|Psi^(1)>    -341.6741423        -4.77485e-12
   -Eref  -341.4410662       
   -Ecorr -0.2330761       
<Psi^(2)|Hbar^(2)|Psi^(2)>    -341.6741423        5.12216e-10
   -Erelax-0.0000000       
<Psi^(2)|Hbar^(3)|Psi^(2)>    -341.6741423        0.00000e+00
Unrelaxed DSRG-MRPT3 energy:              -341.6741420 Eh
Unrelaxed DSRG-MRPT3 E_corr:                -0.2330756 Eh
Partially relaxed DSRG-MRPT3 energy:      -341.6741422 Eh
Partially relaxed DSRG-MRPT3 E_corr:        -0.2330758 Eh
Relaxed DSRG-MRPT3 energy:                -341.6741423 Eh
Relaxed DSRG-MRPT3 E_corr:                  -0.2330761 Eh
Fully relaxed DSRG-MRPT3 energy:          -341.6741423 Eh
Fully relaxed DSRG-MRPT3 E_corr:            -0.2330761 Eh
State     Energy / Eh         Splitting / Eh      Splitting / cm-1    Splitting / meV     
0         -3.4171873e+02      +0.0000000e+00      +0.0000000e+00      +0.0000000e+00      
1         -3.4171873e+02      +2.6528824e-10      +5.8224037e-05      +7.2188640e-06      
2         -3.4171873e+02      +2.6494718e-10      +5.8149183e-05      +7.2095833e-06      
3         -3.4171873e+02      +2.6511771e-10      +5.8186610e-05      +7.2142237e-06      
4         -3.4165634e+02      +6.2391786e-02      +1.3693414e+04      +1.6977678e+03      
5         -3.4165634e+02      +1.0315944e-09      +2.2640879e-04      +2.8071126e-05      
6         -3.4165634e+02      +8.5140073e-10      +1.8686086e-04      +2.3167805e-05      
7         -3.4165634e+02      +1.1315819e-09      +2.4835353e-04      +3.0791928e-05      
8         -3.4165628e+02      +6.2520356e-05      +1.3721632e+01      +1.7012664e+00      
9         -3.4165628e+02      +5.5962346e-10      +1.2282315e-04      +1.5228137e-05      
10        -3.4165628e+02      +5.2841642e-10      +1.1597400e-04      +1.4378950e-05      
11        -3.4165628e+02      +5.4467364e-10      +1.1954205e-04      +1.4821332e-05      
12        -3.4165628e+02      +6.2533445e-10      +1.3724505e-04      +1.7016225e-05      
13        -3.4165628e+02      +1.0589360e-09      +2.3240960e-04      +2.8815131e-05      
Time taken:                      725.4017336 s
===============================================
===============================================
              PySCF DHF interface              
===============================================
Will now allocate 3.102 GB memory for the AO ERI tensor!

Timing report
....integral transformation:     202.2227674 s

===============================================
            Relativistic CASCI(6,8)            
===============================================
Will now allocate 0.013 MB memory for the CASCI Hamiltonian!
Time taken for 1-RDM build:        0.0082142 s
Time taken for 1-RDM build:        0.0080559 s
Time taken for 1-RDM build:        0.0080619 s
Time taken for 1-RDM build:        0.0080600 s
Time taken for 1-RDM build:        0.0082378 s
Time taken for 1-RDM build:        0.0080440 s
Time taken for 1-RDM build:        0.0080428 s
Time taken for 1-RDM build:        0.0080454 s
Time taken for 1-RDM build:        0.0081048 s
Time taken for 2-RDM build:        0.0281398 s
Time taken for 2-RDM build:        0.0278676 s
Time taken for 2-RDM build:        0.0279713 s
Time taken for 2-RDM build:        0.0280452 s
Time taken for 2-RDM build:        0.0279653 s
Time taken for 2-RDM build:        0.0279908 s
Time taken for 2-RDM build:        0.0278354 s
Time taken for 2-RDM build:        0.0279982 s
Time taken for 2-RDM build:        0.0281253 s
Time taken for 3-RDM build:        0.2474904 s
Time taken for 3-RDM build:        0.1529493 s
Time taken for 3-RDM build:        0.1529484 s
Time taken for 3-RDM build:        0.1535022 s
Time taken for 3-RDM build:        0.1533687 s
Time taken for 3-RDM build:        0.1527343 s
Time taken for 3-RDM build:        0.1526952 s
Time taken for 3-RDM build:        0.1527400 s
Time taken for 3-RDM build:        0.1526487 s
E_frzc:                         -388.5675376 Eh
E_cas:                            -9.9659359 Eh
E_nuc:                             0.0000000 Eh
E_casci:                        -398.5325748 Eh
E0 (from RDM):                  -398.5325748 Eh
Ecorr:                            -0.1603097 Eh

Timing summary
... Hamil build:                    0.0664096 s
... Hamil diag:                     0.0004466 s
... RDM build:                     14.3939431 s
State     Energy / Eh         Splitting / Eh      Splitting / cm-1    Splitting / meV     
0         -3.9853347e+02      +0.0000000e+00      +0.0000000e+00      +0.0000000e+00      
1         -3.9853347e+02      +5.6296585e-09      +1.2355672e-03      +1.5319088e-04      
2         -3.9853347e+02      +5.9783360e-09      +1.3120931e-03      +1.6267889e-04      
3         -3.9853347e+02      +5.6479053e-09      +1.2395719e-03      +1.5368740e-04      
4         -3.9853347e+02      +5.6580234e-09      +1.2417926e-03      +1.5396273e-04      
5         -3.9853166e+02      +1.8163270e-03      +3.9863770e+02      +4.9424800e+01      
6         -3.9853166e+02      +3.5533390e-09      +7.7986775e-04      +9.6691324e-05      
7         -3.9853166e+02      +3.5755647e-09      +7.8474575e-04      +9.7296119e-05      
8         -3.9853083e+02      +8.2294816e-04      +1.8061624e+02      +2.2393571e+01      
Total time taken:                  15.1209981 s
===============================================

===============================================
            Relativistic DSRG-MRPT3            
===============================================
... compute_energy_pt3_1:      70.5717537 s
... compute_energy_pt2:       0.2465551 s
... compute_energy_pt3_2:      52.5180266 s
... compute_energy_pt3_3:      11.2730260 s
-----------------------------------------------
        DSRG-MRPT3 reference relaxation        
-----------------------------------------------
Iter                          Energy              Delta E   
   -Eref  -398.5325748       
   -Ecorr -0.2711865       
<Psi^(0)|Hbar^(0)|Psi^(0)>    -398.8037613        -3.98804e+02
   -Erelax-0.0000005       
<Psi^(0)|Hbar^(1)|Psi^(0)>    -398.8037618        -4.89877e-07
   -Eref  -398.5325743       
   -Ecorr -0.2711879       
<Psi^(1)|Hbar^(1)|Psi^(1)>    -398.8037622        -3.33715e-07
   -Erelax-0.0000000       
<Psi^(1)|Hbar^(2)|Psi^(1)>    -398.8037622        -1.62004e-11
   -Eref  -398.5325743       
   -Ecorr -0.2711879       
<Psi^(2)|Hbar^(2)|Psi^(2)>    -398.8037622        -1.93523e-09
   -Erelax0.0000000       
<Psi^(2)|Hbar^(3)|Psi^(2)>    -398.8037622        0.00000e+00
Unrelaxed DSRG-MRPT3 energy:              -398.8037613 Eh
Unrelaxed DSRG-MRPT3 E_corr:                -0.2711865 Eh
Partially relaxed DSRG-MRPT3 energy:      -398.8037618 Eh
Partially relaxed DSRG-MRPT3 E_corr:        -0.2711870 Eh
Relaxed DSRG-MRPT3 energy:                -398.8037622 Eh
Relaxed DSRG-MRPT3 E_corr:                  -0.2711879 Eh
Fully relaxed DSRG-MRPT3 energy:          -398.8037622 Eh
Fully relaxed DSRG-MRPT3 E_corr:            -0.2711879 Eh
State     Energy / Eh         Splitting / Eh      Splitting / cm-1    Splitting / meV     
0         -3.9880471e+02      +0.0000000e+00      +0.0000000e+00      +0.0000000e+00      
1         -3.9880471e+02      +3.2070488e-09      +7.0386586e-04      +8.7268286e-05      
2         -3.9880471e+02      +3.1905643e-09      +7.0024791e-04      +8.6819717e-05      
3         -3.9880471e+02      +3.0437945e-09      +6.6803568e-04      +8.2825908e-05      
4         -3.9880471e+02      +3.1153036e-09      +6.8373010e-04      +8.4771768e-05      
5         -3.9880279e+02      +1.9199414e-03      +4.2137843e+02      +5.2244292e+01      
6         -3.9880279e+02      +1.7370780e-09      +3.8124456e-04      +4.7268324e-05      
7         -3.9880279e+02      +1.8105197e-09      +3.9736315e-04      +4.9266775e-05      
8         -3.9880193e+02      +8.6617095e-04      +1.9010255e+02      +2.3569723e+01      
Time taken:                      937.9000118 s
===============================================
===============================================
              PySCF DHF interface              
===============================================
Will now allocate 3.102 GB memory for the AO ERI tensor!

Timing report
....integral transformation:     200.6491895 s

===============================================
            Relativistic CASCI(7,8)            
===============================================
Will now allocate 0.001 MB memory for the CASCI Hamiltonian!
Time taken for 1-RDM build:        0.0014112 s
Time taken for 1-RDM build:        0.0013831 s
Time taken for 1-RDM build:        0.0013785 s
Time taken for 1-RDM build:        0.0013740 s
Time taken for 1-RDM build:        0.0013640 s
Time taken for 1-RDM build:        0.0013640 s
Time taken for 2-RDM build:        0.0031810 s
Time taken for 2-RDM build:        0.0029643 s
Time taken for 2-RDM build:        0.0029559 s
Time taken for 2-RDM build:        0.0029569 s
Time taken for 2-RDM build:        0.0029542 s
Time taken for 2-RDM build:        0.0029552 s
Time taken for 3-RDM build:        0.0275426 s
Time taken for 3-RDM build:        0.0269423 s
Time taken for 3-RDM build:        0.0269470 s
Time taken for 3-RDM build:        0.0268948 s
Time taken for 3-RDM build:        0.0273383 s
Time taken for 3-RDM build:        0.0269532 s
E_frzc:                         -446.0682972 Eh
E_cas:                           -14.7582517 Eh
E_nuc:                             0.0000000 Eh
E_casci:                        -460.8252020 Eh
E0 (from RDM):                  -460.8252020 Eh
Ecorr:                             0.0013470 Eh

Timing summary
... Hamil build:                    0.0385890 s
... Hamil diag:                     0.0002007 s
... RDM build:                     12.6727693 s
State     Energy / Eh         Splitting / Eh      Splitting / cm-1    Splitting / meV     
0         -4.6082655e+02      +0.0000000e+00      +0.0000000e+00      +0.0000000e+00      
1         -4.6082655e+02      +1.2022326e-08      +2.6385956e-03      +3.2714432e-04      
2         -4.6082655e+02      +5.7600573e-09      +1.2641864e-03      +1.5673922e-04      
3         -4.6082655e+02      +1.1622035e-08      +2.5507418e-03      +3.1625183e-04      
4         -4.6082251e+02      +4.0408198e-03      +8.8685742e+02      +1.0995636e+02      
5         -4.6082251e+02      +2.0031848e-08      +4.3964825e-03      +5.4509461e-04      
Total time taken:                  13.3807909 s
===============================================

===============================================
            Relativistic DSRG-MRPT3            
===============================================
... compute_energy_pt3_1:      64.7423651 s
... compute_energy_pt2:       0.2435160 s
... compute_energy_pt3_2:      51.2069845 s
... compute_energy_pt3_3:      11.1926124 s
-----------------------------------------------
        DSRG-MRPT3 reference relaxation        
-----------------------------------------------
Iter                          Energy              Delta E   
   -Eref  -460.8252020       
   -Ecorr -0.3234386       
<Psi^(0)|Hbar^(0)|Psi^(0)>    -461.1486405        -4.61149e+02
   -Erelax-0.0000000       
<Psi^(0)|Hbar^(1)|Psi^(0)>    -461.1486405        0.00000e+00
   -Eref  -460.8252020       
   -Ecorr -0.3234386       
<Psi^(1)|Hbar^(1)|Psi^(1)>    -461.1486405        1.70530e-13
   -Erelax-0.0000000       
<Psi^(1)|Hbar^(2)|Psi^(1)>    -461.1486405        0.00000e+00
Unrelaxed DSRG-MRPT3 energy:              -461.1486405 Eh
Unrelaxed DSRG-MRPT3 E_corr:                -0.3234386 Eh
Partially relaxed DSRG-MRPT3 energy:      -461.1486405 Eh
Partially relaxed DSRG-MRPT3 E_corr:        -0.3234386 Eh
Relaxed DSRG-MRPT3 energy:                -461.1486405 Eh
Relaxed DSRG-MRPT3 E_corr:                  -0.3234386 Eh
Fully relaxed DSRG-MRPT3 energy:          -461.1486405 Eh
Fully relaxed DSRG-MRPT3 E_corr:            -0.3234386 Eh
State     Energy / Eh         Splitting / Eh      Splitting / cm-1    Splitting / meV     
0         -4.6115003e+02      +0.0000000e+00      +0.0000000e+00      +0.0000000e+00      
1         -4.6115003e+02      +5.3069584e-09      +1.1647427e-03      +1.4440976e-04      
2         -4.6115003e+02      +3.4549998e-09      +7.5828481e-04      +9.4015379e-05      
3         -4.6115003e+02      +5.1533107e-09      +1.1310210e-03      +1.4022879e-04      
4         -4.6114586e+02      +4.1671482e-03      +9.1458331e+02      +1.1339393e+02      
5         -4.6114586e+02      +9.4697157e-09      +2.0783623e-03      +2.5768421e-04      
Time taken:                      918.4782405 s
===============================================
===============================================
              PySCF DHF interface              
===============================================

Timing report
....integral reading:      25.0501122 s

===============================================
            Relativistic CASCI(3,8)            
===============================================
Will now allocate 0.050 MB memory for the CASCI Hamiltonian!
Time taken for 1-RDM build:        0.0056989 s
Time taken for 1-RDM build:        0.0056899 s
Time taken for 1-RDM build:        0.0056605 s
Time taken for 1-RDM build:        0.0056570 s
Time taken for 1-RDM build:        0.0056620 s
Time taken for 1-RDM build:        0.0056932 s
Time taken for 2-RDM build:        0.0234423 s
Time taken for 2-RDM build:        0.0233800 s
Time taken for 2-RDM build:        0.0233676 s
Time taken for 2-RDM build:        0.0233023 s
Time taken for 2-RDM build:        0.0233514 s
Time taken for 2-RDM build:        0.0233800 s
Time taken for 3-RDM build:        0.0657749 s
Time taken for 3-RDM build:        0.0660105 s
Time taken for 3-RDM build:        0.0650594 s
Time taken for 3-RDM build:        0.0650156 s
Time taken for 3-RDM build:        0.0650985 s
Time taken for 3-RDM build:        0.0649695 s
E_frzc:                        -1939.7138290 Eh
E_cas:                            -2.0100161 Eh
E_nuc:                             0.0000000 Eh
E_casci:                       -1941.7217616 Eh
E0 (from RDM):                 -1941.7217616 Eh
Ecorr:                            -0.1944870 Eh

Timing summary
... Hamil build:                    0.0171399 s
... Hamil diag:                     0.0010107 s
... RDM build:                     50.8050981 s
State     Energy / Eh         Splitting / Eh      Splitting / cm-1    Splitting / meV     
0         -1.9417238e+03      +0.0000000e+00      +0.0000000e+00      +0.0000000e+00      
1         -1.9417238e+03      +1.0702479e-09      +2.3489226e-04      +2.9122942e-05      
2         -1.9417207e+03      +3.1252750e-03      +6.8591858e+02      +8.5043106e+01      
3         -1.9417207e+03      +1.1004886e-09      +2.4152933e-04      +2.9945834e-05      
4         -1.9417207e+03      +9.5178621e-10      +2.0889293e-04      +2.5899434e-05      
5         -1.9417207e+03      +6.4619599e-10      +1.4182362e-04      +1.7583897e-05      
Total time taken:                  54.4872789 s
===============================================

===============================================
            Relativistic DSRG-MRPT3            
===============================================
... compute_energy_pt3_1:     448.3254576 s
... compute_energy_pt2:       1.1668186 s
... compute_energy_pt3_2:     366.6532238 s
... compute_energy_pt3_3:      85.5557430 s
-----------------------------------------------
        DSRG-MRPT3 reference relaxation        
-----------------------------------------------
Iter                          Energy              Delta E   
   -Eref  -1941.7217616       
   -Ecorr -0.8156543       
<Psi^(0)|Hbar^(0)|Psi^(0)>    -1942.5374160       -1.94254e+03
   -Erelax-0.0001799       
<Psi^(0)|Hbar^(1)|Psi^(0)>    -1942.5375959       -1.79917e-04
   -Eref  -1941.7215846       
   -Ecorr -0.8160243       
<Psi^(1)|Hbar^(1)|Psi^(1)>    -1942.5376089       -1.30525e-05
   -Erelax-0.0000000       
<Psi^(1)|Hbar^(2)|Psi^(1)>    -1942.5376089       -1.90767e-10
   -Eref  -1941.7215843       
   -Ecorr -0.8160247       
<Psi^(2)|Hbar^(2)|Psi^(2)>    -1942.5376089       -1.30128e-08
   -Erelax0.0000000       
<Psi^(2)|Hbar^(3)|Psi^(2)>    -1942.5376089       0.00000e+00
   -Eref  -1941.7215843       
   -Ecorr -0.8160247       
<Psi^(3)|Hbar^(3)|Psi^(3)>    -1942.5376089       -1.34150e-11
   -Erelax0.0000000       
<Psi^(3)|Hbar^(4)|Psi^(3)>    -1942.5376089       0.00000e+00
Unrelaxed DSRG-MRPT3 energy:             -1942.5374160 Eh
Unrelaxed DSRG-MRPT3 E_corr:                -0.8156543 Eh
Partially relaxed DSRG-MRPT3 energy:     -1942.5375959 Eh
Partially relaxed DSRG-MRPT3 E_corr:        -0.8158343 Eh
Relaxed DSRG-MRPT3 energy:               -1942.5376089 Eh
Relaxed DSRG-MRPT3 E_corr:                  -0.8160243 Eh
Fully relaxed DSRG-MRPT3 energy:         -1942.5376089 Eh
Fully relaxed DSRG-MRPT3 E_corr:            -0.8160247 Eh
State     Energy / Eh         Splitting / Eh      Splitting / cm-1    Splitting / meV     
0         -1.9425399e+03      +0.0000000e+00      +0.0000000e+00      +0.0000000e+00      
1         -1.9425399e+03      +7.6988727e-10      +1.6897072e-04      +2.0949710e-05      
2         -1.9425364e+03      +3.5060083e-03      +7.6947988e+02      +9.5403392e+01      
3         -1.9425364e+03      +7.6875040e-10      +1.6872121e-04      +2.0918774e-05      
4         -1.9425364e+03      +6.5529093e-10      +1.4381973e-04      +1.7831383e-05      
5         -1.9425364e+03      +4.7452886e-10      +1.0414705e-04      +1.2912594e-05      
Time taken:                     4512.4575841 s
===============================================
===============================================
              PySCF DHF interface              
===============================================

Timing report
....integral reading:      24.6914699 s

===============================================
            Relativistic CASCI(4,8)            
===============================================
Will now allocate 0.078 MB memory for the CASCI Hamiltonian!
Time taken for 1-RDM build:        0.0094769 s
Time taken for 1-RDM build:        0.0092251 s
Time taken for 1-RDM build:        0.0092287 s
Time taken for 1-RDM build:        0.0087395 s
Time taken for 1-RDM build:        0.0090621 s
Time taken for 1-RDM build:        0.0092075 s
Time taken for 1-RDM build:        0.0092194 s
Time taken for 1-RDM build:        0.0091937 s
Time taken for 1-RDM build:        0.0092151 s
Time taken for 2-RDM build:        0.0344439 s
Time taken for 2-RDM build:        0.0344126 s
Time taken for 2-RDM build:        0.0343409 s
Time taken for 2-RDM build:        0.0344093 s
Time taken for 2-RDM build:        0.0343604 s
Time taken for 2-RDM build:        0.0343528 s
Time taken for 2-RDM build:        0.0343754 s
Time taken for 2-RDM build:        0.0343771 s
Time taken for 2-RDM build:        0.0343454 s
Time taken for 3-RDM build:        0.1517138 s
Time taken for 3-RDM build:        0.1504538 s
Time taken for 3-RDM build:        0.1504283 s
Time taken for 3-RDM build:        0.1505630 s
Time taken for 3-RDM build:        0.1502690 s
Time taken for 3-RDM build:        0.1502721 s
Time taken for 3-RDM build:        0.1584570 s
Time taken for 3-RDM build:        0.1502149 s
Time taken for 3-RDM build:        0.1502719 s
E_frzc:                        -2092.8592106 Eh
E_cas:                            -3.6862998 Eh
E_nuc:                             0.0000000 Eh
E_casci:                       -2096.5413860 Eh
E0 (from RDM):                 -2096.5413860 Eh
Ecorr:                            -0.2153364 Eh

Timing summary
... Hamil build:                    0.0276856 s
... Hamil diag:                     0.0011525 s
... RDM build:                     49.8220086 s
State     Energy / Eh         Splitting / Eh      Splitting / cm-1    Splitting / meV     
0         -2.0965455e+03      +0.0000000e+00      +0.0000000e+00      +0.0000000e+00      
1         -2.0965432e+03      +2.3344184e-03      +5.1234561e+02      +6.3522789e+01      
2         -2.0965432e+03      +6.4164851e-10      +1.4082557e-04      +1.7460154e-05      
3         -2.0965432e+03      +5.3205440e-10      +1.1677244e-04      +1.4477945e-05      
4         -2.0965395e+03      +3.6890520e-03      +8.0965333e+02      +1.0038427e+02      
5         -2.0965395e+03      +9.3723429e-10      +2.0569915e-04      +2.5503456e-05      
6         -2.0965395e+03      +1.0586518e-09      +2.3234722e-04      +2.8807397e-05      
7         -2.0965395e+03      +1.1709744e-09      +2.5699918e-04      +3.1863852e-05      
8         -2.0965395e+03      +1.0372787e-09      +2.2765636e-04      +2.8225805e-05      
Total time taken:                  53.5188570 s
===============================================

===============================================
            Relativistic DSRG-MRPT3            
===============================================
... compute_energy_pt3_1:     379.3785989 s
... compute_energy_pt2:       1.1380951 s
... compute_energy_pt3_2:     340.1916616 s
... compute_energy_pt3_3:      83.9971495 s
-----------------------------------------------
        DSRG-MRPT3 reference relaxation        
-----------------------------------------------
Iter                          Energy              Delta E   
   -Eref  -2096.5413860       
   -Ecorr -0.8271220       
<Psi^(0)|Hbar^(0)|Psi^(0)>    -2097.3685080       -2.09737e+03
   -Erelax-0.0000915       
<Psi^(0)|Hbar^(1)|Psi^(0)>    -2097.3685995       -9.14890e-05
   -Eref  -2096.5412954       
   -Ecorr -0.8273268       
<Psi^(1)|Hbar^(1)|Psi^(1)>    -2097.3686221       -2.26681e-05
   -Erelax-0.0000000       
<Psi^(1)|Hbar^(2)|Psi^(1)>    -2097.3686221       -2.32785e-09
   -Eref  -2096.5412952       
   -Ecorr -0.8273270       
<Psi^(2)|Hbar^(2)|Psi^(2)>    -2097.3686222       -2.28833e-08
   -Erelax-0.0000000       
<Psi^(2)|Hbar^(3)|Psi^(2)>    -2097.3686222       -1.36424e-12
   -Eref  -2096.5412952       
   -Ecorr -0.8273270       
<Psi^(3)|Hbar^(3)|Psi^(3)>    -2097.3686222       -5.45697e-10
   -Erelax0.0000000       
<Psi^(3)|Hbar^(4)|Psi^(3)>    -2097.3686222       0.00000e+00
Unrelaxed DSRG-MRPT3 energy:             -2097.3685080 Eh
Unrelaxed DSRG-MRPT3 E_corr:                -0.8271220 Eh
Partially relaxed DSRG-MRPT3 energy:     -2097.3685995 Eh
Partially relaxed DSRG-MRPT3 E_corr:        -0.8272135 Eh
Relaxed DSRG-MRPT3 energy:               -2097.3686221 Eh
Relaxed DSRG-MRPT3 E_corr:                  -0.8273268 Eh
Fully relaxed DSRG-MRPT3 energy:         -2097.3686222 Eh
Fully relaxed DSRG-MRPT3 E_corr:            -0.8273270 Eh
State     Energy / Eh         Splitting / Eh      Splitting / cm-1    Splitting / meV     
0         -2.0973731e+03      +0.0000000e+00      +0.0000000e+00      +0.0000000e+00      
1         -2.0973705e+03      +2.5533890e-03      +5.6040411e+02      +6.9481288e+01      
2         -2.0973705e+03      +4.7702997e-10      +1.0469598e-04      +1.2980653e-05      
3         -2.0973705e+03      +4.3473847e-10      +9.5414064e-05      +1.1829842e-05      
4         -2.0973666e+03      +3.9505487e-03      +8.6704522e+02      +1.0749996e+02      
5         -2.0973666e+03      +6.2937033e-10      +1.3813082e-04      +1.7126047e-05      
6         -2.0973666e+03      +7.2168405e-10      +1.5839134e-04      +1.9638033e-05      
7         -2.0973666e+03      +7.5488060e-10      +1.6567714e-04      +2.0541357e-05      
8         -2.0973666e+03      +6.5028871e-10      +1.4272187e-04      +1.7695266e-05      
Time taken:                     4402.7757034 s
===============================================
===============================================
              PySCF DHF interface              
===============================================

Timing report
....integral reading:      24.5066111 s

===============================================
            Relativistic CASCI(5,8)            
===============================================
Will now allocate 0.050 MB memory for the CASCI Hamiltonian!
Time taken for 1-RDM build:        0.0056560 s
Time taken for 1-RDM build:        0.0056503 s
Time taken for 1-RDM build:        0.0056190 s
Time taken for 1-RDM build:        0.0056524 s
Time taken for 1-RDM build:        0.0056336 s
Time taken for 1-RDM build:        0.0056202 s
Time taken for 1-RDM build:        0.0056219 s
Time taken for 1-RDM build:        0.0056245 s
Time taken for 1-RDM build:        0.0056214 s
Time taken for 1-RDM build:        0.0056362 s
Time taken for 1-RDM build:        0.0056062 s
Time taken for 1-RDM build:        0.0056143 s
Time taken for 1-RDM build:        0.0056159 s
Time taken for 1-RDM build:        0.0056248 s
Time taken for 2-RDM build:        0.0253332 s
Time taken for 2-RDM build:        0.0251656 s
Time taken for 2-RDM build:        0.0252354 s
Time taken for 2-RDM build:        0.0251727 s
Time taken for 2-RDM build:        0.0252178 s
Time taken for 2-RDM build:        0.0251591 s
Time taken for 2-RDM build:        0.0252070 s
Time taken for 2-RDM build:        0.0256488 s
Time taken for 2-RDM build:        0.0251923 s
Time taken for 2-RDM build:        0.0251279 s
Time taken for 2-RDM build:        0.0251610 s
Time taken for 2-RDM build:        0.0251303 s
Time taken for 2-RDM build:        0.0252013 s
Time taken for 2-RDM build:        0.0251622 s
Time taken for 3-RDM build:        0.1521838 s
Time taken for 3-RDM build:        0.1477075 s
Time taken for 3-RDM build:        0.1477828 s
Time taken for 3-RDM build:        0.1477365 s
Time taken for 3-RDM build:        0.1481669 s
Time taken for 3-RDM build:        0.1478202 s
Time taken for 3-RDM build:        0.1479890 s
Time taken for 3-RDM build:        0.1478624 s
Time taken for 3-RDM build:        0.1479683 s
Time taken for 3-RDM build:        0.1477427 s
Time taken for 3-RDM build:        0.1477060 s
Time taken for 3-RDM build:        0.1475246 s
Time taken for 3-RDM build:        0.1478193 s
Time taken for 3-RDM build:        0.1476576 s
E_frzc:                        -2252.3726240 Eh
E_cas:                            -6.0718308 Eh
E_nuc:                             0.0000000 Eh
E_casci:                       -2258.3972569 Eh
E0 (from RDM):                 -2258.3972569 Eh
Ecorr:                            -0.0178409 Eh

Timing summary
... Hamil build:                    0.0233402 s
... Hamil diag:                     0.0005939 s
... RDM build:                     48.9595227 s
State     Energy / Eh         Splitting / Eh      Splitting / cm-1    Splitting / meV     
0         -2.2584445e+03      +0.0000000e+00      +0.0000000e+00      +0.0000000e+00      
1         -2.2584445e+03      +5.2432370e-10      +1.1507575e-04      +1.4267581e-05      
2         -2.2584445e+03      +5.2705218e-10      +1.1567458e-04      +1.4341827e-05      
3         -2.2584445e+03      +5.1386451e-10      +1.1278022e-04      +1.3982972e-05      
4         -2.2583793e+03      +6.5107933e-02      +1.4289540e+04      +1.7716780e+03      
5         -2.2583793e+03      +9.2859409e-10      +2.0380284e-04      +2.5268344e-05      
6         -2.2583793e+03      +1.1159500e-09      +2.4492271e-04      +3.0366561e-05      
7         -2.2583793e+03      +5.1250026e-10      +1.1248081e-04      +1.3945849e-05      
8         -2.2583777e+03      +1.6153755e-03      +3.5453394e+02      +4.3956628e+01      
9         -2.2583777e+03      +7.5033313e-10      +1.6467909e-04      +2.0417614e-05      
10        -2.2583777e+03      +4.8839865e-10      +1.0719111e-04      +1.3290011e-05      
11        -2.2583777e+03      +1.4611032e-09      +3.2067509e-04      +3.9758663e-05      
12        -2.2583777e+03      +1.6329977e-09      +3.5840157e-04      +4.4436153e-05      
13        -2.2583777e+03      +6.3982952e-10      +1.4042635e-04      +1.7410656e-05      
Total time taken:                  52.6476490 s
===============================================

===============================================
            Relativistic DSRG-MRPT3            
===============================================
... compute_energy_pt3_1:     420.6177063 s
... compute_energy_pt2:       1.2227690 s
... compute_energy_pt3_2:     360.8094842 s
... compute_energy_pt3_3:      89.3791757 s
-----------------------------------------------
        DSRG-MRPT3 reference relaxation        
-----------------------------------------------
Iter                          Energy              Delta E   
   -Eref  -2258.3972569       
   -Ecorr -0.8477268       
<Psi^(0)|Hbar^(0)|Psi^(0)>    -2259.2449837       -2.25924e+03
   -Erelax-0.0000038       
<Psi^(0)|Hbar^(1)|Psi^(0)>    -2259.2449875       -3.84654e-06
   -Eref  -2258.3972531       
   -Ecorr -0.8477353       
<Psi^(1)|Hbar^(1)|Psi^(1)>    -2259.2449884       -9.06859e-07
   -Erelax-0.0000000       
<Psi^(1)|Hbar^(2)|Psi^(1)>    -2259.2449884       -8.64020e-12
   -Eref  -2258.3972531       
   -Ecorr -0.8477353       
<Psi^(2)|Hbar^(2)|Psi^(2)>    -2259.2449884       -2.66073e-09
   -Erelax-0.0000000       
<Psi^(2)|Hbar^(3)|Psi^(2)>    -2259.2449884       0.00000e+00
Unrelaxed DSRG-MRPT3 energy:             -2259.2449837 Eh
Unrelaxed DSRG-MRPT3 E_corr:                -0.8477268 Eh
Partially relaxed DSRG-MRPT3 energy:     -2259.2449875 Eh
Partially relaxed DSRG-MRPT3 E_corr:        -0.8477307 Eh
Relaxed DSRG-MRPT3 energy:               -2259.2449884 Eh
Relaxed DSRG-MRPT3 E_corr:                  -0.8477353 Eh
Fully relaxed DSRG-MRPT3 energy:         -2259.2449884 Eh
Fully relaxed DSRG-MRPT3 E_corr:            -0.8477353 Eh
State     Energy / Eh         Splitting / Eh      Splitting / cm-1    Splitting / meV     
0         -2.2592878e+03      +0.0000000e+00      +0.0000000e+00      +0.0000000e+00      
1         -2.2592878e+03      +2.9513103e-10      +6.4773774e-05      +8.0309282e-06      
2         -2.2592878e+03      +3.1286618e-10      +6.8666189e-05      +8.5135264e-06      
3         -2.2592878e+03      +2.9149305e-10      +6.3975330e-05      +7.9319337e-06      
4         -2.2592288e+03      +5.8989366e-02      +1.2946669e+04      +1.6051832e+03      
5         -2.2592288e+03      +5.0113158e-10      +1.0998567e-04      +1.3636491e-05      
6         -2.2592288e+03      +4.9840310e-10      +1.0938684e-04      +1.3562246e-05      
7         -2.2592288e+03      +3.5470293e-10      +7.7848295e-05      +9.6519631e-06      
8         -2.2592272e+03      +1.6419309e-03      +3.6036218e+02      +4.4679237e+01      
9         -2.2592272e+03      +5.1386451e-10      +1.1278022e-04      +1.3982972e-05      
10        -2.2592272e+03      +2.2919266e-10      +5.0301975e-05      +6.2366531e-06      
11        -2.2592272e+03      +8.6947693e-10      +1.9082813e-04      +2.3659684e-05      
12        -2.2592272e+03      +1.0213626e-09      +2.2416317e-04      +2.7792704e-05      
13        -2.2592272e+03      +3.6288839e-10      +7.9644794e-05      +9.8747007e-06      
Time taken:                     3223.0359502 s
===============================================
===============================================
              PySCF DHF interface              
===============================================

Timing report
....integral reading:      24.9423685 s

===============================================
            Relativistic CASCI(6,8)            
===============================================
Will now allocate 0.013 MB memory for the CASCI Hamiltonian!
Time taken for 1-RDM build:        0.0022078 s
Time taken for 1-RDM build:        0.0021787 s
Time taken for 1-RDM build:        0.0021789 s
Time taken for 1-RDM build:        0.0021753 s
Time taken for 1-RDM build:        0.0021632 s
Time taken for 1-RDM build:        0.0021744 s
Time taken for 1-RDM build:        0.0021660 s
Time taken for 1-RDM build:        0.0021820 s
Time taken for 1-RDM build:        0.0021734 s
Time taken for 2-RDM build:        0.0086019 s
Time taken for 2-RDM build:        0.0085182 s
Time taken for 2-RDM build:        0.0085409 s
Time taken for 2-RDM build:        0.0085404 s
Time taken for 2-RDM build:        0.0085366 s
Time taken for 2-RDM build:        0.0085061 s
Time taken for 2-RDM build:        0.0085046 s
Time taken for 2-RDM build:        0.0085268 s
Time taken for 2-RDM build:        0.0085125 s
Time taken for 3-RDM build:        0.0679679 s
Time taken for 3-RDM build:        0.0664148 s
Time taken for 3-RDM build:        0.0665145 s
Time taken for 3-RDM build:        0.0663025 s
Time taken for 3-RDM build:        0.0664458 s
Time taken for 3-RDM build:        0.0666010 s
Time taken for 3-RDM build:        0.0665801 s
Time taken for 3-RDM build:        0.0665538 s
Time taken for 3-RDM build:        0.0665777 s
E_frzc:                        -2418.2608262 Eh
E_cas:                            -9.1774708 Eh
E_nuc:                             0.0000000 Eh
E_casci:                       -2427.4340589 Eh
E0 (from RDM):                 -2427.4340589 Eh
Ecorr:                            -0.1372548 Eh

Timing summary
... Hamil build:                    0.0089684 s
... Hamil diag:                     0.0003626 s
... RDM build:                     44.5793114 s
State     Energy / Eh         Splitting / Eh      Splitting / cm-1    Splitting / meV     
0         -2.4274383e+03      +0.0000000e+00      +0.0000000e+00      +0.0000000e+00      
1         -2.4274383e+03      +1.9413164e-09      +4.2606971e-04      +5.2825936e-05      
2         -2.4274383e+03      +8.9721652e-10      +1.9691626e-04      +2.4414517e-05      
3         -2.4274383e+03      +1.1737029e-09      +2.5759801e-04      +3.1938098e-05      
4         -2.4274383e+03      +1.8349056e-09      +4.0271522e-04      +4.9930347e-05      
5         -2.4274294e+03      +8.8831576e-03      +1.9496277e+03      +2.4172315e+02      
6         -2.4274294e+03      +4.1914063e-09      +9.1990735e-04      +1.1405403e-04      
7         -2.4274294e+03      +4.1027306e-09      +9.0044528e-04      +1.1164104e-04      
8         -2.4274268e+03      +2.6102260e-03      +5.7287839e+02      +7.1027902e+01      
Total time taken:                  48.2504611 s
===============================================

===============================================
            Relativistic DSRG-MRPT3            
===============================================
... compute_energy_pt3_1:     424.8269975 s
... compute_energy_pt2:       1.1542525 s
... compute_energy_pt3_2:     361.2007434 s
... compute_energy_pt3_3:      88.8796809 s
-----------------------------------------------
        DSRG-MRPT3 reference relaxation        
-----------------------------------------------
Iter                          Energy              Delta E   
   -Eref  -2427.4340589       
   -Ecorr -0.8708626       
<Psi^(0)|Hbar^(0)|Psi^(0)>    -2428.3049214       -2.42830e+03
   -Erelax-0.0000068       
<Psi^(0)|Hbar^(1)|Psi^(0)>    -2428.3049282       -6.81181e-06
   -Eref  -2427.4340515       
   -Ecorr -0.8708810       
<Psi^(1)|Hbar^(1)|Psi^(1)>    -2428.3049325       -4.25569e-06
   -Erelax-0.0000000       
<Psi^(1)|Hbar^(2)|Psi^(1)>    -2428.3049325       -1.27784e-10
   -Eref  -2427.4340514       
   -Ecorr -0.8708811       
<Psi^(2)|Hbar^(2)|Psi^(2)>    -2428.3049325       -1.94354e-08
   -Erelax-0.0000000       
<Psi^(2)|Hbar^(3)|Psi^(2)>    -2428.3049325       0.00000e+00
   -Eref  -2427.4340514       
   -Ecorr -0.8708811       
<Psi^(3)|Hbar^(3)|Psi^(3)>    -2428.3049325       -8.64020e-11
   -Erelax-0.0000000       
<Psi^(3)|Hbar^(4)|Psi^(3)>    -2428.3049325       0.00000e+00
Unrelaxed DSRG-MRPT3 energy:             -2428.3049214 Eh
Unrelaxed DSRG-MRPT3 E_corr:                -0.8708626 Eh
Partially relaxed DSRG-MRPT3 energy:     -2428.3049282 Eh
Partially relaxed DSRG-MRPT3 E_corr:        -0.8708694 Eh
Relaxed DSRG-MRPT3 energy:               -2428.3049325 Eh
Relaxed DSRG-MRPT3 E_corr:                  -0.8708810 Eh
Fully relaxed DSRG-MRPT3 energy:         -2428.3049325 Eh
Fully relaxed DSRG-MRPT3 E_corr:            -0.8708811 Eh
State     Energy / Eh         Splitting / Eh      Splitting / cm-1    Splitting / meV     
0         -2.4283094e+03      +0.0000000e+00      +0.0000000e+00      +0.0000000e+00      
1         -2.4283094e+03      +1.0172698e-09      +2.2326492e-04      +2.7681335e-05      
2         -2.4283094e+03      +7.9899110e-10      +1.7535828e-04      +2.1741665e-05      
3         -2.4283094e+03      +9.1404218e-10      +2.0060907e-04      +2.4872366e-05      
4         -2.4283094e+03      +9.6270014e-10      +2.1128826e-04      +2.6196418e-05      
5         -2.4283000e+03      +9.4107398e-03      +2.0654186e+03      +2.5607940e+02      
6         -2.4283000e+03      +2.7175702e-09      +5.9643771e-04      +7.3948886e-05      
7         -2.4283000e+03      +2.6748239e-09      +5.8705599e-04      +7.2785701e-05      
8         -2.4282973e+03      +2.6878344e-03      +5.8991146e+02      +7.3139734e+01      
Time taken:                     4455.3317206 s
===============================================
===============================================
              PySCF DHF interface              
===============================================

Timing report
....integral reading:      24.4015498 s

===============================================
            Relativistic CASCI(7,8)            
===============================================
Will now allocate 0.001 MB memory for the CASCI Hamiltonian!
Time taken for 1-RDM build:        0.0003729 s
Time taken for 1-RDM build:        0.0003622 s
Time taken for 1-RDM build:        0.0003598 s
Time taken for 1-RDM build:        0.0003624 s
Time taken for 1-RDM build:        0.0003593 s
Time taken for 1-RDM build:        0.0003643 s
Time taken for 2-RDM build:        0.0010519 s
Time taken for 2-RDM build:        0.0009954 s
Time taken for 2-RDM build:        0.0009906 s
Time taken for 2-RDM build:        0.0009885 s
Time taken for 2-RDM build:        0.0009961 s
Time taken for 2-RDM build:        0.0009918 s
Time taken for 3-RDM build:        0.0145211 s
Time taken for 3-RDM build:        0.0124269 s
Time taken for 3-RDM build:        0.0124102 s
Time taken for 3-RDM build:        0.0124362 s
Time taken for 3-RDM build:        0.0124190 s
Time taken for 3-RDM build:        0.0124104 s
E_frzc:                        -2590.5378304 Eh
E_cas:                           -13.1880855 Eh
E_nuc:                             0.0000000 Eh
E_casci:                       -2603.7203212 Eh
E0 (from RDM):                 -2603.7203212 Eh
Ecorr:                            -0.0318830 Eh

Timing summary
... Hamil build:                    0.0027564 s
... Hamil diag:                     0.0000992 s
... RDM build:                     46.3349180 s
State     Energy / Eh         Splitting / Eh      Splitting / cm-1    Splitting / meV     
0         -2.6037259e+03      +0.0000000e+00      +0.0000000e+00      +0.0000000e+00      
1         -2.6037259e+03      +9.2413757e-09      +2.0282475e-03      +2.5147076e-04      
2         -2.6037259e+03      +1.8784249e-08      +4.1226661e-03      +5.1114569e-04      
3         -2.6037259e+03      +9.8884811e-09      +2.1702707e-03      +2.6907941e-04      
4         -2.6037091e+03      +1.6783801e-02      +3.6836186e+03      +4.5671072e+02      
5         -2.6037091e+03      +7.4087438e-09      +1.6260313e-03      +2.0160228e-04      
Total time taken:                  49.9988055 s
===============================================

===============================================
            Relativistic DSRG-MRPT3            
===============================================
... compute_energy_pt3_1:     374.7975643 s
... compute_energy_pt2:       1.1376398 s
... compute_energy_pt3_2:     358.5450530 s
... compute_energy_pt3_3:      85.0353289 s
-----------------------------------------------
        DSRG-MRPT3 reference relaxation        
-----------------------------------------------
Iter                          Energy              Delta E   
   -Eref  -2603.7203212       
   -Ecorr -0.9058186       
<Psi^(0)|Hbar^(0)|Psi^(0)>    -2604.6261398       -2.60463e+03
   -Erelax-0.0000000       
<Psi^(0)|Hbar^(1)|Psi^(0)>    -2604.6261398       0.00000e+00
   -Eref  -2603.7203212       
   -Ecorr -0.9058186       
<Psi^(1)|Hbar^(1)|Psi^(1)>    -2604.6261398       -9.09495e-13
   -Erelax-0.0000000       
<Psi^(1)|Hbar^(2)|Psi^(1)>    -2604.6261398       0.00000e+00
Unrelaxed DSRG-MRPT3 energy:             -2604.6261398 Eh
Unrelaxed DSRG-MRPT3 E_corr:                -0.9058186 Eh
Partially relaxed DSRG-MRPT3 energy:     -2604.6261398 Eh
Partially relaxed DSRG-MRPT3 E_corr:        -0.9058186 Eh
Relaxed DSRG-MRPT3 energy:               -2604.6261398 Eh
Relaxed DSRG-MRPT3 E_corr:                  -0.9058186 Eh
Fully relaxed DSRG-MRPT3 energy:         -2604.6261398 Eh
Fully relaxed DSRG-MRPT3 E_corr:            -0.9058186 Eh
State     Energy / Eh         Splitting / Eh      Splitting / cm-1    Splitting / meV     
0         -2.6046319e+03      +0.0000000e+00      +0.0000000e+00      +0.0000000e+00      
1         -2.6046319e+03      +5.2482392e-09      +1.1518554e-03      +1.4281193e-04      
2         -2.6046319e+03      +1.0118583e-08      +2.2207723e-03      +2.7534081e-04      
3         -2.6046319e+03      +5.4496923e-09      +1.1960692e-03      +1.4829375e-04      
4         -2.6046146e+03      +1.7253565e-02      +3.7867199e+03      +4.6949365e+02      
5         -2.6046146e+03      +4.5406523e-09      +9.9655798e-04      +1.2355750e-04      
Time taken:                     2137.8771782 s
===============================================
