NOW DOING s=0.82!
===============================================
              PySCF DHF interface              
===============================================
Will now allocate 796.594 MB memory for the AO ERI tensor!

Timing report
....integral transformation:      50.6388125 s

===============================================
            Relativistic CASCI(3,8)            
===============================================
Will now allocate 0.050 MB memory for the CASCI Hamiltonian!
Time taken for 1-RDM build:        0.0207911 s
Time taken for 1-RDM build:        0.0207243 s
Time taken for 1-RDM build:        0.0207708 s
Time taken for 1-RDM build:        0.0207388 s
Time taken for 1-RDM build:        0.0206997 s
Time taken for 1-RDM build:        0.0201564 s
Time taken for 2-RDM build:        0.0789728 s
Time taken for 2-RDM build:        0.0791965 s
Time taken for 2-RDM build:        0.0790148 s
Time taken for 2-RDM build:        0.0791383 s
Time taken for 2-RDM build:        0.0792959 s
Time taken for 2-RDM build:        0.0792365 s
Time taken for 3-RDM build:        0.1786096 s
Time taken for 3-RDM build:        0.1771290 s
Time taken for 3-RDM build:        0.1771591 s
Time taken for 3-RDM build:        0.1770482 s
Time taken for 3-RDM build:        0.1771760 s
Time taken for 3-RDM build:        0.1773818 s
E_frzc:                          -21.9899228 Eh
E_cas:                            -2.5754278 Eh
E_nuc:                             0.0000000 Eh
E_casci:                         -24.5653104 Eh
E0 (from RDM):                   -24.5653104 Eh
Ecorr:                            -0.2764703 Eh

Timing summary
... Hamil build:                    0.0690126 s
... Hamil diag:                     0.0013130 s
... RDM build:                      5.1079390 s
State     Energy / Eh         Splitting / Eh      Splitting / cm-1    Splitting / meV     
0         -2.4565351e+01      +0.0000000e+00      +0.0000000e+00      +0.0000000e+00      
1         -2.4565351e+01      +1.6292141e-09      +3.5757116e-04      +4.4333195e-05      
2         -2.4565290e+01      +6.0370290e-05      +1.3249747e+01      +1.6427601e+00      
3         -2.4565290e+01      +8.2750518e-10      +1.8161639e-04      +2.2517574e-05      
4         -2.4565290e+01      +8.6880192e-10      +1.9067998e-04      +2.3641316e-05      
5         -2.4565290e+01      +1.8699780e-09      +4.1041272e-04      +5.0884716e-05      
Total time taken:                   5.3572807 s
===============================================

===============================================
            Relativistic DSRG-MRPT3            
===============================================
... compute_energy_pt3_1:      15.6951010 s
... compute_energy_pt2:       0.0932457 s
... compute_energy_pt3_2:      13.3436298 s
... compute_energy_pt3_3:       2.6944945 s
-----------------------------------------------
        DSRG-MRPT3 reference relaxation        
-----------------------------------------------
Iter                          Energy              Delta E   
   -Eref  -24.5653104       
   -Ecorr -0.0756574       
<Psi^(0)|Hbar^(0)|Psi^(0)>    -24.6409678         -2.46410e+01
   -Erelax-0.0005703       
<Psi^(0)|Hbar^(1)|Psi^(0)>    -24.6415381         -5.70311e-04
   -Eref  -24.5647356       
   -Ecorr -0.0766682       
<Psi^(1)|Hbar^(1)|Psi^(1)>    -24.6414039         1.34212e-04
   -Erelax-0.0000000       
<Psi^(1)|Hbar^(2)|Psi^(1)>    -24.6414039         -5.92884e-09
   -Eref  -24.5647319       
   -Ecorr -0.0766716       
<Psi^(2)|Hbar^(2)|Psi^(2)>    -24.6414035         3.83047e-07
   -Erelax-0.0000000       
<Psi^(2)|Hbar^(3)|Psi^(2)>    -24.6414035         -3.90799e-14
   -Eref  -24.5647319       
   -Ecorr -0.0766716       
<Psi^(3)|Hbar^(3)|Psi^(3)>    -24.6414035         1.01966e-09
   -Erelax0.0000000       
<Psi^(3)|Hbar^(4)|Psi^(3)>    -24.6414035         3.55271e-15
Unrelaxed DSRG-MRPT3 energy:               -24.6409678 Eh
Unrelaxed DSRG-MRPT3 E_corr:                -0.0756574 Eh
Partially relaxed DSRG-MRPT3 energy:       -24.6415381 Eh
Partially relaxed DSRG-MRPT3 E_corr:        -0.0762277 Eh
Relaxed DSRG-MRPT3 energy:                 -24.6414039 Eh
Relaxed DSRG-MRPT3 E_corr:                  -0.0766682 Eh
Fully relaxed DSRG-MRPT3 energy:           -24.6414035 Eh
Fully relaxed DSRG-MRPT3 E_corr:            -0.0766716 Eh
State     Energy / Eh         Splitting / Eh      Splitting / cm-1    Splitting / meV     
0         -2.4641447e+01      +0.0000000e+00      +0.0000000e+00      +0.0000000e+00      
1         -2.4641447e+01      +5.2703086e-10      +1.1566990e-04      +1.4341247e-05      
2         -2.4641382e+01      +6.4956808e-05      +1.4256371e+01      +1.7675656e+00      
3         -2.4641382e+01      +3.7510972e-10      +8.2327067e-05      +1.0207260e-05      
4         -2.4641382e+01      +3.0816238e-10      +6.7633825e-05      +8.3855296e-06      
5         -2.4641382e+01      +5.1050364e-10      +1.1204260e-04      +1.3891518e-05      
Time taken:                      175.1639085 s
===============================================
===============================================
              PySCF DHF interface              
===============================================
Will now allocate 796.594 MB memory for the AO ERI tensor!

Timing report
....integral transformation:      52.1668415 s

===============================================
            Relativistic CASCI(4,8)            
===============================================
Will now allocate 0.078 MB memory for the CASCI Hamiltonian!
Time taken for 1-RDM build:        0.0313745 s
Time taken for 1-RDM build:        0.0312576 s
Time taken for 1-RDM build:        0.0311973 s
Time taken for 1-RDM build:        0.0286555 s
Time taken for 1-RDM build:        0.0275183 s
Time taken for 1-RDM build:        0.0274768 s
Time taken for 1-RDM build:        0.0279419 s
Time taken for 1-RDM build:        0.0274298 s
Time taken for 1-RDM build:        0.0274787 s
Time taken for 2-RDM build:        0.1177306 s
Time taken for 2-RDM build:        0.1175337 s
Time taken for 2-RDM build:        0.1177523 s
Time taken for 2-RDM build:        0.1175551 s
Time taken for 2-RDM build:        0.1178114 s
Time taken for 2-RDM build:        0.1176741 s
Time taken for 2-RDM build:        0.1175861 s
Time taken for 2-RDM build:        0.1174574 s
Time taken for 2-RDM build:        0.1176250 s
Time taken for 3-RDM build:        0.3800511 s
Time taken for 3-RDM build:        0.3789122 s
Time taken for 3-RDM build:        0.3794560 s
Time taken for 3-RDM build:        0.3790171 s
Time taken for 3-RDM build:        0.3787296 s
Time taken for 3-RDM build:        0.3794141 s
Time taken for 3-RDM build:        0.3787358 s
Time taken for 3-RDM build:        0.3784623 s
Time taken for 3-RDM build:        0.3796082 s
E_frzc:                          -32.3709352 Eh
E_cas:                            -5.3467114 Eh
E_nuc:                             0.0000000 Eh
E_casci:                         -37.7175257 Eh
E0 (from RDM):                   -37.7175257 Eh
Ecorr:                            -0.4429083 Eh

Timing summary
... Hamil build:                    0.1067901 s
... Hamil diag:                     0.0018594 s
... RDM build:                      8.1819561 s
State     Energy / Eh         Splitting / Eh      Splitting / cm-1    Splitting / meV     
0         -3.7717647e+01      +0.0000000e+00      +0.0000000e+00      +0.0000000e+00      
1         -3.7717578e+01      +6.8056777e-05      +1.4936736e+01      +1.8519201e+00      
2         -3.7717578e+01      +1.0789876e-09      +2.3681040e-04      +2.9360761e-05      
3         -3.7717578e+01      +1.2285710e-09      +2.6964017e-04      +3.3431136e-05      
4         -3.7717470e+01      +1.0852195e-04      +2.3817815e+01      +2.9530341e+00      
5         -3.7717470e+01      +3.7325520e-10      +8.1920048e-05      +1.0156796e-05      
6         -3.7717470e+01      +9.5213437e-10      +2.0896934e-04      +2.5908908e-05      
7         -3.7717470e+01      +4.4994408e-10      +9.8751311e-05      +1.2243608e-05      
8         -3.7717470e+01      +5.6219562e-10      +1.2338768e-04      +1.5298129e-05      
Total time taken:                   8.4688144 s
===============================================

===============================================
            Relativistic DSRG-MRPT3            
===============================================
... compute_energy_pt3_1:      14.8519554 s
... compute_energy_pt2:       0.0867362 s
... compute_energy_pt3_2:      11.9599998 s
... compute_energy_pt3_3:       2.6530862 s
-----------------------------------------------
        DSRG-MRPT3 reference relaxation        
-----------------------------------------------
Iter                          Energy              Delta E   
   -Eref  -37.7175257       
   -Ecorr -0.1169215       
<Psi^(0)|Hbar^(0)|Psi^(0)>    -37.8344473         -3.78344e+01
   -Erelax-0.0000502       
<Psi^(0)|Hbar^(1)|Psi^(0)>    -37.8344975         -5.01991e-05
   -Eref  -37.7174733       
   -Ecorr -0.1171344       
<Psi^(1)|Hbar^(1)|Psi^(1)>    -37.8346078         -1.10279e-04
   -Erelax-0.0000000       
<Psi^(1)|Hbar^(2)|Psi^(1)>    -37.8346078         -2.38058e-09
   -Eref  -37.7174740       
   -Ecorr -0.1171330       
<Psi^(2)|Hbar^(2)|Psi^(2)>    -37.8346070         7.17086e-07
   -Erelax-0.0000000       
<Psi^(2)|Hbar^(3)|Psi^(2)>    -37.8346070         -5.49960e-12
   -Eref  -37.7174740       
   -Ecorr -0.1171330       
<Psi^(3)|Hbar^(3)|Psi^(3)>    -37.8346070         -4.28319e-09
   -Erelax-0.0000000       
<Psi^(3)|Hbar^(4)|Psi^(3)>    -37.8346070         -1.06581e-13
Unrelaxed DSRG-MRPT3 energy:               -37.8344473 Eh
Unrelaxed DSRG-MRPT3 E_corr:                -0.1169215 Eh
Partially relaxed DSRG-MRPT3 energy:       -37.8344975 Eh
Partially relaxed DSRG-MRPT3 E_corr:        -0.1169717 Eh
Relaxed DSRG-MRPT3 energy:                 -37.8346078 Eh
Relaxed DSRG-MRPT3 E_corr:                  -0.1171344 Eh
Fully relaxed DSRG-MRPT3 energy:           -37.8346070 Eh
Fully relaxed DSRG-MRPT3 E_corr:            -0.1171330 Eh
State     Energy / Eh         Splitting / Eh      Splitting / cm-1    Splitting / meV     
0         -3.7834757e+01      +0.0000000e+00      +0.0000000e+00      +0.0000000e+00      
1         -3.7834675e+01      +8.1991481e-05      +1.7995050e+01      +2.2311029e+00      
2         -3.7834675e+01      +9.5099040e-11      +2.0871827e-05      +2.5877779e-06      
3         -3.7834675e+01      +6.6869177e-11      +1.4676088e-05      +1.8196039e-06      
4         -3.7834536e+01      +1.3891324e-04      +3.0487931e+01      +3.7800235e+00      
5         -3.7834536e+01      +4.4934723e-11      +9.8620316e-06      +1.2227367e-06      
6         -3.7834536e+01      +4.4089177e-11      +9.6764558e-06      +1.1997282e-06      
7         -3.7834536e+01      +1.2370549e-10      +2.7150217e-05      +3.3661995e-06      
8         -3.7834536e+01      +8.2778229e-12      +1.8167721e-06      +2.2525114e-07      
Time taken:                      180.0913806 s
===============================================
===============================================
              PySCF DHF interface              
===============================================
Will now allocate 796.594 MB memory for the AO ERI tensor!

Timing report
....integral transformation:      51.2595646 s

===============================================
            Relativistic CASCI(5,8)            
===============================================
Will now allocate 0.050 MB memory for the CASCI Hamiltonian!
Time taken for 1-RDM build:        0.0206463 s
Time taken for 1-RDM build:        0.0205443 s
Time taken for 1-RDM build:        0.0205548 s
Time taken for 1-RDM build:        0.0205116 s
Time taken for 1-RDM build:        0.0205748 s
Time taken for 1-RDM build:        0.0205276 s
Time taken for 1-RDM build:        0.0205050 s
Time taken for 1-RDM build:        0.0205362 s
Time taken for 1-RDM build:        0.0205150 s
Time taken for 1-RDM build:        0.0205848 s
Time taken for 1-RDM build:        0.0205624 s
Time taken for 1-RDM build:        0.0205183 s
Time taken for 1-RDM build:        0.0205135 s
Time taken for 1-RDM build:        0.0204728 s
Time taken for 2-RDM build:        0.0846987 s
Time taken for 2-RDM build:        0.0846412 s
Time taken for 2-RDM build:        0.0846808 s
Time taken for 2-RDM build:        0.0848181 s
Time taken for 2-RDM build:        0.0845580 s
Time taken for 2-RDM build:        0.0846922 s
Time taken for 2-RDM build:        0.0848305 s
Time taken for 2-RDM build:        0.0846784 s
Time taken for 2-RDM build:        0.0848923 s
Time taken for 2-RDM build:        0.0853143 s
Time taken for 2-RDM build:        0.0853658 s
Time taken for 2-RDM build:        0.0849979 s
Time taken for 2-RDM build:        0.0848660 s
Time taken for 2-RDM build:        0.0850835 s
Time taken for 3-RDM build:        0.3502364 s
Time taken for 3-RDM build:        0.3485675 s
Time taken for 3-RDM build:        0.3489976 s
Time taken for 3-RDM build:        0.3487484 s
Time taken for 3-RDM build:        0.3485091 s
Time taken for 3-RDM build:        0.3485050 s
Time taken for 3-RDM build:        0.3491645 s
Time taken for 3-RDM build:        0.3484986 s
Time taken for 3-RDM build:        0.3485241 s
Time taken for 3-RDM build:        0.3487697 s
Time taken for 3-RDM build:        0.3484812 s
Time taken for 3-RDM build:        0.3493156 s
Time taken for 3-RDM build:        0.3487256 s
Time taken for 3-RDM build:        0.3484690 s
E_frzc:                          -44.7567199 Eh
E_cas:                            -9.6666253 Eh
E_nuc:                             0.0000000 Eh
E_casci:                         -54.3487687 Eh
E0 (from RDM):                   -54.3487687 Eh
Ecorr:                            -0.4454114 Eh

Timing summary
... Hamil build:                    0.0878088 s
... Hamil diag:                     0.0010614 s
... RDM build:                      9.7826774 s
State     Energy / Eh         Splitting / Eh      Splitting / cm-1    Splitting / meV     
0         -5.4423345e+01      +0.0000000e+00      +0.0000000e+00      +0.0000000e+00      
1         -5.4423345e+01      +1.0766144e-09      +2.3628954e-04      +2.9296183e-05      
2         -5.4423345e+01      +1.0765078e-09      +2.3626614e-04      +2.9293283e-05      
3         -5.4423345e+01      +1.0764154e-09      +2.3624587e-04      +2.9290769e-05      
4         -5.4318958e+01      +1.0438692e-01      +2.2910281e+04      +2.8405142e+03      
5         -5.4318958e+01      +1.1012489e-09      +2.4169619e-04      +2.9966522e-05      
6         -5.4318958e+01      +1.1371313e-09      +2.4957147e-04      +3.0942933e-05      
7         -5.4318958e+01      +5.9976912e-10      +1.3163411e-04      +1.6320557e-05      
8         -5.4318958e+01      +1.1947492e-09      +2.6221714e-04      +3.2510797e-05      
9         -5.4318958e+01      +1.3782895e-09      +3.0249957e-04      +3.7505185e-05      
10        -5.4318908e+01      +5.0508872e-05      +1.1085416e+01      +1.3744171e+00      
11        -5.4318908e+01      +3.9502766e-09      +8.6698548e-04      +1.0749255e-04      
12        -5.4318908e+01      +3.0347778e-09      +6.6605673e-04      +8.2580549e-05      
13        -5.4318908e+01      +2.9868943e-09      +6.5554752e-04      +8.1277572e-05      
Total time taken:                  10.0485215 s
===============================================

===============================================
            Relativistic DSRG-MRPT3            
===============================================
... compute_energy_pt3_1:      15.1634145 s
... compute_energy_pt2:       0.0824206 s
... compute_energy_pt3_2:      12.0271516 s
... compute_energy_pt3_3:       2.8377016 s
-----------------------------------------------
        DSRG-MRPT3 reference relaxation        
-----------------------------------------------
Iter                          Energy              Delta E   
   -Eref  -54.3487687       
   -Ecorr -0.1685476       
<Psi^(0)|Hbar^(0)|Psi^(0)>    -54.5173163         -5.45173e+01
   -Erelax-0.0000000       
<Psi^(0)|Hbar^(1)|Psi^(0)>    -54.5173163         -1.55092e-08
   -Eref  -54.3487687       
   -Ecorr -0.1685476       
<Psi^(1)|Hbar^(1)|Psi^(1)>    -54.5173163         -2.65061e-08
   -Erelax-0.0000000       
<Psi^(1)|Hbar^(2)|Psi^(1)>    -54.5173163         -1.16245e-11
   -Eref  -54.3487687       
   -Ecorr -0.1685477       
<Psi^(2)|Hbar^(2)|Psi^(2)>    -54.5173163         -6.87486e-10
   -Erelax-0.0000000       
<Psi^(2)|Hbar^(3)|Psi^(2)>    -54.5173163         -3.55271e-14
Unrelaxed DSRG-MRPT3 energy:               -54.5173163 Eh
Unrelaxed DSRG-MRPT3 E_corr:                -0.1685476 Eh
Partially relaxed DSRG-MRPT3 energy:       -54.5173163 Eh
Partially relaxed DSRG-MRPT3 E_corr:        -0.1685476 Eh
Relaxed DSRG-MRPT3 energy:                 -54.5173163 Eh
Relaxed DSRG-MRPT3 E_corr:                  -0.1685476 Eh
Fully relaxed DSRG-MRPT3 energy:           -54.5173163 Eh
Fully relaxed DSRG-MRPT3 E_corr:            -0.1685477 Eh
State     Energy / Eh         Splitting / Eh      Splitting / cm-1    Splitting / meV     
0         -5.4582315e+01      +0.0000000e+00      +0.0000000e+00      +0.0000000e+00      
1         -5.4582315e+01      +2.3034374e-10      +5.0554608e-05      +6.2679755e-06      
2         -5.4582315e+01      +2.3036506e-10      +5.0559286e-05      +6.2685556e-06      
3         -5.4582315e+01      +2.3037927e-10      +5.0562405e-05      +6.2689423e-06      
4         -5.4491325e+01      +9.0990833e-02      +1.9970179e+04      +2.4759879e+03      
5         -5.4491325e+01      +1.0054180e-10      +2.2066374e-05      +2.7358830e-06      
6         -5.4491325e+01      +8.4959595e-11      +1.8646476e-05      +2.3118694e-06      
7         -5.4491325e+01      +4.4998671e-11      +9.8760668e-06      +1.2244768e-06      
8         -5.4491325e+01      +5.6154192e-11      +1.2324421e-05      +1.5280341e-06      
9         -5.4491325e+01      +1.5823787e-11      +3.4729197e-06      +4.3058737e-07      
10        -5.4491305e+01      +1.9555491e-05      +4.2919343e+00      +5.3213228e-01      
11        -5.4491305e+01      +1.0352608e-10      +2.2721347e-05      +2.8170894e-06      
12        -5.4491305e+01      +7.8543394e-11      +1.7238282e-05      +2.1372756e-06      
13        -5.4491305e+01      +6.2385652e-11      +1.3692068e-05      +1.6976009e-06      
Time taken:                      137.3182311 s
===============================================
===============================================
              PySCF DHF interface              
===============================================
Will now allocate 796.594 MB memory for the AO ERI tensor!

Timing report
....integral transformation:      51.8667309 s

===============================================
            Relativistic CASCI(6,8)            
===============================================
Will now allocate 0.013 MB memory for the CASCI Hamiltonian!
Time taken for 1-RDM build:        0.0083256 s
Time taken for 1-RDM build:        0.0083175 s
Time taken for 1-RDM build:        0.0083058 s
Time taken for 1-RDM build:        0.0083117 s
Time taken for 1-RDM build:        0.0082939 s
Time taken for 1-RDM build:        0.0083127 s
Time taken for 1-RDM build:        0.0083025 s
Time taken for 1-RDM build:        0.0083048 s
Time taken for 1-RDM build:        0.0082960 s
Time taken for 2-RDM build:        0.0278964 s
Time taken for 2-RDM build:        0.0277114 s
Time taken for 2-RDM build:        0.0278347 s
Time taken for 2-RDM build:        0.0276735 s
Time taken for 2-RDM build:        0.0276356 s
Time taken for 2-RDM build:        0.0276265 s
Time taken for 2-RDM build:        0.0276105 s
Time taken for 2-RDM build:        0.0275602 s
Time taken for 2-RDM build:        0.0275924 s
Time taken for 3-RDM build:        0.1473334 s
Time taken for 3-RDM build:        0.1463413 s
Time taken for 3-RDM build:        0.1460674 s
Time taken for 3-RDM build:        0.1460214 s
Time taken for 3-RDM build:        0.1461041 s
Time taken for 3-RDM build:        0.1460693 s
Time taken for 3-RDM build:        0.1465459 s
Time taken for 3-RDM build:        0.1461880 s
Time taken for 3-RDM build:        0.1459804 s
E_frzc:                          -59.1480236 Eh
E_cas:                           -15.7034833 Eh
E_nuc:                             0.0000000 Eh
E_casci:                         -74.8511626 Eh
E0 (from RDM):                   -74.8511626 Eh
Ecorr:                            -0.3302227 Eh

Timing summary
... Hamil build:                    0.0360889 s
... Hamil diag:                     0.0003650 s
... RDM build:                      5.1065323 s
State     Energy / Eh         Splitting / Eh      Splitting / cm-1    Splitting / meV     
0         -7.4851507e+01      +0.0000000e+00      +0.0000000e+00      +0.0000000e+00      
1         -7.4851507e+01      +6.1121028e-09      +1.3414515e-03      +1.6631887e-04      
2         -7.4851507e+01      +6.8041430e-09      +1.4933368e-03      +1.8515025e-04      
3         -7.4851507e+01      +7.2887616e-09      +1.5996983e-03      +1.9833740e-04      
4         -7.4851507e+01      +9.8173984e-09      +2.1546699e-03      +2.6714515e-04      
5         -7.4850809e+01      +6.9818897e-04      +1.5323477e+02      +1.8998699e+01      
6         -7.4850809e+01      +7.3982278e-09      +1.6237233e-03      +2.0131613e-04      
7         -7.4850809e+01      +7.5923197e-09      +1.6663215e-03      +2.0659764e-04      
8         -7.4850503e+01      +3.0523771e-04      +6.6991933e+01      +8.3059451e+00      
Total time taken:                   5.3192947 s
===============================================

===============================================
            Relativistic DSRG-MRPT3            
===============================================
... compute_energy_pt3_1:      15.2087715 s
... compute_energy_pt2:       0.0836241 s
... compute_energy_pt3_2:      12.0358021 s
... compute_energy_pt3_3:       2.7218382 s
-----------------------------------------------
        DSRG-MRPT3 reference relaxation        
-----------------------------------------------
Iter                          Energy              Delta E   
   -Eref  -74.8511626       
   -Ecorr -0.2124451       
<Psi^(0)|Hbar^(0)|Psi^(0)>    -75.0636078         -7.50636e+01
   -Erelax-0.0000001       
<Psi^(0)|Hbar^(1)|Psi^(0)>    -75.0636078         -5.47780e-08
   -Eref  -74.8511626       
   -Ecorr -0.2124451       
<Psi^(1)|Hbar^(1)|Psi^(1)>    -75.0636077         1.68243e-07
   -Erelax-0.0000000       
<Psi^(1)|Hbar^(2)|Psi^(1)>    -75.0636077         -1.34837e-09
   -Eref  -74.8511626       
   -Ecorr -0.2124451       
<Psi^(2)|Hbar^(2)|Psi^(2)>    -75.0636077         -2.35047e-08
   -Erelax-0.0000000       
<Psi^(2)|Hbar^(3)|Psi^(2)>    -75.0636077         -3.61524e-11
   -Eref  -74.8511626       
   -Ecorr -0.2124451       
<Psi^(3)|Hbar^(3)|Psi^(3)>    -75.0636077         3.94408e-09
   -Erelax-0.0000000       
<Psi^(3)|Hbar^(4)|Psi^(3)>    -75.0636077         -9.66338e-13
Unrelaxed DSRG-MRPT3 energy:               -75.0636078 Eh
Unrelaxed DSRG-MRPT3 E_corr:                -0.2124451 Eh
Partially relaxed DSRG-MRPT3 energy:       -75.0636078 Eh
Partially relaxed DSRG-MRPT3 E_corr:        -0.2124452 Eh
Relaxed DSRG-MRPT3 energy:                 -75.0636077 Eh
Relaxed DSRG-MRPT3 E_corr:                  -0.2124451 Eh
Fully relaxed DSRG-MRPT3 energy:           -75.0636077 Eh
Fully relaxed DSRG-MRPT3 E_corr:            -0.2124451 Eh
State     Energy / Eh         Splitting / Eh      Splitting / cm-1    Splitting / meV     
0         -7.5063907e+01      +0.0000000e+00      +0.0000000e+00      +0.0000000e+00      
1         -7.5063907e+01      +2.8396556e-09      +6.2323237e-04      +7.7271002e-05      
2         -7.5063907e+01      +2.8684184e-09      +6.2954507e-04      +7.8053677e-05      
3         -7.5063907e+01      +2.8616682e-09      +6.2806358e-04      +7.7869996e-05      
4         -7.5063907e+01      +2.8803697e-09      +6.3216808e-04      +7.8378890e-05      
5         -7.5063297e+01      +6.0990997e-04      +1.3385976e+02      +1.6596503e+01      
6         -7.5063297e+01      +3.0062779e-09      +6.5980173e-04      +8.1805027e-05      
7         -7.5063297e+01      +2.7401938e-09      +6.0140303e-04      +7.4564508e-05      
8         -7.5063045e+01      +2.5157007e-04      +5.5213248e+01      +6.8455735e+00      
Time taken:                      172.1618304 s
===============================================
===============================================
              PySCF DHF interface              
===============================================
Will now allocate 796.594 MB memory for the AO ERI tensor!

Timing report
....integral transformation:      51.8835838 s

===============================================
            Relativistic CASCI(7,8)            
===============================================
Will now allocate 0.001 MB memory for the CASCI Hamiltonian!
Time taken for 1-RDM build:        0.0013700 s
Time taken for 1-RDM build:        0.0013628 s
Time taken for 1-RDM build:        0.0013676 s
Time taken for 1-RDM build:        0.0013592 s
Time taken for 1-RDM build:        0.0013640 s
Time taken for 1-RDM build:        0.0013618 s
Time taken for 2-RDM build:        0.0029423 s
Time taken for 2-RDM build:        0.0028789 s
Time taken for 2-RDM build:        0.0028830 s
Time taken for 2-RDM build:        0.0028813 s
Time taken for 2-RDM build:        0.0028932 s
Time taken for 2-RDM build:        0.0028839 s
Time taken for 3-RDM build:        0.0268714 s
Time taken for 3-RDM build:        0.0257618 s
Time taken for 3-RDM build:        0.0261085 s
Time taken for 3-RDM build:        0.0256517 s
Time taken for 3-RDM build:        0.0257068 s
Time taken for 3-RDM build:        0.0256667 s
E_frzc:                          -75.5478008 Eh
E_cas:                           -23.9325131 Eh
E_nuc:                             0.0000000 Eh
E_casci:                         -99.4797328 Eh
E0 (from RDM):                   -99.4797328 Eh
Ecorr:                            -0.1043819 Eh

Timing summary
... Hamil build:                    0.0065775 s
... Hamil diag:                     0.0001597 s
... RDM build:                      3.5513866 s
State     Energy / Eh         Splitting / Eh      Splitting / cm-1    Splitting / meV     
0         -9.9480314e+01      +0.0000000e+00      +0.0000000e+00      +0.0000000e+00      
1         -9.9480314e+01      +2.4031053e-08      +5.2742064e-03      +6.5391856e-04      
2         -9.9480314e+01      +6.9549344e-09      +1.5264317e-03      +1.8925350e-04      
3         -9.9480314e+01      +2.1663141e-08      +4.7545098e-03      +5.8948436e-04      
4         -9.9478571e+01      +1.7431739e-03      +3.8258245e+02      +4.7434202e+01      
5         -9.9478571e+01      +1.6993951e-08      +3.7297411e-03      +4.6242918e-04      
Total time taken:                   3.7349644 s
===============================================

===============================================
            Relativistic DSRG-MRPT3            
===============================================
... compute_energy_pt3_1:      14.9989736 s
... compute_energy_pt2:       0.0834033 s
... compute_energy_pt3_2:      12.0368054 s
... compute_energy_pt3_3:       2.7711086 s
-----------------------------------------------
        DSRG-MRPT3 reference relaxation        
-----------------------------------------------
Iter                          Energy              Delta E   
   -Eref  -99.4797328       
   -Ecorr -0.2668293       
<Psi^(0)|Hbar^(0)|Psi^(0)>    -99.7465621         -9.97466e+01
   -Erelax0.0000000       
<Psi^(0)|Hbar^(1)|Psi^(0)>    -99.7465621         1.42109e-14
   -Eref  -99.4797328       
   -Ecorr -0.2668293       
<Psi^(1)|Hbar^(1)|Psi^(1)>    -99.7465621         1.42109e-14
   -Erelax-0.0000000       
<Psi^(1)|Hbar^(2)|Psi^(1)>    -99.7465621         0.00000e+00
Unrelaxed DSRG-MRPT3 energy:               -99.7465621 Eh
Unrelaxed DSRG-MRPT3 E_corr:                -0.2668293 Eh
Partially relaxed DSRG-MRPT3 energy:       -99.7465621 Eh
Partially relaxed DSRG-MRPT3 E_corr:        -0.2668293 Eh
Relaxed DSRG-MRPT3 energy:                 -99.7465621 Eh
Relaxed DSRG-MRPT3 E_corr:                  -0.2668293 Eh
Fully relaxed DSRG-MRPT3 energy:           -99.7465621 Eh
Fully relaxed DSRG-MRPT3 E_corr:            -0.2668293 Eh
State     Energy / Eh         Splitting / Eh      Splitting / cm-1    Splitting / meV     
0         -9.9747166e+01      +0.0000000e+00      +0.0000000e+00      +0.0000000e+00      
1         -9.9747166e+01      +1.2642403e-08      +2.7746867e-03      +3.4401746e-04      
2         -9.9747166e+01      +3.3716674e-09      +7.3999545e-04      +9.1747787e-05      
3         -9.9747166e+01      +1.4583662e-08      +3.2007439e-03      +3.9684185e-04      
4         -9.9745354e+01      +1.8127847e-03      +3.9786026e+02      +4.9328408e+01      
5         -9.9745354e+01      +7.4665252e-09      +1.6387129e-03      +2.0317460e-04      
Time taken:                       80.4337227 s
===============================================
===============================================
              PySCF DHF interface              
===============================================
Will now allocate 3.102 GB memory for the AO ERI tensor!

Timing report
....integral transformation:     197.2800362 s

===============================================
            Relativistic CASCI(3,8)            
===============================================
Will now allocate 0.050 MB memory for the CASCI Hamiltonian!
Time taken for 1-RDM build:        0.0212231 s
Time taken for 1-RDM build:        0.0211844 s
Time taken for 1-RDM build:        0.0211165 s
Time taken for 1-RDM build:        0.0211029 s
Time taken for 1-RDM build:        0.0209570 s
Time taken for 1-RDM build:        0.0203910 s
Time taken for 2-RDM build:        0.0796237 s
Time taken for 2-RDM build:        0.0795493 s
Time taken for 2-RDM build:        0.0796552 s
Time taken for 2-RDM build:        0.0799069 s
Time taken for 2-RDM build:        0.0801826 s
Time taken for 2-RDM build:        0.0799179 s
Time taken for 3-RDM build:        0.1798365 s
Time taken for 3-RDM build:        0.1787524 s
Time taken for 3-RDM build:        0.1788266 s
Time taken for 3-RDM build:        0.1787174 s
Time taken for 3-RDM build:        0.1787989 s
Time taken for 3-RDM build:        0.1785700 s
E_frzc:                         -240.4061812 Eh
E_cas:                            -1.8986420 Eh
E_nuc:                             0.0000000 Eh
E_casci:                        -242.3045291 Eh
E0 (from RDM):                  -242.3045291 Eh
Ecorr:                            -0.1899047 Eh

Timing summary
... Hamil build:                    0.0696752 s
... Hamil diag:                     0.0010355 s
... RDM build:                     13.5760572 s
State     Energy / Eh         Splitting / Eh      Splitting / cm-1    Splitting / meV     
0         -2.4230482e+02      +0.0000000e+00      +0.0000000e+00      +0.0000000e+00      
1         -2.4230482e+02      +1.0992665e-09      +2.4126110e-04      +2.9912578e-05      
2         -2.4230438e+02      +4.4107881e-04      +9.6805609e+01      +1.2002372e+01      
3         -2.4230438e+02      +1.0805650e-09      +2.3715660e-04      +2.9403685e-05      
4         -2.4230438e+02      +8.9775654e-10      +1.9703478e-04      +2.4429211e-05      
5         -2.4230438e+02      +3.6629899e-10      +8.0393336e-05      +9.9675080e-06      
Total time taken:                  14.3046753 s
===============================================

===============================================
            Relativistic DSRG-MRPT3            
===============================================
... compute_energy_pt3_1:      62.5783436 s
... compute_energy_pt2:       0.2422626 s
... compute_energy_pt3_2:      49.4801865 s
... compute_energy_pt3_3:      10.4789371 s
-----------------------------------------------
        DSRG-MRPT3 reference relaxation        
-----------------------------------------------
Iter                          Energy              Delta E   
   -Eref  -242.3045291       
   -Ecorr -0.2009575       
<Psi^(0)|Hbar^(0)|Psi^(0)>    -242.5054866        -2.42505e+02
   -Erelax-0.0004576       
<Psi^(0)|Hbar^(1)|Psi^(0)>    -242.5059442        -4.57574e-04
   -Eref  -242.3040796       
   -Ecorr -0.2018121       
<Psi^(1)|Hbar^(1)|Psi^(1)>    -242.5058917        5.24849e-05
   -Erelax-0.0000000       
<Psi^(1)|Hbar^(2)|Psi^(1)>    -242.5058917        -3.60009e-09
   -Eref  -242.3040771       
   -Ecorr -0.2018145       
<Psi^(2)|Hbar^(2)|Psi^(2)>    -242.5058916        1.28461e-07
   -Erelax-0.0000000       
<Psi^(2)|Hbar^(3)|Psi^(2)>    -242.5058916        -2.84217e-14
   -Eref  -242.3040771       
   -Ecorr -0.2018145       
<Psi^(3)|Hbar^(3)|Psi^(3)>    -242.5058916        3.08034e-10
   -Erelax-0.0000000       
<Psi^(3)|Hbar^(4)|Psi^(3)>    -242.5058916        0.00000e+00
Unrelaxed DSRG-MRPT3 energy:              -242.5054866 Eh
Unrelaxed DSRG-MRPT3 E_corr:                -0.2009575 Eh
Partially relaxed DSRG-MRPT3 energy:      -242.5059442 Eh
Partially relaxed DSRG-MRPT3 E_corr:        -0.2014151 Eh
Relaxed DSRG-MRPT3 energy:                -242.5058917 Eh
Relaxed DSRG-MRPT3 E_corr:                  -0.2018121 Eh
Fully relaxed DSRG-MRPT3 energy:          -242.5058916 Eh
Fully relaxed DSRG-MRPT3 E_corr:            -0.2018145 Eh
State     Energy / Eh         Splitting / Eh      Splitting / cm-1    Splitting / meV     
0         -2.4250623e+02      +0.0000000e+00      +0.0000000e+00      +0.0000000e+00      
1         -2.4250623e+02      +5.5163696e-10      +1.2107032e-04      +1.5010813e-05      
2         -2.4250572e+02      +5.0456911e-04      +1.1074012e+02      +1.3730031e+01      
3         -2.4250572e+02      +5.1903726e-10      +1.1391551e-04      +1.4123730e-05      
4         -2.4250572e+02      +4.1410431e-10      +9.0885389e-05      +1.1268358e-05      
5         -2.4250572e+02      +2.2575364e-10      +4.9547196e-05      +6.1430723e-06      
Time taken:                      715.9579167 s
===============================================
===============================================
              PySCF DHF interface              
===============================================
Will now allocate 3.102 GB memory for the AO ERI tensor!

Timing report
....integral transformation:     205.4588556 s

===============================================
            Relativistic CASCI(4,8)            
===============================================
Will now allocate 0.078 MB memory for the CASCI Hamiltonian!
Time taken for 1-RDM build:        0.0313692 s
Time taken for 1-RDM build:        0.0312576 s
Time taken for 1-RDM build:        0.0312498 s
Time taken for 1-RDM build:        0.0287910 s
Time taken for 1-RDM build:        0.0277560 s
Time taken for 1-RDM build:        0.0276613 s
Time taken for 1-RDM build:        0.0279222 s
Time taken for 1-RDM build:        0.0277691 s
Time taken for 1-RDM build:        0.0276432 s
Time taken for 2-RDM build:        0.1184900 s
Time taken for 2-RDM build:        0.1184220 s
Time taken for 2-RDM build:        0.1182985 s
Time taken for 2-RDM build:        0.1182277 s
Time taken for 2-RDM build:        0.1182971 s
Time taken for 2-RDM build:        0.1183574 s
Time taken for 2-RDM build:        0.1185737 s
Time taken for 2-RDM build:        0.1180108 s
Time taken for 2-RDM build:        0.1185162 s
Time taken for 3-RDM build:        0.3856473 s
Time taken for 3-RDM build:        0.3808393 s
Time taken for 3-RDM build:        0.3799722 s
Time taken for 3-RDM build:        0.3797114 s
Time taken for 3-RDM build:        0.3800042 s
Time taken for 3-RDM build:        0.3827138 s
Time taken for 3-RDM build:        0.3808334 s
Time taken for 3-RDM build:        0.3813953 s
Time taken for 3-RDM build:        0.3829226 s
E_frzc:                         -285.7423197 Eh
E_cas:                            -3.6921024 Eh
E_nuc:                             0.0000000 Eh
E_casci:                        -289.4337768 Eh
E0 (from RDM):                  -289.4337768 Eh
Ecorr:                            -0.2329780 Eh

Timing summary
... Hamil build:                    0.1095333 s
... Hamil diag:                     0.0021503 s
... RDM build:                     16.8558185 s
State     Energy / Eh         Splitting / Eh      Splitting / cm-1    Splitting / meV     
0         -2.8943442e+02      +0.0000000e+00      +0.0000000e+00      +0.0000000e+00      
1         -2.8943409e+02      +3.3211201e-04      +7.2890160e+01      +9.0372324e+00      
2         -2.8943409e+02      +8.1735152e-10      +1.7938792e-04      +2.2241278e-05      
3         -2.8943409e+02      +8.9210062e-10      +1.9579345e-04      +2.4275306e-05      
4         -2.8943346e+02      +6.3005266e-04      +1.3828057e+02      +1.7144614e+01      
5         -2.8943346e+02      +2.5920599e-10      +5.6889139e-05      +7.0533576e-06      
6         -2.8943346e+02      +7.8654239e-10      +1.7262610e-04      +2.1402919e-05      
7         -2.8943346e+02      +6.1896799e-10      +1.3584777e-04      +1.6842985e-05      
8         -2.8943346e+02      +4.2439297e-10      +9.3143489e-05      +1.1548326e-05      
Total time taken:                  17.6594915 s
===============================================

===============================================
            Relativistic DSRG-MRPT3            
===============================================
... compute_energy_pt3_1:      61.7224934 s
... compute_energy_pt2:       0.2736068 s
... compute_energy_pt3_2:      49.6586137 s
... compute_energy_pt3_3:      10.4415679 s
-----------------------------------------------
        DSRG-MRPT3 reference relaxation        
-----------------------------------------------
Iter                          Energy              Delta E   
   -Eref  -289.4337768       
   -Ecorr -0.2308886       
<Psi^(0)|Hbar^(0)|Psi^(0)>    -289.6646654        -2.89665e+02
   -Erelax-0.0001468       
<Psi^(0)|Hbar^(1)|Psi^(0)>    -289.6648121        -1.46789e-04
   -Eref  -289.4336312       
   -Ecorr -0.2312416       
<Psi^(1)|Hbar^(1)|Psi^(1)>    -289.6648728        -6.06132e-05
   -Erelax-0.0000000       
<Psi^(1)|Hbar^(2)|Psi^(1)>    -289.6648728        -4.24120e-09
   -Eref  -289.4336313       
   -Ecorr -0.2312414       
<Psi^(2)|Hbar^(2)|Psi^(2)>    -289.6648727        6.47445e-08
   -Erelax-0.0000000       
<Psi^(2)|Hbar^(3)|Psi^(2)>    -289.6648727        -3.52998e-11
   -Eref  -289.4336313       
   -Ecorr -0.2312414       
<Psi^(3)|Hbar^(3)|Psi^(3)>    -289.6648727        6.88885e-10
   -Erelax-0.0000000       
<Psi^(3)|Hbar^(4)|Psi^(3)>    -289.6648727        -2.84217e-13
Unrelaxed DSRG-MRPT3 energy:              -289.6646654 Eh
Unrelaxed DSRG-MRPT3 E_corr:                -0.2308886 Eh
Partially relaxed DSRG-MRPT3 energy:      -289.6648121 Eh
Partially relaxed DSRG-MRPT3 E_corr:        -0.2310353 Eh
Relaxed DSRG-MRPT3 energy:                -289.6648728 Eh
Relaxed DSRG-MRPT3 E_corr:                  -0.2312416 Eh
Fully relaxed DSRG-MRPT3 energy:          -289.6648727 Eh
Fully relaxed DSRG-MRPT3 E_corr:            -0.2312414 Eh
State     Energy / Eh         Splitting / Eh      Splitting / cm-1    Splitting / meV     
0         -2.8966562e+02      +0.0000000e+00      +0.0000000e+00      +0.0000000e+00      
1         -2.8966523e+02      +3.8482614e-04      +8.4459574e+01      +1.0471658e+01      
2         -2.8966523e+02      +2.7904434e-10      +6.1243154e-05      +7.5931870e-06      
3         -2.8966523e+02      +2.8200020e-10      +6.1891890e-05      +7.6736200e-06      
4         -2.8966451e+02      +7.2711656e-04      +1.5958364e+02      +1.9785859e+01      
5         -2.8966451e+02      +1.1471002e-10      +2.5175939e-05      +3.1214201e-06      
6         -2.8966451e+02      +2.4192559e-10      +5.3096530e-05      +6.5831338e-06      
7         -2.8966451e+02      +2.3908342e-10      +5.2472745e-05      +6.5057943e-06      
8         -2.8966451e+02      +1.1652901e-10      +2.5575161e-05      +3.1709173e-06      
Time taken:                      737.9715142 s
===============================================
===============================================
              PySCF DHF interface              
===============================================
Will now allocate 3.102 GB memory for the AO ERI tensor!

Timing report
....integral transformation:     200.8983383 s

===============================================
            Relativistic CASCI(5,8)            
===============================================
Will now allocate 0.050 MB memory for the CASCI Hamiltonian!
Time taken for 1-RDM build:        0.0216172 s
Time taken for 1-RDM build:        0.0217154 s
Time taken for 1-RDM build:        0.0215375 s
Time taken for 1-RDM build:        0.0218499 s
Time taken for 1-RDM build:        0.0211811 s
Time taken for 1-RDM build:        0.0206845 s
Time taken for 1-RDM build:        0.0204706 s
Time taken for 1-RDM build:        0.0206985 s
Time taken for 1-RDM build:        0.0206716 s
Time taken for 1-RDM build:        0.0206289 s
Time taken for 1-RDM build:        0.0207186 s
Time taken for 1-RDM build:        0.0204706 s
Time taken for 1-RDM build:        0.0207527 s
Time taken for 1-RDM build:        0.0205956 s
Time taken for 2-RDM build:        0.0851941 s
Time taken for 2-RDM build:        0.0849805 s
Time taken for 2-RDM build:        0.0850642 s
Time taken for 2-RDM build:        0.0851727 s
Time taken for 2-RDM build:        0.0849857 s
Time taken for 2-RDM build:        0.0847852 s
Time taken for 2-RDM build:        0.0851822 s
Time taken for 2-RDM build:        0.0849473 s
Time taken for 2-RDM build:        0.0853250 s
Time taken for 2-RDM build:        0.0850444 s
Time taken for 2-RDM build:        0.0851362 s
Time taken for 2-RDM build:        0.0850172 s
Time taken for 2-RDM build:        0.0850654 s
Time taken for 2-RDM build:        0.0853682 s
Time taken for 3-RDM build:        0.3527658 s
Time taken for 3-RDM build:        0.3511083 s
Time taken for 3-RDM build:        0.3518898 s
Time taken for 3-RDM build:        0.3510282 s
Time taken for 3-RDM build:        0.3525298 s
Time taken for 3-RDM build:        0.3510606 s
Time taken for 3-RDM build:        0.3511307 s
Time taken for 3-RDM build:        0.3513179 s
Time taken for 3-RDM build:        0.3515768 s
Time taken for 3-RDM build:        0.3600667 s
Time taken for 3-RDM build:        0.3587253 s
Time taken for 3-RDM build:        0.3570817 s
Time taken for 3-RDM build:        0.3506789 s
Time taken for 3-RDM build:        0.3510461 s
E_frzc:                         -335.1272672 Eh
E_cas:                            -6.3636403 Eh
E_nuc:                             0.0000000 Eh
E_casci:                        -341.4410664 Eh
E0 (from RDM):                  -341.4410664 Eh
Ecorr:                            -0.2138107 Eh

Timing summary
... Hamil build:                    0.0892091 s
... Hamil diag:                     0.0011389 s
... RDM build:                     18.7970889 s
State     Energy / Eh         Splitting / Eh      Splitting / cm-1    Splitting / meV     
0         -3.4149091e+02      +0.0000000e+00      +0.0000000e+00      +0.0000000e+00      
1         -3.4149091e+02      +3.2849812e-10      +7.2097003e-05      +8.9388933e-06      
2         -3.4149091e+02      +3.2838443e-10      +7.2072051e-05      +8.9357998e-06      
3         -3.4149091e+02      +3.2798653e-10      +7.1984722e-05      +8.9249722e-06      
4         -3.4142117e+02      +6.9735531e-02      +1.5305180e+04      +1.8976014e+03      
5         -3.4142117e+02      +1.5667183e-09      +3.4385492e-04      +4.2632597e-05      
6         -3.4142117e+02      +1.3034196e-09      +2.8606753e-04      +3.5467871e-05      
7         -3.4142117e+02      +1.7383286e-09      +3.8151902e-04      +4.7302353e-05      
8         -3.4142110e+02      +6.9890622e-05      +1.5339218e+01      +1.9018216e+00      
9         -3.4142110e+02      +9.2740038e-10      +2.0354085e-04      +2.5235862e-05      
10        -3.4142110e+02      +9.6150643e-10      +2.1102627e-04      +2.6163935e-05      
11        -3.4142110e+02      +7.5050366e-10      +1.6471651e-04      +2.0422255e-05      
12        -3.4142110e+02      +9.6383701e-10      +2.1153777e-04      +2.6227353e-05      
13        -3.4142110e+02      +1.9558115e-09      +4.2925101e-04      +5.3220367e-05      
Total time taken:                  19.5524373 s
===============================================

===============================================
            Relativistic DSRG-MRPT3            
===============================================
... compute_energy_pt3_1:      61.6756701 s
... compute_energy_pt2:       0.2443838 s
... compute_energy_pt3_2:      49.3613429 s
... compute_energy_pt3_3:      10.5994582 s
-----------------------------------------------
        DSRG-MRPT3 reference relaxation        
-----------------------------------------------
Iter                          Energy              Delta E   
   -Eref  -341.4410664       
   -Ecorr -0.2784548       
<Psi^(0)|Hbar^(0)|Psi^(0)>    -341.7195212        -3.41720e+02
   -Erelax-0.0000017       
<Psi^(0)|Hbar^(1)|Psi^(0)>    -341.7195230        -1.74095e-06
   -Eref  -341.4410652       
   -Ecorr -0.2784582       
<Psi^(1)|Hbar^(1)|Psi^(1)>    -341.7195234        -4.30788e-07
   -Erelax-0.0000000       
<Psi^(1)|Hbar^(2)|Psi^(1)>    -341.7195234        -1.69217e-09
   -Eref  -341.4410651       
   -Ecorr -0.2784583       
<Psi^(2)|Hbar^(2)|Psi^(2)>    -341.7195234        -7.13186e-09
   -Erelax-0.0000000       
<Psi^(2)|Hbar^(3)|Psi^(2)>    -341.7195234        -3.97904e-12
Unrelaxed DSRG-MRPT3 energy:              -341.7195212 Eh
Unrelaxed DSRG-MRPT3 E_corr:                -0.2784548 Eh
Partially relaxed DSRG-MRPT3 energy:      -341.7195230 Eh
Partially relaxed DSRG-MRPT3 E_corr:        -0.2784566 Eh
Relaxed DSRG-MRPT3 energy:                -341.7195234 Eh
Relaxed DSRG-MRPT3 E_corr:                  -0.2784582 Eh
Fully relaxed DSRG-MRPT3 energy:          -341.7195234 Eh
Fully relaxed DSRG-MRPT3 E_corr:            -0.2784583 Eh
State     Energy / Eh         Splitting / Eh      Splitting / cm-1    Splitting / meV     
0         -3.4175860e+02      +0.0000000e+00      +0.0000000e+00      +0.0000000e+00      
1         -3.4175860e+02      +1.6427748e-10      +3.6054739e-05      +4.4702201e-06      
2         -3.4175860e+02      +1.6427748e-10      +3.6054739e-05      +4.4702201e-06      
3         -3.4175860e+02      +1.6433432e-10      +3.6067215e-05      +4.4717669e-06      
4         -3.4170394e+02      +5.4667149e-02      +1.1998052e+04      +1.4875696e+03      
5         -3.4170394e+02      +1.7502089e-10      +3.8412644e-05      +4.7625632e-06      
6         -3.4170394e+02      +1.3267254e-10      +2.9118257e-05      +3.6102054e-06      
7         -3.4170394e+02      +2.0509106e-10      +4.5012283e-05      +5.5808145e-06      
8         -3.4170386e+02      +7.3432627e-05      +1.6116599e+01      +1.9982045e+00      
9         -3.4170386e+02      +1.0135182e-10      +2.2244152e-05      +2.7579247e-06      
10        -3.4170386e+02      +9.2200025e-11      +2.0235566e-05      +2.5088917e-06      
11        -3.4170386e+02      +7.6681772e-11      +1.6829704e-05      +2.0866183e-06      
12        -3.4170386e+02      +1.3011459e-10      +2.8556851e-05      +3.5405999e-06      
13        -3.4170386e+02      +1.4279067e-10      +3.1338929e-05      +3.8855338e-06      
Time taken:                      545.7015617 s
===============================================
===============================================
              PySCF DHF interface              
===============================================
Will now allocate 3.102 GB memory for the AO ERI tensor!

Timing report
....integral transformation:     199.2187021 s

===============================================
            Relativistic CASCI(6,8)            
===============================================
Will now allocate 0.013 MB memory for the CASCI Hamiltonian!
Time taken for 1-RDM build:        0.0082798 s
Time taken for 1-RDM build:        0.0081789 s
Time taken for 1-RDM build:        0.0080116 s
Time taken for 1-RDM build:        0.0079992 s
Time taken for 1-RDM build:        0.0080032 s
Time taken for 1-RDM build:        0.0083051 s
Time taken for 1-RDM build:        0.0080049 s
Time taken for 1-RDM build:        0.0080030 s
Time taken for 1-RDM build:        0.0079913 s
Time taken for 2-RDM build:        0.0276074 s
Time taken for 2-RDM build:        0.0275173 s
Time taken for 2-RDM build:        0.0273011 s
Time taken for 2-RDM build:        0.0274293 s
Time taken for 2-RDM build:        0.0274320 s
Time taken for 2-RDM build:        0.0274699 s
Time taken for 2-RDM build:        0.0274911 s
Time taken for 2-RDM build:        0.0273402 s
Time taken for 2-RDM build:        0.0274613 s
Time taken for 3-RDM build:        0.1488800 s
Time taken for 3-RDM build:        0.1467395 s
Time taken for 3-RDM build:        0.1464643 s
Time taken for 3-RDM build:        0.1466780 s
Time taken for 3-RDM build:        0.1466205 s
Time taken for 3-RDM build:        0.1468923 s
Time taken for 3-RDM build:        0.1468680 s
Time taken for 3-RDM build:        0.1468747 s
Time taken for 3-RDM build:        0.1469743 s
E_frzc:                         -388.5675376 Eh
E_cas:                            -9.9659359 Eh
E_nuc:                             0.0000000 Eh
E_casci:                        -398.5325748 Eh
E0 (from RDM):                  -398.5325748 Eh
Ecorr:                            -0.1603097 Eh

Timing summary
... Hamil build:                    0.0358059 s
... Hamil diag:                     0.0004554 s
... RDM build:                     13.5760484 s
State     Energy / Eh         Splitting / Eh      Splitting / cm-1    Splitting / meV     
0         -3.9853347e+02      +0.0000000e+00      +0.0000000e+00      +0.0000000e+00      
1         -3.9853347e+02      +5.6296585e-09      +1.2355672e-03      +1.5319088e-04      
2         -3.9853347e+02      +5.9783360e-09      +1.3120931e-03      +1.6267889e-04      
3         -3.9853347e+02      +5.6479053e-09      +1.2395719e-03      +1.5368740e-04      
4         -3.9853347e+02      +5.6580234e-09      +1.2417926e-03      +1.5396273e-04      
5         -3.9853166e+02      +1.8163270e-03      +3.9863770e+02      +4.9424800e+01      
6         -3.9853166e+02      +3.5533390e-09      +7.7986775e-04      +9.6691324e-05      
7         -3.9853166e+02      +3.5755647e-09      +7.8474575e-04      +9.7296119e-05      
8         -3.9853083e+02      +8.2294816e-04      +1.8061624e+02      +2.2393571e+01      
Total time taken:                  14.2710893 s
===============================================

===============================================
            Relativistic DSRG-MRPT3            
===============================================
... compute_energy_pt3_1:      60.6773214 s
... compute_energy_pt2:       0.2461562 s
... compute_energy_pt3_2:      49.7085407 s
... compute_energy_pt3_3:      11.0175548 s
-----------------------------------------------
        DSRG-MRPT3 reference relaxation        
-----------------------------------------------
Iter                          Energy              Delta E   
   -Eref  -398.5325748       
   -Ecorr -0.3168002       
<Psi^(0)|Hbar^(0)|Psi^(0)>    -398.8493750        -3.98849e+02
   -Erelax-0.0000003       
<Psi^(0)|Hbar^(1)|Psi^(0)>    -398.8493753        -2.98761e-07
   -Eref  -398.5325745       
   -Ecorr -0.3168010       
<Psi^(1)|Hbar^(1)|Psi^(1)>    -398.8493755        -1.97019e-07
   -Erelax-0.0000000       
<Psi^(1)|Hbar^(2)|Psi^(1)>    -398.8493755        -1.30399e-10
   -Eref  -398.5325745       
   -Ecorr -0.3168009       
<Psi^(2)|Hbar^(2)|Psi^(2)>    -398.8493755        1.20663e-08
   -Erelax-0.0000000       
<Psi^(2)|Hbar^(3)|Psi^(2)>    -398.8493755        -7.95808e-13
   -Eref  -398.5325745       
   -Ecorr -0.3168009       
<Psi^(3)|Hbar^(3)|Psi^(3)>    -398.8493755        -9.21034e-10
   -Erelax0.0000000       
<Psi^(3)|Hbar^(4)|Psi^(3)>    -398.8493755        0.00000e+00
Unrelaxed DSRG-MRPT3 energy:              -398.8493750 Eh
Unrelaxed DSRG-MRPT3 E_corr:                -0.3168002 Eh
Partially relaxed DSRG-MRPT3 energy:      -398.8493753 Eh
Partially relaxed DSRG-MRPT3 E_corr:        -0.3168005 Eh
Relaxed DSRG-MRPT3 energy:                -398.8493755 Eh
Relaxed DSRG-MRPT3 E_corr:                  -0.3168010 Eh
Fully relaxed DSRG-MRPT3 energy:          -398.8493755 Eh
Fully relaxed DSRG-MRPT3 E_corr:            -0.3168009 Eh
State     Energy / Eh         Splitting / Eh      Splitting / cm-1    Splitting / meV     
0         -3.9885020e+02      +0.0000000e+00      +0.0000000e+00      +0.0000000e+00      
1         -3.9885020e+02      +6.5659833e-10      +1.4410668e-04      +1.7866959e-05      
2         -3.9885020e+02      +4.1990234e-10      +9.2157910e-05      +1.1426130e-05      
3         -3.9885020e+02      +3.5572612e-10      +7.8072858e-05      +9.6798053e-06      
4         -3.9885020e+02      +4.1387693e-10      +9.0835487e-05      +1.1262170e-05      
5         -3.9884854e+02      +1.6568227e-03      +3.6363055e+02      +4.5084463e+01      
6         -3.9884854e+02      +4.1518433e-10      +9.1122428e-05      +1.1297746e-05      
7         -3.9884854e+02      +4.6713922e-10      +1.0252521e-04      +1.2711512e-05      
8         -3.9884778e+02      +7.5523323e-04      +1.6575453e+02      +2.0550953e+01      
Time taken:                      726.4970076 s
===============================================
===============================================
              PySCF DHF interface              
===============================================
Will now allocate 3.102 GB memory for the AO ERI tensor!

Timing report
....integral transformation:     195.4116280 s

===============================================
            Relativistic CASCI(7,8)            
===============================================
Will now allocate 0.001 MB memory for the CASCI Hamiltonian!
Time taken for 1-RDM build:        0.0013728 s
Time taken for 1-RDM build:        0.0013549 s
Time taken for 1-RDM build:        0.0013623 s
Time taken for 1-RDM build:        0.0013592 s
Time taken for 1-RDM build:        0.0013537 s
Time taken for 1-RDM build:        0.0013623 s
Time taken for 2-RDM build:        0.0029442 s
Time taken for 2-RDM build:        0.0028856 s
Time taken for 2-RDM build:        0.0029039 s
Time taken for 2-RDM build:        0.0028694 s
Time taken for 2-RDM build:        0.0028746 s
Time taken for 2-RDM build:        0.0028818 s
Time taken for 3-RDM build:        0.0268714 s
Time taken for 3-RDM build:        0.0257332 s
Time taken for 3-RDM build:        0.0257094 s
Time taken for 3-RDM build:        0.0257063 s
Time taken for 3-RDM build:        0.0257082 s
Time taken for 3-RDM build:        0.0256889 s
E_frzc:                         -446.0682972 Eh
E_cas:                           -14.7582517 Eh
E_nuc:                             0.0000000 Eh
E_casci:                        -460.8252020 Eh
E0 (from RDM):                  -460.8252020 Eh
Ecorr:                             0.0013470 Eh

Timing summary
... Hamil build:                    0.0067759 s
... Hamil diag:                     0.0001466 s
... RDM build:                     12.1548474 s
State     Energy / Eh         Splitting / Eh      Splitting / cm-1    Splitting / meV     
0         -4.6082655e+02      +0.0000000e+00      +0.0000000e+00      +0.0000000e+00      
1         -4.6082655e+02      +1.2022326e-08      +2.6385956e-03      +3.2714432e-04      
2         -4.6082655e+02      +5.7600573e-09      +1.2641864e-03      +1.5673922e-04      
3         -4.6082655e+02      +1.1622035e-08      +2.5507418e-03      +3.1625183e-04      
4         -4.6082251e+02      +4.0408198e-03      +8.8685742e+02      +1.0995636e+02      
5         -4.6082251e+02      +2.0031848e-08      +4.3964825e-03      +5.4509461e-04      
Total time taken:                  12.8188727 s
===============================================

===============================================
            Relativistic DSRG-MRPT3            
===============================================
... compute_energy_pt3_1:      62.2666829 s
... compute_energy_pt2:       0.2576520 s
... compute_energy_pt3_2:      50.2955568 s
... compute_energy_pt3_3:      10.8467481 s
-----------------------------------------------
        DSRG-MRPT3 reference relaxation        
-----------------------------------------------
Iter                          Energy              Delta E   
   -Eref  -460.8252020       
   -Ecorr -0.3608684       
<Psi^(0)|Hbar^(0)|Psi^(0)>    -461.1860704        -4.61186e+02
   -Erelax0.0000000       
<Psi^(0)|Hbar^(1)|Psi^(0)>    -461.1860704        0.00000e+00
   -Eref  -460.8252020       
   -Ecorr -0.3608684       
<Psi^(1)|Hbar^(1)|Psi^(1)>    -461.1860704        2.27374e-13
   -Erelax-0.0000000       
<Psi^(1)|Hbar^(2)|Psi^(1)>    -461.1860704        0.00000e+00
Unrelaxed DSRG-MRPT3 energy:              -461.1860704 Eh
Unrelaxed DSRG-MRPT3 E_corr:                -0.3608684 Eh
Partially relaxed DSRG-MRPT3 energy:      -461.1860704 Eh
Partially relaxed DSRG-MRPT3 E_corr:        -0.3608684 Eh
Relaxed DSRG-MRPT3 energy:                -461.1860704 Eh
Relaxed DSRG-MRPT3 E_corr:                  -0.3608684 Eh
Fully relaxed DSRG-MRPT3 energy:          -461.1860704 Eh
Fully relaxed DSRG-MRPT3 E_corr:            -0.3608684 Eh
State     Energy / Eh         Splitting / Eh      Splitting / cm-1    Splitting / meV     
0         -4.6118740e+02      +0.0000000e+00      +0.0000000e+00      +0.0000000e+00      
1         -4.6118740e+02      +9.8827968e-10      +2.1690232e-04      +2.6892473e-05      
2         -4.6118740e+02      +9.6792974e-10      +2.1243602e-04      +2.6338722e-05      
3         -4.6118740e+02      +9.8100372e-10      +2.1530543e-04      +2.6694484e-05      
4         -4.6118341e+02      +3.9915286e-03      +8.7603926e+02      +1.0861508e+02      
5         -4.6118341e+02      +1.6917738e-09      +3.7130144e-04      +4.6035533e-05      
Time taken:                      344.5039496 s
===============================================
===============================================
              PySCF DHF interface              
===============================================
Will now allocate 38.863 GB memory for the AO ERI tensor!

Timing report
....integral transformation:    1004.5399344 s

===============================================
            Relativistic CASCI(3,8)            
===============================================
Will now allocate 0.050 MB memory for the CASCI Hamiltonian!
Time taken for 1-RDM build:        0.0056796 s
Time taken for 1-RDM build:        0.0056300 s
Time taken for 1-RDM build:        0.0056121 s
Time taken for 1-RDM build:        0.0056407 s
Time taken for 1-RDM build:        0.0056396 s
Time taken for 1-RDM build:        0.0056303 s
Time taken for 2-RDM build:        0.0230742 s
Time taken for 2-RDM build:        0.0229526 s
Time taken for 2-RDM build:        0.0228932 s
Time taken for 2-RDM build:        0.0229030 s
Time taken for 2-RDM build:        0.0228860 s
Time taken for 2-RDM build:        0.0229487 s
Time taken for 3-RDM build:        0.0655098 s
Time taken for 3-RDM build:        0.0642333 s
Time taken for 3-RDM build:        0.0642331 s
Time taken for 3-RDM build:        0.0640368 s
Time taken for 3-RDM build:        0.0640817 s
Time taken for 3-RDM build:        0.0640037 s
E_frzc:                        -1939.7138290 Eh
E_cas:                            -2.0100161 Eh
E_nuc:                             0.0000000 Eh
E_casci:                       -1941.7217616 Eh
E0 (from RDM):                 -1941.7217616 Eh
Ecorr:                            -0.1944870 Eh

Timing summary
... Hamil build:                    0.0170212 s
... Hamil diag:                     0.0007420 s
... RDM build:                     45.0719578 s
State     Energy / Eh         Splitting / Eh      Splitting / cm-1    Splitting / meV     
0         -1.9417238e+03      +0.0000000e+00      +0.0000000e+00      +0.0000000e+00      
1         -1.9417238e+03      +1.0702479e-09      +2.3489226e-04      +2.9122942e-05      
2         -1.9417207e+03      +3.1252750e-03      +6.8591858e+02      +8.5043106e+01      
3         -1.9417207e+03      +1.1004886e-09      +2.4152933e-04      +2.9945834e-05      
4         -1.9417207e+03      +9.5178621e-10      +2.0889293e-04      +2.5899434e-05      
5         -1.9417207e+03      +6.4619599e-10      +1.4182362e-04      +1.7583897e-05      
Total time taken:                  48.7372470 s
===============================================

===============================================
            Relativistic DSRG-MRPT3            
===============================================
... compute_energy_pt3_1:     416.7542303 s
... compute_energy_pt2:       1.2495770 s
... compute_energy_pt3_2:     347.7107608 s
... compute_energy_pt3_3:      82.6704645 s
-----------------------------------------------
        DSRG-MRPT3 reference relaxation        
-----------------------------------------------
Iter                          Energy              Delta E   
   -Eref  -1941.7217616       
   -Ecorr -0.8331971       
<Psi^(0)|Hbar^(0)|Psi^(0)>    -1942.5549588       -1.94255e+03
   -Erelax-0.0004482       
<Psi^(0)|Hbar^(1)|Psi^(0)>    -1942.5554070       -4.48198e-04
   -Eref  -1941.7213253       
   -Ecorr -0.8340952       
<Psi^(1)|Hbar^(1)|Psi^(1)>    -1942.5554205       -1.35357e-05
   -Erelax-0.0000000       
<Psi^(1)|Hbar^(2)|Psi^(1)>    -1942.5554205       -1.15961e-11
   -Eref  -1941.7213253       
   -Ecorr -0.8340952       
<Psi^(2)|Hbar^(2)|Psi^(2)>    -1942.5554205       8.34007e-10
   -Erelax0.0000000       
<Psi^(2)|Hbar^(3)|Psi^(2)>    -1942.5554205       0.00000e+00
Unrelaxed DSRG-MRPT3 energy:             -1942.5549588 Eh
Unrelaxed DSRG-MRPT3 E_corr:                -0.8331971 Eh
Partially relaxed DSRG-MRPT3 energy:     -1942.5554070 Eh
Partially relaxed DSRG-MRPT3 E_corr:        -0.8336453 Eh
Relaxed DSRG-MRPT3 energy:               -1942.5554205 Eh
Relaxed DSRG-MRPT3 E_corr:                  -0.8340952 Eh
Fully relaxed DSRG-MRPT3 energy:         -1942.5554205 Eh
Fully relaxed DSRG-MRPT3 E_corr:            -0.8340952 Eh
State     Energy / Eh         Splitting / Eh      Splitting / cm-1    Splitting / meV     
0         -1.9425578e+03      +0.0000000e+00      +0.0000000e+00      +0.0000000e+00      
1         -1.9425578e+03      +4.1563908e-10      +9.1222233e-05      +1.1310121e-05      
2         -1.9425542e+03      +3.6296364e-03      +7.9661311e+02      +9.8767484e+01      
3         -1.9425542e+03      +4.1609383e-10      +9.1322039e-05      +1.1322495e-05      
4         -1.9425542e+03      +3.8471626e-10      +8.4435459e-05      +1.0468668e-05      
5         -1.9425542e+03      +2.6807356e-10      +5.8835346e-05      +7.2946567e-06      
Time taken:                     3175.8453784 s
===============================================
===============================================
              PySCF DHF interface              
===============================================
Will now allocate 38.863 GB memory for the AO ERI tensor!

Timing report
....integral transformation:    1019.5463490 s

===============================================
            Relativistic CASCI(4,8)            
===============================================
Will now allocate 0.078 MB memory for the CASCI Hamiltonian!
Time taken for 1-RDM build:        0.0096951 s
Time taken for 1-RDM build:        0.0095429 s
Time taken for 1-RDM build:        0.0095153 s
Time taken for 1-RDM build:        0.0094533 s
Time taken for 1-RDM build:        0.0092666 s
Time taken for 1-RDM build:        0.0092409 s
Time taken for 1-RDM build:        0.0092804 s
Time taken for 1-RDM build:        0.0094700 s
Time taken for 1-RDM build:        0.0095501 s
Time taken for 2-RDM build:        0.0349655 s
Time taken for 2-RDM build:        0.0347948 s
Time taken for 2-RDM build:        0.0346961 s
Time taken for 2-RDM build:        0.0347526 s
Time taken for 2-RDM build:        0.0347803 s
Time taken for 2-RDM build:        0.0347266 s
Time taken for 2-RDM build:        0.0347502 s
Time taken for 2-RDM build:        0.0347641 s
Time taken for 2-RDM build:        0.0347507 s
Time taken for 3-RDM build:        0.1526833 s
Time taken for 3-RDM build:        0.1515291 s
Time taken for 3-RDM build:        0.1513770 s
Time taken for 3-RDM build:        0.1513441 s
Time taken for 3-RDM build:        0.1510892 s
Time taken for 3-RDM build:        0.1512456 s
Time taken for 3-RDM build:        0.1511722 s
Time taken for 3-RDM build:        0.1513329 s
Time taken for 3-RDM build:        0.1514211 s
E_frzc:                        -2092.8592106 Eh
E_cas:                            -3.6862998 Eh
E_nuc:                             0.0000000 Eh
E_casci:                       -2096.5413860 Eh
E0 (from RDM):                 -2096.5413860 Eh
Ecorr:                            -0.2153364 Eh

Timing summary
... Hamil build:                    0.0338197 s
... Hamil diag:                     0.0255249 s
... RDM build:                     45.6575882 s
State     Energy / Eh         Splitting / Eh      Splitting / cm-1    Splitting / meV     
0         -2.0965455e+03      +0.0000000e+00      +0.0000000e+00      +0.0000000e+00      
1         -2.0965432e+03      +2.3344184e-03      +5.1234561e+02      +6.3522789e+01      
2         -2.0965432e+03      +6.4164851e-10      +1.4082557e-04      +1.7460154e-05      
3         -2.0965432e+03      +5.3205440e-10      +1.1677244e-04      +1.4477945e-05      
4         -2.0965395e+03      +3.6890520e-03      +8.0965333e+02      +1.0038427e+02      
5         -2.0965395e+03      +9.3723429e-10      +2.0569915e-04      +2.5503456e-05      
6         -2.0965395e+03      +1.0586518e-09      +2.3234722e-04      +2.8807397e-05      
7         -2.0965395e+03      +1.1709744e-09      +2.5699918e-04      +3.1863852e-05      
8         -2.0965395e+03      +1.0372787e-09      +2.2765636e-04      +2.8225805e-05      
Total time taken:                  49.3720403 s
===============================================

===============================================
            Relativistic DSRG-MRPT3            
===============================================
... compute_energy_pt3_1:     419.2378116 s
... compute_energy_pt2:       1.2735276 s
... compute_energy_pt3_2:     361.3436322 s
... compute_energy_pt3_3:      94.6870160 s
-----------------------------------------------
        DSRG-MRPT3 reference relaxation        
-----------------------------------------------
Iter                          Energy              Delta E   
   -Eref  -2096.5413860       
   -Ecorr -0.8517475       
<Psi^(0)|Hbar^(0)|Psi^(0)>    -2097.3931335       -2.09739e+03
   -Erelax-0.0001344       
<Psi^(0)|Hbar^(1)|Psi^(0)>    -2097.3932678       -1.34356e-04
   -Eref  -2096.5412480       
   -Ecorr -0.8520737       
<Psi^(1)|Hbar^(1)|Psi^(1)>    -2097.3933217       -5.39081e-05
   -Erelax-0.0000001       
<Psi^(1)|Hbar^(2)|Psi^(1)>    -2097.3933218       -7.99159e-08
   -Eref  -2096.5412453       
   -Ecorr -0.8520764       
<Psi^(2)|Hbar^(2)|Psi^(2)>    -2097.3933218       7.41925e-08
   -Erelax-0.0000000       
<Psi^(2)|Hbar^(3)|Psi^(2)>    -2097.3933218       -4.11546e-10
   -Eref  -2096.5412451       
   -Ecorr -0.8520766       
<Psi^(3)|Hbar^(3)|Psi^(3)>    -2097.3933218       1.91949e-09
   -Erelax-0.0000000       
<Psi^(3)|Hbar^(4)|Psi^(3)>    -2097.3933218       -2.27374e-12
Unrelaxed DSRG-MRPT3 energy:             -2097.3931335 Eh
Unrelaxed DSRG-MRPT3 E_corr:                -0.8517475 Eh
Partially relaxed DSRG-MRPT3 energy:     -2097.3932678 Eh
Partially relaxed DSRG-MRPT3 E_corr:        -0.8518819 Eh
Relaxed DSRG-MRPT3 energy:               -2097.3933217 Eh
Relaxed DSRG-MRPT3 E_corr:                  -0.8520737 Eh
Fully relaxed DSRG-MRPT3 energy:         -2097.3933218 Eh
Fully relaxed DSRG-MRPT3 E_corr:            -0.8520766 Eh
State     Energy / Eh         Splitting / Eh      Splitting / cm-1    Splitting / meV     
0         -2.0973979e+03      +0.0000000e+00      +0.0000000e+00      +0.0000000e+00      
1         -2.0973953e+03      +2.6378263e-03      +5.7893595e+02      +7.1778943e+01      
2         -2.0973953e+03      +1.7143975e-10      +3.7626676e-05      +4.6651155e-06      
3         -2.0973953e+03      +1.5734258e-10      +3.4532705e-05      +4.2815118e-06      
4         -2.0973912e+03      +4.0528588e-03      +8.8949968e+02      +1.1028396e+02      
5         -2.0973912e+03      +2.1509550e-10      +4.7208005e-05      +5.8530494e-06      
6         -2.0973912e+03      +2.4738256e-10      +5.4294196e-05      +6.7316255e-06      
7         -2.0973912e+03      +2.4328983e-10      +5.3395946e-05      +6.6202567e-06      
8         -2.0973912e+03      +2.0872903e-10      +4.5810728e-05      +5.6798090e-06      
Time taken:                     4350.8585889 s
===============================================
===============================================
              PySCF DHF interface              
===============================================
Will now allocate 38.863 GB memory for the AO ERI tensor!

Timing report
....integral transformation:     979.3123643 s

===============================================
            Relativistic CASCI(5,8)            
===============================================
Will now allocate 0.050 MB memory for the CASCI Hamiltonian!
Time taken for 1-RDM build:        0.0057328 s
Time taken for 1-RDM build:        0.0057194 s
Time taken for 1-RDM build:        0.0057182 s
Time taken for 1-RDM build:        0.0057197 s
Time taken for 1-RDM build:        0.0057268 s
Time taken for 1-RDM build:        0.0057454 s
Time taken for 1-RDM build:        0.0057290 s
Time taken for 1-RDM build:        0.0057347 s
Time taken for 1-RDM build:        0.0057132 s
Time taken for 1-RDM build:        0.0057027 s
Time taken for 1-RDM build:        0.0057340 s
Time taken for 1-RDM build:        0.0057435 s
Time taken for 1-RDM build:        0.0057206 s
Time taken for 1-RDM build:        0.0057390 s
Time taken for 2-RDM build:        0.0256512 s
Time taken for 2-RDM build:        0.0255711 s
Time taken for 2-RDM build:        0.0255284 s
Time taken for 2-RDM build:        0.0255296 s
Time taken for 2-RDM build:        0.0254869 s
Time taken for 2-RDM build:        0.0255067 s
Time taken for 2-RDM build:        0.0255470 s
Time taken for 2-RDM build:        0.0254998 s
Time taken for 2-RDM build:        0.0255213 s
Time taken for 2-RDM build:        0.0254979 s
Time taken for 2-RDM build:        0.0255930 s
Time taken for 2-RDM build:        0.0255184 s
Time taken for 2-RDM build:        0.0256042 s
Time taken for 2-RDM build:        0.0256407 s
Time taken for 3-RDM build:        0.1506002 s
Time taken for 3-RDM build:        0.1492169 s
Time taken for 3-RDM build:        0.1490755 s
Time taken for 3-RDM build:        0.1488380 s
Time taken for 3-RDM build:        0.1488428 s
Time taken for 3-RDM build:        0.1490366 s
Time taken for 3-RDM build:        0.1490669 s
Time taken for 3-RDM build:        0.1489878 s
Time taken for 3-RDM build:        0.1491013 s
Time taken for 3-RDM build:        0.1490905 s
Time taken for 3-RDM build:        0.1492312 s
Time taken for 3-RDM build:        0.1490824 s
Time taken for 3-RDM build:        0.1491890 s
Time taken for 3-RDM build:        0.1490562 s
E_frzc:                        -2252.3726240 Eh
E_cas:                            -6.0718308 Eh
E_nuc:                             0.0000000 Eh
E_casci:                       -2258.3972569 Eh
E0 (from RDM):                 -2258.3972569 Eh
Ecorr:                            -0.0178409 Eh

Timing summary
... Hamil build:                    0.0228827 s
... Hamil diag:                     0.0005298 s
... RDM build:                     45.7685699 s
State     Energy / Eh         Splitting / Eh      Splitting / cm-1    Splitting / meV     
0         -2.2584445e+03      +0.0000000e+00      +0.0000000e+00      +0.0000000e+00      
1         -2.2584445e+03      +5.2432370e-10      +1.1507575e-04      +1.4267581e-05      
2         -2.2584445e+03      +5.2705218e-10      +1.1567458e-04      +1.4341827e-05      
3         -2.2584445e+03      +5.1386451e-10      +1.1278022e-04      +1.3982972e-05      
4         -2.2583793e+03      +6.5107933e-02      +1.4289540e+04      +1.7716780e+03      
5         -2.2583793e+03      +9.2859409e-10      +2.0380284e-04      +2.5268344e-05      
6         -2.2583793e+03      +1.1159500e-09      +2.4492271e-04      +3.0366561e-05      
7         -2.2583793e+03      +5.1250026e-10      +1.1248081e-04      +1.3945849e-05      
8         -2.2583777e+03      +1.6153755e-03      +3.5453394e+02      +4.3956628e+01      
9         -2.2583777e+03      +7.5033313e-10      +1.6467909e-04      +2.0417614e-05      
10        -2.2583777e+03      +4.8839865e-10      +1.0719111e-04      +1.3290011e-05      
11        -2.2583777e+03      +1.4611032e-09      +3.2067509e-04      +3.9758663e-05      
12        -2.2583777e+03      +1.6329977e-09      +3.5840157e-04      +4.4436153e-05      
13        -2.2583777e+03      +6.3982952e-10      +1.4042635e-04      +1.7410656e-05      
Total time taken:                  49.4488502 s
===============================================

===============================================
            Relativistic DSRG-MRPT3            
===============================================
... compute_energy_pt3_1:     410.9931643 s
... compute_energy_pt2:       1.2683110 s
... compute_energy_pt3_2:     366.1182206 s
... compute_energy_pt3_3:      96.0969985 s
-----------------------------------------------
        DSRG-MRPT3 reference relaxation        
-----------------------------------------------
Iter                          Energy              Delta E   
   -Eref  -2258.3972569       
   -Ecorr -0.8839261       
<Psi^(0)|Hbar^(0)|Psi^(0)>    -2259.2811829       -2.25928e+03
   -Erelax-0.0000231       
<Psi^(0)|Hbar^(1)|Psi^(0)>    -2259.2812060       -2.30802e-05
   -Eref  -2258.3972387       
   -Ecorr -0.8839707       
<Psi^(1)|Hbar^(1)|Psi^(1)>    -2259.2812095       -3.44823e-06
   -Erelax-0.0000000       
<Psi^(1)|Hbar^(2)|Psi^(1)>    -2259.2812095       -4.68754e-09
   -Eref  -2258.3972385       
   -Ecorr -0.8839710       
<Psi^(2)|Hbar^(2)|Psi^(2)>    -2259.2812095       3.45744e-09
   -Erelax-0.0000000       
<Psi^(2)|Hbar^(3)|Psi^(2)>    -2259.2812095       -3.18323e-12
Unrelaxed DSRG-MRPT3 energy:             -2259.2811829 Eh
Unrelaxed DSRG-MRPT3 E_corr:                -0.8839261 Eh
Partially relaxed DSRG-MRPT3 energy:     -2259.2812060 Eh
Partially relaxed DSRG-MRPT3 E_corr:        -0.8839491 Eh
Relaxed DSRG-MRPT3 energy:               -2259.2812095 Eh
Relaxed DSRG-MRPT3 E_corr:                  -0.8839707 Eh
Fully relaxed DSRG-MRPT3 energy:         -2259.2812095 Eh
Fully relaxed DSRG-MRPT3 E_corr:            -0.8839710 Eh
State     Energy / Eh         Splitting / Eh      Splitting / cm-1    Splitting / meV     
0         -2.2593189e+03      +0.0000000e+00      +0.0000000e+00      +0.0000000e+00      
1         -2.2593189e+03      +1.6098056e-10      +3.5331149e-05      +4.3805063e-06      
2         -2.2593189e+03      +1.6416379e-10      +3.6029788e-05      +4.4671265e-06      
3         -2.2593189e+03      +1.5961632e-10      +3.5031733e-05      +4.3433834e-06      
4         -2.2592670e+03      +5.1942003e-02      +1.1399952e+04      +1.4134146e+03      
5         -2.2592670e+03      +7.2304829e-11      +1.5869076e-05      +1.9675155e-06      
6         -2.2592670e+03      +1.1687007e-10      +2.5650015e-05      +3.1801981e-06      
7         -2.2592670e+03      +1.0459189e-10      +2.2955267e-05      +2.8460917e-06      
8         -2.2592656e+03      +1.4147264e-03      +3.1049654e+02      +3.8496683e+01      
9         -2.2592656e+03      +1.1732482e-10      +2.5749821e-05      +3.1925724e-06      
10        -2.2592656e+03      +2.3646862e-11      +5.1898863e-06      +6.4346420e-07      
11        -2.2592656e+03      +1.7189450e-10      +3.7726481e-05      +4.6774898e-06      
12        -2.2592656e+03      +1.4460966e-10      +3.1738151e-05      +3.9350311e-06      
13        -2.2592656e+03      +7.0485839e-11      +1.5469854e-05      +1.9180183e-06      
Time taken:                     3298.1928961 s
===============================================
===============================================
              PySCF DHF interface              
===============================================
Will now allocate 38.863 GB memory for the AO ERI tensor!

Timing report
....integral transformation:    1015.0808933 s

===============================================
            Relativistic CASCI(6,8)            
===============================================
Will now allocate 0.013 MB memory for the CASCI Hamiltonian!
Time taken for 1-RDM build:        0.0022407 s
Time taken for 1-RDM build:        0.0021925 s
Time taken for 1-RDM build:        0.0021904 s
Time taken for 1-RDM build:        0.0022078 s
Time taken for 1-RDM build:        0.0022085 s
Time taken for 1-RDM build:        0.0022025 s
Time taken for 1-RDM build:        0.0022063 s
Time taken for 1-RDM build:        0.0021939 s
Time taken for 1-RDM build:        0.0022078 s
Time taken for 2-RDM build:        0.0087016 s
Time taken for 2-RDM build:        0.0086315 s
Time taken for 2-RDM build:        0.0086124 s
Time taken for 2-RDM build:        0.0086191 s
Time taken for 2-RDM build:        0.0086181 s
Time taken for 2-RDM build:        0.0086536 s
Time taken for 2-RDM build:        0.0086961 s
Time taken for 2-RDM build:        0.0086584 s
Time taken for 2-RDM build:        0.0086679 s
Time taken for 3-RDM build:        0.0680649 s
Time taken for 3-RDM build:        0.0684569 s
Time taken for 3-RDM build:        0.0663908 s
Time taken for 3-RDM build:        0.0663862 s
Time taken for 3-RDM build:        0.0664670 s
Time taken for 3-RDM build:        0.0664566 s
Time taken for 3-RDM build:        0.0664551 s
Time taken for 3-RDM build:        0.0663376 s
Time taken for 3-RDM build:        0.0664606 s
E_frzc:                        -2418.2608262 Eh
E_cas:                            -9.1774708 Eh
E_nuc:                             0.0000000 Eh
E_casci:                       -2427.4340589 Eh
E0 (from RDM):                 -2427.4340589 Eh
Ecorr:                            -0.1372548 Eh

Timing summary
... Hamil build:                    0.0143852 s
... Hamil diag:                     0.0015225 s
... RDM build:                     44.8265436 s
State     Energy / Eh         Splitting / Eh      Splitting / cm-1    Splitting / meV     
0         -2.4274383e+03      +0.0000000e+00      +0.0000000e+00      +0.0000000e+00      
1         -2.4274383e+03      +1.9413164e-09      +4.2606971e-04      +5.2825936e-05      
2         -2.4274383e+03      +8.9721652e-10      +1.9691626e-04      +2.4414517e-05      
3         -2.4274383e+03      +1.1737029e-09      +2.5759801e-04      +3.1938098e-05      
4         -2.4274383e+03      +1.8349056e-09      +4.0271522e-04      +4.9930347e-05      
5         -2.4274294e+03      +8.8831576e-03      +1.9496277e+03      +2.4172315e+02      
6         -2.4274294e+03      +4.1914063e-09      +9.1990735e-04      +1.1405403e-04      
7         -2.4274294e+03      +4.1027306e-09      +9.0044528e-04      +1.1164104e-04      
8         -2.4274268e+03      +2.6102260e-03      +5.7287839e+02      +7.1027902e+01      
Total time taken:                  48.5117490 s
===============================================

===============================================
            Relativistic DSRG-MRPT3            
===============================================
... compute_energy_pt3_1:     417.5907674 s
... compute_energy_pt2:       1.1573834 s
... compute_energy_pt3_2:     364.6840944 s
... compute_energy_pt3_3:      94.8807902 s
-----------------------------------------------
        DSRG-MRPT3 reference relaxation        
-----------------------------------------------
Iter                          Energy              Delta E   
   -Eref  -2427.4340589       
   -Ecorr -0.9097415       
<Psi^(0)|Hbar^(0)|Psi^(0)>    -2428.3438004       -2.42834e+03
   -Erelax-0.0000066       
<Psi^(0)|Hbar^(1)|Psi^(0)>    -2428.3438070       -6.57903e-06
   -Eref  -2427.4340517       
   -Ecorr -0.9097594       
<Psi^(1)|Hbar^(1)|Psi^(1)>    -2428.3438111       -4.09230e-06
   -Erelax-0.0000000       
<Psi^(1)|Hbar^(2)|Psi^(1)>    -2428.3438111       -2.13004e-09
   -Eref  -2427.4340518       
   -Ecorr -0.9097591       
<Psi^(2)|Hbar^(2)|Psi^(2)>    -2428.3438109       1.63691e-07
   -Erelax-0.0000000       
<Psi^(2)|Hbar^(3)|Psi^(2)>    -2428.3438109       -5.00222e-12
   -Eref  -2427.4340518       
   -Ecorr -0.9097591       
<Psi^(3)|Hbar^(3)|Psi^(3)>    -2428.3438109       -7.86304e-09
   -Erelax-0.0000000       
<Psi^(3)|Hbar^(4)|Psi^(3)>    -2428.3438109       0.00000e+00
Unrelaxed DSRG-MRPT3 energy:             -2428.3438004 Eh
Unrelaxed DSRG-MRPT3 E_corr:                -0.9097415 Eh
Partially relaxed DSRG-MRPT3 energy:     -2428.3438070 Eh
Partially relaxed DSRG-MRPT3 E_corr:        -0.9097481 Eh
Relaxed DSRG-MRPT3 energy:               -2428.3438111 Eh
Relaxed DSRG-MRPT3 E_corr:                  -0.9097594 Eh
Fully relaxed DSRG-MRPT3 energy:         -2428.3438109 Eh
Fully relaxed DSRG-MRPT3 E_corr:            -0.9097591 Eh
State     Energy / Eh         Splitting / Eh      Splitting / cm-1    Splitting / meV     
0         -2.4283478e+03      +0.0000000e+00      +0.0000000e+00      +0.0000000e+00      
1         -2.4283478e+03      +3.8971848e-10      +8.5533319e-05      +1.0604785e-05      
2         -2.4283478e+03      +4.0972736e-10      +8.9924761e-05      +1.1149255e-05      
3         -2.4283478e+03      +4.1154635e-10      +9.0323983e-05      +1.1198752e-05      
4         -2.4283478e+03      +3.8198777e-10      +8.3836626e-05      +1.0394422e-05      
5         -2.4283394e+03      +8.3826302e-03      +1.8397747e+03      +2.2810310e+02      
6         -2.4283394e+03      +5.5297278e-10      +1.2136350e-04      +1.5047163e-05      
7         -2.4283394e+03      +5.0522431e-10      +1.1088392e-04      +1.3747860e-05      
8         -2.4283369e+03      +2.5825616e-03      +5.6680675e+02      +7.0275114e+01      
Time taken:                     4448.2163620 s
===============================================
===============================================
              PySCF DHF interface              
===============================================
Will now allocate 38.863 GB memory for the AO ERI tensor!

Timing report
....integral transformation:    1020.2659454 s

===============================================
            Relativistic CASCI(7,8)            
===============================================
Will now allocate 0.001 MB memory for the CASCI Hamiltonian!
Time taken for 1-RDM build:        0.0003827 s
Time taken for 1-RDM build:        0.0003686 s
Time taken for 1-RDM build:        0.0003660 s
Time taken for 1-RDM build:        0.0003633 s
Time taken for 1-RDM build:        0.0003626 s
Time taken for 1-RDM build:        0.0003633 s
Time taken for 2-RDM build:        0.0010867 s
Time taken for 2-RDM build:        0.0010056 s
Time taken for 2-RDM build:        0.0009997 s
Time taken for 2-RDM build:        0.0010006 s
Time taken for 2-RDM build:        0.0010021 s
Time taken for 2-RDM build:        0.0010026 s
Time taken for 3-RDM build:        0.0139086 s
Time taken for 3-RDM build:        0.0124474 s
Time taken for 3-RDM build:        0.0124087 s
Time taken for 3-RDM build:        0.0123773 s
Time taken for 3-RDM build:        0.0123994 s
Time taken for 3-RDM build:        0.0123754 s
E_frzc:                        -2590.5378304 Eh
E_cas:                           -13.1880855 Eh
E_nuc:                             0.0000000 Eh
E_casci:                       -2603.7203212 Eh
E0 (from RDM):                 -2603.7203212 Eh
Ecorr:                            -0.0318830 Eh

Timing summary
... Hamil build:                    0.0039079 s
... Hamil diag:                     0.0001132 s
... RDM build:                     42.2612212 s
State     Energy / Eh         Splitting / Eh      Splitting / cm-1    Splitting / meV     
0         -2.6037259e+03      +0.0000000e+00      +0.0000000e+00      +0.0000000e+00      
1         -2.6037259e+03      +9.2413757e-09      +2.0282475e-03      +2.5147076e-04      
2         -2.6037259e+03      +1.8784249e-08      +4.1226661e-03      +5.1114569e-04      
3         -2.6037259e+03      +9.8884811e-09      +2.1702707e-03      +2.6907941e-04      
4         -2.6037091e+03      +1.6783801e-02      +3.6836186e+03      +4.5671072e+02      
5         -2.6037091e+03      +7.4087438e-09      +1.6260313e-03      +2.0160228e-04      
Total time taken:                  45.9340298 s
===============================================

===============================================
            Relativistic DSRG-MRPT3            
===============================================
... compute_energy_pt3_1:     415.0084143 s
... compute_energy_pt2:       1.1621339 s
... compute_energy_pt3_2:     341.2832081 s
... compute_energy_pt3_3:      90.3303459 s
-----------------------------------------------
        DSRG-MRPT3 reference relaxation        
-----------------------------------------------
Iter                          Energy              Delta E   
   -Eref  -2603.7203212       
   -Ecorr -0.9428136       
<Psi^(0)|Hbar^(0)|Psi^(0)>    -2604.6631348       -2.60466e+03
   -Erelax0.0000000       
<Psi^(0)|Hbar^(1)|Psi^(0)>    -2604.6631348       0.00000e+00
   -Eref  -2603.7203212       
   -Ecorr -0.9428136       
<Psi^(1)|Hbar^(1)|Psi^(1)>    -2604.6631348       4.54747e-13
   -Erelax0.0000000       
<Psi^(1)|Hbar^(2)|Psi^(1)>    -2604.6631348       0.00000e+00
Unrelaxed DSRG-MRPT3 energy:             -2604.6631348 Eh
Unrelaxed DSRG-MRPT3 E_corr:                -0.9428136 Eh
Partially relaxed DSRG-MRPT3 energy:     -2604.6631348 Eh
Partially relaxed DSRG-MRPT3 E_corr:        -0.9428136 Eh
Relaxed DSRG-MRPT3 energy:               -2604.6631348 Eh
Relaxed DSRG-MRPT3 E_corr:                  -0.9428136 Eh
Fully relaxed DSRG-MRPT3 energy:         -2604.6631348 Eh
Fully relaxed DSRG-MRPT3 E_corr:            -0.9428136 Eh
State     Energy / Eh         Splitting / Eh      Splitting / cm-1    Splitting / meV     
0         -2.6046686e+03      +0.0000000e+00      +0.0000000e+00      +0.0000000e+00      
1         -2.6046686e+03      +1.4697434e-09      +3.2257140e-04      +3.9993775e-05      
2         -2.6046686e+03      +1.9272193e-09      +4.2297574e-04      +5.2442333e-05      
3         -2.6046686e+03      +1.6793820e-09      +3.6858174e-04      +4.5698333e-05      
4         -2.6046522e+03      +1.6455377e-02      +3.6115378e+03      +4.4777383e+02      
5         -2.6046522e+03      +1.5543264e-09      +3.4113522e-04      +4.2295397e-05      
Time taken:                     2104.8036771 s
===============================================
